OS                           : Linux-5.14.21-150400.24.69_12.0.74-cray_shasta_c-x86_64-with-glibc2.31
Python Version               : 3.9.15
CuPy Version                 : 12.1.0
CuPy Platform                : NVIDIA CUDA
NumPy Version                : 1.23.5
SciPy Version                : 1.9.3
Cython Build Version         : 0.29.32
Cython Runtime Version       : None
CUDA Root                    : /opt/nvidia/hpc_sdk/Linux_x86_64/22.7/cuda/11.7
nvcc PATH                    : /opt/nvidia/hpc_sdk/Linux_x86_64/22.7/cuda/11.7/bin/nvcc
CUDA Build Version           : 11080
CUDA Driver Version          : 12000
CUDA Runtime Version         : 11070
cuBLAS Version               : (available)
cuFFT Version                : 10702
cuRAND Version               : 10210
cuSOLVER Version             : (11, 3, 5)
cuSPARSE Version             : (available)
NVRTC Version                : (11, 7)
Thrust Version               : 101501
CUB Build Version            : 101501
Jitify Build Version         : 4a37de0
cuDNN Build Version          : 8801
cuDNN Version                : 8302
NCCL Build Version           : 21602
NCCL Runtime Version         : 21505
cuTENSOR Version             : 10500
cuSPARSELt Build Version     : None
Device 0 Name                : NVIDIA A100-PCIE-40GB
Device 0 Compute Capability  : 80
Device 0 PCI Bus ID          : 0000:C3:00.0
None
Sizes of ptrain and pdot:
[(79920, 14, 14), (79920, 14, 14)]
len(theta) = 38416
len(jac) = 15664320
 
LSMR            Least-squares solution of  Ax = b

The matrix A has 31328640 rows and 38416 columns
damp = 0.00000000000000e+00

atol = 1.00e-08                 conlim = 1.00e+08

btol = 1.00e-08             maxiter =    20000

 
   itn      x(1)       norm r    norm Ar  compatible   LS      norm A   cond A
     0  0.00000e+00  4.072e+03  1.097e+06   1.0e+00  6.6e-02
     1  3.28376e-01  2.666e+03  1.945e+05   6.5e-01  2.0e-01  3.6e+02  1.0e+00
     2  3.96152e-01  2.606e+03  7.172e+04   6.4e-01  5.5e-02  5.0e+02  1.0e+00
     3  3.75526e-01  2.593e+03  4.690e+04   6.4e-01  3.0e-02  5.9e+02  1.4e+00
     4  2.85237e-01  2.574e+03  3.032e+04   6.3e-01  1.8e-02  6.6e+02  2.5e+00
     5  2.33468e-01  2.568e+03  1.273e+04   6.3e-01  6.5e-03  7.7e+02  1.9e+00
     6  2.28407e-01  2.568e+03  1.182e+04   6.3e-01  5.8e-03  7.9e+02  3.2e+00
     7  2.03979e-01  2.565e+03  9.160e+03   6.3e-01  4.0e-03  8.8e+02  3.6e+00
     8  1.97100e-01  2.564e+03  8.175e+03   6.3e-01  3.4e-03  9.3e+02  2.3e+00
     9  1.90707e-01  2.563e+03  7.443e+03   6.3e-01  2.9e-03  9.9e+02  5.3e+00
    10  1.68237e-01  2.560e+03  5.128e+03   6.3e-01  1.9e-03  1.1e+03  2.4e+00
    20  1.17222e-01  2.555e+03  1.725e+03   6.3e-01  4.5e-04  1.5e+03  8.4e+00
    30  4.59955e-02  2.554e+03  9.619e+02   6.3e-01  2.0e-04  1.8e+03  7.6e+00
    40  2.88898e-02  2.553e+03  7.099e+02   6.3e-01  1.3e-04  2.1e+03  4.4e+00
    50  3.69108e-02  2.552e+03  4.168e+02   6.3e-01  6.8e-05  2.4e+03  4.1e+00
    60  3.81696e-02  2.552e+03  3.088e+02   6.3e-01  4.6e-05  2.6e+03  1.6e+01
    70  5.14723e-02  2.552e+03  2.413e+02   6.3e-01  3.3e-05  2.8e+03  1.7e+01
    80  6.63910e-02  2.552e+03  1.816e+02   6.3e-01  2.4e-05  3.0e+03  9.4e+00
    90  6.70576e-02  2.552e+03  1.364e+02   6.3e-01  1.7e-05  3.2e+03  1.3e+01
   100  6.49232e-02  2.552e+03  1.083e+02   6.3e-01  1.3e-05  3.4e+03  1.7e+01
   110  6.48738e-02  2.552e+03  8.752e+01   6.3e-01  9.7e-06  3.5e+03  1.6e+01
 
   itn      x(1)       norm r    norm Ar  compatible   LS      norm A   cond A
   120  7.21912e-02  2.552e+03  6.914e+01   6.3e-01  7.4e-06  3.7e+03  1.3e+01
   130  8.00614e-02  2.552e+03  5.466e+01   6.3e-01  5.6e-06  3.8e+03  1.8e+01
   140  8.38403e-02  2.551e+03  4.568e+01   6.3e-01  4.5e-06  4.0e+03  1.3e+01
   150  8.58597e-02  2.551e+03  3.719e+01   6.3e-01  3.5e-06  4.1e+03  5.4e+00
   160  8.65303e-02  2.551e+03  2.894e+01   6.3e-01  2.7e-06  4.2e+03  1.4e+01
   170  8.70802e-02  2.551e+03  2.452e+01   6.3e-01  2.2e-06  4.4e+03  1.5e+01
   180  8.79296e-02  2.551e+03  1.924e+01   6.3e-01  1.7e-06  4.5e+03  1.4e+01
   190  8.82156e-02  2.551e+03  1.566e+01   6.3e-01  1.3e-06  4.6e+03  1.8e+01
   200  8.83330e-02  2.551e+03  1.336e+01   6.3e-01  1.1e-06  4.7e+03  1.6e+01
   210  8.75277e-02  2.551e+03  9.930e+00   6.3e-01  8.0e-07  4.8e+03  1.0e+01
   220  8.71309e-02  2.551e+03  8.022e+00   6.3e-01  6.4e-07  4.9e+03  1.6e+01
   230  8.69595e-02  2.551e+03  6.828e+00   6.3e-01  5.3e-07  5.1e+03  6.8e+00
   240  8.67248e-02  2.551e+03  5.089e+00   6.3e-01  3.9e-07  5.2e+03  1.7e+01
   250  8.66764e-02  2.551e+03  4.190e+00   6.3e-01  3.1e-07  5.3e+03  2.0e+01
   260  8.66153e-02  2.551e+03  3.493e+00   6.3e-01  2.5e-07  5.4e+03  1.7e+01
   270  8.65145e-02  2.551e+03  2.681e+00   6.3e-01  1.9e-07  5.5e+03  1.4e+01
   280  8.64900e-02  2.551e+03  2.190e+00   6.3e-01  1.5e-07  5.6e+03  1.7e+01
   290  8.65716e-02  2.551e+03  1.716e+00   6.3e-01  1.2e-07  5.7e+03  1.6e+01
   300  8.66648e-02  2.551e+03  1.366e+00   6.3e-01  9.3e-08  5.8e+03  2.0e+01
   310  8.67061e-02  2.551e+03  1.129e+00   6.3e-01  7.6e-08  5.9e+03  1.5e+01
 
   itn      x(1)       norm r    norm Ar  compatible   LS      norm A   cond A
   320  8.67707e-02  2.551e+03  8.938e-01   6.3e-01  5.9e-08  6.0e+03  6.6e+00
   330  8.68166e-02  2.551e+03  7.682e-01   6.3e-01  5.0e-08  6.0e+03  8.2e+00
   340  8.68406e-02  2.551e+03  6.422e-01   6.3e-01  4.1e-08  6.1e+03  6.0e+00
   350  8.68606e-02  2.551e+03  5.231e-01   6.3e-01  3.3e-08  6.2e+03  1.4e+01
   360  8.68729e-02  2.551e+03  4.519e-01   6.3e-01  2.8e-08  6.3e+03  1.4e+01
   370  8.68805e-02  2.551e+03  3.723e-01   6.3e-01  2.3e-08  6.4e+03  7.9e+00
   380  8.68841e-02  2.551e+03  3.173e-01   6.3e-01  1.9e-08  6.5e+03  1.6e+01
   390  8.68771e-02  2.551e+03  2.843e-01   6.3e-01  1.7e-08  6.6e+03  2.0e+01
   400  8.68658e-02  2.551e+03  2.355e-01   6.3e-01  1.4e-08  6.7e+03  1.7e+01
   410  8.68596e-02  2.551e+03  2.115e-01   6.3e-01  1.2e-08  6.7e+03  3.1e+01
   420  8.68536e-02  2.551e+03  1.894e-01   6.3e-01  1.1e-08  6.8e+03  2.1e+01
   421  8.68528e-02  2.551e+03  1.864e-01   6.3e-01  1.1e-08  6.8e+03  7.4e+00
   422  8.68519e-02  2.551e+03  1.831e-01   6.3e-01  1.1e-08  6.8e+03  2.4e+01
   423  8.68510e-02  2.551e+03  1.796e-01   6.3e-01  1.0e-08  6.8e+03  7.0e+00
   424  8.68509e-02  2.551e+03  1.791e-01   6.3e-01  1.0e-08  6.8e+03  1.9e+01
   425  8.68496e-02  2.551e+03  1.741e-01   6.3e-01  1.0e-08  6.9e+03  1.6e+01
 
LSMR finished
The least-squares solution is good enough, given atol     
istop =       2    normr = 2.6e+03
    normA = 6.9e+03    normAr = 1.7e-01
itn   =     425    condA = 1.6e+01
    normx = 2.6e+01
   425  8.68496e-02   2.551e+03  1.741e-01
   6.3e-01  1.0e-08   6.9e+03  1.6e+01
loss = 6509996.49410712
