OS                           : Linux-5.14.21-150400.24.81_12.0.87-cray_shasta_c-x86_64-with-glibc2.31
Python Version               : 3.9.19
CuPy Version                 : 13.0.0
CuPy Platform                : NVIDIA CUDA
NumPy Version                : 1.26.4
SciPy Version                : 1.13.0
Cython Build Version         : 0.29.36
Cython Runtime Version       : None
CUDA Root                    : /opt/nvidia/hpc_sdk/Linux_x86_64/23.9/cuda/12.2
nvcc PATH                    : /opt/nvidia/hpc_sdk/Linux_x86_64/23.9/cuda/12.2/bin/nvcc
CUDA Build Version           : 12020
CUDA Driver Version          : 12020
CUDA Runtime Version         : 12020 (linked to CuPy) / 12020 (locally installed)
cuBLAS Version               : (available)
cuFFT Version                : 11008
cuRAND Version               : 10303
cuSOLVER Version             : (11, 5, 0)
cuSPARSE Version             : (available)
NVRTC Version                : (12, 2)
Thrust Version               : 200200
CUB Build Version            : 200200
Jitify Build Version         : <unknown>
cuDNN Build Version          : 8801
cuDNN Version                : 8903
NCCL Build Version           : None
NCCL Runtime Version         : None
cuTENSOR Version             : None
cuSPARSELt Build Version     : None
Device 0 Name                : NVIDIA A100-SXM4-40GB
Device 0 Compute Capability  : 80
Device 0 PCI Bus ID          : 0000:C1:00.0
None
Sizes of ptrain and pdot:
[(80000, 14, 14), (80000, 14, 14)]
len(theta) = 38416
len(jac) = 15680000
 
LSMR            Least-squares solution of  Ax = b

The matrix A has 31360000 rows and 38416 columns
damp = 0.00000000000000e+00

atol = 1.00e-16                 conlim = 1.00e+08

btol = 1.00e-16             maxiter =   100000

 
   itn      x(1)       norm r    norm Ar  compatible   LS      norm A   cond A
     0  0.00000e+00  1.116e+03  5.418e+05   1.0e+00  4.4e-01
     1 -1.20674e-02  5.748e+02  1.647e+05   5.2e-01  5.1e-01  5.6e+02  1.0e+00
     2 -3.50784e-02  1.505e+02  2.939e+04   1.3e-01  2.9e-01  6.7e+02  2.0e+00
     3 -3.92246e-02  1.351e+02  1.805e+04   1.2e-01  1.7e-01  8.0e+02  1.9e+00
     4 -5.00619e-02  1.164e+02  7.296e+03   1.0e-01  6.7e-02  9.4e+02  2.1e+00
     5 -5.22265e-02  1.112e+02  6.197e+03   1.0e-01  5.8e-02  9.6e+02  3.9e+00
     6 -5.57262e-02  1.045e+02  4.404e+03   9.4e-02  3.9e-02  1.1e+03  2.4e+00
     7 -5.85616e-02  1.009e+02  2.448e+03   9.0e-02  2.1e-02  1.2e+03  2.4e+00
     8 -5.87890e-02  1.005e+02  2.288e+03   9.0e-02  1.9e-02  1.2e+03  3.8e+00
     9 -5.90600e-02  9.985e+01  2.153e+03   8.9e-02  1.6e-02  1.3e+03  5.0e+00
    10 -5.95116e-02  9.821e+01  2.087e+03   8.8e-02  1.6e-02  1.4e+03  1.3e+01
    20 -7.93462e-02  5.522e+01  1.024e+03   4.9e-02  9.8e-03  1.9e+03  7.1e+00
    30 -7.26340e-02  3.295e+01  4.871e+02   3.0e-02  6.4e-03  2.3e+03  5.3e+00
    40 -7.81746e-02  1.998e+01  2.722e+02   1.8e-02  5.1e-03  2.7e+03  1.3e+01
    50 -7.88156e-02  1.333e+01  1.755e+02   1.2e-02  4.4e-03  3.0e+03  1.7e+01
    60 -8.20951e-02  8.611e+00  1.090e+02   7.7e-03  3.9e-03  3.3e+03  1.8e+01
    70 -7.96082e-02  5.401e+00  6.242e+01   4.8e-03  3.3e-03  3.5e+03  1.1e+01
    80 -7.94643e-02  3.642e+00  3.471e+01   3.3e-03  2.5e-03  3.8e+03  7.9e+00
    90 -7.93285e-02  3.007e+00  2.067e+01   2.7e-03  1.7e-03  4.0e+03  7.9e+00
   100 -7.78346e-02  2.701e+00  1.162e+01   2.4e-03  1.0e-03  4.2e+03  8.0e+00
   110 -7.70413e-02  2.597e+00  7.927e+00   2.3e-03  7.0e-04  4.4e+03  1.2e+01
 
   itn      x(1)       norm r    norm Ar  compatible   LS      norm A   cond A
   120 -7.60107e-02  2.536e+00  5.810e+00   2.3e-03  5.0e-04  4.5e+03  2.7e+01
   130 -7.47211e-02  2.491e+00  4.914e+00   2.2e-03  4.2e-04  4.7e+03  1.1e+01
   140 -7.35568e-02  2.455e+00  4.615e+00   2.2e-03  3.8e-04  4.9e+03  1.8e+01
   150 -7.23313e-02  2.421e+00  4.503e+00   2.2e-03  3.7e-04  5.1e+03  3.3e+01
   160 -7.01033e-02  2.359e+00  4.397e+00   2.1e-03  3.6e-04  5.2e+03  2.9e+01
   170 -6.56441e-02  2.233e+00  4.248e+00   2.0e-03  3.5e-04  5.4e+03  3.2e+01
   180 -5.47561e-02  1.927e+00  3.916e+00   1.7e-03  3.7e-04  5.5e+03  3.3e+01
   190 -3.30760e-02  1.319e+00  3.201e+00   1.2e-03  4.3e-04  5.7e+03  1.3e+01
   200 -1.01246e-02  6.854e-01  2.232e+00   6.1e-04  5.6e-04  5.8e+03  1.7e+01
   210  3.07091e-03  3.486e-01  1.415e+00   3.1e-04  6.8e-04  6.0e+03  1.4e+01
   220  8.89559e-03  2.385e-01  8.463e-01   2.1e-04  5.8e-04  6.1e+03  1.5e+01
   230  1.04957e-02  2.187e-01  6.049e-01   2.0e-04  4.4e-04  6.2e+03  2.2e+01
   240  1.12294e-02  2.109e-01  4.560e-01   1.9e-04  3.4e-04  6.4e+03  1.9e+01
   250  1.14887e-02  2.068e-01  3.953e-01   1.9e-04  2.9e-04  6.5e+03  6.3e+01
   260  1.15926e-02  2.036e-01  3.740e-01   1.8e-04  2.8e-04  6.6e+03  3.3e+01
   270  1.16871e-02  1.990e-01  3.624e-01   1.8e-04  2.7e-04  6.8e+03  2.0e+01
   280  1.18248e-02  1.916e-01  3.526e-01   1.7e-04  2.7e-04  6.9e+03  3.4e+01
   290  1.21856e-02  1.716e-01  3.311e-01   1.5e-04  2.7e-04  7.0e+03  2.8e+01
   300  1.31544e-02  1.188e-01  2.724e-01   1.1e-04  3.2e-04  7.1e+03  1.4e+01
   310  1.45461e-02  4.436e-02  1.596e-01   4.0e-05  5.0e-04  7.3e+03  1.5e+01
 
   itn      x(1)       norm r    norm Ar  compatible   LS      norm A   cond A
   320  1.49897e-02  2.283e-02  1.018e-01   2.0e-05  6.1e-04  7.4e+03  1.5e+01
   330  1.52103e-02  1.490e-02  5.408e-02   1.3e-05  4.9e-04  7.5e+03  1.5e+01
   340  1.52626e-02  1.376e-02  3.447e-02   1.2e-05  3.3e-04  7.6e+03  1.5e+01
   350  1.52733e-02  1.350e-02  2.863e-02   1.2e-05  2.8e-04  7.7e+03  1.5e+01
   360  1.52780e-02  1.331e-02  2.555e-02   1.2e-05  2.5e-04  7.8e+03  5.0e+01
   370  1.52788e-02  1.314e-02  2.426e-02   1.2e-05  2.3e-04  7.9e+03  6.7e+01
   380  1.52782e-02  1.290e-02  2.353e-02   1.2e-05  2.3e-04  8.0e+03  5.5e+01
   390  1.52760e-02  1.254e-02  2.297e-02   1.1e-05  2.3e-04  8.1e+03  5.8e+01
   400  1.52715e-02  1.190e-02  2.223e-02   1.1e-05  2.3e-04  8.2e+03  3.0e+01
   410  1.52588e-02  1.017e-02  2.040e-02   9.1e-06  2.4e-04  8.3e+03  1.5e+01
   420  1.52321e-02  6.640e-03  1.629e-02   6.0e-06  2.9e-04  8.4e+03  2.2e+01
   430  1.52012e-02  2.641e-03  9.784e-03   2.4e-06  4.3e-04  8.5e+03  1.5e+01
   440  1.51905e-02  1.395e-03  6.163e-03   1.3e-06  5.1e-04  8.6e+03  1.5e+01
   450  1.51857e-02  9.904e-04  3.455e-03   8.9e-07  4.0e-04  8.7e+03  1.5e+01
   460  1.51846e-02  9.266e-04  2.356e-03   8.3e-07  2.9e-04  8.8e+03  1.7e+01
   470  1.51842e-02  9.040e-04  1.871e-03   8.1e-07  2.3e-04  8.9e+03  2.6e+01
   480  1.51841e-02  8.908e-04  1.685e-03   8.0e-07  2.1e-04  9.0e+03  4.3e+01
   490  1.51841e-02  8.775e-04  1.611e-03   7.9e-07  2.0e-04  9.1e+03  2.2e+01
   500  1.51841e-02  8.617e-04  1.573e-03   7.7e-07  2.0e-04  9.2e+03  3.8e+01
   510  1.51841e-02  8.269e-04  1.526e-03   7.4e-07  2.0e-04  9.3e+03  3.0e+01
 
   itn      x(1)       norm r    norm Ar  compatible   LS      norm A   cond A
   520  1.51840e-02  7.752e-04  1.469e-03   6.9e-07  2.0e-04  9.4e+03  2.8e+01
   530  1.51840e-02  6.540e-04  1.341e-03   5.9e-07  2.2e-04  9.5e+03  1.5e+01
   540  1.51840e-02  4.178e-04  1.059e-03   3.7e-07  2.7e-04  9.6e+03  2.9e+01
   550  1.51839e-02  1.895e-04  6.892e-04   1.7e-07  3.8e-04  9.6e+03  1.5e+01
   560  1.51839e-02  9.096e-05  4.249e-04   8.2e-08  4.8e-04  9.7e+03  1.9e+01
   570  1.51839e-02  5.638e-05  2.075e-04   5.1e-08  3.7e-04  9.8e+03  1.5e+01
   580  1.51839e-02  5.257e-05  1.344e-04   4.7e-08  2.6e-04  9.9e+03  1.5e+01
   590  1.51839e-02  5.125e-05  1.049e-04   4.6e-08  2.0e-04  1.0e+04  1.5e+01
   600  1.51839e-02  5.042e-05  9.518e-05   4.5e-08  1.9e-04  1.0e+04  3.1e+01
   610  1.51839e-02  4.949e-05  9.123e-05   4.4e-08  1.8e-04  1.0e+04  8.0e+01
   620  1.51840e-02  4.813e-05  8.890e-05   4.3e-08  1.8e-04  1.0e+04  2.7e+01
   630  1.51841e-02  4.519e-05  8.549e-05   4.1e-08  1.8e-04  1.0e+04  3.3e+01
   640  1.51843e-02  3.801e-05  7.778e-05   3.4e-08  2.0e-04  1.0e+04  3.1e+01
   650  1.51846e-02  2.510e-05  6.241e-05   2.2e-08  2.4e-04  1.0e+04  1.7e+01
   660  1.51850e-02  1.196e-05  4.137e-05   1.1e-08  3.3e-04  1.1e+04  1.7e+01
   670  1.51852e-02  5.855e-06  2.465e-05   5.2e-09  4.0e-04  1.1e+04  1.5e+01
   680  1.51853e-02  4.274e-06  1.399e-05   3.8e-09  3.1e-04  1.1e+04  1.5e+01
   690  1.51853e-02  4.008e-06  9.377e-06   3.6e-09  2.2e-04  1.1e+04  1.6e+01
   700  1.51853e-02  3.926e-06  7.743e-06   3.5e-09  1.8e-04  1.1e+04  2.7e+01
   710  1.51853e-02  3.863e-06  7.110e-06   3.5e-09  1.7e-04  1.1e+04  1.5e+01
 
   itn      x(1)       norm r    norm Ar  compatible   LS      norm A   cond A
   720  1.51853e-02  3.807e-06  6.896e-06   3.4e-09  1.6e-04  1.1e+04  6.4e+01
   730  1.51853e-02  3.710e-06  6.721e-06   3.3e-09  1.6e-04  1.1e+04  8.5e+01
   740  1.51853e-02  3.489e-06  6.464e-06   3.1e-09  1.7e-04  1.1e+04  4.7e+01
   750  1.51853e-02  3.042e-06  5.995e-06   2.7e-09  1.8e-04  1.1e+04  3.2e+01
   760  1.51853e-02  1.872e-06  4.635e-06   1.7e-09  2.2e-04  1.1e+04  1.5e+01
   770  1.51853e-02  1.014e-06  3.315e-06   9.1e-10  2.9e-04  1.1e+04  1.5e+01
   780  1.51853e-02  5.195e-07  2.142e-06   4.7e-10  3.6e-04  1.1e+04  1.5e+01
   790  1.51853e-02  3.522e-07  1.366e-06   3.2e-10  3.4e-04  1.2e+04  1.5e+01
   800  1.51853e-02  3.054e-07  8.164e-07   2.7e-10  2.3e-04  1.2e+04  1.6e+01
   810  1.51853e-02  2.951e-07  5.627e-07   2.6e-10  1.6e-04  1.2e+04  1.5e+01
   820  1.51853e-02  2.918e-07  4.942e-07   2.6e-10  1.4e-04  1.2e+04  2.6e+01
   830  1.51853e-02  2.882e-07  4.580e-07   2.6e-10  1.3e-04  1.2e+04  3.7e+01
   840  1.51853e-02  2.847e-07  4.456e-07   2.6e-10  1.3e-04  1.2e+04  4.8e+01
   850  1.51853e-02  2.793e-07  4.351e-07   2.5e-10  1.3e-04  1.2e+04  5.1e+01
   860  1.51853e-02  2.648e-07  4.154e-07   2.4e-10  1.3e-04  1.2e+04  2.3e+01
   870  1.51853e-02  2.375e-07  3.789e-07   2.1e-10  1.3e-04  1.2e+04  1.8e+01
   880  1.51853e-02  1.879e-07  2.931e-07   1.7e-10  1.3e-04  1.2e+04  1.5e+01
   890  1.51853e-02  1.554e-07  1.648e-07   1.4e-10  8.6e-05  1.2e+04  1.5e+01
   900  1.51853e-02  1.513e-07  8.687e-08   1.4e-10  4.7e-05  1.2e+04  1.5e+01
   910  1.51853e-02  1.510e-07  5.957e-08   1.4e-10  3.2e-05  1.2e+04  1.5e+01
 
   itn      x(1)       norm r    norm Ar  compatible   LS      norm A   cond A
   920  1.51853e-02  1.509e-07  3.868e-08   1.4e-10  2.1e-05  1.2e+04  1.8e+01
   930  1.51853e-02  1.509e-07  3.197e-08   1.4e-10  1.7e-05  1.3e+04  1.7e+01
   940  1.51853e-02  1.508e-07  2.867e-08   1.4e-10  1.5e-05  1.3e+04  4.4e+01
   950  1.51853e-02  1.508e-07  2.737e-08   1.4e-10  1.4e-05  1.3e+04  7.4e+01
   960  1.51853e-02  1.508e-07  2.688e-08   1.4e-10  1.4e-05  1.3e+04  9.8e+01
   970  1.51853e-02  1.507e-07  2.625e-08   1.4e-10  1.4e-05  1.3e+04  5.7e+01
   980  1.51853e-02  1.506e-07  2.469e-08   1.3e-10  1.3e-05  1.3e+04  2.4e+01
   990  1.51853e-02  1.503e-07  2.046e-08   1.3e-10  1.1e-05  1.3e+04  3.2e+01
  1000  1.51853e-02  1.501e-07  1.435e-08   1.3e-10  7.4e-06  1.3e+04  1.7e+01
  1010  1.51853e-02  1.501e-07  8.751e-09   1.3e-10  4.5e-06  1.3e+04  1.5e+01
  1020  1.51853e-02  1.501e-07  5.024e-09   1.3e-10  2.5e-06  1.3e+04  1.5e+01
  1030  1.51853e-02  1.501e-07  3.115e-09   1.3e-10  1.6e-06  1.3e+04  1.5e+01
  1040  1.51853e-02  1.501e-07  2.259e-09   1.3e-10  1.1e-06  1.3e+04  1.5e+01
  1050  1.51853e-02  1.501e-07  1.917e-09   1.3e-10  9.6e-07  1.3e+04  1.5e+01
  1060  1.51853e-02  1.501e-07  1.804e-09   1.3e-10  9.0e-07  1.3e+04  2.4e+01
  1070  1.51853e-02  1.501e-07  1.757e-09   1.3e-10  8.7e-07  1.3e+04  7.3e+01
  1080  1.51853e-02  1.501e-07  1.721e-09   1.3e-10  8.5e-07  1.4e+04  3.4e+01
  1090  1.51853e-02  1.501e-07  1.652e-09   1.3e-10  8.1e-07  1.4e+04  1.7e+01
  1100  1.51853e-02  1.501e-07  1.536e-09   1.3e-10  7.5e-07  1.4e+04  2.2e+01
  1110  1.51853e-02  1.501e-07  1.209e-09   1.3e-10  5.9e-07  1.4e+04  1.5e+01
 
   itn      x(1)       norm r    norm Ar  compatible   LS      norm A   cond A
  1120  1.51853e-02  1.501e-07  7.783e-10   1.3e-10  3.8e-07  1.4e+04  1.5e+01
  1130  1.51853e-02  1.501e-07  4.620e-10   1.3e-10  2.2e-07  1.4e+04  1.5e+01
  1140  1.51853e-02  1.501e-07  2.882e-10   1.3e-10  1.4e-07  1.4e+04  1.5e+01
  1150  1.51853e-02  1.501e-07  1.713e-10   1.3e-10  8.2e-08  1.4e+04  1.5e+01
  1160  1.51853e-02  1.501e-07  1.285e-10   1.3e-10  6.1e-08  1.4e+04  1.5e+01
  1170  1.51853e-02  1.501e-07  1.135e-10   1.3e-10  5.4e-08  1.4e+04  4.7e+01
  1180  1.51853e-02  1.501e-07  1.086e-10   1.3e-10  5.1e-08  1.4e+04  1.2e+02
  1190  1.51853e-02  1.501e-07  1.058e-10   1.3e-10  5.0e-08  1.4e+04  6.3e+01
  1200  1.51853e-02  1.501e-07  1.029e-10   1.3e-10  4.8e-08  1.4e+04  2.8e+01
  1210  1.51853e-02  1.501e-07  9.702e-11   1.3e-10  4.5e-08  1.4e+04  1.8e+01
  1220  1.51853e-02  1.501e-07  8.209e-11   1.3e-10  3.8e-08  1.4e+04  1.5e+01
  1230  1.51853e-02  1.501e-07  6.422e-11   1.3e-10  3.0e-08  1.4e+04  1.5e+01
  1240  1.51853e-02  1.501e-07  3.748e-11   1.3e-10  1.7e-08  1.4e+04  1.5e+01
  1250  1.51853e-02  1.501e-07  2.359e-11   1.3e-10  1.1e-08  1.5e+04  1.5e+01
  1260  1.51853e-02  1.501e-07  1.296e-11   1.3e-10  5.9e-09  1.5e+04  1.6e+01
  1270  1.51853e-02  1.501e-07  8.726e-12   1.3e-10  4.0e-09  1.5e+04  1.5e+01
  1280  1.51853e-02  1.501e-07  7.473e-12   1.3e-10  3.4e-09  1.5e+04  2.1e+01
  1290  1.51853e-02  1.501e-07  7.086e-12   1.3e-10  3.2e-09  1.5e+04  7.9e+01
  1300  1.51853e-02  1.501e-07  6.902e-12   1.3e-10  3.1e-09  1.5e+04  3.4e+01
  1310  1.51853e-02  1.501e-07  6.708e-12   1.3e-10  3.0e-09  1.5e+04  3.7e+01
 
   itn      x(1)       norm r    norm Ar  compatible   LS      norm A   cond A
  1320  1.51853e-02  1.501e-07  6.363e-12   1.3e-10  2.8e-09  1.5e+04  1.8e+01
  1330  1.51853e-02  1.501e-07  5.654e-12   1.3e-10  2.5e-09  1.5e+04  2.5e+01
  1340  1.51853e-02  1.501e-07  3.971e-12   1.3e-10  1.8e-09  1.5e+04  1.5e+01
  1350  1.51853e-02  1.501e-07  2.643e-12   1.3e-10  1.2e-09  1.5e+04  1.5e+01
  1360  1.51853e-02  1.501e-07  1.452e-12   1.3e-10  6.4e-10  1.5e+04  1.5e+01
  1370  1.51853e-02  1.501e-07  7.929e-13   1.3e-10  3.5e-10  1.5e+04  1.5e+01
  1380  1.51853e-02  1.501e-07  6.065e-13   1.3e-10  2.6e-10  1.5e+04  2.1e+01
  1390  1.51853e-02  1.501e-07  5.178e-13   1.3e-10  2.3e-10  1.5e+04  2.6e+01
  1400  1.51853e-02  1.501e-07  4.913e-13   1.3e-10  2.1e-10  1.5e+04  3.3e+01
  1410  1.51853e-02  1.501e-07  4.754e-13   1.3e-10  2.1e-10  1.5e+04  3.2e+01
  1420  1.51853e-02  1.501e-07  4.626e-13   1.3e-10  2.0e-10  1.5e+04  2.0e+01
  1430  1.51853e-02  1.501e-07  4.399e-13   1.3e-10  1.9e-10  1.6e+04  4.8e+01
  1440  1.51853e-02  1.501e-07  3.979e-13   1.3e-10  1.7e-10  1.6e+04  2.7e+01
  1450  1.51853e-02  1.501e-07  2.976e-13   1.3e-10  1.3e-10  1.6e+04  2.3e+01
  1460  1.51853e-02  1.501e-07  1.750e-13   1.3e-10  7.4e-11  1.6e+04  1.5e+01
  1470  1.51853e-02  1.501e-07  1.034e-13   1.3e-10  4.4e-11  1.6e+04  1.7e+01
  1480  1.51853e-02  1.501e-07  6.240e-14   1.3e-10  2.6e-11  1.6e+04  2.1e+01
  1490  1.51853e-02  1.501e-07  4.479e-14   1.3e-10  1.9e-11  1.6e+04  1.5e+01
  1500  1.51853e-02  1.501e-07  3.689e-14   1.3e-10  1.5e-11  1.6e+04  1.5e+01
  1510  1.51853e-02  1.501e-07  3.455e-14   1.3e-10  1.4e-11  1.6e+04  2.3e+01
 
   itn      x(1)       norm r    norm Ar  compatible   LS      norm A   cond A
  1520  1.51853e-02  1.501e-07  3.305e-14   1.3e-10  1.4e-11  1.6e+04  4.9e+01
  1530  1.51853e-02  1.501e-07  3.211e-14   1.3e-10  1.3e-11  1.6e+04  1.8e+01
  1540  1.51853e-02  1.501e-07  3.118e-14   1.3e-10  1.3e-11  1.6e+04  1.5e+01
  1550  1.51853e-02  1.501e-07  2.829e-14   1.3e-10  1.2e-11  1.6e+04  2.1e+01
  1560  1.51853e-02  1.501e-07  2.333e-14   1.3e-10  9.6e-12  1.6e+04  2.3e+01
  1570  1.51853e-02  1.501e-07  1.515e-14   1.3e-10  6.2e-12  1.6e+04  1.5e+01
  1580  1.51853e-02  1.501e-07  8.474e-15   1.3e-10  3.5e-12  1.6e+04  1.5e+01
  1590  1.51853e-02  1.501e-07  4.970e-15   1.3e-10  2.0e-12  1.6e+04  1.5e+01
  1600  1.51853e-02  1.501e-07  3.294e-15   1.3e-10  1.3e-12  1.6e+04  1.5e+01
  1610  1.51853e-02  1.501e-07  2.711e-15   1.3e-10  1.1e-12  1.7e+04  1.5e+01
  1620  1.51853e-02  1.501e-07  2.429e-15   1.3e-10  9.8e-13  1.7e+04  2.8e+01
  1630  1.51853e-02  1.501e-07  2.348e-15   1.3e-10  9.4e-13  1.7e+04  3.9e+01
  1640  1.51853e-02  1.501e-07  2.277e-15   1.3e-10  9.1e-13  1.7e+04  4.9e+01
  1650  1.51853e-02  1.501e-07  2.201e-15   1.3e-10  8.8e-13  1.7e+04  3.9e+01
  1660  1.51853e-02  1.501e-07  1.999e-15   1.3e-10  8.0e-13  1.7e+04  1.5e+01
  1670  1.51853e-02  1.501e-07  1.692e-15   1.3e-10  6.7e-13  1.7e+04  1.5e+01
  1680  1.51853e-02  1.501e-07  1.152e-15   1.3e-10  4.6e-13  1.7e+04  1.5e+01
  1690  1.51853e-02  1.501e-07  6.371e-16   1.3e-10  2.5e-13  1.7e+04  1.5e+01
  1700  1.51853e-02  1.501e-07  3.455e-16   1.3e-10  1.4e-13  1.7e+04  1.5e+01
  1710  1.51853e-02  1.501e-07  2.307e-16   1.3e-10  9.0e-14  1.7e+04  2.1e+01
 
   itn      x(1)       norm r    norm Ar  compatible   LS      norm A   cond A
  1720  1.51853e-02  1.501e-07  1.912e-16   1.3e-10  7.5e-14  1.7e+04  1.9e+01
  1730  1.51853e-02  1.501e-07  1.721e-16   1.3e-10  6.7e-14  1.7e+04  5.8e+01
  1740  1.51853e-02  1.501e-07  1.668e-16   1.3e-10  6.5e-14  1.7e+04  9.8e+01
  1750  1.51853e-02  1.501e-07  1.632e-16   1.3e-10  6.3e-14  1.7e+04  7.6e+01
  1760  1.51853e-02  1.501e-07  1.581e-16   1.3e-10  6.1e-14  1.7e+04  5.4e+01
  1770  1.51853e-02  1.501e-07  1.457e-16   1.3e-10  5.6e-14  1.7e+04  1.5e+01
  1780  1.51853e-02  1.501e-07  1.177e-16   1.3e-10  4.5e-14  1.7e+04  1.5e+01
  1790  1.51853e-02  1.501e-07  7.512e-17   1.3e-10  2.9e-14  1.7e+04  1.5e+01
  1800  1.51853e-02  1.501e-07  4.744e-17   1.3e-10  1.8e-14  1.7e+04  1.5e+01
  1810  1.51853e-02  1.501e-07  2.953e-17   1.3e-10  1.1e-14  1.7e+04  1.5e+01
  1820  1.51853e-02  1.501e-07  1.926e-17   1.3e-10  7.3e-15  1.8e+04  1.5e+01
  1830  1.51853e-02  1.501e-07  1.427e-17   1.3e-10  5.4e-15  1.8e+04  1.5e+01
  1840  1.51853e-02  1.501e-07  1.219e-17   1.3e-10  4.6e-15  1.8e+04  1.5e+01
  1850  1.51853e-02  1.501e-07  1.170e-17   1.3e-10  4.4e-15  1.8e+04  2.8e+01
  1860  1.51853e-02  1.501e-07  1.136e-17   1.3e-10  4.3e-15  1.8e+04  4.0e+01
  1870  1.51853e-02  1.501e-07  1.102e-17   1.3e-10  4.1e-15  1.8e+04  1.8e+01
  1880  1.51853e-02  1.501e-07  1.054e-17   1.3e-10  3.9e-15  1.8e+04  1.5e+01
  1890  1.51853e-02  1.501e-07  9.134e-18   1.3e-10  3.4e-15  1.8e+04  1.5e+01
  1900  1.51853e-02  1.501e-07  7.292e-18   1.3e-10  2.7e-15  1.8e+04  1.5e+01
  1910  1.51853e-02  1.501e-07  4.813e-18   1.3e-10  1.8e-15  1.8e+04  1.5e+01
 
   itn      x(1)       norm r    norm Ar  compatible   LS      norm A   cond A
  1920  1.51853e-02  1.501e-07  2.524e-18   1.3e-10  9.3e-16  1.8e+04  1.5e+01
  1930  1.51853e-02  1.501e-07  1.617e-18   1.3e-10  6.0e-16  1.8e+04  1.5e+01
  1940  1.51853e-02  1.501e-07  1.034e-18   1.3e-10  3.8e-16  1.8e+04  1.5e+01
  1950  1.51853e-02  1.501e-07  7.972e-19   1.3e-10  2.9e-16  1.8e+04  2.5e+01
  1960  1.51853e-02  1.501e-07  7.213e-19   1.3e-10  2.6e-16  1.8e+04  3.3e+01
  1970  1.51853e-02  1.501e-07  6.952e-19   1.3e-10  2.5e-16  1.8e+04  4.6e+01
  1980  1.51853e-02  1.501e-07  6.818e-19   1.3e-10  2.5e-16  1.8e+04  6.8e+01
  1990  1.51853e-02  1.501e-07  6.537e-19   1.3e-10  2.4e-16  1.8e+04  2.2e+01
  2000  1.51853e-02  1.501e-07  5.942e-19   1.3e-10  2.2e-16  1.8e+04  2.0e+01
  2010  1.51853e-02  1.501e-07  4.449e-19   1.3e-10  1.6e-16  1.8e+04  1.5e+01
  2020  1.51853e-02  1.501e-07  3.123e-19   1.3e-10  1.1e-16  1.8e+04  1.6e+01
  2021  1.51853e-02  1.501e-07  3.080e-19   1.3e-10  1.1e-16  1.8e+04  1.5e+01
 
LSMR finished
The least-squares solution is good enough for this machine
istop =       5    normr = 1.5e-07
    normA = 1.8e+04    normAr = 3.1e-19
itn   =    2021    condA = 1.5e+01
    normx = 7.1e+00
  2021  1.51853e-02   1.501e-07  3.080e-19
   1.3e-10  1.1e-16   1.8e+04  1.5e+01
loss = 2.2520633497061545e-14
