OS                           : Linux-5.14.21-150400.24.69_12.0.74-cray_shasta_c-x86_64-with-glibc2.31
Python Version               : 3.9.15
CuPy Version                 : 12.1.0
CuPy Platform                : NVIDIA CUDA
NumPy Version                : 1.23.5
SciPy Version                : 1.9.3
Cython Build Version         : 0.29.32
Cython Runtime Version       : None
CUDA Root                    : /opt/nvidia/hpc_sdk/Linux_x86_64/22.7/cuda/11.7
nvcc PATH                    : /opt/nvidia/hpc_sdk/Linux_x86_64/22.7/cuda/11.7/bin/nvcc
CUDA Build Version           : 11080
CUDA Driver Version          : 12000
CUDA Runtime Version         : 11070
cuBLAS Version               : (available)
cuFFT Version                : 10702
cuRAND Version               : 10210
cuSOLVER Version             : (11, 3, 5)
cuSPARSE Version             : (available)
NVRTC Version                : (11, 7)
Thrust Version               : 101501
CUB Build Version            : 101501
Jitify Build Version         : 4a37de0
cuDNN Build Version          : 8801
cuDNN Version                : 8302
NCCL Build Version           : 21602
NCCL Runtime Version         : 21505
cuTENSOR Version             : 10500
cuSPARSELt Build Version     : None
Device 0 Name                : NVIDIA A100-PCIE-40GB
Device 0 Compute Capability  : 80
Device 0 PCI Bus ID          : 0000:C3:00.0
None
Sizes of ptrain and pdot:
[(79920, 14, 14), (79920, 14, 14)]
len(theta) = 38416
len(jac) = 15664320
 
LSMR            Least-squares solution of  Ax = b

The matrix A has 31328640 rows and 38416 columns
damp = 0.00000000000000e+00

atol = 1.00e-08                 conlim = 1.00e+08

btol = 1.00e-08             maxiter =    20000

 
   itn      x(1)       norm r    norm Ar  compatible   LS      norm A   cond A
     0  0.00000e+00  2.363e+03  5.219e+05   1.0e+00  9.3e-02
     1  2.42195e-02  1.908e+03  1.677e+05   8.1e-01  2.4e-01  3.7e+02  1.0e+00
     2  1.03349e-01  1.836e+03  6.070e+04   7.8e-01  6.3e-02  5.3e+02  1.2e+00
     3  1.46700e-01  1.825e+03  3.152e+04   7.7e-01  2.7e-02  6.4e+02  1.3e+00
     4  1.54943e-01  1.821e+03  2.783e+04   7.7e-01  2.2e-02  6.9e+02  2.4e+00
     5  1.55653e-01  1.812e+03  2.574e+04   7.7e-01  1.8e-02  7.8e+02  4.2e+00
     6  1.34847e-01  1.788e+03  2.032e+04   7.6e-01  1.3e-02  8.6e+02  3.6e+00
     7  1.18136e-01  1.778e+03  1.697e+04   7.5e-01  1.0e-02  9.1e+02  2.3e+00
     8  1.13153e-01  1.775e+03  1.634e+04   7.5e-01  9.6e-03  9.6e+02  4.8e+00
     9  9.52265e-02  1.764e+03  1.488e+04   7.5e-01  8.1e-03  1.0e+03  5.8e+00
    10  6.25464e-02  1.748e+03  1.192e+04   7.4e-01  6.2e-03  1.1e+03  2.9e+00
    20 -1.16284e-02  1.707e+03  5.786e+03   7.2e-01  2.2e-03  1.5e+03  3.4e+00
    30 -6.01921e-02  1.688e+03  3.083e+03   7.1e-01  9.9e-04  1.9e+03  8.6e+00
    40 -1.26243e-01  1.682e+03  1.546e+03   7.1e-01  4.3e-04  2.2e+03  3.8e+00
    50 -1.47141e-01  1.680e+03  8.485e+02   7.1e-01  2.1e-04  2.4e+03  8.1e+00
    60 -1.75126e-01  1.679e+03  5.110e+02   7.1e-01  1.1e-04  2.6e+03  9.5e+00
    70 -2.04951e-01  1.679e+03  2.833e+02   7.1e-01  5.9e-05  2.9e+03  1.0e+01
    80 -2.13630e-01  1.679e+03  1.866e+02   7.1e-01  3.7e-05  3.0e+03  5.7e+00
    90 -2.12004e-01  1.679e+03  1.245e+02   7.1e-01  2.3e-05  3.2e+03  9.3e+00
   100 -2.08749e-01  1.679e+03  7.247e+01   7.1e-01  1.3e-05  3.4e+03  1.1e+01
   110 -2.07196e-01  1.679e+03  4.044e+01   7.1e-01  6.8e-06  3.5e+03  7.0e+00
 
   itn      x(1)       norm r    norm Ar  compatible   LS      norm A   cond A
   120 -2.05622e-01  1.679e+03  2.282e+01   7.1e-01  3.7e-06  3.7e+03  1.1e+01
   130 -2.05600e-01  1.679e+03  1.355e+01   7.1e-01  2.1e-06  3.9e+03  8.1e+00
   140 -2.05929e-01  1.679e+03  8.871e+00   7.1e-01  1.3e-06  4.0e+03  7.8e+00
   150 -2.06516e-01  1.679e+03  5.703e+00   7.1e-01  8.1e-07  4.2e+03  4.9e+00
   160 -2.06956e-01  1.679e+03  3.910e+00   7.1e-01  5.4e-07  4.3e+03  7.5e+00
   170 -2.07197e-01  1.679e+03  2.362e+00   7.1e-01  3.2e-07  4.4e+03  6.3e+00
   180 -2.07185e-01  1.679e+03  1.560e+00   7.1e-01  2.0e-07  4.6e+03  6.8e+00
   190 -2.07182e-01  1.679e+03  8.958e-01   7.1e-01  1.1e-07  4.7e+03  6.0e+00
   200 -2.07189e-01  1.679e+03  5.035e-01   7.1e-01  6.2e-08  4.8e+03  5.8e+00
   210 -2.07180e-01  1.679e+03  3.231e-01   7.1e-01  3.9e-08  4.9e+03  7.3e+00
   220 -2.07157e-01  1.679e+03  1.945e-01   7.1e-01  2.3e-08  5.0e+03  8.8e+00
   230 -2.07141e-01  1.679e+03  1.122e-01   7.1e-01  1.3e-08  5.2e+03  4.7e+00
   234 -2.07136e-01  1.679e+03  8.970e-02   7.1e-01  1.0e-08  5.2e+03  6.7e+00
   235 -2.07135e-01  1.679e+03  8.617e-02   7.1e-01  9.9e-09  5.2e+03  5.0e+00
 
LSMR finished
The least-squares solution is good enough, given atol     
istop =       2    normr = 1.7e+03
    normA = 5.2e+03    normAr = 8.6e-02
itn   =     235    condA = 5.0e+00
    normx = 3.4e+01
   235 -2.07135e-01   1.679e+03  8.617e-02
   7.1e-01  9.9e-09   5.2e+03  5.0e+00
loss = 2817856.604370823
