OS                           : Linux-5.14.21-150400.24.81_12.0.87-cray_shasta_c-x86_64-with-glibc2.31
Python Version               : 3.9.15
CuPy Version                 : 13.0.0
CuPy Platform                : NVIDIA CUDA
NumPy Version                : 1.23.5
SciPy Version                : 1.9.3
Cython Build Version         : 0.29.36
Cython Runtime Version       : None
CUDA Root                    : /opt/nvidia/hpc_sdk/Linux_x86_64/23.9/cuda/12.2
nvcc PATH                    : /opt/nvidia/hpc_sdk/Linux_x86_64/23.9/cuda/12.2/bin/nvcc
CUDA Build Version           : 12020
CUDA Driver Version          : 12020
CUDA Runtime Version         : 12020 (linked to CuPy) / 12020 (locally installed)
cuBLAS Version               : (available)
cuFFT Version                : 11008
cuRAND Version               : 10303
cuSOLVER Version             : (11, 5, 0)
cuSPARSE Version             : (available)
NVRTC Version                : (12, 2)
Thrust Version               : 200200
CUB Build Version            : 200200
Jitify Build Version         : <unknown>
cuDNN Build Version          : 8801
cuDNN Version                : 8903
NCCL Build Version           : None
NCCL Runtime Version         : None
cuTENSOR Version             : None
cuSPARSELt Build Version     : None
Device 0 Name                : NVIDIA A100-SXM4-40GB
Device 0 Compute Capability  : 80
Device 0 PCI Bus ID          : 0000:41:00.0
None
Sizes of ptrain and pdot:
[(80000, 14, 14), (80000, 14, 14)]
len(theta) = 38416
len(jac) = 15680000
 
LSMR            Least-squares solution of  Ax = b

The matrix A has 31360000 rows and 38416 columns
damp = 0.00000000000000e+00

atol = 1.00e-08                 conlim = 1.00e+08

btol = 1.00e-08             maxiter =   100000

 
   itn      x(1)       norm r    norm Ar  compatible   LS      norm A   cond A
     0  0.00000e+00  1.116e+03  5.418e+05   1.0e+00  4.4e-01
     1 -1.20674e-02  5.748e+02  1.647e+05   5.2e-01  5.1e-01  5.6e+02  1.0e+00
     2 -3.50784e-02  1.505e+02  2.939e+04   1.3e-01  2.9e-01  6.7e+02  2.0e+00
     3 -3.92246e-02  1.351e+02  1.805e+04   1.2e-01  1.7e-01  8.0e+02  1.9e+00
     4 -5.00619e-02  1.164e+02  7.296e+03   1.0e-01  6.7e-02  9.4e+02  2.1e+00
     5 -5.22265e-02  1.112e+02  6.197e+03   1.0e-01  5.8e-02  9.6e+02  3.9e+00
     6 -5.57262e-02  1.045e+02  4.404e+03   9.4e-02  3.9e-02  1.1e+03  2.4e+00
     7 -5.85616e-02  1.009e+02  2.448e+03   9.0e-02  2.1e-02  1.2e+03  2.4e+00
     8 -5.87890e-02  1.005e+02  2.288e+03   9.0e-02  1.9e-02  1.2e+03  3.8e+00
     9 -5.90600e-02  9.985e+01  2.153e+03   8.9e-02  1.6e-02  1.3e+03  5.0e+00
    10 -5.95116e-02  9.821e+01  2.087e+03   8.8e-02  1.6e-02  1.4e+03  1.3e+01
    20 -7.93462e-02  5.522e+01  1.024e+03   4.9e-02  9.8e-03  1.9e+03  7.1e+00
    30 -7.26340e-02  3.295e+01  4.871e+02   3.0e-02  6.4e-03  2.3e+03  5.3e+00
    40 -7.81746e-02  1.998e+01  2.722e+02   1.8e-02  5.1e-03  2.7e+03  1.3e+01
    50 -7.88156e-02  1.333e+01  1.755e+02   1.2e-02  4.4e-03  3.0e+03  1.7e+01
    60 -8.20951e-02  8.611e+00  1.090e+02   7.7e-03  3.9e-03  3.3e+03  1.8e+01
    70 -7.96082e-02  5.401e+00  6.242e+01   4.8e-03  3.3e-03  3.5e+03  1.1e+01
    80 -7.94643e-02  3.642e+00  3.471e+01   3.3e-03  2.5e-03  3.8e+03  7.9e+00
    90 -7.93285e-02  3.007e+00  2.067e+01   2.7e-03  1.7e-03  4.0e+03  7.9e+00
   100 -7.78346e-02  2.701e+00  1.162e+01   2.4e-03  1.0e-03  4.2e+03  8.0e+00
   110 -7.70413e-02  2.597e+00  7.927e+00   2.3e-03  7.0e-04  4.4e+03  1.2e+01
 
   itn      x(1)       norm r    norm Ar  compatible   LS      norm A   cond A
   120 -7.60107e-02  2.536e+00  5.810e+00   2.3e-03  5.0e-04  4.5e+03  2.7e+01
   130 -7.47211e-02  2.491e+00  4.914e+00   2.2e-03  4.2e-04  4.7e+03  1.1e+01
   140 -7.35568e-02  2.455e+00  4.615e+00   2.2e-03  3.8e-04  4.9e+03  1.8e+01
   150 -7.23313e-02  2.421e+00  4.503e+00   2.2e-03  3.7e-04  5.1e+03  3.3e+01
   160 -7.01033e-02  2.359e+00  4.397e+00   2.1e-03  3.6e-04  5.2e+03  2.9e+01
   170 -6.56441e-02  2.233e+00  4.248e+00   2.0e-03  3.5e-04  5.4e+03  3.2e+01
   180 -5.47561e-02  1.927e+00  3.916e+00   1.7e-03  3.7e-04  5.5e+03  3.3e+01
   190 -3.30760e-02  1.319e+00  3.201e+00   1.2e-03  4.3e-04  5.7e+03  1.3e+01
   200 -1.01246e-02  6.854e-01  2.232e+00   6.1e-04  5.6e-04  5.8e+03  1.7e+01
   210  3.07091e-03  3.486e-01  1.415e+00   3.1e-04  6.8e-04  6.0e+03  1.4e+01
   220  8.89559e-03  2.385e-01  8.463e-01   2.1e-04  5.8e-04  6.1e+03  1.5e+01
   230  1.04957e-02  2.187e-01  6.049e-01   2.0e-04  4.4e-04  6.2e+03  2.2e+01
   240  1.12294e-02  2.109e-01  4.560e-01   1.9e-04  3.4e-04  6.4e+03  1.9e+01
   250  1.14887e-02  2.068e-01  3.953e-01   1.9e-04  2.9e-04  6.5e+03  6.3e+01
   260  1.15926e-02  2.036e-01  3.740e-01   1.8e-04  2.8e-04  6.6e+03  3.3e+01
   270  1.16871e-02  1.990e-01  3.624e-01   1.8e-04  2.7e-04  6.8e+03  2.0e+01
   280  1.18248e-02  1.916e-01  3.526e-01   1.7e-04  2.7e-04  6.9e+03  3.4e+01
   290  1.21856e-02  1.716e-01  3.311e-01   1.5e-04  2.7e-04  7.0e+03  2.8e+01
   300  1.31544e-02  1.188e-01  2.724e-01   1.1e-04  3.2e-04  7.1e+03  1.4e+01
   310  1.45461e-02  4.436e-02  1.596e-01   4.0e-05  5.0e-04  7.3e+03  1.5e+01
 
   itn      x(1)       norm r    norm Ar  compatible   LS      norm A   cond A
   320  1.49897e-02  2.283e-02  1.018e-01   2.0e-05  6.1e-04  7.4e+03  1.5e+01
   330  1.52103e-02  1.490e-02  5.408e-02   1.3e-05  4.9e-04  7.5e+03  1.5e+01
   340  1.52626e-02  1.376e-02  3.447e-02   1.2e-05  3.3e-04  7.6e+03  1.5e+01
   350  1.52733e-02  1.350e-02  2.863e-02   1.2e-05  2.8e-04  7.7e+03  1.5e+01
   360  1.52780e-02  1.331e-02  2.555e-02   1.2e-05  2.5e-04  7.8e+03  5.0e+01
   370  1.52788e-02  1.314e-02  2.426e-02   1.2e-05  2.3e-04  7.9e+03  6.7e+01
   380  1.52782e-02  1.290e-02  2.353e-02   1.2e-05  2.3e-04  8.0e+03  5.5e+01
   390  1.52760e-02  1.254e-02  2.297e-02   1.1e-05  2.3e-04  8.1e+03  5.8e+01
   400  1.52715e-02  1.190e-02  2.223e-02   1.1e-05  2.3e-04  8.2e+03  3.0e+01
   410  1.52588e-02  1.017e-02  2.040e-02   9.1e-06  2.4e-04  8.3e+03  1.5e+01
   420  1.52321e-02  6.640e-03  1.629e-02   6.0e-06  2.9e-04  8.4e+03  2.2e+01
   430  1.52012e-02  2.641e-03  9.784e-03   2.4e-06  4.3e-04  8.5e+03  1.5e+01
   440  1.51905e-02  1.395e-03  6.163e-03   1.3e-06  5.1e-04  8.6e+03  1.5e+01
   450  1.51857e-02  9.904e-04  3.455e-03   8.9e-07  4.0e-04  8.7e+03  1.5e+01
   460  1.51846e-02  9.266e-04  2.356e-03   8.3e-07  2.9e-04  8.8e+03  1.7e+01
   470  1.51842e-02  9.040e-04  1.871e-03   8.1e-07  2.3e-04  8.9e+03  2.6e+01
   480  1.51841e-02  8.908e-04  1.685e-03   8.0e-07  2.1e-04  9.0e+03  4.3e+01
   490  1.51841e-02  8.775e-04  1.611e-03   7.9e-07  2.0e-04  9.1e+03  2.2e+01
   500  1.51841e-02  8.617e-04  1.573e-03   7.7e-07  2.0e-04  9.2e+03  3.8e+01
   510  1.51841e-02  8.269e-04  1.526e-03   7.4e-07  2.0e-04  9.3e+03  3.0e+01
 
   itn      x(1)       norm r    norm Ar  compatible   LS      norm A   cond A
   520  1.51840e-02  7.752e-04  1.469e-03   6.9e-07  2.0e-04  9.4e+03  2.8e+01
   524  1.51840e-02  7.412e-04  1.434e-03   6.6e-07  2.1e-04  9.4e+03  2.2e+01
   525  1.51840e-02  7.102e-04  1.401e-03   6.4e-07  2.1e-04  9.4e+03  4.1e+01
   526  1.51840e-02  6.976e-04  1.387e-03   6.3e-07  2.1e-04  9.4e+03  1.5e+01
   527  1.51840e-02  6.833e-04  1.372e-03   6.1e-07  2.1e-04  9.4e+03  1.5e+01
   528  1.51840e-02  6.785e-04  1.367e-03   6.1e-07  2.1e-04  9.4e+03  4.6e+01
 
LSMR finished
Ax - b is small enough, given atol, btol                  
istop =       1    normr = 6.8e-04
    normA = 9.4e+03    normAr = 1.4e-03
itn   =     528    condA = 4.6e+01
    normx = 7.1e+00
   528  1.51840e-02   6.785e-04  1.367e-03
   6.1e-07  2.1e-04   9.4e+03  4.6e+01
loss = 4.603669827257975e-07
