OS                           : Linux-5.14.21-150400.24.69_12.0.74-cray_shasta_c-x86_64-with-glibc2.31
Python Version               : 3.9.15
CuPy Version                 : 12.1.0
CuPy Platform                : NVIDIA CUDA
NumPy Version                : 1.23.5
SciPy Version                : 1.9.3
Cython Build Version         : 0.29.32
Cython Runtime Version       : None
CUDA Root                    : /opt/nvidia/hpc_sdk/Linux_x86_64/22.7/cuda/11.7
nvcc PATH                    : /opt/nvidia/hpc_sdk/Linux_x86_64/22.7/cuda/11.7/bin/nvcc
CUDA Build Version           : 11080
CUDA Driver Version          : 12000
CUDA Runtime Version         : 11070
cuBLAS Version               : (available)
cuFFT Version                : 10702
cuRAND Version               : 10210
cuSOLVER Version             : (11, 3, 5)
cuSPARSE Version             : (available)
NVRTC Version                : (11, 7)
Thrust Version               : 101501
CUB Build Version            : 101501
Jitify Build Version         : 4a37de0
cuDNN Build Version          : 8801
cuDNN Version                : 8302
NCCL Build Version           : 21602
NCCL Runtime Version         : 21505
cuTENSOR Version             : 10500
cuSPARSELt Build Version     : None
Device 0 Name                : NVIDIA A100-SXM4-40GB
Device 0 Compute Capability  : 80
Device 0 PCI Bus ID          : 0000:C1:00.0
None
./trajdata10/train_heh+_6-31g.npy
Sizes of ptrain and pdot:
[(19996, 4, 4), (19996, 4, 4)]
len(theta) = 256
len(jac) = 319936
 
LSMR            Least-squares solution of  Ax = b

The matrix A has 639872 rows and 256 columns
damp = 0.00000000000000e+00

atol = 1.00e-08                 conlim = 1.00e+08

btol = 1.00e-08             maxiter =    20000

 
   itn      x(1)       norm r    norm Ar  compatible   LS      norm A   cond A
     0  0.00000e+00  5.872e+01  6.992e+03   1.0e+00  2.0e+00
     1  2.07861e-04  1.613e+01  1.127e+03   2.7e-01  5.6e-01  1.2e+02  1.0e+00
     2  3.52104e-04  5.359e+00  2.889e+02   9.1e-02  3.7e-01  1.5e+02  1.7e+00
     3  3.87419e-04  4.191e+00  1.901e+02   7.1e-02  2.7e-01  1.7e+02  1.6e+00
     4  4.76744e-04  1.747e+00  4.419e+01   3.0e-02  1.3e-01  2.0e+02  2.3e+00
     5  4.72946e-04  1.193e+00  9.864e+00   2.0e-02  4.1e-02  2.0e+02  3.6e+00
     6  4.54509e-04  9.986e-01  7.910e+00   1.7e-02  3.9e-02  2.0e+02  1.1e+01
     7  4.50690e-04  9.540e-01  7.479e+00   1.6e-02  3.8e-02  2.1e+02  6.5e+00
     8  4.18536e-04  7.210e-01  1.515e+00   1.2e-02  8.7e-03  2.4e+02  6.5e+00
     9  4.32472e-04  7.114e-01  1.215e+00   1.2e-02  7.1e-03  2.4e+02  1.3e+01
    10  4.39506e-04  7.081e-01  1.095e+00   1.2e-02  6.4e-03  2.4e+02  7.5e+00
    20  1.52610e-03  1.070e-01  5.858e-02   1.8e-03  1.6e-03  3.4e+02  1.4e+02
    30  1.66646e-03  4.305e-02  1.733e-02   7.3e-04  1.0e-03  4.0e+02  1.4e+02
    40  1.58172e-03  2.847e-02  4.353e-03   4.8e-04  3.4e-04  4.5e+02  1.2e+02
    50  1.12125e-03  2.185e-02  2.511e-03   3.7e-04  2.3e-04  5.1e+02  3.1e+02
    60  4.44688e-04  1.682e-02  1.767e-03   2.9e-04  1.9e-04  5.6e+02  3.8e+02
    70 -2.17565e-04  1.324e-02  1.128e-03   2.3e-04  1.4e-04  6.1e+02  1.6e+02
    80 -7.38764e-04  1.119e-02  8.219e-04   1.9e-04  1.1e-04  6.4e+02  5.5e+02
    90 -1.55175e-03  9.210e-03  5.632e-04   1.6e-04  8.9e-05  6.8e+02  1.6e+02
   100 -2.30271e-03  8.046e-03  3.590e-04   1.4e-04  6.3e-05  7.1e+02  7.1e+02
   110 -2.88907e-03  7.443e-03  2.346e-04   1.3e-04  4.2e-05  7.5e+02  5.6e+02
 
   itn      x(1)       norm r    norm Ar  compatible   LS      norm A   cond A
   120 -3.14070e-03  7.201e-03  2.110e-04   1.2e-04  3.7e-05  7.9e+02  4.1e+02
   130 -3.79695e-03  6.572e-03  1.748e-04   1.1e-04  3.2e-05  8.2e+02  6.1e+02
   140 -5.33267e-03  5.517e-03  8.806e-05   9.4e-05  1.9e-05  8.5e+02  6.1e+02
   150 -5.49672e-03  5.447e-03  7.135e-05   9.3e-05  1.5e-05  8.8e+02  7.7e+02
   160 -5.50123e-03  5.437e-03  7.003e-05   9.3e-05  1.4e-05  9.1e+02  6.1e+02
   170 -5.47484e-03  5.286e-03  4.791e-05   9.0e-05  9.7e-06  9.4e+02  6.1e+02
   180 -5.46316e-03  5.267e-03  4.402e-05   9.0e-05  8.6e-06  9.7e+02  6.1e+02
   190 -5.45121e-03  5.234e-03  3.912e-05   8.9e-05  7.6e-06  9.9e+02  6.1e+02
   200 -5.46450e-03  5.201e-03  3.556e-05   8.9e-05  6.7e-06  1.0e+03  2.4e+03
   210 -5.49686e-03  5.176e-03  3.341e-05   8.8e-05  6.2e-06  1.0e+03  6.1e+02
   220 -5.52747e-03  5.166e-03  3.300e-05   8.8e-05  6.0e-06  1.1e+03  3.6e+03
   230 -6.23105e-03  4.983e-03  3.039e-05   8.5e-05  5.6e-06  1.1e+03  6.1e+02
   240 -6.51069e-03  4.916e-03  2.944e-05   8.4e-05  5.4e-06  1.1e+03  6.1e+02
   250 -1.00892e-02  4.396e-03  1.233e-05   7.5e-05  2.5e-06  1.1e+03  9.9e+02
   260 -1.02946e-02  4.386e-03  1.058e-05   7.5e-05  2.1e-06  1.2e+03  6.1e+02
   270 -1.03088e-02  4.386e-03  1.044e-05   7.5e-05  2.0e-06  1.2e+03  6.5e+03
   280 -1.05567e-02  4.350e-03  9.394e-06   7.4e-05  1.8e-06  1.2e+03  6.1e+02
   290 -1.13046e-02  4.288e-03  5.059e-06   7.3e-05  9.6e-07  1.2e+03  6.5e+03
   300 -1.13181e-02  4.287e-03  4.978e-06   7.3e-05  9.3e-07  1.2e+03  2.2e+03
   310 -1.13295e-02  4.285e-03  4.921e-06   7.3e-05  9.1e-07  1.3e+03  6.1e+02
 
   itn      x(1)       norm r    norm Ar  compatible   LS      norm A   cond A
   320 -1.13726e-02  4.278e-03  4.715e-06   7.3e-05  8.6e-07  1.3e+03  4.8e+03
   330 -1.13737e-02  4.278e-03  4.712e-06   7.3e-05  8.4e-07  1.3e+03  6.1e+02
   340 -1.15956e-02  4.260e-03  4.302e-06   7.3e-05  7.6e-07  1.3e+03  9.8e+02
   350 -1.16251e-02  4.258e-03  4.246e-06   7.3e-05  7.4e-07  1.3e+03  6.1e+02
   360 -1.16693e-02  4.254e-03  4.169e-06   7.2e-05  7.2e-07  1.4e+03  6.1e+02
   370 -1.20469e-02  4.232e-03  3.458e-06   7.2e-05  5.9e-07  1.4e+03  5.9e+03
   380 -1.20507e-02  4.232e-03  3.451e-06   7.2e-05  5.8e-07  1.4e+03  3.8e+03
   390 -1.20825e-02  4.231e-03  3.427e-06   7.2e-05  5.7e-07  1.4e+03  6.1e+02
   400 -1.30920e-02  4.201e-03  2.559e-06   7.2e-05  4.2e-07  1.4e+03  6.1e+02
   410 -1.32697e-02  4.197e-03  2.377e-06   7.1e-05  3.9e-07  1.5e+03  6.2e+02
   420 -1.32792e-02  4.197e-03  2.374e-06   7.1e-05  3.8e-07  1.5e+03  3.7e+03
   430 -1.33195e-02  4.197e-03  2.361e-06   7.1e-05  3.8e-07  1.5e+03  1.0e+03
   440 -1.41214e-02  4.185e-03  2.103e-06   7.1e-05  3.3e-07  1.5e+03  8.5e+02
   450 -1.52340e-02  4.174e-03  1.680e-06   7.1e-05  2.6e-07  1.5e+03  6.8e+02
   460 -1.52476e-02  4.174e-03  1.674e-06   7.1e-05  2.6e-07  1.5e+03  6.8e+02
   470 -1.52598e-02  4.174e-03  1.670e-06   7.1e-05  2.6e-07  1.6e+03  9.8e+03
   480 -1.52643e-02  4.173e-03  1.668e-06   7.1e-05  2.5e-07  1.6e+03  6.8e+02
   490 -1.53148e-02  4.173e-03  1.652e-06   7.1e-05  2.5e-07  1.6e+03  6.8e+02
   500 -1.66711e-02  4.160e-03  1.145e-06   7.1e-05  1.7e-07  1.6e+03  6.8e+02
   510 -1.67189e-02  4.160e-03  1.122e-06   7.1e-05  1.7e-07  1.6e+03  6.8e+02
 
   itn      x(1)       norm r    norm Ar  compatible   LS      norm A   cond A
   520 -1.67187e-02  4.160e-03  1.122e-06   7.1e-05  1.6e-07  1.6e+03  1.4e+03
   530 -1.66849e-02  4.159e-03  1.109e-06   7.1e-05  1.6e-07  1.7e+03  2.1e+03
   540 -1.63846e-02  4.155e-03  9.912e-07   7.1e-05  1.4e-07  1.7e+03  6.8e+02
   550 -1.63286e-02  4.154e-03  9.680e-07   7.1e-05  1.4e-07  1.7e+03  2.6e+03
   560 -1.63215e-02  4.154e-03  9.659e-07   7.1e-05  1.4e-07  1.7e+03  3.1e+03
   570 -1.62683e-02  4.154e-03  9.596e-07   7.1e-05  1.3e-07  1.7e+03  2.2e+03
   580 -1.59236e-02  4.152e-03  9.220e-07   7.1e-05  1.3e-07  1.7e+03  2.2e+03
   590 -1.48144e-02  4.147e-03  7.928e-07   7.1e-05  1.1e-07  1.7e+03  2.2e+03
   600 -1.46999e-02  4.147e-03  7.783e-07   7.1e-05  1.1e-07  1.8e+03  2.2e+03
   610 -1.44488e-02  4.146e-03  7.461e-07   7.1e-05  1.0e-07  1.8e+03  2.2e+03
   620 -1.44239e-02  4.146e-03  7.430e-07   7.1e-05  1.0e-07  1.8e+03  2.8e+03
   630 -1.44202e-02  4.146e-03  7.427e-07   7.1e-05  9.9e-08  1.8e+03  2.2e+03
   640 -1.42881e-02  4.146e-03  7.358e-07   7.1e-05  9.8e-08  1.8e+03  2.2e+03
   650 -1.26644e-02  4.143e-03  6.562e-07   7.1e-05  8.6e-08  1.8e+03  2.2e+03
   660 -1.08614e-02  4.140e-03  5.546e-07   7.1e-05  7.3e-08  1.8e+03  2.2e+03
   670 -1.07952e-02  4.140e-03  5.506e-07   7.1e-05  7.1e-08  1.9e+03  3.9e+03
   680 -1.07904e-02  4.140e-03  5.505e-07   7.1e-05  7.1e-08  1.9e+03  2.2e+03
   690 -1.06163e-02  4.140e-03  5.479e-07   7.0e-05  7.0e-08  1.9e+03  3.0e+03
   700 -1.04931e-02  4.140e-03  5.462e-07   7.0e-05  6.9e-08  1.9e+03  3.9e+03
   710 -7.61150e-03  4.137e-03  5.047e-07   7.0e-05  6.4e-08  1.9e+03  2.2e+03
 
   itn      x(1)       norm r    norm Ar  compatible   LS      norm A   cond A
   720 -4.74450e-03  4.135e-03  4.597e-07   7.0e-05  5.8e-08  1.9e+03  2.3e+03
   730 -4.63028e-03  4.135e-03  4.580e-07   7.0e-05  5.7e-08  1.9e+03  4.5e+03
   740 -4.46533e-03  4.135e-03  4.555e-07   7.0e-05  5.6e-08  2.0e+03  2.2e+03
   750 -4.43167e-03  4.135e-03  4.550e-07   7.0e-05  5.6e-08  2.0e+03  2.2e+03
   760 -4.41974e-03  4.135e-03  4.548e-07   7.0e-05  5.5e-08  2.0e+03  2.0e+04
   770 -4.38587e-03  4.135e-03  4.545e-07   7.0e-05  5.5e-08  2.0e+03  3.0e+03
   780  1.51904e-03  4.132e-03  3.885e-07   7.0e-05  4.7e-08  2.0e+03  2.2e+03
   790  2.35394e-03  4.131e-03  3.782e-07   7.0e-05  4.5e-08  2.0e+03  2.2e+03
   800  3.44698e-03  4.131e-03  3.643e-07   7.0e-05  4.3e-08  2.0e+03  2.2e+03
   810  4.16300e-03  4.131e-03  3.550e-07   7.0e-05  4.2e-08  2.0e+03  9.3e+03
   820  4.18213e-03  4.131e-03  3.548e-07   7.0e-05  4.2e-08  2.1e+03  2.2e+03
   830  4.33343e-03  4.130e-03  3.532e-07   7.0e-05  4.1e-08  2.1e+03  2.2e+03
   840  4.66255e-03  4.130e-03  3.496e-07   7.0e-05  4.1e-08  2.1e+03  2.2e+03
   850  4.69545e-03  4.130e-03  3.492e-07   7.0e-05  4.0e-08  2.1e+03  2.2e+03
   860  4.73262e-03  4.130e-03  3.488e-07   7.0e-05  4.0e-08  2.1e+03  5.0e+03
   870  1.03536e-02  4.128e-03  2.844e-07   7.0e-05  3.2e-08  2.1e+03  2.2e+03
   880  1.04300e-02  4.128e-03  2.834e-07   7.0e-05  3.2e-08  2.1e+03  2.2e+03
   890  1.05098e-02  4.128e-03  2.824e-07   7.0e-05  3.2e-08  2.1e+03  4.1e+03
   900  1.07258e-02  4.128e-03  2.797e-07   7.0e-05  3.1e-08  2.2e+03  7.7e+03
   910  1.07667e-02  4.128e-03  2.792e-07   7.0e-05  3.1e-08  2.2e+03  2.2e+03
 
   itn      x(1)       norm r    norm Ar  compatible   LS      norm A   cond A
   920  1.08977e-02  4.128e-03  2.777e-07   7.0e-05  3.1e-08  2.2e+03  2.2e+03
   930  1.15840e-02  4.127e-03  2.697e-07   7.0e-05  3.0e-08  2.2e+03  2.2e+03
   940  1.62302e-02  4.126e-03  2.080e-07   7.0e-05  2.3e-08  2.2e+03  2.2e+03
   950  1.62323e-02  4.126e-03  2.079e-07   7.0e-05  2.3e-08  2.2e+03  1.1e+04
   960  1.62366e-02  4.126e-03  2.079e-07   7.0e-05  2.3e-08  2.2e+03  6.0e+03
   970  1.63167e-02  4.126e-03  2.068e-07   7.0e-05  2.2e-08  2.2e+03  2.2e+03
   980  1.69427e-02  4.126e-03  1.981e-07   7.0e-05  2.1e-08  2.3e+03  2.2e+03
   990  1.70720e-02  4.126e-03  1.963e-07   7.0e-05  2.1e-08  2.3e+03  2.2e+03
  1000  1.73570e-02  4.126e-03  1.922e-07   7.0e-05  2.0e-08  2.3e+03  2.7e+03
  1010  1.74561e-02  4.126e-03  1.908e-07   7.0e-05  2.0e-08  2.3e+03  5.5e+03
  1020  1.97153e-02  4.125e-03  1.544e-07   7.0e-05  1.6e-08  2.3e+03  2.2e+03
  1030  1.97543e-02  4.125e-03  1.537e-07   7.0e-05  1.6e-08  2.3e+03  3.7e+03
  1040  1.98245e-02  4.125e-03  1.525e-07   7.0e-05  1.6e-08  2.3e+03  7.5e+03
  1050  1.98356e-02  4.125e-03  1.523e-07   7.0e-05  1.6e-08  2.3e+03  2.2e+03
  1060  1.98385e-02  4.125e-03  1.522e-07   7.0e-05  1.6e-08  2.3e+03  3.1e+03
  1070  1.98677e-02  4.125e-03  1.518e-07   7.0e-05  1.6e-08  2.4e+03  2.2e+03
  1080  2.02450e-02  4.125e-03  1.455e-07   7.0e-05  1.5e-08  2.4e+03  2.2e+03
  1090  2.05822e-02  4.125e-03  1.398e-07   7.0e-05  1.4e-08  2.4e+03  2.2e+03
  1100  2.15608e-02  4.125e-03  1.215e-07   7.0e-05  1.2e-08  2.4e+03  1.7e+04
  1110  2.15617e-02  4.125e-03  1.215e-07   7.0e-05  1.2e-08  2.4e+03  2.3e+03
 
   itn      x(1)       norm r    norm Ar  compatible   LS      norm A   cond A
  1120  2.15790e-02  4.125e-03  1.212e-07   7.0e-05  1.2e-08  2.4e+03  2.2e+03
  1130  2.15944e-02  4.125e-03  1.209e-07   7.0e-05  1.2e-08  2.4e+03  2.8e+03
  1133  2.26970e-02  4.124e-03  1.024e-07   7.0e-05  1.0e-08  2.4e+03  2.2e+03
  1134  2.26970e-02  4.124e-03  1.024e-07   7.0e-05  1.0e-08  2.4e+03  2.2e+03
  1135  2.26980e-02  4.124e-03  1.024e-07   7.0e-05  1.0e-08  2.4e+03  2.2e+03
  1136  2.27401e-02  4.124e-03  1.016e-07   7.0e-05  1.0e-08  2.4e+03  2.2e+03
  1137  2.27446e-02  4.124e-03  1.015e-07   7.0e-05  1.0e-08  2.4e+03  2.2e+03
  1138  2.27454e-02  4.124e-03  1.015e-07   7.0e-05  1.0e-08  2.4e+03  2.2e+03
  1139  2.27456e-02  4.124e-03  1.015e-07   7.0e-05  1.0e-08  2.4e+03  2.2e+03
  1140  2.27469e-02  4.124e-03  1.015e-07   7.0e-05  1.0e-08  2.4e+03  2.2e+03
  1141  2.27576e-02  4.124e-03  1.013e-07   7.0e-05  1.0e-08  2.4e+03  2.2e+03
  1142  2.29206e-02  4.124e-03  9.824e-08   7.0e-05  9.8e-09  2.4e+03  2.2e+03
 
LSMR finished
The least-squares solution is good enough, given atol     
istop =       2    normr = 4.1e-03
    normA = 2.4e+03    normAr = 9.8e-08
itn   =    1142    condA = 2.2e+03
    normx = 1.1e+00
  1142  2.29206e-02   4.124e-03  9.824e-08
   7.0e-05  9.8e-09   2.4e+03  2.2e+03
loss = 1.7009613103050194e-05
