OS                           : Linux-5.14.21-150400.24.81_12.0.87-cray_shasta_c-x86_64-with-glibc2.31
Python Version               : 3.9.15
CuPy Version                 : 13.0.0
CuPy Platform                : NVIDIA CUDA
NumPy Version                : 1.23.5
SciPy Version                : 1.9.3
Cython Build Version         : 0.29.36
Cython Runtime Version       : None
CUDA Root                    : /opt/nvidia/hpc_sdk/Linux_x86_64/23.9/cuda/12.2
nvcc PATH                    : /opt/nvidia/hpc_sdk/Linux_x86_64/23.9/cuda/12.2/bin/nvcc
CUDA Build Version           : 12020
CUDA Driver Version          : 12020
CUDA Runtime Version         : 12020 (linked to CuPy) / 12020 (locally installed)
cuBLAS Version               : (available)
cuFFT Version                : 11008
cuRAND Version               : 10303
cuSOLVER Version             : (11, 5, 0)
cuSPARSE Version             : (available)
NVRTC Version                : (12, 2)
Thrust Version               : 200200
CUB Build Version            : 200200
Jitify Build Version         : <unknown>
cuDNN Build Version          : 8801
cuDNN Version                : 8903
NCCL Build Version           : None
NCCL Runtime Version         : None
cuTENSOR Version             : None
cuSPARSELt Build Version     : None
Device 0 Name                : NVIDIA A100-SXM4-40GB
Device 0 Compute Capability  : 80
Device 0 PCI Bus ID          : 0000:03:00.0
None
Sizes of ptrain and pdot:
[(80000, 4, 4), (80000, 4, 4)]
len(theta) = 256
len(jac) = 1280000
 
LSMR            Least-squares solution of  Ax = b

The matrix A has 2560000 rows and 256 columns
damp = 0.00000000000000e+00

atol = 1.00e-08                 conlim = 1.00e+08

btol = 1.00e-08             maxiter =   100000

 
   itn      x(1)       norm r    norm Ar  compatible   LS      norm A   cond A
     0  0.00000e+00  1.586e+02  2.697e+04   1.0e+00  1.1e+00
     1  7.72187e-02  6.575e+01  8.136e+03   4.1e-01  6.6e-01  1.9e+02  1.0e+00
     2  1.42863e-01  3.402e+01  1.779e+03   2.1e-01  2.1e-01  2.5e+02  1.3e+00
     3  1.48986e-01  3.025e+01  1.278e+03   1.9e-01  1.6e-01  2.7e+02  2.0e+00
     4  1.49559e-01  2.699e+01  1.048e+03   1.7e-01  1.2e-01  3.1e+02  2.4e+00
     5  1.44644e-01  2.168e+01  8.056e+02   1.4e-01  1.1e-01  3.5e+02  2.9e+00
     6  1.39938e-01  1.477e+01  6.121e+02   9.3e-02  1.1e-01  3.7e+02  3.7e+00
     7  1.35425e-01  9.295e+00  3.887e+02   5.9e-02  1.0e-01  4.1e+02  2.4e+00
     8  1.32376e-01  6.893e+00  2.570e+02   4.3e-02  8.6e-02  4.3e+02  2.4e+00
     9  1.28677e-01  5.012e+00  1.364e+02   3.2e-02  6.1e-02  4.5e+02  3.0e+00
    10  1.26112e-01  4.533e+00  1.097e+02   2.9e-02  5.3e-02  4.6e+02  3.5e+00
    20  9.34195e-02  2.903e-01  5.072e+00   1.8e-03  3.2e-02  5.4e+02  5.0e+00
    30  9.39272e-02  2.076e-02  3.114e-01   1.3e-04  2.3e-02  6.6e+02  9.8e+00
    40  9.38653e-02  4.945e-04  7.430e-03   3.1e-06  2.0e-02  7.3e+02  7.1e+00
    50  9.38684e-02  1.181e-05  2.627e-04   7.4e-08  2.6e-02  8.4e+02  7.4e+00
 
LSMR finished
Ax - b is small enough, given atol, btol                  
istop =       1    normr = 1.2e-05
    normA = 8.4e+02    normAr = 2.6e-04
itn   =      50    condA = 7.4e+00
    normx = 1.4e+00
    50  9.38684e-02   1.181e-05  2.627e-04
   7.4e-08  2.6e-02   8.4e+02  7.4e+00
loss = 1.3958424841818237e-10
