OS                           : Linux-5.14.21-150400.24.81_12.0.87-cray_shasta_c-x86_64-with-glibc2.31
Python Version               : 3.9.19
CuPy Version                 : 13.0.0
CuPy Platform                : NVIDIA CUDA
NumPy Version                : 1.26.4
SciPy Version                : 1.13.0
Cython Build Version         : 0.29.36
Cython Runtime Version       : None
CUDA Root                    : /opt/nvidia/hpc_sdk/Linux_x86_64/23.9/cuda/12.2
nvcc PATH                    : /opt/nvidia/hpc_sdk/Linux_x86_64/23.9/cuda/12.2/bin/nvcc
CUDA Build Version           : 12020
CUDA Driver Version          : 12020
CUDA Runtime Version         : 12020 (linked to CuPy) / 12020 (locally installed)
cuBLAS Version               : (available)
cuFFT Version                : 11008
cuRAND Version               : 10303
cuSOLVER Version             : (11, 5, 0)
cuSPARSE Version             : (available)
NVRTC Version                : (12, 2)
Thrust Version               : 200200
CUB Build Version            : 200200
Jitify Build Version         : <unknown>
cuDNN Build Version          : 8801
cuDNN Version                : 8903
NCCL Build Version           : None
NCCL Runtime Version         : None
cuTENSOR Version             : None
cuSPARSELt Build Version     : None
Device 0 Name                : NVIDIA A100-SXM4-40GB
Device 0 Compute Capability  : 80
Device 0 PCI Bus ID          : 0000:82:00.0
None
Sizes of ptrain and pdot:
[(80000, 14, 14), (80000, 14, 14)]
len(theta) = 38416
len(jac) = 15680000
 
LSMR            Least-squares solution of  Ax = b

The matrix A has 31360000 rows and 38416 columns
damp = 0.00000000000000e+00

atol = 1.00e-16                 conlim = 1.00e+08

btol = 1.00e-16             maxiter =   100000

 
   itn      x(1)       norm r    norm Ar  compatible   LS      norm A   cond A
     0  0.00000e+00  4.670e+02  6.538e+04   1.0e+00  3.0e-01
     1  1.15261e-01  2.269e+02  3.123e+04   4.9e-01  8.8e-01  1.6e+02  1.0e+00
     2  2.08162e-01  7.701e+01  5.773e+03   1.6e-01  2.9e-01  2.6e+02  1.1e+00
     3  2.15554e-01  6.322e+01  1.391e+03   1.4e-01  7.5e-02  2.9e+02  1.3e+00
     4  2.14525e-01  6.245e+01  1.177e+03   1.3e-01  6.0e-02  3.1e+02  1.8e+00
     5  2.12384e-01  6.107e+01  1.065e+03   1.3e-01  4.8e-02  3.7e+02  3.3e+00
     6  2.05450e-01  5.323e+01  9.278e+02   1.1e-01  4.5e-02  3.9e+02  7.4e+00
     7  1.96932e-01  4.570e+01  7.748e+02   9.8e-02  4.1e-02  4.1e+02  3.7e+00
     8  1.86737e-01  3.919e+01  5.658e+02   8.4e-02  3.2e-02  4.6e+02  3.7e+00
     9  1.84873e-01  3.772e+01  5.404e+02   8.1e-02  3.1e-02  4.7e+02  7.1e+00
    10  1.77850e-01  3.052e+01  4.496e+02   6.5e-02  3.0e-02  4.9e+02  6.8e+00
    20  1.60377e-01  9.845e+00  1.017e+02   2.1e-02  1.5e-02  6.7e+02  9.6e+00
    30  1.52086e-01  5.231e+00  2.957e+01   1.1e-02  6.9e-03  8.2e+02  9.6e+00
    40  1.46540e-01  4.388e+00  1.129e+01   9.4e-03  2.8e-03  9.2e+02  1.2e+01
    50  1.38790e-01  4.065e+00  8.209e+00   8.7e-03  2.0e-03  1.0e+03  2.9e+01
    60  1.16970e-01  3.408e+00  7.004e+00   7.3e-03  1.9e-03  1.1e+03  1.5e+01
    70  7.54463e-02  2.281e+00  5.170e+00   4.9e-03  1.9e-03  1.2e+03  7.9e+00
    80  4.17102e-02  1.525e+00  3.337e+00   3.3e-03  1.7e-03  1.3e+03  1.7e+01
    90  3.16955e-02  1.277e+00  2.826e+00   2.7e-03  1.6e-03  1.3e+03  7.5e+00
   100  1.22127e-02  7.067e-01  1.913e+00   1.5e-03  1.9e-03  1.4e+03  7.7e+00
   110 -1.78031e-03  3.573e-01  9.315e-01   7.6e-04  1.7e-03  1.5e+03  9.6e+00
 
   itn      x(1)       norm r    norm Ar  compatible   LS      norm A   cond A
   120 -4.13508e-03  3.078e-01  6.468e-01   6.6e-04  1.4e-03  1.5e+03  2.3e+01
   130 -4.57722e-03  2.649e-01  5.623e-01   5.7e-04  1.3e-03  1.6e+03  3.2e+01
   140 -5.21544e-03  1.212e-01  3.425e-01   2.6e-04  1.7e-03  1.7e+03  7.0e+00
   150 -5.48846e-03  6.177e-02  1.507e-01   1.3e-04  1.4e-03  1.7e+03  1.2e+01
   160 -5.48252e-03  5.434e-02  1.126e-01   1.2e-04  1.2e-03  1.8e+03  1.6e+01
   170 -5.41943e-03  4.499e-02  9.459e-02   9.6e-05  1.1e-03  1.8e+03  9.7e+00
   180 -5.28072e-03  2.828e-02  6.021e-02   6.1e-05  1.1e-03  1.9e+03  7.5e+00
   190 -5.23651e-03  2.372e-02  4.824e-02   5.1e-05  1.0e-03  1.9e+03  2.1e+01
   200 -5.19592e-03  1.874e-02  4.099e-02   4.0e-05  1.1e-03  2.0e+03  2.4e+01
   210 -5.11131e-03  7.390e-03  2.345e-02   1.6e-05  1.6e-03  2.0e+03  9.8e+00
   220 -5.07537e-03  3.413e-03  9.157e-03   7.3e-06  1.3e-03  2.1e+03  1.4e+01
   230 -5.07249e-03  3.087e-03  6.071e-03   6.6e-06  9.2e-04  2.1e+03  2.4e+01
   240 -5.07481e-03  2.779e-03  5.291e-03   6.0e-06  8.7e-04  2.2e+03  3.5e+01
   250 -5.08548e-03  1.754e-03  3.654e-03   3.8e-06  9.4e-04  2.2e+03  8.5e+00
   260 -5.09131e-03  1.307e-03  2.679e-03   2.8e-06  9.1e-04  2.3e+03  1.2e+01
   270 -5.09478e-03  1.059e-03  2.284e-03   2.3e-06  9.4e-04  2.3e+03  1.0e+01
   280 -5.10266e-03  4.759e-04  1.432e-03   1.0e-06  1.3e-03  2.3e+03  7.5e+00
   290 -5.10748e-03  1.715e-04  5.288e-04   3.7e-07  1.3e-03  2.4e+03  1.1e+01
   300 -5.10819e-03  1.481e-04  2.836e-04   3.2e-07  7.9e-04  2.4e+03  7.6e+00
   310 -5.10847e-03  1.372e-04  2.531e-04   2.9e-07  7.5e-04  2.5e+03  1.4e+01
 
   itn      x(1)       norm r    norm Ar  compatible   LS      norm A   cond A
   320 -5.10950e-03  9.450e-05  2.017e-04   2.0e-07  8.5e-04  2.5e+03  1.1e+01
   330 -5.11115e-03  3.116e-05  8.831e-05   6.7e-08  1.1e-03  2.5e+03  1.3e+01
   340 -5.11135e-03  2.420e-05  6.222e-05   5.2e-08  1.0e-03  2.6e+03  1.3e+01
   350 -5.11140e-03  1.808e-05  4.851e-05   3.9e-08  1.0e-03  2.6e+03  1.1e+01
   360 -5.11141e-03  9.415e-06  2.589e-05   2.0e-08  1.0e-03  2.7e+03  8.9e+00
   370 -5.11139e-03  7.609e-06  1.482e-05   1.6e-08  7.2e-04  2.7e+03  1.3e+01
   380 -5.11136e-03  6.898e-06  1.266e-05   1.5e-08  6.7e-04  2.7e+03  2.6e+01
   390 -5.11125e-03  4.725e-06  1.015e-05   1.0e-08  7.8e-04  2.8e+03  1.0e+01
   400 -5.11106e-03  1.195e-06  4.322e-06   2.6e-09  1.3e-03  2.8e+03  1.0e+01
   410 -5.11102e-03  7.030e-07  1.780e-06   1.5e-09  8.9e-04  2.8e+03  1.9e+01
   420 -5.11102e-03  6.207e-07  1.313e-06   1.3e-09  7.4e-04  2.9e+03  1.1e+01
   430 -5.11102e-03  4.809e-07  1.032e-06   1.0e-09  7.4e-04  2.9e+03  1.9e+01
   440 -5.11101e-03  3.422e-07  6.763e-07   7.3e-10  6.7e-04  2.9e+03  1.8e+01
   450 -5.11101e-03  3.015e-07  5.734e-07   6.5e-10  6.4e-04  3.0e+03  3.3e+01
   460 -5.11102e-03  1.934e-07  4.396e-07   4.1e-10  7.6e-04  3.0e+03  1.9e+01
   470 -5.11102e-03  5.987e-08  2.122e-07   1.3e-10  1.2e-03  3.0e+03  1.0e+01
   480 -5.11102e-03  3.381e-08  7.526e-08   7.2e-11  7.3e-04  3.1e+03  1.0e+01
   490 -5.11102e-03  3.191e-08  5.166e-08   6.8e-11  5.2e-04  3.1e+03  1.1e+01
   500 -5.11102e-03  3.018e-08  4.639e-08   6.5e-11  4.9e-04  3.1e+03  2.1e+01
   510 -5.11102e-03  2.406e-08  3.578e-08   5.2e-11  4.7e-04  3.2e+03  1.6e+01
 
   itn      x(1)       norm r    norm Ar  compatible   LS      norm A   cond A
   520 -5.11102e-03  1.934e-08  1.974e-08   4.1e-11  3.2e-04  3.2e+03  1.0e+01
   530 -5.11102e-03  1.861e-08  1.405e-08   4.0e-11  2.3e-04  3.2e+03  1.1e+01
   540 -5.11102e-03  1.802e-08  9.554e-09   3.9e-11  1.6e-04  3.3e+03  1.0e+01
   550 -5.11102e-03  1.780e-08  3.912e-09   3.8e-11  6.7e-05  3.3e+03  1.0e+01
   560 -5.11102e-03  1.779e-08  2.388e-09   3.8e-11  4.1e-05  3.3e+03  2.6e+01
   570 -5.11102e-03  1.779e-08  2.099e-09   3.8e-11  3.5e-05  3.3e+03  4.1e+01
   580 -5.11102e-03  1.776e-08  1.608e-09   3.8e-11  2.7e-05  3.4e+03  1.6e+01
   590 -5.11102e-03  1.775e-08  6.769e-10   3.8e-11  1.1e-05  3.4e+03  1.1e+01
   600 -5.11102e-03  1.775e-08  3.097e-10   3.8e-11  5.1e-06  3.4e+03  1.0e+01
   610 -5.11102e-03  1.775e-08  2.401e-10   3.8e-11  3.9e-06  3.5e+03  2.3e+01
   620 -5.11102e-03  1.775e-08  1.802e-10   3.8e-11  2.9e-06  3.5e+03  1.7e+01
   630 -5.11102e-03  1.775e-08  1.058e-10   3.8e-11  1.7e-06  3.5e+03  1.1e+01
   640 -5.11102e-03  1.775e-08  8.367e-11   3.8e-11  1.3e-06  3.5e+03  3.2e+01
   650 -5.11102e-03  1.775e-08  7.475e-11   3.8e-11  1.2e-06  3.6e+03  1.6e+01
   660 -5.11102e-03  1.775e-08  4.268e-11   3.8e-11  6.7e-07  3.6e+03  1.2e+01
   670 -5.11102e-03  1.775e-08  1.209e-11   3.8e-11  1.9e-07  3.6e+03  1.0e+01
   680 -5.11102e-03  1.775e-08  6.154e-12   3.8e-11  9.5e-08  3.6e+03  1.3e+01
   690 -5.11102e-03  1.775e-08  5.186e-12   3.8e-11  7.9e-08  3.7e+03  3.3e+01
   700 -5.11102e-03  1.775e-08  4.437e-12   3.8e-11  6.7e-08  3.7e+03  2.4e+01
   710 -5.11102e-03  1.775e-08  2.487e-12   3.8e-11  3.7e-08  3.7e+03  1.0e+01
 
   itn      x(1)       norm r    norm Ar  compatible   LS      norm A   cond A
   720 -5.11102e-03  1.775e-08  1.797e-12   3.8e-11  2.7e-08  3.8e+03  1.1e+01
   730 -5.11102e-03  1.775e-08  1.271e-12   3.8e-11  1.9e-08  3.8e+03  1.0e+01
   740 -5.11102e-03  1.775e-08  5.789e-13   3.8e-11  8.6e-09  3.8e+03  1.0e+01
   750 -5.11102e-03  1.775e-08  2.629e-13   3.8e-11  3.9e-09  3.8e+03  1.0e+01
   760 -5.11102e-03  1.775e-08  2.109e-13   3.8e-11  3.1e-09  3.9e+03  2.9e+01
   770 -5.11102e-03  1.775e-08  1.884e-13   3.8e-11  2.7e-09  3.9e+03  2.7e+01
   780 -5.11102e-03  1.775e-08  1.149e-13   3.8e-11  1.7e-09  3.9e+03  1.0e+01
   790 -5.11102e-03  1.775e-08  4.363e-14   3.8e-11  6.2e-10  3.9e+03  1.2e+01
   800 -5.11102e-03  1.775e-08  2.798e-14   3.8e-11  4.0e-10  4.0e+03  1.3e+01
   810 -5.11102e-03  1.775e-08  2.141e-14   3.8e-11  3.0e-10  4.0e+03  1.2e+01
   820 -5.11102e-03  1.775e-08  1.175e-14   3.8e-11  1.7e-10  4.0e+03  1.0e+01
   830 -5.11102e-03  1.775e-08  8.214e-15   3.8e-11  1.1e-10  4.0e+03  1.4e+01
   840 -5.11102e-03  1.775e-08  7.373e-15   3.8e-11  1.0e-10  4.1e+03  3.1e+01
   850 -5.11102e-03  1.775e-08  5.360e-15   3.8e-11  7.4e-11  4.1e+03  1.6e+01
   860 -5.11102e-03  1.775e-08  1.561e-15   3.8e-11  2.1e-11  4.1e+03  1.2e+01
   870 -5.11102e-03  1.775e-08  6.682e-16   3.8e-11  9.1e-12  4.1e+03  1.5e+01
   880 -5.11102e-03  1.775e-08  5.262e-16   3.8e-11  7.1e-12  4.2e+03  3.4e+01
   890 -5.11102e-03  1.775e-08  4.608e-16   3.8e-11  6.2e-12  4.2e+03  3.0e+01
   900 -5.11102e-03  1.775e-08  2.919e-16   3.8e-11  3.9e-12  4.2e+03  1.2e+01
   910 -5.11102e-03  1.775e-08  1.934e-16   3.8e-11  2.6e-12  4.2e+03  2.0e+01
 
   itn      x(1)       norm r    norm Ar  compatible   LS      norm A   cond A
   920 -5.11102e-03  1.775e-08  1.584e-16   3.8e-11  2.1e-12  4.2e+03  2.0e+01
   930 -5.11102e-03  1.775e-08  8.547e-17   3.8e-11  1.1e-12  4.3e+03  1.3e+01
   940 -5.11102e-03  1.775e-08  3.358e-17   3.8e-11  4.4e-13  4.3e+03  1.2e+01
   950 -5.11102e-03  1.775e-08  2.436e-17   3.8e-11  3.2e-13  4.3e+03  3.8e+01
   960 -5.11102e-03  1.775e-08  2.175e-17   3.8e-11  2.8e-13  4.3e+03  1.9e+01
   970 -5.11102e-03  1.775e-08  1.347e-17   3.8e-11  1.7e-13  4.4e+03  1.2e+01
   980 -5.11102e-03  1.775e-08  4.775e-18   3.8e-11  6.1e-14  4.4e+03  1.2e+01
   990 -5.11102e-03  1.775e-08  2.521e-18   3.8e-11  3.2e-14  4.4e+03  1.7e+01
  1000 -5.11102e-03  1.775e-08  2.167e-18   3.8e-11  2.8e-14  4.4e+03  2.8e+01
  1010 -5.11102e-03  1.775e-08  1.708e-18   3.8e-11  2.2e-14  4.5e+03  2.2e+01
  1020 -5.11102e-03  1.775e-08  1.106e-18   3.8e-11  1.4e-14  4.5e+03  1.2e+01
  1030 -5.11102e-03  1.775e-08  8.889e-19   3.8e-11  1.1e-14  4.5e+03  1.2e+01
  1040 -5.11102e-03  1.775e-08  6.235e-19   3.8e-11  7.8e-15  4.5e+03  2.0e+01
  1050 -5.11102e-03  1.775e-08  2.494e-19   3.8e-11  3.1e-15  4.5e+03  1.3e+01
  1060 -5.11102e-03  1.775e-08  1.103e-19   3.8e-11  1.4e-15  4.6e+03  1.2e+01
  1070 -5.11102e-03  1.775e-08  9.244e-20   3.8e-11  1.1e-15  4.6e+03  1.5e+01
  1080 -5.11102e-03  1.775e-08  8.081e-20   3.8e-11  9.9e-16  4.6e+03  1.2e+01
  1090 -5.11102e-03  1.775e-08  4.130e-20   3.8e-11  5.0e-16  4.6e+03  1.2e+01
  1100 -5.11102e-03  1.775e-08  1.210e-20   3.8e-11  1.5e-16  4.6e+03  1.4e+01
  1104 -5.11102e-03  1.775e-08  8.708e-21   3.8e-11  1.1e-16  4.7e+03  1.3e+01
 
LSMR finished
The least-squares solution is good enough for this machine
istop =       5    normr = 1.8e-08
    normA = 4.7e+03    normAr = 8.7e-21
itn   =    1104    condA = 1.3e+01
    normx = 6.3e+00
  1104 -5.11102e-03   1.775e-08  8.708e-21
   3.8e-11  1.1e-16   4.7e+03  1.3e+01
loss = 3.1508002670264354e-16
