OS                           : Linux-5.14.21-150400.24.69_12.0.74-cray_shasta_c-x86_64-with-glibc2.31
Python Version               : 3.9.15
CuPy Version                 : 12.1.0
CuPy Platform                : NVIDIA CUDA
NumPy Version                : 1.23.5
SciPy Version                : 1.9.3
Cython Build Version         : 0.29.32
Cython Runtime Version       : None
CUDA Root                    : /opt/nvidia/hpc_sdk/Linux_x86_64/22.7/cuda/11.7
nvcc PATH                    : /opt/nvidia/hpc_sdk/Linux_x86_64/22.7/cuda/11.7/bin/nvcc
CUDA Build Version           : 11080
CUDA Driver Version          : 12000
CUDA Runtime Version         : 11070
cuBLAS Version               : (available)
cuFFT Version                : 10702
cuRAND Version               : 10210
cuSOLVER Version             : (11, 3, 5)
cuSPARSE Version             : (available)
NVRTC Version                : (11, 7)
Thrust Version               : 101501
CUB Build Version            : 101501
Jitify Build Version         : 4a37de0
cuDNN Build Version          : 8801
cuDNN Version                : 8302
NCCL Build Version           : 21602
NCCL Runtime Version         : 21505
cuTENSOR Version             : 10500
cuSPARSELt Build Version     : None
Device 0 Name                : NVIDIA A100-PCIE-40GB
Device 0 Compute Capability  : 80
Device 0 PCI Bus ID          : 0000:C3:00.0
None
Sizes of ptrain and pdot:
[(79920, 14, 14), (79920, 14, 14)]
len(theta) = 38416
len(jac) = 15664320
 
LSMR            Least-squares solution of  Ax = b

The matrix A has 31328640 rows and 38416 columns
damp = 0.00000000000000e+00

atol = 1.00e-08                 conlim = 1.00e+08

btol = 1.00e-08             maxiter =    20000

 
   itn      x(1)       norm r    norm Ar  compatible   LS      norm A   cond A
     0  0.00000e+00  4.987e+02  8.683e+03   1.0e+00  3.5e-02
     1  1.22218e-01  4.444e+02  5.011e+03   8.9e-01  3.1e-01  3.6e+01  1.0e+00
     2  1.80729e-01  4.214e+02  3.573e+03   8.5e-01  1.4e-01  6.2e+01  1.3e+00
     3  2.91008e-01  3.935e+02  2.508e+03   7.9e-01  8.1e-02  7.9e+01  2.1e+00
     4  3.55107e-01  3.820e+02  1.898e+03   7.7e-01  5.3e-02  9.4e+01  1.5e+00
     5  3.56884e-01  3.735e+02  1.457e+03   7.5e-01  3.6e-02  1.1e+02  2.0e+00
     6  2.80318e-01  3.666e+02  1.020e+03   7.4e-01  2.3e-02  1.2e+02  2.0e+00
     7  2.37557e-01  3.638e+02  7.348e+02   7.3e-01  1.6e-02  1.3e+02  1.7e+00
     8  2.20234e-01  3.627e+02  6.259e+02   7.3e-01  1.3e-02  1.4e+02  2.1e+00
     9  1.93089e-01  3.613e+02  4.689e+02   7.2e-01  8.6e-03  1.5e+02  1.9e+00
    10  1.78807e-01  3.606e+02  3.907e+02   7.2e-01  6.9e-03  1.6e+02  2.3e+00
    20  4.22656e-02  3.570e+02  1.153e+02   7.2e-01  1.5e-03  2.2e+02  3.3e+00
    30  4.44061e-02  3.563e+02  5.233e+01   7.1e-01  5.7e-04  2.6e+02  4.9e+00
    40  5.20122e-02  3.560e+02  2.682e+01   7.1e-01  2.6e-04  2.9e+02  4.5e+00
    50  6.08862e-02  3.559e+02  1.382e+01   7.1e-01  1.2e-04  3.3e+02  4.6e+00
    60  6.28342e-02  3.559e+02  7.953e+00   7.1e-01  6.1e-05  3.6e+02  5.2e+00
    70  6.73970e-02  3.559e+02  4.778e+00   7.1e-01  3.4e-05  3.9e+02  6.2e+00
    80  7.38648e-02  3.559e+02  3.209e+00   7.1e-01  2.2e-05  4.1e+02  6.2e+00
    90  7.77681e-02  3.559e+02  2.320e+00   7.1e-01  1.5e-05  4.4e+02  7.1e+00
   100  8.12336e-02  3.559e+02  1.674e+00   7.1e-01  1.0e-05  4.6e+02  5.6e+00
   110  8.31055e-02  3.559e+02  1.201e+00   7.1e-01  7.0e-06  4.8e+02  4.9e+00
 
   itn      x(1)       norm r    norm Ar  compatible   LS      norm A   cond A
   120  8.42716e-02  3.559e+02  7.614e-01   7.1e-01  4.3e-06  5.0e+02  6.4e+00
   130  8.46918e-02  3.559e+02  5.025e-01   7.1e-01  2.7e-06  5.2e+02  5.3e+00
   140  8.48133e-02  3.559e+02  3.497e-01   7.1e-01  1.8e-06  5.4e+02  6.5e+00
   150  8.48001e-02  3.559e+02  2.597e-01   7.1e-01  1.3e-06  5.6e+02  7.5e+00
   160  8.46811e-02  3.559e+02  1.749e-01   7.1e-01  8.5e-07  5.8e+02  4.4e+00
   170  8.45824e-02  3.559e+02  1.071e-01   7.1e-01  5.0e-07  6.0e+02  4.5e+00
   180  8.44897e-02  3.559e+02  6.406e-02   7.1e-01  2.9e-07  6.1e+02  6.6e+00
   190  8.44634e-02  3.559e+02  4.240e-02   7.1e-01  1.9e-07  6.3e+02  5.6e+00
   200  8.44470e-02  3.559e+02  2.996e-02   7.1e-01  1.3e-07  6.5e+02  6.3e+00
   210  8.44234e-02  3.559e+02  2.386e-02   7.1e-01  1.0e-07  6.7e+02  7.7e+00
   220  8.44059e-02  3.559e+02  2.017e-02   7.1e-01  8.4e-08  6.8e+02  1.5e+01
   230  8.44067e-02  3.559e+02  1.888e-02   7.1e-01  7.7e-08  6.9e+02  1.8e+01
   240  8.44072e-02  3.559e+02  1.824e-02   7.1e-01  7.3e-08  7.1e+02  2.0e+01
   250  8.44106e-02  3.559e+02  1.755e-02   7.1e-01  6.8e-08  7.2e+02  2.1e+01
   260  8.44167e-02  3.559e+02  1.657e-02   7.1e-01  6.3e-08  7.4e+02  1.7e+01
   270  8.44252e-02  3.559e+02  1.491e-02   7.1e-01  5.6e-08  7.5e+02  1.2e+01
   280  8.44279e-02  3.559e+02  1.258e-02   7.1e-01  4.6e-08  7.7e+02  9.5e+00
   290  8.44279e-02  3.559e+02  9.849e-03   7.1e-01  3.6e-08  7.8e+02  1.0e+01
   300  8.44239e-02  3.559e+02  7.543e-03   7.1e-01  2.7e-08  7.9e+02  7.6e+00
   310  8.44208e-02  3.559e+02  6.320e-03   7.1e-01  2.2e-08  8.0e+02  8.4e+00
 
   itn      x(1)       norm r    norm Ar  compatible   LS      norm A   cond A
   320  8.44178e-02  3.559e+02  5.482e-03   7.1e-01  1.9e-08  8.2e+02  1.1e+01
   330  8.44149e-02  3.559e+02  4.975e-03   7.1e-01  1.7e-08  8.3e+02  1.1e+01
   340  8.44127e-02  3.559e+02  4.640e-03   7.1e-01  1.5e-08  8.4e+02  1.4e+01
   350  8.44117e-02  3.559e+02  4.318e-03   7.1e-01  1.4e-08  8.5e+02  1.1e+01
   360  8.44110e-02  3.559e+02  3.959e-03   7.1e-01  1.3e-08  8.7e+02  1.2e+01
   370  8.44102e-02  3.559e+02  3.604e-03   7.1e-01  1.2e-08  8.8e+02  1.1e+01
   375  8.44096e-02  3.559e+02  3.425e-03   7.1e-01  1.1e-08  8.8e+02  1.2e+01
   376  8.44096e-02  3.559e+02  3.393e-03   7.1e-01  1.1e-08  8.8e+02  1.4e+01
   377  8.44095e-02  3.559e+02  3.365e-03   7.1e-01  1.1e-08  8.9e+02  1.5e+01
   378  8.44095e-02  3.559e+02  3.338e-03   7.1e-01  1.1e-08  8.9e+02  8.6e+00
   379  8.44095e-02  3.559e+02  3.306e-03   7.1e-01  1.0e-08  8.9e+02  1.6e+01
   380  8.44095e-02  3.559e+02  3.282e-03   7.1e-01  1.0e-08  8.9e+02  1.2e+01
   381  8.44095e-02  3.559e+02  3.256e-03   7.1e-01  1.0e-08  8.9e+02  1.2e+01
   382  8.44096e-02  3.559e+02  3.238e-03   7.1e-01  1.0e-08  8.9e+02  1.6e+01
   383  8.44096e-02  3.559e+02  3.218e-03   7.1e-01  1.0e-08  8.9e+02  1.3e+01
   384  8.44097e-02  3.559e+02  3.193e-03   7.1e-01  1.0e-08  8.9e+02  1.4e+01
   385  8.44097e-02  3.559e+02  3.171e-03   7.1e-01  1.0e-08  9.0e+02  1.7e+01
 
LSMR finished
The least-squares solution is good enough, given atol     
istop =       2    normr = 3.6e+02
    normA = 9.0e+02    normAr = 3.2e-03
itn   =     385    condA = 1.7e+01
    normx = 2.6e+01
   385  8.44097e-02   3.559e+02  3.171e-03
   7.1e-01  1.0e-08   9.0e+02  1.7e+01
loss = 126654.51708111304
