OS                           : Linux-5.14.21-150400.24.69_12.0.74-cray_shasta_c-x86_64-with-glibc2.31
Python Version               : 3.9.15
CuPy Version                 : 12.1.0
CuPy Platform                : NVIDIA CUDA
NumPy Version                : 1.23.5
SciPy Version                : 1.9.3
Cython Build Version         : 0.29.32
Cython Runtime Version       : None
CUDA Root                    : /opt/nvidia/hpc_sdk/Linux_x86_64/22.7/cuda/11.7
nvcc PATH                    : /opt/nvidia/hpc_sdk/Linux_x86_64/22.7/cuda/11.7/bin/nvcc
CUDA Build Version           : 11080
CUDA Driver Version          : 12000
CUDA Runtime Version         : 11070
cuBLAS Version               : (available)
cuFFT Version                : 10702
cuRAND Version               : 10210
cuSOLVER Version             : (11, 3, 5)
cuSPARSE Version             : (available)
NVRTC Version                : (11, 7)
Thrust Version               : 101501
CUB Build Version            : 101501
Jitify Build Version         : 4a37de0
cuDNN Build Version          : 8801
cuDNN Version                : 8302
NCCL Build Version           : 21602
NCCL Runtime Version         : 21505
cuTENSOR Version             : 10500
cuSPARSELt Build Version     : None
Device 0 Name                : NVIDIA A100-SXM4-40GB
Device 0 Compute Capability  : 80
Device 0 PCI Bus ID          : 0000:C1:00.0
None
Size of p_train:
(20000, 14, 14)
len(theta) = 38416
len(jac) = 3919216
 
LSMR            Least-squares solution of  Ax = b

The matrix A has 7838432 rows and 38416 columns
damp = 0.00000000000000e+00

atol = 1.00e-08                 conlim = 1.00e+08

btol = 1.00e-08             maxiter =    20000

 
   itn      x(1)       norm r    norm Ar  compatible   LS      norm A   cond A
     0  0.00000e+00  6.141e+01  8.646e+03   1.0e+00  2.3e+00
     1  2.14518e-07  4.095e+00  2.881e+01   6.7e-02  5.0e-02  1.4e+02  1.0e+00
     2  9.07116e-07  4.051e+00  2.853e+01   6.6e-02  5.0e-02  1.4e+02  1.5e+01
     3  4.37034e-05  2.189e+00  7.191e+00   3.6e-02  1.6e-02  2.0e+02  8.2e+00
     4  4.51277e-05  2.151e+00  7.100e+00   3.5e-02  1.7e-02  2.0e+02  3.5e+01
     5  9.24082e-05  1.217e+00  2.958e+00   2.0e-02  9.9e-03  2.4e+02  7.9e+00
     6  1.00401e-04  9.092e-01  2.432e+00   1.5e-02  1.1e-02  2.4e+02  5.0e+01
     7  1.13534e-04  5.478e-01  1.125e+00   8.9e-03  7.3e-03  2.8e+02  2.9e+01
     8  1.11821e-04  4.229e-01  8.270e-01   6.9e-03  6.9e-03  2.8e+02  4.8e+01
     9  1.11110e-04  3.872e-01  6.665e-01   6.3e-03  5.7e-03  3.0e+02  3.2e+01
    10  1.04026e-04  2.670e-01  4.002e-01   4.3e-03  4.7e-03  3.2e+02  5.6e+01
    20  1.03984e-04  1.151e-01  3.799e-02   1.9e-03  7.8e-04  4.2e+02  8.4e+01
    30  1.06934e-04  1.051e-01  1.720e-02   1.7e-03  3.2e-04  5.1e+02  5.2e+01
    40  1.12413e-04  9.662e-02  1.480e-02   1.6e-03  2.6e-04  5.8e+02  3.5e+02
    50  1.46739e-04  5.124e-02  8.629e-03   8.3e-04  2.6e-04  6.5e+02  1.2e+02
    60  1.63639e-04  3.971e-02  3.427e-03   6.5e-04  1.2e-04  7.1e+02  2.0e+02
    70  1.66166e-04  3.818e-02  3.207e-03   6.2e-04  1.1e-04  7.7e+02  9.3e+01
    80  1.93021e-04  2.371e-02  1.951e-03   3.9e-04  1.0e-04  8.1e+02  1.3e+02
    90  2.03070e-04  2.078e-02  1.257e-03   3.4e-04  7.0e-05  8.7e+02  1.0e+02
   100  2.17480e-04  1.742e-02  9.369e-04   2.8e-04  5.9e-05  9.1e+02  1.6e+02
   110  2.22824e-04  1.646e-02  7.906e-04   2.7e-04  5.0e-05  9.6e+02  2.1e+02
 
   itn      x(1)       norm r    norm Ar  compatible   LS      norm A   cond A
   120  2.24323e-04  1.541e-02  7.354e-04   2.5e-04  4.8e-05  1.0e+03  2.9e+02
   130  2.28440e-04  1.226e-02  5.005e-04   2.0e-04  3.9e-05  1.0e+03  1.6e+02
   140  2.27891e-04  1.199e-02  4.691e-04   2.0e-04  3.6e-05  1.1e+03  1.0e+03
   150  2.16930e-04  1.132e-02  4.406e-04   1.8e-04  3.5e-05  1.1e+03  2.0e+02
   160  1.62788e-04  8.897e-03  2.730e-04   1.4e-04  2.7e-05  1.1e+03  7.4e+02
   170  1.57928e-04  8.728e-03  2.649e-04   1.4e-04  2.6e-05  1.2e+03  1.6e+02
   180  1.27019e-04  7.795e-03  2.151e-04   1.3e-04  2.3e-05  1.2e+03  1.6e+02
   190  1.24261e-04  7.731e-03  2.122e-04   1.3e-04  2.2e-05  1.3e+03  6.7e+02
   200  7.91511e-05  6.813e-03  1.769e-04   1.1e-04  2.0e-05  1.3e+03  1.6e+02
   210  6.51551e-05  6.567e-03  1.647e-04   1.1e-04  1.9e-05  1.3e+03  1.0e+03
   220  6.13203e-05  6.455e-03  1.616e-04   1.1e-04  1.9e-05  1.3e+03  5.7e+02
   230  1.39111e-05  5.218e-03  1.170e-04   8.5e-05  1.6e-05  1.4e+03  9.9e+02
   240  8.86567e-06  5.076e-03  1.129e-04   8.3e-05  1.6e-05  1.4e+03  2.3e+02
   250 -2.72210e-05  4.260e-03  7.869e-05   6.9e-05  1.3e-05  1.4e+03  1.5e+03
   260 -2.87283e-05  4.220e-03  7.753e-05   6.9e-05  1.3e-05  1.5e+03  2.5e+02
   270 -5.69680e-05  3.605e-03  5.295e-05   5.9e-05  9.8e-06  1.5e+03  4.4e+02
   280 -5.73577e-05  3.581e-03  5.198e-05   5.8e-05  9.5e-06  1.5e+03  4.1e+02
   290 -5.77258e-05  3.314e-03  4.006e-05   5.4e-05  7.8e-06  1.5e+03  2.9e+02
   300 -5.75790e-05  3.291e-03  3.871e-05   5.4e-05  7.5e-06  1.6e+03  2.1e+02
   310 -5.42506e-05  3.210e-03  3.590e-05   5.2e-05  7.0e-06  1.6e+03  2.1e+02
 
   itn      x(1)       norm r    norm Ar  compatible   LS      norm A   cond A
   320 -4.89883e-05  3.104e-03  3.112e-05   5.1e-05  6.2e-06  1.6e+03  6.5e+02
   330 -4.24941e-05  3.031e-03  2.852e-05   4.9e-05  5.7e-06  1.7e+03  2.1e+02
   340 -3.79873e-05  2.988e-03  2.658e-05   4.9e-05  5.3e-06  1.7e+03  1.8e+03
   350 -2.71209e-05  2.871e-03  2.255e-05   4.7e-05  4.6e-06  1.7e+03  2.5e+02
   360 -2.49702e-05  2.851e-03  2.162e-05   4.6e-05  4.4e-06  1.7e+03  1.6e+03
   370 -2.49061e-05  2.838e-03  2.125e-05   4.6e-05  4.3e-06  1.7e+03  2.1e+02
   380 -2.47838e-05  2.754e-03  1.818e-05   4.5e-05  3.7e-06  1.8e+03  2.1e+02
   390 -2.56863e-05  2.731e-03  1.743e-05   4.4e-05  3.6e-06  1.8e+03  2.1e+02
   400 -2.76505e-05  2.690e-03  1.589e-05   4.4e-05  3.3e-06  1.8e+03  2.1e+02
   410 -3.03063e-05  2.672e-03  1.535e-05   4.4e-05  3.1e-06  1.8e+03  4.4e+02
   420 -3.90321e-05  2.619e-03  1.351e-05   4.3e-05  2.8e-06  1.9e+03  4.7e+02
   430 -3.98223e-05  2.615e-03  1.334e-05   4.3e-05  2.7e-06  1.9e+03  2.9e+03
   440 -4.23669e-05  2.605e-03  1.308e-05   4.2e-05  2.6e-06  1.9e+03  2.1e+02
   450 -5.66846e-05  2.554e-03  1.154e-05   4.2e-05  2.3e-06  1.9e+03  7.1e+02
   460 -6.26634e-05  2.537e-03  1.108e-05   4.1e-05  2.2e-06  2.0e+03  2.5e+02
   470 -7.24489e-05  2.512e-03  1.031e-05   4.1e-05  2.1e-06  2.0e+03  5.7e+02
   480 -7.47211e-05  2.506e-03  1.018e-05   4.1e-05  2.0e-06  2.0e+03  1.6e+03
   490 -8.43406e-05  2.486e-03  9.618e-06   4.0e-05  1.9e-06  2.0e+03  1.5e+03
   500 -8.60455e-05  2.483e-03  9.538e-06   4.0e-05  1.9e-06  2.0e+03  1.1e+03
   510 -1.02455e-04  2.453e-03  8.835e-06   4.0e-05  1.8e-06  2.1e+03  2.5e+02
 
   itn      x(1)       norm r    norm Ar  compatible   LS      norm A   cond A
   520 -1.09627e-04  2.442e-03  8.512e-06   4.0e-05  1.7e-06  2.1e+03  2.5e+02
   530 -1.19469e-04  2.426e-03  8.156e-06   4.0e-05  1.6e-06  2.1e+03  3.5e+02
   540 -1.24426e-04  2.419e-03  7.972e-06   3.9e-05  1.6e-06  2.1e+03  1.5e+03
   550 -1.29826e-04  2.411e-03  7.794e-06   3.9e-05  1.5e-06  2.1e+03  5.5e+02
   560 -1.32303e-04  2.408e-03  7.713e-06   3.9e-05  1.5e-06  2.2e+03  2.8e+03
   570 -1.36800e-04  2.401e-03  7.601e-06   3.9e-05  1.5e-06  2.2e+03  2.7e+02
   580 -1.56082e-04  2.376e-03  7.103e-06   3.9e-05  1.4e-06  2.2e+03  2.5e+02
   590 -1.57848e-04  2.374e-03  7.066e-06   3.9e-05  1.3e-06  2.2e+03  5.6e+02
   600 -1.71204e-04  2.359e-03  6.784e-06   3.8e-05  1.3e-06  2.2e+03  8.6e+02
   610 -1.75306e-04  2.354e-03  6.705e-06   3.8e-05  1.3e-06  2.2e+03  4.4e+02
   620 -1.84548e-04  2.344e-03  6.528e-06   3.8e-05  1.2e-06  2.3e+03  3.0e+03
   630 -1.85665e-04  2.343e-03  6.511e-06   3.8e-05  1.2e-06  2.3e+03  3.3e+03
   640 -2.12261e-04  2.318e-03  6.118e-06   3.8e-05  1.1e-06  2.3e+03  2.5e+02
   650 -2.16507e-04  2.314e-03  6.071e-06   3.8e-05  1.1e-06  2.3e+03  2.5e+02
   660 -2.35026e-04  2.298e-03  5.864e-06   3.7e-05  1.1e-06  2.3e+03  3.1e+02
   670 -2.44714e-04  2.291e-03  5.778e-06   3.7e-05  1.1e-06  2.4e+03  4.7e+02
   680 -2.55804e-04  2.282e-03  5.678e-06   3.7e-05  1.0e-06  2.4e+03  2.5e+02
   690 -2.56554e-04  2.282e-03  5.672e-06   3.7e-05  1.0e-06  2.4e+03  2.6e+03
   700 -2.84031e-04  2.262e-03  5.465e-06   3.7e-05  1.0e-06  2.4e+03  2.5e+02
   710 -2.88103e-04  2.259e-03  5.440e-06   3.7e-05  9.9e-07  2.4e+03  4.8e+02
 
   itn      x(1)       norm r    norm Ar  compatible   LS      norm A   cond A
   720 -3.09273e-04  2.245e-03  5.312e-06   3.7e-05  9.7e-07  2.4e+03  2.1e+03
   730 -3.12115e-04  2.243e-03  5.296e-06   3.7e-05  9.6e-07  2.5e+03  7.7e+02
   740 -3.36463e-04  2.228e-03  5.157e-06   3.6e-05  9.4e-07  2.5e+03  2.8e+03
   750 -3.40583e-04  2.225e-03  5.137e-06   3.6e-05  9.3e-07  2.5e+03  1.9e+03
   760 -3.73596e-04  2.204e-03  4.970e-06   3.6e-05  9.0e-07  2.5e+03  1.5e+03
   770 -3.75709e-04  2.203e-03  4.960e-06   3.6e-05  8.9e-07  2.5e+03  3.3e+02
   780 -3.99934e-04  2.189e-03  4.844e-06   3.6e-05  8.7e-07  2.5e+03  2.5e+02
   790 -4.19108e-04  2.177e-03  4.762e-06   3.5e-05  8.6e-07  2.6e+03  2.5e+02
   800 -4.52587e-04  2.159e-03  4.614e-06   3.5e-05  8.3e-07  2.6e+03  8.3e+02
   810 -4.54417e-04  2.158e-03  4.607e-06   3.5e-05  8.3e-07  2.6e+03  1.3e+03
   820 -4.94968e-04  2.136e-03  4.445e-06   3.5e-05  8.0e-07  2.6e+03  6.4e+02
   830 -5.21959e-04  2.123e-03  4.334e-06   3.5e-05  7.8e-07  2.6e+03  2.5e+03
   840 -5.23684e-04  2.122e-03  4.327e-06   3.5e-05  7.7e-07  2.6e+03  3.5e+03
   850 -5.76293e-04  2.097e-03  4.128e-06   3.4e-05  7.4e-07  2.7e+03  3.1e+03
   860 -5.85055e-04  2.093e-03  4.097e-06   3.4e-05  7.3e-07  2.7e+03  2.5e+02
   870 -6.22439e-04  2.077e-03  3.965e-06   3.4e-05  7.1e-07  2.7e+03  1.5e+03
   880 -6.24623e-04  2.076e-03  3.957e-06   3.4e-05  7.1e-07  2.7e+03  1.9e+03
   890 -6.66885e-04  2.059e-03  3.817e-06   3.4e-05  6.8e-07  2.7e+03  3.2e+02
   900 -6.69946e-04  2.058e-03  3.807e-06   3.4e-05  6.8e-07  2.7e+03  5.0e+02
   910 -6.80856e-04  2.053e-03  3.775e-06   3.3e-05  6.7e-07  2.7e+03  3.2e+02
 
   itn      x(1)       norm r    norm Ar  compatible   LS      norm A   cond A
   920 -7.25796e-04  2.037e-03  3.640e-06   3.3e-05  6.5e-07  2.8e+03  2.8e+02
   930 -7.38613e-04  2.033e-03  3.605e-06   3.3e-05  6.4e-07  2.8e+03  2.5e+02
   940 -7.91205e-04  2.015e-03  3.461e-06   3.3e-05  6.2e-07  2.8e+03  2.5e+02
   950 -7.96133e-04  2.014e-03  3.449e-06   3.3e-05  6.1e-07  2.8e+03  1.8e+03
   960 -8.59040e-04  1.994e-03  3.291e-06   3.2e-05  5.9e-07  2.8e+03  2.5e+02
   970 -8.67797e-04  1.992e-03  3.269e-06   3.2e-05  5.8e-07  2.8e+03  2.0e+03
   980 -9.20876e-04  1.977e-03  3.144e-06   3.2e-05  5.6e-07  2.8e+03  2.5e+02
   990 -9.33543e-04  1.974e-03  3.114e-06   3.2e-05  5.5e-07  2.9e+03  2.5e+02
  1000 -9.57592e-04  1.967e-03  3.058e-06   3.2e-05  5.4e-07  2.9e+03  2.5e+02
  1010 -9.61700e-04  1.966e-03  3.048e-06   3.2e-05  5.4e-07  2.9e+03  2.3e+03
  1020 -1.03571e-03  1.949e-03  2.883e-06   3.2e-05  5.1e-07  2.9e+03  9.1e+02
  1030 -1.04064e-03  1.947e-03  2.872e-06   3.2e-05  5.1e-07  2.9e+03  2.1e+03
  1040 -1.08082e-03  1.939e-03  2.788e-06   3.2e-05  4.9e-07  2.9e+03  2.5e+02
  1050 -1.08874e-03  1.937e-03  2.771e-06   3.2e-05  4.9e-07  2.9e+03  2.5e+02
  1060 -1.13465e-03  1.927e-03  2.680e-06   3.1e-05  4.7e-07  3.0e+03  2.5e+02
  1070 -1.13757e-03  1.927e-03  2.675e-06   3.1e-05  4.7e-07  3.0e+03  2.6e+03
  1080 -1.15363e-03  1.924e-03  2.646e-06   3.1e-05  4.6e-07  3.0e+03  9.0e+02
  1090 -1.18112e-03  1.919e-03  2.595e-06   3.1e-05  4.5e-07  3.0e+03  3.8e+03
  1100 -1.21582e-03  1.912e-03  2.533e-06   3.1e-05  4.4e-07  3.0e+03  2.5e+02
  1110 -1.21805e-03  1.912e-03  2.529e-06   3.1e-05  4.4e-07  3.0e+03  1.9e+03
 
   itn      x(1)       norm r    norm Ar  compatible   LS      norm A   cond A
  1120 -1.27532e-03  1.902e-03  2.438e-06   3.1e-05  4.2e-07  3.0e+03  6.1e+02
  1130 -1.27746e-03  1.902e-03  2.435e-06   3.1e-05  4.2e-07  3.1e+03  5.6e+03
  1140 -1.31538e-03  1.896e-03  2.383e-06   3.1e-05  4.1e-07  3.1e+03  4.7e+02
  1150 -1.34043e-03  1.892e-03  2.348e-06   3.1e-05  4.0e-07  3.1e+03  1.5e+03
  1160 -1.34307e-03  1.891e-03  2.345e-06   3.1e-05  4.0e-07  3.1e+03  3.5e+02
  1170 -1.40074e-03  1.883e-03  2.275e-06   3.1e-05  3.9e-07  3.1e+03  7.6e+02
  1180 -1.40701e-03  1.882e-03  2.268e-06   3.1e-05  3.9e-07  3.1e+03  1.1e+03
  1190 -1.42634e-03  1.879e-03  2.247e-06   3.1e-05  3.8e-07  3.1e+03  3.3e+02
  1200 -1.46370e-03  1.874e-03  2.206e-06   3.1e-05  3.7e-07  3.2e+03  4.1e+03
  1210 -1.46993e-03  1.873e-03  2.200e-06   3.1e-05  3.7e-07  3.2e+03  9.5e+02
  1220 -1.50268e-03  1.869e-03  2.167e-06   3.0e-05  3.7e-07  3.2e+03  6.3e+02
  1230 -1.50904e-03  1.868e-03  2.161e-06   3.0e-05  3.6e-07  3.2e+03  3.7e+03
  1240 -1.53643e-03  1.865e-03  2.135e-06   3.0e-05  3.6e-07  3.2e+03  3.3e+02
  1250 -1.55902e-03  1.862e-03  2.114e-06   3.0e-05  3.5e-07  3.2e+03  3.3e+02
  1260 -1.61543e-03  1.855e-03  2.067e-06   3.0e-05  3.5e-07  3.2e+03  8.2e+02
  1270 -1.62305e-03  1.854e-03  2.061e-06   3.0e-05  3.4e-07  3.2e+03  6.1e+03
  1280 -1.63043e-03  1.853e-03  2.055e-06   3.0e-05  3.4e-07  3.3e+03  1.4e+03
  1290 -1.65398e-03  1.850e-03  2.037e-06   3.0e-05  3.4e-07  3.3e+03  8.7e+02
  1300 -1.68996e-03  1.846e-03  2.011e-06   3.0e-05  3.3e-07  3.3e+03  3.3e+02
  1310 -1.70299e-03  1.844e-03  2.001e-06   3.0e-05  3.3e-07  3.3e+03  3.3e+02
 
   itn      x(1)       norm r    norm Ar  compatible   LS      norm A   cond A
  1320 -1.70537e-03  1.844e-03  1.999e-06   3.0e-05  3.3e-07  3.3e+03  3.3e+03
  1330 -1.75711e-03  1.838e-03  1.965e-06   3.0e-05  3.2e-07  3.3e+03  7.1e+02
  1340 -1.77188e-03  1.837e-03  1.955e-06   3.0e-05  3.2e-07  3.3e+03  1.0e+04
  1350 -1.79919e-03  1.834e-03  1.939e-06   3.0e-05  3.2e-07  3.3e+03  3.3e+02
  1360 -1.84667e-03  1.829e-03  1.911e-06   3.0e-05  3.1e-07  3.4e+03  3.3e+02
  1370 -1.91723e-03  1.821e-03  1.872e-06   3.0e-05  3.1e-07  3.4e+03  4.6e+02
  1380 -1.94025e-03  1.819e-03  1.859e-06   3.0e-05  3.0e-07  3.4e+03  1.8e+03
  1390 -1.94718e-03  1.818e-03  1.855e-06   3.0e-05  3.0e-07  3.4e+03  2.4e+03
  1400 -1.99292e-03  1.814e-03  1.832e-06   3.0e-05  3.0e-07  3.4e+03  7.9e+02
  1410 -2.00303e-03  1.813e-03  1.826e-06   3.0e-05  3.0e-07  3.4e+03  5.5e+02
  1420 -2.08656e-03  1.805e-03  1.784e-06   2.9e-05  2.9e-07  3.4e+03  3.3e+02
  1430 -2.09493e-03  1.804e-03  1.780e-06   2.9e-05  2.9e-07  3.4e+03  6.8e+02
  1440 -2.15419e-03  1.799e-03  1.751e-06   2.9e-05  2.8e-07  3.5e+03  1.3e+03
  1450 -2.15940e-03  1.798e-03  1.748e-06   2.9e-05  2.8e-07  3.5e+03  2.3e+03
  1460 -2.23107e-03  1.792e-03  1.715e-06   2.9e-05  2.8e-07  3.5e+03  9.4e+02
  1470 -2.24268e-03  1.791e-03  1.709e-06   2.9e-05  2.7e-07  3.5e+03  1.3e+03
  1480 -2.27325e-03  1.788e-03  1.695e-06   2.9e-05  2.7e-07  3.5e+03  3.3e+02
  1490 -2.29371e-03  1.787e-03  1.687e-06   2.9e-05  2.7e-07  3.5e+03  7.2e+02
  1500 -2.36545e-03  1.781e-03  1.655e-06   2.9e-05  2.6e-07  3.5e+03  6.9e+02
  1510 -2.36796e-03  1.780e-03  1.654e-06   2.9e-05  2.6e-07  3.5e+03  7.4e+03
 
   itn      x(1)       norm r    norm Ar  compatible   LS      norm A   cond A
  1520 -2.41904e-03  1.776e-03  1.634e-06   2.9e-05  2.6e-07  3.5e+03  7.8e+02
  1530 -2.47267e-03  1.772e-03  1.612e-06   2.9e-05  2.6e-07  3.6e+03  2.9e+03
  1540 -2.53121e-03  1.768e-03  1.590e-06   2.9e-05  2.5e-07  3.6e+03  3.3e+02
  1550 -2.56045e-03  1.765e-03  1.579e-06   2.9e-05  2.5e-07  3.6e+03  3.3e+02
  1560 -2.60182e-03  1.762e-03  1.564e-06   2.9e-05  2.5e-07  3.6e+03  8.3e+02
  1570 -2.63563e-03  1.760e-03  1.552e-06   2.9e-05  2.4e-07  3.6e+03  4.6e+03
  1580 -2.65717e-03  1.758e-03  1.544e-06   2.9e-05  2.4e-07  3.6e+03  1.8e+03
  1590 -2.68571e-03  1.756e-03  1.534e-06   2.9e-05  2.4e-07  3.6e+03  2.0e+03
  1600 -2.69078e-03  1.756e-03  1.533e-06   2.9e-05  2.4e-07  3.6e+03  1.5e+03
  1610 -2.78097e-03  1.750e-03  1.502e-06   2.8e-05  2.4e-07  3.7e+03  3.3e+02
  1620 -2.79086e-03  1.749e-03  1.498e-06   2.8e-05  2.3e-07  3.7e+03  7.9e+02
  1630 -2.91095e-03  1.741e-03  1.459e-06   2.8e-05  2.3e-07  3.7e+03  1.8e+03
  1640 -2.91338e-03  1.741e-03  1.458e-06   2.8e-05  2.3e-07  3.7e+03  4.8e+03
  1650 -3.00814e-03  1.735e-03  1.428e-06   2.8e-05  2.2e-07  3.7e+03  5.0e+02
  1660 -3.03066e-03  1.733e-03  1.421e-06   2.8e-05  2.2e-07  3.7e+03  4.7e+03
  1670 -3.08887e-03  1.730e-03  1.403e-06   2.8e-05  2.2e-07  3.7e+03  3.3e+02
  1680 -3.13333e-03  1.727e-03  1.390e-06   2.8e-05  2.2e-07  3.7e+03  1.3e+03
  1690 -3.19085e-03  1.724e-03  1.372e-06   2.8e-05  2.1e-07  3.7e+03  7.7e+02
  1700 -3.26658e-03  1.719e-03  1.349e-06   2.8e-05  2.1e-07  3.8e+03  7.9e+02
  1710 -3.27490e-03  1.719e-03  1.347e-06   2.8e-05  2.1e-07  3.8e+03  6.8e+03
 
   itn      x(1)       norm r    norm Ar  compatible   LS      norm A   cond A
  1720 -3.30459e-03  1.717e-03  1.339e-06   2.8e-05  2.1e-07  3.8e+03  4.2e+02
  1730 -3.41150e-03  1.711e-03  1.308e-06   2.8e-05  2.0e-07  3.8e+03  3.3e+02
  1740 -3.41636e-03  1.711e-03  1.306e-06   2.8e-05  2.0e-07  3.8e+03  5.6e+02
  1750 -3.51148e-03  1.706e-03  1.280e-06   2.8e-05  2.0e-07  3.8e+03  1.6e+03
  1760 -3.51679e-03  1.706e-03  1.279e-06   2.8e-05  2.0e-07  3.8e+03  2.9e+03
  1770 -3.61530e-03  1.701e-03  1.253e-06   2.8e-05  1.9e-07  3.8e+03  2.3e+03
  1780 -3.62071e-03  1.700e-03  1.252e-06   2.8e-05  1.9e-07  3.8e+03  6.3e+02
  1790 -3.64629e-03  1.699e-03  1.245e-06   2.8e-05  1.9e-07  3.8e+03  7.8e+02
  1800 -3.72377e-03  1.695e-03  1.226e-06   2.8e-05  1.9e-07  3.9e+03  3.3e+02
  1810 -3.80305e-03  1.692e-03  1.207e-06   2.8e-05  1.8e-07  3.9e+03  3.3e+02
  1820 -3.84054e-03  1.690e-03  1.198e-06   2.8e-05  1.8e-07  3.9e+03  7.5e+03
  1830 -3.85527e-03  1.689e-03  1.195e-06   2.8e-05  1.8e-07  3.9e+03  1.4e+03
  1840 -3.87554e-03  1.688e-03  1.190e-06   2.7e-05  1.8e-07  3.9e+03  5.9e+03
  1850 -3.92763e-03  1.686e-03  1.179e-06   2.7e-05  1.8e-07  3.9e+03  8.0e+02
  1860 -3.98383e-03  1.683e-03  1.167e-06   2.7e-05  1.8e-07  3.9e+03  4.1e+02
  1870 -4.01061e-03  1.682e-03  1.162e-06   2.7e-05  1.8e-07  3.9e+03  1.2e+03
  1880 -4.08142e-03  1.679e-03  1.147e-06   2.7e-05  1.7e-07  3.9e+03  6.0e+02
  1890 -4.09586e-03  1.678e-03  1.145e-06   2.7e-05  1.7e-07  4.0e+03  2.2e+03
  1900 -4.11778e-03  1.678e-03  1.140e-06   2.7e-05  1.7e-07  4.0e+03  5.5e+03
  1910 -4.12249e-03  1.677e-03  1.139e-06   2.7e-05  1.7e-07  4.0e+03  1.6e+03
 
   itn      x(1)       norm r    norm Ar  compatible   LS      norm A   cond A
  1920 -4.24185e-03  1.672e-03  1.117e-06   2.7e-05  1.7e-07  4.0e+03  3.3e+02
  1930 -4.25035e-03  1.672e-03  1.115e-06   2.7e-05  1.7e-07  4.0e+03  7.4e+02
  1940 -4.39027e-03  1.666e-03  1.090e-06   2.7e-05  1.6e-07  4.0e+03  7.4e+02
  1950 -4.39584e-03  1.666e-03  1.089e-06   2.7e-05  1.6e-07  4.0e+03  6.4e+03
  1960 -4.44274e-03  1.664e-03  1.081e-06   2.7e-05  1.6e-07  4.0e+03  8.8e+02
  1970 -4.47016e-03  1.663e-03  1.077e-06   2.7e-05  1.6e-07  4.0e+03  3.0e+03
  1980 -4.47565e-03  1.663e-03  1.076e-06   2.7e-05  1.6e-07  4.0e+03  2.7e+03
  1990 -4.61259e-03  1.658e-03  1.053e-06   2.7e-05  1.6e-07  4.1e+03  3.3e+02
  2000 -4.61711e-03  1.658e-03  1.052e-06   2.7e-05  1.6e-07  4.1e+03  1.9e+03
  2010 -4.75945e-03  1.653e-03  1.029e-06   2.7e-05  1.5e-07  4.1e+03  3.3e+02
  2020 -4.76938e-03  1.652e-03  1.027e-06   2.7e-05  1.5e-07  4.1e+03  5.8e+03
  2030 -4.83583e-03  1.650e-03  1.017e-06   2.7e-05  1.5e-07  4.1e+03  7.5e+02
  2040 -4.84806e-03  1.650e-03  1.015e-06   2.7e-05  1.5e-07  4.1e+03  1.0e+03
  2050 -4.94398e-03  1.646e-03  1.000e-06   2.7e-05  1.5e-07  4.1e+03  3.3e+02
  2060 -5.00149e-03  1.644e-03  9.910e-07   2.7e-05  1.5e-07  4.1e+03  3.3e+02
  2070 -5.04475e-03  1.643e-03  9.843e-07   2.7e-05  1.4e-07  4.1e+03  5.5e+02
  2080 -5.06331e-03  1.642e-03  9.814e-07   2.7e-05  1.4e-07  4.1e+03  4.0e+03
  2090 -5.17494e-03  1.639e-03  9.646e-07   2.7e-05  1.4e-07  4.2e+03  6.1e+02
  2100 -5.19761e-03  1.638e-03  9.611e-07   2.7e-05  1.4e-07  4.2e+03  2.4e+03
  2110 -5.20963e-03  1.638e-03  9.594e-07   2.7e-05  1.4e-07  4.2e+03  1.5e+03
 
   itn      x(1)       norm r    norm Ar  compatible   LS      norm A   cond A
  2120 -5.38034e-03  1.633e-03  9.340e-07   2.7e-05  1.4e-07  4.2e+03  3.3e+02
  2130 -5.39612e-03  1.632e-03  9.317e-07   2.7e-05  1.4e-07  4.2e+03  1.1e+03
  2140 -5.52437e-03  1.628e-03  9.130e-07   2.7e-05  1.3e-07  4.2e+03  5.0e+03
  2150 -5.53427e-03  1.628e-03  9.116e-07   2.7e-05  1.3e-07  4.2e+03  5.8e+02
  2160 -5.72173e-03  1.623e-03  8.850e-07   2.6e-05  1.3e-07  4.2e+03  8.6e+02
  2170 -5.73216e-03  1.623e-03  8.835e-07   2.6e-05  1.3e-07  4.2e+03  5.2e+03
  2180 -5.74670e-03  1.622e-03  8.815e-07   2.6e-05  1.3e-07  4.2e+03  3.4e+02
  2190 -5.92082e-03  1.618e-03  8.576e-07   2.6e-05  1.2e-07  4.3e+03  3.7e+02
  2200 -5.93099e-03  1.618e-03  8.562e-07   2.6e-05  1.2e-07  4.3e+03  1.8e+03
  2210 -6.10965e-03  1.613e-03  8.320e-07   2.6e-05  1.2e-07  4.3e+03  9.0e+02
  2220 -6.12642e-03  1.613e-03  8.297e-07   2.6e-05  1.2e-07  4.3e+03  3.9e+03
  2230 -6.21316e-03  1.611e-03  8.181e-07   2.6e-05  1.2e-07  4.3e+03  8.2e+02
  2240 -6.24543e-03  1.610e-03  8.137e-07   2.6e-05  1.2e-07  4.3e+03  3.5e+03
  2250 -6.29694e-03  1.609e-03  8.069e-07   2.6e-05  1.2e-07  4.3e+03  3.3e+02
  2260 -6.43500e-03  1.606e-03  7.883e-07   2.6e-05  1.1e-07  4.3e+03  3.3e+02
  2270 -6.44418e-03  1.606e-03  7.871e-07   2.6e-05  1.1e-07  4.3e+03  3.8e+03
  2280 -6.63079e-03  1.602e-03  7.625e-07   2.6e-05  1.1e-07  4.3e+03  2.7e+03
  2290 -6.64661e-03  1.601e-03  7.605e-07   2.6e-05  1.1e-07  4.4e+03  1.9e+03
  2300 -6.80050e-03  1.598e-03  7.406e-07   2.6e-05  1.1e-07  4.4e+03  3.3e+02
  2310 -6.81342e-03  1.598e-03  7.389e-07   2.6e-05  1.1e-07  4.4e+03  3.3e+02
 
   itn      x(1)       norm r    norm Ar  compatible   LS      norm A   cond A
  2320 -6.85675e-03  1.597e-03  7.334e-07   2.6e-05  1.0e-07  4.4e+03  2.6e+03
  2330 -6.86692e-03  1.597e-03  7.321e-07   2.6e-05  1.0e-07  4.4e+03  2.9e+03
  2340 -7.03374e-03  1.594e-03  7.111e-07   2.6e-05  1.0e-07  4.4e+03  9.8e+02
  2350 -7.03922e-03  1.594e-03  7.104e-07   2.6e-05  1.0e-07  4.4e+03  3.3e+03
  2360 -7.19282e-03  1.591e-03  6.915e-07   2.6e-05  9.8e-08  4.4e+03  3.3e+02
  2370 -7.20185e-03  1.591e-03  6.904e-07   2.6e-05  9.8e-08  4.4e+03  1.0e+03
  2380 -7.26866e-03  1.590e-03  6.824e-07   2.6e-05  9.7e-08  4.4e+03  9.7e+02
  2390 -7.29819e-03  1.590e-03  6.788e-07   2.6e-05  9.6e-08  4.4e+03  2.0e+03
  2400 -7.30771e-03  1.590e-03  6.777e-07   2.6e-05  9.6e-08  4.5e+03  1.4e+03
  2410 -7.40475e-03  1.588e-03  6.662e-07   2.6e-05  9.4e-08  4.5e+03  1.5e+03
  2420 -7.41133e-03  1.588e-03  6.654e-07   2.6e-05  9.4e-08  4.5e+03  3.3e+02
  2430 -7.48997e-03  1.587e-03  6.562e-07   2.6e-05  9.2e-08  4.5e+03  1.6e+03
  2440 -7.51684e-03  1.586e-03  6.531e-07   2.6e-05  9.2e-08  4.5e+03  4.1e+02
  2450 -7.61522e-03  1.585e-03  6.418e-07   2.6e-05  9.0e-08  4.5e+03  4.3e+03
  2460 -7.62680e-03  1.585e-03  6.405e-07   2.6e-05  9.0e-08  4.5e+03  1.5e+03
  2470 -7.75851e-03  1.583e-03  6.255e-07   2.6e-05  8.7e-08  4.5e+03  3.3e+02
  2480 -7.76180e-03  1.583e-03  6.252e-07   2.6e-05  8.7e-08  4.5e+03  2.6e+03
  2490 -7.87318e-03  1.581e-03  6.128e-07   2.6e-05  8.5e-08  4.5e+03  3.3e+02
  2500 -7.93513e-03  1.580e-03  6.059e-07   2.6e-05  8.4e-08  4.5e+03  3.3e+02
  2510 -7.94081e-03  1.580e-03  6.052e-07   2.6e-05  8.4e-08  4.6e+03  2.6e+03
 
   itn      x(1)       norm r    norm Ar  compatible   LS      norm A   cond A
  2520 -8.11394e-03  1.578e-03  5.865e-07   2.6e-05  8.1e-08  4.6e+03  1.0e+03
  2530 -8.11994e-03  1.578e-03  5.858e-07   2.6e-05  8.1e-08  4.6e+03  3.5e+03
  2540 -8.14065e-03  1.578e-03  5.837e-07   2.6e-05  8.1e-08  4.6e+03  1.3e+03
  2550 -8.21272e-03  1.577e-03  5.760e-07   2.6e-05  8.0e-08  4.6e+03  9.0e+02
  2560 -8.25927e-03  1.576e-03  5.711e-07   2.6e-05  7.9e-08  4.6e+03  3.9e+02
  2570 -8.31307e-03  1.576e-03  5.654e-07   2.6e-05  7.8e-08  4.6e+03  3.9e+03
  2580 -8.32232e-03  1.576e-03  5.644e-07   2.6e-05  7.8e-08  4.6e+03  2.5e+03
  2590 -8.44579e-03  1.574e-03  5.517e-07   2.6e-05  7.6e-08  4.6e+03  3.0e+03
  2600 -8.45728e-03  1.574e-03  5.505e-07   2.6e-05  7.5e-08  4.6e+03  3.3e+02
  2610 -8.54775e-03  1.573e-03  5.412e-07   2.6e-05  7.4e-08  4.6e+03  3.9e+02
  2620 -8.56284e-03  1.573e-03  5.397e-07   2.6e-05  7.4e-08  4.7e+03  1.3e+03
  2630 -8.69588e-03  1.571e-03  5.265e-07   2.6e-05  7.2e-08  4.7e+03  7.3e+02
  2640 -8.70493e-03  1.571e-03  5.256e-07   2.6e-05  7.2e-08  4.7e+03  6.3e+03
  2650 -8.77091e-03  1.571e-03  5.191e-07   2.6e-05  7.1e-08  4.7e+03  1.3e+03
  2660 -8.77839e-03  1.571e-03  5.184e-07   2.6e-05  7.0e-08  4.7e+03  4.8e+02
  2670 -8.88308e-03  1.570e-03  5.085e-07   2.6e-05  6.9e-08  4.7e+03  3.3e+02
  2680 -8.89247e-03  1.570e-03  5.076e-07   2.6e-05  6.9e-08  4.7e+03  2.2e+03
  2690 -8.95226e-03  1.569e-03  5.021e-07   2.6e-05  6.8e-08  4.7e+03  4.3e+02
  2700 -8.96305e-03  1.569e-03  5.011e-07   2.6e-05  6.8e-08  4.7e+03  5.2e+03
  2710 -9.08820e-03  1.568e-03  4.897e-07   2.6e-05  6.6e-08  4.7e+03  1.4e+03
 
   itn      x(1)       norm r    norm Ar  compatible   LS      norm A   cond A
  2720 -9.09545e-03  1.568e-03  4.890e-07   2.6e-05  6.6e-08  4.7e+03  3.3e+02
  2730 -9.15907e-03  1.567e-03  4.835e-07   2.6e-05  6.5e-08  4.8e+03  3.3e+02
  2740 -9.24092e-03  1.566e-03  4.763e-07   2.6e-05  6.4e-08  4.8e+03  5.1e+02
  2750 -9.24525e-03  1.566e-03  4.760e-07   2.6e-05  6.4e-08  4.8e+03  5.7e+03
  2760 -9.32827e-03  1.566e-03  4.690e-07   2.5e-05  6.3e-08  4.8e+03  9.2e+02
  2770 -9.35715e-03  1.565e-03  4.666e-07   2.5e-05  6.2e-08  4.8e+03  1.7e+03
  2780 -9.37696e-03  1.565e-03  4.650e-07   2.5e-05  6.2e-08  4.8e+03  9.1e+02
  2790 -9.40157e-03  1.565e-03  4.629e-07   2.5e-05  6.2e-08  4.8e+03  3.7e+02
  2800 -9.48127e-03  1.564e-03  4.567e-07   2.5e-05  6.1e-08  4.8e+03  5.4e+02
  2810 -9.50961e-03  1.564e-03  4.544e-07   2.5e-05  6.0e-08  4.8e+03  3.6e+02
  2820 -9.51345e-03  1.564e-03  4.541e-07   2.5e-05  6.0e-08  4.8e+03  2.2e+03
  2830 -9.58905e-03  1.564e-03  4.485e-07   2.5e-05  5.9e-08  4.8e+03  6.3e+03
  2840 -9.61348e-03  1.563e-03  4.467e-07   2.5e-05  5.9e-08  4.8e+03  6.0e+02
  2850 -9.67518e-03  1.563e-03  4.422e-07   2.5e-05  5.8e-08  4.9e+03  6.3e+02
  2860 -9.74088e-03  1.562e-03  4.377e-07   2.5e-05  5.8e-08  4.9e+03  7.2e+02
  2870 -9.76058e-03  1.562e-03  4.363e-07   2.5e-05  5.7e-08  4.9e+03  3.1e+03
  2880 -9.79798e-03  1.562e-03  4.338e-07   2.5e-05  5.7e-08  4.9e+03  8.2e+02
  2890 -9.87860e-03  1.561e-03  4.284e-07   2.5e-05  5.6e-08  4.9e+03  1.3e+03
  2900 -9.89097e-03  1.561e-03  4.276e-07   2.5e-05  5.6e-08  4.9e+03  6.5e+03
  2910 -9.96668e-03  1.561e-03  4.228e-07   2.5e-05  5.5e-08  4.9e+03  3.3e+02
 
   itn      x(1)       norm r    norm Ar  compatible   LS      norm A   cond A
  2920 -1.00098e-02  1.561e-03  4.200e-07   2.5e-05  5.5e-08  4.9e+03  4.8e+02
  2930 -1.00225e-02  1.560e-03  4.192e-07   2.5e-05  5.5e-08  4.9e+03  2.0e+03
  2940 -1.00889e-02  1.560e-03  4.152e-07   2.5e-05  5.4e-08  4.9e+03  1.7e+03
  2950 -1.00971e-02  1.560e-03  4.147e-07   2.5e-05  5.4e-08  4.9e+03  7.7e+03
  2960 -1.01467e-02  1.560e-03  4.117e-07   2.5e-05  5.3e-08  5.0e+03  3.3e+02
  2970 -1.01898e-02  1.559e-03  4.092e-07   2.5e-05  5.3e-08  5.0e+03  9.2e+03
  2980 -1.02006e-02  1.559e-03  4.086e-07   2.5e-05  5.3e-08  5.0e+03  3.3e+02
  2990 -1.02703e-02  1.559e-03  4.047e-07   2.5e-05  5.2e-08  5.0e+03  6.3e+02
  3000 -1.02848e-02  1.559e-03  4.039e-07   2.5e-05  5.2e-08  5.0e+03  2.4e+03
  3010 -1.03380e-02  1.558e-03  4.009e-07   2.5e-05  5.2e-08  5.0e+03  6.7e+03
  3020 -1.03434e-02  1.558e-03  4.007e-07   2.5e-05  5.1e-08  5.0e+03  3.3e+02
  3030 -1.04522e-02  1.558e-03  3.951e-07   2.5e-05  5.1e-08  5.0e+03  5.0e+02
  3040 -1.04895e-02  1.557e-03  3.933e-07   2.5e-05  5.0e-08  5.0e+03  1.1e+03
  3050 -1.05089e-02  1.557e-03  3.923e-07   2.5e-05  5.0e-08  5.0e+03  6.1e+02
  3060 -1.05150e-02  1.557e-03  3.920e-07   2.5e-05  5.0e-08  5.0e+03  3.6e+03
  3070 -1.05716e-02  1.557e-03  3.894e-07   2.5e-05  5.0e-08  5.0e+03  9.7e+02
  3080 -1.06193e-02  1.557e-03  3.871e-07   2.5e-05  4.9e-08  5.1e+03  3.2e+03
  3090 -1.06520e-02  1.556e-03  3.856e-07   2.5e-05  4.9e-08  5.1e+03  3.3e+02
  3100 -1.06700e-02  1.556e-03  3.848e-07   2.5e-05  4.9e-08  5.1e+03  6.6e+02
  3110 -1.07695e-02  1.556e-03  3.805e-07   2.5e-05  4.8e-08  5.1e+03  2.9e+03
 
   itn      x(1)       norm r    norm Ar  compatible   LS      norm A   cond A
  3120 -1.07742e-02  1.556e-03  3.803e-07   2.5e-05  4.8e-08  5.1e+03  6.9e+03
  3130 -1.09197e-02  1.555e-03  3.742e-07   2.5e-05  4.7e-08  5.1e+03  3.7e+02
  3140 -1.09366e-02  1.555e-03  3.735e-07   2.5e-05  4.7e-08  5.1e+03  8.8e+03
  3150 -1.09544e-02  1.555e-03  3.728e-07   2.5e-05  4.7e-08  5.1e+03  3.3e+02
  3160 -1.10792e-02  1.554e-03  3.679e-07   2.5e-05  4.6e-08  5.1e+03  3.5e+03
  3170 -1.11264e-02  1.554e-03  3.662e-07   2.5e-05  4.6e-08  5.1e+03  1.3e+03
  3180 -1.12184e-02  1.553e-03  3.627e-07   2.5e-05  4.5e-08  5.1e+03  4.0e+03
  3190 -1.12360e-02  1.553e-03  3.620e-07   2.5e-05  4.5e-08  5.1e+03  3.3e+02
  3200 -1.13000e-02  1.553e-03  3.596e-07   2.5e-05  4.5e-08  5.1e+03  4.4e+03
  3210 -1.13249e-02  1.553e-03  3.587e-07   2.5e-05  4.5e-08  5.2e+03  3.3e+02
  3220 -1.13890e-02  1.552e-03  3.564e-07   2.5e-05  4.4e-08  5.2e+03  3.3e+02
  3230 -1.13967e-02  1.552e-03  3.561e-07   2.5e-05  4.4e-08  5.2e+03  1.6e+03
  3240 -1.14952e-02  1.552e-03  3.525e-07   2.5e-05  4.4e-08  5.2e+03  8.3e+02
  3250 -1.15054e-02  1.552e-03  3.522e-07   2.5e-05  4.4e-08  5.2e+03  3.4e+03
  3260 -1.15794e-02  1.551e-03  3.496e-07   2.5e-05  4.3e-08  5.2e+03  5.6e+02
  3270 -1.16149e-02  1.551e-03  3.483e-07   2.5e-05  4.3e-08  5.2e+03  3.4e+03
  3280 -1.16406e-02  1.551e-03  3.474e-07   2.5e-05  4.3e-08  5.2e+03  3.3e+02
  3290 -1.17728e-02  1.550e-03  3.429e-07   2.5e-05  4.2e-08  5.2e+03  2.3e+03
  3300 -1.17775e-02  1.550e-03  3.427e-07   2.5e-05  4.2e-08  5.2e+03  7.1e+03
  3310 -1.18585e-02  1.550e-03  3.400e-07   2.5e-05  4.2e-08  5.2e+03  9.1e+02
 
   itn      x(1)       norm r    norm Ar  compatible   LS      norm A   cond A
  3320 -1.18842e-02  1.550e-03  3.392e-07   2.5e-05  4.2e-08  5.2e+03  6.9e+03
  3330 -1.19785e-02  1.549e-03  3.361e-07   2.5e-05  4.1e-08  5.3e+03  3.3e+02
  3340 -1.19834e-02  1.549e-03  3.359e-07   2.5e-05  4.1e-08  5.3e+03  8.0e+03
  3350 -1.20416e-02  1.549e-03  3.341e-07   2.5e-05  4.1e-08  5.3e+03  7.8e+02
  3360 -1.21057e-02  1.549e-03  3.320e-07   2.5e-05  4.1e-08  5.3e+03  4.6e+03
  3370 -1.21196e-02  1.549e-03  3.316e-07   2.5e-05  4.1e-08  5.3e+03  1.6e+03
  3380 -1.22335e-02  1.548e-03  3.281e-07   2.5e-05  4.0e-08  5.3e+03  1.4e+03
  3390 -1.22516e-02  1.548e-03  3.276e-07   2.5e-05  4.0e-08  5.3e+03  1.8e+03
  3400 -1.22787e-02  1.548e-03  3.268e-07   2.5e-05  4.0e-08  5.3e+03  3.3e+02
  3410 -1.23731e-02  1.548e-03  3.240e-07   2.5e-05  3.9e-08  5.3e+03  1.3e+03
  3420 -1.23772e-02  1.548e-03  3.239e-07   2.5e-05  3.9e-08  5.3e+03  1.1e+04
  3430 -1.25326e-02  1.547e-03  3.195e-07   2.5e-05  3.9e-08  5.3e+03  2.1e+03
  3440 -1.25358e-02  1.547e-03  3.194e-07   2.5e-05  3.9e-08  5.3e+03  1.5e+03
  3450 -1.26441e-02  1.546e-03  3.165e-07   2.5e-05  3.8e-08  5.3e+03  1.4e+03
  3460 -1.26486e-02  1.546e-03  3.164e-07   2.5e-05  3.8e-08  5.4e+03  6.0e+02
  3470 -1.27100e-02  1.546e-03  3.147e-07   2.5e-05  3.8e-08  5.4e+03  4.1e+02
  3480 -1.27413e-02  1.546e-03  3.139e-07   2.5e-05  3.8e-08  5.4e+03  6.9e+02
  3490 -1.27811e-02  1.546e-03  3.129e-07   2.5e-05  3.8e-08  5.4e+03  2.1e+03
  3500 -1.28222e-02  1.546e-03  3.119e-07   2.5e-05  3.7e-08  5.4e+03  5.4e+03
  3510 -1.29214e-02  1.545e-03  3.095e-07   2.5e-05  3.7e-08  5.4e+03  8.1e+02
 
   itn      x(1)       norm r    norm Ar  compatible   LS      norm A   cond A
  3520 -1.29382e-02  1.545e-03  3.090e-07   2.5e-05  3.7e-08  5.4e+03  5.3e+02
  3530 -1.29463e-02  1.545e-03  3.088e-07   2.5e-05  3.7e-08  5.4e+03  5.3e+02
  3540 -1.29837e-02  1.545e-03  3.080e-07   2.5e-05  3.7e-08  5.4e+03  1.1e+04
  3550 -1.29974e-02  1.545e-03  3.076e-07   2.5e-05  3.7e-08  5.4e+03  2.3e+03
  3560 -1.31028e-02  1.545e-03  3.052e-07   2.5e-05  3.6e-08  5.4e+03  5.9e+03
  3570 -1.31174e-02  1.544e-03  3.049e-07   2.5e-05  3.6e-08  5.4e+03  2.3e+03
  3580 -1.31639e-02  1.544e-03  3.039e-07   2.5e-05  3.6e-08  5.4e+03  5.3e+02
  3590 -1.31976e-02  1.544e-03  3.031e-07   2.5e-05  3.6e-08  5.5e+03  5.3e+02
  3600 -1.32702e-02  1.544e-03  3.016e-07   2.5e-05  3.6e-08  5.5e+03  5.9e+03
  3610 -1.32754e-02  1.544e-03  3.015e-07   2.5e-05  3.6e-08  5.5e+03  4.0e+03
  3620 -1.34458e-02  1.543e-03  2.979e-07   2.5e-05  3.5e-08  5.5e+03  2.6e+03
  3630 -1.34492e-02  1.543e-03  2.978e-07   2.5e-05  3.5e-08  5.5e+03  1.3e+04
  3640 -1.35333e-02  1.543e-03  2.961e-07   2.5e-05  3.5e-08  5.5e+03  2.6e+03
  3650 -1.35447e-02  1.543e-03  2.959e-07   2.5e-05  3.5e-08  5.5e+03  5.3e+02
  3660 -1.36091e-02  1.543e-03  2.946e-07   2.5e-05  3.5e-08  5.5e+03  5.3e+02
  3670 -1.36139e-02  1.543e-03  2.945e-07   2.5e-05  3.5e-08  5.5e+03  4.8e+03
  3680 -1.37222e-02  1.542e-03  2.924e-07   2.5e-05  3.4e-08  5.5e+03  5.3e+02
  3690 -1.37514e-02  1.542e-03  2.919e-07   2.5e-05  3.4e-08  5.5e+03  1.2e+04
  3700 -1.37742e-02  1.542e-03  2.914e-07   2.5e-05  3.4e-08  5.5e+03  1.5e+03
  3710 -1.39164e-02  1.541e-03  2.888e-07   2.5e-05  3.4e-08  5.5e+03  7.5e+02
 
   itn      x(1)       norm r    norm Ar  compatible   LS      norm A   cond A
  3720 -1.39328e-02  1.541e-03  2.885e-07   2.5e-05  3.4e-08  5.6e+03  5.3e+02
  3730 -1.40072e-02  1.541e-03  2.871e-07   2.5e-05  3.4e-08  5.6e+03  9.0e+02
  3740 -1.40262e-02  1.541e-03  2.868e-07   2.5e-05  3.3e-08  5.6e+03  1.2e+03
  3750 -1.42009e-02  1.540e-03  2.837e-07   2.5e-05  3.3e-08  5.6e+03  1.0e+03
  3760 -1.42203e-02  1.540e-03  2.833e-07   2.5e-05  3.3e-08  5.6e+03  8.1e+03
  3770 -1.42333e-02  1.540e-03  2.831e-07   2.5e-05  3.3e-08  5.6e+03  2.2e+03
  3780 -1.43217e-02  1.540e-03  2.816e-07   2.5e-05  3.3e-08  5.6e+03  5.3e+02
  3790 -1.43272e-02  1.540e-03  2.815e-07   2.5e-05  3.3e-08  5.6e+03  5.3e+02
  3800 -1.44790e-02  1.539e-03  2.789e-07   2.5e-05  3.2e-08  5.6e+03  1.9e+03
  3810 -1.45409e-02  1.539e-03  2.779e-07   2.5e-05  3.2e-08  5.6e+03  3.0e+03
  3820 -1.46401e-02  1.539e-03  2.762e-07   2.5e-05  3.2e-08  5.6e+03  3.4e+03
  3830 -1.46584e-02  1.539e-03  2.759e-07   2.5e-05  3.2e-08  5.6e+03  6.2e+02
  3840 -1.48335e-02  1.538e-03  2.731e-07   2.5e-05  3.1e-08  5.6e+03  6.2e+02
  3850 -1.48390e-02  1.538e-03  2.730e-07   2.5e-05  3.1e-08  5.6e+03  6.2e+02
  3860 -1.49380e-02  1.538e-03  2.714e-07   2.5e-05  3.1e-08  5.7e+03  1.2e+03
  3870 -1.50004e-02  1.538e-03  2.704e-07   2.5e-05  3.1e-08  5.7e+03  4.4e+03
  3880 -1.50120e-02  1.538e-03  2.702e-07   2.5e-05  3.1e-08  5.7e+03  1.8e+03
  3890 -1.52360e-02  1.537e-03  2.668e-07   2.5e-05  3.1e-08  5.7e+03  3.2e+03
  3900 -1.52561e-02  1.537e-03  2.665e-07   2.5e-05  3.1e-08  5.7e+03  8.5e+02
  3910 -1.53093e-02  1.537e-03  2.657e-07   2.5e-05  3.0e-08  5.7e+03  1.0e+03
 
   itn      x(1)       norm r    norm Ar  compatible   LS      norm A   cond A
  3920 -1.53306e-02  1.536e-03  2.654e-07   2.5e-05  3.0e-08  5.7e+03  3.8e+03
  3930 -1.55552e-02  1.536e-03  2.620e-07   2.5e-05  3.0e-08  5.7e+03  1.1e+03
  3940 -1.55676e-02  1.536e-03  2.618e-07   2.5e-05  3.0e-08  5.7e+03  1.1e+04
  3950 -1.56588e-02  1.535e-03  2.605e-07   2.5e-05  3.0e-08  5.7e+03  1.2e+03
  3960 -1.57523e-02  1.535e-03  2.591e-07   2.5e-05  2.9e-08  5.7e+03  2.6e+03
  3970 -1.57818e-02  1.535e-03  2.587e-07   2.5e-05  2.9e-08  5.7e+03  6.2e+02
  3980 -1.59001e-02  1.535e-03  2.570e-07   2.5e-05  2.9e-08  5.7e+03  6.2e+02
  3990 -1.59179e-02  1.535e-03  2.567e-07   2.5e-05  2.9e-08  5.7e+03  3.4e+03
  4000 -1.60253e-02  1.534e-03  2.551e-07   2.5e-05  2.9e-08  5.8e+03  1.1e+03
  4010 -1.60378e-02  1.534e-03  2.550e-07   2.5e-05  2.9e-08  5.8e+03  8.4e+03
  4020 -1.62358e-02  1.534e-03  2.521e-07   2.5e-05  2.8e-08  5.8e+03  6.2e+02
  4030 -1.63191e-02  1.533e-03  2.509e-07   2.5e-05  2.8e-08  5.8e+03  6.9e+02
  4040 -1.64379e-02  1.533e-03  2.493e-07   2.5e-05  2.8e-08  5.8e+03  6.2e+02
  4050 -1.64793e-02  1.533e-03  2.487e-07   2.5e-05  2.8e-08  5.8e+03  3.5e+03
  4060 -1.65018e-02  1.533e-03  2.483e-07   2.5e-05  2.8e-08  5.8e+03  2.5e+03
  4070 -1.66389e-02  1.532e-03  2.464e-07   2.5e-05  2.8e-08  5.8e+03  2.3e+03
  4080 -1.67022e-02  1.532e-03  2.455e-07   2.5e-05  2.8e-08  5.8e+03  3.2e+03
  4090 -1.67973e-02  1.532e-03  2.442e-07   2.5e-05  2.7e-08  5.8e+03  6.2e+02
  4100 -1.68270e-02  1.532e-03  2.438e-07   2.5e-05  2.7e-08  5.8e+03  6.2e+02
  4110 -1.69582e-02  1.532e-03  2.419e-07   2.5e-05  2.7e-08  5.8e+03  6.2e+02
 
   itn      x(1)       norm r    norm Ar  compatible   LS      norm A   cond A
  4120 -1.69765e-02  1.532e-03  2.417e-07   2.5e-05  2.7e-08  5.8e+03  3.6e+03
  4130 -1.71901e-02  1.531e-03  2.387e-07   2.5e-05  2.7e-08  5.8e+03  6.4e+02
  4140 -1.72478e-02  1.531e-03  2.379e-07   2.5e-05  2.7e-08  5.9e+03  1.8e+03
  4150 -1.73092e-02  1.531e-03  2.370e-07   2.5e-05  2.6e-08  5.9e+03  6.2e+02
  4160 -1.73685e-02  1.530e-03  2.362e-07   2.5e-05  2.6e-08  5.9e+03  3.6e+03
  4170 -1.74642e-02  1.530e-03  2.349e-07   2.5e-05  2.6e-08  5.9e+03  6.2e+02
  4180 -1.75802e-02  1.530e-03  2.333e-07   2.5e-05  2.6e-08  5.9e+03  7.3e+03
  4190 -1.76092e-02  1.530e-03  2.330e-07   2.5e-05  2.6e-08  5.9e+03  2.5e+03
  4200 -1.77193e-02  1.530e-03  2.315e-07   2.5e-05  2.6e-08  5.9e+03  1.8e+03
  4210 -1.77544e-02  1.529e-03  2.310e-07   2.5e-05  2.6e-08  5.9e+03  6.2e+02
  4220 -1.79501e-02  1.529e-03  2.284e-07   2.5e-05  2.5e-08  5.9e+03  6.2e+02
  4230 -1.80443e-02  1.529e-03  2.271e-07   2.5e-05  2.5e-08  5.9e+03  6.2e+02
  4240 -1.81366e-02  1.529e-03  2.259e-07   2.5e-05  2.5e-08  5.9e+03  7.3e+03
  4250 -1.81411e-02  1.529e-03  2.258e-07   2.5e-05  2.5e-08  5.9e+03  4.9e+03
  4260 -1.82778e-02  1.528e-03  2.241e-07   2.5e-05  2.5e-08  5.9e+03  9.7e+02
  4270 -1.84010e-02  1.528e-03  2.225e-07   2.5e-05  2.4e-08  5.9e+03  2.1e+03
  4280 -1.85061e-02  1.528e-03  2.211e-07   2.5e-05  2.4e-08  6.0e+03  6.2e+02
  4290 -1.85875e-02  1.527e-03  2.201e-07   2.5e-05  2.4e-08  6.0e+03  1.2e+03
  4300 -1.85988e-02  1.527e-03  2.199e-07   2.5e-05  2.4e-08  6.0e+03  3.5e+03
  4310 -1.87960e-02  1.527e-03  2.175e-07   2.5e-05  2.4e-08  6.0e+03  2.6e+03
 
   itn      x(1)       norm r    norm Ar  compatible   LS      norm A   cond A
  4320 -1.88117e-02  1.527e-03  2.173e-07   2.5e-05  2.4e-08  6.0e+03  9.5e+03
  4330 -1.88469e-02  1.527e-03  2.168e-07   2.5e-05  2.4e-08  6.0e+03  6.2e+02
  4340 -1.90562e-02  1.526e-03  2.143e-07   2.5e-05  2.3e-08  6.0e+03  6.2e+02
  4350 -1.90640e-02  1.526e-03  2.142e-07   2.5e-05  2.3e-08  6.0e+03  3.2e+03
  4360 -1.92079e-02  1.526e-03  2.124e-07   2.5e-05  2.3e-08  6.0e+03  6.2e+02
  4370 -1.92255e-02  1.526e-03  2.122e-07   2.5e-05  2.3e-08  6.0e+03  2.5e+03
  4380 -1.93759e-02  1.526e-03  2.104e-07   2.5e-05  2.3e-08  6.0e+03  1.6e+03
  4390 -1.93939e-02  1.526e-03  2.102e-07   2.5e-05  2.3e-08  6.0e+03  5.3e+03
  4400 -1.94505e-02  1.525e-03  2.095e-07   2.5e-05  2.3e-08  6.0e+03  6.2e+02
  4410 -1.95144e-02  1.525e-03  2.088e-07   2.5e-05  2.3e-08  6.0e+03  1.1e+04
  4420 -1.96187e-02  1.525e-03  2.075e-07   2.5e-05  2.2e-08  6.1e+03  6.2e+02
  4430 -1.97474e-02  1.525e-03  2.060e-07   2.5e-05  2.2e-08  6.1e+03  4.9e+03
  4440 -1.97910e-02  1.525e-03  2.055e-07   2.5e-05  2.2e-08  6.1e+03  7.9e+02
  4450 -1.98489e-02  1.525e-03  2.048e-07   2.5e-05  2.2e-08  6.1e+03  1.3e+04
  4460 -2.00249e-02  1.524e-03  2.028e-07   2.5e-05  2.2e-08  6.1e+03  8.7e+02
  4470 -2.01444e-02  1.524e-03  2.014e-07   2.5e-05  2.2e-08  6.1e+03  6.2e+02
  4480 -2.01614e-02  1.524e-03  2.012e-07   2.5e-05  2.2e-08  6.1e+03  2.6e+03
  4490 -2.02041e-02  1.524e-03  2.007e-07   2.5e-05  2.2e-08  6.1e+03  3.7e+03
  4500 -2.02265e-02  1.524e-03  2.005e-07   2.5e-05  2.2e-08  6.1e+03  3.0e+03
  4510 -2.04227e-02  1.523e-03  1.982e-07   2.5e-05  2.1e-08  6.1e+03  7.3e+02
 
   itn      x(1)       norm r    norm Ar  compatible   LS      norm A   cond A
  4520 -2.04670e-02  1.523e-03  1.977e-07   2.5e-05  2.1e-08  6.1e+03  5.1e+03
  4530 -2.06329e-02  1.523e-03  1.958e-07   2.5e-05  2.1e-08  6.1e+03  6.7e+02
  4540 -2.06536e-02  1.523e-03  1.956e-07   2.5e-05  2.1e-08  6.1e+03  2.8e+03
  4550 -2.08114e-02  1.523e-03  1.938e-07   2.5e-05  2.1e-08  6.1e+03  1.3e+03
  4560 -2.08203e-02  1.523e-03  1.937e-07   2.5e-05  2.1e-08  6.1e+03  3.7e+03
  4570 -2.10856e-02  1.522e-03  1.906e-07   2.5e-05  2.0e-08  6.2e+03  1.3e+03
  4580 -2.11973e-02  1.522e-03  1.893e-07   2.5e-05  2.0e-08  6.2e+03  6.2e+02
  4590 -2.12734e-02  1.522e-03  1.885e-07   2.5e-05  2.0e-08  6.2e+03  6.2e+02
  4600 -2.13967e-02  1.522e-03  1.870e-07   2.5e-05  2.0e-08  6.2e+03  2.8e+03
  4610 -2.15156e-02  1.521e-03  1.857e-07   2.5e-05  2.0e-08  6.2e+03  7.4e+02
  4620 -2.18138e-02  1.521e-03  1.822e-07   2.5e-05  1.9e-08  6.2e+03  1.1e+03
  4630 -2.18288e-02  1.521e-03  1.820e-07   2.5e-05  1.9e-08  6.2e+03  9.0e+03
  4640 -2.19010e-02  1.521e-03  1.811e-07   2.5e-05  1.9e-08  6.2e+03  6.2e+02
  4650 -2.21547e-02  1.520e-03  1.782e-07   2.5e-05  1.9e-08  6.2e+03  9.8e+02
  4660 -2.21986e-02  1.520e-03  1.776e-07   2.5e-05  1.9e-08  6.2e+03  1.3e+03
  4670 -2.23935e-02  1.520e-03  1.754e-07   2.5e-05  1.9e-08  6.2e+03  1.9e+03
  4680 -2.24016e-02  1.520e-03  1.753e-07   2.5e-05  1.9e-08  6.2e+03  6.5e+03
  4690 -2.24903e-02  1.520e-03  1.742e-07   2.5e-05  1.8e-08  6.2e+03  1.2e+03
  4700 -2.26505e-02  1.519e-03  1.723e-07   2.5e-05  1.8e-08  6.2e+03  6.7e+03
  4710 -2.27477e-02  1.519e-03  1.712e-07   2.5e-05  1.8e-08  6.2e+03  6.2e+02
 
   itn      x(1)       norm r    norm Ar  compatible   LS      norm A   cond A
  4720 -2.27594e-02  1.519e-03  1.711e-07   2.5e-05  1.8e-08  6.3e+03  7.2e+02
  4730 -2.29606e-02  1.519e-03  1.687e-07   2.5e-05  1.8e-08  6.3e+03  6.5e+02
  4740 -2.29810e-02  1.519e-03  1.685e-07   2.5e-05  1.8e-08  6.3e+03  3.7e+03
  4750 -2.31692e-02  1.519e-03  1.662e-07   2.5e-05  1.7e-08  6.3e+03  1.2e+03
  4760 -2.31808e-02  1.519e-03  1.661e-07   2.5e-05  1.7e-08  6.3e+03  6.2e+02
  4770 -2.32382e-02  1.518e-03  1.654e-07   2.5e-05  1.7e-08  6.3e+03  6.2e+02
  4780 -2.33142e-02  1.518e-03  1.645e-07   2.5e-05  1.7e-08  6.3e+03  1.1e+03
  4790 -2.33478e-02  1.518e-03  1.642e-07   2.5e-05  1.7e-08  6.3e+03  1.2e+03
  4800 -2.35434e-02  1.518e-03  1.619e-07   2.5e-05  1.7e-08  6.3e+03  8.9e+03
  4810 -2.35544e-02  1.518e-03  1.617e-07   2.5e-05  1.7e-08  6.3e+03  2.2e+03
  4820 -2.36244e-02  1.518e-03  1.609e-07   2.5e-05  1.7e-08  6.3e+03  6.2e+02
  4830 -2.36297e-02  1.518e-03  1.609e-07   2.5e-05  1.7e-08  6.3e+03  6.2e+02
  4840 -2.37775e-02  1.518e-03  1.592e-07   2.5e-05  1.7e-08  6.3e+03  6.2e+02
  4850 -2.38406e-02  1.518e-03  1.585e-07   2.5e-05  1.6e-08  6.3e+03  2.9e+03
  4860 -2.38554e-02  1.518e-03  1.583e-07   2.5e-05  1.6e-08  6.3e+03  2.6e+03
  4870 -2.40076e-02  1.517e-03  1.566e-07   2.5e-05  1.6e-08  6.4e+03  8.1e+02
  4880 -2.40586e-02  1.517e-03  1.560e-07   2.5e-05  1.6e-08  6.4e+03  3.9e+03
  4890 -2.40884e-02  1.517e-03  1.557e-07   2.5e-05  1.6e-08  6.4e+03  1.2e+03
  4900 -2.40942e-02  1.517e-03  1.556e-07   2.5e-05  1.6e-08  6.4e+03  8.2e+02
  4910 -2.41888e-02  1.517e-03  1.546e-07   2.5e-05  1.6e-08  6.4e+03  6.2e+02
 
   itn      x(1)       norm r    norm Ar  compatible   LS      norm A   cond A
  4920 -2.42461e-02  1.517e-03  1.540e-07   2.5e-05  1.6e-08  6.4e+03  3.1e+03
  4930 -2.42549e-02  1.517e-03  1.539e-07   2.5e-05  1.6e-08  6.4e+03  2.4e+03
  4940 -2.42786e-02  1.517e-03  1.536e-07   2.5e-05  1.6e-08  6.4e+03  1.1e+04
  4950 -2.43075e-02  1.517e-03  1.533e-07   2.5e-05  1.6e-08  6.4e+03  6.2e+02
  4960 -2.43937e-02  1.517e-03  1.524e-07   2.5e-05  1.6e-08  6.4e+03  6.2e+02
  4970 -2.43976e-02  1.517e-03  1.524e-07   2.5e-05  1.6e-08  6.4e+03  6.2e+02
  4980 -2.44734e-02  1.517e-03  1.516e-07   2.5e-05  1.6e-08  6.4e+03  3.8e+03
  4990 -2.45068e-02  1.517e-03  1.513e-07   2.5e-05  1.6e-08  6.4e+03  2.0e+03
  5000 -2.45557e-02  1.517e-03  1.508e-07   2.5e-05  1.5e-08  6.4e+03  4.9e+03
  5010 -2.45613e-02  1.517e-03  1.507e-07   2.5e-05  1.5e-08  6.4e+03  6.2e+02
  5020 -2.46670e-02  1.516e-03  1.497e-07   2.5e-05  1.5e-08  6.4e+03  3.7e+03
  5030 -2.46703e-02  1.516e-03  1.497e-07   2.5e-05  1.5e-08  6.5e+03  2.2e+03
  5040 -2.47246e-02  1.516e-03  1.492e-07   2.5e-05  1.5e-08  6.5e+03  1.4e+03
  5050 -2.48252e-02  1.516e-03  1.482e-07   2.5e-05  1.5e-08  6.5e+03  2.1e+03
  5060 -2.48282e-02  1.516e-03  1.482e-07   2.5e-05  1.5e-08  6.5e+03  3.4e+03
  5070 -2.49869e-02  1.516e-03  1.467e-07   2.5e-05  1.5e-08  6.5e+03  1.5e+03
  5080 -2.50094e-02  1.516e-03  1.465e-07   2.5e-05  1.5e-08  6.5e+03  1.4e+04
  5090 -2.50962e-02  1.516e-03  1.457e-07   2.5e-05  1.5e-08  6.5e+03  6.2e+02
  5100 -2.51165e-02  1.516e-03  1.456e-07   2.5e-05  1.5e-08  6.5e+03  6.2e+02
  5110 -2.51535e-02  1.516e-03  1.452e-07   2.5e-05  1.5e-08  6.5e+03  1.4e+03
 
   itn      x(1)       norm r    norm Ar  compatible   LS      norm A   cond A
  5120 -2.52116e-02  1.516e-03  1.447e-07   2.5e-05  1.5e-08  6.5e+03  2.1e+03
  5130 -2.52188e-02  1.516e-03  1.447e-07   2.5e-05  1.5e-08  6.5e+03  2.2e+03
  5140 -2.52677e-02  1.516e-03  1.442e-07   2.5e-05  1.5e-08  6.5e+03  8.0e+03
  5150 -2.52801e-02  1.516e-03  1.441e-07   2.5e-05  1.5e-08  6.5e+03  6.2e+02
  5160 -2.54087e-02  1.515e-03  1.430e-07   2.5e-05  1.4e-08  6.5e+03  8.4e+03
  5170 -2.54445e-02  1.515e-03  1.427e-07   2.5e-05  1.4e-08  6.5e+03  1.2e+03
  5180 -2.54958e-02  1.515e-03  1.423e-07   2.5e-05  1.4e-08  6.6e+03  5.1e+03
  5190 -2.54981e-02  1.515e-03  1.423e-07   2.5e-05  1.4e-08  6.6e+03  8.2e+03
  5200 -2.55649e-02  1.515e-03  1.418e-07   2.5e-05  1.4e-08  6.6e+03  6.2e+02
  5210 -2.56446e-02  1.515e-03  1.411e-07   2.5e-05  1.4e-08  6.6e+03  2.6e+03
  5220 -2.57028e-02  1.515e-03  1.406e-07   2.5e-05  1.4e-08  6.6e+03  6.2e+02
  5230 -2.57414e-02  1.515e-03  1.403e-07   2.5e-05  1.4e-08  6.6e+03  8.7e+03
  5240 -2.57885e-02  1.515e-03  1.399e-07   2.5e-05  1.4e-08  6.6e+03  1.0e+03
  5250 -2.58471e-02  1.515e-03  1.395e-07   2.5e-05  1.4e-08  6.6e+03  3.1e+03
  5260 -2.58624e-02  1.515e-03  1.393e-07   2.5e-05  1.4e-08  6.6e+03  3.3e+03
  5270 -2.59149e-02  1.515e-03  1.389e-07   2.5e-05  1.4e-08  6.6e+03  6.2e+02
  5280 -2.59518e-02  1.515e-03  1.386e-07   2.5e-05  1.4e-08  6.6e+03  6.2e+02
  5290 -2.60788e-02  1.515e-03  1.376e-07   2.5e-05  1.4e-08  6.6e+03  6.2e+02
  5300 -2.60897e-02  1.515e-03  1.376e-07   2.5e-05  1.4e-08  6.6e+03  2.0e+04
  5310 -2.62073e-02  1.514e-03  1.366e-07   2.5e-05  1.4e-08  6.6e+03  6.2e+02
 
   itn      x(1)       norm r    norm Ar  compatible   LS      norm A   cond A
  5320 -2.62984e-02  1.514e-03  1.359e-07   2.5e-05  1.4e-08  6.6e+03  3.4e+03
  5330 -2.63245e-02  1.514e-03  1.357e-07   2.5e-05  1.3e-08  6.6e+03  6.2e+02
  5340 -2.63704e-02  1.514e-03  1.354e-07   2.5e-05  1.3e-08  6.7e+03  1.6e+03
  5350 -2.63815e-02  1.514e-03  1.353e-07   2.5e-05  1.3e-08  6.7e+03  3.0e+03
  5360 -2.66324e-02  1.514e-03  1.334e-07   2.5e-05  1.3e-08  6.7e+03  1.5e+03
  5370 -2.66385e-02  1.514e-03  1.333e-07   2.5e-05  1.3e-08  6.7e+03  7.5e+03
  5380 -2.68016e-02  1.514e-03  1.321e-07   2.5e-05  1.3e-08  6.7e+03  3.8e+03
  5390 -2.68219e-02  1.514e-03  1.319e-07   2.5e-05  1.3e-08  6.7e+03  6.2e+02
  5400 -2.68908e-02  1.514e-03  1.314e-07   2.5e-05  1.3e-08  6.7e+03  3.3e+03
  5410 -2.69440e-02  1.514e-03  1.310e-07   2.5e-05  1.3e-08  6.7e+03  1.5e+03
  5420 -2.70868e-02  1.513e-03  1.299e-07   2.5e-05  1.3e-08  6.7e+03  4.2e+03
  5430 -2.70987e-02  1.513e-03  1.298e-07   2.5e-05  1.3e-08  6.7e+03  3.3e+03
  5440 -2.71817e-02  1.513e-03  1.292e-07   2.5e-05  1.3e-08  6.7e+03  1.2e+03
  5450 -2.72273e-02  1.513e-03  1.288e-07   2.5e-05  1.3e-08  6.7e+03  2.1e+03
  5460 -2.73679e-02  1.513e-03  1.277e-07   2.5e-05  1.3e-08  6.7e+03  6.2e+02
  5470 -2.74840e-02  1.513e-03  1.269e-07   2.5e-05  1.2e-08  6.7e+03  6.4e+03
  5480 -2.75048e-02  1.513e-03  1.267e-07   2.5e-05  1.2e-08  6.7e+03  6.8e+02
  5490 -2.76734e-02  1.513e-03  1.254e-07   2.5e-05  1.2e-08  6.7e+03  5.5e+03
  5500 -2.76776e-02  1.513e-03  1.254e-07   2.5e-05  1.2e-08  6.8e+03  5.3e+03
  5510 -2.78050e-02  1.513e-03  1.244e-07   2.5e-05  1.2e-08  6.8e+03  6.2e+02
 
   itn      x(1)       norm r    norm Ar  compatible   LS      norm A   cond A
  5520 -2.78932e-02  1.512e-03  1.238e-07   2.5e-05  1.2e-08  6.8e+03  3.3e+03
  5530 -2.79132e-02  1.512e-03  1.236e-07   2.5e-05  1.2e-08  6.8e+03  2.9e+03
  5540 -2.80549e-02  1.512e-03  1.225e-07   2.5e-05  1.2e-08  6.8e+03  8.2e+03
  5550 -2.80657e-02  1.512e-03  1.225e-07   2.5e-05  1.2e-08  6.8e+03  1.9e+03
  5560 -2.82326e-02  1.512e-03  1.212e-07   2.5e-05  1.2e-08  6.8e+03  1.0e+04
  5570 -2.82529e-02  1.512e-03  1.211e-07   2.5e-05  1.2e-08  6.8e+03  6.2e+02
  5580 -2.83783e-02  1.512e-03  1.201e-07   2.5e-05  1.2e-08  6.8e+03  6.2e+02
  5590 -2.83837e-02  1.512e-03  1.201e-07   2.5e-05  1.2e-08  6.8e+03  6.2e+02
  5600 -2.85260e-02  1.512e-03  1.190e-07   2.5e-05  1.2e-08  6.8e+03  1.1e+03
  5610 -2.85719e-02  1.512e-03  1.187e-07   2.5e-05  1.2e-08  6.8e+03  9.7e+03
  5620 -2.85832e-02  1.512e-03  1.186e-07   2.5e-05  1.1e-08  6.8e+03  6.2e+02
  5630 -2.87051e-02  1.512e-03  1.177e-07   2.5e-05  1.1e-08  6.8e+03  6.2e+02
  5640 -2.87089e-02  1.512e-03  1.177e-07   2.5e-05  1.1e-08  6.8e+03  6.2e+02
  5650 -2.88393e-02  1.512e-03  1.167e-07   2.5e-05  1.1e-08  6.8e+03  6.2e+02
  5660 -2.88840e-02  1.511e-03  1.164e-07   2.5e-05  1.1e-08  6.8e+03  6.2e+03
  5670 -2.88948e-02  1.511e-03  1.163e-07   2.5e-05  1.1e-08  6.9e+03  1.6e+03
  5680 -2.89983e-02  1.511e-03  1.156e-07   2.5e-05  1.1e-08  6.9e+03  6.4e+03
  5690 -2.90919e-02  1.511e-03  1.149e-07   2.5e-05  1.1e-08  6.9e+03  6.2e+02
  5700 -2.91556e-02  1.511e-03  1.144e-07   2.5e-05  1.1e-08  6.9e+03  6.2e+02
  5710 -2.91639e-02  1.511e-03  1.144e-07   2.5e-05  1.1e-08  6.9e+03  6.4e+03
 
   itn      x(1)       norm r    norm Ar  compatible   LS      norm A   cond A
  5711 -2.91704e-02  1.511e-03  1.143e-07   2.5e-05  1.1e-08  6.9e+03  2.9e+03
  5712 -2.91704e-02  1.511e-03  1.143e-07   2.5e-05  1.1e-08  6.9e+03  1.3e+03
  5713 -2.91724e-02  1.511e-03  1.143e-07   2.5e-05  1.1e-08  6.9e+03  1.8e+03
  5714 -2.91779e-02  1.511e-03  1.143e-07   2.5e-05  1.1e-08  6.9e+03  1.3e+03
  5715 -2.91789e-02  1.511e-03  1.143e-07   2.5e-05  1.1e-08  6.9e+03  6.2e+02
  5716 -2.91881e-02  1.511e-03  1.142e-07   2.5e-05  1.1e-08  6.9e+03  4.3e+03
  5717 -2.91905e-02  1.511e-03  1.142e-07   2.5e-05  1.1e-08  6.9e+03  6.2e+02
  5718 -2.91938e-02  1.511e-03  1.142e-07   2.5e-05  1.1e-08  6.9e+03  2.7e+03
  5719 -2.91939e-02  1.511e-03  1.142e-07   2.5e-05  1.1e-08  6.9e+03  6.2e+02
  5720 -2.92013e-02  1.511e-03  1.141e-07   2.5e-05  1.1e-08  6.9e+03  3.1e+03
  5721 -2.92013e-02  1.511e-03  1.141e-07   2.5e-05  1.1e-08  6.9e+03  6.2e+02
  5722 -2.92021e-02  1.511e-03  1.141e-07   2.5e-05  1.1e-08  6.9e+03  5.1e+03
  5723 -2.92021e-02  1.511e-03  1.141e-07   2.5e-05  1.1e-08  6.9e+03  3.3e+03
  5724 -2.92024e-02  1.511e-03  1.141e-07   2.5e-05  1.1e-08  6.9e+03  1.1e+04
  5725 -2.92024e-02  1.511e-03  1.141e-07   2.5e-05  1.1e-08  6.9e+03  1.0e+04
  5726 -2.92026e-02  1.511e-03  1.141e-07   2.5e-05  1.1e-08  6.9e+03  6.3e+03
  5727 -2.92028e-02  1.511e-03  1.141e-07   2.5e-05  1.1e-08  6.9e+03  1.4e+04
  5728 -2.92028e-02  1.511e-03  1.141e-07   2.5e-05  1.1e-08  6.9e+03  6.2e+02
  5729 -2.92328e-02  1.511e-03  1.139e-07   2.5e-05  1.1e-08  6.9e+03  7.4e+03
  5730 -2.92333e-02  1.511e-03  1.139e-07   2.5e-05  1.1e-08  6.9e+03  6.2e+02
 
   itn      x(1)       norm r    norm Ar  compatible   LS      norm A   cond A
  5731 -2.93052e-02  1.511e-03  1.134e-07   2.5e-05  1.1e-08  6.9e+03  9.8e+02
  5732 -2.93316e-02  1.511e-03  1.132e-07   2.5e-05  1.1e-08  6.9e+03  6.2e+02
  5733 -2.93366e-02  1.511e-03  1.132e-07   2.5e-05  1.1e-08  6.9e+03  6.2e+02
  5734 -2.93486e-02  1.511e-03  1.131e-07   2.5e-05  1.1e-08  6.9e+03  6.2e+02
  5735 -2.93649e-02  1.511e-03  1.130e-07   2.5e-05  1.1e-08  6.9e+03  1.0e+03
  5736 -2.93663e-02  1.511e-03  1.130e-07   2.5e-05  1.1e-08  6.9e+03  6.2e+02
  5737 -2.93727e-02  1.511e-03  1.129e-07   2.5e-05  1.1e-08  6.9e+03  2.7e+03
  5738 -2.93727e-02  1.511e-03  1.129e-07   2.5e-05  1.1e-08  6.9e+03  6.2e+02
  5739 -2.93747e-02  1.511e-03  1.129e-07   2.5e-05  1.1e-08  6.9e+03  2.8e+03
  5740 -2.93749e-02  1.511e-03  1.129e-07   2.5e-05  1.1e-08  6.9e+03  3.8e+03
  5741 -2.93769e-02  1.511e-03  1.129e-07   2.5e-05  1.1e-08  6.9e+03  6.2e+02
  5742 -2.93774e-02  1.511e-03  1.129e-07   2.5e-05  1.1e-08  6.9e+03  7.2e+03
  5743 -2.93776e-02  1.511e-03  1.129e-07   2.5e-05  1.1e-08  6.9e+03  6.2e+02
  5744 -2.93787e-02  1.511e-03  1.129e-07   2.5e-05  1.1e-08  6.9e+03  5.1e+03
  5745 -2.93787e-02  1.511e-03  1.129e-07   2.5e-05  1.1e-08  6.9e+03  4.7e+03
  5746 -2.93800e-02  1.511e-03  1.129e-07   2.5e-05  1.1e-08  6.9e+03  2.7e+03
  5747 -2.93801e-02  1.511e-03  1.129e-07   2.5e-05  1.1e-08  6.9e+03  6.7e+03
  5748 -2.93809e-02  1.511e-03  1.129e-07   2.5e-05  1.1e-08  6.9e+03  6.2e+02
  5749 -2.93824e-02  1.511e-03  1.128e-07   2.5e-05  1.1e-08  6.9e+03  5.8e+03
  5750 -2.93872e-02  1.511e-03  1.128e-07   2.5e-05  1.1e-08  6.9e+03  6.2e+02
 
   itn      x(1)       norm r    norm Ar  compatible   LS      norm A   cond A
  5751 -2.93904e-02  1.511e-03  1.128e-07   2.5e-05  1.1e-08  6.9e+03  2.9e+03
  5752 -2.93905e-02  1.511e-03  1.128e-07   2.5e-05  1.1e-08  6.9e+03  6.2e+02
  5753 -2.94005e-02  1.511e-03  1.127e-07   2.5e-05  1.1e-08  6.9e+03  1.9e+03
  5754 -2.94005e-02  1.511e-03  1.127e-07   2.5e-05  1.1e-08  6.9e+03  1.5e+03
  5755 -2.94103e-02  1.511e-03  1.126e-07   2.5e-05  1.1e-08  6.9e+03  8.8e+02
  5756 -2.94243e-02  1.511e-03  1.125e-07   2.5e-05  1.1e-08  6.9e+03  6.3e+02
  5757 -2.94259e-02  1.511e-03  1.125e-07   2.5e-05  1.1e-08  6.9e+03  6.2e+02
  5758 -2.94353e-02  1.511e-03  1.125e-07   2.5e-05  1.1e-08  6.9e+03  1.1e+03
  5759 -2.94358e-02  1.511e-03  1.125e-07   2.5e-05  1.1e-08  6.9e+03  2.1e+03
  5760 -2.94415e-02  1.511e-03  1.124e-07   2.5e-05  1.1e-08  6.9e+03  6.2e+02
  5761 -2.94431e-02  1.511e-03  1.124e-07   2.5e-05  1.1e-08  6.9e+03  2.0e+03
  5762 -2.94473e-02  1.511e-03  1.124e-07   2.5e-05  1.1e-08  6.9e+03  6.2e+02
  5763 -2.94511e-02  1.511e-03  1.124e-07   2.5e-05  1.1e-08  6.9e+03  2.2e+03
  5764 -2.94514e-02  1.511e-03  1.124e-07   2.5e-05  1.1e-08  6.9e+03  7.1e+03
  5765 -2.94514e-02  1.511e-03  1.124e-07   2.5e-05  1.1e-08  6.9e+03  3.5e+03
  5766 -2.94525e-02  1.511e-03  1.123e-07   2.5e-05  1.1e-08  6.9e+03  1.5e+04
  5767 -2.94525e-02  1.511e-03  1.123e-07   2.5e-05  1.1e-08  6.9e+03  5.7e+03
  5768 -2.94532e-02  1.511e-03  1.123e-07   2.5e-05  1.1e-08  6.9e+03  6.8e+03
  5769 -2.94537e-02  1.511e-03  1.123e-07   2.5e-05  1.1e-08  6.9e+03  6.6e+03
  5770 -2.94540e-02  1.511e-03  1.123e-07   2.5e-05  1.1e-08  6.9e+03  6.2e+02
 
   itn      x(1)       norm r    norm Ar  compatible   LS      norm A   cond A
  5771 -2.94545e-02  1.511e-03  1.123e-07   2.5e-05  1.1e-08  6.9e+03  8.2e+03
  5772 -2.94549e-02  1.511e-03  1.123e-07   2.5e-05  1.1e-08  6.9e+03  6.2e+02
  5773 -2.94569e-02  1.511e-03  1.123e-07   2.5e-05  1.1e-08  6.9e+03  6.2e+03
  5774 -2.94570e-02  1.511e-03  1.123e-07   2.5e-05  1.1e-08  6.9e+03  6.2e+02
  5775 -2.94610e-02  1.511e-03  1.123e-07   2.5e-05  1.1e-08  6.9e+03  2.8e+03
  5776 -2.94610e-02  1.511e-03  1.123e-07   2.5e-05  1.1e-08  6.9e+03  1.1e+03
  5777 -2.94630e-02  1.511e-03  1.123e-07   2.5e-05  1.1e-08  6.9e+03  2.2e+03
  5778 -2.94641e-02  1.511e-03  1.123e-07   2.5e-05  1.1e-08  6.9e+03  1.3e+03
  5779 -2.94698e-02  1.511e-03  1.122e-07   2.5e-05  1.1e-08  6.9e+03  6.2e+02
  5780 -2.94859e-02  1.511e-03  1.121e-07   2.5e-05  1.1e-08  6.9e+03  1.6e+03
  5781 -2.94878e-02  1.511e-03  1.121e-07   2.5e-05  1.1e-08  6.9e+03  6.2e+02
  5782 -2.95055e-02  1.511e-03  1.120e-07   2.5e-05  1.1e-08  6.9e+03  1.8e+03
  5783 -2.95067e-02  1.511e-03  1.120e-07   2.5e-05  1.1e-08  6.9e+03  6.2e+02
  5784 -2.95598e-02  1.511e-03  1.116e-07   2.5e-05  1.1e-08  6.9e+03  1.0e+03
  5785 -2.95751e-02  1.511e-03  1.115e-07   2.5e-05  1.1e-08  6.9e+03  9.3e+02
  5786 -2.95752e-02  1.511e-03  1.115e-07   2.5e-05  1.1e-08  6.9e+03  6.2e+02
  5787 -2.95952e-02  1.511e-03  1.114e-07   2.5e-05  1.1e-08  6.9e+03  1.5e+03
  5788 -2.96034e-02  1.511e-03  1.113e-07   2.5e-05  1.1e-08  6.9e+03  1.9e+03
  5789 -2.96044e-02  1.511e-03  1.113e-07   2.5e-05  1.1e-08  6.9e+03  6.2e+02
  5790 -2.96058e-02  1.511e-03  1.113e-07   2.5e-05  1.1e-08  6.9e+03  4.9e+03
 
   itn      x(1)       norm r    norm Ar  compatible   LS      norm A   cond A
  5791 -2.96058e-02  1.511e-03  1.113e-07   2.5e-05  1.1e-08  6.9e+03  2.8e+03
  5792 -2.96067e-02  1.511e-03  1.113e-07   2.5e-05  1.1e-08  6.9e+03  7.6e+03
  5793 -2.96067e-02  1.511e-03  1.113e-07   2.5e-05  1.1e-08  6.9e+03  9.0e+03
  5794 -2.96070e-02  1.511e-03  1.113e-07   2.5e-05  1.1e-08  6.9e+03  1.7e+03
  5795 -2.96081e-02  1.511e-03  1.113e-07   2.5e-05  1.1e-08  6.9e+03  7.0e+03
  5796 -2.96081e-02  1.511e-03  1.113e-07   2.5e-05  1.1e-08  6.9e+03  6.2e+02
  5797 -2.96098e-02  1.511e-03  1.113e-07   2.5e-05  1.1e-08  6.9e+03  4.8e+03
  5798 -2.96098e-02  1.511e-03  1.113e-07   2.5e-05  1.1e-08  6.9e+03  6.2e+02
  5799 -2.96108e-02  1.511e-03  1.113e-07   2.5e-05  1.1e-08  6.9e+03  1.9e+03
  5800 -2.96109e-02  1.511e-03  1.113e-07   2.5e-05  1.1e-08  6.9e+03  3.2e+03
  5801 -2.96141e-02  1.511e-03  1.112e-07   2.5e-05  1.1e-08  6.9e+03  6.2e+02
  5802 -2.96181e-02  1.511e-03  1.112e-07   2.5e-05  1.1e-08  6.9e+03  4.5e+03
  5803 -2.96241e-02  1.511e-03  1.112e-07   2.5e-05  1.1e-08  6.9e+03  6.2e+02
  5804 -2.96457e-02  1.511e-03  1.110e-07   2.5e-05  1.1e-08  6.9e+03  2.1e+03
  5805 -2.96488e-02  1.511e-03  1.110e-07   2.5e-05  1.1e-08  6.9e+03  6.2e+02
  5806 -2.96706e-02  1.511e-03  1.108e-07   2.5e-05  1.1e-08  6.9e+03  1.1e+03
  5807 -2.96706e-02  1.511e-03  1.108e-07   2.5e-05  1.1e-08  6.9e+03  6.2e+02
  5808 -2.96888e-02  1.511e-03  1.107e-07   2.5e-05  1.1e-08  6.9e+03  7.2e+02
  5809 -2.96919e-02  1.511e-03  1.107e-07   2.5e-05  1.1e-08  6.9e+03  2.1e+03
  5810 -2.97027e-02  1.511e-03  1.106e-07   2.5e-05  1.1e-08  6.9e+03  6.2e+02
 
   itn      x(1)       norm r    norm Ar  compatible   LS      norm A   cond A
  5811 -2.97039e-02  1.511e-03  1.106e-07   2.5e-05  1.1e-08  6.9e+03  3.3e+03
  5812 -2.97039e-02  1.511e-03  1.106e-07   2.5e-05  1.1e-08  6.9e+03  3.2e+03
  5813 -2.97046e-02  1.511e-03  1.106e-07   2.5e-05  1.1e-08  6.9e+03  3.9e+03
  5814 -2.97048e-02  1.511e-03  1.106e-07   2.5e-05  1.1e-08  6.9e+03  1.7e+04
  5815 -2.97048e-02  1.511e-03  1.106e-07   2.5e-05  1.1e-08  6.9e+03  5.0e+03
  5816 -2.97053e-02  1.511e-03  1.106e-07   2.5e-05  1.1e-08  6.9e+03  6.9e+03
  5817 -2.97053e-02  1.511e-03  1.106e-07   2.5e-05  1.1e-08  6.9e+03  5.7e+03
  5818 -2.97083e-02  1.511e-03  1.106e-07   2.5e-05  1.1e-08  6.9e+03  1.3e+03
  5819 -2.97096e-02  1.511e-03  1.106e-07   2.5e-05  1.1e-08  6.9e+03  2.8e+03
  5820 -2.97097e-02  1.511e-03  1.106e-07   2.5e-05  1.1e-08  6.9e+03  6.2e+02
  5821 -2.97481e-02  1.511e-03  1.103e-07   2.5e-05  1.1e-08  6.9e+03  1.4e+03
  5822 -2.97481e-02  1.511e-03  1.103e-07   2.5e-05  1.1e-08  6.9e+03  1.5e+03
  5823 -2.97565e-02  1.511e-03  1.102e-07   2.5e-05  1.1e-08  6.9e+03  1.2e+03
  5824 -2.97567e-02  1.511e-03  1.102e-07   2.5e-05  1.1e-08  6.9e+03  1.9e+03
  5825 -2.97606e-02  1.511e-03  1.102e-07   2.5e-05  1.1e-08  6.9e+03  6.2e+02
  5826 -2.97625e-02  1.511e-03  1.102e-07   2.5e-05  1.0e-08  6.9e+03  3.1e+03
  5827 -2.97668e-02  1.511e-03  1.102e-07   2.5e-05  1.0e-08  6.9e+03  6.2e+02
  5828 -2.97684e-02  1.511e-03  1.102e-07   2.5e-05  1.0e-08  7.0e+03  4.6e+03
  5829 -2.97684e-02  1.511e-03  1.102e-07   2.5e-05  1.0e-08  7.0e+03  6.2e+02
  5830 -2.97706e-02  1.511e-03  1.102e-07   2.5e-05  1.0e-08  7.0e+03  5.6e+03
 
   itn      x(1)       norm r    norm Ar  compatible   LS      norm A   cond A
  5831 -2.97706e-02  1.511e-03  1.102e-07   2.5e-05  1.0e-08  7.0e+03  1.7e+03
  5832 -2.97718e-02  1.511e-03  1.101e-07   2.5e-05  1.0e-08  7.0e+03  3.0e+03
  5833 -2.97718e-02  1.511e-03  1.101e-07   2.5e-05  1.0e-08  7.0e+03  9.7e+03
  5834 -2.97721e-02  1.511e-03  1.101e-07   2.5e-05  1.0e-08  7.0e+03  6.2e+02
  5835 -2.97735e-02  1.511e-03  1.101e-07   2.5e-05  1.0e-08  7.0e+03  9.3e+03
  5836 -2.97735e-02  1.511e-03  1.101e-07   2.5e-05  1.0e-08  7.0e+03  4.7e+03
  5837 -2.97782e-02  1.511e-03  1.101e-07   2.5e-05  1.0e-08  7.0e+03  7.5e+02
  5838 -2.97782e-02  1.511e-03  1.101e-07   2.5e-05  1.0e-08  7.0e+03  2.2e+03
  5839 -2.97836e-02  1.511e-03  1.101e-07   2.5e-05  1.0e-08  7.0e+03  6.2e+02
  5840 -2.97957e-02  1.511e-03  1.100e-07   2.5e-05  1.0e-08  7.0e+03  1.7e+03
  5841 -2.98055e-02  1.511e-03  1.099e-07   2.5e-05  1.0e-08  7.0e+03  6.2e+02
  5842 -2.98330e-02  1.511e-03  1.097e-07   2.5e-05  1.0e-08  7.0e+03  6.2e+02
  5843 -2.98336e-02  1.511e-03  1.097e-07   2.5e-05  1.0e-08  7.0e+03  2.8e+03
  5844 -2.98389e-02  1.511e-03  1.097e-07   2.5e-05  1.0e-08  7.0e+03  6.2e+02
  5845 -2.98429e-02  1.511e-03  1.097e-07   2.5e-05  1.0e-08  7.0e+03  2.1e+03
  5846 -2.98429e-02  1.511e-03  1.097e-07   2.5e-05  1.0e-08  7.0e+03  1.7e+03
  5847 -2.98470e-02  1.511e-03  1.096e-07   2.5e-05  1.0e-08  7.0e+03  2.7e+03
  5848 -2.98470e-02  1.511e-03  1.096e-07   2.5e-05  1.0e-08  7.0e+03  2.9e+03
  5849 -2.98508e-02  1.511e-03  1.096e-07   2.5e-05  1.0e-08  7.0e+03  8.8e+02
  5850 -2.98509e-02  1.511e-03  1.096e-07   2.5e-05  1.0e-08  7.0e+03  4.0e+03
 
   itn      x(1)       norm r    norm Ar  compatible   LS      norm A   cond A
  5851 -2.98538e-02  1.511e-03  1.096e-07   2.5e-05  1.0e-08  7.0e+03  6.2e+02
  5852 -2.98544e-02  1.511e-03  1.096e-07   2.5e-05  1.0e-08  7.0e+03  6.3e+03
  5853 -2.98544e-02  1.511e-03  1.096e-07   2.5e-05  1.0e-08  7.0e+03  8.9e+03
  5854 -2.98547e-02  1.511e-03  1.096e-07   2.5e-05  1.0e-08  7.0e+03  7.9e+03
  5855 -2.98547e-02  1.511e-03  1.096e-07   2.5e-05  1.0e-08  7.0e+03  7.6e+03
  5856 -2.98551e-02  1.511e-03  1.096e-07   2.5e-05  1.0e-08  7.0e+03  6.5e+02
  5857 -2.98553e-02  1.511e-03  1.096e-07   2.5e-05  1.0e-08  7.0e+03  1.2e+04
  5858 -2.98554e-02  1.511e-03  1.096e-07   2.5e-05  1.0e-08  7.0e+03  6.2e+02
  5859 -2.98570e-02  1.511e-03  1.096e-07   2.5e-05  1.0e-08  7.0e+03  8.5e+03
  5860 -2.98570e-02  1.511e-03  1.096e-07   2.5e-05  1.0e-08  7.0e+03  1.5e+03
  5861 -2.98613e-02  1.511e-03  1.095e-07   2.5e-05  1.0e-08  7.0e+03  2.2e+03
  5862 -2.98615e-02  1.511e-03  1.095e-07   2.5e-05  1.0e-08  7.0e+03  1.9e+03
  5863 -2.98628e-02  1.511e-03  1.095e-07   2.5e-05  1.0e-08  7.0e+03  6.2e+02
  5864 -2.98743e-02  1.510e-03  1.094e-07   2.5e-05  1.0e-08  7.0e+03  1.7e+03
  5865 -2.98743e-02  1.510e-03  1.094e-07   2.5e-05  1.0e-08  7.0e+03  6.2e+02
  5866 -2.98922e-02  1.510e-03  1.093e-07   2.5e-05  1.0e-08  7.0e+03  9.7e+02
  5867 -2.99154e-02  1.510e-03  1.092e-07   2.5e-05  1.0e-08  7.0e+03  1.6e+03
  5868 -2.99156e-02  1.510e-03  1.092e-07   2.5e-05  1.0e-08  7.0e+03  6.2e+02
  5869 -2.99198e-02  1.510e-03  1.091e-07   2.5e-05  1.0e-08  7.0e+03  2.6e+03
  5870 -2.99199e-02  1.510e-03  1.091e-07   2.5e-05  1.0e-08  7.0e+03  2.9e+03
 
   itn      x(1)       norm r    norm Ar  compatible   LS      norm A   cond A
  5871 -2.99228e-02  1.510e-03  1.091e-07   2.5e-05  1.0e-08  7.0e+03  6.2e+02
  5872 -2.99230e-02  1.510e-03  1.091e-07   2.5e-05  1.0e-08  7.0e+03  5.8e+03
  5873 -2.99236e-02  1.510e-03  1.091e-07   2.5e-05  1.0e-08  7.0e+03  6.2e+02
  5874 -2.99244e-02  1.510e-03  1.091e-07   2.5e-05  1.0e-08  7.0e+03  4.8e+03
  5875 -2.99244e-02  1.510e-03  1.091e-07   2.5e-05  1.0e-08  7.0e+03  2.0e+03
  5876 -2.99251e-02  1.510e-03  1.091e-07   2.5e-05  1.0e-08  7.0e+03  8.8e+03
  5877 -2.99251e-02  1.510e-03  1.091e-07   2.5e-05  1.0e-08  7.0e+03  8.0e+03
  5878 -2.99294e-02  1.510e-03  1.091e-07   2.5e-05  1.0e-08  7.0e+03  2.4e+03
  5879 -2.99295e-02  1.510e-03  1.091e-07   2.5e-05  1.0e-08  7.0e+03  3.0e+03
  5880 -2.99344e-02  1.510e-03  1.090e-07   2.5e-05  1.0e-08  7.0e+03  6.2e+02
  5881 -2.99386e-02  1.510e-03  1.090e-07   2.5e-05  1.0e-08  7.0e+03  2.1e+03
  5882 -2.99504e-02  1.510e-03  1.089e-07   2.5e-05  1.0e-08  7.0e+03  6.2e+02
  5883 -2.99647e-02  1.510e-03  1.088e-07   2.5e-05  1.0e-08  7.0e+03  1.4e+03
  5884 -2.99654e-02  1.510e-03  1.088e-07   2.5e-05  1.0e-08  7.0e+03  6.2e+02
  5885 -2.99912e-02  1.510e-03  1.087e-07   2.5e-05  1.0e-08  7.0e+03  6.2e+02
  5886 -3.00030e-02  1.510e-03  1.086e-07   2.5e-05  1.0e-08  7.0e+03  2.1e+03
  5887 -3.00030e-02  1.510e-03  1.086e-07   2.5e-05  1.0e-08  7.0e+03  6.2e+02
  5888 -3.00073e-02  1.510e-03  1.086e-07   2.5e-05  1.0e-08  7.0e+03  2.0e+03
  5889 -3.00073e-02  1.510e-03  1.086e-07   2.5e-05  1.0e-08  7.0e+03  3.2e+03
  5890 -3.00088e-02  1.510e-03  1.085e-07   2.5e-05  1.0e-08  7.0e+03  6.9e+02
 
   itn      x(1)       norm r    norm Ar  compatible   LS      norm A   cond A
  5891 -3.00095e-02  1.510e-03  1.085e-07   2.5e-05  1.0e-08  7.0e+03  6.6e+03
  5892 -3.00095e-02  1.510e-03  1.085e-07   2.5e-05  1.0e-08  7.0e+03  2.9e+03
  5893 -3.00099e-02  1.510e-03  1.085e-07   2.5e-05  1.0e-08  7.0e+03  9.5e+03
  5894 -3.00099e-02  1.510e-03  1.085e-07   2.5e-05  1.0e-08  7.0e+03  9.7e+03
  5895 -3.00102e-02  1.510e-03  1.085e-07   2.5e-05  1.0e-08  7.0e+03  1.6e+03
  5896 -3.00102e-02  1.510e-03  1.085e-07   2.5e-05  1.0e-08  7.0e+03  9.2e+03
  5897 -3.00105e-02  1.510e-03  1.085e-07   2.5e-05  1.0e-08  7.0e+03  6.2e+02
  5898 -3.00110e-02  1.510e-03  1.085e-07   2.5e-05  1.0e-08  7.0e+03  1.0e+04
  5899 -3.00133e-02  1.510e-03  1.085e-07   2.5e-05  1.0e-08  7.0e+03  6.2e+02
  5900 -3.00157e-02  1.510e-03  1.085e-07   2.5e-05  1.0e-08  7.0e+03  4.1e+03
  5901 -3.00406e-02  1.510e-03  1.083e-07   2.5e-05  1.0e-08  7.0e+03  6.2e+02
  5902 -3.00436e-02  1.510e-03  1.083e-07   2.5e-05  1.0e-08  7.0e+03  2.9e+03
  5903 -3.00437e-02  1.510e-03  1.083e-07   2.5e-05  1.0e-08  7.0e+03  6.2e+02
  5904 -3.00457e-02  1.510e-03  1.083e-07   2.5e-05  1.0e-08  7.0e+03  2.7e+03
  5905 -3.00721e-02  1.510e-03  1.081e-07   2.5e-05  1.0e-08  7.0e+03  1.2e+03
  5906 -3.00722e-02  1.510e-03  1.081e-07   2.5e-05  1.0e-08  7.0e+03  6.2e+02
  5907 -3.00760e-02  1.510e-03  1.081e-07   2.5e-05  1.0e-08  7.0e+03  2.4e+03
  5908 -3.00760e-02  1.510e-03  1.081e-07   2.5e-05  1.0e-08  7.0e+03  2.3e+03
  5909 -3.00789e-02  1.510e-03  1.081e-07   2.5e-05  1.0e-08  7.0e+03  1.4e+03
  5910 -3.00807e-02  1.510e-03  1.081e-07   2.5e-05  1.0e-08  7.0e+03  3.8e+03
 
   itn      x(1)       norm r    norm Ar  compatible   LS      norm A   cond A
  5911 -3.00807e-02  1.510e-03  1.081e-07   2.5e-05  1.0e-08  7.0e+03  4.7e+03
  5912 -3.00813e-02  1.510e-03  1.081e-07   2.5e-05  1.0e-08  7.0e+03  2.1e+03
  5913 -3.00813e-02  1.510e-03  1.081e-07   2.5e-05  1.0e-08  7.0e+03  9.5e+03
  5914 -3.00814e-02  1.510e-03  1.081e-07   2.5e-05  1.0e-08  7.0e+03  9.8e+02
  5915 -3.00815e-02  1.510e-03  1.081e-07   2.5e-05  1.0e-08  7.0e+03  1.8e+04
  5916 -3.00824e-02  1.510e-03  1.081e-07   2.5e-05  1.0e-08  7.0e+03  6.2e+02
  5917 -3.00831e-02  1.510e-03  1.081e-07   2.5e-05  1.0e-08  7.0e+03  7.7e+03
  5918 -3.00832e-02  1.510e-03  1.081e-07   2.5e-05  1.0e-08  7.0e+03  6.2e+02
  5919 -3.00914e-02  1.510e-03  1.080e-07   2.5e-05  1.0e-08  7.0e+03  3.8e+03
  5920 -3.00914e-02  1.510e-03  1.080e-07   2.5e-05  1.0e-08  7.0e+03  7.8e+02
  5921 -3.01112e-02  1.510e-03  1.079e-07   2.5e-05  1.0e-08  7.0e+03  1.3e+03
  5922 -3.01113e-02  1.510e-03  1.079e-07   2.5e-05  1.0e-08  7.0e+03  1.6e+03
  5923 -3.01451e-02  1.510e-03  1.076e-07   2.5e-05  1.0e-08  7.0e+03  6.2e+02
  5924 -3.01476e-02  1.510e-03  1.076e-07   2.5e-05  1.0e-08  7.0e+03  1.2e+03
  5925 -3.01558e-02  1.510e-03  1.076e-07   2.5e-05  1.0e-08  7.0e+03  6.2e+02
  5926 -3.01592e-02  1.510e-03  1.076e-07   2.5e-05  1.0e-08  7.0e+03  1.2e+03
  5927 -3.01611e-02  1.510e-03  1.075e-07   2.5e-05  1.0e-08  7.0e+03  1.4e+03
  5928 -3.01632e-02  1.510e-03  1.075e-07   2.5e-05  1.0e-08  7.0e+03  6.2e+02
  5929 -3.01641e-02  1.510e-03  1.075e-07   2.5e-05  1.0e-08  7.0e+03  5.2e+03
  5930 -3.01641e-02  1.510e-03  1.075e-07   2.5e-05  1.0e-08  7.0e+03  5.7e+03
 
   itn      x(1)       norm r    norm Ar  compatible   LS      norm A   cond A
  5931 -3.01647e-02  1.510e-03  1.075e-07   2.5e-05  1.0e-08  7.0e+03  6.5e+02
  5932 -3.01648e-02  1.510e-03  1.075e-07   2.5e-05  1.0e-08  7.0e+03  7.1e+03
  5933 -3.01655e-02  1.510e-03  1.075e-07   2.5e-05  1.0e-08  7.0e+03  6.2e+02
  5934 -3.01656e-02  1.510e-03  1.075e-07   2.5e-05  1.0e-08  7.0e+03  1.8e+04
  5935 -3.01657e-02  1.510e-03  1.075e-07   2.5e-05  1.0e-08  7.0e+03  6.2e+02
  5936 -3.01662e-02  1.510e-03  1.075e-07   2.5e-05  1.0e-08  7.0e+03  1.2e+04
  5937 -3.01662e-02  1.510e-03  1.075e-07   2.5e-05  1.0e-08  7.0e+03  4.5e+03
  5938 -3.01709e-02  1.510e-03  1.075e-07   2.5e-05  1.0e-08  7.0e+03  1.1e+03
  5939 -3.01914e-02  1.510e-03  1.073e-07   2.5e-05  1.0e-08  7.0e+03  2.9e+03
  5940 -3.01971e-02  1.510e-03  1.073e-07   2.5e-05  1.0e-08  7.0e+03  6.2e+02
  5941 -3.02036e-02  1.510e-03  1.073e-07   2.5e-05  1.0e-08  7.0e+03  1.6e+03
  5942 -3.02036e-02  1.510e-03  1.073e-07   2.5e-05  1.0e-08  7.0e+03  8.1e+02
  5943 -3.02148e-02  1.510e-03  1.072e-07   2.5e-05  1.0e-08  7.0e+03  1.8e+03
  5944 -3.02148e-02  1.510e-03  1.072e-07   2.5e-05  1.0e-08  7.0e+03  2.1e+03
  5945 -3.02322e-02  1.510e-03  1.071e-07   2.5e-05  1.0e-08  7.0e+03  6.5e+02
  5946 -3.02351e-02  1.510e-03  1.071e-07   2.5e-05  1.0e-08  7.0e+03  1.2e+03
  5947 -3.02446e-02  1.510e-03  1.070e-07   2.5e-05  1.0e-08  7.0e+03  6.2e+02
  5948 -3.02537e-02  1.510e-03  1.069e-07   2.5e-05  1.0e-08  7.0e+03  7.1e+02
  5949 -3.02537e-02  1.510e-03  1.069e-07   2.5e-05  1.0e-08  7.0e+03  6.9e+02
  5950 -3.02634e-02  1.510e-03  1.069e-07   2.5e-05  1.0e-08  7.0e+03  1.1e+03
 
   itn      x(1)       norm r    norm Ar  compatible   LS      norm A   cond A
  5951 -3.02634e-02  1.510e-03  1.069e-07   2.5e-05  1.0e-08  7.0e+03  3.7e+03
  5952 -3.02667e-02  1.510e-03  1.069e-07   2.5e-05  1.0e-08  7.0e+03  7.7e+02
  5953 -3.02680e-02  1.510e-03  1.069e-07   2.5e-05  1.0e-08  7.0e+03  4.8e+03
  5954 -3.02681e-02  1.510e-03  1.069e-07   2.5e-05  1.0e-08  7.0e+03  6.2e+02
  5955 -3.02692e-02  1.510e-03  1.068e-07   2.5e-05  1.0e-08  7.0e+03  5.3e+03
  5956 -3.02693e-02  1.510e-03  1.068e-07   2.5e-05  1.0e-08  7.0e+03  1.2e+04
  5957 -3.02701e-02  1.510e-03  1.068e-07   2.5e-05  1.0e-08  7.0e+03  6.2e+02
  5958 -3.02704e-02  1.510e-03  1.068e-07   2.5e-05  1.0e-08  7.0e+03  8.1e+03
  5959 -3.02706e-02  1.510e-03  1.068e-07   2.5e-05  1.0e-08  7.0e+03  6.2e+02
  5960 -3.02711e-02  1.510e-03  1.068e-07   2.5e-05  1.0e-08  7.0e+03  1.3e+04
  5961 -3.02711e-02  1.510e-03  1.068e-07   2.5e-05  1.0e-08  7.0e+03  6.2e+02
  5962 -3.02716e-02  1.510e-03  1.068e-07   2.5e-05  1.0e-08  7.0e+03  1.2e+04
  5963 -3.02737e-02  1.510e-03  1.068e-07   2.5e-05  1.0e-08  7.0e+03  5.0e+03
  5964 -3.02737e-02  1.510e-03  1.068e-07   2.5e-05  1.0e-08  7.0e+03  7.0e+02
  5965 -3.02779e-02  1.510e-03  1.068e-07   2.5e-05  1.0e-08  7.0e+03  2.7e+03
  5966 -3.02779e-02  1.510e-03  1.068e-07   2.5e-05  1.0e-08  7.0e+03  9.2e+02
  5967 -3.02966e-02  1.510e-03  1.067e-07   2.5e-05  1.0e-08  7.0e+03  2.3e+03
  5968 -3.02969e-02  1.510e-03  1.067e-07   2.5e-05  1.0e-08  7.0e+03  6.2e+02
  5969 -3.03151e-02  1.510e-03  1.066e-07   2.5e-05  1.0e-08  7.0e+03  6.2e+02
  5970 -3.03392e-02  1.510e-03  1.064e-07   2.5e-05  1.0e-08  7.0e+03  1.0e+03
 
   itn      x(1)       norm r    norm Ar  compatible   LS      norm A   cond A
  5971 -3.03503e-02  1.510e-03  1.063e-07   2.5e-05  1.0e-08  7.0e+03  6.2e+02
  5972 -3.03755e-02  1.510e-03  1.062e-07   2.5e-05  1.0e-08  7.0e+03  8.6e+02
 
LSMR finished
The least-squares solution is good enough, given atol     
istop =       2    normr = 1.5e-03
    normA = 7.0e+03    normAr = 1.1e-07
itn   =    5972    condA = 8.6e+02
    normx = 1.8e+00
  5972 -3.03755e-02   1.510e-03  1.062e-07
   2.5e-05  1.0e-08   7.0e+03  8.6e+02
loss = 2.2801611976768136e-06
