OS                           : Linux-5.14.21-150400.24.81_12.0.87-cray_shasta_c-x86_64-with-glibc2.31
Python Version               : 3.9.15
CuPy Version                 : 13.0.0
CuPy Platform                : NVIDIA CUDA
NumPy Version                : 1.23.5
SciPy Version                : 1.9.3
Cython Build Version         : 0.29.36
Cython Runtime Version       : None
CUDA Root                    : /opt/nvidia/hpc_sdk/Linux_x86_64/23.9/cuda/12.2
nvcc PATH                    : /opt/nvidia/hpc_sdk/Linux_x86_64/23.9/cuda/12.2/bin/nvcc
CUDA Build Version           : 12020
CUDA Driver Version          : 12020
CUDA Runtime Version         : 12020 (linked to CuPy) / 12020 (locally installed)
cuBLAS Version               : (available)
cuFFT Version                : 11008
cuRAND Version               : 10303
cuSOLVER Version             : (11, 5, 0)
cuSPARSE Version             : (available)
NVRTC Version                : (12, 2)
Thrust Version               : 200200
CUB Build Version            : 200200
Jitify Build Version         : <unknown>
cuDNN Build Version          : 8801
cuDNN Version                : 8903
NCCL Build Version           : None
NCCL Runtime Version         : None
cuTENSOR Version             : None
cuSPARSELt Build Version     : None
Device 0 Name                : NVIDIA A100-SXM4-40GB
Device 0 Compute Capability  : 80
Device 0 PCI Bus ID          : 0000:03:00.0
None
Sizes of ptrain and pdot:
[(80000, 14, 14), (80000, 14, 14)]
len(theta) = 38416
len(jac) = 15680000
 
LSMR            Least-squares solution of  Ax = b

The matrix A has 31360000 rows and 38416 columns
damp = 0.00000000000000e+00

atol = 1.00e-08                 conlim = 1.00e+08

btol = 1.00e-08             maxiter =   100000

 
   itn      x(1)       norm r    norm Ar  compatible   LS      norm A   cond A
     0  0.00000e+00  4.670e+02  6.538e+04   1.0e+00  3.0e-01
     1  1.15261e-01  2.269e+02  3.123e+04   4.9e-01  8.8e-01  1.6e+02  1.0e+00
     2  2.08162e-01  7.701e+01  5.773e+03   1.6e-01  2.9e-01  2.6e+02  1.1e+00
     3  2.15554e-01  6.322e+01  1.391e+03   1.4e-01  7.5e-02  2.9e+02  1.3e+00
     4  2.14525e-01  6.245e+01  1.177e+03   1.3e-01  6.0e-02  3.1e+02  1.8e+00
     5  2.12384e-01  6.107e+01  1.065e+03   1.3e-01  4.8e-02  3.7e+02  3.3e+00
     6  2.05450e-01  5.323e+01  9.278e+02   1.1e-01  4.5e-02  3.9e+02  7.4e+00
     7  1.96932e-01  4.570e+01  7.748e+02   9.8e-02  4.1e-02  4.1e+02  3.7e+00
     8  1.86737e-01  3.919e+01  5.658e+02   8.4e-02  3.2e-02  4.6e+02  3.7e+00
     9  1.84873e-01  3.772e+01  5.404e+02   8.1e-02  3.1e-02  4.7e+02  7.1e+00
    10  1.77850e-01  3.052e+01  4.496e+02   6.5e-02  3.0e-02  4.9e+02  6.8e+00
    20  1.60377e-01  9.845e+00  1.017e+02   2.1e-02  1.5e-02  6.7e+02  9.6e+00
    30  1.52086e-01  5.231e+00  2.957e+01   1.1e-02  6.9e-03  8.2e+02  9.6e+00
    40  1.46540e-01  4.388e+00  1.129e+01   9.4e-03  2.8e-03  9.2e+02  1.2e+01
    50  1.38790e-01  4.065e+00  8.209e+00   8.7e-03  2.0e-03  1.0e+03  2.9e+01
    60  1.16970e-01  3.408e+00  7.004e+00   7.3e-03  1.9e-03  1.1e+03  1.5e+01
    70  7.54463e-02  2.281e+00  5.170e+00   4.9e-03  1.9e-03  1.2e+03  7.9e+00
    80  4.17102e-02  1.525e+00  3.337e+00   3.3e-03  1.7e-03  1.3e+03  1.7e+01
    90  3.16955e-02  1.277e+00  2.826e+00   2.7e-03  1.6e-03  1.3e+03  7.5e+00
   100  1.22127e-02  7.067e-01  1.913e+00   1.5e-03  1.9e-03  1.4e+03  7.7e+00
   110 -1.78031e-03  3.573e-01  9.315e-01   7.6e-04  1.7e-03  1.5e+03  9.6e+00
 
   itn      x(1)       norm r    norm Ar  compatible   LS      norm A   cond A
   120 -4.13508e-03  3.078e-01  6.468e-01   6.6e-04  1.4e-03  1.5e+03  2.3e+01
   130 -4.57722e-03  2.649e-01  5.623e-01   5.7e-04  1.3e-03  1.6e+03  3.2e+01
   140 -5.21544e-03  1.212e-01  3.425e-01   2.6e-04  1.7e-03  1.7e+03  7.0e+00
   150 -5.48846e-03  6.177e-02  1.507e-01   1.3e-04  1.4e-03  1.7e+03  1.2e+01
   160 -5.48252e-03  5.434e-02  1.126e-01   1.2e-04  1.2e-03  1.8e+03  1.6e+01
   170 -5.41943e-03  4.499e-02  9.459e-02   9.6e-05  1.1e-03  1.8e+03  9.7e+00
   180 -5.28072e-03  2.828e-02  6.021e-02   6.1e-05  1.1e-03  1.9e+03  7.5e+00
   190 -5.23651e-03  2.372e-02  4.824e-02   5.1e-05  1.0e-03  1.9e+03  2.1e+01
   200 -5.19592e-03  1.874e-02  4.099e-02   4.0e-05  1.1e-03  2.0e+03  2.4e+01
   210 -5.11131e-03  7.390e-03  2.345e-02   1.6e-05  1.6e-03  2.0e+03  9.8e+00
   220 -5.07537e-03  3.413e-03  9.157e-03   7.3e-06  1.3e-03  2.1e+03  1.4e+01
   230 -5.07249e-03  3.087e-03  6.071e-03   6.6e-06  9.2e-04  2.1e+03  2.4e+01
   240 -5.07481e-03  2.779e-03  5.291e-03   6.0e-06  8.7e-04  2.2e+03  3.5e+01
   250 -5.08548e-03  1.754e-03  3.654e-03   3.8e-06  9.4e-04  2.2e+03  8.5e+00
   260 -5.09131e-03  1.307e-03  2.679e-03   2.8e-06  9.1e-04  2.3e+03  1.2e+01
   270 -5.09478e-03  1.059e-03  2.284e-03   2.3e-06  9.4e-04  2.3e+03  1.0e+01
   280 -5.10266e-03  4.759e-04  1.432e-03   1.0e-06  1.3e-03  2.3e+03  7.5e+00
   290 -5.10748e-03  1.715e-04  5.288e-04   3.7e-07  1.3e-03  2.4e+03  1.1e+01
   291 -5.10775e-03  1.620e-04  4.349e-04   3.5e-07  1.1e-03  2.4e+03  7.6e+00
   292 -5.10778e-03  1.612e-04  4.261e-04   3.5e-07  1.1e-03  2.4e+03  1.1e+01
 
   itn      x(1)       norm r    norm Ar  compatible   LS      norm A   cond A
   293 -5.10787e-03  1.583e-04  3.949e-04   3.4e-07  1.0e-03  2.4e+03  1.2e+01
   294 -5.10795e-03  1.556e-04  3.611e-04   3.3e-07  9.6e-04  2.4e+03  7.6e+00
 
LSMR finished
Ax - b is small enough, given atol, btol                  
istop =       1    normr = 1.6e-04
    normA = 2.4e+03    normAr = 3.6e-04
itn   =     294    condA = 7.6e+00
    normx = 6.3e+00
   294 -5.10795e-03   1.556e-04  3.611e-04
   3.3e-07  9.6e-04   2.4e+03  7.6e+00
loss = 2.422278048128357e-08
