OS                           : Linux-5.14.21-150400.24.69_12.0.74-cray_shasta_c-x86_64-with-glibc2.31
Python Version               : 3.9.15
CuPy Version                 : 12.1.0
CuPy Platform                : NVIDIA CUDA
NumPy Version                : 1.23.5
SciPy Version                : 1.9.3
Cython Build Version         : 0.29.32
Cython Runtime Version       : None
CUDA Root                    : /opt/nvidia/hpc_sdk/Linux_x86_64/22.7/cuda/11.7
nvcc PATH                    : /opt/nvidia/hpc_sdk/Linux_x86_64/22.7/cuda/11.7/bin/nvcc
CUDA Build Version           : 11080
CUDA Driver Version          : 12000
CUDA Runtime Version         : 11070
cuBLAS Version               : (available)
cuFFT Version                : 10702
cuRAND Version               : 10210
cuSOLVER Version             : (11, 3, 5)
cuSPARSE Version             : (available)
NVRTC Version                : (11, 7)
Thrust Version               : 101501
CUB Build Version            : 101501
Jitify Build Version         : 4a37de0
cuDNN Build Version          : 8801
cuDNN Version                : 8302
NCCL Build Version           : 21602
NCCL Runtime Version         : 21505
cuTENSOR Version             : 10500
cuSPARSELt Build Version     : None
Device 0 Name                : NVIDIA A100-SXM4-40GB
Device 0 Compute Capability  : 80
Device 0 PCI Bus ID          : 0000:C1:00.0
None
./trajdata/train_heh+_6-31g.npy
Sizes of ptrain and pdot:
[(19996, 4, 4), (19996, 4, 4)]
len(theta) = 256
len(jac) = 319936
 
LSMR            Least-squares solution of  Ax = b

The matrix A has 639872 rows and 256 columns
damp = 0.00000000000000e+00

atol = 1.00e-08                 conlim = 1.00e+08

btol = 1.00e-08             maxiter =    20000

 
   itn      x(1)       norm r    norm Ar  compatible   LS      norm A   cond A
     0  0.00000e+00  5.871e+01  6.995e+03   1.0e+00  2.0e+00
     1  2.06727e-04  1.608e+01  1.121e+03   2.7e-01  5.6e-01  1.2e+02  1.0e+00
     2  3.51613e-04  5.398e+00  2.900e+02   9.2e-02  3.7e-01  1.5e+02  1.7e+00
     3  3.87236e-04  4.233e+00  1.905e+02   7.2e-02  2.7e-01  1.7e+02  1.6e+00
     4  4.77677e-04  1.807e+00  4.466e+01   3.1e-02  1.2e-01  2.0e+02  2.3e+00
     5  4.74330e-04  1.265e+00  9.874e+00   2.2e-02  3.9e-02  2.0e+02  3.6e+00
     6  4.59044e-04  1.098e+00  8.119e+00   1.9e-02  3.7e-02  2.0e+02  1.1e+01
     7  4.55680e-04  1.062e+00  7.689e+00   1.8e-02  3.4e-02  2.1e+02  6.2e+00
     8  4.25967e-04  8.315e-01  1.533e+00   1.4e-02  7.7e-03  2.4e+02  6.2e+00
     9  4.34473e-04  8.265e-01  1.360e+00   1.4e-02  6.8e-03  2.4e+02  1.2e+01
    10  4.50096e-04  8.200e-01  1.110e+00   1.4e-02  5.5e-03  2.5e+02  6.8e+00
    20  1.76713e-03  4.237e-01  5.780e-02   7.2e-03  4.0e-04  3.4e+02  1.5e+02
    30  1.98973e-03  4.123e-01  1.757e-02   7.0e-03  1.1e-04  4.0e+02  1.2e+02
    40  1.88287e-03  4.107e-01  5.730e-03   7.0e-03  3.1e-05  4.5e+02  1.2e+02
    50  1.47226e-03  4.099e-01  3.702e-03   7.0e-03  1.8e-05  5.1e+02  1.2e+02
    60  9.18623e-04  4.092e-01  2.838e-03   7.0e-03  1.2e-05  5.6e+02  3.3e+02
    70  2.78148e-04  4.088e-01  1.811e-03   7.0e-03  7.3e-06  6.1e+02  1.9e+02
    80 -1.37701e-04  4.085e-01  1.148e-03   7.0e-03  4.4e-06  6.4e+02  1.9e+02
    90 -5.10246e-04  4.085e-01  6.945e-04   7.0e-03  2.5e-06  6.8e+02  1.9e+02
   100 -7.40723e-04  4.084e-01  3.658e-04   7.0e-03  1.3e-06  7.2e+02  1.9e+02
   110 -9.46522e-04  4.084e-01  1.826e-04   7.0e-03  5.9e-07  7.5e+02  1.9e+02
 
   itn      x(1)       norm r    norm Ar  compatible   LS      norm A   cond A
   120 -1.12351e-03  4.084e-01  1.412e-04   7.0e-03  4.4e-07  7.9e+02  1.9e+02
   130 -1.45104e-03  4.084e-01  9.794e-05   7.0e-03  2.9e-07  8.2e+02  2.3e+02
   140 -1.77664e-03  4.084e-01  7.572e-05   7.0e-03  2.2e-07  8.5e+02  4.8e+02
   150 -1.84773e-03  4.084e-01  7.234e-05   7.0e-03  2.0e-07  8.8e+02  4.8e+02
   160 -1.94375e-03  4.084e-01  6.893e-05   7.0e-03  1.9e-07  9.1e+02  4.8e+02
   170 -2.56312e-03  4.084e-01  5.806e-05   7.0e-03  1.5e-07  9.4e+02  6.3e+02
   180 -2.63860e-03  4.084e-01  5.718e-05   7.0e-03  1.5e-07  9.7e+02  6.3e+02
   190 -2.83816e-03  4.084e-01  5.596e-05   7.0e-03  1.4e-07  9.9e+02  6.3e+02
   200 -2.94676e-03  4.084e-01  5.552e-05   7.0e-03  1.3e-07  1.0e+03  6.3e+02
   210 -3.60579e-03  4.084e-01  5.287e-05   7.0e-03  1.2e-07  1.0e+03  6.3e+02
   220 -3.95233e-03  4.084e-01  5.163e-05   7.0e-03  1.2e-07  1.1e+03  6.3e+02
   230 -4.48631e-03  4.084e-01  5.025e-05   7.0e-03  1.1e-07  1.1e+03  1.2e+03
   240 -5.39403e-03  4.084e-01  4.843e-05   7.0e-03  1.1e-07  1.1e+03  6.3e+02
   250 -6.25637e-03  4.084e-01  4.678e-05   7.0e-03  1.0e-07  1.1e+03  6.3e+02
   260 -1.27983e-02  4.084e-01  3.269e-05   7.0e-03  6.9e-08  1.2e+03  8.5e+02
   270 -1.29195e-02  4.084e-01  3.237e-05   7.0e-03  6.7e-08  1.2e+03  6.3e+02
   280 -1.87680e-02  4.084e-01  2.453e-05   7.0e-03  5.0e-08  1.2e+03  6.3e+02
   290 -2.00127e-02  4.084e-01  2.251e-05   7.0e-03  4.5e-08  1.2e+03  7.4e+03
   300 -2.08331e-02  4.084e-01  2.173e-05   7.0e-03  4.3e-08  1.2e+03  1.5e+03
   310 -2.09381e-02  4.084e-01  2.164e-05   7.0e-03  4.2e-08  1.3e+03  6.3e+02
 
   itn      x(1)       norm r    norm Ar  compatible   LS      norm A   cond A
   320 -2.42212e-02  4.083e-01  1.906e-05   7.0e-03  3.6e-08  1.3e+03  6.3e+02
   330 -2.68662e-02  4.083e-01  1.680e-05   7.0e-03  3.1e-08  1.3e+03  6.3e+02
   340 -2.75244e-02  4.083e-01  1.620e-05   7.0e-03  3.0e-08  1.3e+03  6.3e+02
   350 -2.76435e-02  4.083e-01  1.611e-05   7.0e-03  2.9e-08  1.3e+03  1.5e+03
   360 -2.88892e-02  4.083e-01  1.521e-05   7.0e-03  2.7e-08  1.4e+03  6.3e+02
   370 -2.94089e-02  4.083e-01  1.482e-05   7.0e-03  2.6e-08  1.4e+03  1.6e+03
   380 -2.94390e-02  4.083e-01  1.480e-05   7.0e-03  2.6e-08  1.4e+03  2.3e+03
   390 -4.01892e-02  4.083e-01  1.222e-05   7.0e-03  2.1e-08  1.4e+03  1.6e+03
   400 -4.33138e-02  4.083e-01  1.136e-05   7.0e-03  1.9e-08  1.4e+03  1.6e+03
   410 -4.39450e-02  4.083e-01  1.118e-05   7.0e-03  1.9e-08  1.5e+03  1.6e+03
   420 -4.42064e-02  4.083e-01  1.113e-05   7.0e-03  1.8e-08  1.5e+03  1.6e+03
   430 -4.58085e-02  4.083e-01  1.083e-05   7.0e-03  1.8e-08  1.5e+03  1.6e+03
   440 -5.05546e-02  4.083e-01  9.908e-06   7.0e-03  1.6e-08  1.5e+03  1.6e+03
   450 -5.32299e-02  4.083e-01  9.349e-06   7.0e-03  1.5e-08  1.5e+03  1.6e+03
   460 -5.33724e-02  4.083e-01  9.320e-06   7.0e-03  1.5e-08  1.5e+03  1.5e+04
   470 -5.35859e-02  4.083e-01  9.292e-06   7.0e-03  1.5e-08  1.6e+03  2.6e+03
   480 -5.42435e-02  4.083e-01  9.208e-06   7.0e-03  1.4e-08  1.6e+03  2.6e+03
   490 -5.89447e-02  4.083e-01  8.592e-06   7.0e-03  1.3e-08  1.6e+03  1.6e+03
   500 -6.00940e-02  4.083e-01  8.435e-06   7.0e-03  1.3e-08  1.6e+03  1.6e+03
   510 -6.02507e-02  4.083e-01  8.415e-06   7.0e-03  1.3e-08  1.6e+03  2.8e+03
 
   itn      x(1)       norm r    norm Ar  compatible   LS      norm A   cond A
   520 -6.03381e-02  4.083e-01  8.405e-06   7.0e-03  1.3e-08  1.6e+03  1.9e+04
   530 -6.30191e-02  4.083e-01  8.146e-06   7.0e-03  1.2e-08  1.7e+03  1.6e+03
   540 -6.34244e-02  4.083e-01  8.107e-06   7.0e-03  1.2e-08  1.7e+03  1.6e+03
   548 -7.97682e-02  4.083e-01  6.304e-06   7.0e-03  9.2e-09  1.7e+03  1.6e+03
 
LSMR finished
The least-squares solution is good enough, given atol     
istop =       2    normr = 4.1e-01
    normA = 1.7e+03    normAr = 6.3e-06
itn   =     548    condA = 1.6e+03
    normx = 2.6e+00
   548 -7.97682e-02   4.083e-01  6.304e-06
   7.0e-03  9.2e-09   1.7e+03  1.6e+03
loss = 0.16671824758491227
