OS                           : Linux-5.14.21-150400.24.81_12.0.86-cray_shasta_c-x86_64-with-glibc2.31
Python Version               : 3.9.15
CuPy Version                 : 12.1.0
CuPy Platform                : NVIDIA CUDA
NumPy Version                : 1.23.5
SciPy Version                : 1.9.3
Cython Build Version         : 0.29.32
Cython Runtime Version       : None
CUDA Root                    : /opt/nvidia/hpc_sdk/Linux_x86_64/22.7/cuda/11.7
nvcc PATH                    : /opt/nvidia/hpc_sdk/Linux_x86_64/22.7/cuda/11.7/bin/nvcc
CUDA Build Version           : 11080
CUDA Driver Version          : 12000
CUDA Runtime Version         : 11070
cuBLAS Version               : (available)
cuFFT Version                : 10702
cuRAND Version               : 10210
cuSOLVER Version             : (11, 3, 5)
cuSPARSE Version             : (available)
NVRTC Version                : (11, 7)
Thrust Version               : 101501
CUB Build Version            : 101501
Jitify Build Version         : 4a37de0
cuDNN Build Version          : 8801
cuDNN Version                : 8302
NCCL Build Version           : 21602
NCCL Runtime Version         : 21505
cuTENSOR Version             : 10500
cuSPARSELt Build Version     : None
Device 0 Name                : NVIDIA A100-SXM4-40GB
Device 0 Compute Capability  : 80
Device 0 PCI Bus ID          : 0000:03:00.0
None
./trajdata100/train_heh+_6-311G.npy
Sizes of ptrain and pdot:
[(199996, 14, 14), (199996, 14, 14)]
len(theta) = 38416
len(jac) = 39199216
 
LSMR            Least-squares solution of  Ax = b

The matrix A has 78398432 rows and 38416 columns
damp = 0.00000000000000e+00

atol = 1.00e-08                 conlim = 1.00e+08

btol = 1.00e-08             maxiter =    20000

 
   itn      x(1)       norm r    norm Ar  compatible   LS      norm A   cond A
     0  0.00000e+00  1.942e+02  8.648e+04   1.0e+00  2.3e+00
     1  2.14539e-07  1.295e+01  2.882e+02   6.7e-02  5.0e-02  4.5e+02  1.0e+00
     2  9.07136e-07  1.281e+01  2.854e+02   6.6e-02  5.0e-02  4.5e+02  1.5e+01
     3  4.37129e-05  6.922e+00  7.193e+01   3.6e-02  1.6e-02  6.3e+02  8.2e+00
     4  4.51373e-05  6.803e+00  7.102e+01   3.5e-02  1.7e-02  6.3e+02  3.5e+01
     5  9.24233e-05  3.847e+00  2.958e+01   2.0e-02  9.9e-03  7.7e+02  7.9e+00
     6  1.00412e-04  2.875e+00  2.433e+01   1.5e-02  1.1e-02  7.7e+02  5.0e+01
     7  1.13535e-04  1.732e+00  1.125e+01   8.9e-03  7.3e-03  8.8e+02  2.9e+01
     8  1.11821e-04  1.337e+00  8.272e+00   6.9e-03  6.9e-03  8.9e+02  4.8e+01
     9  1.11110e-04  1.224e+00  6.665e+00   6.3e-03  5.7e-03  9.5e+02  3.2e+01
    10  1.04023e-04  8.443e-01  4.002e+00   4.3e-03  4.7e-03  1.0e+03  5.6e+01
    20  1.03973e-04  3.637e-01  3.800e-01   1.9e-03  7.8e-04  1.3e+03  8.4e+01
    30  1.06914e-04  3.323e-01  1.719e-01   1.7e-03  3.2e-04  1.6e+03  5.8e+01
    40  1.12140e-04  3.065e-01  1.484e-01   1.6e-03  2.6e-04  1.8e+03  3.5e+02
    50  1.46466e-04  1.624e-01  8.663e-02   8.4e-04  2.6e-04  2.0e+03  1.2e+02
    60  1.63075e-04  1.259e-01  3.588e-02   6.5e-04  1.3e-04  2.2e+03  2.0e+02
    70  1.66023e-04  1.206e-01  3.206e-02   6.2e-04  1.1e-04  2.4e+03  1.3e+02
    80  1.92497e-04  7.546e-02  1.980e-02   3.9e-04  1.0e-04  2.6e+03  1.3e+02
    90  2.03096e-04  6.554e-02  1.257e-02   3.4e-04  7.0e-05  2.8e+03  1.3e+02
   100  2.17119e-04  5.512e-02  9.470e-03   2.8e-04  5.9e-05  2.9e+03  1.9e+02
   110  2.22854e-04  5.184e-02  7.906e-03   2.7e-04  5.0e-05  3.0e+03  3.8e+02
 
   itn      x(1)       norm r    norm Ar  compatible   LS      norm A   cond A
   120  2.24237e-04  4.862e-02  7.376e-03   2.5e-04  4.8e-05  3.2e+03  2.4e+02
   130  2.28074e-04  3.871e-02  5.090e-03   2.0e-04  4.0e-05  3.3e+03  1.4e+02
   140  2.27879e-04  3.770e-02  4.704e-03   1.9e-04  3.7e-05  3.4e+03  1.0e+03
   150  2.22108e-04  3.654e-02  4.546e-03   1.9e-04  3.5e-05  3.5e+03  3.5e+02
   160  1.61866e-04  2.773e-02  2.729e-03   1.4e-04  2.7e-05  3.6e+03  1.4e+02
   170  1.56977e-04  2.719e-02  2.648e-03   1.4e-04  2.6e-05  3.8e+03  1.4e+02
   180  1.28340e-04  2.439e-02  2.192e-03   1.3e-04  2.3e-05  3.8e+03  1.4e+02
   190  1.23756e-04  2.403e-02  2.126e-03   1.2e-04  2.2e-05  4.0e+03  1.0e+03
   200  7.84963e-05  2.106e-02  1.774e-03   1.1e-04  2.1e-05  4.1e+03  1.4e+02
   210  6.43591e-05  2.026e-02  1.651e-03   1.0e-04  2.0e-05  4.2e+03  1.2e+03
   220  6.05343e-05  1.991e-02  1.620e-03   1.0e-04  1.9e-05  4.3e+03  5.6e+02
   230  1.24556e-05  1.581e-02  1.170e-03   8.1e-05  1.7e-05  4.4e+03  2.0e+02
   240  8.42406e-06  1.543e-02  1.138e-03   7.9e-05  1.7e-05  4.4e+03  1.4e+02
   250 -2.86921e-05  1.262e-02  7.874e-04   6.5e-05  1.4e-05  4.6e+03  7.2e+02
   260 -3.01970e-05  1.248e-02  7.757e-04   6.4e-05  1.3e-05  4.6e+03  7.9e+02
   270 -5.81481e-05  1.038e-02  5.325e-04   5.3e-05  1.1e-05  4.7e+03  2.1e+02
   280 -5.87714e-05  1.032e-02  5.231e-04   5.3e-05  1.1e-05  4.8e+03  1.0e+03
   290 -5.92231e-05  9.382e-03  4.072e-04   4.8e-05  8.9e-06  4.9e+03  2.4e+02
   300 -5.92174e-05  9.279e-03  3.883e-04   4.8e-05  8.4e-06  5.0e+03  2.0e+02
   310 -5.74247e-05  9.115e-03  3.730e-04   4.7e-05  8.1e-06  5.1e+03  2.0e+02
 
   itn      x(1)       norm r    norm Ar  compatible   LS      norm A   cond A
   320 -5.05650e-05  8.597e-03  3.115e-04   4.4e-05  7.0e-06  5.1e+03  1.2e+03
   330 -4.53904e-05  8.382e-03  2.905e-04   4.3e-05  6.6e-06  5.2e+03  2.0e+02
   340 -3.97423e-05  8.176e-03  2.661e-04   4.2e-05  6.1e-06  5.3e+03  2.7e+03
   350 -3.28589e-05  7.887e-03  2.410e-04   4.1e-05  5.7e-06  5.4e+03  2.0e+02
   360 -2.68679e-05  7.672e-03  2.165e-04   3.9e-05  5.2e-06  5.4e+03  1.1e+03
   370 -2.67865e-05  7.655e-03  2.151e-04   3.9e-05  5.1e-06  5.5e+03  2.0e+02
   380 -2.68837e-05  7.321e-03  1.839e-04   3.8e-05  4.5e-06  5.6e+03  2.0e+02
   390 -2.70136e-05  7.283e-03  1.796e-04   3.7e-05  4.3e-06  5.7e+03  2.0e+02
   400 -2.99203e-05  7.064e-03  1.589e-04   3.6e-05  3.9e-06  5.8e+03  8.9e+02
   410 -3.06386e-05  7.044e-03  1.573e-04   3.6e-05  3.8e-06  5.8e+03  1.0e+03
   420 -3.93511e-05  6.836e-03  1.398e-04   3.5e-05  3.5e-06  5.9e+03  2.2e+02
   430 -4.22714e-05  6.776e-03  1.336e-04   3.5e-05  3.3e-06  6.0e+03  2.0e+02
   440 -4.27075e-05  6.769e-03  1.331e-04   3.5e-05  3.3e-06  6.0e+03  7.5e+02
   450 -5.91530e-05  6.544e-03  1.158e-04   3.4e-05  2.9e-06  6.1e+03  2.0e+02
   460 -6.11750e-05  6.521e-03  1.141e-04   3.4e-05  2.8e-06  6.2e+03  2.6e+03
   470 -7.42705e-05  6.384e-03  1.041e-04   3.3e-05  2.6e-06  6.2e+03  3.8e+02
   480 -7.58986e-05  6.369e-03  1.029e-04   3.3e-05  2.6e-06  6.3e+03  2.6e+03
   490 -8.24076e-05  6.313e-03  9.915e-05   3.3e-05  2.5e-06  6.4e+03  5.5e+02
   500 -8.63661e-05  6.281e-03  9.684e-05   3.2e-05  2.4e-06  6.4e+03  3.5e+03
   510 -9.40546e-05  6.223e-03  9.326e-05   3.2e-05  2.3e-06  6.5e+03  3.8e+02
 
   itn      x(1)       norm r    norm Ar  compatible   LS      norm A   cond A
   520 -9.55865e-05  6.212e-03  9.257e-05   3.2e-05  2.3e-06  6.5e+03  3.8e+02
   530 -1.05746e-04  6.142e-03  8.845e-05   3.2e-05  2.2e-06  6.6e+03  3.8e+02
   540 -1.17782e-04  6.066e-03  8.335e-05   3.1e-05  2.1e-06  6.7e+03  2.8e+03
   550 -1.19317e-04  6.056e-03  8.283e-05   3.1e-05  2.0e-06  6.7e+03  1.1e+03
   560 -1.35429e-04  5.962e-03  7.734e-05   3.1e-05  1.9e-06  6.8e+03  1.5e+03
   570 -1.37640e-04  5.949e-03  7.678e-05   3.1e-05  1.9e-06  6.9e+03  6.5e+02
   580 -1.57868e-04  5.842e-03  7.167e-05   3.0e-05  1.8e-06  6.9e+03  3.8e+02
   590 -1.60831e-04  5.828e-03  7.091e-05   3.0e-05  1.7e-06  7.0e+03  4.8e+02
   600 -1.79973e-04  5.739e-03  6.698e-05   3.0e-05  1.7e-06  7.0e+03  3.8e+02
   610 -1.82662e-04  5.727e-03  6.643e-05   2.9e-05  1.6e-06  7.1e+03  2.0e+03
   620 -1.86259e-04  5.711e-03  6.582e-05   2.9e-05  1.6e-06  7.2e+03  5.1e+02
   630 -1.91948e-04  5.687e-03  6.487e-05   2.9e-05  1.6e-06  7.2e+03  1.8e+03
   640 -2.12877e-04  5.605e-03  6.183e-05   2.9e-05  1.5e-06  7.3e+03  3.8e+02
   650 -2.17257e-04  5.588e-03  6.118e-05   2.9e-05  1.5e-06  7.3e+03  3.8e+02
   660 -2.38509e-04  5.514e-03  5.883e-05   2.8e-05  1.4e-06  7.4e+03  3.8e+02
   670 -2.39206e-04  5.512e-03  5.876e-05   2.8e-05  1.4e-06  7.4e+03  3.7e+03
   680 -2.56357e-04  5.457e-03  5.720e-05   2.8e-05  1.4e-06  7.5e+03  1.4e+03
   690 -2.57708e-04  5.453e-03  5.708e-05   2.8e-05  1.4e-06  7.6e+03  3.1e+03
   700 -2.73007e-04  5.406e-03  5.591e-05   2.8e-05  1.4e-06  7.6e+03  3.8e+02
   710 -2.82624e-04  5.377e-03  5.516e-05   2.8e-05  1.3e-06  7.7e+03  3.0e+03
 
   itn      x(1)       norm r    norm Ar  compatible   LS      norm A   cond A
   720 -2.98750e-04  5.331e-03  5.410e-05   2.7e-05  1.3e-06  7.7e+03  3.8e+02
   730 -3.03388e-04  5.317e-03  5.380e-05   2.7e-05  1.3e-06  7.8e+03  3.6e+03
   740 -3.30218e-04  5.243e-03  5.229e-05   2.7e-05  1.3e-06  7.8e+03  7.9e+02
   750 -3.44074e-04  5.206e-03  5.150e-05   2.7e-05  1.3e-06  7.9e+03  4.0e+03
   760 -3.45764e-04  5.202e-03  5.141e-05   2.7e-05  1.2e-06  7.9e+03  6.4e+02
   770 -3.86206e-04  5.096e-03  4.941e-05   2.6e-05  1.2e-06  8.0e+03  3.8e+02
   780 -4.02293e-04  5.054e-03  4.865e-05   2.6e-05  1.2e-06  8.0e+03  3.8e+02
   790 -4.09075e-04  5.037e-03  4.833e-05   2.6e-05  1.2e-06  8.1e+03  3.4e+03
   800 -4.39693e-04  4.961e-03  4.702e-05   2.6e-05  1.2e-06  8.1e+03  5.4e+02
   810 -4.61099e-04  4.910e-03  4.608e-05   2.5e-05  1.1e-06  8.2e+03  3.1e+03
   820 -4.62623e-04  4.906e-03  4.602e-05   2.5e-05  1.1e-06  8.2e+03  9.3e+02
   830 -5.04513e-04  4.809e-03  4.436e-05   2.5e-05  1.1e-06  8.3e+03  4.7e+02
   840 -5.31676e-04  4.749e-03  4.325e-05   2.4e-05  1.1e-06  8.3e+03  9.2e+02
   850 -5.76034e-04  4.656e-03  4.159e-05   2.4e-05  1.1e-06  8.4e+03  3.8e+02
   860 -5.86354e-04  4.635e-03  4.119e-05   2.4e-05  1.1e-06  8.4e+03  4.3e+03
   870 -5.90456e-04  4.626e-03  4.105e-05   2.4e-05  1.0e-06  8.5e+03  1.5e+03
   880 -6.33313e-04  4.543e-03  3.954e-05   2.3e-05  1.0e-06  8.5e+03  8.8e+02
   890 -6.35229e-04  4.540e-03  3.948e-05   2.3e-05  1.0e-06  8.6e+03  9.7e+02
   900 -6.64416e-04  4.486e-03  3.852e-05   2.3e-05  9.9e-07  8.6e+03  6.0e+02
   910 -6.80620e-04  4.457e-03  3.798e-05   2.3e-05  9.8e-07  8.7e+03  3.8e+02
 
   itn      x(1)       norm r    norm Ar  compatible   LS      norm A   cond A
   920 -7.25601e-04  4.381e-03  3.665e-05   2.3e-05  9.6e-07  8.7e+03  3.8e+02
   930 -7.36216e-04  4.364e-03  3.633e-05   2.2e-05  9.5e-07  8.8e+03  3.4e+03
   940 -7.60376e-04  4.325e-03  3.568e-05   2.2e-05  9.4e-07  8.8e+03  6.2e+02
   950 -7.73242e-04  4.305e-03  3.533e-05   2.2e-05  9.3e-07  8.9e+03  3.8e+02
   960 -8.12080e-04  4.247e-03  3.429e-05   2.2e-05  9.1e-07  8.9e+03  5.1e+02
   970 -8.14646e-04  4.243e-03  3.422e-05   2.2e-05  9.0e-07  9.0e+03  4.4e+03
   980 -8.37163e-04  4.210e-03  3.367e-05   2.2e-05  8.9e-07  9.0e+03  7.4e+02
   990 -8.91456e-04  4.135e-03  3.233e-05   2.1e-05  8.6e-07  9.1e+03  5.2e+03
  1000 -9.02373e-04  4.121e-03  3.208e-05   2.1e-05  8.6e-07  9.1e+03  7.9e+02
  1010 -9.70263e-04  4.034e-03  3.050e-05   2.1e-05  8.3e-07  9.1e+03  3.1e+03
  1020 -9.73516e-04  4.030e-03  3.042e-05   2.1e-05  8.2e-07  9.2e+03  3.8e+02
  1030 -1.04939e-03  3.942e-03  2.874e-05   2.0e-05  7.9e-07  9.2e+03  3.8e+02
  1040 -1.05291e-03  3.938e-03  2.866e-05   2.0e-05  7.8e-07  9.3e+03  1.1e+03
  1050 -1.08412e-03  3.904e-03  2.802e-05   2.0e-05  7.7e-07  9.3e+03  4.3e+02
  1060 -1.10130e-03  3.886e-03  2.766e-05   2.0e-05  7.6e-07  9.4e+03  2.3e+03
  1070 -1.10947e-03  3.877e-03  2.750e-05   2.0e-05  7.5e-07  9.4e+03  1.0e+03
  1080 -1.14957e-03  3.837e-03  2.671e-05   2.0e-05  7.4e-07  9.5e+03  3.8e+02
  1090 -1.16325e-03  3.824e-03  2.646e-05   2.0e-05  7.3e-07  9.5e+03  3.8e+02
  1100 -1.19098e-03  3.798e-03  2.596e-05   2.0e-05  7.2e-07  9.5e+03  1.2e+03
  1110 -1.22531e-03  3.766e-03  2.535e-05   1.9e-05  7.0e-07  9.6e+03  1.4e+03
 
   itn      x(1)       norm r    norm Ar  compatible   LS      norm A   cond A
  1120 -1.23120e-03  3.761e-03  2.525e-05   1.9e-05  7.0e-07  9.6e+03  5.8e+03
  1130 -1.27710e-03  3.721e-03  2.453e-05   1.9e-05  6.8e-07  9.7e+03  5.4e+02
  1140 -1.29068e-03  3.710e-03  2.431e-05   1.9e-05  6.7e-07  9.7e+03  1.1e+03
  1150 -1.29990e-03  3.703e-03  2.419e-05   1.9e-05  6.7e-07  9.8e+03  3.8e+02
  1160 -1.35371e-03  3.660e-03  2.346e-05   1.9e-05  6.5e-07  9.8e+03  4.7e+02
  1170 -1.35911e-03  3.656e-03  2.339e-05   1.9e-05  6.5e-07  9.8e+03  2.7e+03
  1180 -1.41835e-03  3.611e-03  2.268e-05   1.9e-05  6.4e-07  9.9e+03  9.2e+02
  1190 -1.42187e-03  3.609e-03  2.264e-05   1.9e-05  6.3e-07  9.9e+03  1.2e+03
  1200 -1.43860e-03  3.596e-03  2.246e-05   1.9e-05  6.3e-07  1.0e+04  3.8e+02
  1210 -1.47891e-03  3.567e-03  2.203e-05   1.8e-05  6.2e-07  1.0e+04  1.7e+03
  1220 -1.48183e-03  3.565e-03  2.200e-05   1.8e-05  6.1e-07  1.0e+04  3.8e+02
  1230 -1.52191e-03  3.537e-03  2.160e-05   1.8e-05  6.0e-07  1.0e+04  1.3e+03
  1240 -1.52517e-03  3.535e-03  2.157e-05   1.8e-05  6.0e-07  1.0e+04  2.8e+03
  1250 -1.54324e-03  3.523e-03  2.140e-05   1.8e-05  6.0e-07  1.0e+04  8.9e+02
  1260 -1.57381e-03  3.502e-03  2.112e-05   1.8e-05  5.9e-07  1.0e+04  7.9e+02
  1270 -1.57534e-03  3.501e-03  2.111e-05   1.8e-05  5.9e-07  1.0e+04  4.5e+03
  1280 -1.63002e-03  3.465e-03  2.065e-05   1.8e-05  5.8e-07  1.0e+04  3.8e+02
  1290 -1.64464e-03  3.456e-03  2.053e-05   1.8e-05  5.7e-07  1.0e+04  4.9e+03
  1300 -1.69181e-03  3.426e-03  2.018e-05   1.8e-05  5.7e-07  1.0e+04  2.8e+03
  1310 -1.69608e-03  3.424e-03  2.015e-05   1.8e-05  5.7e-07  1.0e+04  1.9e+03
 
   itn      x(1)       norm r    norm Ar  compatible   LS      norm A   cond A
  1320 -1.72282e-03  3.407e-03  1.996e-05   1.8e-05  5.6e-07  1.0e+04  1.8e+03
  1330 -1.72533e-03  3.406e-03  1.994e-05   1.8e-05  5.6e-07  1.0e+04  4.2e+03
  1340 -1.74778e-03  3.392e-03  1.980e-05   1.7e-05  5.5e-07  1.1e+04  3.8e+02
  1350 -1.78708e-03  3.369e-03  1.954e-05   1.7e-05  5.5e-07  1.1e+04  7.0e+02
  1360 -1.79912e-03  3.361e-03  1.946e-05   1.7e-05  5.5e-07  1.1e+04  1.0e+03
  1370 -1.81283e-03  3.353e-03  1.938e-05   1.7e-05  5.4e-07  1.1e+04  3.4e+03
  1380 -1.85655e-03  3.328e-03  1.913e-05   1.7e-05  5.4e-07  1.1e+04  1.3e+03
  1390 -1.87837e-03  3.315e-03  1.900e-05   1.7e-05  5.3e-07  1.1e+04  1.5e+03
  1400 -1.90353e-03  3.301e-03  1.886e-05   1.7e-05  5.3e-07  1.1e+04  3.8e+02
  1410 -1.93417e-03  3.284e-03  1.869e-05   1.7e-05  5.3e-07  1.1e+04  3.8e+02
  1420 -1.94910e-03  3.276e-03  1.861e-05   1.7e-05  5.2e-07  1.1e+04  1.1e+03
  1430 -2.00800e-03  3.244e-03  1.830e-05   1.7e-05  5.2e-07  1.1e+04  2.4e+03
  1440 -2.07298e-03  3.209e-03  1.798e-05   1.7e-05  5.1e-07  1.1e+04  3.8e+02
  1450 -2.12980e-03  3.179e-03  1.769e-05   1.6e-05  5.1e-07  1.1e+04  3.4e+03
  1460 -2.13542e-03  3.177e-03  1.766e-05   1.6e-05  5.1e-07  1.1e+04  3.8e+02
  1470 -2.21239e-03  3.138e-03  1.730e-05   1.6e-05  5.0e-07  1.1e+04  2.2e+03
  1480 -2.25158e-03  3.118e-03  1.712e-05   1.6e-05  5.0e-07  1.1e+04  5.0e+02
  1490 -2.29434e-03  3.097e-03  1.692e-05   1.6e-05  4.9e-07  1.1e+04  9.3e+03
  1500 -2.30980e-03  3.090e-03  1.686e-05   1.6e-05  4.9e-07  1.1e+04  1.1e+03
  1510 -2.38011e-03  3.056e-03  1.655e-05   1.6e-05  4.8e-07  1.1e+04  5.7e+02
 
   itn      x(1)       norm r    norm Ar  compatible   LS      norm A   cond A
  1520 -2.39129e-03  3.051e-03  1.650e-05   1.6e-05  4.8e-07  1.1e+04  3.8e+02
  1530 -2.42949e-03  3.033e-03  1.635e-05   1.6e-05  4.8e-07  1.1e+04  3.8e+02
  1540 -2.49240e-03  3.004e-03  1.610e-05   1.5e-05  4.7e-07  1.1e+04  2.1e+03
  1550 -2.50367e-03  2.999e-03  1.606e-05   1.5e-05  4.7e-07  1.1e+04  2.1e+03
  1560 -2.55210e-03  2.978e-03  1.587e-05   1.5e-05  4.7e-07  1.1e+04  2.2e+03
  1570 -2.55637e-03  2.976e-03  1.586e-05   1.5e-05  4.7e-07  1.1e+04  3.8e+02
  1580 -2.60611e-03  2.954e-03  1.568e-05   1.5e-05  4.6e-07  1.1e+04  3.2e+03
  1590 -2.61693e-03  2.949e-03  1.564e-05   1.5e-05  4.6e-07  1.1e+04  3.7e+03
  1600 -2.68773e-03  2.918e-03  1.538e-05   1.5e-05  4.6e-07  1.2e+04  1.7e+03
  1610 -2.69659e-03  2.915e-03  1.535e-05   1.5e-05  4.6e-07  1.2e+04  4.6e+03
  1620 -2.77269e-03  2.882e-03  1.510e-05   1.5e-05  4.5e-07  1.2e+04  6.3e+02
  1630 -2.81575e-03  2.865e-03  1.495e-05   1.5e-05  4.5e-07  1.2e+04  3.4e+03
  1640 -2.82171e-03  2.862e-03  1.493e-05   1.5e-05  4.5e-07  1.2e+04  3.8e+02
  1650 -2.94018e-03  2.814e-03  1.454e-05   1.4e-05  4.4e-07  1.2e+04  3.8e+02
  1660 -2.94320e-03  2.813e-03  1.453e-05   1.4e-05  4.4e-07  1.2e+04  1.7e+03
  1670 -3.06931e-03  2.764e-03  1.414e-05   1.4e-05  4.3e-07  1.2e+04  5.7e+02
  1680 -3.07403e-03  2.762e-03  1.412e-05   1.4e-05  4.3e-07  1.2e+04  6.1e+03
  1690 -3.17153e-03  2.725e-03  1.383e-05   1.4e-05  4.3e-07  1.2e+04  3.8e+02
  1700 -3.18172e-03  2.722e-03  1.380e-05   1.4e-05  4.3e-07  1.2e+04  3.8e+02
  1710 -3.28337e-03  2.684e-03  1.349e-05   1.4e-05  4.2e-07  1.2e+04  3.8e+02
 
   itn      x(1)       norm r    norm Ar  compatible   LS      norm A   cond A
  1720 -3.30215e-03  2.678e-03  1.344e-05   1.4e-05  4.2e-07  1.2e+04  3.6e+03
  1730 -3.30581e-03  2.676e-03  1.343e-05   1.4e-05  4.2e-07  1.2e+04  4.5e+03
  1740 -3.42035e-03  2.636e-03  1.310e-05   1.4e-05  4.1e-07  1.2e+04  4.1e+02
  1750 -3.43996e-03  2.629e-03  1.305e-05   1.4e-05  4.1e-07  1.2e+04  4.8e+03
  1760 -3.50383e-03  2.607e-03  1.287e-05   1.3e-05  4.1e-07  1.2e+04  3.8e+02
  1770 -3.52180e-03  2.601e-03  1.282e-05   1.3e-05  4.1e-07  1.2e+04  7.1e+02
  1780 -3.56439e-03  2.587e-03  1.271e-05   1.3e-05  4.0e-07  1.2e+04  3.9e+03
  1790 -3.56723e-03  2.586e-03  1.270e-05   1.3e-05  4.0e-07  1.2e+04  2.0e+03
  1800 -3.65700e-03  2.556e-03  1.247e-05   1.3e-05  4.0e-07  1.2e+04  7.9e+02
  1810 -3.66815e-03  2.552e-03  1.244e-05   1.3e-05  4.0e-07  1.2e+04  3.8e+02
  1820 -3.76978e-03  2.520e-03  1.220e-05   1.3e-05  3.9e-07  1.2e+04  3.8e+02
  1830 -3.77336e-03  2.519e-03  1.219e-05   1.3e-05  3.9e-07  1.2e+04  3.8e+02
  1840 -3.88833e-03  2.483e-03  1.192e-05   1.3e-05  3.9e-07  1.2e+04  6.7e+02
  1850 -3.89401e-03  2.481e-03  1.191e-05   1.3e-05  3.9e-07  1.2e+04  8.5e+03
  1860 -3.90220e-03  2.478e-03  1.189e-05   1.3e-05  3.9e-07  1.2e+04  9.9e+02
  1870 -3.98440e-03  2.453e-03  1.171e-05   1.3e-05  3.8e-07  1.2e+04  2.6e+03
  1880 -4.00802e-03  2.446e-03  1.167e-05   1.3e-05  3.8e-07  1.2e+04  3.8e+02
  1890 -4.03513e-03  2.438e-03  1.161e-05   1.3e-05  3.8e-07  1.3e+04  1.6e+03
  1900 -4.05397e-03  2.432e-03  1.157e-05   1.3e-05  3.8e-07  1.3e+04  1.3e+03
  1910 -4.13327e-03  2.409e-03  1.141e-05   1.2e-05  3.8e-07  1.3e+04  1.7e+03
 
   itn      x(1)       norm r    norm Ar  compatible   LS      norm A   cond A
  1920 -4.14515e-03  2.405e-03  1.139e-05   1.2e-05  3.8e-07  1.3e+04  3.8e+02
  1930 -4.22395e-03  2.382e-03  1.124e-05   1.2e-05  3.7e-07  1.3e+04  5.4e+02
  1940 -4.27769e-03  2.367e-03  1.114e-05   1.2e-05  3.7e-07  1.3e+04  5.9e+02
  1950 -4.31198e-03  2.357e-03  1.108e-05   1.2e-05  3.7e-07  1.3e+04  3.8e+02
  1960 -4.35868e-03  2.344e-03  1.100e-05   1.2e-05  3.7e-07  1.3e+04  3.1e+03
  1970 -4.39070e-03  2.335e-03  1.095e-05   1.2e-05  3.7e-07  1.3e+04  6.4e+02
  1980 -4.47790e-03  2.311e-03  1.079e-05   1.2e-05  3.6e-07  1.3e+04  1.9e+03
  1990 -4.48544e-03  2.309e-03  1.078e-05   1.2e-05  3.6e-07  1.3e+04  2.5e+03
  2000 -4.50129e-03  2.304e-03  1.076e-05   1.2e-05  3.6e-07  1.3e+04  3.8e+02
  2010 -4.58375e-03  2.282e-03  1.062e-05   1.2e-05  3.6e-07  1.3e+04  1.3e+03
  2020 -4.59131e-03  2.280e-03  1.061e-05   1.2e-05  3.6e-07  1.3e+04  2.5e+03
  2030 -4.68056e-03  2.256e-03  1.046e-05   1.2e-05  3.6e-07  1.3e+04  7.5e+03
  2040 -4.71234e-03  2.248e-03  1.041e-05   1.2e-05  3.6e-07  1.3e+04  4.6e+02
  2050 -4.75459e-03  2.237e-03  1.034e-05   1.2e-05  3.5e-07  1.3e+04  4.3e+02
  2060 -4.78310e-03  2.229e-03  1.030e-05   1.1e-05  3.5e-07  1.3e+04  3.8e+02
  2070 -4.89229e-03  2.201e-03  1.013e-05   1.1e-05  3.5e-07  1.3e+04  2.5e+03
  2080 -5.01749e-03  2.170e-03  9.935e-06   1.1e-05  3.5e-07  1.3e+04  3.8e+02
  2090 -5.09169e-03  2.151e-03  9.820e-06   1.1e-05  3.5e-07  1.3e+04  3.2e+03
  2100 -5.13078e-03  2.142e-03  9.762e-06   1.1e-05  3.5e-07  1.3e+04  6.2e+02
  2110 -5.22719e-03  2.119e-03  9.618e-06   1.1e-05  3.4e-07  1.3e+04  3.8e+02
 
   itn      x(1)       norm r    norm Ar  compatible   LS      norm A   cond A
  2120 -5.24282e-03  2.115e-03  9.594e-06   1.1e-05  3.4e-07  1.3e+04  4.4e+02
  2130 -5.39008e-03  2.080e-03  9.379e-06   1.1e-05  3.4e-07  1.3e+04  3.8e+02
  2140 -5.42702e-03  2.072e-03  9.324e-06   1.1e-05  3.4e-07  1.3e+04  6.7e+03
  2150 -5.48383e-03  2.059e-03  9.243e-06   1.1e-05  3.4e-07  1.3e+04  6.5e+02
  2160 -5.56524e-03  2.040e-03  9.126e-06   1.1e-05  3.3e-07  1.3e+04  1.5e+03
  2170 -5.57039e-03  2.039e-03  9.118e-06   1.0e-05  3.3e-07  1.3e+04  1.0e+03
  2180 -5.62474e-03  2.027e-03  9.043e-06   1.0e-05  3.3e-07  1.3e+04  3.8e+02
  2190 -5.67287e-03  2.017e-03  8.975e-06   1.0e-05  3.3e-07  1.3e+04  1.4e+03
  2200 -5.80004e-03  1.989e-03  8.797e-06   1.0e-05  3.3e-07  1.4e+04  1.0e+04
  2210 -5.81442e-03  1.986e-03  8.778e-06   1.0e-05  3.3e-07  1.4e+04  1.6e+03
  2220 -5.99918e-03  1.947e-03  8.528e-06   1.0e-05  3.2e-07  1.4e+04  3.8e+02
  2230 -6.00673e-03  1.946e-03  8.518e-06   1.0e-05  3.2e-07  1.4e+04  4.9e+02
  2240 -6.15231e-03  1.917e-03  8.325e-06   9.9e-06  3.2e-07  1.4e+04  3.8e+02
  2250 -6.22025e-03  1.903e-03  8.233e-06   9.8e-06  3.2e-07  1.4e+04  3.8e+02
  2260 -6.25689e-03  1.896e-03  8.185e-06   9.8e-06  3.2e-07  1.4e+04  1.2e+03
  2270 -6.44128e-03  1.861e-03  7.941e-06   9.6e-06  3.1e-07  1.4e+04  2.5e+03
  2280 -6.44638e-03  1.860e-03  7.934e-06   9.6e-06  3.1e-07  1.4e+04  4.1e+03
  2290 -6.53232e-03  1.844e-03  7.822e-06   9.5e-06  3.1e-07  1.4e+04  3.8e+02
  2300 -6.56780e-03  1.838e-03  7.776e-06   9.5e-06  3.1e-07  1.4e+04  3.8e+03
  2310 -6.69088e-03  1.816e-03  7.617e-06   9.3e-06  3.0e-07  1.4e+04  3.8e+02
 
   itn      x(1)       norm r    norm Ar  compatible   LS      norm A   cond A
  2320 -6.71451e-03  1.812e-03  7.586e-06   9.3e-06  3.0e-07  1.4e+04  4.8e+03
  2330 -6.74061e-03  1.807e-03  7.553e-06   9.3e-06  3.0e-07  1.4e+04  4.2e+02
  2340 -6.89272e-03  1.781e-03  7.360e-06   9.2e-06  3.0e-07  1.4e+04  1.7e+03
  2350 -6.89792e-03  1.780e-03  7.354e-06   9.2e-06  3.0e-07  1.4e+04  3.8e+02
  2360 -6.97616e-03  1.767e-03  7.258e-06   9.1e-06  2.9e-07  1.4e+04  3.8e+02
  2370 -7.09024e-03  1.749e-03  7.115e-06   9.0e-06  2.9e-07  1.4e+04  7.7e+03
  2380 -7.16965e-03  1.736e-03  7.020e-06   8.9e-06  2.9e-07  1.4e+04  8.9e+02
  2390 -7.24095e-03  1.725e-03  6.933e-06   8.9e-06  2.9e-07  1.4e+04  4.5e+03
  2400 -7.29531e-03  1.716e-03  6.868e-06   8.8e-06  2.8e-07  1.4e+04  1.1e+03
  2410 -7.30617e-03  1.715e-03  6.855e-06   8.8e-06  2.8e-07  1.4e+04  3.8e+02
  2420 -7.39426e-03  1.702e-03  6.753e-06   8.8e-06  2.8e-07  1.4e+04  3.8e+02
  2430 -7.44515e-03  1.694e-03  6.693e-06   8.7e-06  2.8e-07  1.4e+04  4.9e+03
  2440 -7.53584e-03  1.681e-03  6.589e-06   8.7e-06  2.8e-07  1.4e+04  7.3e+02
  2450 -7.55044e-03  1.679e-03  6.572e-06   8.6e-06  2.7e-07  1.4e+04  4.0e+03
  2460 -7.58614e-03  1.674e-03  6.531e-06   8.6e-06  2.7e-07  1.4e+04  3.8e+02
  2470 -7.62763e-03  1.668e-03  6.484e-06   8.6e-06  2.7e-07  1.4e+04  7.3e+03
  2480 -7.70054e-03  1.658e-03  6.402e-06   8.5e-06  2.7e-07  1.4e+04  5.0e+02
  2490 -7.74740e-03  1.651e-03  6.349e-06   8.5e-06  2.7e-07  1.4e+04  3.8e+02
  2500 -7.77450e-03  1.647e-03  6.320e-06   8.5e-06  2.7e-07  1.4e+04  8.8e+02
  2510 -7.86595e-03  1.635e-03  6.218e-06   8.4e-06  2.6e-07  1.4e+04  3.0e+03
 
   itn      x(1)       norm r    norm Ar  compatible   LS      norm A   cond A
  2520 -7.89663e-03  1.631e-03  6.185e-06   8.4e-06  2.6e-07  1.4e+04  7.8e+02
  2530 -8.03062e-03  1.614e-03  6.038e-06   8.3e-06  2.6e-07  1.4e+04  3.8e+02
  2540 -8.03435e-03  1.613e-03  6.034e-06   8.3e-06  2.6e-07  1.5e+04  1.7e+03
  2550 -8.12583e-03  1.602e-03  5.937e-06   8.2e-06  2.5e-07  1.5e+04  3.8e+02
  2560 -8.21423e-03  1.591e-03  5.841e-06   8.2e-06  2.5e-07  1.5e+04  2.0e+03
  2570 -8.22772e-03  1.589e-03  5.827e-06   8.2e-06  2.5e-07  1.5e+04  2.0e+03
  2580 -8.28082e-03  1.583e-03  5.772e-06   8.1e-06  2.5e-07  1.5e+04  2.9e+03
  2590 -8.30447e-03  1.580e-03  5.747e-06   8.1e-06  2.5e-07  1.5e+04  6.8e+02
  2600 -8.41560e-03  1.567e-03  5.630e-06   8.1e-06  2.4e-07  1.5e+04  1.0e+03
  2610 -8.42120e-03  1.566e-03  5.625e-06   8.1e-06  2.4e-07  1.5e+04  3.5e+03
  2620 -8.54566e-03  1.552e-03  5.498e-06   8.0e-06  2.4e-07  1.5e+04  5.1e+02
  2630 -8.59045e-03  1.547e-03  5.452e-06   8.0e-06  2.4e-07  1.5e+04  1.8e+03
  2640 -8.60466e-03  1.546e-03  5.437e-06   8.0e-06  2.4e-07  1.5e+04  3.8e+02
  2650 -8.66666e-03  1.539e-03  5.375e-06   7.9e-06  2.4e-07  1.5e+04  1.7e+03
  2660 -8.68379e-03  1.537e-03  5.358e-06   7.9e-06  2.3e-07  1.5e+04  3.8e+02
  2670 -8.78930e-03  1.526e-03  5.254e-06   7.9e-06  2.3e-07  1.5e+04  9.7e+02
  2680 -8.80501e-03  1.525e-03  5.238e-06   7.8e-06  2.3e-07  1.5e+04  1.9e+03
  2690 -8.86423e-03  1.518e-03  5.181e-06   7.8e-06  2.3e-07  1.5e+04  2.2e+03
  2700 -8.86797e-03  1.518e-03  5.177e-06   7.8e-06  2.3e-07  1.5e+04  1.7e+03
  2710 -8.94291e-03  1.510e-03  5.107e-06   7.8e-06  2.3e-07  1.5e+04  3.8e+02
 
   itn      x(1)       norm r    norm Ar  compatible   LS      norm A   cond A
  2720 -8.99370e-03  1.505e-03  5.059e-06   7.8e-06  2.2e-07  1.5e+04  6.2e+02
  2730 -9.07249e-03  1.498e-03  4.986e-06   7.7e-06  2.2e-07  1.5e+04  9.5e+02
  2740 -9.09830e-03  1.495e-03  4.963e-06   7.7e-06  2.2e-07  1.5e+04  5.6e+03
  2750 -9.17571e-03  1.488e-03  4.893e-06   7.7e-06  2.2e-07  1.5e+04  3.9e+02
  2760 -9.21041e-03  1.485e-03  4.862e-06   7.6e-06  2.2e-07  1.5e+04  3.8e+02
  2770 -9.23027e-03  1.483e-03  4.845e-06   7.6e-06  2.2e-07  1.5e+04  3.8e+02
  2780 -9.35694e-03  1.471e-03  4.735e-06   7.6e-06  2.1e-07  1.5e+04  3.8e+02
  2790 -9.37012e-03  1.470e-03  4.724e-06   7.6e-06  2.1e-07  1.5e+04  2.2e+03
  2800 -9.48004e-03  1.461e-03  4.633e-06   7.5e-06  2.1e-07  1.5e+04  1.2e+03
  2810 -9.48550e-03  1.460e-03  4.629e-06   7.5e-06  2.1e-07  1.5e+04  6.4e+03
  2820 -9.55798e-03  1.454e-03  4.571e-06   7.5e-06  2.1e-07  1.5e+04  3.8e+02
  2830 -9.56103e-03  1.454e-03  4.569e-06   7.5e-06  2.1e-07  1.5e+04  3.8e+02
  2840 -9.63500e-03  1.447e-03  4.512e-06   7.5e-06  2.0e-07  1.5e+04  8.8e+02
  2850 -9.65112e-03  1.446e-03  4.500e-06   7.4e-06  2.0e-07  1.5e+04  5.0e+03
  2860 -9.66709e-03  1.445e-03  4.488e-06   7.4e-06  2.0e-07  1.5e+04  1.3e+03
  2870 -9.75796e-03  1.437e-03  4.423e-06   7.4e-06  2.0e-07  1.5e+04  1.1e+03
  2880 -9.76486e-03  1.437e-03  4.418e-06   7.4e-06  2.0e-07  1.5e+04  3.5e+03
  2890 -9.82756e-03  1.432e-03  4.374e-06   7.4e-06  2.0e-07  1.5e+04  2.2e+03
  2900 -9.83338e-03  1.431e-03  4.370e-06   7.4e-06  2.0e-07  1.6e+04  2.6e+03
  2910 -9.89874e-03  1.426e-03  4.327e-06   7.3e-06  2.0e-07  1.6e+04  1.5e+03
 
   itn      x(1)       norm r    norm Ar  compatible   LS      norm A   cond A
  2920 -9.91418e-03  1.425e-03  4.316e-06   7.3e-06  1.9e-07  1.6e+04  4.7e+03
  2930 -9.97163e-03  1.420e-03  4.278e-06   7.3e-06  1.9e-07  1.6e+04  3.8e+02
  2940 -9.98200e-03  1.420e-03  4.271e-06   7.3e-06  1.9e-07  1.6e+04  2.7e+03
  2950 -1.00114e-02  1.417e-03  4.253e-06   7.3e-06  1.9e-07  1.6e+04  9.2e+02
  2960 -1.00782e-02  1.412e-03  4.210e-06   7.3e-06  1.9e-07  1.6e+04  7.4e+03
  2970 -1.01231e-02  1.409e-03  4.182e-06   7.3e-06  1.9e-07  1.6e+04  7.3e+02
  2980 -1.01828e-02  1.405e-03  4.146e-06   7.2e-06  1.9e-07  1.6e+04  3.4e+03
  2990 -1.01860e-02  1.404e-03  4.144e-06   7.2e-06  1.9e-07  1.6e+04  5.0e+03
  3000 -1.02173e-02  1.402e-03  4.125e-06   7.2e-06  1.9e-07  1.6e+04  3.8e+02
  3010 -1.02385e-02  1.400e-03  4.113e-06   7.2e-06  1.9e-07  1.6e+04  1.2e+03
  3020 -1.03090e-02  1.395e-03  4.072e-06   7.2e-06  1.8e-07  1.6e+04  5.0e+02
  3030 -1.03174e-02  1.395e-03  4.067e-06   7.2e-06  1.8e-07  1.6e+04  2.4e+03
  3040 -1.03519e-02  1.392e-03  4.049e-06   7.2e-06  1.8e-07  1.6e+04  7.2e+02
  3050 -1.04209e-02  1.387e-03  4.011e-06   7.1e-06  1.8e-07  1.6e+04  5.3e+03
  3060 -1.04601e-02  1.385e-03  3.990e-06   7.1e-06  1.8e-07  1.6e+04  7.7e+02
  3070 -1.04628e-02  1.384e-03  3.989e-06   7.1e-06  1.8e-07  1.6e+04  3.8e+02
  3080 -1.05661e-02  1.377e-03  3.937e-06   7.1e-06  1.8e-07  1.6e+04  1.0e+03
  3090 -1.05920e-02  1.375e-03  3.925e-06   7.1e-06  1.8e-07  1.6e+04  7.6e+03
  3100 -1.05962e-02  1.375e-03  3.923e-06   7.1e-06  1.8e-07  1.6e+04  5.7e+03
  3110 -1.06709e-02  1.370e-03  3.888e-06   7.1e-06  1.8e-07  1.6e+04  9.7e+02
 
   itn      x(1)       norm r    norm Ar  compatible   LS      norm A   cond A
  3120 -1.06790e-02  1.369e-03  3.884e-06   7.1e-06  1.8e-07  1.6e+04  4.5e+02
  3130 -1.07588e-02  1.364e-03  3.848e-06   7.0e-06  1.8e-07  1.6e+04  1.6e+03
  3140 -1.08253e-02  1.360e-03  3.819e-06   7.0e-06  1.7e-07  1.6e+04  9.1e+02
  3150 -1.08785e-02  1.356e-03  3.796e-06   7.0e-06  1.7e-07  1.6e+04  5.4e+03
  3160 -1.08824e-02  1.356e-03  3.794e-06   7.0e-06  1.7e-07  1.6e+04  1.9e+03
  3170 -1.09794e-02  1.350e-03  3.755e-06   6.9e-06  1.7e-07  1.6e+04  3.8e+02
  3180 -1.10035e-02  1.348e-03  3.745e-06   6.9e-06  1.7e-07  1.6e+04  9.2e+02
  3190 -1.11150e-02  1.341e-03  3.700e-06   6.9e-06  1.7e-07  1.6e+04  9.3e+02
  3200 -1.11234e-02  1.340e-03  3.697e-06   6.9e-06  1.7e-07  1.6e+04  4.2e+03
  3210 -1.11791e-02  1.337e-03  3.676e-06   6.9e-06  1.7e-07  1.6e+04  5.9e+02
  3220 -1.12941e-02  1.330e-03  3.632e-06   6.8e-06  1.7e-07  1.6e+04  3.0e+03
  3230 -1.13003e-02  1.329e-03  3.629e-06   6.8e-06  1.7e-07  1.6e+04  1.8e+03
  3240 -1.14328e-02  1.321e-03  3.581e-06   6.8e-06  1.7e-07  1.6e+04  3.8e+02
  3250 -1.14658e-02  1.319e-03  3.568e-06   6.8e-06  1.6e-07  1.6e+04  2.8e+03
  3260 -1.15283e-02  1.315e-03  3.546e-06   6.8e-06  1.6e-07  1.6e+04  8.7e+02
  3270 -1.16047e-02  1.311e-03  3.518e-06   6.7e-06  1.6e-07  1.6e+04  6.4e+03
  3280 -1.16130e-02  1.310e-03  3.515e-06   6.7e-06  1.6e-07  1.6e+04  2.0e+03
  3290 -1.16922e-02  1.305e-03  3.487e-06   6.7e-06  1.6e-07  1.7e+04  3.8e+02
  3300 -1.16990e-02  1.305e-03  3.485e-06   6.7e-06  1.6e-07  1.7e+04  3.8e+02
  3310 -1.18051e-02  1.299e-03  3.448e-06   6.7e-06  1.6e-07  1.7e+04  7.1e+02
 
   itn      x(1)       norm r    norm Ar  compatible   LS      norm A   cond A
  3320 -1.18220e-02  1.298e-03  3.442e-06   6.7e-06  1.6e-07  1.7e+04  1.2e+04
  3330 -1.19078e-02  1.293e-03  3.413e-06   6.7e-06  1.6e-07  1.7e+04  2.5e+03
  3340 -1.19160e-02  1.292e-03  3.410e-06   6.7e-06  1.6e-07  1.7e+04  6.0e+03
  3350 -1.19999e-02  1.288e-03  3.383e-06   6.6e-06  1.6e-07  1.7e+04  3.9e+02
  3360 -1.20368e-02  1.286e-03  3.370e-06   6.6e-06  1.6e-07  1.7e+04  3.9e+02
  3370 -1.20725e-02  1.284e-03  3.359e-06   6.6e-06  1.6e-07  1.7e+04  1.2e+03
  3380 -1.21375e-02  1.280e-03  3.338e-06   6.6e-06  1.6e-07  1.7e+04  2.1e+03
  3390 -1.21679e-02  1.278e-03  3.328e-06   6.6e-06  1.6e-07  1.7e+04  1.1e+03
  3400 -1.22056e-02  1.276e-03  3.316e-06   6.6e-06  1.5e-07  1.7e+04  8.0e+03
  3410 -1.22107e-02  1.276e-03  3.315e-06   6.6e-06  1.5e-07  1.7e+04  1.9e+03
  3420 -1.22982e-02  1.271e-03  3.288e-06   6.5e-06  1.5e-07  1.7e+04  3.9e+02
  3430 -1.23210e-02  1.270e-03  3.281e-06   6.5e-06  1.5e-07  1.7e+04  4.6e+03
  3440 -1.23962e-02  1.266e-03  3.258e-06   6.5e-06  1.5e-07  1.7e+04  3.1e+03
  3450 -1.23987e-02  1.266e-03  3.257e-06   6.5e-06  1.5e-07  1.7e+04  7.3e+03
  3460 -1.25108e-02  1.260e-03  3.225e-06   6.5e-06  1.5e-07  1.7e+04  8.7e+02
  3470 -1.25365e-02  1.258e-03  3.217e-06   6.5e-06  1.5e-07  1.7e+04  3.9e+02
  3480 -1.25934e-02  1.255e-03  3.202e-06   6.5e-06  1.5e-07  1.7e+04  3.9e+02
  3490 -1.26857e-02  1.250e-03  3.176e-06   6.4e-06  1.5e-07  1.7e+04  7.0e+02
  3500 -1.26924e-02  1.250e-03  3.174e-06   6.4e-06  1.5e-07  1.7e+04  8.7e+03
  3510 -1.27354e-02  1.248e-03  3.162e-06   6.4e-06  1.5e-07  1.7e+04  3.9e+02
 
   itn      x(1)       norm r    norm Ar  compatible   LS      norm A   cond A
  3520 -1.28221e-02  1.243e-03  3.139e-06   6.4e-06  1.5e-07  1.7e+04  7.9e+03
  3530 -1.28751e-02  1.240e-03  3.126e-06   6.4e-06  1.5e-07  1.7e+04  3.9e+02
  3540 -1.28974e-02  1.239e-03  3.120e-06   6.4e-06  1.5e-07  1.7e+04  7.1e+02
  3550 -1.29236e-02  1.238e-03  3.114e-06   6.4e-06  1.5e-07  1.7e+04  1.9e+03
  3560 -1.30084e-02  1.234e-03  3.093e-06   6.4e-06  1.5e-07  1.7e+04  5.7e+03
  3570 -1.30174e-02  1.233e-03  3.091e-06   6.3e-06  1.5e-07  1.7e+04  2.0e+03
  3580 -1.31183e-02  1.228e-03  3.066e-06   6.3e-06  1.4e-07  1.7e+04  4.5e+03
  3590 -1.31208e-02  1.228e-03  3.066e-06   6.3e-06  1.4e-07  1.7e+04  3.9e+02
  3600 -1.32155e-02  1.223e-03  3.044e-06   6.3e-06  1.4e-07  1.7e+04  3.9e+02
  3610 -1.32461e-02  1.222e-03  3.038e-06   6.3e-06  1.4e-07  1.7e+04  5.3e+03
  3620 -1.32922e-02  1.219e-03  3.027e-06   6.3e-06  1.4e-07  1.7e+04  1.1e+03
  3630 -1.33032e-02  1.219e-03  3.025e-06   6.3e-06  1.4e-07  1.7e+04  5.8e+03
  3640 -1.33532e-02  1.216e-03  3.014e-06   6.3e-06  1.4e-07  1.7e+04  1.0e+03
  3650 -1.34076e-02  1.213e-03  3.003e-06   6.2e-06  1.4e-07  1.7e+04  4.8e+02
  3660 -1.35425e-02  1.207e-03  2.975e-06   6.2e-06  1.4e-07  1.7e+04  3.9e+02
  3670 -1.35491e-02  1.206e-03  2.973e-06   6.2e-06  1.4e-07  1.7e+04  6.5e+03
  3680 -1.35627e-02  1.206e-03  2.971e-06   6.2e-06  1.4e-07  1.7e+04  1.7e+03
  3690 -1.36363e-02  1.202e-03  2.956e-06   6.2e-06  1.4e-07  1.7e+04  4.2e+03
  3700 -1.36496e-02  1.201e-03  2.953e-06   6.2e-06  1.4e-07  1.8e+04  1.0e+03
  3710 -1.37680e-02  1.196e-03  2.930e-06   6.2e-06  1.4e-07  1.8e+04  1.5e+03
 
   itn      x(1)       norm r    norm Ar  compatible   LS      norm A   cond A
  3720 -1.37802e-02  1.195e-03  2.927e-06   6.2e-06  1.4e-07  1.8e+04  1.7e+03
  3730 -1.39002e-02  1.189e-03  2.904e-06   6.1e-06  1.4e-07  1.8e+04  7.2e+02
  3740 -1.39116e-02  1.189e-03  2.902e-06   6.1e-06  1.4e-07  1.8e+04  1.1e+04
  3750 -1.39505e-02  1.187e-03  2.895e-06   6.1e-06  1.4e-07  1.8e+04  3.9e+02
  3760 -1.41281e-02  1.178e-03  2.863e-06   6.1e-06  1.4e-07  1.8e+04  1.1e+04
  3770 -1.41357e-02  1.178e-03  2.861e-06   6.1e-06  1.4e-07  1.8e+04  3.9e+02
  3780 -1.42482e-02  1.173e-03  2.841e-06   6.0e-06  1.4e-07  1.8e+04  3.9e+02
  3790 -1.42756e-02  1.171e-03  2.837e-06   6.0e-06  1.4e-07  1.8e+04  2.6e+03
  3800 -1.43605e-02  1.167e-03  2.822e-06   6.0e-06  1.4e-07  1.8e+04  2.1e+03
  3810 -1.43724e-02  1.167e-03  2.820e-06   6.0e-06  1.4e-07  1.8e+04  1.1e+04
  3820 -1.44519e-02  1.163e-03  2.806e-06   6.0e-06  1.4e-07  1.8e+04  6.5e+02
  3830 -1.45167e-02  1.160e-03  2.795e-06   6.0e-06  1.4e-07  1.8e+04  3.9e+02
  3840 -1.45297e-02  1.160e-03  2.793e-06   6.0e-06  1.3e-07  1.8e+04  7.7e+02
  3850 -1.46645e-02  1.153e-03  2.770e-06   5.9e-06  1.3e-07  1.8e+04  5.2e+03
  3860 -1.46843e-02  1.152e-03  2.767e-06   5.9e-06  1.3e-07  1.8e+04  1.6e+03
  3870 -1.47462e-02  1.150e-03  2.757e-06   5.9e-06  1.3e-07  1.8e+04  3.9e+03
  3880 -1.47673e-02  1.149e-03  2.753e-06   5.9e-06  1.3e-07  1.8e+04  3.9e+02
  3890 -1.49198e-02  1.142e-03  2.729e-06   5.9e-06  1.3e-07  1.8e+04  4.2e+03
  3900 -1.50466e-02  1.136e-03  2.709e-06   5.8e-06  1.3e-07  1.8e+04  1.6e+03
  3910 -1.50520e-02  1.136e-03  2.708e-06   5.8e-06  1.3e-07  1.8e+04  6.5e+03
 
   itn      x(1)       norm r    norm Ar  compatible   LS      norm A   cond A
  3920 -1.51294e-02  1.132e-03  2.696e-06   5.8e-06  1.3e-07  1.8e+04  1.7e+03
  3930 -1.51793e-02  1.130e-03  2.688e-06   5.8e-06  1.3e-07  1.8e+04  5.2e+03
  3940 -1.51849e-02  1.130e-03  2.687e-06   5.8e-06  1.3e-07  1.8e+04  1.1e+03
  3950 -1.53960e-02  1.120e-03  2.656e-06   5.8e-06  1.3e-07  1.8e+04  3.9e+02
  3960 -1.54161e-02  1.120e-03  2.653e-06   5.8e-06  1.3e-07  1.8e+04  7.3e+03
  3970 -1.54875e-02  1.116e-03  2.642e-06   5.7e-06  1.3e-07  1.8e+04  1.6e+03
  3980 -1.54921e-02  1.116e-03  2.641e-06   5.7e-06  1.3e-07  1.8e+04  7.8e+03
  3990 -1.55773e-02  1.112e-03  2.629e-06   5.7e-06  1.3e-07  1.8e+04  7.4e+02
  4000 -1.57319e-02  1.106e-03  2.606e-06   5.7e-06  1.3e-07  1.8e+04  3.9e+02
  4010 -1.57415e-02  1.105e-03  2.605e-06   5.7e-06  1.3e-07  1.8e+04  3.9e+02
  4020 -1.58467e-02  1.101e-03  2.589e-06   5.7e-06  1.3e-07  1.8e+04  9.7e+02
  4030 -1.58810e-02  1.099e-03  2.584e-06   5.7e-06  1.3e-07  1.8e+04  3.6e+03
  4040 -1.60503e-02  1.092e-03  2.560e-06   5.6e-06  1.3e-07  1.8e+04  6.3e+02
  4050 -1.61245e-02  1.089e-03  2.549e-06   5.6e-06  1.3e-07  1.8e+04  3.9e+02
  4060 -1.61667e-02  1.087e-03  2.543e-06   5.6e-06  1.3e-07  1.8e+04  8.2e+02
  4070 -1.63084e-02  1.081e-03  2.523e-06   5.6e-06  1.3e-07  1.8e+04  2.2e+03
  4080 -1.63204e-02  1.081e-03  2.521e-06   5.6e-06  1.3e-07  1.8e+04  2.9e+03
  4090 -1.65011e-02  1.073e-03  2.496e-06   5.5e-06  1.3e-07  1.8e+04  6.3e+02
  4100 -1.66213e-02  1.068e-03  2.479e-06   5.5e-06  1.3e-07  1.8e+04  4.8e+03
  4110 -1.66378e-02  1.068e-03  2.477e-06   5.5e-06  1.3e-07  1.8e+04  3.9e+02
 
   itn      x(1)       norm r    norm Ar  compatible   LS      norm A   cond A
  4120 -1.69524e-02  1.055e-03  2.433e-06   5.4e-06  1.2e-07  1.8e+04  2.1e+03
  4130 -1.70014e-02  1.053e-03  2.426e-06   5.4e-06  1.2e-07  1.9e+04  2.6e+03
  4140 -1.71091e-02  1.049e-03  2.411e-06   5.4e-06  1.2e-07  1.9e+04  1.9e+03
  4150 -1.71169e-02  1.048e-03  2.410e-06   5.4e-06  1.2e-07  1.9e+04  5.9e+03
  4160 -1.71825e-02  1.046e-03  2.401e-06   5.4e-06  1.2e-07  1.9e+04  3.9e+02
  4170 -1.72830e-02  1.042e-03  2.387e-06   5.4e-06  1.2e-07  1.9e+04  3.7e+03
  4180 -1.73233e-02  1.040e-03  2.382e-06   5.4e-06  1.2e-07  1.9e+04  3.9e+02
  4190 -1.74247e-02  1.036e-03  2.368e-06   5.3e-06  1.2e-07  1.9e+04  7.4e+03
  4200 -1.74872e-02  1.034e-03  2.359e-06   5.3e-06  1.2e-07  1.9e+04  1.2e+03
  4210 -1.75172e-02  1.032e-03  2.355e-06   5.3e-06  1.2e-07  1.9e+04  1.8e+03
  4220 -1.75731e-02  1.030e-03  2.348e-06   5.3e-06  1.2e-07  1.9e+04  1.7e+03
  4230 -1.76379e-02  1.028e-03  2.339e-06   5.3e-06  1.2e-07  1.9e+04  3.9e+02
  4240 -1.76881e-02  1.026e-03  2.332e-06   5.3e-06  1.2e-07  1.9e+04  7.2e+02
  4250 -1.78745e-02  1.019e-03  2.307e-06   5.2e-06  1.2e-07  1.9e+04  1.5e+04
  4260 -1.79671e-02  1.015e-03  2.295e-06   5.2e-06  1.2e-07  1.9e+04  7.9e+02
  4270 -1.81271e-02  1.009e-03  2.274e-06   5.2e-06  1.2e-07  1.9e+04  1.0e+04
  4280 -1.81714e-02  1.007e-03  2.268e-06   5.2e-06  1.2e-07  1.9e+04  3.9e+02
  4290 -1.82920e-02  1.003e-03  2.252e-06   5.2e-06  1.2e-07  1.9e+04  3.9e+02
  4300 -1.82971e-02  1.003e-03  2.252e-06   5.2e-06  1.2e-07  1.9e+04  4.9e+03
  4310 -1.83718e-02  1.000e-03  2.242e-06   5.1e-06  1.2e-07  1.9e+04  1.3e+03
 
   itn      x(1)       norm r    norm Ar  compatible   LS      norm A   cond A
  4320 -1.84552e-02  9.969e-04  2.232e-06   5.1e-06  1.2e-07  1.9e+04  2.9e+03
  4330 -1.85735e-02  9.925e-04  2.216e-06   5.1e-06  1.2e-07  1.9e+04  1.6e+03
  4340 -1.85827e-02  9.922e-04  2.215e-06   5.1e-06  1.2e-07  1.9e+04  9.9e+02
  4350 -1.87450e-02  9.863e-04  2.195e-06   5.1e-06  1.2e-07  1.9e+04  3.9e+02
  4360 -1.87955e-02  9.844e-04  2.189e-06   5.1e-06  1.2e-07  1.9e+04  8.6e+03
  4370 -1.88820e-02  9.813e-04  2.178e-06   5.1e-06  1.2e-07  1.9e+04  9.9e+02
  4380 -1.89765e-02  9.779e-04  2.166e-06   5.0e-06  1.2e-07  1.9e+04  1.0e+03
  4390 -1.89925e-02  9.773e-04  2.165e-06   5.0e-06  1.2e-07  1.9e+04  1.4e+03
  4400 -1.91837e-02  9.704e-04  2.142e-06   5.0e-06  1.2e-07  1.9e+04  1.8e+03
  4410 -1.91920e-02  9.701e-04  2.141e-06   5.0e-06  1.2e-07  1.9e+04  2.2e+03
  4420 -1.92903e-02  9.666e-04  2.129e-06   5.0e-06  1.1e-07  1.9e+04  1.2e+03
  4430 -1.93476e-02  9.646e-04  2.122e-06   5.0e-06  1.1e-07  1.9e+04  6.6e+03
  4440 -1.93588e-02  9.642e-04  2.121e-06   5.0e-06  1.1e-07  1.9e+04  3.0e+03
  4450 -1.95214e-02  9.585e-04  2.102e-06   4.9e-06  1.1e-07  1.9e+04  3.9e+02
  4460 -1.95581e-02  9.572e-04  2.097e-06   4.9e-06  1.1e-07  1.9e+04  4.1e+03
  4470 -1.96667e-02  9.534e-04  2.085e-06   4.9e-06  1.1e-07  1.9e+04  3.4e+03
  4480 -1.96731e-02  9.532e-04  2.084e-06   4.9e-06  1.1e-07  1.9e+04  6.8e+03
  4490 -1.98517e-02  9.470e-04  2.063e-06   4.9e-06  1.1e-07  1.9e+04  6.8e+02
  4500 -1.99900e-02  9.422e-04  2.047e-06   4.9e-06  1.1e-07  1.9e+04  1.1e+03
  4510 -2.00016e-02  9.418e-04  2.046e-06   4.8e-06  1.1e-07  1.9e+04  3.9e+02
 
   itn      x(1)       norm r    norm Ar  compatible   LS      norm A   cond A
  4520 -2.02949e-02  9.319e-04  2.013e-06   4.8e-06  1.1e-07  1.9e+04  4.9e+02
  4530 -2.03099e-02  9.314e-04  2.011e-06   4.8e-06  1.1e-07  1.9e+04  8.7e+03
  4540 -2.04215e-02  9.276e-04  1.998e-06   4.8e-06  1.1e-07  1.9e+04  1.3e+03
  4550 -2.05126e-02  9.246e-04  1.988e-06   4.8e-06  1.1e-07  1.9e+04  4.5e+03
  4560 -2.05222e-02  9.243e-04  1.987e-06   4.8e-06  1.1e-07  1.9e+04  2.0e+03
  4570 -2.06873e-02  9.188e-04  1.968e-06   4.7e-06  1.1e-07  1.9e+04  3.9e+02
  4580 -2.07449e-02  9.169e-04  1.962e-06   4.7e-06  1.1e-07  2.0e+04  6.4e+02
  4590 -2.08778e-02  9.126e-04  1.947e-06   4.7e-06  1.1e-07  2.0e+04  1.7e+03
  4600 -2.09138e-02  9.114e-04  1.943e-06   4.7e-06  1.1e-07  2.0e+04  1.9e+03
  4610 -2.09770e-02  9.094e-04  1.935e-06   4.7e-06  1.1e-07  2.0e+04  5.7e+03
  4620 -2.10067e-02  9.084e-04  1.932e-06   4.7e-06  1.1e-07  2.0e+04  1.0e+03
  4630 -2.13845e-02  8.964e-04  1.889e-06   4.6e-06  1.1e-07  2.0e+04  5.9e+02
  4640 -2.14082e-02  8.957e-04  1.886e-06   4.6e-06  1.1e-07  2.0e+04  2.9e+03
  4650 -2.15803e-02  8.903e-04  1.867e-06   4.6e-06  1.1e-07  2.0e+04  2.2e+03
  4660 -2.15920e-02  8.900e-04  1.865e-06   4.6e-06  1.1e-07  2.0e+04  5.4e+03
  4670 -2.18287e-02  8.827e-04  1.838e-06   4.5e-06  1.1e-07  2.0e+04  3.9e+02
  4680 -2.20309e-02  8.767e-04  1.815e-06   4.5e-06  1.1e-07  2.0e+04  3.5e+03
  4690 -2.20943e-02  8.748e-04  1.807e-06   4.5e-06  1.0e-07  2.0e+04  3.9e+02
  4700 -2.23755e-02  8.666e-04  1.775e-06   4.5e-06  1.0e-07  2.0e+04  4.3e+03
  4710 -2.23819e-02  8.664e-04  1.774e-06   4.5e-06  1.0e-07  2.0e+04  1.8e+03
 
   itn      x(1)       norm r    norm Ar  compatible   LS      norm A   cond A
  4720 -2.25826e-02  8.606e-04  1.751e-06   4.4e-06  1.0e-07  2.0e+04  4.2e+03
  4730 -2.25946e-02  8.603e-04  1.749e-06   4.4e-06  1.0e-07  2.0e+04  3.9e+02
  4740 -2.26758e-02  8.579e-04  1.740e-06   4.4e-06  1.0e-07  2.0e+04  3.9e+02
  4750 -2.27063e-02  8.571e-04  1.736e-06   4.4e-06  1.0e-07  2.0e+04  2.4e+03
  4760 -2.29206e-02  8.511e-04  1.712e-06   4.4e-06  1.0e-07  2.0e+04  5.6e+02
  4770 -2.29462e-02  8.504e-04  1.709e-06   4.4e-06  1.0e-07  2.0e+04  2.4e+03
  4780 -2.30249e-02  8.482e-04  1.699e-06   4.4e-06  1.0e-07  2.0e+04  1.4e+03
  4790 -2.30493e-02  8.475e-04  1.697e-06   4.4e-06  1.0e-07  2.0e+04  3.9e+02
  4800 -2.32459e-02  8.421e-04  1.674e-06   4.3e-06  1.0e-07  2.0e+04  3.9e+02
  4810 -2.32587e-02  8.418e-04  1.672e-06   4.3e-06  9.9e-08  2.0e+04  6.7e+03
  4820 -2.34207e-02  8.375e-04  1.653e-06   4.3e-06  9.9e-08  2.0e+04  9.9e+02
  4830 -2.34390e-02  8.370e-04  1.651e-06   4.3e-06  9.9e-08  2.0e+04  1.2e+04
  4840 -2.35030e-02  8.353e-04  1.644e-06   4.3e-06  9.8e-08  2.0e+04  3.9e+02
  4850 -2.35884e-02  8.330e-04  1.634e-06   4.3e-06  9.8e-08  2.0e+04  3.9e+02
  4860 -2.36672e-02  8.309e-04  1.625e-06   4.3e-06  9.7e-08  2.0e+04  3.9e+02
  4870 -2.37833e-02  8.279e-04  1.612e-06   4.3e-06  9.7e-08  2.0e+04  8.0e+03
  4880 -2.37885e-02  8.277e-04  1.611e-06   4.3e-06  9.7e-08  2.0e+04  3.5e+03
  4890 -2.39212e-02  8.243e-04  1.596e-06   4.2e-06  9.6e-08  2.0e+04  5.8e+02
  4900 -2.40092e-02  8.220e-04  1.586e-06   4.2e-06  9.6e-08  2.0e+04  4.4e+02
  4910 -2.40216e-02  8.217e-04  1.585e-06   4.2e-06  9.6e-08  2.0e+04  3.9e+02
 
   itn      x(1)       norm r    norm Ar  compatible   LS      norm A   cond A
  4920 -2.42087e-02  8.169e-04  1.564e-06   4.2e-06  9.5e-08  2.0e+04  6.7e+02
  4930 -2.42153e-02  8.167e-04  1.563e-06   4.2e-06  9.5e-08  2.0e+04  2.9e+03
  4940 -2.42712e-02  8.153e-04  1.557e-06   4.2e-06  9.4e-08  2.0e+04  2.7e+03
  4950 -2.42844e-02  8.150e-04  1.556e-06   4.2e-06  9.4e-08  2.0e+04  2.0e+03
  4960 -2.43929e-02  8.122e-04  1.544e-06   4.2e-06  9.4e-08  2.0e+04  3.9e+02
  4970 -2.44175e-02  8.116e-04  1.542e-06   4.2e-06  9.3e-08  2.0e+04  6.9e+03
  4980 -2.44304e-02  8.112e-04  1.540e-06   4.2e-06  9.3e-08  2.0e+04  4.6e+03
  4990 -2.44869e-02  8.098e-04  1.534e-06   4.2e-06  9.3e-08  2.0e+04  5.4e+03
  5000 -2.45013e-02  8.094e-04  1.533e-06   4.2e-06  9.3e-08  2.0e+04  4.0e+02
  5010 -2.45472e-02  8.083e-04  1.528e-06   4.2e-06  9.3e-08  2.0e+04  9.7e+03
  5020 -2.45552e-02  8.081e-04  1.527e-06   4.2e-06  9.3e-08  2.0e+04  3.9e+02
  5030 -2.46244e-02  8.063e-04  1.520e-06   4.2e-06  9.2e-08  2.0e+04  3.8e+03
  5040 -2.46276e-02  8.062e-04  1.520e-06   4.2e-06  9.2e-08  2.0e+04  1.2e+04
  5050 -2.46934e-02  8.045e-04  1.514e-06   4.1e-06  9.2e-08  2.0e+04  1.2e+03
  5060 -2.47252e-02  8.037e-04  1.510e-06   4.1e-06  9.2e-08  2.0e+04  6.3e+02
  5070 -2.47683e-02  8.026e-04  1.506e-06   4.1e-06  9.1e-08  2.1e+04  6.4e+02
  5080 -2.48474e-02  8.006e-04  1.499e-06   4.1e-06  9.1e-08  2.1e+04  3.2e+03
  5090 -2.48528e-02  8.005e-04  1.498e-06   4.1e-06  9.1e-08  2.1e+04  4.8e+03
  5100 -2.49666e-02  7.976e-04  1.487e-06   4.1e-06  9.1e-08  2.1e+04  1.7e+03
  5110 -2.49827e-02  7.972e-04  1.486e-06   4.1e-06  9.0e-08  2.1e+04  1.3e+04
 
   itn      x(1)       norm r    norm Ar  compatible   LS      norm A   cond A
  5120 -2.50630e-02  7.951e-04  1.479e-06   4.1e-06  9.0e-08  2.1e+04  6.8e+02
  5130 -2.50661e-02  7.950e-04  1.478e-06   4.1e-06  9.0e-08  2.1e+04  2.5e+03
  5140 -2.50797e-02  7.947e-04  1.477e-06   4.1e-06  9.0e-08  2.1e+04  7.2e+02
  5150 -2.52395e-02  7.906e-04  1.463e-06   4.1e-06  8.9e-08  2.1e+04  3.9e+02
  5160 -2.52461e-02  7.904e-04  1.462e-06   4.1e-06  8.9e-08  2.1e+04  5.2e+03
  5170 -2.53195e-02  7.886e-04  1.456e-06   4.1e-06  8.9e-08  2.1e+04  5.9e+03
  5180 -2.53347e-02  7.882e-04  1.454e-06   4.1e-06  8.9e-08  2.1e+04  3.9e+02
  5190 -2.53890e-02  7.868e-04  1.450e-06   4.1e-06  8.9e-08  2.1e+04  5.3e+02
  5200 -2.54041e-02  7.864e-04  1.448e-06   4.0e-06  8.9e-08  2.1e+04  2.3e+03
  5210 -2.54690e-02  7.848e-04  1.443e-06   4.0e-06  8.8e-08  2.1e+04  8.1e+03
  5220 -2.54733e-02  7.847e-04  1.442e-06   4.0e-06  8.8e-08  2.1e+04  7.5e+03
  5230 -2.55566e-02  7.826e-04  1.435e-06   4.0e-06  8.8e-08  2.1e+04  3.9e+02
  5240 -2.55599e-02  7.825e-04  1.435e-06   4.0e-06  8.8e-08  2.1e+04  6.3e+03
  5250 -2.56830e-02  7.793e-04  1.425e-06   4.0e-06  8.8e-08  2.1e+04  3.9e+02
  5260 -2.56936e-02  7.791e-04  1.424e-06   4.0e-06  8.7e-08  2.1e+04  3.7e+03
  5270 -2.57675e-02  7.772e-04  1.418e-06   4.0e-06  8.7e-08  2.1e+04  3.0e+03
  5280 -2.57804e-02  7.769e-04  1.417e-06   4.0e-06  8.7e-08  2.1e+04  3.4e+03
  5290 -2.58005e-02  7.764e-04  1.415e-06   4.0e-06  8.7e-08  2.1e+04  1.8e+03
  5300 -2.58695e-02  7.746e-04  1.410e-06   4.0e-06  8.7e-08  2.1e+04  6.9e+02
  5310 -2.58739e-02  7.745e-04  1.409e-06   4.0e-06  8.7e-08  2.1e+04  7.1e+02
 
   itn      x(1)       norm r    norm Ar  compatible   LS      norm A   cond A
  5320 -2.60661e-02  7.697e-04  1.394e-06   4.0e-06  8.6e-08  2.1e+04  1.4e+03
  5330 -2.60727e-02  7.695e-04  1.393e-06   4.0e-06  8.6e-08  2.1e+04  1.5e+04
  5340 -2.62254e-02  7.657e-04  1.381e-06   3.9e-06  8.6e-08  2.1e+04  1.2e+03
  5350 -2.62758e-02  7.645e-04  1.378e-06   3.9e-06  8.5e-08  2.1e+04  2.0e+03
  5360 -2.63149e-02  7.635e-04  1.374e-06   3.9e-06  8.5e-08  2.1e+04  3.9e+02
  5370 -2.63544e-02  7.625e-04  1.371e-06   3.9e-06  8.5e-08  2.1e+04  3.4e+03
  5380 -2.63589e-02  7.624e-04  1.371e-06   3.9e-06  8.5e-08  2.1e+04  7.0e+03
  5390 -2.65626e-02  7.574e-04  1.355e-06   3.9e-06  8.5e-08  2.1e+04  7.7e+03
  5400 -2.65819e-02  7.569e-04  1.354e-06   3.9e-06  8.4e-08  2.1e+04  2.0e+03
  5410 -2.66907e-02  7.543e-04  1.345e-06   3.9e-06  8.4e-08  2.1e+04  1.3e+03
  5420 -2.67012e-02  7.540e-04  1.345e-06   3.9e-06  8.4e-08  2.1e+04  3.9e+02
  5430 -2.67599e-02  7.526e-04  1.340e-06   3.9e-06  8.4e-08  2.1e+04  5.1e+03
  5440 -2.69494e-02  7.480e-04  1.326e-06   3.9e-06  8.3e-08  2.1e+04  8.3e+02
  5450 -2.69778e-02  7.473e-04  1.324e-06   3.8e-06  8.3e-08  2.1e+04  6.8e+03
  5460 -2.71044e-02  7.443e-04  1.314e-06   3.8e-06  8.3e-08  2.1e+04  3.9e+02
  5470 -2.71626e-02  7.429e-04  1.309e-06   3.8e-06  8.3e-08  2.1e+04  1.9e+03
  5480 -2.71789e-02  7.426e-04  1.308e-06   3.8e-06  8.3e-08  2.1e+04  1.7e+03
  5490 -2.73041e-02  7.396e-04  1.299e-06   3.8e-06  8.2e-08  2.1e+04  2.2e+03
  5500 -2.73197e-02  7.392e-04  1.297e-06   3.8e-06  8.2e-08  2.1e+04  3.1e+03
  5510 -2.75756e-02  7.333e-04  1.278e-06   3.8e-06  8.1e-08  2.1e+04  1.2e+03
 
   itn      x(1)       norm r    norm Ar  compatible   LS      norm A   cond A
  5520 -2.75937e-02  7.328e-04  1.277e-06   3.8e-06  8.1e-08  2.1e+04  3.9e+02
  5530 -2.76083e-02  7.325e-04  1.276e-06   3.8e-06  8.1e-08  2.1e+04  3.9e+02
  5540 -2.78192e-02  7.277e-04  1.260e-06   3.7e-06  8.1e-08  2.1e+04  8.7e+02
  5550 -2.78327e-02  7.273e-04  1.259e-06   3.7e-06  8.1e-08  2.1e+04  5.1e+03
  5560 -2.79132e-02  7.255e-04  1.252e-06   3.7e-06  8.0e-08  2.1e+04  2.1e+03
  5570 -2.79780e-02  7.240e-04  1.248e-06   3.7e-06  8.0e-08  2.2e+04  8.3e+03
  5580 -2.79917e-02  7.237e-04  1.247e-06   3.7e-06  8.0e-08  2.2e+04  3.9e+02
  5590 -2.82244e-02  7.185e-04  1.229e-06   3.7e-06  7.9e-08  2.2e+04  3.9e+02
  5600 -2.82412e-02  7.181e-04  1.228e-06   3.7e-06  7.9e-08  2.2e+04  1.1e+04
  5610 -2.82689e-02  7.175e-04  1.226e-06   3.7e-06  7.9e-08  2.2e+04  1.7e+03
  5620 -2.83673e-02  7.153e-04  1.218e-06   3.7e-06  7.9e-08  2.2e+04  6.4e+03
  5630 -2.83813e-02  7.150e-04  1.217e-06   3.7e-06  7.9e-08  2.2e+04  2.0e+03
  5640 -2.84981e-02  7.124e-04  1.209e-06   3.7e-06  7.8e-08  2.2e+04  7.5e+03
  5650 -2.85302e-02  7.117e-04  1.206e-06   3.7e-06  7.8e-08  2.2e+04  3.9e+02
  5660 -2.86229e-02  7.097e-04  1.199e-06   3.7e-06  7.8e-08  2.2e+04  3.1e+03
  5670 -2.86527e-02  7.090e-04  1.197e-06   3.7e-06  7.8e-08  2.2e+04  1.5e+03
  5680 -2.87087e-02  7.078e-04  1.193e-06   3.6e-06  7.8e-08  2.2e+04  7.7e+03
  5690 -2.87268e-02  7.074e-04  1.192e-06   3.6e-06  7.7e-08  2.2e+04  3.9e+02
  5700 -2.89059e-02  7.035e-04  1.179e-06   3.6e-06  7.7e-08  2.2e+04  3.9e+02
  5710 -2.89098e-02  7.034e-04  1.178e-06   3.6e-06  7.7e-08  2.2e+04  1.2e+04
 
   itn      x(1)       norm r    norm Ar  compatible   LS      norm A   cond A
  5720 -2.89589e-02  7.023e-04  1.175e-06   3.6e-06  7.7e-08  2.2e+04  2.6e+03
  5730 -2.90611e-02  7.001e-04  1.167e-06   3.6e-06  7.6e-08  2.2e+04  1.1e+04
  5740 -2.90705e-02  6.999e-04  1.167e-06   3.6e-06  7.6e-08  2.2e+04  6.4e+02
  5750 -2.92026e-02  6.970e-04  1.157e-06   3.6e-06  7.6e-08  2.2e+04  3.9e+02
  5760 -2.92671e-02  6.956e-04  1.153e-06   3.6e-06  7.6e-08  2.2e+04  3.9e+02
  5770 -2.93712e-02  6.934e-04  1.146e-06   3.6e-06  7.5e-08  2.2e+04  1.8e+03
  5780 -2.93857e-02  6.931e-04  1.145e-06   3.6e-06  7.5e-08  2.2e+04  5.1e+03
  5790 -2.94145e-02  6.925e-04  1.143e-06   3.6e-06  7.5e-08  2.2e+04  2.1e+03
  5800 -2.94279e-02  6.922e-04  1.142e-06   3.6e-06  7.5e-08  2.2e+04  4.4e+03
  5810 -2.94598e-02  6.915e-04  1.139e-06   3.6e-06  7.5e-08  2.2e+04  3.9e+02
  5820 -2.95777e-02  6.890e-04  1.131e-06   3.5e-06  7.5e-08  2.2e+04  3.9e+02
  5830 -2.96054e-02  6.884e-04  1.129e-06   3.5e-06  7.5e-08  2.2e+04  1.7e+03
  5840 -2.97203e-02  6.859e-04  1.121e-06   3.5e-06  7.4e-08  2.2e+04  1.1e+04
  5850 -2.97938e-02  6.844e-04  1.116e-06   3.5e-06  7.4e-08  2.2e+04  1.5e+03
  5860 -2.98051e-02  6.841e-04  1.116e-06   3.5e-06  7.4e-08  2.2e+04  3.9e+02
  5870 -2.98251e-02  6.837e-04  1.114e-06   3.5e-06  7.4e-08  2.2e+04  3.9e+02
  5880 -2.99406e-02  6.813e-04  1.106e-06   3.5e-06  7.3e-08  2.2e+04  9.2e+02
  5890 -2.99587e-02  6.809e-04  1.105e-06   3.5e-06  7.3e-08  2.2e+04  8.3e+02
  5900 -3.00091e-02  6.798e-04  1.102e-06   3.5e-06  7.3e-08  2.2e+04  1.5e+03
  5910 -3.00136e-02  6.797e-04  1.101e-06   3.5e-06  7.3e-08  2.2e+04  3.1e+03
 
   itn      x(1)       norm r    norm Ar  compatible   LS      norm A   cond A
  5920 -3.01090e-02  6.777e-04  1.095e-06   3.5e-06  7.3e-08  2.2e+04  1.9e+03
  5930 -3.01120e-02  6.776e-04  1.095e-06   3.5e-06  7.3e-08  2.2e+04  6.3e+02
  5940 -3.01606e-02  6.766e-04  1.092e-06   3.5e-06  7.3e-08  2.2e+04  3.9e+02
  5950 -3.01833e-02  6.761e-04  1.090e-06   3.5e-06  7.3e-08  2.2e+04  8.1e+03
  5960 -3.01945e-02  6.759e-04  1.089e-06   3.5e-06  7.2e-08  2.2e+04  2.7e+03
  5970 -3.03148e-02  6.734e-04  1.081e-06   3.5e-06  7.2e-08  2.2e+04  3.3e+03
  5980 -3.03198e-02  6.733e-04  1.081e-06   3.5e-06  7.2e-08  2.2e+04  2.8e+03
  5990 -3.03981e-02  6.716e-04  1.076e-06   3.5e-06  7.2e-08  2.2e+04  3.9e+02
  6000 -3.04027e-02  6.715e-04  1.076e-06   3.5e-06  7.2e-08  2.2e+04  2.4e+03
  6010 -3.05476e-02  6.684e-04  1.066e-06   3.4e-06  7.1e-08  2.2e+04  2.4e+03
  6020 -3.05585e-02  6.682e-04  1.066e-06   3.4e-06  7.1e-08  2.2e+04  1.5e+04
  6030 -3.05845e-02  6.676e-04  1.064e-06   3.4e-06  7.1e-08  2.2e+04  2.2e+03
  6040 -3.06864e-02  6.655e-04  1.058e-06   3.4e-06  7.1e-08  2.2e+04  1.2e+03
  6050 -3.07122e-02  6.649e-04  1.056e-06   3.4e-06  7.1e-08  2.2e+04  3.9e+02
  6060 -3.08343e-02  6.624e-04  1.048e-06   3.4e-06  7.1e-08  2.2e+04  1.5e+03
  6070 -3.08440e-02  6.622e-04  1.048e-06   3.4e-06  7.0e-08  2.2e+04  1.2e+04
  6080 -3.09431e-02  6.601e-04  1.042e-06   3.4e-06  7.0e-08  2.2e+04  1.9e+03
  6090 -3.09523e-02  6.599e-04  1.041e-06   3.4e-06  7.0e-08  2.2e+04  4.1e+02
  6100 -3.09771e-02  6.594e-04  1.040e-06   3.4e-06  7.0e-08  2.3e+04  2.4e+03
  6110 -3.10250e-02  6.584e-04  1.037e-06   3.4e-06  7.0e-08  2.3e+04  1.7e+03
 
   itn      x(1)       norm r    norm Ar  compatible   LS      norm A   cond A
  6120 -3.11097e-02  6.566e-04  1.031e-06   3.4e-06  7.0e-08  2.3e+04  3.9e+03
  6130 -3.11125e-02  6.565e-04  1.031e-06   3.4e-06  7.0e-08  2.3e+04  8.2e+03
  6140 -3.12047e-02  6.546e-04  1.026e-06   3.4e-06  6.9e-08  2.3e+04  7.9e+02
  6150 -3.12143e-02  6.544e-04  1.025e-06   3.4e-06  6.9e-08  2.3e+04  6.2e+03
  6160 -3.12261e-02  6.541e-04  1.024e-06   3.4e-06  6.9e-08  2.3e+04  3.9e+02
  6170 -3.13399e-02  6.517e-04  1.018e-06   3.4e-06  6.9e-08  2.3e+04  3.9e+02
  6180 -3.13459e-02  6.516e-04  1.017e-06   3.4e-06  6.9e-08  2.3e+04  2.3e+03
  6190 -3.14334e-02  6.498e-04  1.012e-06   3.3e-06  6.9e-08  2.3e+04  8.7e+02
  6200 -3.14464e-02  6.495e-04  1.011e-06   3.3e-06  6.9e-08  2.3e+04  1.2e+04
  6210 -3.14816e-02  6.488e-04  1.009e-06   3.3e-06  6.8e-08  2.3e+04  6.3e+03
  6220 -3.14978e-02  6.484e-04  1.008e-06   3.3e-06  6.8e-08  2.3e+04  3.9e+02
  6230 -3.16254e-02  6.458e-04  1.001e-06   3.3e-06  6.8e-08  2.3e+04  3.9e+02
  6240 -3.16306e-02  6.457e-04  1.000e-06   3.3e-06  6.8e-08  2.3e+04  1.2e+04
  6250 -3.16937e-02  6.443e-04  9.967e-07   3.3e-06  6.8e-08  2.3e+04  1.4e+03
  6260 -3.17022e-02  6.442e-04  9.962e-07   3.3e-06  6.8e-08  2.3e+04  9.2e+03
  6270 -3.17177e-02  6.438e-04  9.953e-07   3.3e-06  6.8e-08  2.3e+04  2.4e+03
  6280 -3.18040e-02  6.420e-04  9.903e-07   3.3e-06  6.8e-08  2.3e+04  3.9e+02
  6290 -3.18115e-02  6.419e-04  9.899e-07   3.3e-06  6.7e-08  2.3e+04  3.9e+02
  6300 -3.18965e-02  6.401e-04  9.851e-07   3.3e-06  6.7e-08  2.3e+04  4.6e+03
  6310 -3.18999e-02  6.400e-04  9.849e-07   3.3e-06  6.7e-08  2.3e+04  8.5e+02
 
   itn      x(1)       norm r    norm Ar  compatible   LS      norm A   cond A
  6320 -3.19376e-02  6.392e-04  9.827e-07   3.3e-06  6.7e-08  2.3e+04  1.5e+03
  6330 -3.19718e-02  6.385e-04  9.808e-07   3.3e-06  6.7e-08  2.3e+04  1.5e+04
  6340 -3.20592e-02  6.366e-04  9.759e-07   3.3e-06  6.7e-08  2.3e+04  1.4e+03
  6350 -3.20629e-02  6.366e-04  9.757e-07   3.3e-06  6.7e-08  2.3e+04  4.8e+03
  6360 -3.21053e-02  6.357e-04  9.734e-07   3.3e-06  6.7e-08  2.3e+04  3.9e+02
  6370 -3.21655e-02  6.344e-04  9.701e-07   3.3e-06  6.6e-08  2.3e+04  4.0e+03
  6380 -3.21727e-02  6.342e-04  9.697e-07   3.3e-06  6.6e-08  2.3e+04  3.0e+03
  6390 -3.22680e-02  6.322e-04  9.645e-07   3.3e-06  6.6e-08  2.3e+04  4.0e+02
  6400 -3.23134e-02  6.312e-04  9.621e-07   3.2e-06  6.6e-08  2.3e+04  6.4e+02
  6410 -3.23479e-02  6.305e-04  9.602e-07   3.2e-06  6.6e-08  2.3e+04  3.9e+02
  6420 -3.23703e-02  6.300e-04  9.590e-07   3.2e-06  6.6e-08  2.3e+04  5.5e+03
  6430 -3.24239e-02  6.288e-04  9.562e-07   3.2e-06  6.6e-08  2.3e+04  1.9e+03
  6440 -3.24682e-02  6.279e-04  9.538e-07   3.2e-06  6.6e-08  2.3e+04  4.7e+03
  6450 -3.24853e-02  6.275e-04  9.529e-07   3.2e-06  6.6e-08  2.3e+04  2.0e+03
  6460 -3.25793e-02  6.255e-04  9.480e-07   3.2e-06  6.5e-08  2.3e+04  6.0e+03
  6470 -3.25922e-02  6.252e-04  9.473e-07   3.2e-06  6.5e-08  2.3e+04  5.2e+02
  6480 -3.26985e-02  6.230e-04  9.418e-07   3.2e-06  6.5e-08  2.3e+04  1.2e+03
  6490 -3.27136e-02  6.226e-04  9.410e-07   3.2e-06  6.5e-08  2.3e+04  6.9e+03
  6500 -3.27934e-02  6.209e-04  9.368e-07   3.2e-06  6.5e-08  2.3e+04  2.4e+03
  6510 -3.28011e-02  6.208e-04  9.364e-07   3.2e-06  6.5e-08  2.3e+04  3.9e+02
 
   itn      x(1)       norm r    norm Ar  compatible   LS      norm A   cond A
  6520 -3.28491e-02  6.197e-04  9.340e-07   3.2e-06  6.5e-08  2.3e+04  3.9e+02
  6530 -3.29044e-02  6.185e-04  9.311e-07   3.2e-06  6.5e-08  2.3e+04  3.3e+03
  6540 -3.29469e-02  6.176e-04  9.289e-07   3.2e-06  6.5e-08  2.3e+04  3.9e+02
  6550 -3.30275e-02  6.159e-04  9.248e-07   3.2e-06  6.4e-08  2.3e+04  6.6e+03
  6560 -3.30322e-02  6.158e-04  9.245e-07   3.2e-06  6.4e-08  2.3e+04  4.7e+03
  6570 -3.31092e-02  6.142e-04  9.206e-07   3.2e-06  6.4e-08  2.3e+04  2.2e+03
  6580 -3.31223e-02  6.139e-04  9.199e-07   3.2e-06  6.4e-08  2.3e+04  2.4e+03
  6590 -3.32002e-02  6.122e-04  9.159e-07   3.2e-06  6.4e-08  2.3e+04  6.1e+02
  6600 -3.32163e-02  6.119e-04  9.151e-07   3.2e-06  6.4e-08  2.3e+04  4.6e+03
  6610 -3.33272e-02  6.095e-04  9.095e-07   3.1e-06  6.4e-08  2.3e+04  2.4e+03
  6620 -3.33319e-02  6.094e-04  9.092e-07   3.1e-06  6.4e-08  2.3e+04  1.3e+04
  6630 -3.34034e-02  6.079e-04  9.056e-07   3.1e-06  6.3e-08  2.3e+04  3.9e+02
  6640 -3.34134e-02  6.077e-04  9.051e-07   3.1e-06  6.3e-08  2.3e+04  1.4e+03
  6650 -3.35108e-02  6.056e-04  9.001e-07   3.1e-06  6.3e-08  2.4e+04  1.6e+03
  6660 -3.35183e-02  6.055e-04  8.998e-07   3.1e-06  6.3e-08  2.4e+04  4.7e+02
  6670 -3.36271e-02  6.032e-04  8.942e-07   3.1e-06  6.3e-08  2.4e+04  8.4e+02
  6680 -3.36866e-02  6.019e-04  8.912e-07   3.1e-06  6.3e-08  2.4e+04  3.6e+03
  6690 -3.36926e-02  6.018e-04  8.909e-07   3.1e-06  6.3e-08  2.4e+04  2.9e+03
  6700 -3.38649e-02  5.982e-04  8.822e-07   3.1e-06  6.3e-08  2.4e+04  3.9e+02
  6710 -3.38779e-02  5.979e-04  8.815e-07   3.1e-06  6.2e-08  2.4e+04  5.7e+03
 
   itn      x(1)       norm r    norm Ar  compatible   LS      norm A   cond A
  6720 -3.40036e-02  5.953e-04  8.751e-07   3.1e-06  6.2e-08  2.4e+04  1.5e+03
  6730 -3.40177e-02  5.950e-04  8.744e-07   3.1e-06  6.2e-08  2.4e+04  9.3e+03
  6740 -3.40475e-02  5.944e-04  8.728e-07   3.1e-06  6.2e-08  2.4e+04  1.7e+03
  6750 -3.41388e-02  5.925e-04  8.682e-07   3.1e-06  6.2e-08  2.4e+04  7.7e+03
  6760 -3.41753e-02  5.917e-04  8.663e-07   3.0e-06  6.2e-08  2.4e+04  1.2e+03
  6770 -3.43111e-02  5.889e-04  8.594e-07   3.0e-06  6.2e-08  2.4e+04  1.4e+04
  6780 -3.43632e-02  5.878e-04  8.567e-07   3.0e-06  6.1e-08  2.4e+04  1.2e+03
  6790 -3.44770e-02  5.855e-04  8.509e-07   3.0e-06  6.1e-08  2.4e+04  3.5e+03
  6800 -3.44828e-02  5.854e-04  8.506e-07   3.0e-06  6.1e-08  2.4e+04  5.9e+03
  6810 -3.46884e-02  5.812e-04  8.401e-07   3.0e-06  6.1e-08  2.4e+04  3.9e+02
  6820 -3.47263e-02  5.804e-04  8.381e-07   3.0e-06  6.1e-08  2.4e+04  6.7e+02
  6830 -3.47549e-02  5.799e-04  8.367e-07   3.0e-06  6.1e-08  2.4e+04  3.6e+03
  6840 -3.49435e-02  5.761e-04  8.269e-07   3.0e-06  6.0e-08  2.4e+04  2.9e+03
  6850 -3.49501e-02  5.759e-04  8.266e-07   3.0e-06  6.0e-08  2.4e+04  7.3e+03
  6860 -3.51603e-02  5.718e-04  8.157e-07   2.9e-06  6.0e-08  2.4e+04  3.9e+02
  6870 -3.51819e-02  5.713e-04  8.145e-07   2.9e-06  6.0e-08  2.4e+04  7.1e+02
  6880 -3.52749e-02  5.695e-04  8.097e-07   2.9e-06  5.9e-08  2.4e+04  3.2e+03
  6890 -3.52857e-02  5.693e-04  8.091e-07   2.9e-06  5.9e-08  2.4e+04  2.6e+03
  6900 -3.53398e-02  5.682e-04  8.063e-07   2.9e-06  5.9e-08  2.4e+04  1.3e+03
  6910 -3.54763e-02  5.656e-04  7.991e-07   2.9e-06  5.9e-08  2.4e+04  3.7e+03
 
   itn      x(1)       norm r    norm Ar  compatible   LS      norm A   cond A
  6920 -3.54875e-02  5.654e-04  7.985e-07   2.9e-06  5.9e-08  2.4e+04  5.4e+02
  6930 -3.56274e-02  5.626e-04  7.912e-07   2.9e-06  5.9e-08  2.4e+04  5.4e+02
  6940 -3.56492e-02  5.622e-04  7.900e-07   2.9e-06  5.9e-08  2.4e+04  8.8e+02
  6950 -3.57324e-02  5.606e-04  7.856e-07   2.9e-06  5.8e-08  2.4e+04  3.3e+03
  6960 -3.57494e-02  5.603e-04  7.847e-07   2.9e-06  5.8e-08  2.4e+04  1.7e+03
  6970 -3.58240e-02  5.589e-04  7.808e-07   2.9e-06  5.8e-08  2.4e+04  5.3e+03
  6980 -3.58269e-02  5.588e-04  7.806e-07   2.9e-06  5.8e-08  2.4e+04  3.1e+03
  6990 -3.59028e-02  5.573e-04  7.766e-07   2.9e-06  5.8e-08  2.4e+04  3.9e+02
  7000 -3.59175e-02  5.571e-04  7.758e-07   2.9e-06  5.8e-08  2.4e+04  1.5e+03
  7010 -3.59604e-02  5.562e-04  7.735e-07   2.9e-06  5.8e-08  2.4e+04  3.9e+02
  7020 -3.59768e-02  5.559e-04  7.727e-07   2.9e-06  5.8e-08  2.4e+04  4.7e+03
  7030 -3.60773e-02  5.540e-04  7.673e-07   2.9e-06  5.7e-08  2.4e+04  2.8e+03
  7040 -3.60849e-02  5.538e-04  7.669e-07   2.9e-06  5.7e-08  2.4e+04  1.2e+04
  7050 -3.61052e-02  5.534e-04  7.659e-07   2.8e-06  5.7e-08  2.4e+04  3.9e+02
  7060 -3.61586e-02  5.524e-04  7.630e-07   2.8e-06  5.7e-08  2.4e+04  2.6e+03
  7070 -3.62188e-02  5.513e-04  7.598e-07   2.8e-06  5.7e-08  2.4e+04  9.6e+02
  7080 -3.62498e-02  5.507e-04  7.582e-07   2.8e-06  5.7e-08  2.4e+04  7.5e+03
  7090 -3.62542e-02  5.506e-04  7.579e-07   2.8e-06  5.7e-08  2.4e+04  4.9e+03
  7100 -3.63475e-02  5.488e-04  7.530e-07   2.8e-06  5.6e-08  2.4e+04  7.9e+03
  7110 -3.63500e-02  5.487e-04  7.529e-07   2.8e-06  5.6e-08  2.4e+04  1.0e+03
 
   itn      x(1)       norm r    norm Ar  compatible   LS      norm A   cond A
  7120 -3.64130e-02  5.475e-04  7.495e-07   2.8e-06  5.6e-08  2.4e+04  3.9e+02
  7130 -3.64567e-02  5.467e-04  7.472e-07   2.8e-06  5.6e-08  2.4e+04  8.7e+02
  7140 -3.64669e-02  5.465e-04  7.467e-07   2.8e-06  5.6e-08  2.4e+04  2.5e+03
  7150 -3.65027e-02  5.458e-04  7.448e-07   2.8e-06  5.6e-08  2.4e+04  4.0e+03
  7160 -3.65290e-02  5.453e-04  7.434e-07   2.8e-06  5.6e-08  2.4e+04  9.3e+02
  7170 -3.65543e-02  5.448e-04  7.421e-07   2.8e-06  5.6e-08  2.4e+04  1.2e+03
  7180 -3.65564e-02  5.447e-04  7.420e-07   2.8e-06  5.6e-08  2.4e+04  6.0e+02
  7190 -3.66126e-02  5.436e-04  7.390e-07   2.8e-06  5.6e-08  2.4e+04  1.6e+03
  7200 -3.66170e-02  5.435e-04  7.388e-07   2.8e-06  5.6e-08  2.4e+04  1.1e+04
  7210 -3.66730e-02  5.424e-04  7.359e-07   2.8e-06  5.5e-08  2.4e+04  2.0e+03
  7220 -3.66830e-02  5.422e-04  7.354e-07   2.8e-06  5.5e-08  2.4e+04  2.1e+04
  7230 -3.67177e-02  5.415e-04  7.336e-07   2.8e-06  5.5e-08  2.5e+04  7.9e+02
  7240 -3.67804e-02  5.402e-04  7.303e-07   2.8e-06  5.5e-08  2.5e+04  3.9e+02
  7250 -3.67827e-02  5.402e-04  7.302e-07   2.8e-06  5.5e-08  2.5e+04  1.4e+03
  7260 -3.68304e-02  5.392e-04  7.278e-07   2.8e-06  5.5e-08  2.5e+04  6.7e+02
  7270 -3.68592e-02  5.386e-04  7.263e-07   2.8e-06  5.5e-08  2.5e+04  1.7e+04
  7280 -3.69212e-02  5.373e-04  7.231e-07   2.8e-06  5.5e-08  2.5e+04  1.2e+03
  7290 -3.69477e-02  5.368e-04  7.218e-07   2.8e-06  5.5e-08  2.5e+04  6.2e+03
  7300 -3.69567e-02  5.366e-04  7.213e-07   2.8e-06  5.5e-08  2.5e+04  3.9e+02
  7310 -3.70049e-02  5.356e-04  7.188e-07   2.8e-06  5.4e-08  2.5e+04  3.9e+02
 
   itn      x(1)       norm r    norm Ar  compatible   LS      norm A   cond A
  7320 -3.70364e-02  5.349e-04  7.173e-07   2.8e-06  5.4e-08  2.5e+04  1.5e+03
  7330 -3.70836e-02  5.339e-04  7.149e-07   2.7e-06  5.4e-08  2.5e+04  1.1e+04
  7340 -3.70861e-02  5.339e-04  7.147e-07   2.7e-06  5.4e-08  2.5e+04  3.6e+03
  7350 -3.71364e-02  5.328e-04  7.122e-07   2.7e-06  5.4e-08  2.5e+04  8.3e+03
  7360 -3.71394e-02  5.328e-04  7.121e-07   2.7e-06  5.4e-08  2.5e+04  3.9e+02
  7370 -3.71802e-02  5.319e-04  7.100e-07   2.7e-06  5.4e-08  2.5e+04  3.9e+02
  7380 -3.72133e-02  5.312e-04  7.083e-07   2.7e-06  5.4e-08  2.5e+04  9.9e+03
  7390 -3.72171e-02  5.311e-04  7.082e-07   2.7e-06  5.4e-08  2.5e+04  4.3e+03
  7400 -3.72733e-02  5.299e-04  7.053e-07   2.7e-06  5.4e-08  2.5e+04  2.4e+03
  7410 -3.73007e-02  5.293e-04  7.040e-07   2.7e-06  5.4e-08  2.5e+04  1.5e+03
  7420 -3.73274e-02  5.287e-04  7.026e-07   2.7e-06  5.4e-08  2.5e+04  3.9e+02
  7430 -3.73325e-02  5.286e-04  7.024e-07   2.7e-06  5.3e-08  2.5e+04  9.4e+02
  7440 -3.73870e-02  5.274e-04  6.996e-07   2.7e-06  5.3e-08  2.5e+04  4.8e+03
  7450 -3.73928e-02  5.273e-04  6.994e-07   2.7e-06  5.3e-08  2.5e+04  3.9e+03
  7460 -3.74556e-02  5.259e-04  6.962e-07   2.7e-06  5.3e-08  2.5e+04  1.5e+03
  7470 -3.74761e-02  5.255e-04  6.952e-07   2.7e-06  5.3e-08  2.5e+04  1.6e+04
  7480 -3.75265e-02  5.244e-04  6.927e-07   2.7e-06  5.3e-08  2.5e+04  3.9e+02
  7490 -3.75701e-02  5.234e-04  6.905e-07   2.7e-06  5.3e-08  2.5e+04  8.5e+02
  7500 -3.75937e-02  5.229e-04  6.893e-07   2.7e-06  5.3e-08  2.5e+04  2.0e+03
  7510 -3.76242e-02  5.223e-04  6.878e-07   2.7e-06  5.3e-08  2.5e+04  3.3e+03
 
   itn      x(1)       norm r    norm Ar  compatible   LS      norm A   cond A
  7520 -3.76943e-02  5.207e-04  6.843e-07   2.7e-06  5.3e-08  2.5e+04  2.4e+03
  7530 -3.76986e-02  5.206e-04  6.840e-07   2.7e-06  5.3e-08  2.5e+04  5.1e+03
  7540 -3.77461e-02  5.196e-04  6.817e-07   2.7e-06  5.2e-08  2.5e+04  3.9e+02
  7550 -3.77815e-02  5.188e-04  6.799e-07   2.7e-06  5.2e-08  2.5e+04  3.9e+02
  7560 -3.77994e-02  5.184e-04  6.790e-07   2.7e-06  5.2e-08  2.5e+04  1.1e+03
  7570 -3.78510e-02  5.173e-04  6.764e-07   2.7e-06  5.2e-08  2.5e+04  7.8e+03
  7580 -3.78889e-02  5.165e-04  6.745e-07   2.7e-06  5.2e-08  2.5e+04  2.1e+03
  7590 -3.79086e-02  5.160e-04  6.735e-07   2.7e-06  5.2e-08  2.5e+04  6.5e+03
  7600 -3.79418e-02  5.153e-04  6.718e-07   2.7e-06  5.2e-08  2.5e+04  6.5e+02
  7610 -3.80282e-02  5.134e-04  6.675e-07   2.6e-06  5.2e-08  2.5e+04  3.9e+02
  7620 -3.80343e-02  5.133e-04  6.672e-07   2.6e-06  5.2e-08  2.5e+04  2.0e+03
  7630 -3.80905e-02  5.121e-04  6.643e-07   2.6e-06  5.2e-08  2.5e+04  5.9e+02
  7631 -3.81184e-02  5.115e-04  6.629e-07   2.6e-06  5.1e-08  2.5e+04  1.3e+03
  7632 -3.81345e-02  5.111e-04  6.621e-07   2.6e-06  5.1e-08  2.5e+04  3.9e+02
  7633 -3.81513e-02  5.108e-04  6.612e-07   2.6e-06  5.1e-08  2.5e+04  1.1e+03
  7634 -3.81513e-02  5.108e-04  6.612e-07   2.6e-06  5.1e-08  2.5e+04  4.5e+02
  7635 -3.81533e-02  5.107e-04  6.611e-07   2.6e-06  5.1e-08  2.5e+04  2.7e+03
  7636 -3.81533e-02  5.107e-04  6.611e-07   2.6e-06  5.1e-08  2.5e+04  4.5e+03
  7637 -3.81539e-02  5.107e-04  6.611e-07   2.6e-06  5.1e-08  2.5e+04  1.1e+04
  7638 -3.81539e-02  5.107e-04  6.611e-07   2.6e-06  5.1e-08  2.5e+04  7.6e+03
 
   itn      x(1)       norm r    norm Ar  compatible   LS      norm A   cond A
  7639 -3.81542e-02  5.107e-04  6.611e-07   2.6e-06  5.1e-08  2.5e+04  5.2e+03
  7640 -3.81545e-02  5.107e-04  6.611e-07   2.6e-06  5.1e-08  2.5e+04  8.8e+03
  7641 -3.81545e-02  5.107e-04  6.611e-07   2.6e-06  5.1e-08  2.5e+04  8.2e+02
  7642 -3.81593e-02  5.106e-04  6.608e-07   2.6e-06  5.1e-08  2.5e+04  5.9e+03
  7643 -3.81593e-02  5.106e-04  6.608e-07   2.6e-06  5.1e-08  2.5e+04  2.2e+03
  7644 -3.82119e-02  5.094e-04  6.582e-07   2.6e-06  5.1e-08  2.5e+04  1.1e+03
  7645 -3.82120e-02  5.094e-04  6.582e-07   2.6e-06  5.1e-08  2.5e+04  9.3e+02
  7646 -3.82255e-02  5.091e-04  6.575e-07   2.6e-06  5.1e-08  2.5e+04  3.9e+02
  7647 -3.82375e-02  5.089e-04  6.569e-07   2.6e-06  5.1e-08  2.5e+04  9.5e+02
  7648 -3.82385e-02  5.089e-04  6.568e-07   2.6e-06  5.1e-08  2.5e+04  5.3e+02
  7649 -3.82524e-02  5.086e-04  6.561e-07   2.6e-06  5.1e-08  2.5e+04  3.9e+02
  7650 -3.82528e-02  5.086e-04  6.561e-07   2.6e-06  5.1e-08  2.5e+04  3.2e+03
  7651 -3.82531e-02  5.085e-04  6.561e-07   2.6e-06  5.1e-08  2.5e+04  3.9e+02
  7652 -3.82538e-02  5.085e-04  6.560e-07   2.6e-06  5.1e-08  2.5e+04  7.0e+03
  7653 -3.82538e-02  5.085e-04  6.560e-07   2.6e-06  5.1e-08  2.5e+04  4.2e+03
  7654 -3.82541e-02  5.085e-04  6.560e-07   2.6e-06  5.1e-08  2.5e+04  4.8e+03
  7655 -3.82541e-02  5.085e-04  6.560e-07   2.6e-06  5.1e-08  2.5e+04  8.0e+03
  7656 -3.82545e-02  5.085e-04  6.560e-07   2.6e-06  5.1e-08  2.5e+04  1.7e+03
  7657 -3.82546e-02  5.085e-04  6.560e-07   2.6e-06  5.1e-08  2.5e+04  1.2e+04
  7658 -3.82548e-02  5.085e-04  6.560e-07   2.6e-06  5.1e-08  2.5e+04  3.9e+02
 
   itn      x(1)       norm r    norm Ar  compatible   LS      norm A   cond A
  7659 -3.82551e-02  5.085e-04  6.560e-07   2.6e-06  5.1e-08  2.5e+04  1.1e+04
  7660 -3.82551e-02  5.085e-04  6.560e-07   2.6e-06  5.1e-08  2.5e+04  8.8e+03
  7661 -3.82557e-02  5.085e-04  6.559e-07   2.6e-06  5.1e-08  2.5e+04  4.3e+02
  7662 -3.82558e-02  5.085e-04  6.559e-07   2.6e-06  5.1e-08  2.5e+04  6.2e+03
  7663 -3.82569e-02  5.085e-04  6.559e-07   2.6e-06  5.1e-08  2.5e+04  3.9e+02
  7664 -3.82574e-02  5.085e-04  6.559e-07   2.6e-06  5.1e-08  2.5e+04  5.5e+03
  7665 -3.82574e-02  5.085e-04  6.559e-07   2.6e-06  5.1e-08  2.5e+04  6.4e+02
  7666 -3.82594e-02  5.084e-04  6.558e-07   2.6e-06  5.1e-08  2.5e+04  5.4e+03
  7667 -3.82594e-02  5.084e-04  6.558e-07   2.6e-06  5.1e-08  2.5e+04  3.8e+03
  7668 -3.82648e-02  5.083e-04  6.555e-07   2.6e-06  5.1e-08  2.5e+04  2.0e+03
  7669 -3.82669e-02  5.082e-04  6.554e-07   2.6e-06  5.1e-08  2.5e+04  3.1e+03
  7670 -3.82670e-02  5.082e-04  6.554e-07   2.6e-06  5.1e-08  2.5e+04  3.9e+02
  7671 -3.82862e-02  5.078e-04  6.544e-07   2.6e-06  5.1e-08  2.5e+04  9.1e+02
  7672 -3.82867e-02  5.078e-04  6.544e-07   2.6e-06  5.1e-08  2.5e+04  9.4e+02
  7673 -3.83010e-02  5.075e-04  6.536e-07   2.6e-06  5.1e-08  2.5e+04  3.9e+02
  7674 -3.83026e-02  5.075e-04  6.536e-07   2.6e-06  5.1e-08  2.5e+04  1.4e+03
  7675 -3.83223e-02  5.070e-04  6.526e-07   2.6e-06  5.1e-08  2.5e+04  3.9e+02
  7676 -3.83253e-02  5.070e-04  6.524e-07   2.6e-06  5.1e-08  2.5e+04  2.4e+03
  7677 -3.83254e-02  5.070e-04  6.524e-07   2.6e-06  5.1e-08  2.5e+04  5.4e+02
  7678 -3.83265e-02  5.070e-04  6.523e-07   2.6e-06  5.1e-08  2.5e+04  3.5e+03
 
   itn      x(1)       norm r    norm Ar  compatible   LS      norm A   cond A
  7679 -3.83278e-02  5.069e-04  6.523e-07   2.6e-06  5.1e-08  2.5e+04  3.6e+03
  7680 -3.83303e-02  5.069e-04  6.521e-07   2.6e-06  5.1e-08  2.5e+04  3.9e+02
  7681 -3.83304e-02  5.069e-04  6.521e-07   2.6e-06  5.1e-08  2.5e+04  6.4e+03
  7682 -3.83318e-02  5.068e-04  6.521e-07   2.6e-06  5.1e-08  2.5e+04  3.9e+02
  7683 -3.83319e-02  5.068e-04  6.521e-07   2.6e-06  5.1e-08  2.5e+04  6.9e+03
  7684 -3.83321e-02  5.068e-04  6.521e-07   2.6e-06  5.1e-08  2.5e+04  3.9e+02
  7685 -3.83324e-02  5.068e-04  6.520e-07   2.6e-06  5.1e-08  2.5e+04  9.3e+03
  7686 -3.83332e-02  5.068e-04  6.520e-07   2.6e-06  5.1e-08  2.5e+04  8.8e+03
  7687 -3.83334e-02  5.068e-04  6.520e-07   2.6e-06  5.1e-08  2.5e+04  3.9e+02
  7688 -3.83345e-02  5.068e-04  6.519e-07   2.6e-06  5.1e-08  2.5e+04  5.9e+03
  7689 -3.83345e-02  5.068e-04  6.519e-07   2.6e-06  5.1e-08  2.5e+04  9.5e+02
  7690 -3.83418e-02  5.066e-04  6.516e-07   2.6e-06  5.1e-08  2.5e+04  4.1e+03
  7691 -3.83424e-02  5.066e-04  6.515e-07   2.6e-06  5.1e-08  2.5e+04  1.1e+03
  7692 -3.83452e-02  5.065e-04  6.514e-07   2.6e-06  5.1e-08  2.5e+04  3.9e+02
  7693 -3.84010e-02  5.053e-04  6.485e-07   2.6e-06  5.1e-08  2.5e+04  1.1e+03
  7694 -3.84019e-02  5.053e-04  6.485e-07   2.6e-06  5.1e-08  2.5e+04  3.9e+02
  7695 -3.84118e-02  5.051e-04  6.480e-07   2.6e-06  5.1e-08  2.5e+04  1.3e+03
  7696 -3.84118e-02  5.051e-04  6.480e-07   2.6e-06  5.1e-08  2.5e+04  1.7e+03
  7697 -3.84132e-02  5.051e-04  6.479e-07   2.6e-06  5.1e-08  2.5e+04  2.7e+03
  7698 -3.84132e-02  5.051e-04  6.479e-07   2.6e-06  5.1e-08  2.5e+04  6.9e+03
 
   itn      x(1)       norm r    norm Ar  compatible   LS      norm A   cond A
  7699 -3.84142e-02  5.051e-04  6.479e-07   2.6e-06  5.1e-08  2.5e+04  8.1e+02
  7700 -3.84142e-02  5.050e-04  6.479e-07   2.6e-06  5.1e-08  2.5e+04  4.5e+03
  7701 -3.84146e-02  5.050e-04  6.478e-07   2.6e-06  5.1e-08  2.5e+04  3.9e+02
  7702 -3.84152e-02  5.050e-04  6.478e-07   2.6e-06  5.1e-08  2.5e+04  1.2e+04
  7703 -3.84152e-02  5.050e-04  6.478e-07   2.6e-06  5.1e-08  2.5e+04  1.6e+03
  7704 -3.84154e-02  5.050e-04  6.478e-07   2.6e-06  5.1e-08  2.5e+04  7.4e+03
  7705 -3.84155e-02  5.050e-04  6.478e-07   2.6e-06  5.1e-08  2.5e+04  1.2e+04
  7706 -3.84157e-02  5.050e-04  6.478e-07   2.6e-06  5.1e-08  2.5e+04  3.9e+02
  7707 -3.84160e-02  5.050e-04  6.478e-07   2.6e-06  5.1e-08  2.5e+04  8.0e+03
  7708 -3.84160e-02  5.050e-04  6.478e-07   2.6e-06  5.1e-08  2.5e+04  8.7e+02
  7709 -3.84165e-02  5.050e-04  6.477e-07   2.6e-06  5.1e-08  2.5e+04  7.1e+03
  7710 -3.84195e-02  5.049e-04  6.476e-07   2.6e-06  5.1e-08  2.5e+04  5.2e+03
  7711 -3.84197e-02  5.049e-04  6.476e-07   2.6e-06  5.1e-08  2.5e+04  3.9e+02
  7712 -3.84238e-02  5.048e-04  6.474e-07   2.6e-06  5.1e-08  2.5e+04  2.9e+03
  7713 -3.84238e-02  5.048e-04  6.474e-07   2.6e-06  5.1e-08  2.5e+04  9.3e+02
  7714 -3.84256e-02  5.048e-04  6.473e-07   2.6e-06  5.1e-08  2.5e+04  1.4e+03
  7715 -3.84285e-02  5.047e-04  6.471e-07   2.6e-06  5.1e-08  2.5e+04  1.3e+03
  7716 -3.84382e-02  5.045e-04  6.466e-07   2.6e-06  5.1e-08  2.5e+04  3.9e+02
  7717 -3.84713e-02  5.038e-04  6.450e-07   2.6e-06  5.1e-08  2.5e+04  1.5e+03
  7718 -3.84726e-02  5.038e-04  6.449e-07   2.6e-06  5.1e-08  2.5e+04  3.9e+02
 
   itn      x(1)       norm r    norm Ar  compatible   LS      norm A   cond A
  7719 -3.84832e-02  5.035e-04  6.443e-07   2.6e-06  5.1e-08  2.5e+04  1.1e+03
  7720 -3.84832e-02  5.035e-04  6.443e-07   2.6e-06  5.1e-08  2.5e+04  8.2e+02
  7721 -3.85051e-02  5.031e-04  6.432e-07   2.6e-06  5.0e-08  2.5e+04  9.6e+02
  7722 -3.85083e-02  5.030e-04  6.431e-07   2.6e-06  5.0e-08  2.5e+04  1.6e+03
  7723 -3.85121e-02  5.029e-04  6.429e-07   2.6e-06  5.0e-08  2.5e+04  3.9e+02
  7724 -3.85128e-02  5.029e-04  6.428e-07   2.6e-06  5.0e-08  2.5e+04  4.7e+03
  7725 -3.85128e-02  5.029e-04  6.428e-07   2.6e-06  5.0e-08  2.5e+04  2.0e+03
  7726 -3.85134e-02  5.029e-04  6.428e-07   2.6e-06  5.0e-08  2.5e+04  6.9e+03
  7727 -3.85134e-02  5.029e-04  6.428e-07   2.6e-06  5.0e-08  2.5e+04  7.2e+03
  7728 -3.85136e-02  5.029e-04  6.428e-07   2.6e-06  5.0e-08  2.5e+04  5.1e+02
  7729 -3.85139e-02  5.029e-04  6.428e-07   2.6e-06  5.0e-08  2.5e+04  1.1e+04
  7730 -3.85139e-02  5.029e-04  6.428e-07   2.6e-06  5.0e-08  2.5e+04  2.1e+03
  7731 -3.85145e-02  5.029e-04  6.427e-07   2.6e-06  5.0e-08  2.5e+04  1.1e+04
  7732 -3.85145e-02  5.029e-04  6.427e-07   2.6e-06  5.0e-08  2.5e+04  6.9e+03
  7733 -3.85156e-02  5.028e-04  6.427e-07   2.6e-06  5.0e-08  2.5e+04  5.7e+03
  7734 -3.85156e-02  5.028e-04  6.427e-07   2.6e-06  5.0e-08  2.5e+04  4.8e+03
  7735 -3.85163e-02  5.028e-04  6.426e-07   2.6e-06  5.0e-08  2.5e+04  3.3e+03
  7736 -3.85179e-02  5.028e-04  6.426e-07   2.6e-06  5.0e-08  2.5e+04  2.0e+03
  7737 -3.85179e-02  5.028e-04  6.426e-07   2.6e-06  5.0e-08  2.5e+04  7.2e+02
  7738 -3.85195e-02  5.028e-04  6.425e-07   2.6e-06  5.0e-08  2.5e+04  4.7e+03
 
   itn      x(1)       norm r    norm Ar  compatible   LS      norm A   cond A
  7739 -3.85196e-02  5.028e-04  6.425e-07   2.6e-06  5.0e-08  2.5e+04  3.3e+03
  7740 -3.85272e-02  5.026e-04  6.421e-07   2.6e-06  5.0e-08  2.5e+04  3.9e+02
  7741 -3.85334e-02  5.025e-04  6.418e-07   2.6e-06  5.0e-08  2.5e+04  1.6e+03
  7742 -3.85361e-02  5.024e-04  6.416e-07   2.6e-06  5.0e-08  2.5e+04  3.9e+02
  7743 -3.85979e-02  5.011e-04  6.385e-07   2.6e-06  5.0e-08  2.5e+04  1.1e+03
  7744 -3.85980e-02  5.011e-04  6.385e-07   2.6e-06  5.0e-08  2.5e+04  3.9e+02
  7745 -3.86057e-02  5.009e-04  6.381e-07   2.6e-06  5.0e-08  2.5e+04  1.3e+03
  7746 -3.86183e-02  5.006e-04  6.374e-07   2.6e-06  5.0e-08  2.5e+04  1.5e+03
  7747 -3.86186e-02  5.006e-04  6.374e-07   2.6e-06  5.0e-08  2.5e+04  3.9e+02
  7748 -3.86442e-02  5.001e-04  6.361e-07   2.6e-06  5.0e-08  2.5e+04  1.3e+03
  7749 -3.86442e-02  5.001e-04  6.361e-07   2.6e-06  5.0e-08  2.5e+04  1.4e+03
  7750 -3.86555e-02  4.998e-04  6.355e-07   2.6e-06  5.0e-08  2.5e+04  4.8e+02
  7751 -3.86557e-02  4.998e-04  6.355e-07   2.6e-06  5.0e-08  2.5e+04  1.5e+03
  7752 -3.86596e-02  4.997e-04  6.353e-07   2.6e-06  5.0e-08  2.5e+04  3.9e+02
  7753 -3.86608e-02  4.997e-04  6.352e-07   2.6e-06  5.0e-08  2.5e+04  3.4e+03
  7754 -3.86619e-02  4.997e-04  6.352e-07   2.6e-06  5.0e-08  2.5e+04  3.9e+02
  7755 -3.86628e-02  4.997e-04  6.351e-07   2.6e-06  5.0e-08  2.5e+04  3.9e+03
  7756 -3.86628e-02  4.997e-04  6.351e-07   2.6e-06  5.0e-08  2.5e+04  5.4e+02
  7757 -3.86629e-02  4.997e-04  6.351e-07   2.6e-06  5.0e-08  2.5e+04  7.0e+03
  7758 -3.86630e-02  4.997e-04  6.351e-07   2.6e-06  5.0e-08  2.5e+04  6.2e+03
 
   itn      x(1)       norm r    norm Ar  compatible   LS      norm A   cond A
  7759 -3.86630e-02  4.997e-04  6.351e-07   2.6e-06  5.0e-08  2.5e+04  1.2e+03
  7760 -3.86632e-02  4.996e-04  6.351e-07   2.6e-06  5.0e-08  2.5e+04  9.0e+03
  7761 -3.86632e-02  4.996e-04  6.351e-07   2.6e-06  5.0e-08  2.5e+04  4.4e+03
  7762 -3.86633e-02  4.996e-04  6.351e-07   2.6e-06  5.0e-08  2.5e+04  2.1e+04
  7763 -3.86640e-02  4.996e-04  6.351e-07   2.6e-06  5.0e-08  2.5e+04  8.3e+03
  7764 -3.86642e-02  4.996e-04  6.350e-07   2.6e-06  5.0e-08  2.5e+04  3.9e+02
  7765 -3.86676e-02  4.996e-04  6.349e-07   2.6e-06  5.0e-08  2.5e+04  6.0e+03
  7766 -3.86676e-02  4.996e-04  6.349e-07   2.6e-06  5.0e-08  2.5e+04  9.5e+02
  7767 -3.86852e-02  4.992e-04  6.340e-07   2.6e-06  5.0e-08  2.5e+04  1.6e+03
  7768 -3.86859e-02  4.992e-04  6.339e-07   2.6e-06  5.0e-08  2.5e+04  1.4e+03
  7769 -3.87070e-02  4.987e-04  6.328e-07   2.6e-06  5.0e-08  2.5e+04  3.9e+02
  7770 -3.87462e-02  4.978e-04  6.308e-07   2.6e-06  5.0e-08  2.5e+04  7.4e+02
  7771 -3.87473e-02  4.978e-04  6.308e-07   2.6e-06  5.0e-08  2.5e+04  3.9e+02
  7772 -3.87711e-02  4.973e-04  6.295e-07   2.6e-06  5.0e-08  2.5e+04  7.0e+02
  7773 -3.87711e-02  4.973e-04  6.295e-07   2.6e-06  5.0e-08  2.5e+04  1.0e+03
  7774 -3.87782e-02  4.972e-04  6.292e-07   2.6e-06  5.0e-08  2.5e+04  2.1e+03
  7775 -3.87782e-02  4.972e-04  6.292e-07   2.6e-06  5.0e-08  2.5e+04  4.4e+03
  7776 -3.87788e-02  4.971e-04  6.291e-07   2.6e-06  5.0e-08  2.5e+04  2.6e+03
  7777 -3.87788e-02  4.971e-04  6.291e-07   2.6e-06  5.0e-08  2.5e+04  1.1e+04
  7778 -3.87799e-02  4.971e-04  6.291e-07   2.6e-06  5.0e-08  2.5e+04  5.8e+02
 
   itn      x(1)       norm r    norm Ar  compatible   LS      norm A   cond A
  7779 -3.87801e-02  4.971e-04  6.291e-07   2.6e-06  5.0e-08  2.5e+04  3.4e+03
  7780 -3.87801e-02  4.971e-04  6.291e-07   2.6e-06  5.0e-08  2.5e+04  5.5e+03
  7781 -3.87811e-02  4.971e-04  6.290e-07   2.6e-06  5.0e-08  2.5e+04  8.1e+02
  7782 -3.87834e-02  4.970e-04  6.289e-07   2.6e-06  5.0e-08  2.5e+04  3.3e+03
  7783 -3.87838e-02  4.970e-04  6.289e-07   2.6e-06  5.0e-08  2.5e+04  3.9e+02
  7784 -3.87950e-02  4.968e-04  6.283e-07   2.6e-06  5.0e-08  2.5e+04  3.0e+03
  7785 -3.87950e-02  4.968e-04  6.283e-07   2.6e-06  5.0e-08  2.5e+04  1.4e+03
  7786 -3.88072e-02  4.965e-04  6.277e-07   2.6e-06  5.0e-08  2.5e+04  2.9e+03
  7787 -3.88073e-02  4.965e-04  6.277e-07   2.6e-06  5.0e-08  2.5e+04  1.5e+03
  7788 -3.88261e-02  4.961e-04  6.267e-07   2.6e-06  5.0e-08  2.5e+04  3.9e+02
  7789 -3.88296e-02  4.960e-04  6.265e-07   2.6e-06  5.0e-08  2.5e+04  1.5e+03
  7790 -3.88306e-02  4.960e-04  6.264e-07   2.6e-06  5.0e-08  2.5e+04  3.9e+02
  7791 -3.88352e-02  4.959e-04  6.262e-07   2.6e-06  5.0e-08  2.5e+04  2.5e+03
  7792 -3.88352e-02  4.959e-04  6.262e-07   2.6e-06  5.0e-08  2.5e+04  4.6e+02
  7793 -3.88368e-02  4.959e-04  6.261e-07   2.6e-06  5.0e-08  2.5e+04  3.3e+03
  7794 -3.88368e-02  4.959e-04  6.261e-07   2.6e-06  5.0e-08  2.5e+04  1.4e+03
  7795 -3.88371e-02  4.959e-04  6.261e-07   2.6e-06  5.0e-08  2.5e+04  5.2e+03
  7796 -3.88371e-02  4.959e-04  6.261e-07   2.6e-06  5.0e-08  2.5e+04  1.2e+04
  7797 -3.88375e-02  4.959e-04  6.261e-07   2.6e-06  5.0e-08  2.5e+04  7.3e+02
  7798 -3.88377e-02  4.959e-04  6.261e-07   2.6e-06  5.0e-08  2.5e+04  1.7e+04
 
   itn      x(1)       norm r    norm Ar  compatible   LS      norm A   cond A
  7799 -3.88377e-02  4.959e-04  6.261e-07   2.6e-06  5.0e-08  2.5e+04  4.7e+03
  7800 -3.88378e-02  4.959e-04  6.261e-07   2.6e-06  5.0e-08  2.5e+04  4.6e+03
  7801 -3.88389e-02  4.958e-04  6.260e-07   2.6e-06  5.0e-08  2.5e+04  7.3e+03
  7802 -3.88395e-02  4.958e-04  6.260e-07   2.6e-06  5.0e-08  2.5e+04  3.9e+02
  7803 -3.88408e-02  4.958e-04  6.259e-07   2.6e-06  5.0e-08  2.5e+04  5.3e+03
  7804 -3.88420e-02  4.958e-04  6.259e-07   2.6e-06  5.0e-08  2.5e+04  3.2e+03
  7805 -3.88433e-02  4.957e-04  6.258e-07   2.6e-06  5.0e-08  2.5e+04  3.9e+02
  7806 -3.88496e-02  4.956e-04  6.255e-07   2.6e-06  5.0e-08  2.5e+04  2.1e+03
  7807 -3.88500e-02  4.956e-04  6.254e-07   2.6e-06  5.0e-08  2.5e+04  3.9e+02
  7808 -3.88809e-02  4.949e-04  6.238e-07   2.5e-06  4.9e-08  2.5e+04  1.3e+03
  7809 -3.88815e-02  4.949e-04  6.238e-07   2.5e-06  4.9e-08  2.5e+04  3.9e+02
  7810 -3.89051e-02  4.944e-04  6.226e-07   2.5e-06  4.9e-08  2.5e+04  9.3e+02
  7811 -3.89051e-02  4.944e-04  6.226e-07   2.5e-06  4.9e-08  2.5e+04  4.5e+02
  7812 -3.89313e-02  4.938e-04  6.212e-07   2.5e-06  4.9e-08  2.5e+04  6.8e+02
  7813 -3.89316e-02  4.938e-04  6.212e-07   2.5e-06  4.9e-08  2.5e+04  1.4e+03
  7814 -3.89397e-02  4.937e-04  6.208e-07   2.5e-06  4.9e-08  2.5e+04  3.9e+02
  7815 -3.89415e-02  4.936e-04  6.207e-07   2.5e-06  4.9e-08  2.5e+04  1.9e+03
  7816 -3.89493e-02  4.935e-04  6.203e-07   2.5e-06  4.9e-08  2.5e+04  3.9e+02
  7817 -3.89537e-02  4.934e-04  6.200e-07   2.5e-06  4.9e-08  2.5e+04  2.2e+03
  7818 -3.89537e-02  4.934e-04  6.200e-07   2.5e-06  4.9e-08  2.5e+04  4.1e+03
 
   itn      x(1)       norm r    norm Ar  compatible   LS      norm A   cond A
  7819 -3.89541e-02  4.934e-04  6.200e-07   2.5e-06  4.9e-08  2.5e+04  4.9e+03
  7820 -3.89544e-02  4.933e-04  6.200e-07   2.5e-06  4.9e-08  2.5e+04  8.5e+03
  7821 -3.89544e-02  4.933e-04  6.200e-07   2.5e-06  4.9e-08  2.5e+04  5.2e+02
  7822 -3.89547e-02  4.933e-04  6.200e-07   2.5e-06  4.9e-08  2.5e+04  5.5e+03
  7823 -3.89551e-02  4.933e-04  6.200e-07   2.5e-06  4.9e-08  2.5e+04  3.2e+03
  7824 -3.89555e-02  4.933e-04  6.200e-07   2.5e-06  4.9e-08  2.5e+04  3.9e+02
  7825 -3.89579e-02  4.933e-04  6.198e-07   2.5e-06  4.9e-08  2.5e+04  3.6e+03
  7826 -3.89579e-02  4.933e-04  6.198e-07   2.5e-06  4.9e-08  2.5e+04  1.6e+03
  7827 -3.89659e-02  4.931e-04  6.194e-07   2.5e-06  4.9e-08  2.5e+04  2.8e+03
  7828 -3.89659e-02  4.931e-04  6.194e-07   2.5e-06  4.9e-08  2.5e+04  1.6e+03
  7829 -3.89698e-02  4.930e-04  6.192e-07   2.5e-06  4.9e-08  2.6e+04  8.9e+02
  7830 -3.89838e-02  4.927e-04  6.185e-07   2.5e-06  4.9e-08  2.6e+04  1.9e+03
  7831 -3.89844e-02  4.927e-04  6.184e-07   2.5e-06  4.9e-08  2.6e+04  3.9e+02
  7832 -3.89945e-02  4.925e-04  6.179e-07   2.5e-06  4.9e-08  2.6e+04  1.7e+03
  7833 -3.89946e-02  4.925e-04  6.179e-07   2.5e-06  4.9e-08  2.6e+04  3.9e+02
  7834 -3.89987e-02  4.924e-04  6.177e-07   2.5e-06  4.9e-08  2.6e+04  1.6e+03
  7835 -3.89995e-02  4.924e-04  6.177e-07   2.5e-06  4.9e-08  2.6e+04  2.9e+03
  7836 -3.90011e-02  4.923e-04  6.176e-07   2.5e-06  4.9e-08  2.6e+04  3.9e+02
  7837 -3.90041e-02  4.923e-04  6.174e-07   2.5e-06  4.9e-08  2.6e+04  4.4e+03
  7838 -3.90047e-02  4.923e-04  6.174e-07   2.5e-06  4.9e-08  2.6e+04  3.9e+02
 
   itn      x(1)       norm r    norm Ar  compatible   LS      norm A   cond A
  7839 -3.90068e-02  4.922e-04  6.173e-07   2.5e-06  4.9e-08  2.6e+04  4.0e+03
  7840 -3.90068e-02  4.922e-04  6.173e-07   2.5e-06  4.9e-08  2.6e+04  1.1e+03
  7841 -3.90080e-02  4.922e-04  6.172e-07   2.5e-06  4.9e-08  2.6e+04  2.8e+03
  7842 -3.90083e-02  4.922e-04  6.172e-07   2.5e-06  4.9e-08  2.6e+04  5.9e+03
  7843 -3.90088e-02  4.922e-04  6.172e-07   2.5e-06  4.9e-08  2.6e+04  3.9e+02
  7844 -3.90089e-02  4.922e-04  6.172e-07   2.5e-06  4.9e-08  2.6e+04  9.0e+03
  7845 -3.90089e-02  4.922e-04  6.172e-07   2.5e-06  4.9e-08  2.6e+04  3.0e+03
  7846 -3.90092e-02  4.922e-04  6.171e-07   2.5e-06  4.9e-08  2.6e+04  4.3e+03
  7847 -3.90095e-02  4.922e-04  6.171e-07   2.5e-06  4.9e-08  2.6e+04  5.6e+03
  7848 -3.90101e-02  4.921e-04  6.171e-07   2.5e-06  4.9e-08  2.6e+04  3.9e+02
  7849 -3.90191e-02  4.920e-04  6.166e-07   2.5e-06  4.9e-08  2.6e+04  4.1e+03
  7850 -3.90195e-02  4.919e-04  6.166e-07   2.5e-06  4.9e-08  2.6e+04  3.9e+02
  7851 -3.90285e-02  4.918e-04  6.161e-07   2.5e-06  4.9e-08  2.6e+04  1.9e+03
  7852 -3.90285e-02  4.918e-04  6.161e-07   2.5e-06  4.9e-08  2.6e+04  8.9e+02
  7853 -3.90640e-02  4.910e-04  6.143e-07   2.5e-06  4.9e-08  2.6e+04  1.1e+03
  7854 -3.90652e-02  4.910e-04  6.142e-07   2.5e-06  4.9e-08  2.6e+04  1.6e+03
  7855 -3.90699e-02  4.909e-04  6.140e-07   2.5e-06  4.9e-08  2.6e+04  3.9e+02
  7856 -3.90712e-02  4.908e-04  6.139e-07   2.5e-06  4.9e-08  2.6e+04  4.0e+03
  7857 -3.90713e-02  4.908e-04  6.139e-07   2.5e-06  4.9e-08  2.6e+04  3.9e+02
  7858 -3.90722e-02  4.908e-04  6.138e-07   2.5e-06  4.9e-08  2.6e+04  4.7e+03
 
   itn      x(1)       norm r    norm Ar  compatible   LS      norm A   cond A
  7859 -3.90725e-02  4.908e-04  6.138e-07   2.5e-06  4.9e-08  2.6e+04  1.1e+04
  7860 -3.90725e-02  4.908e-04  6.138e-07   2.5e-06  4.9e-08  2.6e+04  1.0e+03
  7861 -3.90729e-02  4.908e-04  6.138e-07   2.5e-06  4.9e-08  2.6e+04  6.2e+03
  7862 -3.90729e-02  4.908e-04  6.138e-07   2.5e-06  4.9e-08  2.6e+04  2.9e+03
  7863 -3.90736e-02  4.908e-04  6.138e-07   2.5e-06  4.9e-08  2.6e+04  7.3e+03
  7864 -3.90736e-02  4.908e-04  6.138e-07   2.5e-06  4.9e-08  2.6e+04  3.8e+03
  7865 -3.90756e-02  4.907e-04  6.137e-07   2.5e-06  4.9e-08  2.6e+04  2.3e+03
  7866 -3.90757e-02  4.907e-04  6.137e-07   2.5e-06  4.9e-08  2.6e+04  3.7e+03
  7867 -3.90759e-02  4.907e-04  6.136e-07   2.5e-06  4.9e-08  2.6e+04  7.2e+02
  7868 -3.90773e-02  4.907e-04  6.136e-07   2.5e-06  4.9e-08  2.6e+04  3.2e+03
  7869 -3.90773e-02  4.907e-04  6.136e-07   2.5e-06  4.9e-08  2.6e+04  1.5e+03
  7870 -3.90815e-02  4.906e-04  6.134e-07   2.5e-06  4.9e-08  2.6e+04  3.1e+03
  7871 -3.90816e-02  4.906e-04  6.133e-07   2.5e-06  4.9e-08  2.6e+04  2.2e+03
  7872 -3.90887e-02  4.905e-04  6.130e-07   2.5e-06  4.9e-08  2.6e+04  3.9e+02
  7873 -3.90965e-02  4.903e-04  6.126e-07   2.5e-06  4.9e-08  2.6e+04  1.5e+03
  7874 -3.90967e-02  4.903e-04  6.126e-07   2.5e-06  4.9e-08  2.6e+04  3.9e+02
  7875 -3.91157e-02  4.899e-04  6.116e-07   2.5e-06  4.9e-08  2.6e+04  1.4e+03
  7876 -3.91158e-02  4.899e-04  6.116e-07   2.5e-06  4.9e-08  2.6e+04  4.2e+02
  7877 -3.91397e-02  4.894e-04  6.103e-07   2.5e-06  4.9e-08  2.6e+04  1.1e+03
  7878 -3.91487e-02  4.892e-04  6.098e-07   2.5e-06  4.9e-08  2.6e+04  1.0e+03
 
   itn      x(1)       norm r    norm Ar  compatible   LS      norm A   cond A
  7879 -3.91487e-02  4.892e-04  6.098e-07   2.5e-06  4.9e-08  2.6e+04  3.9e+02
  7880 -3.91518e-02  4.891e-04  6.097e-07   2.5e-06  4.9e-08  2.6e+04  3.4e+03
  7881 -3.91518e-02  4.891e-04  6.097e-07   2.5e-06  4.9e-08  2.6e+04  2.3e+03
  7882 -3.91521e-02  4.891e-04  6.096e-07   2.5e-06  4.9e-08  2.6e+04  5.8e+03
  7883 -3.91521e-02  4.891e-04  6.096e-07   2.5e-06  4.9e-08  2.6e+04  6.1e+03
  7884 -3.91522e-02  4.891e-04  6.096e-07   2.5e-06  4.9e-08  2.6e+04  7.3e+03
  7885 -3.91527e-02  4.891e-04  6.096e-07   2.5e-06  4.9e-08  2.6e+04  1.3e+04
  7886 -3.91527e-02  4.891e-04  6.096e-07   2.5e-06  4.9e-08  2.6e+04  6.4e+03
  7887 -3.91529e-02  4.891e-04  6.096e-07   2.5e-06  4.9e-08  2.6e+04  4.4e+02
  7888 -3.91531e-02  4.891e-04  6.096e-07   2.5e-06  4.9e-08  2.6e+04  1.2e+04
  7889 -3.91536e-02  4.891e-04  6.096e-07   2.5e-06  4.9e-08  2.6e+04  3.9e+02
  7890 -3.91541e-02  4.891e-04  6.095e-07   2.5e-06  4.9e-08  2.6e+04  2.4e+03
  7891 -3.91541e-02  4.891e-04  6.095e-07   2.5e-06  4.9e-08  2.6e+04  1.2e+03
  7892 -3.91563e-02  4.890e-04  6.094e-07   2.5e-06  4.9e-08  2.6e+04  5.3e+03
  7893 -3.91563e-02  4.890e-04  6.094e-07   2.5e-06  4.9e-08  2.6e+04  2.0e+03
  7894 -3.91617e-02  4.889e-04  6.091e-07   2.5e-06  4.9e-08  2.6e+04  2.2e+03
  7895 -3.91632e-02  4.889e-04  6.091e-07   2.5e-06  4.9e-08  2.6e+04  1.7e+03
  7896 -3.92095e-02  4.879e-04  6.066e-07   2.5e-06  4.9e-08  2.6e+04  3.9e+02
  7897 -3.92722e-02  4.865e-04  6.033e-07   2.5e-06  4.8e-08  2.6e+04  8.5e+02
  7898 -3.92725e-02  4.865e-04  6.033e-07   2.5e-06  4.8e-08  2.6e+04  3.9e+02
 
   itn      x(1)       norm r    norm Ar  compatible   LS      norm A   cond A
  7899 -3.92752e-02  4.865e-04  6.031e-07   2.5e-06  4.8e-08  2.6e+04  2.3e+03
  7900 -3.92752e-02  4.865e-04  6.031e-07   2.5e-06  4.8e-08  2.6e+04  1.1e+03
  7901 -3.92775e-02  4.864e-04  6.030e-07   2.5e-06  4.8e-08  2.6e+04  2.2e+03
  7902 -3.92775e-02  4.864e-04  6.030e-07   2.5e-06  4.8e-08  2.6e+04  2.5e+03
  7903 -3.92784e-02  4.864e-04  6.030e-07   2.5e-06  4.8e-08  2.6e+04  4.4e+03
  7904 -3.92786e-02  4.864e-04  6.030e-07   2.5e-06  4.8e-08  2.6e+04  6.4e+03
  7905 -3.92794e-02  4.864e-04  6.029e-07   2.5e-06  4.8e-08  2.6e+04  3.9e+02
  7906 -3.92800e-02  4.864e-04  6.029e-07   2.5e-06  4.8e-08  2.6e+04  4.6e+03
  7907 -3.92800e-02  4.864e-04  6.029e-07   2.5e-06  4.8e-08  2.6e+04  5.8e+03
  7908 -3.92806e-02  4.864e-04  6.028e-07   2.5e-06  4.8e-08  2.6e+04  6.7e+02
  7909 -3.92807e-02  4.864e-04  6.028e-07   2.5e-06  4.8e-08  2.6e+04  9.0e+03
  7910 -3.92808e-02  4.864e-04  6.028e-07   2.5e-06  4.8e-08  2.6e+04  3.9e+02
  7911 -3.92809e-02  4.864e-04  6.028e-07   2.5e-06  4.8e-08  2.6e+04  1.3e+04
  7912 -3.92812e-02  4.863e-04  6.028e-07   2.5e-06  4.8e-08  2.6e+04  5.4e+03
  7913 -3.92812e-02  4.863e-04  6.028e-07   2.5e-06  4.8e-08  2.6e+04  2.1e+03
  7914 -3.92815e-02  4.863e-04  6.028e-07   2.5e-06  4.8e-08  2.6e+04  1.2e+04
  7915 -3.92815e-02  4.863e-04  6.028e-07   2.5e-06  4.8e-08  2.6e+04  3.8e+03
  7916 -3.92819e-02  4.863e-04  6.028e-07   2.5e-06  4.8e-08  2.6e+04  4.6e+03
  7917 -3.92819e-02  4.863e-04  6.028e-07   2.5e-06  4.8e-08  2.6e+04  7.1e+03
  7918 -3.92827e-02  4.863e-04  6.027e-07   2.5e-06  4.8e-08  2.6e+04  1.9e+03
 
   itn      x(1)       norm r    norm Ar  compatible   LS      norm A   cond A
  7919 -3.92827e-02  4.863e-04  6.027e-07   2.5e-06  4.8e-08  2.6e+04  3.8e+03
  7920 -3.92841e-02  4.863e-04  6.027e-07   2.5e-06  4.8e-08  2.6e+04  4.8e+02
  7921 -3.93156e-02  4.856e-04  6.010e-07   2.5e-06  4.8e-08  2.6e+04  2.6e+03
  7922 -3.93159e-02  4.856e-04  6.010e-07   2.5e-06  4.8e-08  2.6e+04  3.9e+02
  7923 -3.93330e-02  4.852e-04  6.001e-07   2.5e-06  4.8e-08  2.6e+04  1.1e+03
  7924 -3.93331e-02  4.852e-04  6.001e-07   2.5e-06  4.8e-08  2.6e+04  8.3e+02
  7925 -3.93896e-02  4.840e-04  5.971e-07   2.5e-06  4.8e-08  2.6e+04  5.6e+02
  7926 -3.93899e-02  4.840e-04  5.970e-07   2.5e-06  4.8e-08  2.6e+04  1.2e+03
  7927 -3.93960e-02  4.839e-04  5.967e-07   2.5e-06  4.8e-08  2.6e+04  3.9e+02
  7928 -3.94045e-02  4.837e-04  5.963e-07   2.5e-06  4.8e-08  2.6e+04  1.7e+03
  7929 -3.94050e-02  4.837e-04  5.962e-07   2.5e-06  4.8e-08  2.6e+04  3.9e+02
  7930 -3.94063e-02  4.837e-04  5.962e-07   2.5e-06  4.8e-08  2.6e+04  4.7e+03
  7931 -3.94063e-02  4.837e-04  5.962e-07   2.5e-06  4.8e-08  2.6e+04  5.1e+02
  7932 -3.94070e-02  4.837e-04  5.961e-07   2.5e-06  4.8e-08  2.6e+04  6.9e+03
  7933 -3.94070e-02  4.837e-04  5.961e-07   2.5e-06  4.8e-08  2.6e+04  7.0e+03
  7934 -3.94070e-02  4.837e-04  5.961e-07   2.5e-06  4.8e-08  2.6e+04  2.1e+03
  7935 -3.94076e-02  4.836e-04  5.961e-07   2.5e-06  4.8e-08  2.6e+04  6.2e+03
  7936 -3.94076e-02  4.836e-04  5.961e-07   2.5e-06  4.8e-08  2.6e+04  5.5e+03
  7937 -3.94080e-02  4.836e-04  5.961e-07   2.5e-06  4.8e-08  2.6e+04  3.8e+03
  7938 -3.94083e-02  4.836e-04  5.961e-07   2.5e-06  4.8e-08  2.6e+04  6.8e+03
 
   itn      x(1)       norm r    norm Ar  compatible   LS      norm A   cond A
  7939 -3.94083e-02  4.836e-04  5.961e-07   2.5e-06  4.8e-08  2.6e+04  7.2e+03
  7940 -3.94088e-02  4.836e-04  5.960e-07   2.5e-06  4.8e-08  2.6e+04  5.8e+03
  7941 -3.94089e-02  4.836e-04  5.960e-07   2.5e-06  4.8e-08  2.6e+04  4.4e+03
  7942 -3.94100e-02  4.836e-04  5.960e-07   2.5e-06  4.8e-08  2.6e+04  3.9e+02
  7943 -3.94112e-02  4.836e-04  5.959e-07   2.5e-06  4.8e-08  2.6e+04  3.7e+03
  7944 -3.94113e-02  4.836e-04  5.959e-07   2.5e-06  4.8e-08  2.6e+04  3.9e+02
  7945 -3.94225e-02  4.833e-04  5.953e-07   2.5e-06  4.8e-08  2.6e+04  3.9e+03
  7946 -3.94225e-02  4.833e-04  5.953e-07   2.5e-06  4.8e-08  2.6e+04  5.2e+02
  7947 -3.94484e-02  4.828e-04  5.939e-07   2.5e-06  4.8e-08  2.6e+04  1.4e+03
  7948 -3.94485e-02  4.828e-04  5.939e-07   2.5e-06  4.8e-08  2.6e+04  9.2e+02
  7949 -3.94655e-02  4.824e-04  5.930e-07   2.5e-06  4.8e-08  2.6e+04  4.5e+02
  7950 -3.94655e-02  4.824e-04  5.930e-07   2.5e-06  4.8e-08  2.6e+04  1.5e+03
  7951 -3.94825e-02  4.821e-04  5.921e-07   2.5e-06  4.8e-08  2.6e+04  4.6e+02
  7952 -3.94830e-02  4.820e-04  5.921e-07   2.5e-06  4.8e-08  2.6e+04  2.5e+03
  7953 -3.94835e-02  4.820e-04  5.920e-07   2.5e-06  4.8e-08  2.6e+04  3.9e+02
  7954 -3.94843e-02  4.820e-04  5.920e-07   2.5e-06  4.8e-08  2.6e+04  7.1e+03
  7955 -3.94843e-02  4.820e-04  5.920e-07   2.5e-06  4.8e-08  2.6e+04  1.0e+03
  7956 -3.94844e-02  4.820e-04  5.920e-07   2.5e-06  4.8e-08  2.6e+04  7.7e+03
  7957 -3.94844e-02  4.820e-04  5.920e-07   2.5e-06  4.8e-08  2.6e+04  3.8e+03
  7958 -3.94846e-02  4.820e-04  5.920e-07   2.5e-06  4.8e-08  2.6e+04  3.8e+03
 
   itn      x(1)       norm r    norm Ar  compatible   LS      norm A   cond A
  7959 -3.94848e-02  4.820e-04  5.920e-07   2.5e-06  4.8e-08  2.6e+04  1.8e+04
  7960 -3.94849e-02  4.820e-04  5.920e-07   2.5e-06  4.8e-08  2.6e+04  5.8e+03
  7961 -3.94860e-02  4.820e-04  5.919e-07   2.5e-06  4.8e-08  2.6e+04  3.9e+02
  7962 -3.94875e-02  4.819e-04  5.918e-07   2.5e-06  4.8e-08  2.6e+04  9.4e+03
  7963 -3.94875e-02  4.819e-04  5.918e-07   2.5e-06  4.8e-08  2.6e+04  2.5e+03
  7964 -3.94915e-02  4.819e-04  5.916e-07   2.5e-06  4.8e-08  2.6e+04  1.3e+03
  7965 -3.94915e-02  4.819e-04  5.916e-07   2.5e-06  4.8e-08  2.6e+04  3.1e+03
  7966 -3.95029e-02  4.816e-04  5.910e-07   2.5e-06  4.8e-08  2.6e+04  7.5e+02
  7967 -3.95034e-02  4.816e-04  5.910e-07   2.5e-06  4.8e-08  2.6e+04  1.0e+03
  7968 -3.95160e-02  4.813e-04  5.903e-07   2.5e-06  4.8e-08  2.6e+04  3.9e+02
  7969 -3.95395e-02  4.808e-04  5.890e-07   2.5e-06  4.8e-08  2.6e+04  9.8e+02
  7970 -3.95451e-02  4.807e-04  5.887e-07   2.5e-06  4.8e-08  2.6e+04  3.9e+02
  7971 -3.95617e-02  4.804e-04  5.878e-07   2.5e-06  4.8e-08  2.6e+04  1.3e+03
  7972 -3.95618e-02  4.804e-04  5.878e-07   2.5e-06  4.8e-08  2.6e+04  3.9e+02
  7973 -3.95697e-02  4.802e-04  5.874e-07   2.5e-06  4.8e-08  2.6e+04  1.6e+03
  7974 -3.95697e-02  4.802e-04  5.874e-07   2.5e-06  4.8e-08  2.6e+04  3.9e+02
  7975 -3.95716e-02  4.802e-04  5.873e-07   2.5e-06  4.8e-08  2.6e+04  2.3e+03
  7976 -3.95716e-02  4.802e-04  5.873e-07   2.5e-06  4.8e-08  2.6e+04  1.7e+03
  7977 -3.95724e-02  4.801e-04  5.873e-07   2.5e-06  4.8e-08  2.6e+04  4.2e+03
  7978 -3.95750e-02  4.801e-04  5.871e-07   2.5e-06  4.8e-08  2.6e+04  4.6e+03
 
   itn      x(1)       norm r    norm Ar  compatible   LS      norm A   cond A
  7979 -3.95750e-02  4.801e-04  5.871e-07   2.5e-06  4.8e-08  2.6e+04  3.9e+02
  7980 -3.95760e-02  4.801e-04  5.871e-07   2.5e-06  4.7e-08  2.6e+04  1.4e+03
  7981 -3.95760e-02  4.801e-04  5.871e-07   2.5e-06  4.7e-08  2.6e+04  4.6e+03
  7982 -3.95765e-02  4.800e-04  5.870e-07   2.5e-06  4.7e-08  2.6e+04  5.2e+02
  7983 -3.95771e-02  4.800e-04  5.870e-07   2.5e-06  4.7e-08  2.6e+04  5.8e+03
  7984 -3.95774e-02  4.800e-04  5.870e-07   2.5e-06  4.7e-08  2.6e+04  9.6e+03
  7985 -3.95777e-02  4.800e-04  5.870e-07   2.5e-06  4.7e-08  2.6e+04  3.9e+02
  7986 -3.95785e-02  4.800e-04  5.869e-07   2.5e-06  4.7e-08  2.6e+04  8.2e+03
  7987 -3.95786e-02  4.800e-04  5.869e-07   2.5e-06  4.7e-08  2.6e+04  3.9e+02
  7988 -3.95842e-02  4.799e-04  5.866e-07   2.5e-06  4.7e-08  2.6e+04  2.8e+03
  7989 -3.95842e-02  4.799e-04  5.866e-07   2.5e-06  4.7e-08  2.6e+04  9.8e+02
  7990 -3.95962e-02  4.796e-04  5.860e-07   2.5e-06  4.7e-08  2.6e+04  1.2e+03
  7991 -3.95962e-02  4.796e-04  5.860e-07   2.5e-06  4.7e-08  2.6e+04  2.2e+03
  7992 -3.95996e-02  4.796e-04  5.858e-07   2.5e-06  4.7e-08  2.6e+04  3.9e+02
  7993 -3.96013e-02  4.795e-04  5.857e-07   2.5e-06  4.7e-08  2.6e+04  2.7e+03
  7994 -3.96063e-02  4.794e-04  5.854e-07   2.5e-06  4.7e-08  2.6e+04  3.9e+02
  7995 -3.96074e-02  4.794e-04  5.854e-07   2.5e-06  4.7e-08  2.6e+04  3.2e+03
  7996 -3.96076e-02  4.794e-04  5.854e-07   2.5e-06  4.7e-08  2.6e+04  3.9e+02
  7997 -3.96081e-02  4.794e-04  5.853e-07   2.5e-06  4.7e-08  2.6e+04  4.0e+03
  7998 -3.96081e-02  4.794e-04  5.853e-07   2.5e-06  4.7e-08  2.6e+04  1.0e+04
 
   itn      x(1)       norm r    norm Ar  compatible   LS      norm A   cond A
  7999 -3.96082e-02  4.794e-04  5.853e-07   2.5e-06  4.7e-08  2.6e+04  1.0e+04
  8000 -3.96083e-02  4.794e-04  5.853e-07   2.5e-06  4.7e-08  2.6e+04  7.6e+03
  8001 -3.96087e-02  4.794e-04  5.853e-07   2.5e-06  4.7e-08  2.6e+04  5.5e+02
  8002 -3.96090e-02  4.794e-04  5.853e-07   2.5e-06  4.7e-08  2.6e+04  6.4e+03
  8003 -3.96092e-02  4.794e-04  5.853e-07   2.5e-06  4.7e-08  2.6e+04  3.8e+03
  8004 -3.96092e-02  4.794e-04  5.853e-07   2.5e-06  4.7e-08  2.6e+04  3.9e+02
  8005 -3.96106e-02  4.793e-04  5.852e-07   2.5e-06  4.7e-08  2.6e+04  7.5e+03
  8006 -3.96107e-02  4.793e-04  5.852e-07   2.5e-06  4.7e-08  2.6e+04  4.8e+02
  8007 -3.96130e-02  4.793e-04  5.851e-07   2.5e-06  4.7e-08  2.6e+04  5.2e+03
  8008 -3.96131e-02  4.793e-04  5.851e-07   2.5e-06  4.7e-08  2.6e+04  4.6e+02
  8009 -3.96148e-02  4.792e-04  5.850e-07   2.5e-06  4.7e-08  2.6e+04  3.0e+03
  8010 -3.96148e-02  4.792e-04  5.850e-07   2.5e-06  4.7e-08  2.6e+04  2.2e+03
  8011 -3.96180e-02  4.792e-04  5.848e-07   2.5e-06  4.7e-08  2.6e+04  1.9e+03
  8012 -3.96538e-02  4.784e-04  5.829e-07   2.5e-06  4.7e-08  2.6e+04  2.3e+03
 
LSMR finished
Ax - b is small enough, given atol, btol                  
istop =       1    normr = 4.8e-04
    normA = 2.6e+04    normAr = 5.8e-07
itn   =    8012    condA = 2.3e+03
    normx = 1.8e+00
  8012 -3.96538e-02   4.784e-04  5.829e-07
   2.5e-06  4.7e-08   2.6e+04  2.3e+03
loss = 2.288642233744419e-07
