OS                           : Linux-5.14.21-150400.24.69_12.0.74-cray_shasta_c-x86_64-with-glibc2.31
Python Version               : 3.9.15
CuPy Version                 : 12.1.0
CuPy Platform                : NVIDIA CUDA
NumPy Version                : 1.23.5
SciPy Version                : 1.9.3
Cython Build Version         : 0.29.32
Cython Runtime Version       : None
CUDA Root                    : /opt/nvidia/hpc_sdk/Linux_x86_64/22.7/cuda/11.7
nvcc PATH                    : /opt/nvidia/hpc_sdk/Linux_x86_64/22.7/cuda/11.7/bin/nvcc
CUDA Build Version           : 11080
CUDA Driver Version          : 12000
CUDA Runtime Version         : 11070
cuBLAS Version               : (available)
cuFFT Version                : 10702
cuRAND Version               : 10210
cuSOLVER Version             : (11, 3, 5)
cuSPARSE Version             : (available)
NVRTC Version                : (11, 7)
Thrust Version               : 101501
CUB Build Version            : 101501
Jitify Build Version         : 4a37de0
cuDNN Build Version          : 8801
cuDNN Version                : 8302
NCCL Build Version           : 21602
NCCL Runtime Version         : 21505
cuTENSOR Version             : 10500
cuSPARSELt Build Version     : None
Device 0 Name                : NVIDIA A100-PCIE-40GB
Device 0 Compute Capability  : 80
Device 0 PCI Bus ID          : 0000:C3:00.0
None
Sizes of ptrain and pdot:
[(79920, 14, 14), (79920, 14, 14)]
len(theta) = 38416
len(jac) = 15664320
 
LSMR            Least-squares solution of  Ax = b

The matrix A has 31328640 rows and 38416 columns
damp = 0.00000000000000e+00

atol = 1.00e-08                 conlim = 1.00e+08

btol = 1.00e-08             maxiter =    20000

 
   itn      x(1)       norm r    norm Ar  compatible   LS      norm A   cond A
     0  0.00000e+00  7.315e+01  3.395e+03   1.0e+00  6.3e-01
     1  8.18684e-02  3.558e+01  1.257e+03   4.9e-01  6.7e-01  5.3e+01  1.0e+00
     2  1.14808e-01  2.362e+01  5.421e+02   3.2e-01  3.0e-01  7.7e+01  1.2e+00
     3  1.17969e-01  2.052e+01  3.758e+02   2.8e-01  1.9e-01  9.4e+01  1.3e+00
     4  1.16957e-01  1.616e+01  2.474e+02   2.2e-01  1.4e-01  1.1e+02  2.0e+00
     5  1.19585e-01  1.295e+01  1.680e+02   1.8e-01  1.1e-01  1.2e+02  2.2e+00
     6  1.15531e-01  1.121e+01  1.277e+02   1.5e-01  8.9e-02  1.3e+02  2.2e+00
     7  1.11992e-01  1.030e+01  1.071e+02   1.4e-01  7.4e-02  1.4e+02  2.0e+00
     8  1.06033e-01  8.906e+00  8.074e+01   1.2e-01  5.9e-02  1.5e+02  2.6e+00
     9  1.02435e-01  8.119e+00  6.599e+01   1.1e-01  5.1e-02  1.6e+02  2.5e+00
    10  9.96380e-02  7.427e+00  5.475e+01   1.0e-01  4.4e-02  1.7e+02  2.9e+00
    20  9.43644e-02  3.683e+00  1.511e+01   5.0e-02  1.8e-02  2.3e+02  3.8e+00
    30  1.00182e-01  2.161e+00  6.626e+00   3.0e-02  1.1e-02  2.7e+02  5.6e+00
    40  1.03899e-01  1.406e+00  3.604e+00   1.9e-02  8.3e-03  3.1e+02  4.2e+00
    50  1.04195e-01  9.987e-01  2.154e+00   1.4e-02  6.1e-03  3.5e+02  5.8e+00
    60  1.03017e-01  7.195e-01  1.294e+00   9.8e-03  4.8e-03  3.8e+02  7.2e+00
    70  1.02108e-01  5.391e-01  8.381e-01   7.4e-03  3.9e-03  4.0e+02  7.1e+00
    80  1.01388e-01  4.421e-01  6.103e-01   6.0e-03  3.2e-03  4.3e+02  6.5e+00
    90  1.00508e-01  3.521e-01  4.219e-01   4.8e-03  2.6e-03  4.6e+02  8.7e+00
   100  9.99475e-02  2.965e-01  3.192e-01   4.1e-03  2.3e-03  4.8e+02  8.4e+00
   110  9.96767e-02  2.578e-01  2.552e-01   3.5e-03  2.0e-03  5.0e+02  8.4e+00
 
   itn      x(1)       norm r    norm Ar  compatible   LS      norm A   cond A
   120  9.94020e-02  2.219e-01  2.024e-01   3.0e-03  1.7e-03  5.3e+02  8.9e+00
   130  9.91100e-02  1.886e-01  1.591e-01   2.6e-03  1.6e-03  5.4e+02  1.0e+01
   140  9.88705e-02  1.669e-01  1.311e-01   2.3e-03  1.4e-03  5.6e+02  9.0e+00
   150  9.86785e-02  1.487e-01  1.078e-01   2.0e-03  1.2e-03  5.9e+02  1.1e+01
   160  9.85661e-02  1.326e-01  8.813e-02   1.8e-03  1.1e-03  6.0e+02  1.1e+01
   170  9.85092e-02  1.217e-01  7.542e-02   1.7e-03  1.0e-03  6.2e+02  1.0e+01
   180  9.84797e-02  1.125e-01  6.511e-02   1.5e-03  9.0e-04  6.4e+02  1.1e+01
   190  9.84906e-02  1.042e-01  5.596e-02   1.4e-03  8.2e-04  6.6e+02  1.0e+01
   200  9.85194e-02  9.735e-02  4.887e-02   1.3e-03  7.4e-04  6.7e+02  8.9e+00
   210  9.85413e-02  9.205e-02  4.399e-02   1.3e-03  6.9e-04  6.9e+02  1.3e+01
   220  9.85766e-02  8.630e-02  3.924e-02   1.2e-03  6.4e-04  7.1e+02  1.4e+01
   230  9.85998e-02  8.049e-02  3.484e-02   1.1e-03  6.0e-04  7.2e+02  1.1e+01
   240  9.86047e-02  7.572e-02  3.147e-02   1.0e-03  5.6e-04  7.4e+02  1.5e+01
   250  9.85996e-02  7.100e-02  2.832e-02   9.7e-04  5.3e-04  7.5e+02  1.5e+01
   260  9.85923e-02  6.624e-02  2.523e-02   9.1e-04  5.0e-04  7.7e+02  1.2e+01
   270  9.85796e-02  6.285e-02  2.304e-02   8.6e-04  4.7e-04  7.8e+02  1.2e+01
   280  9.85538e-02  5.914e-02  2.060e-02   8.1e-04  4.4e-04  8.0e+02  1.6e+01
   290  9.85179e-02  5.561e-02  1.814e-02   7.6e-04  4.0e-04  8.1e+02  1.6e+01
   300  9.84925e-02  5.317e-02  1.634e-02   7.3e-04  3.7e-04  8.2e+02  1.5e+01
   310  9.84713e-02  5.120e-02  1.481e-02   7.0e-04  3.4e-04  8.4e+02  9.4e+00
 
   itn      x(1)       norm r    norm Ar  compatible   LS      norm A   cond A
   320  9.84476e-02  4.916e-02  1.319e-02   6.7e-04  3.2e-04  8.5e+02  1.1e+01
   330  9.84294e-02  4.758e-02  1.183e-02   6.5e-04  2.9e-04  8.6e+02  1.0e+01
   340  9.84123e-02  4.628e-02  1.063e-02   6.3e-04  2.6e-04  8.8e+02  1.6e+01
   350  9.83943e-02  4.521e-02  9.580e-03   6.2e-04  2.4e-04  8.9e+02  1.3e+01
   360  9.83764e-02  4.429e-02  8.622e-03   6.1e-04  2.2e-04  9.0e+02  1.6e+01
   370  9.83640e-02  4.352e-02  7.746e-03   5.9e-04  1.9e-04  9.2e+02  1.3e+01
   380  9.83525e-02  4.282e-02  6.859e-03   5.9e-04  1.7e-04  9.3e+02  1.4e+01
   390  9.83445e-02  4.225e-02  6.048e-03   5.8e-04  1.5e-04  9.4e+02  1.3e+01
   400  9.83388e-02  4.189e-02  5.450e-03   5.7e-04  1.4e-04  9.5e+02  1.2e+01
   410  9.83331e-02  4.159e-02  4.904e-03   5.7e-04  1.2e-04  9.6e+02  1.5e+01
   420  9.83293e-02  4.137e-02  4.493e-03   5.7e-04  1.1e-04  9.7e+02  1.3e+01
   430  9.83256e-02  4.118e-02  4.148e-03   5.6e-04  1.0e-04  9.9e+02  1.9e+01
   440  9.83211e-02  4.100e-02  3.817e-03   5.6e-04  9.3e-05  1.0e+03  1.3e+01
   450  9.83163e-02  4.084e-02  3.497e-03   5.6e-04  8.5e-05  1.0e+03  1.7e+01
   460  9.83118e-02  4.070e-02  3.239e-03   5.6e-04  7.8e-05  1.0e+03  1.6e+01
   470  9.83055e-02  4.057e-02  2.982e-03   5.5e-04  7.1e-05  1.0e+03  1.5e+01
   480  9.82984e-02  4.046e-02  2.754e-03   5.5e-04  6.5e-05  1.0e+03  1.9e+01
   490  9.82921e-02  4.037e-02  2.572e-03   5.5e-04  6.0e-05  1.1e+03  1.5e+01
   500  9.82866e-02  4.030e-02  2.414e-03   5.5e-04  5.6e-05  1.1e+03  2.0e+01
   510  9.82808e-02  4.023e-02  2.269e-03   5.5e-04  5.3e-05  1.1e+03  1.8e+01
 
   itn      x(1)       norm r    norm Ar  compatible   LS      norm A   cond A
   520  9.82748e-02  4.017e-02  2.155e-03   5.5e-04  4.9e-05  1.1e+03  1.7e+01
   530  9.82679e-02  4.010e-02  2.040e-03   5.5e-04  4.6e-05  1.1e+03  2.5e+01
   540  9.82623e-02  4.005e-02  1.946e-03   5.5e-04  4.4e-05  1.1e+03  1.5e+01
   550  9.82572e-02  4.000e-02  1.858e-03   5.5e-04  4.2e-05  1.1e+03  1.8e+01
   560  9.82523e-02  3.994e-02  1.767e-03   5.5e-04  3.9e-05  1.1e+03  2.1e+01
   570  9.82489e-02  3.990e-02  1.691e-03   5.5e-04  3.7e-05  1.1e+03  2.4e+01
   580  9.82468e-02  3.985e-02  1.627e-03   5.4e-04  3.6e-05  1.1e+03  1.6e+01
   590  9.82457e-02  3.981e-02  1.563e-03   5.4e-04  3.4e-05  1.2e+03  2.2e+01
   600  9.82454e-02  3.977e-02  1.508e-03   5.4e-04  3.3e-05  1.2e+03  2.0e+01
   610  9.82457e-02  3.973e-02  1.457e-03   5.4e-04  3.1e-05  1.2e+03  2.2e+01
   620  9.82463e-02  3.969e-02  1.404e-03   5.4e-04  3.0e-05  1.2e+03  2.3e+01
   630  9.82473e-02  3.964e-02  1.347e-03   5.4e-04  2.8e-05  1.2e+03  2.7e+01
   640  9.82484e-02  3.960e-02  1.294e-03   5.4e-04  2.7e-05  1.2e+03  2.5e+01
   650  9.82498e-02  3.955e-02  1.237e-03   5.4e-04  2.6e-05  1.2e+03  2.6e+01
   660  9.82514e-02  3.950e-02  1.169e-03   5.4e-04  2.4e-05  1.2e+03  2.0e+01
   670  9.82530e-02  3.946e-02  1.102e-03   5.4e-04  2.3e-05  1.2e+03  1.5e+01
   680  9.82543e-02  3.942e-02  1.046e-03   5.4e-04  2.1e-05  1.2e+03  1.8e+01
   690  9.82561e-02  3.939e-02  9.847e-04   5.4e-04  2.0e-05  1.2e+03  2.0e+01
   700  9.82575e-02  3.936e-02  9.383e-04   5.4e-04  1.9e-05  1.3e+03  1.9e+01
   710  9.82584e-02  3.934e-02  9.014e-04   5.4e-04  1.8e-05  1.3e+03  2.3e+01
 
   itn      x(1)       norm r    norm Ar  compatible   LS      norm A   cond A
   720  9.82595e-02  3.932e-02  8.619e-04   5.4e-04  1.7e-05  1.3e+03  2.3e+01
   730  9.82605e-02  3.931e-02  8.344e-04   5.4e-04  1.7e-05  1.3e+03  2.3e+01
   740  9.82615e-02  3.929e-02  8.110e-04   5.4e-04  1.6e-05  1.3e+03  3.1e+01
   750  9.82624e-02  3.928e-02  7.915e-04   5.4e-04  1.5e-05  1.3e+03  3.6e+01
   760  9.82630e-02  3.927e-02  7.765e-04   5.4e-04  1.5e-05  1.3e+03  3.0e+01
   770  9.82635e-02  3.926e-02  7.631e-04   5.4e-04  1.5e-05  1.3e+03  4.0e+01
   780  9.82639e-02  3.925e-02  7.489e-04   5.4e-04  1.4e-05  1.3e+03  2.9e+01
   790  9.82642e-02  3.924e-02  7.359e-04   5.4e-04  1.4e-05  1.3e+03  3.8e+01
   800  9.82643e-02  3.923e-02  7.243e-04   5.4e-04  1.4e-05  1.3e+03  3.0e+01
   810  9.82644e-02  3.922e-02  7.142e-04   5.4e-04  1.3e-05  1.4e+03  4.0e+01
   820  9.82643e-02  3.921e-02  7.028e-04   5.4e-04  1.3e-05  1.4e+03  2.7e+01
   830  9.82643e-02  3.919e-02  6.934e-04   5.4e-04  1.3e-05  1.4e+03  4.7e+01
   840  9.82642e-02  3.918e-02  6.853e-04   5.4e-04  1.3e-05  1.4e+03  3.9e+01
   850  9.82640e-02  3.917e-02  6.764e-04   5.4e-04  1.2e-05  1.4e+03  3.1e+01
   860  9.82638e-02  3.916e-02  6.682e-04   5.4e-04  1.2e-05  1.4e+03  5.6e+01
   870  9.82636e-02  3.915e-02  6.619e-04   5.4e-04  1.2e-05  1.4e+03  4.7e+01
   880  9.82633e-02  3.914e-02  6.559e-04   5.4e-04  1.2e-05  1.4e+03  4.7e+01
   890  9.82629e-02  3.913e-02  6.502e-04   5.3e-04  1.2e-05  1.4e+03  4.8e+01
   900  9.82625e-02  3.911e-02  6.438e-04   5.3e-04  1.2e-05  1.4e+03  4.1e+01
   910  9.82622e-02  3.910e-02  6.383e-04   5.3e-04  1.1e-05  1.4e+03  5.4e+01
 
   itn      x(1)       norm r    norm Ar  compatible   LS      norm A   cond A
   920  9.82620e-02  3.909e-02  6.329e-04   5.3e-04  1.1e-05  1.4e+03  4.8e+01
   930  9.82618e-02  3.907e-02  6.265e-04   5.3e-04  1.1e-05  1.4e+03  5.9e+01
   940  9.82616e-02  3.906e-02  6.209e-04   5.3e-04  1.1e-05  1.5e+03  4.8e+01
   950  9.82614e-02  3.904e-02  6.152e-04   5.3e-04  1.1e-05  1.5e+03  4.6e+01
   960  9.82613e-02  3.902e-02  6.093e-04   5.3e-04  1.1e-05  1.5e+03  4.4e+01
   970  9.82611e-02  3.901e-02  6.032e-04   5.3e-04  1.0e-05  1.5e+03  5.6e+01
   980  9.82609e-02  3.899e-02  5.966e-04   5.3e-04  1.0e-05  1.5e+03  3.6e+01
   990  9.82607e-02  3.897e-02  5.907e-04   5.3e-04  1.0e-05  1.5e+03  4.7e+01
  1000  9.82606e-02  3.895e-02  5.836e-04   5.3e-04  1.0e-05  1.5e+03  3.8e+01
  1010  9.82605e-02  3.892e-02  5.758e-04   5.3e-04  9.8e-06  1.5e+03  4.6e+01
  1020  9.82605e-02  3.890e-02  5.687e-04   5.3e-04  9.6e-06  1.5e+03  4.0e+01
  1030  9.82607e-02  3.887e-02  5.602e-04   5.3e-04  9.5e-06  1.5e+03  2.9e+01
  1040  9.82611e-02  3.884e-02  5.512e-04   5.3e-04  9.3e-06  1.5e+03  3.6e+01
  1050  9.82617e-02  3.881e-02  5.403e-04   5.3e-04  9.0e-06  1.5e+03  3.6e+01
  1060  9.82621e-02  3.878e-02  5.298e-04   5.3e-04  8.8e-06  1.5e+03  2.8e+01
  1070  9.82625e-02  3.876e-02  5.204e-04   5.3e-04  8.6e-06  1.6e+03  3.3e+01
  1080  9.82627e-02  3.873e-02  5.101e-04   5.3e-04  8.4e-06  1.6e+03  3.0e+01
  1090  9.82627e-02  3.870e-02  4.995e-04   5.3e-04  8.2e-06  1.6e+03  3.3e+01
  1100  9.82627e-02  3.867e-02  4.889e-04   5.3e-04  8.0e-06  1.6e+03  3.0e+01
  1110  9.82626e-02  3.865e-02  4.796e-04   5.3e-04  7.8e-06  1.6e+03  2.6e+01
 
   itn      x(1)       norm r    norm Ar  compatible   LS      norm A   cond A
  1120  9.82626e-02  3.863e-02  4.698e-04   5.3e-04  7.6e-06  1.6e+03  3.7e+01
  1130  9.82626e-02  3.860e-02  4.589e-04   5.3e-04  7.4e-06  1.6e+03  3.1e+01
  1140  9.82626e-02  3.858e-02  4.472e-04   5.3e-04  7.2e-06  1.6e+03  2.4e+01
  1150  9.82624e-02  3.855e-02  4.359e-04   5.3e-04  7.0e-06  1.6e+03  2.9e+01
  1160  9.82621e-02  3.853e-02  4.240e-04   5.3e-04  6.8e-06  1.6e+03  2.1e+01
  1170  9.82618e-02  3.851e-02  4.123e-04   5.3e-04  6.6e-06  1.6e+03  3.0e+01
  1180  9.82613e-02  3.849e-02  4.002e-04   5.3e-04  6.4e-06  1.6e+03  2.5e+01
  1190  9.82609e-02  3.847e-02  3.876e-04   5.3e-04  6.1e-06  1.6e+03  2.9e+01
  1200  9.82607e-02  3.845e-02  3.771e-04   5.3e-04  6.0e-06  1.6e+03  3.1e+01
  1210  9.82606e-02  3.844e-02  3.673e-04   5.3e-04  5.8e-06  1.7e+03  3.1e+01
  1220  9.82605e-02  3.843e-02  3.596e-04   5.3e-04  5.6e-06  1.7e+03  3.1e+01
  1230  9.82605e-02  3.842e-02  3.529e-04   5.3e-04  5.5e-06  1.7e+03  3.2e+01
  1240  9.82607e-02  3.841e-02  3.458e-04   5.3e-04  5.4e-06  1.7e+03  2.6e+01
  1250  9.82608e-02  3.840e-02  3.393e-04   5.2e-04  5.3e-06  1.7e+03  2.8e+01
  1260  9.82609e-02  3.839e-02  3.342e-04   5.2e-04  5.2e-06  1.7e+03  2.3e+01
  1270  9.82611e-02  3.838e-02  3.288e-04   5.2e-04  5.1e-06  1.7e+03  4.4e+01
  1280  9.82613e-02  3.838e-02  3.235e-04   5.2e-04  5.0e-06  1.7e+03  4.0e+01
  1290  9.82614e-02  3.837e-02  3.189e-04   5.2e-04  4.9e-06  1.7e+03  4.5e+01
  1300  9.82616e-02  3.837e-02  3.149e-04   5.2e-04  4.8e-06  1.7e+03  2.7e+01
  1310  9.82617e-02  3.836e-02  3.115e-04   5.2e-04  4.7e-06  1.7e+03  4.7e+01
 
   itn      x(1)       norm r    norm Ar  compatible   LS      norm A   cond A
  1320  9.82618e-02  3.836e-02  3.085e-04   5.2e-04  4.7e-06  1.7e+03  6.6e+01
  1330  9.82619e-02  3.835e-02  3.061e-04   5.2e-04  4.6e-06  1.7e+03  6.2e+01
  1340  9.82621e-02  3.835e-02  3.037e-04   5.2e-04  4.5e-06  1.7e+03  3.8e+01
  1350  9.82623e-02  3.835e-02  3.013e-04   5.2e-04  4.5e-06  1.7e+03  4.8e+01
  1360  9.82624e-02  3.834e-02  2.989e-04   5.2e-04  4.4e-06  1.8e+03  4.4e+01
  1370  9.82626e-02  3.834e-02  2.963e-04   5.2e-04  4.4e-06  1.8e+03  3.7e+01
  1380  9.82628e-02  3.833e-02  2.931e-04   5.2e-04  4.3e-06  1.8e+03  5.7e+01
  1390  9.82629e-02  3.833e-02  2.900e-04   5.2e-04  4.3e-06  1.8e+03  4.6e+01
  1400  9.82630e-02  3.832e-02  2.871e-04   5.2e-04  4.2e-06  1.8e+03  4.4e+01
  1410  9.82631e-02  3.832e-02  2.836e-04   5.2e-04  4.1e-06  1.8e+03  3.0e+01
  1420  9.82631e-02  3.831e-02  2.800e-04   5.2e-04  4.1e-06  1.8e+03  3.3e+01
  1430  9.82631e-02  3.830e-02  2.762e-04   5.2e-04  4.0e-06  1.8e+03  3.6e+01
  1440  9.82629e-02  3.830e-02  2.721e-04   5.2e-04  3.9e-06  1.8e+03  3.3e+01
  1450  9.82628e-02  3.829e-02  2.680e-04   5.2e-04  3.9e-06  1.8e+03  3.5e+01
  1460  9.82627e-02  3.828e-02  2.640e-04   5.2e-04  3.8e-06  1.8e+03  3.1e+01
  1470  9.82626e-02  3.827e-02  2.593e-04   5.2e-04  3.7e-06  1.8e+03  3.7e+01
  1480  9.82624e-02  3.827e-02  2.545e-04   5.2e-04  3.6e-06  1.8e+03  2.7e+01
  1490  9.82623e-02  3.826e-02  2.504e-04   5.2e-04  3.6e-06  1.8e+03  3.0e+01
  1500  9.82621e-02  3.825e-02  2.464e-04   5.2e-04  3.5e-06  1.8e+03  3.7e+01
  1510  9.82620e-02  3.825e-02  2.423e-04   5.2e-04  3.4e-06  1.8e+03  4.1e+01
 
   itn      x(1)       norm r    norm Ar  compatible   LS      norm A   cond A
  1520  9.82618e-02  3.824e-02  2.387e-04   5.2e-04  3.4e-06  1.9e+03  3.5e+01
  1530  9.82617e-02  3.824e-02  2.348e-04   5.2e-04  3.3e-06  1.9e+03  3.4e+01
  1540  9.82616e-02  3.823e-02  2.310e-04   5.2e-04  3.2e-06  1.9e+03  3.6e+01
  1550  9.82615e-02  3.822e-02  2.275e-04   5.2e-04  3.2e-06  1.9e+03  3.8e+01
  1560  9.82615e-02  3.822e-02  2.245e-04   5.2e-04  3.1e-06  1.9e+03  3.6e+01
  1570  9.82615e-02  3.822e-02  2.212e-04   5.2e-04  3.1e-06  1.9e+03  4.0e+01
  1580  9.82615e-02  3.821e-02  2.187e-04   5.2e-04  3.0e-06  1.9e+03  4.6e+01
  1590  9.82615e-02  3.821e-02  2.161e-04   5.2e-04  3.0e-06  1.9e+03  4.9e+01
  1600  9.82614e-02  3.821e-02  2.139e-04   5.2e-04  2.9e-06  1.9e+03  4.4e+01
  1610  9.82615e-02  3.820e-02  2.116e-04   5.2e-04  2.9e-06  1.9e+03  3.5e+01
  1620  9.82615e-02  3.820e-02  2.093e-04   5.2e-04  2.9e-06  1.9e+03  3.5e+01
  1630  9.82615e-02  3.820e-02  2.069e-04   5.2e-04  2.8e-06  1.9e+03  3.1e+01
  1640  9.82616e-02  3.819e-02  2.039e-04   5.2e-04  2.8e-06  1.9e+03  3.9e+01
  1650  9.82616e-02  3.819e-02  2.014e-04   5.2e-04  2.7e-06  1.9e+03  3.7e+01
  1660  9.82617e-02  3.818e-02  1.983e-04   5.2e-04  2.7e-06  1.9e+03  3.5e+01
  1670  9.82619e-02  3.818e-02  1.944e-04   5.2e-04  2.6e-06  1.9e+03  3.2e+01
  1680  9.82621e-02  3.817e-02  1.905e-04   5.2e-04  2.6e-06  1.9e+03  3.3e+01
  1690  9.82622e-02  3.817e-02  1.865e-04   5.2e-04  2.5e-06  2.0e+03  3.7e+01
  1700  9.82623e-02  3.816e-02  1.828e-04   5.2e-04  2.4e-06  2.0e+03  2.9e+01
  1710  9.82624e-02  3.816e-02  1.799e-04   5.2e-04  2.4e-06  2.0e+03  3.1e+01
 
   itn      x(1)       norm r    norm Ar  compatible   LS      norm A   cond A
  1720  9.82624e-02  3.816e-02  1.771e-04   5.2e-04  2.4e-06  2.0e+03  4.0e+01
  1730  9.82624e-02  3.816e-02  1.747e-04   5.2e-04  2.3e-06  2.0e+03  5.1e+01
  1740  9.82623e-02  3.815e-02  1.728e-04   5.2e-04  2.3e-06  2.0e+03  4.4e+01
  1750  9.82623e-02  3.815e-02  1.708e-04   5.2e-04  2.2e-06  2.0e+03  3.2e+01
  1760  9.82622e-02  3.815e-02  1.693e-04   5.2e-04  2.2e-06  2.0e+03  4.7e+01
  1770  9.82622e-02  3.815e-02  1.681e-04   5.2e-04  2.2e-06  2.0e+03  5.2e+01
  1780  9.82621e-02  3.815e-02  1.670e-04   5.2e-04  2.2e-06  2.0e+03  5.3e+01
  1790  9.82621e-02  3.815e-02  1.659e-04   5.2e-04  2.2e-06  2.0e+03  4.4e+01
  1800  9.82621e-02  3.814e-02  1.648e-04   5.2e-04  2.1e-06  2.0e+03  5.9e+01
  1810  9.82620e-02  3.814e-02  1.636e-04   5.2e-04  2.1e-06  2.0e+03  6.8e+01
  1820  9.82620e-02  3.814e-02  1.623e-04   5.2e-04  2.1e-06  2.0e+03  4.7e+01
  1830  9.82620e-02  3.814e-02  1.611e-04   5.2e-04  2.1e-06  2.0e+03  5.9e+01
  1840  9.82620e-02  3.814e-02  1.598e-04   5.2e-04  2.1e-06  2.0e+03  5.0e+01
  1850  9.82620e-02  3.813e-02  1.585e-04   5.2e-04  2.0e-06  2.0e+03  6.2e+01
  1860  9.82619e-02  3.813e-02  1.571e-04   5.2e-04  2.0e-06  2.1e+03  4.0e+01
  1870  9.82619e-02  3.813e-02  1.555e-04   5.2e-04  2.0e-06  2.1e+03  3.6e+01
  1880  9.82619e-02  3.813e-02  1.535e-04   5.2e-04  2.0e-06  2.1e+03  4.0e+01
  1890  9.82620e-02  3.812e-02  1.513e-04   5.2e-04  1.9e-06  2.1e+03  3.9e+01
  1900  9.82621e-02  3.812e-02  1.491e-04   5.2e-04  1.9e-06  2.1e+03  3.9e+01
  1910  9.82621e-02  3.812e-02  1.464e-04   5.2e-04  1.8e-06  2.1e+03  2.8e+01
 
   itn      x(1)       norm r    norm Ar  compatible   LS      norm A   cond A
  1920  9.82621e-02  3.811e-02  1.436e-04   5.2e-04  1.8e-06  2.1e+03  2.7e+01
  1930  9.82621e-02  3.811e-02  1.408e-04   5.2e-04  1.8e-06  2.1e+03  2.6e+01
  1940  9.82622e-02  3.811e-02  1.381e-04   5.2e-04  1.7e-06  2.1e+03  3.2e+01
  1950  9.82622e-02  3.810e-02  1.354e-04   5.2e-04  1.7e-06  2.1e+03  3.7e+01
  1960  9.82621e-02  3.810e-02  1.329e-04   5.2e-04  1.7e-06  2.1e+03  3.2e+01
  1970  9.82621e-02  3.810e-02  1.303e-04   5.2e-04  1.6e-06  2.1e+03  3.0e+01
  1980  9.82620e-02  3.810e-02  1.278e-04   5.2e-04  1.6e-06  2.1e+03  3.2e+01
  1990  9.82619e-02  3.809e-02  1.254e-04   5.2e-04  1.6e-06  2.1e+03  3.3e+01
  2000  9.82618e-02  3.809e-02  1.233e-04   5.2e-04  1.5e-06  2.1e+03  3.1e+01
  2010  9.82617e-02  3.809e-02  1.212e-04   5.2e-04  1.5e-06  2.1e+03  4.0e+01
  2020  9.82617e-02  3.809e-02  1.194e-04   5.2e-04  1.5e-06  2.1e+03  3.3e+01
  2030  9.82616e-02  3.809e-02  1.175e-04   5.2e-04  1.4e-06  2.1e+03  2.7e+01
  2040  9.82616e-02  3.808e-02  1.156e-04   5.2e-04  1.4e-06  2.1e+03  4.7e+01
  2050  9.82616e-02  3.808e-02  1.139e-04   5.2e-04  1.4e-06  2.2e+03  4.0e+01
  2060  9.82616e-02  3.808e-02  1.123e-04   5.2e-04  1.4e-06  2.2e+03  3.7e+01
  2070  9.82616e-02  3.808e-02  1.106e-04   5.2e-04  1.3e-06  2.2e+03  3.6e+01
  2080  9.82616e-02  3.808e-02  1.090e-04   5.2e-04  1.3e-06  2.2e+03  3.2e+01
  2090  9.82616e-02  3.808e-02  1.076e-04   5.2e-04  1.3e-06  2.2e+03  3.6e+01
  2100  9.82617e-02  3.808e-02  1.063e-04   5.2e-04  1.3e-06  2.2e+03  4.0e+01
  2110  9.82617e-02  3.808e-02  1.051e-04   5.2e-04  1.3e-06  2.2e+03  3.6e+01
 
   itn      x(1)       norm r    norm Ar  compatible   LS      norm A   cond A
  2120  9.82618e-02  3.808e-02  1.041e-04   5.2e-04  1.2e-06  2.2e+03  3.4e+01
  2130  9.82619e-02  3.807e-02  1.030e-04   5.2e-04  1.2e-06  2.2e+03  4.2e+01
  2140  9.82620e-02  3.807e-02  1.021e-04   5.2e-04  1.2e-06  2.2e+03  4.2e+01
  2150  9.82620e-02  3.807e-02  1.013e-04   5.2e-04  1.2e-06  2.2e+03  4.2e+01
  2160  9.82621e-02  3.807e-02  1.006e-04   5.2e-04  1.2e-06  2.2e+03  4.3e+01
  2170  9.82621e-02  3.807e-02  9.986e-05   5.2e-04  1.2e-06  2.2e+03  5.1e+01
  2180  9.82622e-02  3.807e-02  9.911e-05   5.2e-04  1.2e-06  2.2e+03  6.8e+01
  2190  9.82622e-02  3.807e-02  9.842e-05   5.2e-04  1.2e-06  2.2e+03  5.5e+01
  2200  9.82622e-02  3.807e-02  9.764e-05   5.2e-04  1.1e-06  2.2e+03  5.2e+01
  2210  9.82622e-02  3.807e-02  9.685e-05   5.2e-04  1.1e-06  2.2e+03  4.4e+01
  2220  9.82622e-02  3.807e-02  9.605e-05   5.2e-04  1.1e-06  2.2e+03  4.1e+01
  2230  9.82622e-02  3.807e-02  9.519e-05   5.2e-04  1.1e-06  2.2e+03  6.2e+01
  2240  9.82622e-02  3.807e-02  9.418e-05   5.2e-04  1.1e-06  2.3e+03  5.9e+01
  2250  9.82622e-02  3.807e-02  9.321e-05   5.2e-04  1.1e-06  2.3e+03  4.2e+01
  2260  9.82622e-02  3.806e-02  9.204e-05   5.2e-04  1.1e-06  2.3e+03  4.4e+01
  2270  9.82622e-02  3.806e-02  9.083e-05   5.2e-04  1.1e-06  2.3e+03  2.9e+01
  2280  9.82622e-02  3.806e-02  8.959e-05   5.2e-04  1.0e-06  2.3e+03  3.7e+01
  2290  9.82622e-02  3.806e-02  8.817e-05   5.2e-04  1.0e-06  2.3e+03  4.1e+01
  2300  9.82621e-02  3.806e-02  8.671e-05   5.2e-04  1.0e-06  2.3e+03  3.4e+01
  2310  9.82621e-02  3.806e-02  8.534e-05   5.2e-04  9.8e-07  2.3e+03  2.7e+01
 
   itn      x(1)       norm r    norm Ar  compatible   LS      norm A   cond A
  2320  9.82621e-02  3.806e-02  8.397e-05   5.2e-04  9.6e-07  2.3e+03  4.4e+01
  2330  9.82620e-02  3.806e-02  8.256e-05   5.2e-04  9.4e-07  2.3e+03  3.7e+01
  2340  9.82620e-02  3.806e-02  8.126e-05   5.2e-04  9.3e-07  2.3e+03  3.2e+01
  2350  9.82620e-02  3.805e-02  8.010e-05   5.2e-04  9.1e-07  2.3e+03  3.2e+01
  2360  9.82619e-02  3.805e-02  7.893e-05   5.2e-04  9.0e-07  2.3e+03  3.5e+01
  2370  9.82619e-02  3.805e-02  7.780e-05   5.2e-04  8.8e-07  2.3e+03  3.7e+01
  2380  9.82619e-02  3.805e-02  7.678e-05   5.2e-04  8.7e-07  2.3e+03  4.1e+01
  2390  9.82618e-02  3.805e-02  7.576e-05   5.2e-04  8.6e-07  2.3e+03  4.6e+01
  2400  9.82619e-02  3.805e-02  7.476e-05   5.2e-04  8.4e-07  2.3e+03  3.7e+01
  2410  9.82619e-02  3.805e-02  7.373e-05   5.2e-04  8.3e-07  2.3e+03  3.5e+01
  2420  9.82619e-02  3.805e-02  7.299e-05   5.2e-04  8.2e-07  2.3e+03  5.3e+01
  2430  9.82619e-02  3.805e-02  7.222e-05   5.2e-04  8.1e-07  2.3e+03  4.1e+01
  2440  9.82619e-02  3.805e-02  7.160e-05   5.2e-04  8.0e-07  2.4e+03  4.6e+01
  2450  9.82619e-02  3.805e-02  7.099e-05   5.2e-04  7.9e-07  2.4e+03  5.7e+01
  2460  9.82619e-02  3.805e-02  7.050e-05   5.2e-04  7.9e-07  2.4e+03  4.8e+01
  2470  9.82620e-02  3.805e-02  7.011e-05   5.2e-04  7.8e-07  2.4e+03  5.5e+01
  2480  9.82620e-02  3.805e-02  6.969e-05   5.2e-04  7.7e-07  2.4e+03  5.3e+01
  2490  9.82620e-02  3.805e-02  6.924e-05   5.2e-04  7.7e-07  2.4e+03  6.2e+01
  2500  9.82620e-02  3.805e-02  6.874e-05   5.2e-04  7.6e-07  2.4e+03  5.0e+01
  2510  9.82620e-02  3.805e-02  6.825e-05   5.2e-04  7.5e-07  2.4e+03  6.3e+01
 
   itn      x(1)       norm r    norm Ar  compatible   LS      norm A   cond A
  2520  9.82620e-02  3.805e-02  6.776e-05   5.2e-04  7.5e-07  2.4e+03  4.9e+01
  2530  9.82620e-02  3.805e-02  6.713e-05   5.2e-04  7.4e-07  2.4e+03  4.3e+01
  2540  9.82621e-02  3.805e-02  6.639e-05   5.2e-04  7.3e-07  2.4e+03  4.3e+01
  2550  9.82621e-02  3.804e-02  6.554e-05   5.2e-04  7.2e-07  2.4e+03  4.7e+01
  2560  9.82621e-02  3.804e-02  6.454e-05   5.2e-04  7.0e-07  2.4e+03  3.8e+01
  2570  9.82621e-02  3.804e-02  6.345e-05   5.2e-04  6.9e-07  2.4e+03  2.7e+01
  2580  9.82621e-02  3.804e-02  6.212e-05   5.2e-04  6.8e-07  2.4e+03  2.8e+01
  2590  9.82621e-02  3.804e-02  6.092e-05   5.2e-04  6.6e-07  2.4e+03  3.3e+01
  2600  9.82621e-02  3.804e-02  5.970e-05   5.2e-04  6.5e-07  2.4e+03  3.2e+01
  2610  9.82621e-02  3.804e-02  5.867e-05   5.2e-04  6.3e-07  2.4e+03  3.5e+01
  2620  9.82621e-02  3.804e-02  5.779e-05   5.2e-04  6.2e-07  2.4e+03  3.6e+01
  2630  9.82620e-02  3.804e-02  5.699e-05   5.2e-04  6.1e-07  2.4e+03  3.5e+01
  2640  9.82620e-02  3.804e-02  5.627e-05   5.2e-04  6.1e-07  2.4e+03  3.9e+01
  2650  9.82620e-02  3.804e-02  5.559e-05   5.2e-04  6.0e-07  2.4e+03  3.0e+01
  2660  9.82620e-02  3.804e-02  5.486e-05   5.2e-04  5.9e-07  2.5e+03  4.4e+01
  2670  9.82620e-02  3.804e-02  5.418e-05   5.2e-04  5.8e-07  2.5e+03  4.0e+01
  2680  9.82620e-02  3.804e-02  5.357e-05   5.2e-04  5.7e-07  2.5e+03  3.5e+01
  2690  9.82620e-02  3.804e-02  5.301e-05   5.2e-04  5.6e-07  2.5e+03  4.4e+01
  2700  9.82620e-02  3.804e-02  5.241e-05   5.2e-04  5.6e-07  2.5e+03  4.5e+01
  2710  9.82620e-02  3.804e-02  5.178e-05   5.2e-04  5.5e-07  2.5e+03  4.3e+01
 
   itn      x(1)       norm r    norm Ar  compatible   LS      norm A   cond A
  2720  9.82620e-02  3.804e-02  5.114e-05   5.2e-04  5.4e-07  2.5e+03  3.8e+01
  2730  9.82620e-02  3.804e-02  5.042e-05   5.2e-04  5.3e-07  2.5e+03  4.1e+01
  2740  9.82620e-02  3.804e-02  4.976e-05   5.2e-04  5.3e-07  2.5e+03  4.0e+01
  2750  9.82619e-02  3.803e-02  4.901e-05   5.2e-04  5.2e-07  2.5e+03  2.8e+01
  2760  9.82620e-02  3.803e-02  4.821e-05   5.2e-04  5.1e-07  2.5e+03  3.6e+01
  2770  9.82620e-02  3.803e-02  4.723e-05   5.2e-04  5.0e-07  2.5e+03  2.7e+01
  2780  9.82620e-02  3.803e-02  4.617e-05   5.2e-04  4.8e-07  2.5e+03  3.9e+01
  2790  9.82620e-02  3.803e-02  4.534e-05   5.2e-04  4.7e-07  2.5e+03  2.6e+01
  2800  9.82620e-02  3.803e-02  4.439e-05   5.2e-04  4.6e-07  2.5e+03  2.9e+01
  2810  9.82621e-02  3.803e-02  4.353e-05   5.2e-04  4.5e-07  2.5e+03  4.0e+01
  2820  9.82621e-02  3.803e-02  4.285e-05   5.2e-04  4.5e-07  2.5e+03  3.3e+01
  2830  9.82621e-02  3.803e-02  4.224e-05   5.2e-04  4.4e-07  2.5e+03  4.6e+01
  2840  9.82621e-02  3.803e-02  4.180e-05   5.2e-04  4.3e-07  2.5e+03  4.4e+01
  2850  9.82621e-02  3.803e-02  4.135e-05   5.2e-04  4.3e-07  2.5e+03  5.0e+01
  2860  9.82620e-02  3.803e-02  4.095e-05   5.2e-04  4.2e-07  2.5e+03  3.8e+01
  2870  9.82620e-02  3.803e-02  4.059e-05   5.2e-04  4.2e-07  2.6e+03  4.2e+01
  2880  9.82620e-02  3.803e-02  4.019e-05   5.2e-04  4.1e-07  2.6e+03  5.9e+01
  2890  9.82620e-02  3.803e-02  3.980e-05   5.2e-04  4.1e-07  2.6e+03  3.7e+01
  2900  9.82619e-02  3.803e-02  3.942e-05   5.2e-04  4.0e-07  2.6e+03  4.9e+01
  2910  9.82619e-02  3.803e-02  3.899e-05   5.2e-04  4.0e-07  2.6e+03  5.8e+01
 
   itn      x(1)       norm r    norm Ar  compatible   LS      norm A   cond A
  2920  9.82619e-02  3.803e-02  3.856e-05   5.2e-04  3.9e-07  2.6e+03  5.0e+01
  2930  9.82619e-02  3.803e-02  3.822e-05   5.2e-04  3.9e-07  2.6e+03  3.6e+01
  2940  9.82619e-02  3.803e-02  3.777e-05   5.2e-04  3.8e-07  2.6e+03  4.2e+01
  2950  9.82619e-02  3.803e-02  3.720e-05   5.2e-04  3.8e-07  2.6e+03  3.1e+01
  2960  9.82619e-02  3.803e-02  3.667e-05   5.2e-04  3.7e-07  2.6e+03  2.6e+01
  2970  9.82620e-02  3.803e-02  3.599e-05   5.2e-04  3.6e-07  2.6e+03  3.9e+01
  2980  9.82620e-02  3.803e-02  3.517e-05   5.2e-04  3.6e-07  2.6e+03  3.3e+01
  2990  9.82620e-02  3.803e-02  3.442e-05   5.2e-04  3.5e-07  2.6e+03  2.4e+01
  3000  9.82620e-02  3.803e-02  3.374e-05   5.2e-04  3.4e-07  2.6e+03  3.0e+01
  3010  9.82621e-02  3.803e-02  3.308e-05   5.2e-04  3.3e-07  2.6e+03  3.1e+01
  3020  9.82621e-02  3.803e-02  3.264e-05   5.2e-04  3.3e-07  2.6e+03  3.2e+01
  3030  9.82621e-02  3.803e-02  3.224e-05   5.2e-04  3.2e-07  2.6e+03  4.9e+01
  3040  9.82621e-02  3.803e-02  3.195e-05   5.2e-04  3.2e-07  2.6e+03  4.7e+01
  3050  9.82620e-02  3.803e-02  3.173e-05   5.2e-04  3.2e-07  2.6e+03  5.5e+01
  3060  9.82620e-02  3.803e-02  3.157e-05   5.2e-04  3.2e-07  2.6e+03  6.8e+01
  3070  9.82620e-02  3.803e-02  3.142e-05   5.2e-04  3.1e-07  2.6e+03  6.2e+01
  3080  9.82620e-02  3.803e-02  3.131e-05   5.2e-04  3.1e-07  2.6e+03  6.3e+01
  3090  9.82620e-02  3.803e-02  3.120e-05   5.2e-04  3.1e-07  2.6e+03  8.0e+01
  3100  9.82620e-02  3.803e-02  3.108e-05   5.2e-04  3.1e-07  2.7e+03  7.4e+01
  3110  9.82620e-02  3.803e-02  3.096e-05   5.2e-04  3.1e-07  2.7e+03  7.0e+01
 
   itn      x(1)       norm r    norm Ar  compatible   LS      norm A   cond A
  3120  9.82620e-02  3.803e-02  3.082e-05   5.2e-04  3.0e-07  2.7e+03  6.5e+01
  3130  9.82620e-02  3.803e-02  3.065e-05   5.2e-04  3.0e-07  2.7e+03  6.5e+01
  3140  9.82619e-02  3.803e-02  3.043e-05   5.2e-04  3.0e-07  2.7e+03  5.3e+01
  3150  9.82619e-02  3.803e-02  3.020e-05   5.2e-04  3.0e-07  2.7e+03  4.5e+01
  3160  9.82619e-02  3.803e-02  2.990e-05   5.2e-04  2.9e-07  2.7e+03  3.8e+01
  3170  9.82619e-02  3.803e-02  2.952e-05   5.2e-04  2.9e-07  2.7e+03  4.3e+01
  3180  9.82619e-02  3.803e-02  2.911e-05   5.2e-04  2.9e-07  2.7e+03  3.6e+01
  3190  9.82619e-02  3.803e-02  2.865e-05   5.2e-04  2.8e-07  2.7e+03  3.7e+01
  3200  9.82620e-02  3.803e-02  2.812e-05   5.2e-04  2.7e-07  2.7e+03  3.4e+01
  3210  9.82620e-02  3.803e-02  2.766e-05   5.2e-04  2.7e-07  2.7e+03  3.5e+01
  3220  9.82620e-02  3.803e-02  2.723e-05   5.2e-04  2.7e-07  2.7e+03  3.2e+01
  3230  9.82620e-02  3.803e-02  2.683e-05   5.2e-04  2.6e-07  2.7e+03  3.8e+01
  3240  9.82620e-02  3.803e-02  2.651e-05   5.2e-04  2.6e-07  2.7e+03  4.1e+01
  3250  9.82620e-02  3.803e-02  2.621e-05   5.2e-04  2.5e-07  2.7e+03  3.3e+01
  3260  9.82620e-02  3.803e-02  2.596e-05   5.2e-04  2.5e-07  2.7e+03  3.7e+01
  3270  9.82620e-02  3.803e-02  2.573e-05   5.2e-04  2.5e-07  2.7e+03  4.0e+01
  3280  9.82620e-02  3.803e-02  2.550e-05   5.2e-04  2.5e-07  2.7e+03  4.1e+01
  3290  9.82620e-02  3.803e-02  2.529e-05   5.2e-04  2.4e-07  2.7e+03  5.2e+01
  3300  9.82620e-02  3.803e-02  2.511e-05   5.2e-04  2.4e-07  2.7e+03  4.7e+01
  3310  9.82620e-02  3.803e-02  2.493e-05   5.2e-04  2.4e-07  2.7e+03  5.8e+01
 
   itn      x(1)       norm r    norm Ar  compatible   LS      norm A   cond A
  3320  9.82620e-02  3.803e-02  2.478e-05   5.2e-04  2.4e-07  2.7e+03  4.5e+01
  3330  9.82620e-02  3.803e-02  2.465e-05   5.2e-04  2.4e-07  2.7e+03  6.1e+01
  3340  9.82620e-02  3.803e-02  2.453e-05   5.2e-04  2.3e-07  2.8e+03  5.6e+01
  3350  9.82620e-02  3.803e-02  2.443e-05   5.2e-04  2.3e-07  2.8e+03  7.2e+01
  3360  9.82620e-02  3.803e-02  2.433e-05   5.2e-04  2.3e-07  2.8e+03  8.4e+01
  3370  9.82620e-02  3.803e-02  2.425e-05   5.2e-04  2.3e-07  2.8e+03  6.5e+01
  3380  9.82620e-02  3.803e-02  2.417e-05   5.2e-04  2.3e-07  2.8e+03  7.6e+01
  3390  9.82620e-02  3.803e-02  2.409e-05   5.2e-04  2.3e-07  2.8e+03  8.8e+01
  3400  9.82620e-02  3.803e-02  2.401e-05   5.2e-04  2.3e-07  2.8e+03  7.6e+01
  3410  9.82620e-02  3.803e-02  2.391e-05   5.2e-04  2.3e-07  2.8e+03  7.5e+01
  3420  9.82620e-02  3.803e-02  2.382e-05   5.2e-04  2.2e-07  2.8e+03  7.4e+01
  3430  9.82620e-02  3.803e-02  2.370e-05   5.2e-04  2.2e-07  2.8e+03  5.7e+01
  3440  9.82620e-02  3.803e-02  2.358e-05   5.2e-04  2.2e-07  2.8e+03  5.1e+01
  3450  9.82620e-02  3.803e-02  2.344e-05   5.2e-04  2.2e-07  2.8e+03  5.1e+01
  3460  9.82620e-02  3.803e-02  2.327e-05   5.2e-04  2.2e-07  2.8e+03  4.8e+01
  3470  9.82620e-02  3.803e-02  2.305e-05   5.2e-04  2.2e-07  2.8e+03  4.0e+01
  3480  9.82620e-02  3.803e-02  2.281e-05   5.2e-04  2.1e-07  2.8e+03  3.6e+01
  3490  9.82620e-02  3.803e-02  2.252e-05   5.2e-04  2.1e-07  2.8e+03  2.9e+01
  3500  9.82620e-02  3.802e-02  2.216e-05   5.2e-04  2.1e-07  2.8e+03  3.4e+01
  3510  9.82620e-02  3.802e-02  2.181e-05   5.2e-04  2.0e-07  2.8e+03  3.2e+01
 
   itn      x(1)       norm r    norm Ar  compatible   LS      norm A   cond A
  3520  9.82620e-02  3.802e-02  2.149e-05   5.2e-04  2.0e-07  2.8e+03  3.3e+01
  3530  9.82620e-02  3.802e-02  2.116e-05   5.2e-04  2.0e-07  2.8e+03  4.1e+01
  3540  9.82620e-02  3.802e-02  2.084e-05   5.2e-04  1.9e-07  2.8e+03  3.9e+01
  3550  9.82620e-02  3.802e-02  2.057e-05   5.2e-04  1.9e-07  2.8e+03  4.3e+01
  3560  9.82620e-02  3.802e-02  2.034e-05   5.2e-04  1.9e-07  2.8e+03  4.1e+01
  3570  9.82620e-02  3.802e-02  2.012e-05   5.2e-04  1.9e-07  2.8e+03  4.5e+01
  3580  9.82620e-02  3.802e-02  1.994e-05   5.2e-04  1.8e-07  2.8e+03  4.4e+01
  3590  9.82620e-02  3.802e-02  1.973e-05   5.2e-04  1.8e-07  2.9e+03  4.8e+01
  3600  9.82620e-02  3.802e-02  1.954e-05   5.2e-04  1.8e-07  2.9e+03  4.5e+01
  3610  9.82620e-02  3.802e-02  1.936e-05   5.2e-04  1.8e-07  2.9e+03  5.8e+01
  3620  9.82620e-02  3.802e-02  1.918e-05   5.2e-04  1.8e-07  2.9e+03  3.8e+01
  3630  9.82620e-02  3.802e-02  1.899e-05   5.2e-04  1.7e-07  2.9e+03  4.4e+01
  3640  9.82620e-02  3.802e-02  1.879e-05   5.2e-04  1.7e-07  2.9e+03  4.7e+01
  3650  9.82620e-02  3.802e-02  1.861e-05   5.2e-04  1.7e-07  2.9e+03  3.8e+01
  3660  9.82620e-02  3.802e-02  1.840e-05   5.2e-04  1.7e-07  2.9e+03  3.9e+01
  3670  9.82620e-02  3.802e-02  1.817e-05   5.2e-04  1.7e-07  2.9e+03  3.7e+01
  3680  9.82620e-02  3.802e-02  1.792e-05   5.2e-04  1.6e-07  2.9e+03  2.2e+01
  3690  9.82620e-02  3.802e-02  1.765e-05   5.2e-04  1.6e-07  2.9e+03  3.5e+01
  3700  9.82620e-02  3.802e-02  1.742e-05   5.2e-04  1.6e-07  2.9e+03  3.8e+01
  3710  9.82620e-02  3.802e-02  1.718e-05   5.2e-04  1.6e-07  2.9e+03  2.9e+01
 
   itn      x(1)       norm r    norm Ar  compatible   LS      norm A   cond A
  3720  9.82620e-02  3.802e-02  1.696e-05   5.2e-04  1.5e-07  2.9e+03  3.6e+01
  3730  9.82620e-02  3.802e-02  1.675e-05   5.2e-04  1.5e-07  2.9e+03  4.8e+01
  3740  9.82620e-02  3.802e-02  1.658e-05   5.2e-04  1.5e-07  2.9e+03  3.3e+01
  3750  9.82620e-02  3.802e-02  1.641e-05   5.2e-04  1.5e-07  2.9e+03  4.7e+01
  3760  9.82620e-02  3.802e-02  1.627e-05   5.2e-04  1.5e-07  2.9e+03  5.3e+01
  3770  9.82620e-02  3.802e-02  1.615e-05   5.2e-04  1.5e-07  2.9e+03  4.7e+01
  3780  9.82620e-02  3.802e-02  1.605e-05   5.2e-04  1.4e-07  2.9e+03  4.1e+01
  3790  9.82620e-02  3.802e-02  1.597e-05   5.2e-04  1.4e-07  2.9e+03  7.6e+01
  3800  9.82620e-02  3.802e-02  1.591e-05   5.2e-04  1.4e-07  2.9e+03  7.8e+01
  3810  9.82620e-02  3.802e-02  1.587e-05   5.2e-04  1.4e-07  2.9e+03  8.2e+01
  3820  9.82620e-02  3.802e-02  1.583e-05   5.2e-04  1.4e-07  2.9e+03  9.9e+01
  3830  9.82620e-02  3.802e-02  1.580e-05   5.2e-04  1.4e-07  2.9e+03  1.0e+02
  3840  9.82620e-02  3.802e-02  1.577e-05   5.2e-04  1.4e-07  3.0e+03  1.4e+02
  3850  9.82620e-02  3.802e-02  1.575e-05   5.2e-04  1.4e-07  3.0e+03  1.0e+02
  3860  9.82620e-02  3.802e-02  1.573e-05   5.2e-04  1.4e-07  3.0e+03  1.2e+02
  3870  9.82620e-02  3.802e-02  1.571e-05   5.2e-04  1.4e-07  3.0e+03  1.7e+02
  3880  9.82620e-02  3.802e-02  1.569e-05   5.2e-04  1.4e-07  3.0e+03  1.3e+02
  3890  9.82620e-02  3.802e-02  1.568e-05   5.2e-04  1.4e-07  3.0e+03  1.3e+02
  3900  9.82620e-02  3.802e-02  1.566e-05   5.2e-04  1.4e-07  3.0e+03  1.1e+02
  3910  9.82620e-02  3.802e-02  1.565e-05   5.2e-04  1.4e-07  3.0e+03  1.2e+02
 
   itn      x(1)       norm r    norm Ar  compatible   LS      norm A   cond A
  3920  9.82620e-02  3.802e-02  1.563e-05   5.2e-04  1.4e-07  3.0e+03  9.1e+01
  3930  9.82620e-02  3.802e-02  1.561e-05   5.2e-04  1.4e-07  3.0e+03  7.1e+01
  3940  9.82620e-02  3.802e-02  1.558e-05   5.2e-04  1.4e-07  3.0e+03  1.3e+02
  3950  9.82620e-02  3.802e-02  1.555e-05   5.2e-04  1.4e-07  3.0e+03  6.2e+01
  3960  9.82620e-02  3.802e-02  1.551e-05   5.2e-04  1.4e-07  3.0e+03  7.5e+01
  3970  9.82620e-02  3.802e-02  1.545e-05   5.2e-04  1.4e-07  3.0e+03  8.5e+01
  3980  9.82620e-02  3.802e-02  1.538e-05   5.2e-04  1.3e-07  3.0e+03  5.8e+01
  3990  9.82620e-02  3.802e-02  1.527e-05   5.2e-04  1.3e-07  3.0e+03  6.1e+01
  4000  9.82620e-02  3.802e-02  1.510e-05   5.2e-04  1.3e-07  3.0e+03  4.6e+01
  4010  9.82620e-02  3.802e-02  1.486e-05   5.2e-04  1.3e-07  3.0e+03  4.1e+01
  4020  9.82619e-02  3.802e-02  1.457e-05   5.2e-04  1.3e-07  3.0e+03  3.2e+01
  4030  9.82619e-02  3.802e-02  1.415e-05   5.2e-04  1.2e-07  3.0e+03  3.2e+01
  4040  9.82619e-02  3.802e-02  1.372e-05   5.2e-04  1.2e-07  3.0e+03  2.5e+01
  4050  9.82619e-02  3.802e-02  1.327e-05   5.2e-04  1.2e-07  3.0e+03  3.0e+01
  4060  9.82619e-02  3.802e-02  1.280e-05   5.2e-04  1.1e-07  3.0e+03  2.6e+01
  4070  9.82619e-02  3.802e-02  1.228e-05   5.2e-04  1.1e-07  3.0e+03  3.2e+01
  4080  9.82620e-02  3.802e-02  1.188e-05   5.2e-04  1.0e-07  3.0e+03  1.6e+01
  4090  9.82620e-02  3.802e-02  1.157e-05   5.2e-04  1.0e-07  3.0e+03  2.7e+01
  4100  9.82620e-02  3.802e-02  1.131e-05   5.2e-04  9.8e-08  3.1e+03  2.9e+01
  4110  9.82620e-02  3.802e-02  1.110e-05   5.2e-04  9.6e-08  3.1e+03  2.7e+01
 
   itn      x(1)       norm r    norm Ar  compatible   LS      norm A   cond A
  4120  9.82620e-02  3.802e-02  1.094e-05   5.2e-04  9.4e-08  3.1e+03  3.1e+01
  4130  9.82620e-02  3.802e-02  1.079e-05   5.2e-04  9.3e-08  3.1e+03  4.1e+01
  4140  9.82620e-02  3.802e-02  1.065e-05   5.2e-04  9.1e-08  3.1e+03  4.2e+01
  4150  9.82620e-02  3.802e-02  1.056e-05   5.2e-04  9.0e-08  3.1e+03  4.2e+01
  4160  9.82620e-02  3.802e-02  1.046e-05   5.2e-04  9.0e-08  3.1e+03  5.5e+01
  4170  9.82620e-02  3.802e-02  1.039e-05   5.2e-04  8.9e-08  3.1e+03  6.6e+01
  4180  9.82620e-02  3.802e-02  1.033e-05   5.2e-04  8.8e-08  3.1e+03  4.1e+01
  4190  9.82620e-02  3.802e-02  1.027e-05   5.2e-04  8.8e-08  3.1e+03  7.3e+01
  4200  9.82620e-02  3.802e-02  1.022e-05   5.2e-04  8.7e-08  3.1e+03  7.0e+01
  4210  9.82620e-02  3.802e-02  1.018e-05   5.2e-04  8.7e-08  3.1e+03  6.6e+01
  4220  9.82620e-02  3.802e-02  1.013e-05   5.2e-04  8.6e-08  3.1e+03  6.4e+01
  4230  9.82620e-02  3.802e-02  1.009e-05   5.2e-04  8.6e-08  3.1e+03  6.5e+01
  4240  9.82620e-02  3.802e-02  1.005e-05   5.2e-04  8.5e-08  3.1e+03  5.6e+01
  4250  9.82620e-02  3.802e-02  1.001e-05   5.2e-04  8.5e-08  3.1e+03  5.9e+01
  4260  9.82620e-02  3.802e-02  9.954e-06   5.2e-04  8.4e-08  3.1e+03  6.5e+01
  4270  9.82620e-02  3.802e-02  9.903e-06   5.2e-04  8.4e-08  3.1e+03  7.4e+01
  4280  9.82620e-02  3.802e-02  9.849e-06   5.2e-04  8.3e-08  3.1e+03  5.5e+01
  4290  9.82620e-02  3.802e-02  9.793e-06   5.2e-04  8.3e-08  3.1e+03  4.5e+01
  4300  9.82620e-02  3.802e-02  9.735e-06   5.2e-04  8.2e-08  3.1e+03  4.3e+01
  4310  9.82620e-02  3.802e-02  9.684e-06   5.2e-04  8.1e-08  3.1e+03  5.0e+01
 
   itn      x(1)       norm r    norm Ar  compatible   LS      norm A   cond A
  4320  9.82620e-02  3.802e-02  9.631e-06   5.2e-04  8.1e-08  3.1e+03  6.3e+01
  4330  9.82620e-02  3.802e-02  9.583e-06   5.2e-04  8.0e-08  3.1e+03  6.4e+01
  4340  9.82620e-02  3.802e-02  9.545e-06   5.2e-04  8.0e-08  3.1e+03  7.5e+01
  4350  9.82620e-02  3.802e-02  9.503e-06   5.2e-04  8.0e-08  3.1e+03  5.4e+01
  4360  9.82620e-02  3.802e-02  9.469e-06   5.2e-04  7.9e-08  3.1e+03  6.1e+01
  4370  9.82620e-02  3.802e-02  9.441e-06   5.2e-04  7.9e-08  3.1e+03  8.4e+01
  4380  9.82620e-02  3.802e-02  9.409e-06   5.2e-04  7.8e-08  3.2e+03  8.8e+01
  4390  9.82620e-02  3.802e-02  9.380e-06   5.2e-04  7.8e-08  3.2e+03  8.2e+01
  4400  9.82620e-02  3.802e-02  9.351e-06   5.2e-04  7.8e-08  3.2e+03  8.3e+01
  4410  9.82620e-02  3.802e-02  9.318e-06   5.2e-04  7.7e-08  3.2e+03  6.0e+01
  4420  9.82620e-02  3.802e-02  9.283e-06   5.2e-04  7.7e-08  3.2e+03  7.1e+01
  4430  9.82620e-02  3.802e-02  9.247e-06   5.2e-04  7.7e-08  3.2e+03  5.9e+01
  4440  9.82620e-02  3.802e-02  9.208e-06   5.2e-04  7.6e-08  3.2e+03  7.4e+01
  4450  9.82620e-02  3.802e-02  9.162e-06   5.2e-04  7.6e-08  3.2e+03  6.8e+01
  4460  9.82620e-02  3.802e-02  9.116e-06   5.2e-04  7.5e-08  3.2e+03  4.8e+01
  4470  9.82620e-02  3.802e-02  9.061e-06   5.2e-04  7.5e-08  3.2e+03  6.3e+01
  4480  9.82620e-02  3.802e-02  8.997e-06   5.2e-04  7.4e-08  3.2e+03  4.9e+01
  4490  9.82620e-02  3.802e-02  8.933e-06   5.2e-04  7.4e-08  3.2e+03  4.3e+01
  4500  9.82620e-02  3.802e-02  8.852e-06   5.2e-04  7.3e-08  3.2e+03  5.3e+01
  4510  9.82620e-02  3.802e-02  8.756e-06   5.2e-04  7.2e-08  3.2e+03  4.4e+01
 
   itn      x(1)       norm r    norm Ar  compatible   LS      norm A   cond A
  4520  9.82620e-02  3.802e-02  8.649e-06   5.2e-04  7.1e-08  3.2e+03  4.2e+01
  4530  9.82620e-02  3.802e-02  8.525e-06   5.2e-04  7.0e-08  3.2e+03  4.0e+01
  4540  9.82620e-02  3.802e-02  8.361e-06   5.2e-04  6.9e-08  3.2e+03  3.2e+01
  4550  9.82620e-02  3.802e-02  8.150e-06   5.2e-04  6.7e-08  3.2e+03  2.7e+01
  4560  9.82620e-02  3.802e-02  7.912e-06   5.2e-04  6.5e-08  3.2e+03  2.5e+01
  4570  9.82620e-02  3.802e-02  7.595e-06   5.2e-04  6.2e-08  3.2e+03  2.2e+01
  4580  9.82620e-02  3.802e-02  7.285e-06   5.2e-04  5.9e-08  3.2e+03  1.9e+01
  4590  9.82620e-02  3.802e-02  6.984e-06   5.2e-04  5.7e-08  3.2e+03  1.8e+01
  4600  9.82620e-02  3.802e-02  6.719e-06   5.2e-04  5.5e-08  3.2e+03  2.0e+01
  4610  9.82620e-02  3.802e-02  6.469e-06   5.2e-04  5.3e-08  3.2e+03  2.3e+01
  4620  9.82620e-02  3.802e-02  6.253e-06   5.2e-04  5.1e-08  3.2e+03  2.8e+01
  4630  9.82620e-02  3.802e-02  6.106e-06   5.2e-04  5.0e-08  3.2e+03  3.1e+01
  4640  9.82620e-02  3.802e-02  5.993e-06   5.2e-04  4.9e-08  3.2e+03  3.8e+01
  4650  9.82620e-02  3.802e-02  5.922e-06   5.2e-04  4.8e-08  3.2e+03  4.4e+01
  4660  9.82620e-02  3.802e-02  5.870e-06   5.2e-04  4.7e-08  3.3e+03  6.6e+01
  4670  9.82620e-02  3.802e-02  5.831e-06   5.2e-04  4.7e-08  3.3e+03  5.4e+01
  4680  9.82620e-02  3.802e-02  5.803e-06   5.2e-04  4.7e-08  3.3e+03  7.0e+01
  4690  9.82620e-02  3.802e-02  5.781e-06   5.2e-04  4.7e-08  3.3e+03  9.9e+01
  4700  9.82620e-02  3.802e-02  5.762e-06   5.2e-04  4.6e-08  3.3e+03  8.1e+01
  4710  9.82620e-02  3.802e-02  5.747e-06   5.2e-04  4.6e-08  3.3e+03  6.8e+01
 
   itn      x(1)       norm r    norm Ar  compatible   LS      norm A   cond A
  4720  9.82620e-02  3.802e-02  5.733e-06   5.2e-04  4.6e-08  3.3e+03  6.5e+01
  4730  9.82620e-02  3.802e-02  5.718e-06   5.2e-04  4.6e-08  3.3e+03  1.2e+02
  4740  9.82620e-02  3.802e-02  5.702e-06   5.2e-04  4.6e-08  3.3e+03  7.1e+01
  4750  9.82620e-02  3.802e-02  5.688e-06   5.2e-04  4.6e-08  3.3e+03  6.9e+01
  4760  9.82620e-02  3.802e-02  5.671e-06   5.2e-04  4.5e-08  3.3e+03  9.3e+01
  4770  9.82620e-02  3.802e-02  5.652e-06   5.2e-04  4.5e-08  3.3e+03  6.7e+01
  4780  9.82620e-02  3.802e-02  5.631e-06   5.2e-04  4.5e-08  3.3e+03  5.8e+01
  4790  9.82620e-02  3.802e-02  5.597e-06   5.2e-04  4.5e-08  3.3e+03  5.9e+01
  4800  9.82620e-02  3.802e-02  5.553e-06   5.2e-04  4.4e-08  3.3e+03  4.6e+01
  4810  9.82620e-02  3.802e-02  5.492e-06   5.2e-04  4.4e-08  3.3e+03  5.4e+01
  4820  9.82620e-02  3.802e-02  5.399e-06   5.2e-04  4.3e-08  3.3e+03  4.3e+01
  4830  9.82620e-02  3.802e-02  5.290e-06   5.2e-04  4.2e-08  3.3e+03  2.6e+01
  4840  9.82620e-02  3.802e-02  5.145e-06   5.2e-04  4.1e-08  3.3e+03  3.1e+01
  4850  9.82620e-02  3.802e-02  4.956e-06   5.2e-04  3.9e-08  3.3e+03  1.8e+01
  4860  9.82620e-02  3.802e-02  4.736e-06   5.2e-04  3.7e-08  3.3e+03  2.2e+01
  4870  9.82620e-02  3.802e-02  4.493e-06   5.2e-04  3.6e-08  3.3e+03  1.9e+01
  4880  9.82620e-02  3.802e-02  4.258e-06   5.2e-04  3.4e-08  3.3e+03  2.0e+01
  4890  9.82620e-02  3.802e-02  4.043e-06   5.2e-04  3.2e-08  3.3e+03  2.4e+01
  4900  9.82620e-02  3.802e-02  3.913e-06   5.2e-04  3.1e-08  3.3e+03  2.1e+01
  4910  9.82620e-02  3.802e-02  3.796e-06   5.2e-04  3.0e-08  3.3e+03  2.7e+01
 
   itn      x(1)       norm r    norm Ar  compatible   LS      norm A   cond A
  4920  9.82620e-02  3.802e-02  3.724e-06   5.2e-04  2.9e-08  3.3e+03  3.6e+01
  4930  9.82620e-02  3.802e-02  3.679e-06   5.2e-04  2.9e-08  3.3e+03  4.4e+01
  4940  9.82620e-02  3.802e-02  3.646e-06   5.2e-04  2.9e-08  3.4e+03  5.0e+01
  4950  9.82620e-02  3.802e-02  3.625e-06   5.2e-04  2.8e-08  3.4e+03  5.9e+01
  4960  9.82620e-02  3.802e-02  3.613e-06   5.2e-04  2.8e-08  3.4e+03  6.2e+01
  4970  9.82620e-02  3.802e-02  3.604e-06   5.2e-04  2.8e-08  3.4e+03  7.3e+01
  4980  9.82620e-02  3.802e-02  3.599e-06   5.2e-04  2.8e-08  3.4e+03  1.3e+02
  4990  9.82620e-02  3.802e-02  3.594e-06   5.2e-04  2.8e-08  3.4e+03  1.1e+02
  5000  9.82620e-02  3.802e-02  3.591e-06   5.2e-04  2.8e-08  3.4e+03  1.7e+02
  5010  9.82620e-02  3.802e-02  3.588e-06   5.2e-04  2.8e-08  3.4e+03  1.7e+02
  5020  9.82620e-02  3.802e-02  3.585e-06   5.2e-04  2.8e-08  3.4e+03  1.5e+02
  5030  9.82620e-02  3.802e-02  3.582e-06   5.2e-04  2.8e-08  3.4e+03  1.9e+02
  5040  9.82620e-02  3.802e-02  3.579e-06   5.2e-04  2.8e-08  3.4e+03  1.5e+02
  5050  9.82620e-02  3.802e-02  3.575e-06   5.2e-04  2.8e-08  3.4e+03  1.3e+02
  5060  9.82620e-02  3.802e-02  3.569e-06   5.2e-04  2.8e-08  3.4e+03  8.6e+01
  5070  9.82620e-02  3.802e-02  3.562e-06   5.2e-04  2.8e-08  3.4e+03  8.4e+01
  5080  9.82620e-02  3.802e-02  3.553e-06   5.2e-04  2.8e-08  3.4e+03  8.1e+01
  5090  9.82620e-02  3.802e-02  3.540e-06   5.2e-04  2.7e-08  3.4e+03  7.1e+01
  5100  9.82620e-02  3.802e-02  3.522e-06   5.2e-04  2.7e-08  3.4e+03  4.6e+01
  5110  9.82620e-02  3.802e-02  3.491e-06   5.2e-04  2.7e-08  3.4e+03  3.9e+01
 
   itn      x(1)       norm r    norm Ar  compatible   LS      norm A   cond A
  5120  9.82620e-02  3.802e-02  3.450e-06   5.2e-04  2.7e-08  3.4e+03  3.8e+01
  5130  9.82620e-02  3.802e-02  3.393e-06   5.2e-04  2.6e-08  3.4e+03  4.3e+01
  5140  9.82620e-02  3.802e-02  3.318e-06   5.2e-04  2.6e-08  3.4e+03  2.6e+01
  5150  9.82620e-02  3.802e-02  3.235e-06   5.2e-04  2.5e-08  3.4e+03  3.3e+01
  5160  9.82620e-02  3.802e-02  3.134e-06   5.2e-04  2.4e-08  3.4e+03  2.6e+01
  5170  9.82620e-02  3.802e-02  3.022e-06   5.2e-04  2.3e-08  3.4e+03  2.4e+01
  5180  9.82620e-02  3.802e-02  2.874e-06   5.2e-04  2.2e-08  3.4e+03  1.6e+01
  5190  9.82620e-02  3.802e-02  2.726e-06   5.2e-04  2.1e-08  3.4e+03  2.1e+01
  5200  9.82620e-02  3.802e-02  2.596e-06   5.2e-04  2.0e-08  3.4e+03  1.5e+01
  5210  9.82620e-02  3.802e-02  2.496e-06   5.2e-04  1.9e-08  3.4e+03  1.9e+01
  5220  9.82620e-02  3.802e-02  2.423e-06   5.2e-04  1.9e-08  3.4e+03  2.8e+01
  5230  9.82620e-02  3.802e-02  2.368e-06   5.2e-04  1.8e-08  3.4e+03  3.5e+01
  5240  9.82620e-02  3.802e-02  2.330e-06   5.2e-04  1.8e-08  3.5e+03  4.7e+01
  5250  9.82620e-02  3.802e-02  2.307e-06   5.2e-04  1.8e-08  3.5e+03  3.7e+01
  5260  9.82620e-02  3.802e-02  2.290e-06   5.2e-04  1.7e-08  3.5e+03  5.1e+01
  5270  9.82620e-02  3.802e-02  2.279e-06   5.2e-04  1.7e-08  3.5e+03  7.0e+01
  5280  9.82620e-02  3.802e-02  2.272e-06   5.2e-04  1.7e-08  3.5e+03  8.6e+01
  5290  9.82620e-02  3.802e-02  2.267e-06   5.2e-04  1.7e-08  3.5e+03  1.3e+02
  5300  9.82620e-02  3.802e-02  2.264e-06   5.2e-04  1.7e-08  3.5e+03  1.4e+02
  5310  9.82620e-02  3.802e-02  2.262e-06   5.2e-04  1.7e-08  3.5e+03  1.5e+02
 
   itn      x(1)       norm r    norm Ar  compatible   LS      norm A   cond A
  5320  9.82620e-02  3.802e-02  2.260e-06   5.2e-04  1.7e-08  3.5e+03  1.7e+02
  5330  9.82620e-02  3.802e-02  2.259e-06   5.2e-04  1.7e-08  3.5e+03  1.7e+02
  5340  9.82620e-02  3.802e-02  2.257e-06   5.2e-04  1.7e-08  3.5e+03  1.4e+02
  5350  9.82620e-02  3.802e-02  2.254e-06   5.2e-04  1.7e-08  3.5e+03  1.5e+02
  5360  9.82620e-02  3.802e-02  2.251e-06   5.2e-04  1.7e-08  3.5e+03  1.0e+02
  5370  9.82620e-02  3.802e-02  2.247e-06   5.2e-04  1.7e-08  3.5e+03  8.9e+01
  5380  9.82620e-02  3.802e-02  2.240e-06   5.2e-04  1.7e-08  3.5e+03  7.5e+01
  5390  9.82620e-02  3.802e-02  2.229e-06   5.2e-04  1.7e-08  3.5e+03  4.6e+01
  5400  9.82620e-02  3.802e-02  2.213e-06   5.2e-04  1.7e-08  3.5e+03  3.9e+01
  5410  9.82620e-02  3.802e-02  2.188e-06   5.2e-04  1.6e-08  3.5e+03  3.5e+01
  5420  9.82620e-02  3.802e-02  2.150e-06   5.2e-04  1.6e-08  3.5e+03  4.0e+01
  5430  9.82620e-02  3.802e-02  2.096e-06   5.2e-04  1.6e-08  3.5e+03  2.7e+01
  5440  9.82620e-02  3.802e-02  2.026e-06   5.2e-04  1.5e-08  3.5e+03  2.4e+01
  5450  9.82620e-02  3.802e-02  1.948e-06   5.2e-04  1.5e-08  3.5e+03  2.5e+01
  5460  9.82620e-02  3.802e-02  1.852e-06   5.2e-04  1.4e-08  3.5e+03  1.5e+01
  5470  9.82620e-02  3.802e-02  1.765e-06   5.2e-04  1.3e-08  3.5e+03  1.7e+01
  5480  9.82620e-02  3.802e-02  1.689e-06   5.2e-04  1.3e-08  3.5e+03  2.3e+01
  5490  9.82620e-02  3.802e-02  1.621e-06   5.2e-04  1.2e-08  3.5e+03  1.8e+01
  5500  9.82620e-02  3.802e-02  1.572e-06   5.2e-04  1.2e-08  3.5e+03  3.1e+01
  5510  9.82620e-02  3.802e-02  1.538e-06   5.2e-04  1.1e-08  3.5e+03  3.0e+01
 
   itn      x(1)       norm r    norm Ar  compatible   LS      norm A   cond A
  5520  9.82620e-02  3.802e-02  1.515e-06   5.2e-04  1.1e-08  3.5e+03  4.5e+01
  5530  9.82620e-02  3.802e-02  1.502e-06   5.2e-04  1.1e-08  3.5e+03  7.2e+01
  5540  9.82620e-02  3.802e-02  1.494e-06   5.2e-04  1.1e-08  3.5e+03  6.1e+01
  5550  9.82620e-02  3.802e-02  1.489e-06   5.2e-04  1.1e-08  3.6e+03  9.9e+01
  5560  9.82620e-02  3.802e-02  1.486e-06   5.2e-04  1.1e-08  3.6e+03  1.1e+02
  5561  9.82620e-02  3.802e-02  1.486e-06   5.2e-04  1.1e-08  3.6e+03  1.0e+02
  5562  9.82620e-02  3.802e-02  1.486e-06   5.2e-04  1.1e-08  3.6e+03  1.2e+02
  5563  9.82620e-02  3.802e-02  1.486e-06   5.2e-04  1.1e-08  3.6e+03  1.1e+02
  5564  9.82620e-02  3.802e-02  1.485e-06   5.2e-04  1.1e-08  3.6e+03  1.4e+02
  5565  9.82620e-02  3.802e-02  1.485e-06   5.2e-04  1.1e-08  3.6e+03  1.3e+02
  5566  9.82620e-02  3.802e-02  1.485e-06   5.2e-04  1.1e-08  3.6e+03  1.1e+02
  5567  9.82620e-02  3.802e-02  1.485e-06   5.2e-04  1.1e-08  3.6e+03  1.2e+02
  5568  9.82620e-02  3.802e-02  1.485e-06   5.2e-04  1.1e-08  3.6e+03  1.5e+02
  5569  9.82620e-02  3.802e-02  1.484e-06   5.2e-04  1.1e-08  3.6e+03  1.2e+02
  5570  9.82620e-02  3.802e-02  1.484e-06   5.2e-04  1.1e-08  3.6e+03  1.3e+02
  5571  9.82620e-02  3.802e-02  1.484e-06   5.2e-04  1.1e-08  3.6e+03  1.4e+02
  5572  9.82620e-02  3.802e-02  1.484e-06   5.2e-04  1.1e-08  3.6e+03  7.9e+01
  5573  9.82620e-02  3.802e-02  1.484e-06   5.2e-04  1.1e-08  3.6e+03  1.5e+02
  5574  9.82620e-02  3.802e-02  1.483e-06   5.2e-04  1.1e-08  3.6e+03  1.7e+02
  5575  9.82620e-02  3.802e-02  1.483e-06   5.2e-04  1.1e-08  3.6e+03  1.4e+02
 
   itn      x(1)       norm r    norm Ar  compatible   LS      norm A   cond A
  5576  9.82620e-02  3.802e-02  1.483e-06   5.2e-04  1.1e-08  3.6e+03  1.5e+02
  5577  9.82620e-02  3.802e-02  1.483e-06   5.2e-04  1.1e-08  3.6e+03  1.4e+02
  5578  9.82620e-02  3.802e-02  1.483e-06   5.2e-04  1.1e-08  3.6e+03  1.2e+02
  5579  9.82620e-02  3.802e-02  1.483e-06   5.2e-04  1.1e-08  3.6e+03  1.6e+02
  5580  9.82620e-02  3.802e-02  1.483e-06   5.2e-04  1.1e-08  3.6e+03  1.7e+02
  5581  9.82620e-02  3.802e-02  1.483e-06   5.2e-04  1.1e-08  3.6e+03  1.7e+02
  5582  9.82620e-02  3.802e-02  1.482e-06   5.2e-04  1.1e-08  3.6e+03  1.1e+02
  5583  9.82620e-02  3.802e-02  1.482e-06   5.2e-04  1.1e-08  3.6e+03  1.5e+02
  5584  9.82620e-02  3.802e-02  1.482e-06   5.2e-04  1.1e-08  3.6e+03  1.4e+02
  5585  9.82620e-02  3.802e-02  1.482e-06   5.2e-04  1.1e-08  3.6e+03  2.1e+02
  5586  9.82620e-02  3.802e-02  1.482e-06   5.2e-04  1.1e-08  3.6e+03  1.9e+02
  5587  9.82620e-02  3.802e-02  1.482e-06   5.2e-04  1.1e-08  3.6e+03  1.0e+02
  5588  9.82620e-02  3.802e-02  1.482e-06   5.2e-04  1.1e-08  3.6e+03  1.8e+02
  5589  9.82620e-02  3.802e-02  1.482e-06   5.2e-04  1.1e-08  3.6e+03  1.8e+02
  5590  9.82620e-02  3.802e-02  1.482e-06   5.2e-04  1.1e-08  3.6e+03  1.5e+02
  5591  9.82620e-02  3.802e-02  1.481e-06   5.2e-04  1.1e-08  3.6e+03  1.9e+02
  5592  9.82620e-02  3.802e-02  1.481e-06   5.2e-04  1.1e-08  3.6e+03  1.7e+02
  5593  9.82620e-02  3.802e-02  1.481e-06   5.2e-04  1.1e-08  3.6e+03  2.1e+02
  5594  9.82620e-02  3.802e-02  1.481e-06   5.2e-04  1.1e-08  3.6e+03  2.3e+02
  5595  9.82620e-02  3.802e-02  1.481e-06   5.2e-04  1.1e-08  3.6e+03  1.2e+02
 
   itn      x(1)       norm r    norm Ar  compatible   LS      norm A   cond A
  5596  9.82620e-02  3.802e-02  1.481e-06   5.2e-04  1.1e-08  3.6e+03  1.5e+02
  5597  9.82620e-02  3.802e-02  1.481e-06   5.2e-04  1.1e-08  3.6e+03  1.9e+02
  5598  9.82620e-02  3.802e-02  1.481e-06   5.2e-04  1.1e-08  3.6e+03  1.8e+02
  5599  9.82620e-02  3.802e-02  1.481e-06   5.2e-04  1.1e-08  3.6e+03  1.5e+02
  5600  9.82620e-02  3.802e-02  1.480e-06   5.2e-04  1.1e-08  3.6e+03  2.0e+02
  5601  9.82620e-02  3.802e-02  1.480e-06   5.2e-04  1.1e-08  3.6e+03  1.8e+02
  5602  9.82620e-02  3.802e-02  1.480e-06   5.2e-04  1.1e-08  3.6e+03  1.1e+02
  5603  9.82620e-02  3.802e-02  1.480e-06   5.2e-04  1.1e-08  3.6e+03  1.6e+02
  5604  9.82620e-02  3.802e-02  1.480e-06   5.2e-04  1.1e-08  3.6e+03  2.0e+02
  5605  9.82620e-02  3.802e-02  1.480e-06   5.2e-04  1.1e-08  3.6e+03  1.6e+02
  5606  9.82620e-02  3.802e-02  1.480e-06   5.2e-04  1.1e-08  3.6e+03  1.5e+02
  5607  9.82620e-02  3.802e-02  1.480e-06   5.2e-04  1.1e-08  3.6e+03  2.1e+02
  5608  9.82620e-02  3.802e-02  1.480e-06   5.2e-04  1.1e-08  3.6e+03  2.1e+02
  5609  9.82620e-02  3.802e-02  1.479e-06   5.2e-04  1.1e-08  3.6e+03  1.5e+02
  5610  9.82620e-02  3.802e-02  1.479e-06   5.2e-04  1.1e-08  3.6e+03  1.5e+02
  5611  9.82620e-02  3.802e-02  1.479e-06   5.2e-04  1.1e-08  3.6e+03  1.8e+02
  5612  9.82620e-02  3.802e-02  1.479e-06   5.2e-04  1.1e-08  3.6e+03  1.2e+02
  5613  9.82620e-02  3.802e-02  1.479e-06   5.2e-04  1.1e-08  3.6e+03  1.6e+02
  5614  9.82620e-02  3.802e-02  1.479e-06   5.2e-04  1.1e-08  3.6e+03  1.8e+02
  5615  9.82620e-02  3.802e-02  1.479e-06   5.2e-04  1.1e-08  3.6e+03  1.4e+02
 
   itn      x(1)       norm r    norm Ar  compatible   LS      norm A   cond A
  5616  9.82620e-02  3.802e-02  1.479e-06   5.2e-04  1.1e-08  3.6e+03  1.7e+02
  5617  9.82620e-02  3.802e-02  1.479e-06   5.2e-04  1.1e-08  3.6e+03  1.6e+02
  5618  9.82620e-02  3.802e-02  1.478e-06   5.2e-04  1.1e-08  3.6e+03  1.1e+02
  5619  9.82620e-02  3.802e-02  1.478e-06   5.2e-04  1.1e-08  3.6e+03  1.5e+02
  5620  9.82620e-02  3.802e-02  1.478e-06   5.2e-04  1.1e-08  3.6e+03  1.8e+02
  5621  9.82620e-02  3.802e-02  1.478e-06   5.2e-04  1.1e-08  3.6e+03  1.5e+02
  5622  9.82620e-02  3.802e-02  1.478e-06   5.2e-04  1.1e-08  3.6e+03  1.3e+02
  5623  9.82620e-02  3.802e-02  1.478e-06   5.2e-04  1.1e-08  3.6e+03  1.3e+02
  5624  9.82620e-02  3.802e-02  1.478e-06   5.2e-04  1.1e-08  3.6e+03  1.7e+02
  5625  9.82620e-02  3.802e-02  1.477e-06   5.2e-04  1.1e-08  3.6e+03  1.3e+02
  5626  9.82620e-02  3.802e-02  1.477e-06   5.2e-04  1.1e-08  3.6e+03  1.3e+02
  5627  9.82620e-02  3.802e-02  1.477e-06   5.2e-04  1.1e-08  3.6e+03  1.0e+02
  5628  9.82620e-02  3.802e-02  1.477e-06   5.2e-04  1.1e-08  3.6e+03  1.5e+02
  5629  9.82620e-02  3.802e-02  1.477e-06   5.2e-04  1.1e-08  3.6e+03  1.2e+02
  5630  9.82620e-02  3.802e-02  1.477e-06   5.2e-04  1.1e-08  3.6e+03  1.5e+02
  5631  9.82620e-02  3.802e-02  1.476e-06   5.2e-04  1.1e-08  3.6e+03  1.3e+02
  5632  9.82620e-02  3.802e-02  1.476e-06   5.2e-04  1.1e-08  3.6e+03  1.4e+02
  5633  9.82620e-02  3.802e-02  1.476e-06   5.2e-04  1.1e-08  3.6e+03  8.1e+01
  5634  9.82620e-02  3.802e-02  1.476e-06   5.2e-04  1.1e-08  3.6e+03  1.0e+02
  5635  9.82620e-02  3.802e-02  1.476e-06   5.2e-04  1.1e-08  3.6e+03  1.3e+02
 
   itn      x(1)       norm r    norm Ar  compatible   LS      norm A   cond A
  5636  9.82620e-02  3.802e-02  1.475e-06   5.2e-04  1.1e-08  3.6e+03  1.0e+02
  5637  9.82620e-02  3.802e-02  1.475e-06   5.2e-04  1.1e-08  3.6e+03  1.3e+02
  5638  9.82620e-02  3.802e-02  1.475e-06   5.2e-04  1.1e-08  3.6e+03  1.0e+02
  5639  9.82620e-02  3.802e-02  1.475e-06   5.2e-04  1.1e-08  3.6e+03  1.0e+02
  5640  9.82620e-02  3.802e-02  1.474e-06   5.2e-04  1.1e-08  3.6e+03  1.2e+02
  5641  9.82620e-02  3.802e-02  1.474e-06   5.2e-04  1.1e-08  3.6e+03  1.2e+02
  5642  9.82620e-02  3.802e-02  1.474e-06   5.2e-04  1.1e-08  3.6e+03  8.1e+01
  5643  9.82620e-02  3.802e-02  1.474e-06   5.2e-04  1.1e-08  3.6e+03  1.0e+02
  5644  9.82620e-02  3.802e-02  1.473e-06   5.2e-04  1.1e-08  3.6e+03  8.9e+01
  5645  9.82620e-02  3.802e-02  1.473e-06   5.2e-04  1.1e-08  3.6e+03  1.1e+02
  5646  9.82620e-02  3.802e-02  1.472e-06   5.2e-04  1.1e-08  3.6e+03  1.1e+02
  5647  9.82620e-02  3.802e-02  1.472e-06   5.2e-04  1.1e-08  3.6e+03  9.4e+01
  5648  9.82620e-02  3.802e-02  1.472e-06   5.2e-04  1.1e-08  3.6e+03  9.5e+01
  5649  9.82620e-02  3.802e-02  1.471e-06   5.2e-04  1.1e-08  3.6e+03  6.3e+01
  5650  9.82620e-02  3.802e-02  1.471e-06   5.2e-04  1.1e-08  3.6e+03  7.9e+01
  5651  9.82620e-02  3.802e-02  1.471e-06   5.2e-04  1.1e-08  3.6e+03  8.3e+01
  5652  9.82620e-02  3.802e-02  1.470e-06   5.2e-04  1.1e-08  3.6e+03  8.6e+01
  5653  9.82620e-02  3.802e-02  1.470e-06   5.2e-04  1.1e-08  3.6e+03  8.6e+01
  5654  9.82620e-02  3.802e-02  1.469e-06   5.2e-04  1.1e-08  3.6e+03  9.0e+01
  5655  9.82620e-02  3.802e-02  1.469e-06   5.2e-04  1.1e-08  3.6e+03  9.5e+01
 
   itn      x(1)       norm r    norm Ar  compatible   LS      norm A   cond A
  5656  9.82620e-02  3.802e-02  1.468e-06   5.2e-04  1.1e-08  3.6e+03  7.9e+01
  5657  9.82620e-02  3.802e-02  1.468e-06   5.2e-04  1.1e-08  3.6e+03  6.6e+01
  5658  9.82620e-02  3.802e-02  1.468e-06   5.2e-04  1.1e-08  3.6e+03  7.7e+01
  5659  9.82620e-02  3.802e-02  1.467e-06   5.2e-04  1.1e-08  3.6e+03  6.5e+01
  5660  9.82620e-02  3.802e-02  1.467e-06   5.2e-04  1.1e-08  3.6e+03  6.1e+01
  5661  9.82620e-02  3.802e-02  1.466e-06   5.2e-04  1.1e-08  3.6e+03  9.4e+01
  5662  9.82620e-02  3.802e-02  1.465e-06   5.2e-04  1.1e-08  3.6e+03  7.4e+01
  5663  9.82620e-02  3.802e-02  1.465e-06   5.2e-04  1.1e-08  3.6e+03  7.1e+01
  5664  9.82620e-02  3.802e-02  1.464e-06   5.2e-04  1.1e-08  3.6e+03  6.0e+01
  5665  9.82620e-02  3.802e-02  1.463e-06   5.2e-04  1.1e-08  3.6e+03  7.3e+01
  5666  9.82620e-02  3.802e-02  1.463e-06   5.2e-04  1.1e-08  3.6e+03  4.8e+01
  5667  9.82620e-02  3.802e-02  1.462e-06   5.2e-04  1.1e-08  3.6e+03  6.3e+01
  5668  9.82620e-02  3.802e-02  1.461e-06   5.2e-04  1.1e-08  3.6e+03  8.4e+01
  5669  9.82620e-02  3.802e-02  1.460e-06   5.2e-04  1.1e-08  3.6e+03  5.5e+01
  5670  9.82620e-02  3.802e-02  1.459e-06   5.2e-04  1.1e-08  3.6e+03  5.7e+01
  5671  9.82620e-02  3.802e-02  1.458e-06   5.2e-04  1.1e-08  3.6e+03  7.6e+01
  5672  9.82620e-02  3.802e-02  1.457e-06   5.2e-04  1.1e-08  3.6e+03  6.3e+01
  5673  9.82620e-02  3.802e-02  1.456e-06   5.2e-04  1.1e-08  3.6e+03  4.1e+01
  5674  9.82620e-02  3.802e-02  1.455e-06   5.2e-04  1.1e-08  3.6e+03  4.6e+01
  5675  9.82620e-02  3.802e-02  1.454e-06   5.2e-04  1.1e-08  3.6e+03  6.0e+01
 
   itn      x(1)       norm r    norm Ar  compatible   LS      norm A   cond A
  5676  9.82620e-02  3.802e-02  1.453e-06   5.2e-04  1.1e-08  3.6e+03  5.1e+01
  5677  9.82620e-02  3.802e-02  1.452e-06   5.2e-04  1.1e-08  3.6e+03  5.1e+01
  5678  9.82620e-02  3.802e-02  1.450e-06   5.2e-04  1.1e-08  3.6e+03  6.2e+01
  5679  9.82620e-02  3.802e-02  1.449e-06   5.2e-04  1.1e-08  3.6e+03  4.9e+01
  5680  9.82620e-02  3.802e-02  1.448e-06   5.2e-04  1.1e-08  3.6e+03  3.9e+01
  5681  9.82620e-02  3.802e-02  1.447e-06   5.2e-04  1.1e-08  3.6e+03  5.2e+01
  5682  9.82620e-02  3.802e-02  1.446e-06   5.2e-04  1.1e-08  3.6e+03  4.2e+01
  5683  9.82620e-02  3.802e-02  1.443e-06   5.2e-04  1.1e-08  3.6e+03  5.3e+01
  5684  9.82620e-02  3.802e-02  1.442e-06   5.2e-04  1.1e-08  3.6e+03  5.0e+01
  5685  9.82620e-02  3.802e-02  1.441e-06   5.2e-04  1.1e-08  3.6e+03  3.9e+01
  5686  9.82620e-02  3.802e-02  1.439e-06   5.2e-04  1.1e-08  3.6e+03  4.3e+01
  5687  9.82620e-02  3.802e-02  1.438e-06   5.2e-04  1.1e-08  3.6e+03  3.9e+01
  5688  9.82620e-02  3.802e-02  1.437e-06   5.2e-04  1.1e-08  3.6e+03  4.0e+01
  5689  9.82620e-02  3.802e-02  1.435e-06   5.2e-04  1.0e-08  3.6e+03  4.3e+01
  5690  9.82620e-02  3.802e-02  1.433e-06   5.2e-04  1.0e-08  3.6e+03  3.8e+01
  5691  9.82620e-02  3.802e-02  1.432e-06   5.2e-04  1.0e-08  3.6e+03  5.1e+01
  5692  9.82620e-02  3.802e-02  1.429e-06   5.2e-04  1.0e-08  3.6e+03  3.7e+01
  5693  9.82620e-02  3.802e-02  1.428e-06   5.2e-04  1.0e-08  3.6e+03  3.5e+01
  5694  9.82620e-02  3.802e-02  1.426e-06   5.2e-04  1.0e-08  3.6e+03  5.2e+01
  5695  9.82620e-02  3.802e-02  1.423e-06   5.2e-04  1.0e-08  3.6e+03  3.4e+01
 
   itn      x(1)       norm r    norm Ar  compatible   LS      norm A   cond A
  5696  9.82620e-02  3.802e-02  1.421e-06   5.2e-04  1.0e-08  3.6e+03  4.5e+01
  5697  9.82620e-02  3.802e-02  1.419e-06   5.2e-04  1.0e-08  3.6e+03  2.6e+01
  5698  9.82620e-02  3.802e-02  1.418e-06   5.2e-04  1.0e-08  3.6e+03  4.2e+01
  5699  9.82620e-02  3.802e-02  1.415e-06   5.2e-04  1.0e-08  3.6e+03  3.3e+01
  5700  9.82620e-02  3.802e-02  1.412e-06   5.2e-04  1.0e-08  3.6e+03  4.0e+01
  5701  9.82620e-02  3.802e-02  1.410e-06   5.2e-04  1.0e-08  3.6e+03  4.4e+01
  5702  9.82620e-02  3.802e-02  1.408e-06   5.2e-04  1.0e-08  3.6e+03  3.1e+01
  5703  9.82620e-02  3.802e-02  1.405e-06   5.2e-04  1.0e-08  3.6e+03  3.6e+01
  5704  9.82620e-02  3.802e-02  1.404e-06   5.2e-04  1.0e-08  3.6e+03  3.2e+01
  5705  9.82620e-02  3.802e-02  1.400e-06   5.2e-04  1.0e-08  3.6e+03  3.6e+01
  5706  9.82620e-02  3.802e-02  1.398e-06   5.2e-04  1.0e-08  3.6e+03  3.8e+01
  5707  9.82620e-02  3.802e-02  1.396e-06   5.2e-04  1.0e-08  3.6e+03  4.0e+01
  5708  9.82620e-02  3.802e-02  1.393e-06   5.2e-04  1.0e-08  3.6e+03  3.0e+01
  5709  9.82620e-02  3.802e-02  1.390e-06   5.2e-04  1.0e-08  3.6e+03  3.9e+01
  5710  9.82620e-02  3.802e-02  1.388e-06   5.2e-04  1.0e-08  3.6e+03  3.2e+01
  5711  9.82620e-02  3.802e-02  1.386e-06   5.2e-04  1.0e-08  3.6e+03  2.6e+01
  5712  9.82620e-02  3.802e-02  1.384e-06   5.2e-04  1.0e-08  3.6e+03  3.2e+01
  5713  9.82620e-02  3.802e-02  1.381e-06   5.2e-04  1.0e-08  3.6e+03  3.0e+01
  5714  9.82620e-02  3.802e-02  1.379e-06   5.2e-04  1.0e-08  3.6e+03  3.2e+01
  5715  9.82620e-02  3.802e-02  1.376e-06   5.2e-04  1.0e-08  3.6e+03  3.5e+01
 
   itn      x(1)       norm r    norm Ar  compatible   LS      norm A   cond A
  5716  9.82620e-02  3.802e-02  1.372e-06   5.2e-04  1.0e-08  3.6e+03  3.2e+01
  5717  9.82620e-02  3.802e-02  1.371e-06   5.2e-04  1.0e-08  3.6e+03  3.8e+01
  5718  9.82620e-02  3.802e-02  1.368e-06   5.2e-04  1.0e-08  3.6e+03  2.8e+01
 
LSMR finished
The least-squares solution is good enough, given atol     
istop =       2    normr = 3.8e-02
    normA = 3.6e+03    normAr = 1.4e-06
itn   =    5718    condA = 2.8e+01
    normx = 3.0e+00
  5718  9.82620e-02   3.802e-02  1.368e-06
   5.2e-04  1.0e-08   3.6e+03  2.8e+01
loss = 0.0014454344109075816
