OS                           : Linux-5.14.21-150400.24.81_12.0.86-cray_shasta_c-x86_64-with-glibc2.31
Python Version               : 3.9.15
CuPy Version                 : 12.1.0
CuPy Platform                : NVIDIA CUDA
NumPy Version                : 1.23.5
SciPy Version                : 1.9.3
Cython Build Version         : 0.29.32
Cython Runtime Version       : None
CUDA Root                    : /opt/nvidia/hpc_sdk/Linux_x86_64/22.7/cuda/11.7
nvcc PATH                    : /opt/nvidia/hpc_sdk/Linux_x86_64/22.7/cuda/11.7/bin/nvcc
CUDA Build Version           : 11080
CUDA Driver Version          : 12000
CUDA Runtime Version         : 11070
cuBLAS Version               : (available)
cuFFT Version                : 10702
cuRAND Version               : 10210
cuSOLVER Version             : (11, 3, 5)
cuSPARSE Version             : (available)
NVRTC Version                : (11, 7)
Thrust Version               : 101501
CUB Build Version            : 101501
Jitify Build Version         : 4a37de0
cuDNN Build Version          : 8801
cuDNN Version                : 8302
NCCL Build Version           : 21602
NCCL Runtime Version         : 21505
cuTENSOR Version             : 10500
cuSPARSELt Build Version     : None
Device 0 Name                : NVIDIA A100-SXM4-40GB
Device 0 Compute Capability  : 80
Device 0 PCI Bus ID          : 0000:C1:00.0
None
./trajdata100/train_heh+_6-31g.npy
Sizes of ptrain and pdot:
[(199996, 4, 4), (199996, 4, 4)]
len(theta) = 256
len(jac) = 3199936
 
LSMR            Least-squares solution of  Ax = b

The matrix A has 6399872 rows and 256 columns
damp = 0.00000000000000e+00

atol = 1.00e-08                 conlim = 1.00e+08

btol = 1.00e-08             maxiter =    20000

 
   itn      x(1)       norm r    norm Ar  compatible   LS      norm A   cond A
     0  0.00000e+00  1.857e+02  6.993e+04   1.0e+00  2.0e+00
     1  2.07838e-04  5.101e+01  1.127e+04   2.7e-01  5.6e-01  3.9e+02  1.0e+00
     2  3.52084e-04  1.695e+01  2.890e+03   9.1e-02  3.7e-01  4.6e+02  1.7e+00
     3  3.87402e-04  1.325e+01  1.901e+03   7.1e-02  2.7e-01  5.4e+02  1.6e+00
     4  4.76735e-04  5.524e+00  4.419e+02   3.0e-02  1.3e-01  6.3e+02  2.3e+00
     5  4.72940e-04  3.773e+00  9.865e+01   2.0e-02  4.1e-02  6.4e+02  3.6e+00
     6  4.54485e-04  3.157e+00  7.909e+01   1.7e-02  3.9e-02  6.4e+02  1.1e+01
     7  4.50528e-04  3.011e+00  7.462e+01   1.6e-02  3.8e-02  6.5e+02  6.5e+00
     8  4.18528e-04  2.280e+00  1.514e+01   1.2e-02  8.7e-03  7.6e+02  6.5e+00
     9  4.32454e-04  2.250e+00  1.214e+01   1.2e-02  7.1e-03  7.6e+02  1.3e+01
    10  4.39493e-04  2.239e+00  1.095e+01   1.2e-02  6.4e-03  7.7e+02  7.5e+00
    20  1.50985e-03  3.467e-01  6.236e-01   1.9e-03  1.7e-03  1.1e+03  1.5e+02
    30  1.66511e-03  1.402e-01  1.814e-01   7.6e-04  1.0e-03  1.3e+03  1.3e+02
    40  1.58161e-03  8.907e-02  4.354e-02   4.8e-04  3.3e-04  1.5e+03  1.2e+02
    50  1.11780e-03  6.778e-02  2.506e-02   3.6e-04  2.3e-04  1.6e+03  1.8e+02
    60  4.43846e-04  5.157e-02  1.767e-02   2.8e-04  1.9e-04  1.8e+03  2.1e+02
    70 -2.18287e-04  3.980e-02  1.128e-02   2.1e-04  1.5e-04  1.9e+03  1.9e+02
    80 -7.37298e-04  3.291e-02  8.228e-03   1.8e-04  1.2e-04  2.0e+03  3.1e+02
    90 -1.44912e-03  2.678e-02  5.890e-03   1.4e-04  1.0e-04  2.2e+03  3.1e+02
   100 -2.29680e-03  2.188e-02  3.611e-03   1.2e-04  7.3e-05  2.3e+03  3.1e+02
   110 -2.89339e-03  1.959e-02  2.339e-03   1.1e-04  5.0e-05  2.4e+03  1.3e+03
 
   itn      x(1)       norm r    norm Ar  compatible   LS      norm A   cond A
   120 -3.14737e-03  1.865e-02  2.105e-03   1.0e-04  4.5e-05  2.5e+03  6.7e+02
   130 -4.00531e-03  1.545e-02  1.641e-03   8.3e-05  4.1e-05  2.6e+03  3.4e+02
   140 -4.89591e-03  1.258e-02  1.185e-03   6.8e-05  3.5e-05  2.7e+03  3.4e+02
   150 -5.43297e-03  1.143e-02  7.916e-04   6.2e-05  2.5e-05  2.8e+03  3.4e+02
   160 -5.50390e-03  1.113e-02  6.794e-04   6.0e-05  2.1e-05  2.9e+03  8.9e+02
   170 -5.49026e-03  1.061e-02  5.287e-04   5.7e-05  1.7e-05  3.0e+03  3.4e+02
   180 -5.46617e-03  1.039e-02  4.513e-04   5.6e-05  1.4e-05  3.1e+03  3.4e+02
   190 -5.45104e-03  1.020e-02  3.912e-04   5.5e-05  1.2e-05  3.2e+03  1.5e+03
   200 -5.45612e-03  1.007e-02  3.614e-04   5.4e-05  1.1e-05  3.2e+03  5.1e+02
   210 -5.49374e-03  9.908e-03  3.352e-04   5.3e-05  1.0e-05  3.3e+03  5.1e+02
   220 -5.51556e-03  9.864e-03  3.313e-04   5.3e-05  9.9e-06  3.4e+03  1.4e+03
   230 -6.18273e-03  8.921e-03  3.057e-04   4.8e-05  9.9e-06  3.4e+03  1.2e+03
   240 -6.32545e-03  8.725e-03  3.007e-04   4.7e-05  9.8e-06  3.5e+03  1.2e+03
   250 -1.00342e-02  4.852e-03  1.276e-04   2.6e-05  7.3e-06  3.6e+03  1.2e+03
   260 -1.01159e-02  4.814e-03  1.211e-04   2.6e-05  6.9e-06  3.7e+03  1.2e+03
   270 -1.03079e-02  4.734e-03  1.044e-04   2.5e-05  5.9e-06  3.7e+03  3.8e+03
   280 -1.03388e-02  4.690e-03  1.032e-04   2.5e-05  5.8e-06  3.8e+03  1.2e+03
   290 -1.12978e-02  3.740e-03  5.098e-05   2.0e-05  3.5e-06  3.9e+03  1.2e+03
   300 -1.13179e-02  3.723e-03  4.971e-05   2.0e-05  3.4e-06  3.9e+03  2.4e+03
   310 -1.13206e-02  3.718e-03  4.957e-05   2.0e-05  3.3e-06  4.0e+03  2.9e+03
 
   itn      x(1)       norm r    norm Ar  compatible   LS      norm A   cond A
   320 -1.13576e-02  3.642e-03  4.781e-05   2.0e-05  3.2e-06  4.1e+03  1.2e+03
   330 -1.13724e-02  3.615e-03  4.713e-05   1.9e-05  3.1e-06  4.1e+03  6.6e+03
   340 -1.15061e-02  3.479e-03  4.469e-05   1.9e-05  3.1e-06  4.2e+03  1.2e+03
   350 -1.16178e-02  3.373e-03  4.257e-05   1.8e-05  3.0e-06  4.3e+03  1.2e+03
   360 -1.16468e-02  3.347e-03  4.207e-05   1.8e-05  2.9e-06  4.3e+03  1.2e+03
   370 -1.19650e-02  3.090e-03  3.623e-05   1.7e-05  2.7e-06  4.4e+03  1.2e+03
   380 -1.20500e-02  3.031e-03  3.453e-05   1.6e-05  2.6e-06  4.4e+03  1.2e+03
   390 -1.20526e-02  3.029e-03  3.450e-05   1.6e-05  2.5e-06  4.5e+03  2.9e+03
   400 -1.23119e-02  2.895e-03  3.250e-05   1.6e-05  2.5e-06  4.6e+03  1.2e+03
   410 -1.32618e-02  2.503e-03  2.384e-05   1.3e-05  2.1e-06  4.6e+03  1.2e+03
   420 -1.32700e-02  2.501e-03  2.378e-05   1.3e-05  2.0e-06  4.7e+03  1.2e+03
   430 -1.32974e-02  2.493e-03  2.369e-05   1.3e-05  2.0e-06  4.7e+03  1.6e+03
   440 -1.41301e-02  2.286e-03  2.100e-05   1.2e-05  1.9e-06  4.8e+03  1.2e+03
   450 -1.52220e-02  2.069e-03  1.685e-05   1.1e-05  1.7e-06  4.8e+03  1.2e+03
   460 -1.52377e-02  2.067e-03  1.679e-05   1.1e-05  1.7e-06  4.9e+03  1.6e+03
   470 -1.52549e-02  2.063e-03  1.672e-05   1.1e-05  1.6e-06  5.0e+03  3.4e+03
   480 -1.52731e-02  2.059e-03  1.666e-05   1.1e-05  1.6e-06  5.0e+03  3.0e+03
   490 -1.54856e-02  2.005e-03  1.597e-05   1.1e-05  1.6e-06  5.1e+03  1.2e+03
   500 -1.62191e-02  1.844e-03  1.335e-05   9.9e-06  1.4e-06  5.1e+03  1.2e+03
   510 -1.66430e-02  1.773e-03  1.156e-05   9.5e-06  1.3e-06  5.2e+03  1.2e+03
 
   itn      x(1)       norm r    norm Ar  compatible   LS      norm A   cond A
   520 -1.66909e-02  1.766e-03  1.134e-05   9.5e-06  1.2e-06  5.2e+03  1.4e+03
   530 -1.67167e-02  1.761e-03  1.121e-05   9.5e-06  1.2e-06  5.3e+03  1.2e+03
   540 -1.67162e-02  1.761e-03  1.121e-05   9.5e-06  1.2e-06  5.3e+03  6.3e+03
   550 -1.66968e-02  1.754e-03  1.113e-05   9.4e-06  1.2e-06  5.3e+03  2.2e+03
   560 -1.63505e-02  1.640e-03  9.794e-06   8.8e-06  1.1e-06  5.4e+03  1.2e+03
   570 -1.63160e-02  1.630e-03  9.651e-06   8.8e-06  1.1e-06  5.4e+03  2.4e+03
   580 -1.61936e-02  1.612e-03  9.515e-06   8.7e-06  1.1e-06  5.5e+03  5.7e+03
   590 -1.58106e-02  1.560e-03  9.103e-06   8.4e-06  1.1e-06  5.5e+03  1.5e+03
   600 -1.46469e-02  1.422e-03  7.720e-06   7.7e-06  9.7e-07  5.6e+03  1.5e+03
   610 -1.44798e-02  1.405e-03  7.511e-06   7.6e-06  9.5e-07  5.6e+03  1.5e+03
   620 -1.44383e-02  1.401e-03  7.460e-06   7.5e-06  9.4e-07  5.7e+03  2.2e+03
   630 -1.44250e-02  1.400e-03  7.445e-06   7.5e-06  9.3e-07  5.7e+03  1.5e+03
   640 -1.43903e-02  1.397e-03  7.409e-06   7.5e-06  9.2e-07  5.8e+03  2.8e+03
   650 -1.43848e-02  1.397e-03  7.406e-06   7.5e-06  9.1e-07  5.8e+03  1.5e+03
   660 -1.11680e-02  1.226e-03  5.737e-06   6.6e-06  8.0e-07  5.9e+03  1.5e+03
   670 -1.07931e-02  1.210e-03  5.510e-06   6.5e-06  7.7e-07  5.9e+03  1.5e+03
   680 -1.07876e-02  1.210e-03  5.507e-06   6.5e-06  7.7e-07  5.9e+03  1.5e+03
   690 -1.07830e-02  1.210e-03  5.506e-06   6.5e-06  7.6e-07  6.0e+03  8.0e+03
   700 -1.07451e-02  1.209e-03  5.498e-06   6.5e-06  7.5e-07  6.0e+03  1.6e+03
   710 -1.06547e-02  1.206e-03  5.486e-06   6.5e-06  7.5e-07  6.1e+03  1.6e+03
 
   itn      x(1)       norm r    norm Ar  compatible   LS      norm A   cond A
   720 -9.10804e-03  1.159e-03  5.265e-06   6.2e-06  7.4e-07  6.1e+03  7.3e+03
   730 -7.80300e-03  1.122e-03  5.076e-06   6.0e-06  7.3e-07  6.2e+03  1.6e+03
   740 -5.05466e-03  1.048e-03  4.653e-06   5.6e-06  7.2e-07  6.2e+03  1.6e+03
   750 -4.44260e-03  1.033e-03  4.554e-06   5.6e-06  7.1e-07  6.3e+03  1.6e+03
   760 -4.42242e-03  1.032e-03  4.551e-06   5.6e-06  7.0e-07  6.3e+03  3.8e+03
   770 -4.41438e-03  1.032e-03  4.550e-06   5.6e-06  7.0e-07  6.3e+03  3.8e+03
   780 -3.38890e-03  1.005e-03  4.442e-06   5.4e-06  6.9e-07  6.4e+03  1.6e+03
   790  1.87661e-03  8.774e-04  3.843e-06   4.7e-06  6.8e-07  6.4e+03  1.6e+03
   800  2.12525e-03  8.719e-04  3.812e-06   4.7e-06  6.8e-07  6.5e+03  2.7e+03
   810  3.32310e-03  8.459e-04  3.662e-06   4.6e-06  6.7e-07  6.5e+03  1.6e+03
   820  3.51082e-03  8.420e-04  3.638e-06   4.5e-06  6.6e-07  6.5e+03  1.6e+03
   830  3.59432e-03  8.402e-04  3.627e-06   4.5e-06  6.6e-07  6.6e+03  1.6e+03
   840  4.32972e-03  8.247e-04  3.534e-06   4.4e-06  6.5e-07  6.6e+03  1.6e+03
   850  4.38528e-03  8.236e-04  3.527e-06   4.4e-06  6.4e-07  6.7e+03  2.0e+04
   860  4.43733e-03  8.223e-04  3.521e-06   4.4e-06  6.4e-07  6.7e+03  1.7e+03
   870  4.73858e-03  8.146e-04  3.490e-06   4.4e-06  6.4e-07  6.7e+03  1.6e+03
   880  6.83299e-03  7.630e-04  3.264e-06   4.1e-06  6.3e-07  6.8e+03  1.6e+03
   890  7.90867e-03  7.379e-04  3.142e-06   4.0e-06  6.3e-07  6.8e+03  1.6e+03
   900  8.46838e-03  7.253e-04  3.077e-06   3.9e-06  6.2e-07  6.8e+03  4.8e+03
   910  1.02539e-02  6.871e-04  2.860e-06   3.7e-06  6.0e-07  6.9e+03  1.6e+03
 
   itn      x(1)       norm r    norm Ar  compatible   LS      norm A   cond A
   920  1.07243e-02  6.776e-04  2.800e-06   3.6e-06  6.0e-07  6.9e+03  1.8e+03
   930  1.07942e-02  6.762e-04  2.791e-06   3.6e-06  5.9e-07  7.0e+03  1.8e+03
   940  1.36667e-02  6.076e-04  2.442e-06   3.3e-06  5.7e-07  7.0e+03  1.6e+03
   950  1.61553e-02  5.583e-04  2.094e-06   3.0e-06  5.3e-07  7.0e+03  1.6e+03
   960  1.61666e-02  5.581e-04  2.092e-06   3.0e-06  5.3e-07  7.1e+03  3.9e+03
   970  1.62522e-02  5.564e-04  2.080e-06   3.0e-06  5.3e-07  7.1e+03  1.6e+03
   980  1.63447e-02  5.545e-04  2.066e-06   3.0e-06  5.2e-07  7.2e+03  1.6e+03
   990  1.63582e-02  5.542e-04  2.064e-06   3.0e-06  5.2e-07  7.2e+03  7.1e+03
  1000  1.63868e-02  5.535e-04  2.060e-06   3.0e-06  5.2e-07  7.2e+03  2.5e+03
  1010  1.65683e-02  5.488e-04  2.036e-06   3.0e-06  5.1e-07  7.3e+03  1.6e+03
  1020  1.70594e-02  5.365e-04  1.967e-06   2.9e-06  5.0e-07  7.3e+03  1.6e+03
  1030  1.98031e-02  4.795e-04  1.532e-06   2.6e-06  4.4e-07  7.3e+03  1.6e+03
  1040  1.98149e-02  4.793e-04  1.529e-06   2.6e-06  4.3e-07  7.4e+03  1.6e+03
  1050  1.98423e-02  4.788e-04  1.525e-06   2.6e-06  4.3e-07  7.4e+03  1.6e+03
  1060  1.98495e-02  4.786e-04  1.523e-06   2.6e-06  4.3e-07  7.4e+03  1.7e+03
  1070  1.98642e-02  4.783e-04  1.521e-06   2.6e-06  4.3e-07  7.5e+03  1.6e+03
  1080  1.99599e-02  4.759e-04  1.505e-06   2.6e-06  4.2e-07  7.5e+03  1.6e+03
  1090  1.99979e-02  4.750e-04  1.499e-06   2.6e-06  4.2e-07  7.5e+03  1.6e+03
  1100  2.00754e-02  4.731e-04  1.486e-06   2.5e-06  4.1e-07  7.6e+03  1.6e+03
  1110  2.15224e-02  4.427e-04  1.226e-06   2.4e-06  3.6e-07  7.6e+03  1.6e+03
 
   itn      x(1)       norm r    norm Ar  compatible   LS      norm A   cond A
  1120  2.15716e-02  4.419e-04  1.216e-06   2.4e-06  3.6e-07  7.6e+03  1.1e+04
  1130  2.15760e-02  4.418e-04  1.215e-06   2.4e-06  3.6e-07  7.7e+03  4.1e+03
  1140  2.15814e-02  4.416e-04  1.214e-06   2.4e-06  3.6e-07  7.7e+03  3.1e+03
  1150  2.20684e-02  4.288e-04  1.136e-06   2.3e-06  3.4e-07  7.7e+03  1.6e+03
  1160  2.30634e-02  4.069e-04  9.577e-07   2.2e-06  3.0e-07  7.8e+03  8.1e+03
  1170  2.30680e-02  4.068e-04  9.569e-07   2.2e-06  3.0e-07  7.8e+03  3.8e+04
  1180  2.31322e-02  4.053e-04  9.472e-07   2.2e-06  3.0e-07  7.8e+03  1.6e+03
  1190  2.31947e-02  4.039e-04  9.378e-07   2.2e-06  2.9e-07  7.9e+03  1.7e+03
  1200  2.34332e-02  3.988e-04  9.009e-07   2.1e-06  2.9e-07  7.9e+03  1.6e+03
  1210  2.36271e-02  3.949e-04  8.697e-07   2.1e-06  2.8e-07  7.9e+03  1.6e+03
  1220  2.38591e-02  3.905e-04  8.310e-07   2.1e-06  2.7e-07  8.0e+03  1.0e+04
  1230  2.38598e-02  3.905e-04  8.309e-07   2.1e-06  2.7e-07  8.0e+03  7.4e+03
  1240  2.38656e-02  3.904e-04  8.302e-07   2.1e-06  2.6e-07  8.0e+03  1.0e+04
  1250  2.39113e-02  3.894e-04  8.250e-07   2.1e-06  2.6e-07  8.1e+03  1.6e+03
  1260  2.40547e-02  3.864e-04  8.085e-07   2.1e-06  2.6e-07  8.1e+03  1.6e+03
  1270  2.40781e-02  3.860e-04  8.058e-07   2.1e-06  2.6e-07  8.1e+03  6.4e+03
  1280  2.40870e-02  3.858e-04  8.048e-07   2.1e-06  2.6e-07  8.2e+03  6.3e+03
  1290  2.41164e-02  3.852e-04  8.018e-07   2.1e-06  2.5e-07  8.2e+03  2.2e+03
  1300  2.41283e-02  3.849e-04  8.005e-07   2.1e-06  2.5e-07  8.2e+03  2.4e+04
  1310  2.42518e-02  3.824e-04  7.883e-07   2.1e-06  2.5e-07  8.3e+03  1.6e+03
 
   itn      x(1)       norm r    norm Ar  compatible   LS      norm A   cond A
  1320  2.46139e-02  3.752e-04  7.516e-07   2.0e-06  2.4e-07  8.3e+03  1.6e+03
  1330  2.52434e-02  3.641e-04  6.829e-07   2.0e-06  2.3e-07  8.3e+03  1.7e+03
  1340  2.53316e-02  3.627e-04  6.728e-07   2.0e-06  2.2e-07  8.4e+03  1.6e+03
  1350  2.53875e-02  3.618e-04  6.663e-07   1.9e-06  2.2e-07  8.4e+03  1.6e+03
  1360  2.53877e-02  3.618e-04  6.663e-07   1.9e-06  2.2e-07  8.4e+03  6.5e+03
  1370  2.54255e-02  3.612e-04  6.634e-07   1.9e-06  2.2e-07  8.5e+03  1.6e+03
  1380  2.55123e-02  3.597e-04  6.566e-07   1.9e-06  2.2e-07  8.5e+03  3.3e+03
  1390  2.59971e-02  3.519e-04  6.173e-07   1.9e-06  2.1e-07  8.5e+03  1.6e+03
  1400  2.60286e-02  3.514e-04  6.147e-07   1.9e-06  2.0e-07  8.5e+03  3.0e+03
  1410  2.60328e-02  3.513e-04  6.143e-07   1.9e-06  2.0e-07  8.6e+03  4.5e+04
  1420  2.60442e-02  3.511e-04  6.136e-07   1.9e-06  2.0e-07  8.6e+03  1.6e+03
  1430  2.60477e-02  3.511e-04  6.133e-07   1.9e-06  2.0e-07  8.6e+03  1.1e+04
  1440  2.60485e-02  3.511e-04  6.133e-07   1.9e-06  2.0e-07  8.7e+03  2.1e+04
  1450  2.60525e-02  3.510e-04  6.131e-07   1.9e-06  2.0e-07  8.7e+03  1.2e+04
  1460  2.61991e-02  3.485e-04  6.048e-07   1.9e-06  2.0e-07  8.7e+03  1.6e+03
  1470  2.64388e-02  3.446e-04  5.910e-07   1.9e-06  2.0e-07  8.8e+03  1.6e+03
  1480  2.65583e-02  3.427e-04  5.840e-07   1.8e-06  1.9e-07  8.8e+03  1.6e+03
  1490  2.71682e-02  3.336e-04  5.473e-07   1.8e-06  1.9e-07  8.8e+03  1.6e+03
  1500  2.72016e-02  3.331e-04  5.452e-07   1.8e-06  1.8e-07  8.8e+03  8.1e+03
  1510  2.72844e-02  3.319e-04  5.400e-07   1.8e-06  1.8e-07  8.9e+03  1.6e+03
 
   itn      x(1)       norm r    norm Ar  compatible   LS      norm A   cond A
  1520  2.73467e-02  3.311e-04  5.363e-07   1.8e-06  1.8e-07  8.9e+03  1.6e+03
  1530  2.76753e-02  3.266e-04  5.164e-07   1.8e-06  1.8e-07  8.9e+03  4.0e+03
  1540  2.77895e-02  3.252e-04  5.093e-07   1.8e-06  1.7e-07  9.0e+03  1.6e+03
  1550  2.79719e-02  3.229e-04  4.978e-07   1.7e-06  1.7e-07  9.0e+03  1.6e+03
  1560  2.79808e-02  3.228e-04  4.973e-07   1.7e-06  1.7e-07  9.0e+03  4.5e+03
  1570  2.79832e-02  3.227e-04  4.971e-07   1.7e-06  1.7e-07  9.0e+03  9.2e+03
  1580  2.79850e-02  3.227e-04  4.970e-07   1.7e-06  1.7e-07  9.1e+03  7.0e+03
  1590  2.85633e-02  3.157e-04  4.690e-07   1.7e-06  1.6e-07  9.1e+03  1.6e+03
  1600  2.94635e-02  3.062e-04  4.216e-07   1.6e-06  1.5e-07  9.1e+03  1.6e+03
  1610  2.96187e-02  3.048e-04  4.129e-07   1.6e-06  1.5e-07  9.2e+03  1.6e+03
  1620  2.96333e-02  3.046e-04  4.121e-07   1.6e-06  1.5e-07  9.2e+03  1.6e+03
  1630  2.96778e-02  3.042e-04  4.097e-07   1.6e-06  1.5e-07  9.2e+03  2.2e+03
  1640  2.96851e-02  3.042e-04  4.093e-07   1.6e-06  1.5e-07  9.3e+03  1.6e+03
  1650  2.96909e-02  3.041e-04  4.090e-07   1.6e-06  1.4e-07  9.3e+03  1.6e+03
  1660  2.97019e-02  3.040e-04  4.086e-07   1.6e-06  1.4e-07  9.3e+03  1.6e+03
  1670  2.98856e-02  3.023e-04  4.011e-07   1.6e-06  1.4e-07  9.3e+03  1.6e+03
  1680  3.03261e-02  2.983e-04  3.825e-07   1.6e-06  1.4e-07  9.4e+03  1.6e+03
  1690  3.12590e-02  2.910e-04  3.398e-07   1.6e-06  1.2e-07  9.4e+03  1.6e+03
  1700  3.13014e-02  2.907e-04  3.378e-07   1.6e-06  1.2e-07  9.4e+03  1.6e+03
  1710  3.13067e-02  2.907e-04  3.375e-07   1.6e-06  1.2e-07  9.5e+03  1.6e+03
 
   itn      x(1)       norm r    norm Ar  compatible   LS      norm A   cond A
  1720  3.13104e-02  2.906e-04  3.374e-07   1.6e-06  1.2e-07  9.5e+03  2.0e+03
  1730  3.14457e-02  2.897e-04  3.315e-07   1.6e-06  1.2e-07  9.5e+03  1.6e+03
  1740  3.15649e-02  2.889e-04  3.262e-07   1.6e-06  1.2e-07  9.5e+03  1.6e+03
  1750  3.16564e-02  2.883e-04  3.222e-07   1.6e-06  1.2e-07  9.6e+03  1.6e+03
  1760  3.16577e-02  2.883e-04  3.221e-07   1.6e-06  1.2e-07  9.6e+03  1.6e+03
  1770  3.16587e-02  2.883e-04  3.221e-07   1.6e-06  1.2e-07  9.6e+03  4.5e+03
  1780  3.16595e-02  2.883e-04  3.221e-07   1.6e-06  1.2e-07  9.6e+03  7.8e+03
  1790  3.22427e-02  2.845e-04  3.052e-07   1.5e-06  1.1e-07  9.7e+03  1.6e+03
  1800  3.31395e-02  2.795e-04  2.772e-07   1.5e-06  1.0e-07  9.7e+03  1.6e+03
  1810  3.34279e-02  2.780e-04  2.676e-07   1.5e-06  9.9e-08  9.7e+03  1.6e+03
  1820  3.34356e-02  2.780e-04  2.674e-07   1.5e-06  9.9e-08  9.8e+03  6.4e+03
  1830  3.35093e-02  2.776e-04  2.653e-07   1.5e-06  9.8e-08  9.8e+03  1.6e+03
  1840  3.35391e-02  2.774e-04  2.645e-07   1.5e-06  9.7e-08  9.8e+03  2.3e+03
  1850  3.36760e-02  2.767e-04  2.607e-07   1.5e-06  9.6e-08  9.8e+03  1.6e+03
  1860  3.36834e-02  2.767e-04  2.605e-07   1.5e-06  9.6e-08  9.9e+03  3.3e+03
  1870  3.36983e-02  2.766e-04  2.601e-07   1.5e-06  9.5e-08  9.9e+03  1.6e+03
  1880  3.37008e-02  2.766e-04  2.600e-07   1.5e-06  9.5e-08  9.9e+03  3.2e+03
  1890  3.37119e-02  2.765e-04  2.598e-07   1.5e-06  9.4e-08  9.9e+03  5.1e+03
  1900  3.37570e-02  2.763e-04  2.588e-07   1.5e-06  9.4e-08  1.0e+04  1.6e+03
  1910  3.38424e-02  2.758e-04  2.568e-07   1.5e-06  9.3e-08  1.0e+04  1.6e+03
 
   itn      x(1)       norm r    norm Ar  compatible   LS      norm A   cond A
  1920  3.47953e-02  2.712e-04  2.343e-07   1.5e-06  8.6e-08  1.0e+04  1.6e+03
  1930  3.49409e-02  2.706e-04  2.306e-07   1.5e-06  8.5e-08  1.0e+04  3.5e+03
  1940  3.52231e-02  2.694e-04  2.234e-07   1.5e-06  8.2e-08  1.0e+04  1.6e+03
  1950  3.52803e-02  2.691e-04  2.219e-07   1.4e-06  8.2e-08  1.0e+04  1.3e+04
  1960  3.52837e-02  2.691e-04  2.218e-07   1.4e-06  8.1e-08  1.0e+04  2.3e+04
  1970  3.53170e-02  2.690e-04  2.212e-07   1.4e-06  8.1e-08  1.0e+04  3.0e+03
  1980  3.54051e-02  2.686e-04  2.193e-07   1.4e-06  8.0e-08  1.0e+04  1.6e+03
  1990  3.54240e-02  2.685e-04  2.190e-07   1.4e-06  8.0e-08  1.0e+04  1.6e+03
  2000  3.56471e-02  2.676e-04  2.143e-07   1.4e-06  7.8e-08  1.0e+04  1.6e+03
  2010  3.56795e-02  2.674e-04  2.137e-07   1.4e-06  7.8e-08  1.0e+04  3.0e+03
  2020  3.56975e-02  2.673e-04  2.133e-07   1.4e-06  7.8e-08  1.0e+04  1.8e+04
  2030  3.57139e-02  2.673e-04  2.129e-07   1.4e-06  7.7e-08  1.0e+04  1.6e+03
  2040  3.57394e-02  2.672e-04  2.124e-07   1.4e-06  7.7e-08  1.0e+04  1.6e+03
  2050  3.57610e-02  2.671e-04  2.120e-07   1.4e-06  7.7e-08  1.0e+04  1.6e+03
  2060  3.57987e-02  2.669e-04  2.113e-07   1.4e-06  7.6e-08  1.0e+04  1.6e+03
  2070  3.64223e-02  2.644e-04  1.991e-07   1.4e-06  7.2e-08  1.0e+04  1.6e+03
  2080  3.66432e-02  2.636e-04  1.946e-07   1.4e-06  7.1e-08  1.0e+04  1.6e+03
  2090  3.66505e-02  2.636e-04  1.944e-07   1.4e-06  7.1e-08  1.0e+04  8.2e+03
  2100  3.66518e-02  2.636e-04  1.944e-07   1.4e-06  7.0e-08  1.0e+04  2.3e+04
  2110  3.66584e-02  2.636e-04  1.943e-07   1.4e-06  7.0e-08  1.1e+04  1.6e+03
 
   itn      x(1)       norm r    norm Ar  compatible   LS      norm A   cond A
  2120  3.68897e-02  2.626e-04  1.908e-07   1.4e-06  6.9e-08  1.1e+04  1.6e+03
  2130  3.72210e-02  2.613e-04  1.857e-07   1.4e-06  6.7e-08  1.1e+04  6.4e+03
  2140  3.72496e-02  2.612e-04  1.852e-07   1.4e-06  6.7e-08  1.1e+04  1.6e+03
  2150  3.79941e-02  2.585e-04  1.732e-07   1.4e-06  6.3e-08  1.1e+04  1.6e+03
  2160  3.81183e-02  2.581e-04  1.711e-07   1.4e-06  6.2e-08  1.1e+04  1.8e+04
  2170  3.81189e-02  2.581e-04  1.711e-07   1.4e-06  6.2e-08  1.1e+04  1.6e+03
  2180  3.81205e-02  2.581e-04  1.711e-07   1.4e-06  6.2e-08  1.1e+04  1.9e+04
  2190  3.82382e-02  2.576e-04  1.696e-07   1.4e-06  6.2e-08  1.1e+04  1.6e+03
  2200  3.84378e-02  2.569e-04  1.670e-07   1.4e-06  6.1e-08  1.1e+04  1.6e+03
  2210  3.84416e-02  2.569e-04  1.669e-07   1.4e-06  6.0e-08  1.1e+04  1.1e+04
  2220  3.84569e-02  2.568e-04  1.667e-07   1.4e-06  6.0e-08  1.1e+04  1.6e+03
  2230  3.84894e-02  2.567e-04  1.663e-07   1.4e-06  6.0e-08  1.1e+04  1.6e+03
  2240  3.86014e-02  2.563e-04  1.648e-07   1.4e-06  5.9e-08  1.1e+04  1.6e+03
  2250  3.88358e-02  2.555e-04  1.618e-07   1.4e-06  5.8e-08  1.1e+04  1.6e+03
  2260  3.90325e-02  2.548e-04  1.592e-07   1.4e-06  5.7e-08  1.1e+04  1.6e+03
  2270  3.92213e-02  2.541e-04  1.566e-07   1.4e-06  5.7e-08  1.1e+04  1.6e+03
  2280  3.93402e-02  2.538e-04  1.550e-07   1.4e-06  5.6e-08  1.1e+04  1.6e+03
  2290  3.93650e-02  2.537e-04  1.547e-07   1.4e-06  5.6e-08  1.1e+04  7.0e+03
  2300  3.93667e-02  2.537e-04  1.547e-07   1.4e-06  5.6e-08  1.1e+04  1.6e+03
  2310  3.93683e-02  2.537e-04  1.546e-07   1.4e-06  5.5e-08  1.1e+04  6.8e+03
 
   itn      x(1)       norm r    norm Ar  compatible   LS      norm A   cond A
  2320  3.95309e-02  2.531e-04  1.530e-07   1.4e-06  5.5e-08  1.1e+04  1.6e+03
  2330  3.97288e-02  2.524e-04  1.509e-07   1.4e-06  5.4e-08  1.1e+04  1.6e+03
  2340  3.97793e-02  2.522e-04  1.504e-07   1.4e-06  5.4e-08  1.1e+04  1.6e+03
  2350  3.98967e-02  2.518e-04  1.491e-07   1.4e-06  5.3e-08  1.1e+04  1.6e+03
  2360  3.98976e-02  2.518e-04  1.491e-07   1.4e-06  5.3e-08  1.1e+04  2.9e+04
  2370  3.98981e-02  2.518e-04  1.491e-07   1.4e-06  5.3e-08  1.1e+04  6.4e+03
  2380  3.98989e-02  2.518e-04  1.491e-07   1.4e-06  5.3e-08  1.1e+04  5.4e+04
  2390  3.99179e-02  2.517e-04  1.490e-07   1.4e-06  5.3e-08  1.1e+04  1.6e+03
  2400  4.01056e-02  2.509e-04  1.477e-07   1.4e-06  5.3e-08  1.1e+04  1.6e+03
  2410  4.04174e-02  2.497e-04  1.455e-07   1.3e-06  5.2e-08  1.1e+04  1.6e+03
  2420  4.09066e-02  2.479e-04  1.420e-07   1.3e-06  5.1e-08  1.1e+04  2.7e+03
  2430  4.14528e-02  2.459e-04  1.380e-07   1.3e-06  5.0e-08  1.1e+04  1.6e+03
  2440  4.15014e-02  2.458e-04  1.376e-07   1.3e-06  5.0e-08  1.1e+04  1.6e+03
  2450  4.15574e-02  2.456e-04  1.372e-07   1.3e-06  4.9e-08  1.1e+04  1.6e+03
  2460  4.15981e-02  2.454e-04  1.369e-07   1.3e-06  4.9e-08  1.1e+04  1.6e+03
  2470  4.16064e-02  2.454e-04  1.368e-07   1.3e-06  4.9e-08  1.1e+04  4.0e+03
  2480  4.16079e-02  2.454e-04  1.368e-07   1.3e-06  4.9e-08  1.1e+04  2.3e+04
  2490  4.16227e-02  2.453e-04  1.367e-07   1.3e-06  4.9e-08  1.1e+04  1.8e+03
  2500  4.16793e-02  2.451e-04  1.364e-07   1.3e-06  4.9e-08  1.1e+04  1.6e+03
  2510  4.19356e-02  2.441e-04  1.347e-07   1.3e-06  4.8e-08  1.1e+04  1.6e+03
 
   itn      x(1)       norm r    norm Ar  compatible   LS      norm A   cond A
  2520  4.19791e-02  2.440e-04  1.345e-07   1.3e-06  4.8e-08  1.1e+04  1.1e+04
  2530  4.20081e-02  2.439e-04  1.343e-07   1.3e-06  4.8e-08  1.2e+04  1.7e+03
  2540  4.23966e-02  2.424e-04  1.318e-07   1.3e-06  4.7e-08  1.2e+04  1.6e+03
  2550  4.25277e-02  2.419e-04  1.310e-07   1.3e-06  4.7e-08  1.2e+04  8.3e+03
  2560  4.25433e-02  2.418e-04  1.309e-07   1.3e-06  4.7e-08  1.2e+04  1.6e+03
  2570  4.25466e-02  2.418e-04  1.308e-07   1.3e-06  4.7e-08  1.2e+04  1.1e+04
  2580  4.25495e-02  2.418e-04  1.308e-07   1.3e-06  4.7e-08  1.2e+04  2.7e+04
  2590  4.25502e-02  2.418e-04  1.308e-07   1.3e-06  4.6e-08  1.2e+04  4.1e+03
  2600  4.25505e-02  2.418e-04  1.308e-07   1.3e-06  4.6e-08  1.2e+04  1.9e+03
  2610  4.25613e-02  2.418e-04  1.308e-07   1.3e-06  4.6e-08  1.2e+04  1.6e+03
  2620  4.25995e-02  2.416e-04  1.306e-07   1.3e-06  4.6e-08  1.2e+04  1.6e+03
  2630  4.29532e-02  2.401e-04  1.287e-07   1.3e-06  4.6e-08  1.2e+04  1.6e+03
  2640  4.31032e-02  2.395e-04  1.279e-07   1.3e-06  4.5e-08  1.2e+04  3.0e+04
  2650  4.31107e-02  2.394e-04  1.279e-07   1.3e-06  4.5e-08  1.2e+04  5.5e+03
  2660  4.31140e-02  2.394e-04  1.278e-07   1.3e-06  4.5e-08  1.2e+04  2.5e+03
  2670  4.38373e-02  2.363e-04  1.241e-07   1.3e-06  4.4e-08  1.2e+04  1.6e+03
  2680  4.38699e-02  2.362e-04  1.239e-07   1.3e-06  4.4e-08  1.2e+04  1.6e+03
  2690  4.38702e-02  2.362e-04  1.239e-07   1.3e-06  4.4e-08  1.2e+04  2.4e+04
  2700  4.38857e-02  2.361e-04  1.238e-07   1.3e-06  4.4e-08  1.2e+04  1.7e+04
  2710  4.39717e-02  2.357e-04  1.234e-07   1.3e-06  4.4e-08  1.2e+04  1.6e+03
 
   itn      x(1)       norm r    norm Ar  compatible   LS      norm A   cond A
  2720  4.41076e-02  2.350e-04  1.228e-07   1.3e-06  4.4e-08  1.2e+04  2.5e+03
  2730  4.45828e-02  2.327e-04  1.206e-07   1.3e-06  4.3e-08  1.2e+04  1.6e+03
  2740  4.46597e-02  2.323e-04  1.203e-07   1.3e-06  4.3e-08  1.2e+04  1.6e+03
  2750  4.48584e-02  2.314e-04  1.194e-07   1.2e-06  4.3e-08  1.2e+04  1.6e+03
  2760  4.51225e-02  2.301e-04  1.181e-07   1.2e-06  4.3e-08  1.2e+04  1.6e+03
  2770  4.55951e-02  2.279e-04  1.159e-07   1.2e-06  4.2e-08  1.2e+04  1.6e+03
  2780  4.60970e-02  2.257e-04  1.134e-07   1.2e-06  4.2e-08  1.2e+04  1.8e+03
  2790  4.61644e-02  2.254e-04  1.131e-07   1.2e-06  4.2e-08  1.2e+04  1.6e+03
  2800  4.63886e-02  2.244e-04  1.120e-07   1.2e-06  4.1e-08  1.2e+04  1.3e+04
  2810  4.64129e-02  2.243e-04  1.119e-07   1.2e-06  4.1e-08  1.2e+04  5.9e+04
  2820  4.64191e-02  2.243e-04  1.118e-07   1.2e-06  4.1e-08  1.2e+04  1.6e+03
  2830  4.66239e-02  2.233e-04  1.108e-07   1.2e-06  4.1e-08  1.2e+04  1.6e+03
  2840  4.66266e-02  2.233e-04  1.108e-07   1.2e-06  4.1e-08  1.2e+04  3.9e+04
  2850  4.66266e-02  2.233e-04  1.108e-07   1.2e-06  4.1e-08  1.2e+04  1.1e+05
  2860  4.66298e-02  2.233e-04  1.108e-07   1.2e-06  4.1e-08  1.2e+04  8.6e+03
  2870  4.66658e-02  2.230e-04  1.105e-07   1.2e-06  4.0e-08  1.2e+04  1.6e+03
  2880  4.66839e-02  2.229e-04  1.104e-07   1.2e-06  4.0e-08  1.2e+04  1.6e+03
  2890  4.67664e-02  2.223e-04  1.099e-07   1.2e-06  4.0e-08  1.2e+04  1.7e+03
  2900  4.67874e-02  2.221e-04  1.097e-07   1.2e-06  4.0e-08  1.2e+04  9.1e+03
  2910  4.67886e-02  2.221e-04  1.097e-07   1.2e-06  4.0e-08  1.2e+04  2.9e+04
 
   itn      x(1)       norm r    norm Ar  compatible   LS      norm A   cond A
  2920  4.68024e-02  2.220e-04  1.096e-07   1.2e-06  4.0e-08  1.2e+04  5.7e+03
  2930  4.68055e-02  2.220e-04  1.096e-07   1.2e-06  4.0e-08  1.2e+04  1.6e+03
  2940  4.68104e-02  2.219e-04  1.096e-07   1.2e-06  4.0e-08  1.2e+04  2.1e+04
  2950  4.68269e-02  2.218e-04  1.095e-07   1.2e-06  4.0e-08  1.2e+04  6.3e+03
  2960  4.68582e-02  2.215e-04  1.092e-07   1.2e-06  4.0e-08  1.2e+04  4.0e+03
  2970  4.69740e-02  2.204e-04  1.084e-07   1.2e-06  3.9e-08  1.2e+04  1.6e+03
  2980  4.69943e-02  2.202e-04  1.082e-07   1.2e-06  3.9e-08  1.2e+04  1.6e+03
  2990  4.69972e-02  2.201e-04  1.082e-07   1.2e-06  3.9e-08  1.3e+04  1.2e+04
  3000  4.69986e-02  2.201e-04  1.082e-07   1.2e-06  3.9e-08  1.3e+04  1.6e+03
  3010  4.69990e-02  2.201e-04  1.082e-07   1.2e-06  3.9e-08  1.3e+04  1.1e+04
  3020  4.69996e-02  2.201e-04  1.082e-07   1.2e-06  3.9e-08  1.3e+04  8.4e+04
  3030  4.69997e-02  2.201e-04  1.082e-07   1.2e-06  3.9e-08  1.3e+04  3.6e+03
  3040  4.70032e-02  2.200e-04  1.081e-07   1.2e-06  3.9e-08  1.3e+04  1.6e+03
  3050  4.70300e-02  2.192e-04  1.077e-07   1.2e-06  3.9e-08  1.3e+04  1.7e+03
  3060  4.70660e-02  2.181e-04  1.071e-07   1.2e-06  3.9e-08  1.3e+04  2.1e+03
  3070  4.70678e-02  2.181e-04  1.070e-07   1.2e-06  3.9e-08  1.3e+04  2.9e+03
  3080  4.70687e-02  2.180e-04  1.070e-07   1.2e-06  3.9e-08  1.3e+04  1.6e+03
  3090  4.70742e-02  2.178e-04  1.069e-07   1.2e-06  3.9e-08  1.3e+04  1.6e+03
  3100  4.70822e-02  2.175e-04  1.067e-07   1.2e-06  3.9e-08  1.3e+04  8.0e+03
  3110  4.70833e-02  2.174e-04  1.067e-07   1.2e-06  3.8e-08  1.3e+04  1.1e+04
 
   itn      x(1)       norm r    norm Ar  compatible   LS      norm A   cond A
  3120  4.70834e-02  2.174e-04  1.067e-07   1.2e-06  3.8e-08  1.3e+04  2.6e+04
  3130  4.70837e-02  2.174e-04  1.067e-07   1.2e-06  3.8e-08  1.3e+04  1.6e+03
  3140  4.70837e-02  2.173e-04  1.067e-07   1.2e-06  3.8e-08  1.3e+04  1.5e+04
  3150  4.70837e-02  2.173e-04  1.067e-07   1.2e-06  3.8e-08  1.3e+04  2.6e+03
  3160  4.70838e-02  2.170e-04  1.065e-07   1.2e-06  3.8e-08  1.3e+04  1.8e+03
  3170  4.70838e-02  2.170e-04  1.065e-07   1.2e-06  3.8e-08  1.3e+04  3.8e+04
  3180  4.70837e-02  2.170e-04  1.065e-07   1.2e-06  3.8e-08  1.3e+04  5.0e+04
  3190  4.70833e-02  2.169e-04  1.065e-07   1.2e-06  3.8e-08  1.3e+04  1.6e+03
  3200  4.70823e-02  2.169e-04  1.065e-07   1.2e-06  3.8e-08  1.3e+04  5.6e+03
  3210  4.70783e-02  2.167e-04  1.064e-07   1.2e-06  3.8e-08  1.3e+04  1.6e+03
  3220  4.70563e-02  2.155e-04  1.059e-07   1.2e-06  3.8e-08  1.3e+04  3.9e+03
  3230  4.70425e-02  2.148e-04  1.056e-07   1.2e-06  3.8e-08  1.3e+04  1.6e+03
  3240  4.70406e-02  2.147e-04  1.056e-07   1.2e-06  3.8e-08  1.3e+04  1.6e+03
  3250  4.70380e-02  2.146e-04  1.056e-07   1.2e-06  3.8e-08  1.3e+04  1.6e+03
  3260  4.68296e-02  2.062e-04  1.022e-07   1.1e-06  3.8e-08  1.3e+04  1.8e+03
  3270  4.67190e-02  2.018e-04  1.004e-07   1.1e-06  3.8e-08  1.3e+04  1.6e+03
  3280  4.66850e-02  2.004e-04  9.989e-08   1.1e-06  3.8e-08  1.3e+04  1.6e+03
  3290  4.66457e-02  1.989e-04  9.923e-08   1.1e-06  3.8e-08  1.3e+04  1.6e+03
  3300  4.66436e-02  1.988e-04  9.920e-08   1.1e-06  3.8e-08  1.3e+04  7.0e+03
  3310  4.66420e-02  1.988e-04  9.917e-08   1.1e-06  3.8e-08  1.3e+04  1.6e+03
 
   itn      x(1)       norm r    norm Ar  compatible   LS      norm A   cond A
  3320  4.66407e-02  1.987e-04  9.915e-08   1.1e-06  3.8e-08  1.3e+04  2.1e+03
  3330  4.66390e-02  1.986e-04  9.913e-08   1.1e-06  3.8e-08  1.3e+04  2.0e+04
  3340  4.66098e-02  1.976e-04  9.867e-08   1.1e-06  3.8e-08  1.3e+04  1.6e+03
  3350  4.65765e-02  1.963e-04  9.815e-08   1.1e-06  3.8e-08  1.3e+04  1.6e+03
  3360  4.65731e-02  1.962e-04  9.810e-08   1.1e-06  3.8e-08  1.3e+04  9.1e+03
  3370  4.65726e-02  1.962e-04  9.809e-08   1.1e-06  3.8e-08  1.3e+04  1.6e+03
  3380  4.65720e-02  1.962e-04  9.808e-08   1.1e-06  3.8e-08  1.3e+04  6.7e+03
  3390  4.65683e-02  1.960e-04  9.803e-08   1.1e-06  3.8e-08  1.3e+04  6.0e+03
  3400  4.65377e-02  1.950e-04  9.763e-08   1.1e-06  3.8e-08  1.3e+04  1.6e+03
  3410  4.64114e-02  1.908e-04  9.593e-08   1.0e-06  3.8e-08  1.3e+04  2.4e+04
  3420  4.63937e-02  1.902e-04  9.569e-08   1.0e-06  3.8e-08  1.3e+04  1.6e+03
  3430  4.63931e-02  1.902e-04  9.568e-08   1.0e-06  3.8e-08  1.3e+04  1.6e+03
  3440  4.63916e-02  1.902e-04  9.567e-08   1.0e-06  3.8e-08  1.3e+04  1.1e+04
  3450  4.63169e-02  1.877e-04  9.468e-08   1.0e-06  3.8e-08  1.3e+04  2.7e+03
  3460  4.59877e-02  1.773e-04  9.022e-08   9.5e-07  3.8e-08  1.3e+04  1.6e+03
  3467  4.58490e-02  1.731e-04  8.827e-08   9.3e-07  3.8e-08  1.3e+04  1.6e+03
  3468  4.58488e-02  1.731e-04  8.826e-08   9.3e-07  3.8e-08  1.3e+04  1.6e+03
  3469  4.58438e-02  1.729e-04  8.819e-08   9.3e-07  3.8e-08  1.3e+04  4.2e+03
  3470  4.58438e-02  1.729e-04  8.819e-08   9.3e-07  3.8e-08  1.3e+04  3.3e+03
  3471  4.58436e-02  1.729e-04  8.819e-08   9.3e-07  3.8e-08  1.3e+04  3.2e+03
 
   itn      x(1)       norm r    norm Ar  compatible   LS      norm A   cond A
  3472  4.58436e-02  1.729e-04  8.819e-08   9.3e-07  3.8e-08  1.3e+04  1.6e+03
  3473  4.58435e-02  1.729e-04  8.819e-08   9.3e-07  3.8e-08  1.3e+04  1.6e+03
  3474  4.58360e-02  1.727e-04  8.808e-08   9.3e-07  3.8e-08  1.3e+04  1.6e+03
  3475  4.58360e-02  1.727e-04  8.808e-08   9.3e-07  3.8e-08  1.3e+04  4.7e+03
  3476  4.58360e-02  1.727e-04  8.808e-08   9.3e-07  3.8e-08  1.3e+04  1.4e+04
  3477  4.58360e-02  1.727e-04  8.808e-08   9.3e-07  3.8e-08  1.3e+04  1.6e+04
  3478  4.58354e-02  1.727e-04  8.807e-08   9.3e-07  3.8e-08  1.3e+04  1.6e+03
  3479  4.58354e-02  1.727e-04  8.807e-08   9.3e-07  3.8e-08  1.3e+04  1.8e+03
  3480  4.58353e-02  1.727e-04  8.807e-08   9.3e-07  3.8e-08  1.3e+04  8.0e+03
  3481  4.58353e-02  1.727e-04  8.807e-08   9.3e-07  3.8e-08  1.3e+04  1.9e+03
  3482  4.58353e-02  1.727e-04  8.807e-08   9.3e-07  3.8e-08  1.3e+04  2.2e+03
  3483  4.58352e-02  1.727e-04  8.807e-08   9.3e-07  3.8e-08  1.3e+04  1.6e+03
  3484  4.58352e-02  1.727e-04  8.807e-08   9.3e-07  3.8e-08  1.3e+04  3.8e+04
  3485  4.58352e-02  1.727e-04  8.807e-08   9.3e-07  3.8e-08  1.4e+04  1.9e+04
  3486  4.58351e-02  1.726e-04  8.807e-08   9.3e-07  3.8e-08  1.4e+04  1.9e+03
  3487  4.58349e-02  1.726e-04  8.807e-08   9.3e-07  3.8e-08  1.4e+04  3.3e+03
  3488  4.58349e-02  1.726e-04  8.807e-08   9.3e-07  3.8e-08  1.4e+04  5.9e+04
  3489  4.58349e-02  1.726e-04  8.807e-08   9.3e-07  3.8e-08  1.4e+04  9.4e+03
  3490  4.58348e-02  1.726e-04  8.807e-08   9.3e-07  3.8e-08  1.4e+04  4.8e+03
  3491  4.58342e-02  1.726e-04  8.806e-08   9.3e-07  3.8e-08  1.4e+04  1.6e+03
 
   itn      x(1)       norm r    norm Ar  compatible   LS      norm A   cond A
  3492  4.58342e-02  1.726e-04  8.806e-08   9.3e-07  3.8e-08  1.4e+04  1.7e+03
  3493  4.58342e-02  1.726e-04  8.806e-08   9.3e-07  3.8e-08  1.4e+04  9.7e+03
  3494  4.58337e-02  1.726e-04  8.805e-08   9.3e-07  3.8e-08  1.4e+04  1.6e+03
  3495  4.58337e-02  1.726e-04  8.805e-08   9.3e-07  3.8e-08  1.4e+04  1.2e+04
  3496  4.58337e-02  1.726e-04  8.805e-08   9.3e-07  3.8e-08  1.4e+04  3.9e+04
  3497  4.58337e-02  1.726e-04  8.805e-08   9.3e-07  3.8e-08  1.4e+04  1.0e+05
  3498  4.58337e-02  1.726e-04  8.805e-08   9.3e-07  3.8e-08  1.4e+04  2.6e+03
  3499  4.58337e-02  1.726e-04  8.805e-08   9.3e-07  3.8e-08  1.4e+04  1.1e+04
  3500  4.58337e-02  1.726e-04  8.805e-08   9.3e-07  3.8e-08  1.4e+04  2.3e+04
  3501  4.58337e-02  1.726e-04  8.805e-08   9.3e-07  3.8e-08  1.4e+04  1.8e+04
  3502  4.58337e-02  1.726e-04  8.805e-08   9.3e-07  3.8e-08  1.4e+04  9.5e+03
  3503  4.58334e-02  1.726e-04  8.805e-08   9.3e-07  3.8e-08  1.4e+04  4.0e+03
  3504  4.58334e-02  1.726e-04  8.805e-08   9.3e-07  3.8e-08  1.4e+04  1.6e+03
  3505  4.58334e-02  1.726e-04  8.805e-08   9.3e-07  3.8e-08  1.4e+04  7.0e+03
  3506  4.58332e-02  1.726e-04  8.804e-08   9.3e-07  3.8e-08  1.4e+04  2.5e+04
  3507  4.58331e-02  1.726e-04  8.804e-08   9.3e-07  3.8e-08  1.4e+04  1.6e+03
  3508  4.58331e-02  1.726e-04  8.804e-08   9.3e-07  3.8e-08  1.4e+04  1.7e+04
  3509  4.58331e-02  1.726e-04  8.804e-08   9.3e-07  3.8e-08  1.4e+04  3.0e+04
  3510  4.58329e-02  1.726e-04  8.804e-08   9.3e-07  3.8e-08  1.4e+04  1.6e+03
  3511  4.58328e-02  1.726e-04  8.804e-08   9.3e-07  3.8e-08  1.4e+04  1.6e+03
 
   itn      x(1)       norm r    norm Ar  compatible   LS      norm A   cond A
  3512  4.58327e-02  1.726e-04  8.804e-08   9.3e-07  3.8e-08  1.4e+04  3.1e+03
  3513  4.58327e-02  1.726e-04  8.804e-08   9.3e-07  3.8e-08  1.4e+04  1.6e+03
  3514  4.58327e-02  1.726e-04  8.804e-08   9.3e-07  3.8e-08  1.4e+04  3.7e+04
  3515  4.58326e-02  1.726e-04  8.804e-08   9.3e-07  3.8e-08  1.4e+04  1.6e+03
  3516  4.58326e-02  1.726e-04  8.804e-08   9.3e-07  3.8e-08  1.4e+04  1.6e+03
  3517  4.58326e-02  1.726e-04  8.804e-08   9.3e-07  3.8e-08  1.4e+04  1.6e+03
  3518  4.58271e-02  1.724e-04  8.797e-08   9.3e-07  3.8e-08  1.4e+04  2.8e+04
  3519  4.58271e-02  1.724e-04  8.797e-08   9.3e-07  3.8e-08  1.4e+04  1.6e+03
  3520  4.58268e-02  1.724e-04  8.797e-08   9.3e-07  3.8e-08  1.4e+04  5.7e+03
  3521  4.58268e-02  1.724e-04  8.797e-08   9.3e-07  3.8e-08  1.4e+04  1.6e+03
  3522  4.58267e-02  1.724e-04  8.796e-08   9.3e-07  3.8e-08  1.4e+04  1.6e+03
  3523  4.58266e-02  1.724e-04  8.796e-08   9.3e-07  3.8e-08  1.4e+04  1.6e+03
  3524  4.58266e-02  1.724e-04  8.796e-08   9.3e-07  3.8e-08  1.4e+04  1.6e+03
  3525  4.58266e-02  1.724e-04  8.796e-08   9.3e-07  3.8e-08  1.4e+04  1.0e+04
  3526  4.58254e-02  1.724e-04  8.795e-08   9.3e-07  3.8e-08  1.4e+04  2.1e+03
  3527  4.58253e-02  1.724e-04  8.795e-08   9.3e-07  3.8e-08  1.4e+04  1.6e+03
  3528  4.58253e-02  1.724e-04  8.795e-08   9.3e-07  3.8e-08  1.4e+04  2.1e+03
  3529  4.58253e-02  1.724e-04  8.795e-08   9.3e-07  3.8e-08  1.4e+04  3.6e+03
  3530  4.58253e-02  1.724e-04  8.795e-08   9.3e-07  3.8e-08  1.4e+04  3.5e+03
  3531  4.58186e-02  1.722e-04  8.786e-08   9.3e-07  3.8e-08  1.4e+04  1.6e+03
 
   itn      x(1)       norm r    norm Ar  compatible   LS      norm A   cond A
  3532  4.58185e-02  1.722e-04  8.786e-08   9.3e-07  3.8e-08  1.4e+04  4.7e+03
  3533  4.57806e-02  1.711e-04  8.739e-08   9.2e-07  3.8e-08  1.4e+04  1.6e+03
  3534  4.57646e-02  1.707e-04  8.719e-08   9.2e-07  3.8e-08  1.4e+04  1.6e+03
  3535  4.57627e-02  1.706e-04  8.717e-08   9.2e-07  3.8e-08  1.4e+04  1.6e+03
  3536  4.57624e-02  1.706e-04  8.717e-08   9.2e-07  3.8e-08  1.4e+04  1.6e+03
  3537  4.57610e-02  1.706e-04  8.715e-08   9.2e-07  3.8e-08  1.4e+04  5.5e+03
  3538  4.57582e-02  1.705e-04  8.711e-08   9.2e-07  3.8e-08  1.4e+04  1.6e+03
  3539  4.57461e-02  1.702e-04  8.696e-08   9.2e-07  3.8e-08  1.4e+04  1.6e+03
  3540  4.57461e-02  1.702e-04  8.696e-08   9.2e-07  3.8e-08  1.4e+04  1.6e+03
  3541  4.57460e-02  1.702e-04  8.696e-08   9.2e-07  3.8e-08  1.4e+04  1.6e+03
  3542  4.57450e-02  1.701e-04  8.695e-08   9.2e-07  3.8e-08  1.4e+04  1.3e+04
  3543  4.57447e-02  1.701e-04  8.695e-08   9.2e-07  3.8e-08  1.4e+04  1.6e+03
  3544  4.57444e-02  1.701e-04  8.694e-08   9.2e-07  3.8e-08  1.4e+04  1.6e+03
  3545  4.57443e-02  1.701e-04  8.694e-08   9.2e-07  3.8e-08  1.4e+04  1.6e+03
  3546  4.57443e-02  1.701e-04  8.694e-08   9.2e-07  3.8e-08  1.4e+04  1.1e+04
  3547  4.57443e-02  1.701e-04  8.694e-08   9.2e-07  3.8e-08  1.4e+04  8.9e+03
  3548  4.57408e-02  1.700e-04  8.690e-08   9.2e-07  3.8e-08  1.4e+04  4.8e+03
  3549  4.57408e-02  1.700e-04  8.690e-08   9.2e-07  3.8e-08  1.4e+04  1.6e+03
  3550  4.57408e-02  1.700e-04  8.690e-08   9.2e-07  3.8e-08  1.4e+04  7.1e+03
  3551  4.57376e-02  1.699e-04  8.686e-08   9.1e-07  3.8e-08  1.4e+04  1.8e+03
 
   itn      x(1)       norm r    norm Ar  compatible   LS      norm A   cond A
  3552  4.57376e-02  1.699e-04  8.686e-08   9.1e-07  3.8e-08  1.4e+04  1.6e+03
  3553  4.57374e-02  1.699e-04  8.686e-08   9.1e-07  3.7e-08  1.4e+04  5.2e+03
  3554  4.57371e-02  1.699e-04  8.685e-08   9.1e-07  3.7e-08  1.4e+04  1.6e+03
  3555  4.57295e-02  1.697e-04  8.676e-08   9.1e-07  3.8e-08  1.4e+04  1.6e+03
  3556  4.57295e-02  1.697e-04  8.676e-08   9.1e-07  3.8e-08  1.4e+04  2.2e+03
  3557  4.57295e-02  1.697e-04  8.676e-08   9.1e-07  3.8e-08  1.4e+04  2.1e+03
  3558  4.57295e-02  1.697e-04  8.676e-08   9.1e-07  3.7e-08  1.4e+04  1.6e+03
  3559  4.57202e-02  1.694e-04  8.664e-08   9.1e-07  3.7e-08  1.4e+04  1.6e+03
  3560  4.57197e-02  1.694e-04  8.663e-08   9.1e-07  3.7e-08  1.4e+04  1.6e+03
  3561  4.57197e-02  1.694e-04  8.663e-08   9.1e-07  3.7e-08  1.4e+04  1.6e+03
  3562  4.57094e-02  1.691e-04  8.651e-08   9.1e-07  3.7e-08  1.4e+04  1.8e+03
  3563  4.57094e-02  1.691e-04  8.651e-08   9.1e-07  3.7e-08  1.4e+04  3.7e+03
  3564  4.57094e-02  1.691e-04  8.651e-08   9.1e-07  3.7e-08  1.4e+04  2.2e+03
  3565  4.57094e-02  1.691e-04  8.651e-08   9.1e-07  3.7e-08  1.4e+04  2.5e+03
  3566  4.57094e-02  1.691e-04  8.651e-08   9.1e-07  3.7e-08  1.4e+04  7.7e+03
  3567  4.57093e-02  1.691e-04  8.650e-08   9.1e-07  3.7e-08  1.4e+04  4.0e+03
  3568  4.57093e-02  1.691e-04  8.650e-08   9.1e-07  3.7e-08  1.4e+04  1.6e+03
  3569  4.57087e-02  1.691e-04  8.650e-08   9.1e-07  3.7e-08  1.4e+04  1.6e+03
  3570  4.57087e-02  1.691e-04  8.650e-08   9.1e-07  3.7e-08  1.4e+04  4.5e+03
  3571  4.57063e-02  1.691e-04  8.647e-08   9.1e-07  3.7e-08  1.4e+04  1.6e+03
 
   itn      x(1)       norm r    norm Ar  compatible   LS      norm A   cond A
  3572  4.57063e-02  1.691e-04  8.647e-08   9.1e-07  3.7e-08  1.4e+04  4.0e+03
  3573  4.57049e-02  1.690e-04  8.645e-08   9.1e-07  3.7e-08  1.4e+04  4.8e+03
  3574  4.57039e-02  1.690e-04  8.644e-08   9.1e-07  3.7e-08  1.4e+04  1.6e+03
  3575  4.57039e-02  1.690e-04  8.644e-08   9.1e-07  3.7e-08  1.4e+04  4.0e+03
  3576  4.57039e-02  1.690e-04  8.644e-08   9.1e-07  3.7e-08  1.4e+04  6.2e+03
  3577  4.57029e-02  1.690e-04  8.642e-08   9.1e-07  3.7e-08  1.4e+04  2.2e+03
  3578  4.57027e-02  1.690e-04  8.642e-08   9.1e-07  3.7e-08  1.4e+04  1.6e+03
  3579  4.57026e-02  1.689e-04  8.642e-08   9.1e-07  3.7e-08  1.4e+04  1.6e+03
  3580  4.57008e-02  1.689e-04  8.640e-08   9.1e-07  3.7e-08  1.4e+04  9.6e+03
  3581  4.57008e-02  1.689e-04  8.640e-08   9.1e-07  3.7e-08  1.4e+04  2.0e+03
  3582  4.57006e-02  1.689e-04  8.640e-08   9.1e-07  3.7e-08  1.4e+04  8.0e+03
  3583  4.57005e-02  1.689e-04  8.639e-08   9.1e-07  3.7e-08  1.4e+04  1.6e+03
  3584  4.57005e-02  1.689e-04  8.639e-08   9.1e-07  3.7e-08  1.4e+04  1.6e+03
  3585  4.56996e-02  1.689e-04  8.638e-08   9.1e-07  3.7e-08  1.4e+04  1.6e+03
  3586  4.56980e-02  1.688e-04  8.636e-08   9.1e-07  3.7e-08  1.4e+04  1.6e+03
  3587  4.56980e-02  1.688e-04  8.636e-08   9.1e-07  3.7e-08  1.4e+04  1.1e+04
  3588  4.56980e-02  1.688e-04  8.636e-08   9.1e-07  3.7e-08  1.4e+04  3.9e+03
  3589  4.56980e-02  1.688e-04  8.636e-08   9.1e-07  3.7e-08  1.4e+04  8.0e+03
  3590  4.56950e-02  1.687e-04  8.633e-08   9.1e-07  3.7e-08  1.4e+04  1.6e+03
  3591  4.56950e-02  1.687e-04  8.633e-08   9.1e-07  3.7e-08  1.4e+04  5.5e+03
 
   itn      x(1)       norm r    norm Ar  compatible   LS      norm A   cond A
  3592  4.56948e-02  1.687e-04  8.632e-08   9.1e-07  3.7e-08  1.4e+04  7.3e+03
  3593  4.56948e-02  1.687e-04  8.632e-08   9.1e-07  3.7e-08  1.4e+04  1.6e+03
  3594  4.56944e-02  1.687e-04  8.632e-08   9.1e-07  3.7e-08  1.4e+04  1.6e+03
  3595  4.56935e-02  1.687e-04  8.631e-08   9.1e-07  3.7e-08  1.4e+04  1.6e+03
  3596  4.56935e-02  1.687e-04  8.631e-08   9.1e-07  3.7e-08  1.4e+04  1.6e+03
  3597  4.56935e-02  1.687e-04  8.631e-08   9.1e-07  3.7e-08  1.4e+04  2.5e+03
  3598  4.56935e-02  1.687e-04  8.631e-08   9.1e-07  3.7e-08  1.4e+04  3.3e+04
  3599  4.56934e-02  1.687e-04  8.631e-08   9.1e-07  3.7e-08  1.4e+04  1.2e+04
  3600  4.56934e-02  1.687e-04  8.631e-08   9.1e-07  3.7e-08  1.4e+04  6.1e+04
  3601  4.56930e-02  1.687e-04  8.630e-08   9.1e-07  3.7e-08  1.4e+04  1.6e+03
  3602  4.56841e-02  1.684e-04  8.619e-08   9.1e-07  3.7e-08  1.4e+04  1.6e+03
  3603  4.56839e-02  1.684e-04  8.619e-08   9.1e-07  3.7e-08  1.4e+04  1.6e+03
  3604  4.56834e-02  1.684e-04  8.618e-08   9.1e-07  3.7e-08  1.4e+04  1.9e+03
  3605  4.56577e-02  1.677e-04  8.587e-08   9.0e-07  3.7e-08  1.4e+04  1.6e+03
  3606  4.56577e-02  1.677e-04  8.587e-08   9.0e-07  3.7e-08  1.4e+04  1.6e+03
  3607  4.56576e-02  1.677e-04  8.587e-08   9.0e-07  3.7e-08  1.4e+04  1.8e+03
  3608  4.56576e-02  1.677e-04  8.587e-08   9.0e-07  3.7e-08  1.4e+04  7.1e+03
  3609  4.56576e-02  1.677e-04  8.587e-08   9.0e-07  3.7e-08  1.4e+04  2.0e+04
  3610  4.56575e-02  1.677e-04  8.587e-08   9.0e-07  3.7e-08  1.4e+04  3.5e+03
  3611  4.56575e-02  1.677e-04  8.587e-08   9.0e-07  3.7e-08  1.4e+04  1.6e+03
 
   itn      x(1)       norm r    norm Ar  compatible   LS      norm A   cond A
  3612  4.56575e-02  1.677e-04  8.587e-08   9.0e-07  3.7e-08  1.4e+04  6.1e+03
  3613  4.56575e-02  1.677e-04  8.587e-08   9.0e-07  3.7e-08  1.4e+04  5.0e+03
  3614  4.56571e-02  1.677e-04  8.586e-08   9.0e-07  3.7e-08  1.4e+04  8.3e+03
  3615  4.56561e-02  1.677e-04  8.585e-08   9.0e-07  3.7e-08  1.4e+04  1.6e+03
  3616  4.56561e-02  1.677e-04  8.585e-08   9.0e-07  3.7e-08  1.4e+04  7.1e+03
  3617  4.56561e-02  1.677e-04  8.585e-08   9.0e-07  3.7e-08  1.4e+04  2.8e+04
  3618  4.56558e-02  1.677e-04  8.585e-08   9.0e-07  3.7e-08  1.4e+04  5.1e+03
  3619  4.56556e-02  1.677e-04  8.585e-08   9.0e-07  3.7e-08  1.4e+04  1.6e+03
  3620  4.56329e-02  1.671e-04  8.557e-08   9.0e-07  3.7e-08  1.4e+04  1.6e+03
  3621  4.56328e-02  1.671e-04  8.557e-08   9.0e-07  3.7e-08  1.4e+04  1.9e+03
  3622  4.56299e-02  1.670e-04  8.553e-08   9.0e-07  3.7e-08  1.4e+04  1.6e+03
  3623  4.56157e-02  1.666e-04  8.536e-08   9.0e-07  3.7e-08  1.4e+04  1.6e+03
  3624  4.56157e-02  1.666e-04  8.536e-08   9.0e-07  3.7e-08  1.4e+04  2.3e+03
  3625  4.56155e-02  1.666e-04  8.536e-08   9.0e-07  3.7e-08  1.4e+04  1.6e+03
  3626  4.56153e-02  1.666e-04  8.536e-08   9.0e-07  3.7e-08  1.4e+04  1.6e+03
  3627  4.56115e-02  1.665e-04  8.531e-08   9.0e-07  3.7e-08  1.4e+04  1.6e+03
  3628  4.56115e-02  1.665e-04  8.531e-08   9.0e-07  3.7e-08  1.4e+04  1.6e+03
  3629  4.56115e-02  1.665e-04  8.531e-08   9.0e-07  3.7e-08  1.4e+04  1.4e+04
  3630  4.56115e-02  1.665e-04  8.531e-08   9.0e-07  3.7e-08  1.4e+04  3.6e+03
  3631  4.56061e-02  1.663e-04  8.525e-08   9.0e-07  3.7e-08  1.4e+04  1.1e+04
 
   itn      x(1)       norm r    norm Ar  compatible   LS      norm A   cond A
  3632  4.56061e-02  1.663e-04  8.525e-08   9.0e-07  3.7e-08  1.4e+04  6.7e+03
  3633  4.56061e-02  1.663e-04  8.524e-08   9.0e-07  3.7e-08  1.4e+04  3.0e+03
  3634  4.55855e-02  1.658e-04  8.499e-08   8.9e-07  3.7e-08  1.4e+04  1.6e+03
  3635  4.55834e-02  1.657e-04  8.497e-08   8.9e-07  3.7e-08  1.4e+04  1.6e+03
  3636  4.55834e-02  1.657e-04  8.497e-08   8.9e-07  3.7e-08  1.4e+04  1.6e+03
  3637  4.55834e-02  1.657e-04  8.497e-08   8.9e-07  3.7e-08  1.4e+04  1.2e+04
  3638  4.55834e-02  1.657e-04  8.497e-08   8.9e-07  3.7e-08  1.4e+04  1.6e+03
  3639  4.55813e-02  1.657e-04  8.494e-08   8.9e-07  3.7e-08  1.4e+04  3.7e+03
  3640  4.55813e-02  1.657e-04  8.494e-08   8.9e-07  3.7e-08  1.4e+04  1.8e+03
  3641  4.55813e-02  1.657e-04  8.494e-08   8.9e-07  3.7e-08  1.4e+04  2.0e+03
  3642  4.55792e-02  1.656e-04  8.492e-08   8.9e-07  3.7e-08  1.4e+04  3.5e+03
  3643  4.55751e-02  1.655e-04  8.487e-08   8.9e-07  3.7e-08  1.4e+04  1.6e+03
  3644  4.55749e-02  1.655e-04  8.487e-08   8.9e-07  3.7e-08  1.4e+04  1.6e+03
  3645  4.55746e-02  1.655e-04  8.486e-08   8.9e-07  3.7e-08  1.4e+04  1.6e+03
  3646  4.55721e-02  1.654e-04  8.483e-08   8.9e-07  3.7e-08  1.4e+04  1.6e+03
  3647  4.55721e-02  1.654e-04  8.483e-08   8.9e-07  3.7e-08  1.4e+04  3.2e+03
  3648  4.55712e-02  1.654e-04  8.482e-08   8.9e-07  3.7e-08  1.4e+04  9.9e+03
  3649  4.55712e-02  1.654e-04  8.482e-08   8.9e-07  3.7e-08  1.4e+04  5.6e+03
  3650  4.55712e-02  1.654e-04  8.482e-08   8.9e-07  3.7e-08  1.4e+04  7.4e+03
  3651  4.55712e-02  1.654e-04  8.482e-08   8.9e-07  3.7e-08  1.4e+04  4.6e+04
 
   itn      x(1)       norm r    norm Ar  compatible   LS      norm A   cond A
  3652  4.55712e-02  1.654e-04  8.482e-08   8.9e-07  3.7e-08  1.4e+04  5.5e+03
  3653  4.55712e-02  1.654e-04  8.482e-08   8.9e-07  3.7e-08  1.4e+04  4.8e+04
  3654  4.55712e-02  1.654e-04  8.482e-08   8.9e-07  3.7e-08  1.4e+04  1.5e+04
  3655  4.55712e-02  1.654e-04  8.482e-08   8.9e-07  3.7e-08  1.4e+04  7.8e+03
  3656  4.55706e-02  1.654e-04  8.481e-08   8.9e-07  3.7e-08  1.4e+04  3.4e+03
  3657  4.55702e-02  1.654e-04  8.481e-08   8.9e-07  3.7e-08  1.4e+04  8.8e+03
  3658  4.55701e-02  1.654e-04  8.481e-08   8.9e-07  3.7e-08  1.4e+04  1.6e+03
  3659  4.55442e-02  1.647e-04  8.450e-08   8.9e-07  3.7e-08  1.4e+04  1.6e+03
  3660  4.55441e-02  1.647e-04  8.450e-08   8.9e-07  3.7e-08  1.4e+04  1.6e+03
  3661  4.55438e-02  1.647e-04  8.450e-08   8.9e-07  3.7e-08  1.4e+04  6.3e+03
  3662  4.55437e-02  1.647e-04  8.449e-08   8.9e-07  3.7e-08  1.4e+04  1.6e+03
  3663  4.55314e-02  1.644e-04  8.435e-08   8.9e-07  3.7e-08  1.4e+04  1.6e+03
  3664  4.55313e-02  1.644e-04  8.435e-08   8.9e-07  3.7e-08  1.4e+04  1.6e+03
  3665  4.55312e-02  1.644e-04  8.435e-08   8.9e-07  3.7e-08  1.4e+04  2.7e+03
  3666  4.55312e-02  1.644e-04  8.435e-08   8.9e-07  3.7e-08  1.4e+04  5.8e+03
  3667  4.55210e-02  1.641e-04  8.423e-08   8.8e-07  3.7e-08  1.4e+04  1.6e+03
  3668  4.55207e-02  1.641e-04  8.422e-08   8.8e-07  3.7e-08  1.4e+04  1.6e+03
  3669  4.55207e-02  1.641e-04  8.422e-08   8.8e-07  3.7e-08  1.4e+04  1.6e+03
  3670  4.55151e-02  1.640e-04  8.416e-08   8.8e-07  3.7e-08  1.4e+04  1.6e+03
  3671  4.55095e-02  1.638e-04  8.409e-08   8.8e-07  3.7e-08  1.4e+04  1.6e+03
 
   itn      x(1)       norm r    norm Ar  compatible   LS      norm A   cond A
  3672  4.55059e-02  1.637e-04  8.405e-08   8.8e-07  3.7e-08  1.4e+04  1.6e+03
  3673  4.55033e-02  1.636e-04  8.401e-08   8.8e-07  3.7e-08  1.4e+04  1.6e+03
  3674  4.54280e-02  1.617e-04  8.311e-08   8.7e-07  3.7e-08  1.4e+04  1.6e+03
 
LSMR finished
Ax - b is small enough, given atol, btol                  
istop =       1    normr = 1.6e-04
    normA = 1.4e+04    normAr = 8.3e-08
itn   =    3674    condA = 1.6e+03
    normx = 1.2e+00
  3674  4.54280e-02   1.617e-04  8.311e-08
   8.7e-07  3.7e-08   1.4e+04  1.6e+03
loss = 2.6149157777479524e-08
