OS                           : Linux-5.14.21-150400.24.69_12.0.74-cray_shasta_c-x86_64-with-glibc2.31
Python Version               : 3.9.15
CuPy Version                 : 12.1.0
CuPy Platform                : NVIDIA CUDA
NumPy Version                : 1.23.5
SciPy Version                : 1.9.3
Cython Build Version         : 0.29.32
Cython Runtime Version       : None
CUDA Root                    : /opt/nvidia/hpc_sdk/Linux_x86_64/22.7/cuda/11.7
nvcc PATH                    : /opt/nvidia/hpc_sdk/Linux_x86_64/22.7/cuda/11.7/bin/nvcc
CUDA Build Version           : 11080
CUDA Driver Version          : 12000
CUDA Runtime Version         : 11070
cuBLAS Version               : (available)
cuFFT Version                : 10702
cuRAND Version               : 10210
cuSOLVER Version             : (11, 3, 5)
cuSPARSE Version             : (available)
NVRTC Version                : (11, 7)
Thrust Version               : 101501
CUB Build Version            : 101501
Jitify Build Version         : 4a37de0
cuDNN Build Version          : 8801
cuDNN Version                : 8302
NCCL Build Version           : 21602
NCCL Runtime Version         : 21505
cuTENSOR Version             : 10500
cuSPARSELt Build Version     : None
Device 0 Name                : NVIDIA A100-SXM4-40GB
Device 0 Compute Capability  : 80
Device 0 PCI Bus ID          : 0000:C1:00.0
None
Size of p_train:
(20000, 11, 11)
len(theta) = 14641
len(jac) = 2419516
 
LSMR            Least-squares solution of  Ax = b

The matrix A has 4839032 rows and 14641 columns
damp = 0.00000000000000e+00

atol = 1.00e-08                 conlim = 1.00e+08

btol = 1.00e-08             maxiter =    20000

 
   itn      x(1)       norm r    norm Ar  compatible   LS      norm A   cond A
     0  0.00000e+00  1.082e+02  1.058e+04   1.0e+00  9.0e-01
     1  2.52716e-03  4.876e+01  4.335e+03   4.5e-01  8.2e-01  1.1e+02  1.0e+00
     2  4.74980e-03  1.621e+01  1.025e+03   1.5e-01  3.9e-01  1.6e+02  1.2e+00
     3  5.27463e-03  1.341e+01  5.492e+02   1.2e-01  2.0e-01  2.0e+02  1.1e+00
     4  6.26341e-03  1.037e+01  3.657e+02   9.6e-02  1.6e-01  2.2e+02  2.2e+00
     5  7.05409e-03  8.491e+00  2.569e+02   7.9e-02  1.2e-01  2.5e+02  2.0e+00
     6  7.84439e-03  6.688e+00  1.664e+02   6.2e-02  9.3e-02  2.7e+02  2.4e+00
     7  8.06647e-03  5.996e+00  1.211e+02   5.5e-02  7.1e-02  2.9e+02  2.0e+00
     8  8.03047e-03  5.559e+00  9.469e+01   5.1e-02  5.6e-02  3.1e+02  2.4e+00
     9  7.88851e-03  5.252e+00  7.831e+01   4.9e-02  4.6e-02  3.2e+02  2.5e+00
    10  7.67807e-03  4.963e+00  6.712e+01   4.6e-02  4.0e-02  3.4e+02  3.2e+00
    20  7.38702e-03  2.607e+00  1.651e+01   2.4e-02  1.3e-02  4.7e+02  3.6e+00
    30  7.70408e-03  1.872e+00  6.223e+00   1.7e-02  6.2e-03  5.3e+02  5.6e+00
    40  7.64240e-03  1.466e+00  2.954e+00   1.4e-02  3.4e-03  6.0e+02  8.0e+00
    50  7.32955e-03  1.322e+00  1.828e+00   1.2e-02  2.0e-03  6.8e+02  6.5e+00
    60  6.88100e-03  1.255e+00  1.204e+00   1.2e-02  1.3e-03  7.4e+02  9.7e+00
    70  6.42947e-03  1.218e+00  9.210e-01   1.1e-02  9.6e-04  7.9e+02  1.7e+01
    80  5.74954e-03  1.182e+00  6.653e-01   1.1e-02  6.6e-04  8.5e+02  6.2e+00
    90  5.29355e-03  1.163e+00  5.212e-01   1.1e-02  5.0e-04  9.0e+02  1.8e+01
   100  4.90266e-03  1.148e+00  4.056e-01   1.1e-02  3.8e-04  9.4e+02  6.7e+00
   110  4.71174e-03  1.140e+00  3.406e-01   1.1e-02  3.0e-04  9.8e+02  2.0e+01
 
   itn      x(1)       norm r    norm Ar  compatible   LS      norm A   cond A
   120  4.60497e-03  1.132e+00  2.863e-01   1.0e-02  2.4e-04  1.0e+03  1.0e+01
   130  4.61829e-03  1.124e+00  2.370e-01   1.0e-02  2.0e-04  1.1e+03  2.3e+01
   140  4.81873e-03  1.117e+00  1.941e-01   1.0e-02  1.6e-04  1.1e+03  2.8e+01
   150  5.04374e-03  1.114e+00  1.715e-01   1.0e-02  1.3e-04  1.2e+03  1.4e+01
   160  5.34608e-03  1.110e+00  1.532e-01   1.0e-02  1.2e-04  1.2e+03  1.9e+01
   170  5.78556e-03  1.107e+00  1.368e-01   1.0e-02  1.0e-04  1.2e+03  2.8e+01
   180  6.25071e-03  1.105e+00  1.250e-01   1.0e-02  8.9e-05  1.3e+03  2.1e+01
   190  6.83745e-03  1.103e+00  1.139e-01   1.0e-02  8.0e-05  1.3e+03  3.8e+01
   200  7.38733e-03  1.101e+00  1.062e-01   1.0e-02  7.3e-05  1.3e+03  2.7e+01
   210  7.87192e-03  1.099e+00  1.006e-01   1.0e-02  6.7e-05  1.4e+03  4.1e+01
   220  8.58869e-03  1.097e+00  9.411e-02   1.0e-02  6.1e-05  1.4e+03  3.9e+01
   230  9.46555e-03  1.095e+00  8.743e-02   1.0e-02  5.6e-05  1.4e+03  2.2e+01
   240  1.02194e-02  1.094e+00  8.241e-02   1.0e-02  5.2e-05  1.5e+03  2.5e+01
   250  1.09691e-02  1.092e+00  7.787e-02   1.0e-02  4.8e-05  1.5e+03  1.3e+01
   260  1.18023e-02  1.091e+00  7.331e-02   1.0e-02  4.4e-05  1.5e+03  4.3e+01
   270  1.28297e-02  1.089e+00  6.838e-02   1.0e-02  4.1e-05  1.5e+03  2.5e+01
   280  1.39713e-02  1.088e+00  6.359e-02   1.0e-02  3.7e-05  1.6e+03  3.9e+01
   290  1.50571e-02  1.087e+00  5.937e-02   1.0e-02  3.4e-05  1.6e+03  2.5e+01
   300  1.61392e-02  1.086e+00  5.540e-02   1.0e-02  3.1e-05  1.6e+03  1.9e+01
   310  1.69887e-02  1.085e+00  5.250e-02   1.0e-02  2.9e-05  1.7e+03  1.6e+01
 
   itn      x(1)       norm r    norm Ar  compatible   LS      norm A   cond A
   320  1.80197e-02  1.084e+00  4.934e-02   1.0e-02  2.7e-05  1.7e+03  2.0e+01
   330  1.93162e-02  1.083e+00  4.575e-02   1.0e-02  2.5e-05  1.7e+03  3.2e+01
   340  2.03212e-02  1.082e+00  4.319e-02   1.0e-02  2.3e-05  1.7e+03  2.2e+01
   350  2.14674e-02  1.082e+00  4.046e-02   1.0e-02  2.1e-05  1.8e+03  2.1e+01
   360  2.28683e-02  1.081e+00  3.743e-02   1.0e-02  1.9e-05  1.8e+03  2.8e+01
   370  2.40114e-02  1.081e+00  3.517e-02   1.0e-02  1.8e-05  1.8e+03  2.3e+01
   380  2.49442e-02  1.080e+00  3.344e-02   1.0e-02  1.7e-05  1.8e+03  1.8e+01
   390  2.59771e-02  1.080e+00  3.166e-02   1.0e-02  1.6e-05  1.9e+03  1.9e+01
   400  2.70694e-02  1.079e+00  2.986e-02   1.0e-02  1.5e-05  1.9e+03  3.6e+01
   410  2.82570e-02  1.079e+00  2.798e-02   1.0e-02  1.4e-05  1.9e+03  3.8e+01
   420  2.93636e-02  1.079e+00  2.624e-02   1.0e-02  1.3e-05  1.9e+03  3.3e+01
   430  3.04770e-02  1.079e+00  2.449e-02   1.0e-02  1.2e-05  1.9e+03  1.6e+01
   440  3.11487e-02  1.078e+00  2.343e-02   1.0e-02  1.1e-05  2.0e+03  2.5e+01
   450  3.19846e-02  1.078e+00  2.209e-02   1.0e-02  1.0e-05  2.0e+03  3.5e+01
   460  3.28954e-02  1.078e+00  2.058e-02   1.0e-02  9.5e-06  2.0e+03  1.6e+01
   470  3.34014e-02  1.078e+00  1.970e-02   1.0e-02  9.0e-06  2.0e+03  4.6e+01
   480  3.40081e-02  1.078e+00  1.857e-02   1.0e-02  8.4e-06  2.1e+03  2.5e+01
   490  3.44033e-02  1.078e+00  1.777e-02   1.0e-02  7.9e-06  2.1e+03  2.1e+01
   500  3.47810e-02  1.077e+00  1.692e-02   1.0e-02  7.5e-06  2.1e+03  5.0e+01
   510  3.50352e-02  1.077e+00  1.627e-02   1.0e-02  7.1e-06  2.1e+03  4.5e+01
 
   itn      x(1)       norm r    norm Ar  compatible   LS      norm A   cond A
   520  3.52261e-02  1.077e+00  1.567e-02   1.0e-02  6.8e-06  2.1e+03  1.7e+01
   530  3.53980e-02  1.077e+00  1.499e-02   1.0e-02  6.4e-06  2.2e+03  1.8e+01
   540  3.55100e-02  1.077e+00  1.444e-02   1.0e-02  6.1e-06  2.2e+03  4.2e+01
   550  3.55861e-02  1.077e+00  1.401e-02   1.0e-02  5.9e-06  2.2e+03  2.6e+01
   560  3.56837e-02  1.077e+00  1.340e-02   1.0e-02  5.6e-06  2.2e+03  5.9e+01
   570  3.57724e-02  1.077e+00  1.286e-02   1.0e-02  5.3e-06  2.2e+03  3.5e+01
   580  3.58377e-02  1.077e+00  1.250e-02   1.0e-02  5.1e-06  2.3e+03  4.4e+01
   590  3.59124e-02  1.077e+00  1.216e-02   1.0e-02  5.0e-06  2.3e+03  5.5e+01
   600  3.60206e-02  1.077e+00  1.175e-02   1.0e-02  4.7e-06  2.3e+03  4.2e+01
   610  3.61839e-02  1.077e+00  1.127e-02   1.0e-02  4.5e-06  2.3e+03  6.5e+01
   620  3.63331e-02  1.077e+00  1.091e-02   1.0e-02  4.3e-06  2.3e+03  2.2e+01
   630  3.65068e-02  1.076e+00  1.059e-02   1.0e-02  4.2e-06  2.4e+03  2.6e+01
   640  3.66961e-02  1.076e+00  1.029e-02   1.0e-02  4.0e-06  2.4e+03  5.5e+01
   650  3.68707e-02  1.076e+00  1.005e-02   1.0e-02  3.9e-06  2.4e+03  5.1e+01
   660  3.71700e-02  1.076e+00  9.689e-03   1.0e-02  3.7e-06  2.4e+03  2.4e+01
   670  3.75387e-02  1.076e+00  9.280e-03   1.0e-02  3.5e-06  2.4e+03  2.6e+01
   680  3.79294e-02  1.076e+00  8.868e-03   9.9e-03  3.4e-06  2.4e+03  2.4e+01
   690  3.82878e-02  1.076e+00  8.503e-03   9.9e-03  3.2e-06  2.5e+03  1.7e+01
   700  3.86013e-02  1.076e+00  8.195e-03   9.9e-03  3.1e-06  2.5e+03  3.2e+01
   710  3.89558e-02  1.076e+00  7.860e-03   9.9e-03  2.9e-06  2.5e+03  1.7e+01
 
   itn      x(1)       norm r    norm Ar  compatible   LS      norm A   cond A
   720  3.91593e-02  1.076e+00  7.672e-03   9.9e-03  2.8e-06  2.5e+03  4.8e+01
   730  3.94656e-02  1.076e+00  7.391e-03   9.9e-03  2.7e-06  2.5e+03  4.7e+01
   740  3.97776e-02  1.076e+00  7.106e-03   9.9e-03  2.6e-06  2.6e+03  2.7e+01
   750  3.99827e-02  1.076e+00  6.919e-03   9.9e-03  2.5e-06  2.6e+03  6.7e+01
   760  4.01290e-02  1.076e+00  6.787e-03   9.9e-03  2.4e-06  2.6e+03  6.9e+01
   770  4.02905e-02  1.076e+00  6.642e-03   9.9e-03  2.4e-06  2.6e+03  4.7e+01
   780  4.04233e-02  1.076e+00  6.522e-03   9.9e-03  2.3e-06  2.6e+03  2.4e+01
   790  4.05321e-02  1.076e+00  6.425e-03   9.9e-03  2.3e-06  2.6e+03  6.8e+01
   800  4.06464e-02  1.076e+00  6.325e-03   9.9e-03  2.2e-06  2.7e+03  2.3e+01
   810  4.07384e-02  1.076e+00  6.247e-03   9.9e-03  2.2e-06  2.7e+03  4.1e+01
   820  4.08224e-02  1.076e+00  6.179e-03   9.9e-03  2.1e-06  2.7e+03  6.4e+01
   830  4.09155e-02  1.076e+00  6.108e-03   9.9e-03  2.1e-06  2.7e+03  3.8e+01
   840  4.10099e-02  1.076e+00  6.041e-03   9.9e-03  2.1e-06  2.7e+03  8.1e+01
   850  4.11243e-02  1.076e+00  5.969e-03   9.9e-03  2.0e-06  2.7e+03  8.1e+01
   860  4.12027e-02  1.076e+00  5.924e-03   9.9e-03  2.0e-06  2.8e+03  7.5e+01
   870  4.12870e-02  1.076e+00  5.881e-03   9.9e-03  2.0e-06  2.8e+03  7.4e+01
   880  4.14138e-02  1.076e+00  5.824e-03   9.9e-03  1.9e-06  2.8e+03  6.0e+01
   890  4.15328e-02  1.076e+00  5.777e-03   9.9e-03  1.9e-06  2.8e+03  5.2e+01
   900  4.16834e-02  1.076e+00  5.726e-03   9.9e-03  1.9e-06  2.8e+03  5.1e+01
   910  4.18159e-02  1.076e+00  5.686e-03   9.9e-03  1.9e-06  2.8e+03  7.8e+01
 
   itn      x(1)       norm r    norm Ar  compatible   LS      norm A   cond A
   920  4.19715e-02  1.076e+00  5.644e-03   9.9e-03  1.8e-06  2.9e+03  6.0e+01
   930  4.21257e-02  1.076e+00  5.607e-03   9.9e-03  1.8e-06  2.9e+03  4.6e+01
   940  4.23422e-02  1.076e+00  5.561e-03   9.9e-03  1.8e-06  2.9e+03  6.0e+01
   950  4.25537e-02  1.076e+00  5.520e-03   9.9e-03  1.8e-06  2.9e+03  3.8e+01
   960  4.28261e-02  1.075e+00  5.471e-03   9.9e-03  1.7e-06  2.9e+03  7.8e+01
   970  4.30433e-02  1.075e+00  5.435e-03   9.9e-03  1.7e-06  2.9e+03  3.6e+01
   980  4.33118e-02  1.075e+00  5.394e-03   9.9e-03  1.7e-06  2.9e+03  1.1e+02
   990  4.35806e-02  1.075e+00  5.355e-03   9.9e-03  1.7e-06  3.0e+03  6.2e+01
  1000  4.38347e-02  1.075e+00  5.322e-03   9.9e-03  1.7e-06  3.0e+03  1.0e+02
  1010  4.40725e-02  1.075e+00  5.293e-03   9.9e-03  1.6e-06  3.0e+03  9.3e+01
  1020  4.43285e-02  1.075e+00  5.264e-03   9.9e-03  1.6e-06  3.0e+03  9.0e+01
  1030  4.46002e-02  1.075e+00  5.235e-03   9.9e-03  1.6e-06  3.0e+03  1.0e+02
  1040  4.47760e-02  1.075e+00  5.217e-03   9.9e-03  1.6e-06  3.0e+03  1.3e+02
  1050  4.50019e-02  1.075e+00  5.196e-03   9.9e-03  1.6e-06  3.0e+03  1.2e+02
  1060  4.52483e-02  1.075e+00  5.175e-03   9.9e-03  1.6e-06  3.1e+03  9.7e+01
  1070  4.55307e-02  1.075e+00  5.151e-03   9.9e-03  1.6e-06  3.1e+03  1.0e+02
  1080  4.57579e-02  1.075e+00  5.132e-03   9.9e-03  1.5e-06  3.1e+03  1.1e+02
  1090  4.59999e-02  1.075e+00  5.114e-03   9.9e-03  1.5e-06  3.1e+03  6.8e+01
  1100  4.62291e-02  1.075e+00  5.096e-03   9.9e-03  1.5e-06  3.1e+03  1.6e+02
  1110  4.64004e-02  1.075e+00  5.084e-03   9.9e-03  1.5e-06  3.1e+03  1.2e+02
 
   itn      x(1)       norm r    norm Ar  compatible   LS      norm A   cond A
  1120  4.67105e-02  1.075e+00  5.063e-03   9.9e-03  1.5e-06  3.1e+03  2.0e+02
  1130  4.69181e-02  1.075e+00  5.050e-03   9.9e-03  1.5e-06  3.2e+03  1.1e+02
  1140  4.71275e-02  1.075e+00  5.037e-03   9.9e-03  1.5e-06  3.2e+03  7.6e+01
  1150  4.73303e-02  1.075e+00  5.025e-03   9.9e-03  1.5e-06  3.2e+03  9.8e+01
  1160  4.75730e-02  1.075e+00  5.011e-03   9.9e-03  1.5e-06  3.2e+03  1.3e+02
  1170  4.77862e-02  1.075e+00  4.999e-03   9.9e-03  1.4e-06  3.2e+03  2.3e+02
  1180  4.80992e-02  1.075e+00  4.983e-03   9.9e-03  1.4e-06  3.2e+03  9.1e+01
  1190  4.84298e-02  1.075e+00  4.966e-03   9.9e-03  1.4e-06  3.2e+03  1.5e+02
  1200  4.87469e-02  1.075e+00  4.951e-03   9.9e-03  1.4e-06  3.3e+03  6.5e+01
  1210  4.90102e-02  1.075e+00  4.938e-03   9.9e-03  1.4e-06  3.3e+03  9.8e+01
  1220  4.93014e-02  1.075e+00  4.925e-03   9.9e-03  1.4e-06  3.3e+03  7.8e+01
  1230  4.96472e-02  1.075e+00  4.910e-03   9.9e-03  1.4e-06  3.3e+03  1.2e+02
  1240  4.99633e-02  1.075e+00  4.897e-03   9.9e-03  1.4e-06  3.3e+03  1.5e+02
  1250  5.02227e-02  1.075e+00  4.886e-03   9.9e-03  1.4e-06  3.3e+03  1.0e+02
  1260  5.06223e-02  1.075e+00  4.870e-03   9.9e-03  1.4e-06  3.3e+03  2.3e+02
  1270  5.10154e-02  1.075e+00  4.855e-03   9.9e-03  1.3e-06  3.4e+03  1.7e+02
  1280  5.15185e-02  1.075e+00  4.837e-03   9.9e-03  1.3e-06  3.4e+03  1.7e+02
  1290  5.18494e-02  1.075e+00  4.825e-03   9.9e-03  1.3e-06  3.4e+03  1.8e+02
  1300  5.23003e-02  1.075e+00  4.809e-03   9.9e-03  1.3e-06  3.4e+03  9.2e+01
  1310  5.26869e-02  1.075e+00  4.796e-03   9.9e-03  1.3e-06  3.4e+03  7.8e+01
 
   itn      x(1)       norm r    norm Ar  compatible   LS      norm A   cond A
  1320  5.30346e-02  1.075e+00  4.785e-03   9.9e-03  1.3e-06  3.4e+03  1.5e+02
  1330  5.35174e-02  1.074e+00  4.770e-03   9.9e-03  1.3e-06  3.4e+03  1.6e+02
  1340  5.39639e-02  1.074e+00  4.756e-03   9.9e-03  1.3e-06  3.4e+03  1.2e+02
  1350  5.43387e-02  1.074e+00  4.745e-03   9.9e-03  1.3e-06  3.5e+03  2.1e+02
  1360  5.47716e-02  1.074e+00  4.732e-03   9.9e-03  1.3e-06  3.5e+03  6.9e+01
  1370  5.52748e-02  1.074e+00  4.719e-03   9.9e-03  1.3e-06  3.5e+03  5.5e+01
  1380  5.56843e-02  1.074e+00  4.708e-03   9.9e-03  1.3e-06  3.5e+03  7.5e+01
  1390  5.62000e-02  1.074e+00  4.694e-03   9.9e-03  1.2e-06  3.5e+03  1.9e+02
  1400  5.65855e-02  1.074e+00  4.685e-03   9.9e-03  1.2e-06  3.5e+03  1.8e+02
  1410  5.69305e-02  1.074e+00  4.677e-03   9.9e-03  1.2e-06  3.5e+03  9.9e+01
  1420  5.75326e-02  1.074e+00  4.663e-03   9.9e-03  1.2e-06  3.5e+03  1.5e+02
  1430  5.78474e-02  1.074e+00  4.656e-03   9.9e-03  1.2e-06  3.6e+03  1.2e+02
  1440  5.81882e-02  1.074e+00  4.649e-03   9.9e-03  1.2e-06  3.6e+03  1.2e+02
  1450  5.87853e-02  1.074e+00  4.637e-03   9.9e-03  1.2e-06  3.6e+03  6.9e+01
  1460  5.93868e-02  1.074e+00  4.625e-03   9.9e-03  1.2e-06  3.6e+03  7.2e+01
  1470  5.99247e-02  1.074e+00  4.615e-03   9.9e-03  1.2e-06  3.6e+03  8.7e+01
  1480  6.04557e-02  1.074e+00  4.606e-03   9.9e-03  1.2e-06  3.6e+03  2.1e+02
  1490  6.11278e-02  1.074e+00  4.594e-03   9.9e-03  1.2e-06  3.6e+03  9.8e+01
  1500  6.17565e-02  1.074e+00  4.583e-03   9.9e-03  1.2e-06  3.6e+03  1.1e+02
  1510  6.24025e-02  1.074e+00  4.572e-03   9.9e-03  1.2e-06  3.7e+03  2.0e+02
 
   itn      x(1)       norm r    norm Ar  compatible   LS      norm A   cond A
  1520  6.31775e-02  1.074e+00  4.560e-03   9.9e-03  1.2e-06  3.7e+03  2.4e+02
  1530  6.39216e-02  1.074e+00  4.548e-03   9.9e-03  1.2e-06  3.7e+03  1.1e+02
  1540  6.45874e-02  1.074e+00  4.537e-03   9.9e-03  1.1e-06  3.7e+03  1.6e+02
  1550  6.52307e-02  1.074e+00  4.527e-03   9.9e-03  1.1e-06  3.7e+03  1.4e+02
  1560  6.62727e-02  1.073e+00  4.511e-03   9.9e-03  1.1e-06  3.7e+03  1.5e+02
  1570  6.71305e-02  1.073e+00  4.498e-03   9.9e-03  1.1e-06  3.7e+03  8.7e+01
  1580  6.79249e-02  1.073e+00  4.486e-03   9.9e-03  1.1e-06  3.7e+03  2.0e+02
  1590  6.89454e-02  1.073e+00  4.472e-03   9.9e-03  1.1e-06  3.7e+03  2.0e+02
  1600  6.97612e-02  1.073e+00  4.460e-03   9.9e-03  1.1e-06  3.8e+03  1.3e+02
  1610  7.06430e-02  1.073e+00  4.448e-03   9.9e-03  1.1e-06  3.8e+03  1.4e+02
  1620  7.14646e-02  1.073e+00  4.436e-03   9.9e-03  1.1e-06  3.8e+03  1.4e+02
  1630  7.22822e-02  1.073e+00  4.425e-03   9.9e-03  1.1e-06  3.8e+03  1.4e+02
  1640  7.34845e-02  1.073e+00  4.409e-03   9.9e-03  1.1e-06  3.8e+03  2.1e+02
  1650  7.42882e-02  1.073e+00  4.398e-03   9.9e-03  1.1e-06  3.8e+03  6.7e+01
  1660  7.50363e-02  1.073e+00  4.388e-03   9.9e-03  1.1e-06  3.8e+03  9.0e+01
  1670  7.60320e-02  1.073e+00  4.375e-03   9.9e-03  1.1e-06  3.8e+03  1.8e+02
  1680  7.69049e-02  1.073e+00  4.364e-03   9.9e-03  1.1e-06  3.9e+03  8.1e+01
  1690  7.78218e-02  1.073e+00  4.352e-03   9.9e-03  1.0e-06  3.9e+03  1.4e+02
  1700  7.89141e-02  1.073e+00  4.339e-03   9.9e-03  1.0e-06  3.9e+03  1.4e+02
  1710  8.01367e-02  1.073e+00  4.323e-03   9.9e-03  1.0e-06  3.9e+03  8.4e+01
 
   itn      x(1)       norm r    norm Ar  compatible   LS      norm A   cond A
  1720  8.14403e-02  1.072e+00  4.307e-03   9.9e-03  1.0e-06  3.9e+03  8.5e+01
  1730  8.27842e-02  1.072e+00  4.290e-03   9.9e-03  1.0e-06  3.9e+03  9.1e+01
  1740  8.45178e-02  1.072e+00  4.269e-03   9.9e-03  1.0e-06  3.9e+03  2.0e+02
  1750  8.58288e-02  1.072e+00  4.253e-03   9.9e-03  1.0e-06  3.9e+03  1.3e+02
  1760  8.73988e-02  1.072e+00  4.233e-03   9.9e-03  1.0e-06  3.9e+03  1.2e+02
  1770  8.91337e-02  1.072e+00  4.212e-03   9.9e-03  9.9e-07  4.0e+03  9.2e+01
  1780  9.12162e-02  1.072e+00  4.186e-03   9.9e-03  9.8e-07  4.0e+03  7.0e+01
  1790  9.27493e-02  1.072e+00  4.168e-03   9.9e-03  9.8e-07  4.0e+03  8.8e+01
  1800  9.44723e-02  1.072e+00  4.147e-03   9.9e-03  9.7e-07  4.0e+03  6.6e+01
  1810  9.62605e-02  1.071e+00  4.125e-03   9.9e-03  9.6e-07  4.0e+03  9.5e+01
  1820  9.81714e-02  1.071e+00  4.101e-03   9.9e-03  9.5e-07  4.0e+03  1.1e+02
  1830  9.96909e-02  1.071e+00  4.083e-03   9.9e-03  9.5e-07  4.0e+03  1.1e+02
  1840  1.01471e-01  1.071e+00  4.061e-03   9.9e-03  9.4e-07  4.0e+03  8.7e+01
  1850  1.02688e-01  1.071e+00  4.047e-03   9.9e-03  9.3e-07  4.0e+03  4.8e+01
  1860  1.04312e-01  1.071e+00  4.027e-03   9.9e-03  9.3e-07  4.1e+03  9.8e+01
  1870  1.06707e-01  1.071e+00  3.999e-03   9.9e-03  9.2e-07  4.1e+03  1.1e+02
  1880  1.08535e-01  1.071e+00  3.977e-03   9.9e-03  9.1e-07  4.1e+03  7.7e+01
  1890  1.10341e-01  1.071e+00  3.955e-03   9.9e-03  9.0e-07  4.1e+03  1.1e+02
  1900  1.12573e-01  1.070e+00  3.928e-03   9.9e-03  8.9e-07  4.1e+03  5.6e+01
  1910  1.14520e-01  1.070e+00  3.905e-03   9.9e-03  8.9e-07  4.1e+03  9.0e+01
 
   itn      x(1)       norm r    norm Ar  compatible   LS      norm A   cond A
  1920  1.16402e-01  1.070e+00  3.882e-03   9.9e-03  8.8e-07  4.1e+03  1.1e+02
  1930  1.18288e-01  1.070e+00  3.859e-03   9.9e-03  8.7e-07  4.1e+03  9.6e+01
  1940  1.20162e-01  1.070e+00  3.837e-03   9.9e-03  8.6e-07  4.1e+03  5.0e+01
  1950  1.21611e-01  1.070e+00  3.819e-03   9.9e-03  8.6e-07  4.2e+03  1.7e+02
  1960  1.22840e-01  1.070e+00  3.804e-03   9.9e-03  8.5e-07  4.2e+03  1.1e+02
  1970  1.24123e-01  1.070e+00  3.789e-03   9.9e-03  8.5e-07  4.2e+03  2.1e+02
  1980  1.25626e-01  1.070e+00  3.771e-03   9.9e-03  8.4e-07  4.2e+03  1.2e+02
  1990  1.26738e-01  1.070e+00  3.758e-03   9.9e-03  8.4e-07  4.2e+03  2.0e+02
  2000  1.27921e-01  1.070e+00  3.744e-03   9.9e-03  8.3e-07  4.2e+03  8.7e+01
  2010  1.29267e-01  1.070e+00  3.728e-03   9.9e-03  8.3e-07  4.2e+03  8.4e+01
  2020  1.30394e-01  1.070e+00  3.714e-03   9.9e-03  8.2e-07  4.2e+03  1.5e+02
  2030  1.31712e-01  1.069e+00  3.699e-03   9.9e-03  8.2e-07  4.2e+03  1.5e+02
  2040  1.32823e-01  1.069e+00  3.685e-03   9.9e-03  8.1e-07  4.2e+03  9.1e+01
  2050  1.34153e-01  1.069e+00  3.670e-03   9.9e-03  8.1e-07  4.3e+03  7.6e+01
  2060  1.35013e-01  1.069e+00  3.659e-03   9.9e-03  8.0e-07  4.3e+03  2.3e+02
  2070  1.36196e-01  1.069e+00  3.646e-03   9.9e-03  8.0e-07  4.3e+03  2.3e+02
  2080  1.37456e-01  1.069e+00  3.631e-03   9.9e-03  7.9e-07  4.3e+03  8.4e+01
  2090  1.38721e-01  1.069e+00  3.616e-03   9.9e-03  7.9e-07  4.3e+03  1.4e+02
  2100  1.39743e-01  1.069e+00  3.604e-03   9.9e-03  7.8e-07  4.3e+03  6.0e+01
  2110  1.40583e-01  1.069e+00  3.594e-03   9.9e-03  7.8e-07  4.3e+03  1.0e+02
 
   itn      x(1)       norm r    norm Ar  compatible   LS      norm A   cond A
  2120  1.41775e-01  1.069e+00  3.580e-03   9.9e-03  7.7e-07  4.3e+03  1.1e+02
  2130  1.43384e-01  1.069e+00  3.561e-03   9.9e-03  7.7e-07  4.3e+03  1.4e+02
  2140  1.44864e-01  1.069e+00  3.544e-03   9.9e-03  7.6e-07  4.4e+03  5.7e+01
  2150  1.46327e-01  1.069e+00  3.526e-03   9.9e-03  7.6e-07  4.4e+03  1.1e+02
  2160  1.47630e-01  1.069e+00  3.511e-03   9.9e-03  7.5e-07  4.4e+03  8.5e+01
  2170  1.48961e-01  1.069e+00  3.495e-03   9.9e-03  7.5e-07  4.4e+03  6.7e+01
  2180  1.50633e-01  1.068e+00  3.476e-03   9.9e-03  7.4e-07  4.4e+03  7.2e+01
  2190  1.52606e-01  1.068e+00  3.452e-03   9.9e-03  7.3e-07  4.4e+03  1.0e+02
  2200  1.54296e-01  1.068e+00  3.432e-03   9.9e-03  7.3e-07  4.4e+03  5.6e+01
  2210  1.56449e-01  1.068e+00  3.406e-03   9.9e-03  7.2e-07  4.4e+03  1.1e+02
  2220  1.58060e-01  1.068e+00  3.387e-03   9.9e-03  7.1e-07  4.4e+03  9.2e+01
  2230  1.60233e-01  1.068e+00  3.361e-03   9.9e-03  7.1e-07  4.4e+03  7.8e+01
  2240  1.62691e-01  1.068e+00  3.331e-03   9.9e-03  7.0e-07  4.5e+03  1.0e+02
  2250  1.64773e-01  1.068e+00  3.306e-03   9.9e-03  6.9e-07  4.5e+03  3.3e+01
  2260  1.66943e-01  1.068e+00  3.279e-03   9.9e-03  6.9e-07  4.5e+03  9.1e+01
  2270  1.69699e-01  1.068e+00  3.245e-03   9.9e-03  6.8e-07  4.5e+03  5.6e+01
  2280  1.72644e-01  1.067e+00  3.208e-03   9.9e-03  6.7e-07  4.5e+03  3.0e+01
  2290  1.74664e-01  1.067e+00  3.182e-03   9.9e-03  6.6e-07  4.5e+03  6.0e+01
  2300  1.76616e-01  1.067e+00  3.157e-03   9.9e-03  6.6e-07  4.5e+03  9.2e+01
  2310  1.78382e-01  1.067e+00  3.135e-03   9.9e-03  6.5e-07  4.5e+03  6.2e+01
 
   itn      x(1)       norm r    norm Ar  compatible   LS      norm A   cond A
  2320  1.81013e-01  1.067e+00  3.101e-03   9.9e-03  6.4e-07  4.5e+03  2.6e+01
  2330  1.83813e-01  1.067e+00  3.064e-03   9.9e-03  6.3e-07  4.5e+03  4.4e+01
  2340  1.86303e-01  1.067e+00  3.031e-03   9.9e-03  6.2e-07  4.6e+03  6.7e+01
  2350  1.88102e-01  1.067e+00  3.007e-03   9.9e-03  6.2e-07  4.6e+03  1.2e+02
  2360  1.89600e-01  1.067e+00  2.987e-03   9.9e-03  6.1e-07  4.6e+03  5.9e+01
  2370  1.91595e-01  1.067e+00  2.960e-03   9.9e-03  6.1e-07  4.6e+03  7.9e+01
  2380  1.93600e-01  1.066e+00  2.932e-03   9.9e-03  6.0e-07  4.6e+03  1.1e+02
  2390  1.94976e-01  1.066e+00  2.913e-03   9.9e-03  5.9e-07  4.6e+03  5.9e+01
  2400  1.96421e-01  1.066e+00  2.893e-03   9.9e-03  5.9e-07  4.6e+03  6.2e+01
  2410  1.97692e-01  1.066e+00  2.876e-03   9.9e-03  5.8e-07  4.6e+03  7.6e+01
  2420  1.99577e-01  1.066e+00  2.849e-03   9.9e-03  5.8e-07  4.6e+03  5.9e+01
  2430  2.01155e-01  1.066e+00  2.827e-03   9.9e-03  5.7e-07  4.6e+03  1.3e+02
  2440  2.02899e-01  1.066e+00  2.802e-03   9.9e-03  5.7e-07  4.6e+03  3.9e+01
  2450  2.04336e-01  1.066e+00  2.782e-03   9.9e-03  5.6e-07  4.7e+03  9.7e+01
  2460  2.06350e-01  1.066e+00  2.753e-03   9.9e-03  5.5e-07  4.7e+03  1.1e+02
  2470  2.08000e-01  1.066e+00  2.729e-03   9.9e-03  5.5e-07  4.7e+03  1.5e+02
  2480  2.09836e-01  1.066e+00  2.702e-03   9.9e-03  5.4e-07  4.7e+03  5.7e+01
  2490  2.11539e-01  1.066e+00  2.677e-03   9.9e-03  5.3e-07  4.7e+03  7.1e+01
  2500  2.13635e-01  1.066e+00  2.646e-03   9.9e-03  5.3e-07  4.7e+03  4.5e+01
  2510  2.15474e-01  1.066e+00  2.618e-03   9.9e-03  5.2e-07  4.7e+03  1.2e+02
 
   itn      x(1)       norm r    norm Ar  compatible   LS      norm A   cond A
  2520  2.17449e-01  1.066e+00  2.588e-03   9.9e-03  5.1e-07  4.7e+03  8.3e+01
  2530  2.18843e-01  1.066e+00  2.567e-03   9.9e-03  5.1e-07  4.7e+03  1.1e+02
  2540  2.20862e-01  1.065e+00  2.535e-03   9.9e-03  5.0e-07  4.7e+03  7.7e+01
  2550  2.22540e-01  1.065e+00  2.509e-03   9.9e-03  5.0e-07  4.8e+03  5.6e+01
  2560  2.24158e-01  1.065e+00  2.484e-03   9.8e-03  4.9e-07  4.8e+03  4.1e+01
  2570  2.25805e-01  1.065e+00  2.457e-03   9.8e-03  4.8e-07  4.8e+03  5.6e+01
  2580  2.27226e-01  1.065e+00  2.435e-03   9.8e-03  4.8e-07  4.8e+03  3.7e+01
  2590  2.28687e-01  1.065e+00  2.411e-03   9.8e-03  4.7e-07  4.8e+03  1.0e+02
  2600  2.30325e-01  1.065e+00  2.384e-03   9.8e-03  4.7e-07  4.8e+03  1.0e+02
  2610  2.32022e-01  1.065e+00  2.356e-03   9.8e-03  4.6e-07  4.8e+03  7.8e+01
  2620  2.33019e-01  1.065e+00  2.340e-03   9.8e-03  4.6e-07  4.8e+03  4.9e+01
  2630  2.33964e-01  1.065e+00  2.324e-03   9.8e-03  4.5e-07  4.8e+03  7.1e+01
  2640  2.35011e-01  1.065e+00  2.306e-03   9.8e-03  4.5e-07  4.8e+03  7.5e+01
  2650  2.36362e-01  1.065e+00  2.284e-03   9.8e-03  4.4e-07  4.8e+03  1.3e+02
  2660  2.37600e-01  1.065e+00  2.263e-03   9.8e-03  4.4e-07  4.9e+03  7.0e+01
  2670  2.38696e-01  1.065e+00  2.244e-03   9.8e-03  4.3e-07  4.9e+03  3.8e+01
  2680  2.39653e-01  1.065e+00  2.228e-03   9.8e-03  4.3e-07  4.9e+03  9.3e+01
  2690  2.40748e-01  1.065e+00  2.209e-03   9.8e-03  4.2e-07  4.9e+03  1.0e+02
  2700  2.41711e-01  1.065e+00  2.193e-03   9.8e-03  4.2e-07  4.9e+03  7.4e+01
  2710  2.42721e-01  1.065e+00  2.176e-03   9.8e-03  4.2e-07  4.9e+03  5.2e+01
 
   itn      x(1)       norm r    norm Ar  compatible   LS      norm A   cond A
  2720  2.43847e-01  1.065e+00  2.156e-03   9.8e-03  4.1e-07  4.9e+03  3.4e+01
  2730  2.44894e-01  1.065e+00  2.138e-03   9.8e-03  4.1e-07  4.9e+03  1.4e+02
  2740  2.46347e-01  1.065e+00  2.113e-03   9.8e-03  4.0e-07  4.9e+03  5.6e+01
  2750  2.47289e-01  1.065e+00  2.097e-03   9.8e-03  4.0e-07  4.9e+03  6.7e+01
  2760  2.48145e-01  1.065e+00  2.082e-03   9.8e-03  4.0e-07  4.9e+03  7.0e+01
  2770  2.49197e-01  1.065e+00  2.063e-03   9.8e-03  3.9e-07  5.0e+03  9.0e+01
  2780  2.49911e-01  1.065e+00  2.051e-03   9.8e-03  3.9e-07  5.0e+03  7.5e+01
  2790  2.50688e-01  1.065e+00  2.037e-03   9.8e-03  3.8e-07  5.0e+03  1.5e+02
  2800  2.51290e-01  1.065e+00  2.027e-03   9.8e-03  3.8e-07  5.0e+03  7.6e+01
  2810  2.51933e-01  1.065e+00  2.016e-03   9.8e-03  3.8e-07  5.0e+03  8.8e+01
  2820  2.53051e-01  1.065e+00  1.996e-03   9.8e-03  3.8e-07  5.0e+03  5.9e+01
  2830  2.53947e-01  1.065e+00  1.980e-03   9.8e-03  3.7e-07  5.0e+03  1.2e+02
  2840  2.54914e-01  1.064e+00  1.964e-03   9.8e-03  3.7e-07  5.0e+03  1.2e+02
  2850  2.55894e-01  1.064e+00  1.946e-03   9.8e-03  3.6e-07  5.0e+03  8.7e+01
  2860  2.56919e-01  1.064e+00  1.928e-03   9.8e-03  3.6e-07  5.0e+03  3.0e+01
  2870  2.57823e-01  1.064e+00  1.912e-03   9.8e-03  3.6e-07  5.0e+03  9.7e+01
  2880  2.59020e-01  1.064e+00  1.891e-03   9.8e-03  3.5e-07  5.1e+03  9.3e+01
  2890  2.60261e-01  1.064e+00  1.869e-03   9.8e-03  3.5e-07  5.1e+03  6.3e+01
  2900  2.61227e-01  1.064e+00  1.851e-03   9.8e-03  3.4e-07  5.1e+03  2.9e+01
  2910  2.62281e-01  1.064e+00  1.832e-03   9.8e-03  3.4e-07  5.1e+03  1.2e+02
 
   itn      x(1)       norm r    norm Ar  compatible   LS      norm A   cond A
  2920  2.63421e-01  1.064e+00  1.811e-03   9.8e-03  3.3e-07  5.1e+03  9.0e+01
  2930  2.64640e-01  1.064e+00  1.788e-03   9.8e-03  3.3e-07  5.1e+03  9.3e+01
  2940  2.65738e-01  1.064e+00  1.768e-03   9.8e-03  3.3e-07  5.1e+03  3.9e+01
  2950  2.67165e-01  1.064e+00  1.741e-03   9.8e-03  3.2e-07  5.1e+03  4.1e+01
  2960  2.68555e-01  1.064e+00  1.714e-03   9.8e-03  3.1e-07  5.1e+03  3.2e+01
  2970  2.69547e-01  1.064e+00  1.694e-03   9.8e-03  3.1e-07  5.1e+03  4.5e+01
  2980  2.70605e-01  1.064e+00  1.673e-03   9.8e-03  3.1e-07  5.1e+03  3.4e+01
  2990  2.71909e-01  1.064e+00  1.647e-03   9.8e-03  3.0e-07  5.1e+03  5.7e+01
  3000  2.73077e-01  1.064e+00  1.624e-03   9.8e-03  3.0e-07  5.2e+03  3.0e+01
  3010  2.74141e-01  1.064e+00  1.602e-03   9.8e-03  2.9e-07  5.2e+03  3.7e+01
  3020  2.75435e-01  1.064e+00  1.575e-03   9.8e-03  2.9e-07  5.2e+03  6.7e+01
  3030  2.76722e-01  1.064e+00  1.548e-03   9.8e-03  2.8e-07  5.2e+03  6.4e+01
  3040  2.78224e-01  1.064e+00  1.516e-03   9.8e-03  2.7e-07  5.2e+03  2.9e+01
  3050  2.79752e-01  1.064e+00  1.482e-03   9.8e-03  2.7e-07  5.2e+03  2.9e+01
  3060  2.80778e-01  1.064e+00  1.459e-03   9.8e-03  2.6e-07  5.2e+03  2.4e+01
  3070  2.81771e-01  1.064e+00  1.436e-03   9.8e-03  2.6e-07  5.2e+03  3.5e+01
  3080  2.83029e-01  1.064e+00  1.407e-03   9.8e-03  2.5e-07  5.2e+03  6.6e+01
  3090  2.84031e-01  1.064e+00  1.383e-03   9.8e-03  2.5e-07  5.2e+03  6.8e+01
  3100  2.85018e-01  1.064e+00  1.359e-03   9.8e-03  2.4e-07  5.2e+03  7.3e+01
  3110  2.85919e-01  1.064e+00  1.337e-03   9.8e-03  2.4e-07  5.3e+03  4.3e+01
 
   itn      x(1)       norm r    norm Ar  compatible   LS      norm A   cond A
  3120  2.86768e-01  1.064e+00  1.316e-03   9.8e-03  2.4e-07  5.3e+03  8.5e+01
  3130  2.87618e-01  1.064e+00  1.294e-03   9.8e-03  2.3e-07  5.3e+03  5.1e+01
  3140  2.88246e-01  1.064e+00  1.278e-03   9.8e-03  2.3e-07  5.3e+03  2.9e+01
  3150  2.89147e-01  1.064e+00  1.254e-03   9.8e-03  2.2e-07  5.3e+03  2.8e+01
  3160  2.89970e-01  1.064e+00  1.232e-03   9.8e-03  2.2e-07  5.3e+03  5.9e+01
  3170  2.90526e-01  1.064e+00  1.216e-03   9.8e-03  2.2e-07  5.3e+03  5.3e+01
  3180  2.91033e-01  1.064e+00  1.202e-03   9.8e-03  2.1e-07  5.3e+03  3.4e+01
  3190  2.91737e-01  1.064e+00  1.183e-03   9.8e-03  2.1e-07  5.3e+03  7.8e+01
  3200  2.92121e-01  1.064e+00  1.172e-03   9.8e-03  2.1e-07  5.3e+03  3.4e+01
  3210  2.92660e-01  1.064e+00  1.156e-03   9.8e-03  2.0e-07  5.3e+03  7.6e+01
  3220  2.93237e-01  1.064e+00  1.140e-03   9.8e-03  2.0e-07  5.3e+03  1.1e+02
  3230  2.93863e-01  1.064e+00  1.121e-03   9.8e-03  2.0e-07  5.4e+03  5.6e+01
  3240  2.94407e-01  1.064e+00  1.105e-03   9.8e-03  1.9e-07  5.4e+03  8.2e+01
  3250  2.94857e-01  1.064e+00  1.092e-03   9.8e-03  1.9e-07  5.4e+03  2.8e+01
  3260  2.95376e-01  1.064e+00  1.076e-03   9.8e-03  1.9e-07  5.4e+03  6.6e+01
  3270  2.95781e-01  1.064e+00  1.064e-03   9.8e-03  1.9e-07  5.4e+03  2.7e+01
  3280  2.96143e-01  1.064e+00  1.053e-03   9.8e-03  1.8e-07  5.4e+03  2.5e+01
  3290  2.96549e-01  1.064e+00  1.040e-03   9.8e-03  1.8e-07  5.4e+03  5.2e+01
  3300  2.96930e-01  1.064e+00  1.028e-03   9.8e-03  1.8e-07  5.4e+03  1.2e+02
  3310  2.97237e-01  1.064e+00  1.019e-03   9.8e-03  1.8e-07  5.4e+03  6.5e+01
 
   itn      x(1)       norm r    norm Ar  compatible   LS      norm A   cond A
  3320  2.97675e-01  1.064e+00  1.005e-03   9.8e-03  1.7e-07  5.4e+03  9.7e+01
  3330  2.97959e-01  1.064e+00  9.964e-04   9.8e-03  1.7e-07  5.4e+03  3.2e+01
  3340  2.98284e-01  1.064e+00  9.863e-04   9.8e-03  1.7e-07  5.4e+03  5.0e+01
  3350  2.98575e-01  1.064e+00  9.772e-04   9.8e-03  1.7e-07  5.5e+03  6.2e+01
  3360  2.98900e-01  1.064e+00  9.671e-04   9.8e-03  1.7e-07  5.5e+03  6.4e+01
  3370  2.99240e-01  1.064e+00  9.564e-04   9.8e-03  1.6e-07  5.5e+03  7.8e+01
  3380  2.99583e-01  1.064e+00  9.455e-04   9.8e-03  1.6e-07  5.5e+03  5.8e+01
  3390  2.99963e-01  1.064e+00  9.335e-04   9.8e-03  1.6e-07  5.5e+03  3.2e+01
  3400  3.00207e-01  1.064e+00  9.257e-04   9.8e-03  1.6e-07  5.5e+03  5.8e+01
  3410  3.00677e-01  1.064e+00  9.106e-04   9.8e-03  1.6e-07  5.5e+03  1.1e+02
  3420  3.00978e-01  1.064e+00  9.008e-04   9.8e-03  1.5e-07  5.5e+03  2.9e+01
  3430  3.01193e-01  1.064e+00  8.938e-04   9.8e-03  1.5e-07  5.5e+03  7.3e+01
  3440  3.01540e-01  1.064e+00  8.824e-04   9.8e-03  1.5e-07  5.5e+03  5.1e+01
  3450  3.01878e-01  1.064e+00  8.712e-04   9.8e-03  1.5e-07  5.5e+03  9.9e+01
  3460  3.02216e-01  1.064e+00  8.599e-04   9.8e-03  1.5e-07  5.5e+03  1.2e+02
  3470  3.02527e-01  1.064e+00  8.494e-04   9.8e-03  1.4e-07  5.5e+03  3.2e+01
  3480  3.02849e-01  1.064e+00  8.385e-04   9.8e-03  1.4e-07  5.6e+03  4.0e+01
  3490  3.03095e-01  1.064e+00  8.301e-04   9.8e-03  1.4e-07  5.6e+03  3.5e+01
  3500  3.03312e-01  1.064e+00  8.227e-04   9.8e-03  1.4e-07  5.6e+03  3.8e+01
  3510  3.03523e-01  1.064e+00  8.155e-04   9.8e-03  1.4e-07  5.6e+03  5.2e+01
 
   itn      x(1)       norm r    norm Ar  compatible   LS      norm A   cond A
  3520  3.03742e-01  1.064e+00  8.079e-04   9.8e-03  1.4e-07  5.6e+03  8.5e+01
  3530  3.03933e-01  1.064e+00  8.014e-04   9.8e-03  1.3e-07  5.6e+03  4.2e+01
  3540  3.04077e-01  1.064e+00  7.964e-04   9.8e-03  1.3e-07  5.6e+03  5.2e+01
  3550  3.04269e-01  1.064e+00  7.898e-04   9.8e-03  1.3e-07  5.6e+03  8.8e+01
  3560  3.04371e-01  1.064e+00  7.863e-04   9.8e-03  1.3e-07  5.6e+03  1.3e+02
  3570  3.04543e-01  1.064e+00  7.804e-04   9.8e-03  1.3e-07  5.6e+03  1.1e+02
  3580  3.04655e-01  1.064e+00  7.766e-04   9.8e-03  1.3e-07  5.6e+03  9.0e+01
  3590  3.04789e-01  1.064e+00  7.721e-04   9.8e-03  1.3e-07  5.6e+03  6.3e+01
  3600  3.04906e-01  1.064e+00  7.681e-04   9.8e-03  1.3e-07  5.7e+03  1.5e+02
  3610  3.05041e-01  1.064e+00  7.636e-04   9.8e-03  1.3e-07  5.7e+03  5.9e+01
  3620  3.05182e-01  1.064e+00  7.589e-04   9.8e-03  1.3e-07  5.7e+03  8.4e+01
  3630  3.05312e-01  1.064e+00  7.546e-04   9.8e-03  1.2e-07  5.7e+03  9.8e+01
  3640  3.05413e-01  1.064e+00  7.512e-04   9.8e-03  1.2e-07  5.7e+03  1.1e+02
  3650  3.05540e-01  1.064e+00  7.471e-04   9.8e-03  1.2e-07  5.7e+03  1.4e+02
  3660  3.05644e-01  1.064e+00  7.437e-04   9.8e-03  1.2e-07  5.7e+03  1.1e+02
  3670  3.05777e-01  1.064e+00  7.395e-04   9.8e-03  1.2e-07  5.7e+03  1.9e+02
  3680  3.05875e-01  1.064e+00  7.364e-04   9.8e-03  1.2e-07  5.7e+03  6.4e+01
  3690  3.05981e-01  1.064e+00  7.331e-04   9.8e-03  1.2e-07  5.7e+03  1.0e+02
  3700  3.06088e-01  1.064e+00  7.298e-04   9.8e-03  1.2e-07  5.7e+03  1.6e+02
  3710  3.06196e-01  1.064e+00  7.264e-04   9.8e-03  1.2e-07  5.7e+03  1.2e+02
 
   itn      x(1)       norm r    norm Ar  compatible   LS      norm A   cond A
  3720  3.06326e-01  1.064e+00  7.225e-04   9.8e-03  1.2e-07  5.7e+03  8.0e+01
  3730  3.06417e-01  1.064e+00  7.197e-04   9.8e-03  1.2e-07  5.8e+03  5.6e+01
  3740  3.06516e-01  1.064e+00  7.167e-04   9.8e-03  1.2e-07  5.8e+03  1.1e+02
  3750  3.06675e-01  1.064e+00  7.120e-04   9.8e-03  1.2e-07  5.8e+03  1.7e+02
  3760  3.06805e-01  1.064e+00  7.081e-04   9.8e-03  1.2e-07  5.8e+03  8.7e+01
  3770  3.06915e-01  1.064e+00  7.049e-04   9.8e-03  1.1e-07  5.8e+03  7.8e+01
  3780  3.07033e-01  1.064e+00  7.014e-04   9.8e-03  1.1e-07  5.8e+03  9.0e+01
  3790  3.07144e-01  1.064e+00  6.982e-04   9.8e-03  1.1e-07  5.8e+03  4.9e+01
  3800  3.07311e-01  1.064e+00  6.933e-04   9.8e-03  1.1e-07  5.8e+03  5.1e+01
  3810  3.07432e-01  1.064e+00  6.898e-04   9.8e-03  1.1e-07  5.8e+03  1.7e+02
  3820  3.07539e-01  1.064e+00  6.868e-04   9.8e-03  1.1e-07  5.8e+03  1.6e+02
  3830  3.07668e-01  1.064e+00  6.831e-04   9.8e-03  1.1e-07  5.8e+03  7.8e+01
  3840  3.07810e-01  1.064e+00  6.791e-04   9.8e-03  1.1e-07  5.8e+03  8.9e+01
  3850  3.07924e-01  1.064e+00  6.760e-04   9.8e-03  1.1e-07  5.8e+03  5.2e+01
  3860  3.08045e-01  1.064e+00  6.726e-04   9.8e-03  1.1e-07  5.9e+03  5.4e+01
  3870  3.08179e-01  1.064e+00  6.690e-04   9.8e-03  1.1e-07  5.9e+03  1.9e+02
  3880  3.08277e-01  1.064e+00  6.663e-04   9.8e-03  1.1e-07  5.9e+03  9.4e+01
  3890  3.08403e-01  1.064e+00  6.630e-04   9.8e-03  1.1e-07  5.9e+03  1.4e+02
  3900  3.08483e-01  1.064e+00  6.609e-04   9.8e-03  1.1e-07  5.9e+03  1.3e+02
  3910  3.08572e-01  1.064e+00  6.585e-04   9.8e-03  1.1e-07  5.9e+03  1.9e+02
 
   itn      x(1)       norm r    norm Ar  compatible   LS      norm A   cond A
  3920  3.08663e-01  1.064e+00  6.562e-04   9.8e-03  1.0e-07  5.9e+03  1.5e+02
  3930  3.08766e-01  1.064e+00  6.536e-04   9.8e-03  1.0e-07  5.9e+03  1.3e+02
  3940  3.08856e-01  1.064e+00  6.513e-04   9.8e-03  1.0e-07  5.9e+03  1.0e+02
  3950  3.08948e-01  1.064e+00  6.490e-04   9.8e-03  1.0e-07  5.9e+03  9.1e+01
  3960  3.09023e-01  1.064e+00  6.472e-04   9.8e-03  1.0e-07  5.9e+03  2.0e+02
  3970  3.09092e-01  1.064e+00  6.456e-04   9.8e-03  1.0e-07  5.9e+03  1.3e+02
  3980  3.09204e-01  1.064e+00  6.429e-04   9.8e-03  1.0e-07  5.9e+03  1.5e+02
  3990  3.09275e-01  1.064e+00  6.412e-04   9.8e-03  1.0e-07  6.0e+03  9.9e+01
  4000  3.09355e-01  1.064e+00  6.393e-04   9.8e-03  1.0e-07  6.0e+03  1.0e+02
  4010  3.09448e-01  1.064e+00  6.371e-04   9.8e-03  1.0e-07  6.0e+03  1.8e+02
  4020  3.09561e-01  1.064e+00  6.345e-04   9.8e-03  1.0e-07  6.0e+03  6.8e+01
  4030  3.09641e-01  1.064e+00  6.326e-04   9.8e-03  9.9e-08  6.0e+03  8.1e+01
  4040  3.09754e-01  1.064e+00  6.300e-04   9.8e-03  9.9e-08  6.0e+03  9.4e+01
  4050  3.09893e-01  1.064e+00  6.268e-04   9.8e-03  9.8e-08  6.0e+03  1.1e+02
  4060  3.10003e-01  1.064e+00  6.242e-04   9.8e-03  9.8e-08  6.0e+03  9.4e+01
  4070  3.10157e-01  1.064e+00  6.206e-04   9.8e-03  9.7e-08  6.0e+03  8.7e+01
  4080  3.10325e-01  1.064e+00  6.166e-04   9.8e-03  9.6e-08  6.0e+03  1.3e+02
  4090  3.10486e-01  1.064e+00  6.128e-04   9.8e-03  9.6e-08  6.0e+03  1.1e+02
  4100  3.10643e-01  1.064e+00  6.090e-04   9.8e-03  9.5e-08  6.0e+03  1.5e+02
  4110  3.10862e-01  1.064e+00  6.038e-04   9.8e-03  9.4e-08  6.0e+03  9.5e+01
 
   itn      x(1)       norm r    norm Ar  compatible   LS      norm A   cond A
  4120  3.11036e-01  1.064e+00  5.996e-04   9.8e-03  9.3e-08  6.0e+03  8.0e+01
  4130  3.11204e-01  1.064e+00  5.955e-04   9.8e-03  9.2e-08  6.1e+03  6.3e+01
  4140  3.11364e-01  1.064e+00  5.916e-04   9.8e-03  9.2e-08  6.1e+03  4.9e+01
  4150  3.11605e-01  1.064e+00  5.857e-04   9.8e-03  9.1e-08  6.1e+03  7.2e+01
  4160  3.11771e-01  1.064e+00  5.817e-04   9.8e-03  9.0e-08  6.1e+03  8.3e+01
  4170  3.11964e-01  1.064e+00  5.769e-04   9.8e-03  8.9e-08  6.1e+03  1.0e+02
  4180  3.12104e-01  1.064e+00  5.734e-04   9.8e-03  8.8e-08  6.1e+03  6.5e+01
  4190  3.12296e-01  1.064e+00  5.686e-04   9.8e-03  8.8e-08  6.1e+03  2.3e+01
  4200  3.12446e-01  1.064e+00  5.649e-04   9.8e-03  8.7e-08  6.1e+03  5.2e+01
  4210  3.12635e-01  1.064e+00  5.602e-04   9.8e-03  8.6e-08  6.1e+03  6.2e+01
  4220  3.12766e-01  1.064e+00  5.569e-04   9.8e-03  8.6e-08  6.1e+03  5.5e+01
  4230  3.12890e-01  1.064e+00  5.538e-04   9.8e-03  8.5e-08  6.1e+03  9.7e+01
  4240  3.13059e-01  1.064e+00  5.496e-04   9.8e-03  8.4e-08  6.1e+03  9.8e+01
  4250  3.13190e-01  1.064e+00  5.464e-04   9.8e-03  8.4e-08  6.1e+03  9.9e+01
  4260  3.13298e-01  1.064e+00  5.436e-04   9.8e-03  8.3e-08  6.1e+03  9.5e+01
  4270  3.13398e-01  1.064e+00  5.412e-04   9.8e-03  8.3e-08  6.2e+03  4.9e+01
  4280  3.13523e-01  1.064e+00  5.381e-04   9.8e-03  8.2e-08  6.2e+03  1.8e+02
  4290  3.13659e-01  1.064e+00  5.347e-04   9.8e-03  8.1e-08  6.2e+03  5.1e+01
  4300  3.13814e-01  1.064e+00  5.309e-04   9.8e-03  8.1e-08  6.2e+03  5.1e+01
  4310  3.13937e-01  1.064e+00  5.279e-04   9.8e-03  8.0e-08  6.2e+03  4.4e+01
 
   itn      x(1)       norm r    norm Ar  compatible   LS      norm A   cond A
  4320  3.14058e-01  1.064e+00  5.249e-04   9.8e-03  8.0e-08  6.2e+03  1.4e+02
  4330  3.14170e-01  1.064e+00  5.222e-04   9.8e-03  7.9e-08  6.2e+03  1.3e+02
  4340  3.14315e-01  1.064e+00  5.186e-04   9.8e-03  7.9e-08  6.2e+03  7.0e+01
  4350  3.14451e-01  1.064e+00  5.153e-04   9.8e-03  7.8e-08  6.2e+03  9.6e+01
  4360  3.14548e-01  1.064e+00  5.129e-04   9.8e-03  7.7e-08  6.2e+03  7.4e+01
  4370  3.14652e-01  1.064e+00  5.104e-04   9.8e-03  7.7e-08  6.2e+03  1.1e+02
  4380  3.14783e-01  1.064e+00  5.071e-04   9.8e-03  7.6e-08  6.2e+03  6.4e+01
  4390  3.14908e-01  1.064e+00  5.041e-04   9.8e-03  7.6e-08  6.2e+03  2.3e+02
  4400  3.15022e-01  1.064e+00  5.013e-04   9.8e-03  7.5e-08  6.3e+03  9.4e+01
  4410  3.15107e-01  1.064e+00  4.992e-04   9.8e-03  7.5e-08  6.3e+03  4.9e+01
  4420  3.15259e-01  1.064e+00  4.954e-04   9.8e-03  7.4e-08  6.3e+03  1.4e+02
  4430  3.15382e-01  1.064e+00  4.924e-04   9.8e-03  7.4e-08  6.3e+03  6.1e+01
  4440  3.15469e-01  1.064e+00  4.902e-04   9.8e-03  7.3e-08  6.3e+03  6.3e+01
  4450  3.15548e-01  1.064e+00  4.883e-04   9.8e-03  7.3e-08  6.3e+03  1.2e+02
  4460  3.15646e-01  1.064e+00  4.859e-04   9.8e-03  7.3e-08  6.3e+03  1.5e+02
  4470  3.15729e-01  1.064e+00  4.838e-04   9.8e-03  7.2e-08  6.3e+03  1.5e+02
  4480  3.15803e-01  1.064e+00  4.820e-04   9.8e-03  7.2e-08  6.3e+03  1.1e+02
  4490  3.15883e-01  1.064e+00  4.800e-04   9.8e-03  7.1e-08  6.3e+03  9.6e+01
  4500  3.15963e-01  1.064e+00  4.780e-04   9.8e-03  7.1e-08  6.3e+03  7.3e+01
  4510  3.16049e-01  1.064e+00  4.759e-04   9.8e-03  7.1e-08  6.3e+03  1.9e+02
 
   itn      x(1)       norm r    norm Ar  compatible   LS      norm A   cond A
  4520  3.16104e-01  1.064e+00  4.745e-04   9.8e-03  7.0e-08  6.3e+03  6.8e+01
  4530  3.16164e-01  1.064e+00  4.730e-04   9.8e-03  7.0e-08  6.3e+03  6.2e+01
  4540  3.16213e-01  1.064e+00  4.718e-04   9.8e-03  7.0e-08  6.4e+03  1.3e+02
  4550  3.16268e-01  1.064e+00  4.705e-04   9.8e-03  7.0e-08  6.4e+03  1.5e+02
  4560  3.16311e-01  1.064e+00  4.694e-04   9.8e-03  6.9e-08  6.4e+03  1.1e+02
  4570  3.16364e-01  1.064e+00  4.681e-04   9.8e-03  6.9e-08  6.4e+03  1.6e+02
  4580  3.16423e-01  1.064e+00  4.666e-04   9.8e-03  6.9e-08  6.4e+03  2.3e+02
  4590  3.16483e-01  1.064e+00  4.651e-04   9.8e-03  6.8e-08  6.4e+03  6.1e+01
  4600  3.16553e-01  1.064e+00  4.633e-04   9.8e-03  6.8e-08  6.4e+03  8.2e+01
  4610  3.16629e-01  1.064e+00  4.614e-04   9.8e-03  6.8e-08  6.4e+03  1.2e+02
  4620  3.16684e-01  1.064e+00  4.600e-04   9.8e-03  6.8e-08  6.4e+03  1.0e+02
  4630  3.16750e-01  1.064e+00  4.582e-04   9.8e-03  6.7e-08  6.4e+03  1.3e+02
  4640  3.16801e-01  1.064e+00  4.569e-04   9.8e-03  6.7e-08  6.4e+03  1.1e+02
  4650  3.16858e-01  1.064e+00  4.554e-04   9.8e-03  6.7e-08  6.4e+03  8.7e+01
  4660  3.16902e-01  1.064e+00  4.542e-04   9.8e-03  6.6e-08  6.4e+03  1.3e+02
  4670  3.16968e-01  1.064e+00  4.524e-04   9.8e-03  6.6e-08  6.4e+03  1.0e+02
  4680  3.17037e-01  1.064e+00  4.505e-04   9.8e-03  6.6e-08  6.4e+03  5.7e+01
  4690  3.17076e-01  1.064e+00  4.494e-04   9.8e-03  6.5e-08  6.5e+03  1.3e+02
  4700  3.17145e-01  1.064e+00  4.475e-04   9.8e-03  6.5e-08  6.5e+03  1.2e+02
  4710  3.17182e-01  1.064e+00  4.464e-04   9.8e-03  6.5e-08  6.5e+03  1.4e+02
 
   itn      x(1)       norm r    norm Ar  compatible   LS      norm A   cond A
  4720  3.17216e-01  1.064e+00  4.454e-04   9.8e-03  6.5e-08  6.5e+03  9.1e+01
  4730  3.17271e-01  1.064e+00  4.437e-04   9.8e-03  6.4e-08  6.5e+03  1.1e+02
  4740  3.17328e-01  1.064e+00  4.420e-04   9.8e-03  6.4e-08  6.5e+03  5.9e+01
  4750  3.17370e-01  1.064e+00  4.407e-04   9.8e-03  6.4e-08  6.5e+03  1.7e+02
  4760  3.17408e-01  1.064e+00  4.395e-04   9.8e-03  6.4e-08  6.5e+03  9.3e+01
  4770  3.17449e-01  1.064e+00  4.381e-04   9.8e-03  6.3e-08  6.5e+03  7.1e+01
  4780  3.17489e-01  1.064e+00  4.369e-04   9.8e-03  6.3e-08  6.5e+03  1.0e+02
  4790  3.17530e-01  1.064e+00  4.355e-04   9.8e-03  6.3e-08  6.5e+03  5.5e+01
  4800  3.17573e-01  1.064e+00  4.340e-04   9.8e-03  6.2e-08  6.5e+03  1.3e+02
  4810  3.17626e-01  1.064e+00  4.322e-04   9.8e-03  6.2e-08  6.5e+03  1.3e+02
  4820  3.17682e-01  1.064e+00  4.303e-04   9.8e-03  6.2e-08  6.5e+03  1.4e+02
  4830  3.17715e-01  1.064e+00  4.291e-04   9.8e-03  6.2e-08  6.6e+03  1.5e+02
  4840  3.17760e-01  1.064e+00  4.275e-04   9.8e-03  6.1e-08  6.6e+03  8.3e+01
  4850  3.17806e-01  1.064e+00  4.258e-04   9.8e-03  6.1e-08  6.6e+03  5.9e+01
  4860  3.17848e-01  1.064e+00  4.242e-04   9.8e-03  6.1e-08  6.6e+03  1.7e+02
  4870  3.17907e-01  1.064e+00  4.220e-04   9.8e-03  6.0e-08  6.6e+03  7.5e+01
  4880  3.17947e-01  1.064e+00  4.205e-04   9.8e-03  6.0e-08  6.6e+03  2.3e+02
  4890  3.17983e-01  1.064e+00  4.191e-04   9.8e-03  6.0e-08  6.6e+03  4.8e+01
  4900  3.18028e-01  1.064e+00  4.173e-04   9.8e-03  5.9e-08  6.6e+03  1.4e+02
  4910  3.18066e-01  1.064e+00  4.157e-04   9.8e-03  5.9e-08  6.6e+03  7.5e+01
 
   itn      x(1)       norm r    norm Ar  compatible   LS      norm A   cond A
  4920  3.18112e-01  1.064e+00  4.138e-04   9.8e-03  5.9e-08  6.6e+03  1.1e+02
  4930  3.18147e-01  1.064e+00  4.123e-04   9.8e-03  5.9e-08  6.6e+03  6.6e+01
  4940  3.18183e-01  1.064e+00  4.108e-04   9.8e-03  5.8e-08  6.6e+03  8.6e+01
  4950  3.18223e-01  1.064e+00  4.090e-04   9.8e-03  5.8e-08  6.6e+03  1.4e+02
  4960  3.18260e-01  1.064e+00  4.074e-04   9.8e-03  5.8e-08  6.6e+03  1.4e+02
  4970  3.18300e-01  1.064e+00  4.056e-04   9.8e-03  5.7e-08  6.6e+03  8.6e+01
  4980  3.18323e-01  1.064e+00  4.045e-04   9.8e-03  5.7e-08  6.7e+03  7.3e+01
  4990  3.18366e-01  1.064e+00  4.025e-04   9.8e-03  5.7e-08  6.7e+03  1.7e+02
  5000  3.18398e-01  1.064e+00  4.010e-04   9.8e-03  5.7e-08  6.7e+03  1.0e+02
  5010  3.18435e-01  1.064e+00  3.992e-04   9.8e-03  5.6e-08  6.7e+03  1.0e+02
  5020  3.18457e-01  1.064e+00  3.982e-04   9.8e-03  5.6e-08  6.7e+03  1.1e+02
  5030  3.18501e-01  1.064e+00  3.960e-04   9.8e-03  5.6e-08  6.7e+03  2.0e+02
  5040  3.18539e-01  1.064e+00  3.941e-04   9.8e-03  5.5e-08  6.7e+03  5.8e+01
  5050  3.18569e-01  1.064e+00  3.926e-04   9.8e-03  5.5e-08  6.7e+03  7.1e+01
  5060  3.18605e-01  1.064e+00  3.907e-04   9.8e-03  5.5e-08  6.7e+03  2.0e+02
  5070  3.18637e-01  1.064e+00  3.891e-04   9.8e-03  5.5e-08  6.7e+03  7.0e+01
  5080  3.18670e-01  1.064e+00  3.874e-04   9.8e-03  5.4e-08  6.7e+03  4.5e+01
  5090  3.18718e-01  1.064e+00  3.849e-04   9.8e-03  5.4e-08  6.7e+03  1.0e+02
  5100  3.18767e-01  1.064e+00  3.823e-04   9.8e-03  5.3e-08  6.7e+03  6.5e+01
  5110  3.18795e-01  1.064e+00  3.809e-04   9.8e-03  5.3e-08  6.7e+03  8.7e+01
 
   itn      x(1)       norm r    norm Ar  compatible   LS      norm A   cond A
  5120  3.18835e-01  1.064e+00  3.787e-04   9.8e-03  5.3e-08  6.7e+03  7.0e+01
  5130  3.18887e-01  1.064e+00  3.759e-04   9.8e-03  5.2e-08  6.8e+03  8.0e+01
  5140  3.18931e-01  1.064e+00  3.735e-04   9.8e-03  5.2e-08  6.8e+03  6.8e+01
  5150  3.18966e-01  1.064e+00  3.716e-04   9.8e-03  5.2e-08  6.8e+03  5.3e+01
  5160  3.19005e-01  1.064e+00  3.694e-04   9.8e-03  5.1e-08  6.8e+03  6.6e+01
  5170  3.19042e-01  1.064e+00  3.673e-04   9.8e-03  5.1e-08  6.8e+03  1.1e+02
  5180  3.19088e-01  1.064e+00  3.647e-04   9.8e-03  5.1e-08  6.8e+03  7.5e+01
  5190  3.19136e-01  1.064e+00  3.619e-04   9.8e-03  5.0e-08  6.8e+03  8.5e+01
  5200  3.19174e-01  1.064e+00  3.596e-04   9.8e-03  5.0e-08  6.8e+03  6.8e+01
  5210  3.19200e-01  1.064e+00  3.581e-04   9.8e-03  4.9e-08  6.8e+03  1.4e+02
  5220  3.19242e-01  1.064e+00  3.554e-04   9.8e-03  4.9e-08  6.8e+03  6.9e+01
  5230  3.19280e-01  1.064e+00  3.529e-04   9.8e-03  4.9e-08  6.8e+03  4.3e+01
  5240  3.19315e-01  1.064e+00  3.506e-04   9.8e-03  4.8e-08  6.8e+03  7.1e+01
  5250  3.19354e-01  1.064e+00  3.479e-04   9.8e-03  4.8e-08  6.8e+03  6.2e+01
  5260  3.19385e-01  1.064e+00  3.457e-04   9.8e-03  4.8e-08  6.8e+03  1.4e+02
  5270  3.19434e-01  1.064e+00  3.421e-04   9.8e-03  4.7e-08  6.8e+03  3.1e+01
  5280  3.19456e-01  1.064e+00  3.404e-04   9.8e-03  4.7e-08  6.9e+03  7.9e+01
  5290  3.19486e-01  1.064e+00  3.380e-04   9.8e-03  4.6e-08  6.9e+03  4.3e+01
  5300  3.19518e-01  1.064e+00  3.353e-04   9.8e-03  4.6e-08  6.9e+03  6.2e+01
  5310  3.19549e-01  1.064e+00  3.327e-04   9.8e-03  4.6e-08  6.9e+03  7.4e+01
 
   itn      x(1)       norm r    norm Ar  compatible   LS      norm A   cond A
  5320  3.19584e-01  1.064e+00  3.294e-04   9.8e-03  4.5e-08  6.9e+03  4.9e+01
  5330  3.19607e-01  1.064e+00  3.272e-04   9.8e-03  4.5e-08  6.9e+03  1.1e+02
  5340  3.19638e-01  1.064e+00  3.241e-04   9.8e-03  4.4e-08  6.9e+03  6.4e+01
  5350  3.19661e-01  1.064e+00  3.216e-04   9.8e-03  4.4e-08  6.9e+03  6.7e+01
  5360  3.19684e-01  1.064e+00  3.191e-04   9.8e-03  4.3e-08  6.9e+03  5.2e+01
  5370  3.19713e-01  1.064e+00  3.158e-04   9.8e-03  4.3e-08  6.9e+03  2.9e+01
  5380  3.19737e-01  1.064e+00  3.129e-04   9.8e-03  4.3e-08  6.9e+03  9.3e+01
  5390  3.19755e-01  1.064e+00  3.106e-04   9.8e-03  4.2e-08  6.9e+03  4.6e+01
  5400  3.19776e-01  1.064e+00  3.078e-04   9.8e-03  4.2e-08  6.9e+03  1.5e+02
  5410  3.19794e-01  1.064e+00  3.054e-04   9.8e-03  4.1e-08  6.9e+03  6.0e+01
  5420  3.19810e-01  1.064e+00  3.030e-04   9.8e-03  4.1e-08  6.9e+03  9.4e+01
  5430  3.19827e-01  1.064e+00  3.006e-04   9.8e-03  4.1e-08  6.9e+03  1.1e+02
  5440  3.19845e-01  1.064e+00  2.978e-04   9.8e-03  4.0e-08  7.0e+03  7.3e+01
  5450  3.19858e-01  1.064e+00  2.956e-04   9.8e-03  4.0e-08  7.0e+03  8.9e+01
  5460  3.19872e-01  1.064e+00  2.933e-04   9.8e-03  4.0e-08  7.0e+03  1.2e+02
  5470  3.19881e-01  1.064e+00  2.918e-04   9.8e-03  3.9e-08  7.0e+03  1.6e+02
  5480  3.19891e-01  1.064e+00  2.898e-04   9.8e-03  3.9e-08  7.0e+03  1.9e+02
  5490  3.19899e-01  1.064e+00  2.882e-04   9.8e-03  3.9e-08  7.0e+03  1.7e+02
  5500  3.19905e-01  1.064e+00  2.869e-04   9.8e-03  3.9e-08  7.0e+03  4.6e+01
  5510  3.19910e-01  1.064e+00  2.859e-04   9.8e-03  3.8e-08  7.0e+03  1.9e+02
 
   itn      x(1)       norm r    norm Ar  compatible   LS      norm A   cond A
  5520  3.19914e-01  1.064e+00  2.848e-04   9.8e-03  3.8e-08  7.0e+03  8.1e+01
  5530  3.19918e-01  1.064e+00  2.838e-04   9.8e-03  3.8e-08  7.0e+03  2.0e+02
  5540  3.19922e-01  1.064e+00  2.826e-04   9.8e-03  3.8e-08  7.0e+03  1.3e+02
  5550  3.19925e-01  1.064e+00  2.818e-04   9.8e-03  3.8e-08  7.0e+03  1.5e+02
  5560  3.19927e-01  1.064e+00  2.811e-04   9.8e-03  3.8e-08  7.0e+03  1.3e+02
  5570  3.19929e-01  1.064e+00  2.802e-04   9.8e-03  3.7e-08  7.0e+03  1.6e+02
  5580  3.19931e-01  1.064e+00  2.796e-04   9.8e-03  3.7e-08  7.0e+03  8.2e+01
  5590  3.19932e-01  1.064e+00  2.787e-04   9.8e-03  3.7e-08  7.0e+03  9.7e+01
  5600  3.19933e-01  1.064e+00  2.781e-04   9.8e-03  3.7e-08  7.1e+03  1.2e+02
  5610  3.19935e-01  1.064e+00  2.775e-04   9.8e-03  3.7e-08  7.1e+03  1.5e+02
  5620  3.19936e-01  1.064e+00  2.767e-04   9.8e-03  3.7e-08  7.1e+03  6.3e+01
  5630  3.19936e-01  1.064e+00  2.760e-04   9.8e-03  3.7e-08  7.1e+03  6.1e+01
  5640  3.19937e-01  1.064e+00  2.754e-04   9.8e-03  3.7e-08  7.1e+03  1.5e+02
  5650  3.19938e-01  1.064e+00  2.748e-04   9.8e-03  3.6e-08  7.1e+03  1.5e+02
  5660  3.19939e-01  1.064e+00  2.742e-04   9.8e-03  3.6e-08  7.1e+03  2.2e+02
  5670  3.19939e-01  1.064e+00  2.736e-04   9.8e-03  3.6e-08  7.1e+03  1.8e+02
  5680  3.19940e-01  1.064e+00  2.730e-04   9.8e-03  3.6e-08  7.1e+03  2.0e+02
  5690  3.19941e-01  1.064e+00  2.725e-04   9.8e-03  3.6e-08  7.1e+03  1.7e+02
  5700  3.19942e-01  1.064e+00  2.721e-04   9.8e-03  3.6e-08  7.1e+03  2.0e+02
  5710  3.19943e-01  1.064e+00  2.714e-04   9.8e-03  3.6e-08  7.1e+03  2.8e+02
 
   itn      x(1)       norm r    norm Ar  compatible   LS      norm A   cond A
  5720  3.19944e-01  1.064e+00  2.709e-04   9.8e-03  3.6e-08  7.1e+03  1.2e+02
  5730  3.19945e-01  1.064e+00  2.703e-04   9.8e-03  3.6e-08  7.1e+03  7.7e+01
  5740  3.19947e-01  1.064e+00  2.696e-04   9.8e-03  3.5e-08  7.1e+03  9.9e+01
  5750  3.19948e-01  1.064e+00  2.691e-04   9.8e-03  3.5e-08  7.1e+03  1.6e+02
  5760  3.19949e-01  1.064e+00  2.686e-04   9.8e-03  3.5e-08  7.2e+03  7.5e+01
  5770  3.19951e-01  1.064e+00  2.680e-04   9.8e-03  3.5e-08  7.2e+03  1.6e+02
  5780  3.19953e-01  1.064e+00  2.673e-04   9.8e-03  3.5e-08  7.2e+03  6.0e+01
  5790  3.19954e-01  1.064e+00  2.667e-04   9.8e-03  3.5e-08  7.2e+03  2.4e+02
  5800  3.19956e-01  1.064e+00  2.662e-04   9.8e-03  3.5e-08  7.2e+03  2.1e+02
  5810  3.19958e-01  1.064e+00  2.654e-04   9.8e-03  3.5e-08  7.2e+03  1.5e+02
  5820  3.19960e-01  1.064e+00  2.649e-04   9.8e-03  3.5e-08  7.2e+03  9.2e+01
  5830  3.19963e-01  1.064e+00  2.643e-04   9.8e-03  3.5e-08  7.2e+03  1.3e+02
  5840  3.19966e-01  1.064e+00  2.634e-04   9.8e-03  3.4e-08  7.2e+03  2.1e+02
  5850  3.19969e-01  1.064e+00  2.629e-04   9.8e-03  3.4e-08  7.2e+03  1.6e+02
  5860  3.19971e-01  1.064e+00  2.624e-04   9.8e-03  3.4e-08  7.2e+03  1.8e+02
  5870  3.19973e-01  1.064e+00  2.620e-04   9.8e-03  3.4e-08  7.2e+03  1.5e+02
  5880  3.19975e-01  1.064e+00  2.615e-04   9.8e-03  3.4e-08  7.2e+03  1.0e+02
  5890  3.19977e-01  1.064e+00  2.611e-04   9.8e-03  3.4e-08  7.2e+03  1.1e+02
  5900  3.19981e-01  1.064e+00  2.605e-04   9.8e-03  3.4e-08  7.2e+03  1.6e+02
  5910  3.19985e-01  1.064e+00  2.598e-04   9.8e-03  3.4e-08  7.2e+03  2.8e+02
 
   itn      x(1)       norm r    norm Ar  compatible   LS      norm A   cond A
  5920  3.19988e-01  1.064e+00  2.592e-04   9.8e-03  3.4e-08  7.3e+03  1.6e+02
  5930  3.19993e-01  1.064e+00  2.585e-04   9.8e-03  3.3e-08  7.3e+03  9.8e+01
  5940  3.19996e-01  1.064e+00  2.579e-04   9.8e-03  3.3e-08  7.3e+03  9.2e+01
  5950  3.20001e-01  1.064e+00  2.572e-04   9.8e-03  3.3e-08  7.3e+03  1.3e+02
  5960  3.20004e-01  1.064e+00  2.567e-04   9.8e-03  3.3e-08  7.3e+03  1.1e+02
  5970  3.20011e-01  1.064e+00  2.557e-04   9.8e-03  3.3e-08  7.3e+03  9.7e+01
  5980  3.20015e-01  1.064e+00  2.552e-04   9.8e-03  3.3e-08  7.3e+03  8.5e+01
  5990  3.20019e-01  1.064e+00  2.547e-04   9.8e-03  3.3e-08  7.3e+03  1.0e+02
  6000  3.20025e-01  1.064e+00  2.539e-04   9.8e-03  3.3e-08  7.3e+03  1.9e+02
  6010  3.20032e-01  1.064e+00  2.532e-04   9.8e-03  3.3e-08  7.3e+03  1.4e+02
  6020  3.20037e-01  1.064e+00  2.526e-04   9.8e-03  3.2e-08  7.3e+03  1.3e+02
  6030  3.20044e-01  1.064e+00  2.517e-04   9.8e-03  3.2e-08  7.3e+03  1.9e+02
  6040  3.20052e-01  1.064e+00  2.509e-04   9.8e-03  3.2e-08  7.3e+03  2.0e+02
  6050  3.20058e-01  1.064e+00  2.503e-04   9.8e-03  3.2e-08  7.3e+03  1.2e+02
  6060  3.20063e-01  1.064e+00  2.499e-04   9.8e-03  3.2e-08  7.3e+03  1.5e+02
  6070  3.20072e-01  1.064e+00  2.490e-04   9.8e-03  3.2e-08  7.3e+03  8.8e+01
  6080  3.20078e-01  1.064e+00  2.484e-04   9.8e-03  3.2e-08  7.4e+03  1.5e+02
  6090  3.20086e-01  1.064e+00  2.478e-04   9.8e-03  3.2e-08  7.4e+03  2.1e+02
  6100  3.20090e-01  1.064e+00  2.474e-04   9.8e-03  3.2e-08  7.4e+03  8.3e+01
  6110  3.20098e-01  1.064e+00  2.468e-04   9.8e-03  3.1e-08  7.4e+03  2.6e+02
 
   itn      x(1)       norm r    norm Ar  compatible   LS      norm A   cond A
  6120  3.20107e-01  1.064e+00  2.461e-04   9.8e-03  3.1e-08  7.4e+03  1.1e+02
  6130  3.20114e-01  1.064e+00  2.455e-04   9.8e-03  3.1e-08  7.4e+03  2.2e+02
  6140  3.20126e-01  1.064e+00  2.447e-04   9.8e-03  3.1e-08  7.4e+03  1.1e+02
  6150  3.20136e-01  1.064e+00  2.440e-04   9.8e-03  3.1e-08  7.4e+03  8.5e+01
  6160  3.20143e-01  1.064e+00  2.435e-04   9.8e-03  3.1e-08  7.4e+03  1.3e+02
  6170  3.20150e-01  1.064e+00  2.430e-04   9.8e-03  3.1e-08  7.4e+03  1.2e+02
  6180  3.20162e-01  1.064e+00  2.423e-04   9.8e-03  3.1e-08  7.4e+03  1.8e+02
  6190  3.20167e-01  1.064e+00  2.419e-04   9.8e-03  3.1e-08  7.4e+03  1.9e+02
  6200  3.20176e-01  1.064e+00  2.414e-04   9.8e-03  3.1e-08  7.4e+03  1.7e+02
  6210  3.20181e-01  1.064e+00  2.411e-04   9.8e-03  3.1e-08  7.4e+03  2.4e+02
  6220  3.20189e-01  1.064e+00  2.407e-04   9.8e-03  3.0e-08  7.4e+03  1.8e+02
  6230  3.20197e-01  1.064e+00  2.403e-04   9.8e-03  3.0e-08  7.4e+03  2.7e+02
  6240  3.20202e-01  1.064e+00  2.400e-04   9.8e-03  3.0e-08  7.4e+03  1.8e+02
  6250  3.20214e-01  1.064e+00  2.394e-04   9.8e-03  3.0e-08  7.5e+03  3.4e+02
  6260  3.20221e-01  1.064e+00  2.391e-04   9.8e-03  3.0e-08  7.5e+03  1.4e+02
  6270  3.20229e-01  1.064e+00  2.388e-04   9.8e-03  3.0e-08  7.5e+03  2.5e+02
  6280  3.20237e-01  1.064e+00  2.384e-04   9.8e-03  3.0e-08  7.5e+03  1.5e+02
  6290  3.20247e-01  1.064e+00  2.381e-04   9.8e-03  3.0e-08  7.5e+03  2.3e+02
  6300  3.20257e-01  1.064e+00  2.377e-04   9.8e-03  3.0e-08  7.5e+03  1.1e+02
  6310  3.20268e-01  1.064e+00  2.373e-04   9.8e-03  3.0e-08  7.5e+03  1.3e+02
 
   itn      x(1)       norm r    norm Ar  compatible   LS      norm A   cond A
  6320  3.20282e-01  1.064e+00  2.368e-04   9.8e-03  3.0e-08  7.5e+03  1.7e+02
  6330  3.20291e-01  1.064e+00  2.365e-04   9.8e-03  3.0e-08  7.5e+03  2.4e+02
  6340  3.20307e-01  1.064e+00  2.359e-04   9.8e-03  3.0e-08  7.5e+03  2.6e+02
  6350  3.20317e-01  1.064e+00  2.356e-04   9.8e-03  2.9e-08  7.5e+03  2.8e+02
  6360  3.20328e-01  1.064e+00  2.353e-04   9.8e-03  2.9e-08  7.5e+03  1.5e+02
  6370  3.20342e-01  1.064e+00  2.348e-04   9.8e-03  2.9e-08  7.5e+03  2.7e+02
  6380  3.20353e-01  1.064e+00  2.345e-04   9.8e-03  2.9e-08  7.5e+03  1.1e+02
  6390  3.20363e-01  1.064e+00  2.342e-04   9.8e-03  2.9e-08  7.5e+03  1.6e+02
  6400  3.20374e-01  1.064e+00  2.339e-04   9.8e-03  2.9e-08  7.5e+03  2.2e+02
  6410  3.20389e-01  1.064e+00  2.335e-04   9.8e-03  2.9e-08  7.5e+03  2.2e+02
  6420  3.20400e-01  1.064e+00  2.332e-04   9.8e-03  2.9e-08  7.6e+03  1.4e+02
  6430  3.20417e-01  1.064e+00  2.327e-04   9.8e-03  2.9e-08  7.6e+03  2.7e+02
  6440  3.20431e-01  1.064e+00  2.324e-04   9.8e-03  2.9e-08  7.6e+03  1.4e+02
  6450  3.20443e-01  1.064e+00  2.321e-04   9.8e-03  2.9e-08  7.6e+03  1.9e+02
  6460  3.20452e-01  1.064e+00  2.319e-04   9.8e-03  2.9e-08  7.6e+03  1.9e+02
  6470  3.20467e-01  1.064e+00  2.315e-04   9.8e-03  2.9e-08  7.6e+03  3.8e+02
  6480  3.20482e-01  1.064e+00  2.312e-04   9.8e-03  2.9e-08  7.6e+03  1.7e+02
  6490  3.20494e-01  1.064e+00  2.309e-04   9.8e-03  2.9e-08  7.6e+03  1.8e+02
  6500  3.20510e-01  1.064e+00  2.305e-04   9.8e-03  2.9e-08  7.6e+03  2.1e+02
  6510  3.20524e-01  1.064e+00  2.302e-04   9.8e-03  2.8e-08  7.6e+03  2.6e+02
 
   itn      x(1)       norm r    norm Ar  compatible   LS      norm A   cond A
  6520  3.20538e-01  1.064e+00  2.299e-04   9.8e-03  2.8e-08  7.6e+03  9.5e+01
  6530  3.20556e-01  1.064e+00  2.295e-04   9.8e-03  2.8e-08  7.6e+03  1.6e+02
  6540  3.20580e-01  1.064e+00  2.289e-04   9.8e-03  2.8e-08  7.6e+03  2.7e+02
  6550  3.20597e-01  1.064e+00  2.286e-04   9.8e-03  2.8e-08  7.6e+03  1.5e+02
  6560  3.20622e-01  1.064e+00  2.280e-04   9.8e-03  2.8e-08  7.6e+03  1.1e+02
  6570  3.20639e-01  1.064e+00  2.277e-04   9.8e-03  2.8e-08  7.6e+03  1.7e+02
  6580  3.20661e-01  1.064e+00  2.272e-04   9.8e-03  2.8e-08  7.6e+03  2.4e+02
  6590  3.20680e-01  1.064e+00  2.268e-04   9.8e-03  2.8e-08  7.7e+03  1.4e+02
  6600  3.20702e-01  1.064e+00  2.263e-04   9.8e-03  2.8e-08  7.7e+03  1.9e+02
  6610  3.20722e-01  1.064e+00  2.259e-04   9.8e-03  2.8e-08  7.7e+03  1.0e+02
  6620  3.20753e-01  1.064e+00  2.253e-04   9.8e-03  2.8e-08  7.7e+03  7.6e+01
  6630  3.20785e-01  1.064e+00  2.246e-04   9.8e-03  2.8e-08  7.7e+03  6.0e+01
  6640  3.20801e-01  1.064e+00  2.243e-04   9.8e-03  2.7e-08  7.7e+03  1.6e+02
  6650  3.20830e-01  1.064e+00  2.237e-04   9.8e-03  2.7e-08  7.7e+03  2.0e+02
  6660  3.20849e-01  1.064e+00  2.232e-04   9.8e-03  2.7e-08  7.7e+03  1.2e+02
  6670  3.20890e-01  1.064e+00  2.224e-04   9.8e-03  2.7e-08  7.7e+03  8.7e+01
  6680  3.20911e-01  1.064e+00  2.219e-04   9.8e-03  2.7e-08  7.7e+03  1.4e+02
  6690  3.20940e-01  1.064e+00  2.213e-04   9.8e-03  2.7e-08  7.7e+03  1.5e+02
  6700  3.20957e-01  1.064e+00  2.209e-04   9.8e-03  2.7e-08  7.7e+03  1.6e+02
  6710  3.20999e-01  1.064e+00  2.200e-04   9.8e-03  2.7e-08  7.7e+03  2.8e+02
 
   itn      x(1)       norm r    norm Ar  compatible   LS      norm A   cond A
  6720  3.21038e-01  1.064e+00  2.192e-04   9.8e-03  2.7e-08  7.7e+03  5.8e+01
  6730  3.21070e-01  1.064e+00  2.185e-04   9.8e-03  2.7e-08  7.7e+03  6.1e+01
  6740  3.21097e-01  1.064e+00  2.178e-04   9.8e-03  2.6e-08  7.7e+03  6.6e+01
  6750  3.21139e-01  1.064e+00  2.169e-04   9.8e-03  2.6e-08  7.7e+03  2.0e+02
  6760  3.21181e-01  1.064e+00  2.160e-04   9.8e-03  2.6e-08  7.8e+03  5.1e+01
  6770  3.21204e-01  1.064e+00  2.155e-04   9.8e-03  2.6e-08  7.8e+03  7.7e+01
  6780  3.21244e-01  1.064e+00  2.146e-04   9.8e-03  2.6e-08  7.8e+03  7.5e+01
  6790  3.21278e-01  1.064e+00  2.138e-04   9.8e-03  2.6e-08  7.8e+03  9.8e+01
  6800  3.21315e-01  1.064e+00  2.130e-04   9.8e-03  2.6e-08  7.8e+03  5.6e+01
  6810  3.21346e-01  1.064e+00  2.123e-04   9.8e-03  2.6e-08  7.8e+03  1.7e+02
  6820  3.21371e-01  1.064e+00  2.117e-04   9.8e-03  2.6e-08  7.8e+03  1.3e+02
  6830  3.21400e-01  1.064e+00  2.111e-04   9.8e-03  2.5e-08  7.8e+03  1.3e+02
  6840  3.21420e-01  1.064e+00  2.106e-04   9.8e-03  2.5e-08  7.8e+03  1.0e+02
  6850  3.21449e-01  1.064e+00  2.100e-04   9.8e-03  2.5e-08  7.8e+03  6.4e+01
  6860  3.21468e-01  1.064e+00  2.096e-04   9.8e-03  2.5e-08  7.8e+03  1.8e+02
  6870  3.21495e-01  1.064e+00  2.090e-04   9.8e-03  2.5e-08  7.8e+03  1.2e+02
  6880  3.21513e-01  1.064e+00  2.086e-04   9.8e-03  2.5e-08  7.8e+03  1.6e+02
  6890  3.21555e-01  1.064e+00  2.077e-04   9.8e-03  2.5e-08  7.8e+03  9.6e+01
  6900  3.21582e-01  1.064e+00  2.072e-04   9.8e-03  2.5e-08  7.8e+03  9.4e+01
  6910  3.21603e-01  1.064e+00  2.068e-04   9.8e-03  2.5e-08  7.8e+03  8.3e+01
 
   itn      x(1)       norm r    norm Ar  compatible   LS      norm A   cond A
  6920  3.21632e-01  1.064e+00  2.062e-04   9.8e-03  2.5e-08  7.8e+03  1.3e+02
  6930  3.21693e-01  1.064e+00  2.049e-04   9.8e-03  2.5e-08  7.9e+03  1.4e+02
  6940  3.21717e-01  1.064e+00  2.044e-04   9.8e-03  2.4e-08  7.9e+03  1.5e+02
  6950  3.21766e-01  1.064e+00  2.035e-04   9.8e-03  2.4e-08  7.9e+03  1.8e+02
  6960  3.21804e-01  1.064e+00  2.027e-04   9.8e-03  2.4e-08  7.9e+03  9.6e+01
  6970  3.21834e-01  1.064e+00  2.021e-04   9.8e-03  2.4e-08  7.9e+03  1.3e+02
  6980  3.21862e-01  1.064e+00  2.016e-04   9.8e-03  2.4e-08  7.9e+03  1.2e+02
  6990  3.21899e-01  1.064e+00  2.008e-04   9.8e-03  2.4e-08  7.9e+03  1.4e+02
  7000  3.21944e-01  1.064e+00  2.000e-04   9.8e-03  2.4e-08  7.9e+03  1.7e+02
  7010  3.21989e-01  1.064e+00  1.991e-04   9.8e-03  2.4e-08  7.9e+03  5.3e+01
  7020  3.22027e-01  1.064e+00  1.983e-04   9.8e-03  2.4e-08  7.9e+03  6.4e+01
  7030  3.22064e-01  1.064e+00  1.976e-04   9.8e-03  2.3e-08  7.9e+03  8.1e+01
  7040  3.22110e-01  1.064e+00  1.967e-04   9.8e-03  2.3e-08  7.9e+03  1.5e+02
  7050  3.22152e-01  1.064e+00  1.959e-04   9.8e-03  2.3e-08  7.9e+03  1.4e+02
  7060  3.22210e-01  1.064e+00  1.948e-04   9.8e-03  2.3e-08  7.9e+03  9.6e+01
  7070  3.22241e-01  1.064e+00  1.942e-04   9.8e-03  2.3e-08  7.9e+03  8.5e+01
  7080  3.22273e-01  1.064e+00  1.936e-04   9.8e-03  2.3e-08  7.9e+03  4.7e+01
  7090  3.22320e-01  1.064e+00  1.927e-04   9.8e-03  2.3e-08  7.9e+03  1.7e+02
  7100  3.22366e-01  1.064e+00  1.918e-04   9.8e-03  2.3e-08  7.9e+03  4.7e+01
  7110  3.22422e-01  1.064e+00  1.907e-04   9.8e-03  2.3e-08  8.0e+03  7.2e+01
 
   itn      x(1)       norm r    norm Ar  compatible   LS      norm A   cond A
  7120  3.22478e-01  1.064e+00  1.896e-04   9.8e-03  2.2e-08  8.0e+03  7.0e+01
  7130  3.22522e-01  1.064e+00  1.888e-04   9.8e-03  2.2e-08  8.0e+03  1.7e+02
  7140  3.22565e-01  1.064e+00  1.879e-04   9.8e-03  2.2e-08  8.0e+03  7.4e+01
  7150  3.22628e-01  1.064e+00  1.867e-04   9.8e-03  2.2e-08  8.0e+03  7.8e+01
  7160  3.22657e-01  1.064e+00  1.861e-04   9.8e-03  2.2e-08  8.0e+03  1.5e+02
  7170  3.22714e-01  1.064e+00  1.850e-04   9.8e-03  2.2e-08  8.0e+03  1.2e+02
  7180  3.22742e-01  1.064e+00  1.845e-04   9.8e-03  2.2e-08  8.0e+03  1.1e+02
  7190  3.22782e-01  1.064e+00  1.837e-04   9.8e-03  2.2e-08  8.0e+03  1.0e+02
  7200  3.22819e-01  1.064e+00  1.830e-04   9.8e-03  2.2e-08  8.0e+03  1.0e+02
  7210  3.22862e-01  1.064e+00  1.822e-04   9.8e-03  2.1e-08  8.0e+03  1.6e+02
  7220  3.22892e-01  1.064e+00  1.816e-04   9.8e-03  2.1e-08  8.0e+03  7.9e+01
  7230  3.22935e-01  1.064e+00  1.808e-04   9.8e-03  2.1e-08  8.0e+03  1.1e+02
  7240  3.23003e-01  1.064e+00  1.795e-04   9.8e-03  2.1e-08  8.0e+03  4.2e+01
  7250  3.23043e-01  1.064e+00  1.787e-04   9.8e-03  2.1e-08  8.0e+03  1.1e+02
  7260  3.23096e-01  1.064e+00  1.777e-04   9.8e-03  2.1e-08  8.0e+03  8.2e+01
  7270  3.23146e-01  1.064e+00  1.767e-04   9.8e-03  2.1e-08  8.0e+03  1.2e+02
  7280  3.23185e-01  1.064e+00  1.759e-04   9.8e-03  2.1e-08  8.0e+03  8.8e+01
  7290  3.23218e-01  1.064e+00  1.752e-04   9.8e-03  2.0e-08  8.1e+03  1.5e+02
  7300  3.23250e-01  1.064e+00  1.746e-04   9.8e-03  2.0e-08  8.1e+03  9.4e+01
  7310  3.23290e-01  1.064e+00  1.738e-04   9.8e-03  2.0e-08  8.1e+03  1.6e+02
 
   itn      x(1)       norm r    norm Ar  compatible   LS      norm A   cond A
  7320  3.23322e-01  1.064e+00  1.731e-04   9.8e-03  2.0e-08  8.1e+03  9.7e+01
  7330  3.23357e-01  1.064e+00  1.724e-04   9.8e-03  2.0e-08  8.1e+03  1.2e+02
  7340  3.23379e-01  1.064e+00  1.719e-04   9.8e-03  2.0e-08  8.1e+03  8.9e+01
  7350  3.23410e-01  1.064e+00  1.713e-04   9.8e-03  2.0e-08  8.1e+03  9.4e+01
  7360  3.23435e-01  1.064e+00  1.707e-04   9.8e-03  2.0e-08  8.1e+03  1.4e+02
  7370  3.23461e-01  1.064e+00  1.701e-04   9.8e-03  2.0e-08  8.1e+03  8.7e+01
  7380  3.23493e-01  1.064e+00  1.694e-04   9.8e-03  2.0e-08  8.1e+03  6.3e+01
  7390  3.23516e-01  1.064e+00  1.689e-04   9.8e-03  2.0e-08  8.1e+03  9.7e+01
  7400  3.23537e-01  1.064e+00  1.684e-04   9.8e-03  2.0e-08  8.1e+03  1.5e+02
  7410  3.23557e-01  1.064e+00  1.680e-04   9.8e-03  1.9e-08  8.1e+03  1.6e+02
  7420  3.23582e-01  1.064e+00  1.674e-04   9.8e-03  1.9e-08  8.1e+03  7.2e+01
  7430  3.23605e-01  1.064e+00  1.668e-04   9.8e-03  1.9e-08  8.1e+03  1.9e+02
  7440  3.23631e-01  1.064e+00  1.662e-04   9.8e-03  1.9e-08  8.1e+03  1.6e+02
  7450  3.23660e-01  1.064e+00  1.655e-04   9.8e-03  1.9e-08  8.1e+03  8.5e+01
  7460  3.23695e-01  1.064e+00  1.647e-04   9.8e-03  1.9e-08  8.1e+03  1.1e+02
  7470  3.23720e-01  1.064e+00  1.640e-04   9.8e-03  1.9e-08  8.2e+03  1.4e+02
  7480  3.23747e-01  1.064e+00  1.634e-04   9.8e-03  1.9e-08  8.2e+03  1.1e+02
  7490  3.23783e-01  1.064e+00  1.625e-04   9.8e-03  1.9e-08  8.2e+03  1.7e+02
  7500  3.23823e-01  1.064e+00  1.614e-04   9.8e-03  1.9e-08  8.2e+03  6.5e+01
  7510  3.23860e-01  1.064e+00  1.605e-04   9.8e-03  1.8e-08  8.2e+03  6.0e+01
 
   itn      x(1)       norm r    norm Ar  compatible   LS      norm A   cond A
  7520  3.23890e-01  1.064e+00  1.597e-04   9.8e-03  1.8e-08  8.2e+03  7.4e+01
  7530  3.23921e-01  1.064e+00  1.589e-04   9.8e-03  1.8e-08  8.2e+03  1.3e+02
  7540  3.23955e-01  1.064e+00  1.580e-04   9.8e-03  1.8e-08  8.2e+03  5.1e+01
  7550  3.23984e-01  1.064e+00  1.572e-04   9.8e-03  1.8e-08  8.2e+03  7.2e+01
  7560  3.24009e-01  1.064e+00  1.566e-04   9.8e-03  1.8e-08  8.2e+03  1.5e+02
  7570  3.24040e-01  1.064e+00  1.558e-04   9.8e-03  1.8e-08  8.2e+03  1.6e+02
  7580  3.24065e-01  1.064e+00  1.551e-04   9.8e-03  1.8e-08  8.2e+03  1.3e+02
  7590  3.24086e-01  1.064e+00  1.545e-04   9.8e-03  1.8e-08  8.2e+03  1.0e+02
  7600  3.24114e-01  1.064e+00  1.537e-04   9.8e-03  1.8e-08  8.2e+03  6.9e+01
  7610  3.24139e-01  1.064e+00  1.531e-04   9.8e-03  1.7e-08  8.2e+03  5.9e+01
  7620  3.24158e-01  1.064e+00  1.525e-04   9.8e-03  1.7e-08  8.2e+03  1.2e+02
  7630  3.24175e-01  1.064e+00  1.521e-04   9.8e-03  1.7e-08  8.2e+03  1.3e+02
  7640  3.24202e-01  1.064e+00  1.513e-04   9.8e-03  1.7e-08  8.2e+03  1.1e+02
  7650  3.24223e-01  1.064e+00  1.508e-04   9.8e-03  1.7e-08  8.3e+03  8.4e+01
  7660  3.24244e-01  1.064e+00  1.502e-04   9.8e-03  1.7e-08  8.3e+03  8.3e+01
  7670  3.24278e-01  1.064e+00  1.492e-04   9.8e-03  1.7e-08  8.3e+03  9.5e+01
  7680  3.24304e-01  1.064e+00  1.485e-04   9.8e-03  1.7e-08  8.3e+03  8.8e+01
  7690  3.24331e-01  1.064e+00  1.478e-04   9.8e-03  1.7e-08  8.3e+03  8.4e+01
  7700  3.24365e-01  1.064e+00  1.468e-04   9.8e-03  1.7e-08  8.3e+03  9.9e+01
  7710  3.24402e-01  1.064e+00  1.458e-04   9.8e-03  1.7e-08  8.3e+03  1.2e+02
 
   itn      x(1)       norm r    norm Ar  compatible   LS      norm A   cond A
  7720  3.24429e-01  1.064e+00  1.450e-04   9.8e-03  1.6e-08  8.3e+03  1.3e+02
  7730  3.24459e-01  1.064e+00  1.442e-04   9.8e-03  1.6e-08  8.3e+03  1.2e+02
  7740  3.24485e-01  1.064e+00  1.434e-04   9.8e-03  1.6e-08  8.3e+03  5.5e+01
  7750  3.24512e-01  1.064e+00  1.427e-04   9.8e-03  1.6e-08  8.3e+03  7.3e+01
  7760  3.24547e-01  1.064e+00  1.417e-04   9.8e-03  1.6e-08  8.3e+03  1.2e+02
  7770  3.24584e-01  1.064e+00  1.406e-04   9.8e-03  1.6e-08  8.3e+03  8.7e+01
  7780  3.24620e-01  1.064e+00  1.396e-04   9.8e-03  1.6e-08  8.3e+03  5.7e+01
  7790  3.24667e-01  1.064e+00  1.382e-04   9.8e-03  1.6e-08  8.3e+03  9.0e+01
  7800  3.24696e-01  1.064e+00  1.374e-04   9.8e-03  1.6e-08  8.3e+03  8.6e+01
  7810  3.24731e-01  1.064e+00  1.364e-04   9.8e-03  1.5e-08  8.3e+03  6.1e+01
  7820  3.24761e-01  1.064e+00  1.355e-04   9.8e-03  1.5e-08  8.3e+03  8.2e+01
  7830  3.24788e-01  1.064e+00  1.347e-04   9.8e-03  1.5e-08  8.3e+03  7.7e+01
  7840  3.24818e-01  1.064e+00  1.338e-04   9.8e-03  1.5e-08  8.4e+03  1.1e+02
  7850  3.24849e-01  1.064e+00  1.329e-04   9.8e-03  1.5e-08  8.4e+03  4.1e+01
  7860  3.24872e-01  1.064e+00  1.321e-04   9.8e-03  1.5e-08  8.4e+03  1.2e+02
  7870  3.24894e-01  1.064e+00  1.315e-04   9.8e-03  1.5e-08  8.4e+03  1.1e+02
  7880  3.24921e-01  1.064e+00  1.307e-04   9.8e-03  1.5e-08  8.4e+03  8.1e+01
  7890  3.24945e-01  1.064e+00  1.299e-04   9.8e-03  1.5e-08  8.4e+03  6.1e+01
  7900  3.24979e-01  1.064e+00  1.288e-04   9.8e-03  1.4e-08  8.4e+03  5.4e+01
  7910  3.25007e-01  1.064e+00  1.279e-04   9.8e-03  1.4e-08  8.4e+03  1.3e+02
 
   itn      x(1)       norm r    norm Ar  compatible   LS      norm A   cond A
  7920  3.25039e-01  1.064e+00  1.269e-04   9.8e-03  1.4e-08  8.4e+03  7.4e+01
  7930  3.25056e-01  1.064e+00  1.263e-04   9.8e-03  1.4e-08  8.4e+03  6.8e+01
  7940  3.25074e-01  1.064e+00  1.257e-04   9.8e-03  1.4e-08  8.4e+03  1.2e+02
  7950  3.25097e-01  1.064e+00  1.250e-04   9.8e-03  1.4e-08  8.4e+03  7.5e+01
  7960  3.25113e-01  1.064e+00  1.244e-04   9.8e-03  1.4e-08  8.4e+03  7.9e+01
  7970  3.25134e-01  1.064e+00  1.237e-04   9.8e-03  1.4e-08  8.4e+03  1.2e+02
  7980  3.25154e-01  1.064e+00  1.230e-04   9.8e-03  1.4e-08  8.4e+03  2.0e+02
  7990  3.25174e-01  1.064e+00  1.224e-04   9.8e-03  1.4e-08  8.4e+03  1.2e+02
  8000  3.25184e-01  1.064e+00  1.220e-04   9.8e-03  1.4e-08  8.4e+03  6.0e+01
  8010  3.25197e-01  1.064e+00  1.216e-04   9.8e-03  1.4e-08  8.4e+03  1.1e+02
  8020  3.25211e-01  1.064e+00  1.211e-04   9.8e-03  1.3e-08  8.4e+03  7.1e+01
  8030  3.25221e-01  1.064e+00  1.208e-04   9.8e-03  1.3e-08  8.5e+03  7.1e+01
  8040  3.25232e-01  1.064e+00  1.204e-04   9.8e-03  1.3e-08  8.5e+03  1.4e+02
  8050  3.25243e-01  1.064e+00  1.200e-04   9.8e-03  1.3e-08  8.5e+03  1.2e+02
  8060  3.25258e-01  1.064e+00  1.195e-04   9.8e-03  1.3e-08  8.5e+03  1.3e+02
  8070  3.25274e-01  1.064e+00  1.190e-04   9.8e-03  1.3e-08  8.5e+03  1.5e+02
  8080  3.25295e-01  1.064e+00  1.183e-04   9.8e-03  1.3e-08  8.5e+03  7.3e+01
  8090  3.25313e-01  1.064e+00  1.177e-04   9.8e-03  1.3e-08  8.5e+03  7.4e+01
  8100  3.25328e-01  1.064e+00  1.173e-04   9.8e-03  1.3e-08  8.5e+03  7.2e+01
  8110  3.25349e-01  1.064e+00  1.166e-04   9.8e-03  1.3e-08  8.5e+03  1.5e+02
 
   itn      x(1)       norm r    norm Ar  compatible   LS      norm A   cond A
  8120  3.25366e-01  1.064e+00  1.161e-04   9.8e-03  1.3e-08  8.5e+03  6.8e+01
  8130  3.25380e-01  1.064e+00  1.156e-04   9.8e-03  1.3e-08  8.5e+03  1.3e+02
  8140  3.25390e-01  1.064e+00  1.153e-04   9.8e-03  1.3e-08  8.5e+03  1.2e+02
  8150  3.25406e-01  1.064e+00  1.149e-04   9.8e-03  1.3e-08  8.5e+03  6.1e+01
  8160  3.25418e-01  1.064e+00  1.145e-04   9.8e-03  1.3e-08  8.5e+03  2.4e+02
  8170  3.25431e-01  1.064e+00  1.141e-04   9.8e-03  1.3e-08  8.5e+03  2.5e+02
  8180  3.25446e-01  1.064e+00  1.137e-04   9.8e-03  1.3e-08  8.5e+03  7.4e+01
  8190  3.25454e-01  1.064e+00  1.135e-04   9.8e-03  1.2e-08  8.5e+03  1.8e+02
  8200  3.25470e-01  1.064e+00  1.130e-04   9.8e-03  1.2e-08  8.5e+03  1.5e+02
  8210  3.25483e-01  1.064e+00  1.126e-04   9.8e-03  1.2e-08  8.5e+03  7.2e+01
  8220  3.25494e-01  1.064e+00  1.123e-04   9.8e-03  1.2e-08  8.6e+03  1.3e+02
  8230  3.25507e-01  1.064e+00  1.120e-04   9.8e-03  1.2e-08  8.6e+03  5.5e+01
  8240  3.25521e-01  1.064e+00  1.116e-04   9.8e-03  1.2e-08  8.6e+03  1.1e+02
  8250  3.25536e-01  1.064e+00  1.112e-04   9.8e-03  1.2e-08  8.6e+03  7.9e+01
  8260  3.25550e-01  1.064e+00  1.108e-04   9.8e-03  1.2e-08  8.6e+03  1.2e+02
  8270  3.25565e-01  1.064e+00  1.104e-04   9.8e-03  1.2e-08  8.6e+03  7.4e+01
  8280  3.25577e-01  1.064e+00  1.101e-04   9.8e-03  1.2e-08  8.6e+03  1.0e+02
  8290  3.25595e-01  1.064e+00  1.096e-04   9.8e-03  1.2e-08  8.6e+03  1.2e+02
  8300  3.25608e-01  1.064e+00  1.093e-04   9.8e-03  1.2e-08  8.6e+03  1.4e+02
  8310  3.25621e-01  1.064e+00  1.090e-04   9.8e-03  1.2e-08  8.6e+03  1.6e+02
 
   itn      x(1)       norm r    norm Ar  compatible   LS      norm A   cond A
  8320  3.25637e-01  1.064e+00  1.086e-04   9.8e-03  1.2e-08  8.6e+03  9.6e+01
  8330  3.25654e-01  1.064e+00  1.082e-04   9.8e-03  1.2e-08  8.6e+03  1.8e+02
  8340  3.25668e-01  1.064e+00  1.078e-04   9.8e-03  1.2e-08  8.6e+03  9.3e+01
  8350  3.25681e-01  1.064e+00  1.075e-04   9.8e-03  1.2e-08  8.6e+03  1.0e+02
  8360  3.25694e-01  1.064e+00  1.072e-04   9.8e-03  1.2e-08  8.6e+03  1.9e+02
  8370  3.25707e-01  1.064e+00  1.069e-04   9.8e-03  1.2e-08  8.6e+03  7.8e+01
  8380  3.25718e-01  1.064e+00  1.066e-04   9.8e-03  1.2e-08  8.6e+03  8.5e+01
  8390  3.25729e-01  1.064e+00  1.063e-04   9.8e-03  1.2e-08  8.6e+03  1.1e+02
  8400  3.25741e-01  1.064e+00  1.061e-04   9.8e-03  1.2e-08  8.6e+03  8.0e+01
  8410  3.25749e-01  1.064e+00  1.059e-04   9.8e-03  1.2e-08  8.7e+03  1.1e+02
  8420  3.25758e-01  1.064e+00  1.057e-04   9.8e-03  1.1e-08  8.7e+03  1.4e+02
  8430  3.25767e-01  1.064e+00  1.055e-04   9.8e-03  1.1e-08  8.7e+03  7.1e+01
  8440  3.25774e-01  1.064e+00  1.053e-04   9.8e-03  1.1e-08  8.7e+03  1.5e+02
  8450  3.25781e-01  1.064e+00  1.052e-04   9.8e-03  1.1e-08  8.7e+03  1.7e+02
  8460  3.25789e-01  1.064e+00  1.050e-04   9.8e-03  1.1e-08  8.7e+03  1.9e+02
  8470  3.25797e-01  1.064e+00  1.048e-04   9.8e-03  1.1e-08  8.7e+03  4.3e+02
  8480  3.25803e-01  1.064e+00  1.047e-04   9.8e-03  1.1e-08  8.7e+03  1.4e+02
  8490  3.25811e-01  1.064e+00  1.046e-04   9.8e-03  1.1e-08  8.7e+03  2.3e+02
  8500  3.25817e-01  1.064e+00  1.044e-04   9.8e-03  1.1e-08  8.7e+03  9.1e+01
  8510  3.25824e-01  1.064e+00  1.043e-04   9.8e-03  1.1e-08  8.7e+03  2.2e+02
 
   itn      x(1)       norm r    norm Ar  compatible   LS      norm A   cond A
  8520  3.25830e-01  1.064e+00  1.042e-04   9.8e-03  1.1e-08  8.7e+03  2.6e+02
  8530  3.25836e-01  1.064e+00  1.040e-04   9.8e-03  1.1e-08  8.7e+03  2.4e+02
  8540  3.25842e-01  1.064e+00  1.039e-04   9.8e-03  1.1e-08  8.7e+03  1.4e+02
  8550  3.25849e-01  1.064e+00  1.038e-04   9.8e-03  1.1e-08  8.7e+03  9.1e+01
  8560  3.25856e-01  1.064e+00  1.036e-04   9.8e-03  1.1e-08  8.7e+03  1.6e+02
  8570  3.25863e-01  1.064e+00  1.035e-04   9.8e-03  1.1e-08  8.7e+03  1.2e+02
  8580  3.25869e-01  1.064e+00  1.034e-04   9.8e-03  1.1e-08  8.7e+03  1.2e+02
  8590  3.25874e-01  1.064e+00  1.033e-04   9.8e-03  1.1e-08  8.7e+03  1.3e+02
  8600  3.25882e-01  1.064e+00  1.031e-04   9.8e-03  1.1e-08  8.7e+03  2.6e+02
  8610  3.25889e-01  1.064e+00  1.030e-04   9.8e-03  1.1e-08  8.8e+03  1.9e+02
  8620  3.25895e-01  1.064e+00  1.028e-04   9.8e-03  1.1e-08  8.8e+03  1.8e+02
  8630  3.25900e-01  1.064e+00  1.027e-04   9.8e-03  1.1e-08  8.8e+03  1.1e+02
  8640  3.25904e-01  1.064e+00  1.027e-04   9.8e-03  1.1e-08  8.8e+03  3.2e+02
  8643  3.25906e-01  1.064e+00  1.026e-04   9.8e-03  1.1e-08  8.8e+03  1.8e+02
  8644  3.25907e-01  1.064e+00  1.026e-04   9.8e-03  1.1e-08  8.8e+03  3.0e+02
  8645  3.25907e-01  1.064e+00  1.026e-04   9.8e-03  1.1e-08  8.8e+03  2.2e+02
  8646  3.25908e-01  1.064e+00  1.026e-04   9.8e-03  1.1e-08  8.8e+03  8.7e+01
  8647  3.25909e-01  1.064e+00  1.026e-04   9.8e-03  1.1e-08  8.8e+03  2.5e+02
  8648  3.25909e-01  1.064e+00  1.026e-04   9.8e-03  1.1e-08  8.8e+03  1.7e+02
  8649  3.25910e-01  1.064e+00  1.025e-04   9.8e-03  1.1e-08  8.8e+03  8.7e+01
 
   itn      x(1)       norm r    norm Ar  compatible   LS      norm A   cond A
  8650  3.25911e-01  1.064e+00  1.025e-04   9.8e-03  1.1e-08  8.8e+03  2.0e+02
  8651  3.25911e-01  1.064e+00  1.025e-04   9.8e-03  1.1e-08  8.8e+03  8.9e+01
  8652  3.25912e-01  1.064e+00  1.025e-04   9.8e-03  1.1e-08  8.8e+03  2.2e+02
  8653  3.25913e-01  1.064e+00  1.025e-04   9.8e-03  1.1e-08  8.8e+03  2.7e+02
  8654  3.25914e-01  1.064e+00  1.025e-04   9.8e-03  1.1e-08  8.8e+03  9.8e+01
  8655  3.25914e-01  1.064e+00  1.025e-04   9.8e-03  1.1e-08  8.8e+03  2.1e+02
  8656  3.25915e-01  1.064e+00  1.024e-04   9.8e-03  1.1e-08  8.8e+03  1.4e+02
  8657  3.25917e-01  1.064e+00  1.024e-04   9.8e-03  1.1e-08  8.8e+03  2.6e+02
  8658  3.25917e-01  1.064e+00  1.024e-04   9.8e-03  1.1e-08  8.8e+03  3.3e+02
  8659  3.25919e-01  1.064e+00  1.024e-04   9.8e-03  1.1e-08  8.8e+03  1.3e+02
  8660  3.25919e-01  1.064e+00  1.024e-04   9.8e-03  1.1e-08  8.8e+03  3.4e+02
  8661  3.25920e-01  1.064e+00  1.024e-04   9.8e-03  1.1e-08  8.8e+03  1.6e+02
  8662  3.25920e-01  1.064e+00  1.023e-04   9.8e-03  1.1e-08  8.8e+03  1.6e+02
  8663  3.25921e-01  1.064e+00  1.023e-04   9.8e-03  1.1e-08  8.8e+03  1.5e+02
  8664  3.25921e-01  1.064e+00  1.023e-04   9.8e-03  1.1e-08  8.8e+03  1.4e+02
  8665  3.25921e-01  1.064e+00  1.023e-04   9.8e-03  1.1e-08  8.8e+03  1.4e+02
  8666  3.25923e-01  1.064e+00  1.023e-04   9.8e-03  1.1e-08  8.8e+03  2.5e+02
  8667  3.25923e-01  1.064e+00  1.023e-04   9.8e-03  1.1e-08  8.8e+03  1.1e+02
  8668  3.25924e-01  1.064e+00  1.023e-04   9.8e-03  1.1e-08  8.8e+03  2.7e+02
  8669  3.25924e-01  1.064e+00  1.023e-04   9.8e-03  1.1e-08  8.8e+03  3.0e+02
 
   itn      x(1)       norm r    norm Ar  compatible   LS      norm A   cond A
  8670  3.25926e-01  1.064e+00  1.022e-04   9.8e-03  1.1e-08  8.8e+03  1.1e+02
  8671  3.25926e-01  1.064e+00  1.022e-04   9.8e-03  1.1e-08  8.8e+03  2.3e+02
  8672  3.25928e-01  1.064e+00  1.022e-04   9.8e-03  1.1e-08  8.8e+03  7.7e+01
  8673  3.25928e-01  1.064e+00  1.022e-04   9.8e-03  1.1e-08  8.8e+03  1.9e+02
  8674  3.25929e-01  1.064e+00  1.022e-04   9.8e-03  1.1e-08  8.8e+03  1.6e+02
  8675  3.25930e-01  1.064e+00  1.022e-04   9.8e-03  1.1e-08  8.8e+03  1.7e+02
  8676  3.25931e-01  1.064e+00  1.021e-04   9.8e-03  1.1e-08  8.8e+03  1.5e+02
  8677  3.25931e-01  1.064e+00  1.021e-04   9.8e-03  1.1e-08  8.8e+03  1.0e+02
  8678  3.25931e-01  1.064e+00  1.021e-04   9.8e-03  1.1e-08  8.8e+03  2.6e+02
  8679  3.25932e-01  1.064e+00  1.021e-04   9.8e-03  1.1e-08  8.8e+03  1.4e+02
  8680  3.25932e-01  1.064e+00  1.021e-04   9.8e-03  1.1e-08  8.8e+03  1.9e+02
  8681  3.25933e-01  1.064e+00  1.021e-04   9.8e-03  1.1e-08  8.8e+03  1.1e+02
  8682  3.25934e-01  1.064e+00  1.021e-04   9.8e-03  1.1e-08  8.8e+03  1.4e+02
  8683  3.25934e-01  1.064e+00  1.021e-04   9.8e-03  1.1e-08  8.8e+03  1.8e+02
  8684  3.25934e-01  1.064e+00  1.021e-04   9.8e-03  1.1e-08  8.8e+03  1.3e+02
  8685  3.25936e-01  1.064e+00  1.020e-04   9.8e-03  1.1e-08  8.8e+03  2.6e+02
  8686  3.25937e-01  1.064e+00  1.020e-04   9.8e-03  1.1e-08  8.8e+03  1.7e+02
  8687  3.25937e-01  1.064e+00  1.020e-04   9.8e-03  1.1e-08  8.8e+03  3.4e+02
  8688  3.25938e-01  1.064e+00  1.020e-04   9.8e-03  1.1e-08  8.8e+03  1.5e+02
  8689  3.25939e-01  1.064e+00  1.020e-04   9.8e-03  1.1e-08  8.8e+03  1.9e+02
 
   itn      x(1)       norm r    norm Ar  compatible   LS      norm A   cond A
  8690  3.25940e-01  1.064e+00  1.020e-04   9.8e-03  1.1e-08  8.8e+03  1.2e+02
  8691  3.25940e-01  1.064e+00  1.020e-04   9.8e-03  1.1e-08  8.8e+03  2.6e+02
  8692  3.25941e-01  1.064e+00  1.019e-04   9.8e-03  1.1e-08  8.8e+03  1.3e+02
  8693  3.25941e-01  1.064e+00  1.019e-04   9.8e-03  1.1e-08  8.8e+03  1.2e+02
  8694  3.25942e-01  1.064e+00  1.019e-04   9.8e-03  1.1e-08  8.8e+03  2.9e+02
  8695  3.25943e-01  1.064e+00  1.019e-04   9.8e-03  1.1e-08  8.8e+03  1.6e+02
  8696  3.25943e-01  1.064e+00  1.019e-04   9.8e-03  1.1e-08  8.8e+03  2.7e+02
  8697  3.25944e-01  1.064e+00  1.019e-04   9.8e-03  1.1e-08  8.8e+03  8.4e+01
  8698  3.25947e-01  1.064e+00  1.018e-04   9.8e-03  1.1e-08  8.8e+03  2.1e+02
  8699  3.25948e-01  1.064e+00  1.018e-04   9.8e-03  1.1e-08  8.8e+03  2.1e+02
  8700  3.25948e-01  1.064e+00  1.018e-04   9.8e-03  1.1e-08  8.8e+03  1.6e+02
  8701  3.25948e-01  1.064e+00  1.018e-04   9.8e-03  1.1e-08  8.8e+03  2.1e+02
  8702  3.25949e-01  1.064e+00  1.018e-04   9.8e-03  1.1e-08  8.8e+03  1.7e+02
  8703  3.25951e-01  1.064e+00  1.017e-04   9.8e-03  1.1e-08  8.8e+03  2.0e+02
  8704  3.25952e-01  1.064e+00  1.017e-04   9.8e-03  1.1e-08  8.8e+03  8.0e+01
  8705  3.25952e-01  1.064e+00  1.017e-04   9.8e-03  1.1e-08  8.8e+03  1.5e+02
  8706  3.25953e-01  1.064e+00  1.017e-04   9.8e-03  1.1e-08  8.8e+03  2.0e+02
  8707  3.25954e-01  1.064e+00  1.017e-04   9.8e-03  1.1e-08  8.8e+03  9.8e+01
  8708  3.25955e-01  1.064e+00  1.017e-04   9.8e-03  1.1e-08  8.8e+03  1.8e+02
  8709  3.25955e-01  1.064e+00  1.017e-04   9.8e-03  1.1e-08  8.8e+03  1.1e+02
 
   itn      x(1)       norm r    norm Ar  compatible   LS      norm A   cond A
  8710  3.25955e-01  1.064e+00  1.017e-04   9.8e-03  1.1e-08  8.8e+03  2.7e+02
  8711  3.25956e-01  1.064e+00  1.017e-04   9.8e-03  1.1e-08  8.8e+03  1.9e+02
  8712  3.25956e-01  1.064e+00  1.017e-04   9.8e-03  1.1e-08  8.8e+03  2.5e+02
  8713  3.25957e-01  1.064e+00  1.016e-04   9.8e-03  1.1e-08  8.8e+03  2.3e+02
  8714  3.25959e-01  1.064e+00  1.016e-04   9.8e-03  1.1e-08  8.8e+03  6.7e+01
  8715  3.25961e-01  1.064e+00  1.016e-04   9.8e-03  1.1e-08  8.8e+03  2.4e+02
  8716  3.25962e-01  1.064e+00  1.016e-04   9.8e-03  1.1e-08  8.8e+03  1.2e+02
  8717  3.25962e-01  1.064e+00  1.015e-04   9.8e-03  1.1e-08  8.8e+03  2.1e+02
  8718  3.25962e-01  1.064e+00  1.015e-04   9.8e-03  1.1e-08  8.8e+03  2.5e+02
  8719  3.25963e-01  1.064e+00  1.015e-04   9.8e-03  1.1e-08  8.8e+03  1.9e+02
  8720  3.25964e-01  1.064e+00  1.015e-04   9.8e-03  1.1e-08  8.8e+03  1.1e+02
  8721  3.25965e-01  1.064e+00  1.015e-04   9.8e-03  1.1e-08  8.8e+03  1.2e+02
  8722  3.25966e-01  1.064e+00  1.015e-04   9.8e-03  1.1e-08  8.8e+03  8.3e+01
  8723  3.25967e-01  1.064e+00  1.015e-04   9.8e-03  1.1e-08  8.8e+03  2.2e+02
  8724  3.25968e-01  1.064e+00  1.014e-04   9.8e-03  1.1e-08  8.8e+03  8.2e+01
  8725  3.25968e-01  1.064e+00  1.014e-04   9.8e-03  1.1e-08  8.8e+03  2.1e+02
  8726  3.25969e-01  1.064e+00  1.014e-04   9.8e-03  1.1e-08  8.8e+03  1.7e+02
  8727  3.25970e-01  1.064e+00  1.014e-04   9.8e-03  1.1e-08  8.8e+03  9.1e+01
  8728  3.25972e-01  1.064e+00  1.014e-04   9.8e-03  1.1e-08  8.8e+03  1.7e+02
  8729  3.25972e-01  1.064e+00  1.014e-04   9.8e-03  1.1e-08  8.8e+03  1.2e+02
 
   itn      x(1)       norm r    norm Ar  compatible   LS      norm A   cond A
  8730  3.25973e-01  1.064e+00  1.013e-04   9.8e-03  1.1e-08  8.8e+03  2.0e+02
  8731  3.25973e-01  1.064e+00  1.013e-04   9.8e-03  1.1e-08  8.8e+03  2.4e+02
  8732  3.25975e-01  1.064e+00  1.013e-04   9.8e-03  1.1e-08  8.8e+03  1.1e+02
  8733  3.25976e-01  1.064e+00  1.013e-04   9.8e-03  1.1e-08  8.8e+03  2.6e+02
  8734  3.25977e-01  1.064e+00  1.013e-04   9.8e-03  1.1e-08  8.8e+03  1.4e+02
  8735  3.25978e-01  1.064e+00  1.013e-04   9.8e-03  1.1e-08  8.8e+03  1.7e+02
  8736  3.25979e-01  1.064e+00  1.012e-04   9.8e-03  1.1e-08  8.8e+03  8.6e+01
  8737  3.25979e-01  1.064e+00  1.012e-04   9.8e-03  1.1e-08  8.8e+03  2.8e+02
  8738  3.25980e-01  1.064e+00  1.012e-04   9.8e-03  1.1e-08  8.8e+03  1.9e+02
  8739  3.25980e-01  1.064e+00  1.012e-04   9.8e-03  1.1e-08  8.8e+03  1.1e+02
  8740  3.25981e-01  1.064e+00  1.012e-04   9.8e-03  1.1e-08  8.8e+03  1.4e+02
  8741  3.25982e-01  1.064e+00  1.012e-04   9.8e-03  1.1e-08  8.8e+03  2.4e+02
  8742  3.25982e-01  1.064e+00  1.012e-04   9.8e-03  1.1e-08  8.8e+03  2.1e+02
  8743  3.25983e-01  1.064e+00  1.012e-04   9.8e-03  1.1e-08  8.8e+03  1.6e+02
  8744  3.25983e-01  1.064e+00  1.012e-04   9.8e-03  1.1e-08  8.8e+03  1.6e+02
  8745  3.25983e-01  1.064e+00  1.011e-04   9.8e-03  1.1e-08  8.8e+03  1.8e+02
  8746  3.25985e-01  1.064e+00  1.011e-04   9.8e-03  1.1e-08  8.8e+03  1.5e+02
  8747  3.25986e-01  1.064e+00  1.011e-04   9.8e-03  1.1e-08  8.8e+03  1.7e+02
  8748  3.25988e-01  1.064e+00  1.011e-04   9.8e-03  1.1e-08  8.8e+03  7.6e+01
  8749  3.25989e-01  1.064e+00  1.010e-04   9.8e-03  1.1e-08  8.8e+03  2.9e+02
 
   itn      x(1)       norm r    norm Ar  compatible   LS      norm A   cond A
  8750  3.25990e-01  1.064e+00  1.010e-04   9.8e-03  1.1e-08  8.8e+03  8.0e+01
  8751  3.25991e-01  1.064e+00  1.010e-04   9.8e-03  1.1e-08  8.8e+03  9.7e+01
  8752  3.25992e-01  1.064e+00  1.010e-04   9.8e-03  1.1e-08  8.8e+03  1.4e+02
  8753  3.25994e-01  1.064e+00  1.009e-04   9.8e-03  1.1e-08  8.8e+03  1.6e+02
  8754  3.25996e-01  1.064e+00  1.009e-04   9.8e-03  1.1e-08  8.8e+03  2.2e+02
  8755  3.25996e-01  1.064e+00  1.009e-04   9.8e-03  1.1e-08  8.8e+03  1.4e+02
  8756  3.25998e-01  1.064e+00  1.009e-04   9.8e-03  1.1e-08  8.8e+03  1.5e+02
  8757  3.25998e-01  1.064e+00  1.009e-04   9.8e-03  1.1e-08  8.8e+03  1.2e+02
  8758  3.26000e-01  1.064e+00  1.008e-04   9.8e-03  1.1e-08  8.8e+03  2.0e+02
  8759  3.26002e-01  1.064e+00  1.008e-04   9.8e-03  1.1e-08  8.8e+03  6.3e+01
  8760  3.26003e-01  1.064e+00  1.008e-04   9.8e-03  1.1e-08  8.8e+03  6.8e+01
  8761  3.26003e-01  1.064e+00  1.008e-04   9.8e-03  1.1e-08  8.8e+03  2.5e+02
  8762  3.26005e-01  1.064e+00  1.007e-04   9.8e-03  1.1e-08  8.8e+03  1.2e+02
  8763  3.26006e-01  1.064e+00  1.007e-04   9.8e-03  1.1e-08  8.8e+03  2.2e+02
  8764  3.26006e-01  1.064e+00  1.007e-04   9.8e-03  1.1e-08  8.8e+03  2.7e+02
  8765  3.26009e-01  1.064e+00  1.007e-04   9.8e-03  1.1e-08  8.8e+03  2.2e+02
  8766  3.26011e-01  1.064e+00  1.006e-04   9.8e-03  1.1e-08  8.8e+03  1.7e+02
  8767  3.26013e-01  1.064e+00  1.006e-04   9.8e-03  1.1e-08  8.8e+03  5.9e+01
  8768  3.26013e-01  1.064e+00  1.006e-04   9.8e-03  1.1e-08  8.8e+03  1.3e+02
  8769  3.26014e-01  1.064e+00  1.006e-04   9.8e-03  1.1e-08  8.8e+03  1.5e+02
 
   itn      x(1)       norm r    norm Ar  compatible   LS      norm A   cond A
  8770  3.26014e-01  1.064e+00  1.006e-04   9.8e-03  1.1e-08  8.8e+03  1.3e+02
  8771  3.26015e-01  1.064e+00  1.006e-04   9.8e-03  1.1e-08  8.8e+03  1.2e+02
  8772  3.26015e-01  1.064e+00  1.006e-04   9.8e-03  1.1e-08  8.8e+03  1.3e+02
  8773  3.26018e-01  1.064e+00  1.005e-04   9.8e-03  1.1e-08  8.8e+03  2.1e+02
  8774  3.26020e-01  1.064e+00  1.005e-04   9.8e-03  1.1e-08  8.8e+03  1.3e+02
  8775  3.26021e-01  1.064e+00  1.005e-04   9.8e-03  1.1e-08  8.8e+03  8.0e+01
  8776  3.26021e-01  1.064e+00  1.005e-04   9.8e-03  1.1e-08  8.8e+03  1.5e+02
  8777  3.26023e-01  1.064e+00  1.004e-04   9.8e-03  1.1e-08  8.8e+03  1.4e+02
  8778  3.26024e-01  1.064e+00  1.004e-04   9.8e-03  1.1e-08  8.8e+03  1.3e+02
  8779  3.26025e-01  1.064e+00  1.004e-04   9.8e-03  1.1e-08  8.8e+03  6.4e+01
  8780  3.26026e-01  1.064e+00  1.004e-04   9.8e-03  1.1e-08  8.8e+03  2.4e+02
  8781  3.26026e-01  1.064e+00  1.004e-04   9.8e-03  1.1e-08  8.8e+03  1.5e+02
  8782  3.26028e-01  1.064e+00  1.003e-04   9.8e-03  1.1e-08  8.8e+03  1.3e+02
  8783  3.26029e-01  1.064e+00  1.003e-04   9.8e-03  1.1e-08  8.8e+03  1.5e+02
  8784  3.26032e-01  1.064e+00  1.003e-04   9.8e-03  1.1e-08  8.8e+03  2.0e+02
  8785  3.26032e-01  1.064e+00  1.003e-04   9.8e-03  1.1e-08  8.8e+03  2.1e+02
  8786  3.26033e-01  1.064e+00  1.002e-04   9.8e-03  1.1e-08  8.8e+03  2.0e+02
  8787  3.26034e-01  1.064e+00  1.002e-04   9.8e-03  1.1e-08  8.8e+03  9.3e+01
  8788  3.26035e-01  1.064e+00  1.002e-04   9.8e-03  1.1e-08  8.8e+03  2.2e+02
  8789  3.26035e-01  1.064e+00  1.002e-04   9.8e-03  1.1e-08  8.8e+03  1.7e+02
 
   itn      x(1)       norm r    norm Ar  compatible   LS      norm A   cond A
  8790  3.26036e-01  1.064e+00  1.002e-04   9.8e-03  1.1e-08  8.8e+03  2.2e+02
  8791  3.26038e-01  1.064e+00  1.001e-04   9.8e-03  1.1e-08  8.8e+03  6.1e+01
  8792  3.26039e-01  1.064e+00  1.001e-04   9.8e-03  1.1e-08  8.8e+03  1.3e+02
  8793  3.26040e-01  1.064e+00  1.001e-04   9.8e-03  1.1e-08  8.8e+03  1.2e+02
  8794  3.26040e-01  1.064e+00  1.001e-04   9.8e-03  1.1e-08  8.8e+03  2.3e+02
  8795  3.26042e-01  1.064e+00  1.001e-04   9.8e-03  1.1e-08  8.8e+03  1.3e+02
  8796  3.26044e-01  1.064e+00  1.000e-04   9.8e-03  1.1e-08  8.8e+03  2.7e+02
  8797  3.26047e-01  1.064e+00  9.999e-05   9.8e-03  1.1e-08  8.8e+03  4.7e+01
  8798  3.26050e-01  1.064e+00  9.994e-05   9.8e-03  1.1e-08  8.8e+03  1.2e+02
  8799  3.26050e-01  1.064e+00  9.993e-05   9.8e-03  1.1e-08  8.8e+03  1.1e+02
  8800  3.26051e-01  1.064e+00  9.992e-05   9.8e-03  1.1e-08  8.9e+03  1.4e+02
  8801  3.26052e-01  1.064e+00  9.990e-05   9.8e-03  1.1e-08  8.9e+03  1.2e+02
  8802  3.26052e-01  1.064e+00  9.989e-05   9.8e-03  1.1e-08  8.9e+03  9.0e+01
  8803  3.26056e-01  1.064e+00  9.982e-05   9.8e-03  1.1e-08  8.9e+03  2.4e+02
  8804  3.26057e-01  1.064e+00  9.981e-05   9.8e-03  1.1e-08  8.9e+03  7.7e+01
  8805  3.26058e-01  1.064e+00  9.979e-05   9.8e-03  1.1e-08  8.9e+03  1.5e+02
  8806  3.26060e-01  1.064e+00  9.975e-05   9.8e-03  1.1e-08  8.9e+03  6.5e+01
  8807  3.26064e-01  1.064e+00  9.969e-05   9.8e-03  1.1e-08  8.9e+03  1.6e+02
  8808  3.26064e-01  1.064e+00  9.968e-05   9.8e-03  1.1e-08  8.9e+03  1.2e+02
  8809  3.26064e-01  1.064e+00  9.967e-05   9.8e-03  1.1e-08  8.9e+03  1.8e+02
 
   itn      x(1)       norm r    norm Ar  compatible   LS      norm A   cond A
  8810  3.26067e-01  1.064e+00  9.964e-05   9.8e-03  1.1e-08  8.9e+03  1.2e+02
  8811  3.26070e-01  1.064e+00  9.958e-05   9.8e-03  1.1e-08  8.9e+03  4.8e+01
  8812  3.26071e-01  1.064e+00  9.955e-05   9.8e-03  1.1e-08  8.9e+03  1.9e+02
  8813  3.26072e-01  1.064e+00  9.953e-05   9.8e-03  1.1e-08  8.9e+03  1.5e+02
  8814  3.26074e-01  1.064e+00  9.950e-05   9.8e-03  1.1e-08  8.9e+03  1.2e+02
  8815  3.26075e-01  1.064e+00  9.948e-05   9.8e-03  1.1e-08  8.9e+03  7.0e+01
  8816  3.26078e-01  1.064e+00  9.944e-05   9.8e-03  1.1e-08  8.9e+03  9.5e+01
  8817  3.26079e-01  1.064e+00  9.942e-05   9.8e-03  1.1e-08  8.9e+03  1.8e+02
  8818  3.26080e-01  1.064e+00  9.940e-05   9.8e-03  1.1e-08  8.9e+03  1.0e+02
  8819  3.26084e-01  1.064e+00  9.932e-05   9.8e-03  1.1e-08  8.9e+03  6.8e+01
  8820  3.26085e-01  1.064e+00  9.930e-05   9.8e-03  1.1e-08  8.9e+03  1.2e+02
  8821  3.26086e-01  1.064e+00  9.928e-05   9.8e-03  1.1e-08  8.9e+03  7.9e+01
  8822  3.26089e-01  1.064e+00  9.923e-05   9.8e-03  1.1e-08  8.9e+03  1.7e+02
  8823  3.26090e-01  1.064e+00  9.922e-05   9.8e-03  1.1e-08  8.9e+03  7.0e+01
  8824  3.26093e-01  1.064e+00  9.917e-05   9.8e-03  1.1e-08  8.9e+03  1.8e+02
  8825  3.26097e-01  1.064e+00  9.909e-05   9.8e-03  1.1e-08  8.9e+03  1.9e+02
  8826  3.26098e-01  1.064e+00  9.908e-05   9.8e-03  1.1e-08  8.9e+03  9.4e+01
  8827  3.26099e-01  1.064e+00  9.905e-05   9.8e-03  1.1e-08  8.9e+03  1.1e+02
  8828  3.26101e-01  1.064e+00  9.903e-05   9.8e-03  1.1e-08  8.9e+03  6.7e+01
  8829  3.26102e-01  1.064e+00  9.901e-05   9.8e-03  1.1e-08  8.9e+03  1.4e+02
 
   itn      x(1)       norm r    norm Ar  compatible   LS      norm A   cond A
  8830  3.26104e-01  1.064e+00  9.896e-05   9.8e-03  1.0e-08  8.9e+03  9.1e+01
  8831  3.26105e-01  1.064e+00  9.895e-05   9.8e-03  1.0e-08  8.9e+03  7.2e+01
  8832  3.26108e-01  1.064e+00  9.889e-05   9.8e-03  1.0e-08  8.9e+03  1.3e+02
  8833  3.26110e-01  1.064e+00  9.886e-05   9.8e-03  1.0e-08  8.9e+03  5.3e+01
  8834  3.26111e-01  1.064e+00  9.884e-05   9.8e-03  1.0e-08  8.9e+03  1.4e+02
  8835  3.26112e-01  1.064e+00  9.882e-05   9.8e-03  1.0e-08  8.9e+03  7.3e+01
  8836  3.26114e-01  1.064e+00  9.879e-05   9.8e-03  1.0e-08  8.9e+03  7.7e+01
  8837  3.26115e-01  1.064e+00  9.877e-05   9.8e-03  1.0e-08  8.9e+03  2.2e+02
  8838  3.26119e-01  1.064e+00  9.870e-05   9.8e-03  1.0e-08  8.9e+03  8.9e+01
  8839  3.26121e-01  1.064e+00  9.866e-05   9.8e-03  1.0e-08  8.9e+03  2.5e+02
  8840  3.26123e-01  1.064e+00  9.863e-05   9.8e-03  1.0e-08  8.9e+03  6.5e+01
  8841  3.26125e-01  1.064e+00  9.859e-05   9.8e-03  1.0e-08  8.9e+03  6.3e+01
  8842  3.26127e-01  1.064e+00  9.856e-05   9.8e-03  1.0e-08  8.9e+03  9.6e+01
  8843  3.26128e-01  1.064e+00  9.853e-05   9.8e-03  1.0e-08  8.9e+03  1.5e+02
  8844  3.26132e-01  1.064e+00  9.847e-05   9.8e-03  1.0e-08  8.9e+03  5.3e+01
  8845  3.26139e-01  1.064e+00  9.834e-05   9.8e-03  1.0e-08  8.9e+03  9.7e+01
  8846  3.26141e-01  1.064e+00  9.831e-05   9.8e-03  1.0e-08  8.9e+03  1.0e+02
  8847  3.26142e-01  1.064e+00  9.830e-05   9.8e-03  1.0e-08  8.9e+03  8.2e+01
  8848  3.26142e-01  1.064e+00  9.828e-05   9.8e-03  1.0e-08  8.9e+03  1.2e+02
  8849  3.26146e-01  1.064e+00  9.821e-05   9.8e-03  1.0e-08  8.9e+03  1.1e+02
 
   itn      x(1)       norm r    norm Ar  compatible   LS      norm A   cond A
  8850  3.26150e-01  1.064e+00  9.815e-05   9.8e-03  1.0e-08  8.9e+03  1.0e+02
  8851  3.26153e-01  1.064e+00  9.810e-05   9.8e-03  1.0e-08  8.9e+03  4.4e+01
  8852  3.26155e-01  1.064e+00  9.806e-05   9.8e-03  1.0e-08  8.9e+03  1.3e+02
  8853  3.26157e-01  1.064e+00  9.802e-05   9.8e-03  1.0e-08  8.9e+03  4.9e+01
  8854  3.26158e-01  1.064e+00  9.800e-05   9.8e-03  1.0e-08  8.9e+03  1.1e+02
  8855  3.26162e-01  1.064e+00  9.794e-05   9.8e-03  1.0e-08  8.9e+03  6.2e+01
  8856  3.26162e-01  1.064e+00  9.793e-05   9.8e-03  1.0e-08  8.9e+03  1.1e+02
  8857  3.26164e-01  1.064e+00  9.789e-05   9.8e-03  1.0e-08  8.9e+03  1.7e+02
  8858  3.26168e-01  1.064e+00  9.782e-05   9.8e-03  1.0e-08  8.9e+03  4.9e+01
  8859  3.26169e-01  1.064e+00  9.781e-05   9.8e-03  1.0e-08  8.9e+03  1.3e+02
  8860  3.26171e-01  1.064e+00  9.778e-05   9.8e-03  1.0e-08  8.9e+03  7.0e+01
  8861  3.26173e-01  1.064e+00  9.773e-05   9.8e-03  1.0e-08  8.9e+03  1.0e+02
  8862  3.26177e-01  1.064e+00  9.767e-05   9.8e-03  1.0e-08  8.9e+03  4.2e+01
  8863  3.26178e-01  1.064e+00  9.764e-05   9.8e-03  1.0e-08  8.9e+03  1.2e+02
  8864  3.26180e-01  1.064e+00  9.762e-05   9.8e-03  1.0e-08  8.9e+03  7.0e+01
  8865  3.26180e-01  1.064e+00  9.761e-05   9.8e-03  1.0e-08  8.9e+03  1.4e+02
  8866  3.26182e-01  1.064e+00  9.758e-05   9.8e-03  1.0e-08  8.9e+03  1.5e+02
  8867  3.26186e-01  1.064e+00  9.750e-05   9.8e-03  1.0e-08  8.9e+03  5.9e+01
  8868  3.26188e-01  1.064e+00  9.747e-05   9.8e-03  1.0e-08  8.9e+03  5.0e+01
  8869  3.26191e-01  1.064e+00  9.741e-05   9.8e-03  1.0e-08  8.9e+03  1.9e+02
 
   itn      x(1)       norm r    norm Ar  compatible   LS      norm A   cond A
  8870  3.26193e-01  1.064e+00  9.738e-05   9.8e-03  1.0e-08  8.9e+03  1.2e+02
  8871  3.26195e-01  1.064e+00  9.735e-05   9.8e-03  1.0e-08  8.9e+03  9.8e+01
  8872  3.26200e-01  1.064e+00  9.725e-05   9.8e-03  1.0e-08  8.9e+03  1.8e+02
  8873  3.26201e-01  1.064e+00  9.724e-05   9.8e-03  1.0e-08  8.9e+03  1.1e+02
  8874  3.26204e-01  1.064e+00  9.718e-05   9.8e-03  1.0e-08  8.9e+03  8.6e+01
  8875  3.26209e-01  1.064e+00  9.710e-05   9.8e-03  1.0e-08  8.9e+03  1.4e+02
  8876  3.26209e-01  1.064e+00  9.709e-05   9.8e-03  1.0e-08  8.9e+03  1.1e+02
  8877  3.26212e-01  1.064e+00  9.705e-05   9.8e-03  1.0e-08  8.9e+03  9.8e+01
  8878  3.26213e-01  1.064e+00  9.702e-05   9.8e-03  1.0e-08  8.9e+03  8.2e+01
  8879  3.26216e-01  1.064e+00  9.697e-05   9.8e-03  1.0e-08  8.9e+03  1.4e+02
  8880  3.26218e-01  1.064e+00  9.693e-05   9.8e-03  1.0e-08  8.9e+03  1.4e+02
  8881  3.26221e-01  1.064e+00  9.687e-05   9.8e-03  1.0e-08  8.9e+03  7.9e+01
  8882  3.26222e-01  1.064e+00  9.687e-05   9.8e-03  1.0e-08  8.9e+03  1.0e+02
  8883  3.26223e-01  1.064e+00  9.685e-05   9.8e-03  1.0e-08  8.9e+03  1.2e+02
  8884  3.26223e-01  1.064e+00  9.684e-05   9.8e-03  1.0e-08  8.9e+03  1.6e+02
  8885  3.26224e-01  1.064e+00  9.682e-05   9.8e-03  1.0e-08  8.9e+03  1.1e+02
  8886  3.26225e-01  1.064e+00  9.680e-05   9.8e-03  1.0e-08  8.9e+03  9.6e+01
  8887  3.26226e-01  1.064e+00  9.679e-05   9.8e-03  1.0e-08  8.9e+03  1.1e+02
  8888  3.26231e-01  1.064e+00  9.669e-05   9.8e-03  1.0e-08  8.9e+03  8.5e+01
  8889  3.26232e-01  1.064e+00  9.668e-05   9.8e-03  1.0e-08  8.9e+03  6.6e+01
 
   itn      x(1)       norm r    norm Ar  compatible   LS      norm A   cond A
  8890  3.26234e-01  1.064e+00  9.664e-05   9.8e-03  1.0e-08  8.9e+03  1.4e+02
  8891  3.26236e-01  1.064e+00  9.661e-05   9.8e-03  1.0e-08  8.9e+03  5.6e+01
  8892  3.26238e-01  1.064e+00  9.658e-05   9.8e-03  1.0e-08  8.9e+03  7.7e+01
  8893  3.26239e-01  1.064e+00  9.655e-05   9.8e-03  1.0e-08  8.9e+03  1.4e+02
  8894  3.26240e-01  1.064e+00  9.655e-05   9.8e-03  1.0e-08  8.9e+03  2.1e+02
  8895  3.26243e-01  1.064e+00  9.649e-05   9.8e-03  1.0e-08  8.9e+03  9.1e+01
  8896  3.26244e-01  1.064e+00  9.647e-05   9.8e-03  1.0e-08  8.9e+03  8.4e+01
  8897  3.26245e-01  1.064e+00  9.646e-05   9.8e-03  1.0e-08  8.9e+03  1.1e+02
  8898  3.26248e-01  1.064e+00  9.640e-05   9.8e-03  1.0e-08  8.9e+03  1.1e+02
  8899  3.26251e-01  1.064e+00  9.634e-05   9.8e-03  1.0e-08  8.9e+03  4.3e+01
  8900  3.26256e-01  1.064e+00  9.626e-05   9.8e-03  1.0e-08  8.9e+03  9.9e+01
  8901  3.26258e-01  1.064e+00  9.623e-05   9.8e-03  1.0e-08  8.9e+03  5.4e+01
  8902  3.26260e-01  1.064e+00  9.619e-05   9.8e-03  1.0e-08  8.9e+03  2.0e+02
  8903  3.26265e-01  1.064e+00  9.610e-05   9.8e-03  1.0e-08  8.9e+03  4.4e+01
  8904  3.26271e-01  1.064e+00  9.600e-05   9.8e-03  1.0e-08  8.9e+03  8.4e+01
  8905  3.26275e-01  1.064e+00  9.592e-05   9.8e-03  1.0e-08  8.9e+03  1.7e+02
  8906  3.26275e-01  1.064e+00  9.591e-05   9.8e-03  1.0e-08  8.9e+03  8.8e+01
  8907  3.26276e-01  1.064e+00  9.590e-05   9.8e-03  1.0e-08  8.9e+03  1.5e+02
  8908  3.26277e-01  1.064e+00  9.589e-05   9.8e-03  1.0e-08  8.9e+03  9.1e+01
  8909  3.26278e-01  1.064e+00  9.586e-05   9.8e-03  1.0e-08  8.9e+03  1.2e+02
 
   itn      x(1)       norm r    norm Ar  compatible   LS      norm A   cond A
  8910  3.26284e-01  1.064e+00  9.576e-05   9.8e-03  1.0e-08  8.9e+03  1.1e+02
  8911  3.26286e-01  1.064e+00  9.573e-05   9.8e-03  1.0e-08  8.9e+03  8.8e+01
  8912  3.26286e-01  1.064e+00  9.571e-05   9.8e-03  1.0e-08  8.9e+03  1.2e+02
  8913  3.26288e-01  1.064e+00  9.569e-05   9.8e-03  1.0e-08  8.9e+03  1.9e+02
  8914  3.26288e-01  1.064e+00  9.568e-05   9.8e-03  1.0e-08  8.9e+03  1.1e+02
  8915  3.26292e-01  1.064e+00  9.562e-05   9.8e-03  1.0e-08  8.9e+03  1.8e+02
  8916  3.26295e-01  1.064e+00  9.556e-05   9.8e-03  1.0e-08  8.9e+03  1.2e+02
  8917  3.26296e-01  1.064e+00  9.554e-05   9.8e-03  1.0e-08  8.9e+03  5.4e+01
  8918  3.26299e-01  1.064e+00  9.549e-05   9.8e-03  1.0e-08  8.9e+03  1.5e+02
  8919  3.26301e-01  1.064e+00  9.545e-05   9.8e-03  1.0e-08  8.9e+03  4.7e+01
  8920  3.26303e-01  1.064e+00  9.542e-05   9.8e-03  1.0e-08  8.9e+03  1.4e+02
  8921  3.26304e-01  1.064e+00  9.540e-05   9.8e-03  1.0e-08  8.9e+03  1.2e+02
  8922  3.26307e-01  1.064e+00  9.535e-05   9.8e-03  1.0e-08  8.9e+03  8.4e+01
  8923  3.26309e-01  1.064e+00  9.531e-05   9.8e-03  1.0e-08  8.9e+03  5.1e+01
  8924  3.26310e-01  1.064e+00  9.529e-05   9.8e-03  1.0e-08  8.9e+03  1.2e+02
  8925  3.26311e-01  1.064e+00  9.527e-05   9.8e-03  1.0e-08  8.9e+03  9.1e+01
  8926  3.26312e-01  1.064e+00  9.526e-05   9.8e-03  1.0e-08  8.9e+03  9.4e+01
  8927  3.26314e-01  1.064e+00  9.522e-05   9.8e-03  1.0e-08  8.9e+03  1.2e+02
  8928  3.26316e-01  1.064e+00  9.520e-05   9.8e-03  1.0e-08  8.9e+03  5.5e+01
  8929  3.26316e-01  1.064e+00  9.518e-05   9.8e-03  1.0e-08  8.9e+03  1.2e+02
 
   itn      x(1)       norm r    norm Ar  compatible   LS      norm A   cond A
  8930  3.26318e-01  1.064e+00  9.515e-05   9.8e-03  1.0e-08  8.9e+03  1.2e+02
  8931  3.26320e-01  1.064e+00  9.512e-05   9.8e-03  1.0e-08  8.9e+03  1.8e+02
  8932  3.26322e-01  1.064e+00  9.509e-05   9.8e-03  1.0e-08  8.9e+03  5.9e+01
  8933  3.26322e-01  1.064e+00  9.508e-05   9.8e-03  1.0e-08  8.9e+03  2.0e+02
  8934  3.26324e-01  1.064e+00  9.504e-05   9.8e-03  1.0e-08  8.9e+03  1.1e+02
  8935  3.26326e-01  1.064e+00  9.501e-05   9.8e-03  1.0e-08  8.9e+03  8.2e+01
  8936  3.26327e-01  1.064e+00  9.499e-05   9.8e-03  1.0e-08  8.9e+03  9.8e+01
  8937  3.26328e-01  1.064e+00  9.498e-05   9.8e-03  1.0e-08  8.9e+03  1.2e+02
  8938  3.26330e-01  1.064e+00  9.494e-05   9.8e-03  1.0e-08  8.9e+03  2.3e+02
  8939  3.26330e-01  1.064e+00  9.493e-05   9.8e-03  1.0e-08  8.9e+03  1.5e+02
  8940  3.26333e-01  1.064e+00  9.489e-05   9.8e-03  1.0e-08  8.9e+03  8.8e+01
  8941  3.26333e-01  1.064e+00  9.488e-05   9.8e-03  1.0e-08  8.9e+03  1.5e+02
  8942  3.26335e-01  1.064e+00  9.485e-05   9.8e-03  1.0e-08  8.9e+03  1.6e+02
 
LSMR finished
The least-squares solution is good enough, given atol     
istop =       2    normr = 1.1e+00
    normA = 8.9e+03    normAr = 9.5e-05
itn   =    8942    condA = 1.6e+02
    normx = 5.9e+00
  8942  3.26335e-01   1.064e+00  9.485e-05
   9.8e-03  1.0e-08   8.9e+03  1.6e+02
loss = 1.1310377413812849
