OS                           : Linux-5.14.21-150400.24.81_12.0.86-cray_shasta_c-x86_64-with-glibc2.31
Python Version               : 3.9.15
CuPy Version                 : 12.1.0
CuPy Platform                : NVIDIA CUDA
NumPy Version                : 1.23.5
SciPy Version                : 1.9.3
Cython Build Version         : 0.29.32
Cython Runtime Version       : None
CUDA Root                    : /opt/nvidia/hpc_sdk/Linux_x86_64/22.7/cuda/11.7
nvcc PATH                    : /opt/nvidia/hpc_sdk/Linux_x86_64/22.7/cuda/11.7/bin/nvcc
CUDA Build Version           : 11080
CUDA Driver Version          : 12000
CUDA Runtime Version         : 11070
cuBLAS Version               : (available)
cuFFT Version                : 10702
cuRAND Version               : 10210
cuSOLVER Version             : (11, 3, 5)
cuSPARSE Version             : (available)
NVRTC Version                : (11, 7)
Thrust Version               : 101501
CUB Build Version            : 101501
Jitify Build Version         : 4a37de0
cuDNN Build Version          : 8801
cuDNN Version                : 8302
NCCL Build Version           : 21602
NCCL Runtime Version         : 21505
cuTENSOR Version             : 10500
cuSPARSELt Build Version     : None
Device 0 Name                : NVIDIA A100-SXM4-40GB
Device 0 Compute Capability  : 80
Device 0 PCI Bus ID          : 0000:41:00.0
None
Sizes of ptrain and pdot:
[(40000, 29, 29), (40000, 29, 29)]
len(theta) = 707281
len(jac) = 33640000
 
LSMR            Least-squares solution of  Ax = b

The matrix A has 67280000 rows and 707281 columns
damp = 0.00000000000000e+00

atol = 1.00e-08                 conlim = 1.00e+08

btol = 1.00e-08             maxiter =   100000

 
   itn      x(1)       norm r    norm Ar  compatible   LS      norm A   cond A
     0  0.00000e+00  8.890e+02  1.570e+05   1.0e+00  2.0e-01
     1  1.54700e-01  1.235e+02  2.035e+04   1.4e-01  9.2e-01  1.8e+02  1.0e+00
     2  1.59015e-01  7.116e+01  4.539e+03   8.0e-02  2.3e-01  2.7e+02  1.1e+00
     3  1.57827e-01  6.471e+01  2.511e+03   7.3e-02  1.2e-01  3.2e+02  1.4e+00
     4  1.57437e-01  5.925e+01  1.561e+03   6.7e-02  7.5e-02  3.5e+02  2.2e+00
     5  1.57480e-01  5.721e+01  1.151e+03   6.4e-02  5.3e-02  3.8e+02  2.0e+00
     6  1.57051e-01  5.557e+01  1.017e+03   6.3e-02  4.5e-02  4.1e+02  3.5e+00
     7  1.55893e-01  5.312e+01  8.572e+02   6.0e-02  3.6e-02  4.5e+02  3.2e+00
     8  1.54806e-01  5.146e+01  7.895e+02   5.8e-02  3.3e-02  4.6e+02  4.5e+00
     9  1.51857e-01  4.787e+01  6.417e+02   5.4e-02  2.7e-02  5.0e+02  3.6e+00
    10  1.50651e-01  4.673e+01  5.897e+02   5.3e-02  2.4e-02  5.2e+02  3.2e+00
    20  1.22325e-01  2.881e+01  2.874e+02   3.2e-02  1.4e-02  7.3e+02  5.5e+00
    30  1.05272e-01  1.856e+01  1.394e+02   2.1e-02  8.4e-03  8.9e+02  6.2e+00
    40  1.00345e-01  1.320e+01  8.018e+01   1.5e-02  6.0e-03  1.0e+03  4.5e+00
    50  1.00118e-01  9.928e+00  5.123e+01   1.1e-02  4.5e-03  1.1e+03  5.8e+00
    60  1.00002e-01  7.789e+00  3.521e+01   8.8e-03  3.6e-03  1.2e+03  1.1e+01
    70  9.90456e-02  6.224e+00  2.485e+01   7.0e-03  3.0e-03  1.3e+03  9.2e+00
    80  9.79237e-02  5.067e+00  1.832e+01   5.7e-03  2.5e-03  1.4e+03  1.1e+01
    90  9.66800e-02  4.157e+00  1.372e+01   4.7e-03  2.2e-03  1.5e+03  1.1e+01
   100  9.51381e-02  3.442e+00  1.050e+01   3.9e-03  1.9e-03  1.6e+03  1.2e+01
   110  9.33286e-02  2.862e+00  8.167e+00   3.2e-03  1.7e-03  1.7e+03  9.5e+00
 
   itn      x(1)       norm r    norm Ar  compatible   LS      norm A   cond A
   120  9.17012e-02  2.470e+00  6.647e+00   2.8e-03  1.6e-03  1.7e+03  8.9e+00
   130  8.96561e-02  2.063e+00  5.126e+00   2.3e-03  1.4e-03  1.8e+03  1.2e+01
   140  8.78549e-02  1.775e+00  4.047e+00   2.0e-03  1.2e-03  1.9e+03  1.0e+01
   150  8.62389e-02  1.577e+00  3.268e+00   1.8e-03  1.1e-03  1.9e+03  1.4e+01
   160  8.45053e-02  1.410e+00  2.557e+00   1.6e-03  9.1e-04  2.0e+03  1.2e+01
   170  8.29955e-02  1.296e+00  2.020e+00   1.5e-03  7.6e-04  2.1e+03  7.2e+00
   180  8.18905e-02  1.233e+00  1.674e+00   1.4e-03  6.4e-04  2.1e+03  1.1e+01
   190  8.07060e-02  1.181e+00  1.353e+00   1.3e-03  5.3e-04  2.2e+03  1.4e+01
   200  7.96405e-02  1.145e+00  1.109e+00   1.3e-03  4.3e-04  2.2e+03  6.0e+00
   210  7.86925e-02  1.121e+00  9.238e-01   1.3e-03  3.6e-04  2.3e+03  1.2e+01
   220  7.76662e-02  1.101e+00  7.577e-01   1.2e-03  2.9e-04  2.3e+03  2.1e+01
   230  7.68230e-02  1.088e+00  6.514e-01   1.2e-03  2.5e-04  2.4e+03  1.0e+01
   240  7.60315e-02  1.078e+00  5.767e-01   1.2e-03  2.2e-04  2.4e+03  1.3e+01
   250  7.53337e-02  1.070e+00  5.279e-01   1.2e-03  2.0e-04  2.5e+03  2.4e+01
   260  7.45655e-02  1.063e+00  4.898e-01   1.2e-03  1.8e-04  2.5e+03  2.7e+01
   270  7.38646e-02  1.057e+00  4.659e-01   1.2e-03  1.7e-04  2.6e+03  1.6e+01
   280  7.32224e-02  1.051e+00  4.503e-01   1.2e-03  1.6e-04  2.6e+03  4.4e+01
   290  7.24091e-02  1.045e+00  4.369e-01   1.2e-03  1.6e-04  2.7e+03  2.8e+01
   300  7.16541e-02  1.039e+00  4.286e-01   1.2e-03  1.5e-04  2.7e+03  4.2e+01
   310  7.08792e-02  1.033e+00  4.225e-01   1.2e-03  1.5e-04  2.8e+03  3.4e+01
 
   itn      x(1)       norm r    norm Ar  compatible   LS      norm A   cond A
   320  7.00288e-02  1.027e+00  4.177e-01   1.2e-03  1.4e-04  2.8e+03  5.5e+01
   330  6.88135e-02  1.018e+00  4.126e-01   1.1e-03  1.4e-04  2.9e+03  5.7e+01
   340  6.76802e-02  1.009e+00  4.089e-01   1.1e-03  1.4e-04  2.9e+03  5.1e+01
   350  6.58006e-02  9.951e-01  4.038e-01   1.1e-03  1.4e-04  2.9e+03  2.6e+01
   360  6.37053e-02  9.794e-01  3.989e-01   1.1e-03  1.4e-04  3.0e+03  4.4e+01
   370  6.00853e-02  9.524e-01  3.911e-01   1.1e-03  1.4e-04  3.0e+03  2.1e+01
   380  5.58691e-02  9.211e-01  3.826e-01   1.0e-03  1.4e-04  3.1e+03  5.1e+01
   390  4.98970e-02  8.771e-01  3.708e-01   9.9e-04  1.4e-04  3.1e+03  2.7e+01
   400  4.20818e-02  8.199e-01  3.553e-01   9.2e-04  1.4e-04  3.1e+03  3.1e+01
   410  3.17115e-02  7.452e-01  3.342e-01   8.4e-04  1.4e-04  3.2e+03  2.0e+01
   420  1.97022e-02  6.607e-01  3.085e-01   7.4e-04  1.4e-04  3.2e+03  1.8e+01
   430  9.25925e-03  5.897e-01  2.846e-01   6.6e-04  1.5e-04  3.3e+03  1.6e+01
   440 -3.72066e-03  5.062e-01  2.521e-01   5.7e-04  1.5e-04  3.3e+03  1.3e+01
   450 -1.25044e-02  4.538e-01  2.279e-01   5.1e-04  1.5e-04  3.3e+03  1.4e+01
   460 -2.18535e-02  4.034e-01  1.990e-01   4.5e-04  1.5e-04  3.4e+03  1.4e+01
   470 -2.79873e-02  3.742e-01  1.778e-01   4.2e-04  1.4e-04  3.4e+03  1.1e+01
   480 -3.32177e-02  3.524e-01  1.575e-01   4.0e-04  1.3e-04  3.4e+03  1.5e+01
   490 -3.64217e-02  3.405e-01  1.438e-01   3.8e-04  1.2e-04  3.5e+03  1.6e+01
   500 -3.89193e-02  3.320e-01  1.322e-01   3.7e-04  1.1e-04  3.5e+03  2.6e+01
   510 -4.08612e-02  3.256e-01  1.225e-01   3.7e-04  1.1e-04  3.5e+03  2.7e+01
 
   itn      x(1)       norm r    norm Ar  compatible   LS      norm A   cond A
   520 -4.21132e-02  3.216e-01  1.158e-01   3.6e-04  1.0e-04  3.6e+03  2.1e+01
   530 -4.30227e-02  3.183e-01  1.107e-01   3.6e-04  9.6e-05  3.6e+03  3.3e+01
   540 -4.36018e-02  3.160e-01  1.073e-01   3.6e-04  9.3e-05  3.6e+03  2.5e+01
   550 -4.40139e-02  3.140e-01  1.048e-01   3.5e-04  9.1e-05  3.7e+03  4.1e+01
   560 -4.43369e-02  3.119e-01  1.028e-01   3.5e-04  8.9e-05  3.7e+03  2.9e+01
   570 -4.45236e-02  3.103e-01  1.016e-01   3.5e-04  8.7e-05  3.7e+03  7.6e+01
   580 -4.46751e-02  3.086e-01  1.006e-01   3.5e-04  8.6e-05  3.8e+03  7.6e+01
   590 -4.47901e-02  3.068e-01  9.979e-02   3.5e-04  8.5e-05  3.8e+03  5.3e+01
   600 -4.48944e-02  3.047e-01  9.900e-02   3.4e-04  8.5e-05  3.8e+03  6.4e+01
   610 -4.50033e-02  3.019e-01  9.810e-02   3.4e-04  8.4e-05  3.9e+03  4.9e+01
   620 -4.51133e-02  2.983e-01  9.713e-02   3.4e-04  8.3e-05  3.9e+03  3.4e+01
   630 -4.52416e-02  2.934e-01  9.590e-02   3.3e-04  8.3e-05  3.9e+03  6.4e+01
   640 -4.53827e-02  2.873e-01  9.444e-02   3.2e-04  8.3e-05  4.0e+03  3.0e+01
   650 -4.55521e-02  2.791e-01  9.257e-02   3.1e-04  8.3e-05  4.0e+03  5.4e+01
   660 -4.57968e-02  2.665e-01  8.967e-02   3.0e-04  8.3e-05  4.0e+03  3.0e+01
   670 -4.60893e-02  2.506e-01  8.594e-02   2.8e-04  8.4e-05  4.1e+03  2.7e+01
   680 -4.63838e-02  2.342e-01  8.189e-02   2.6e-04  8.5e-05  4.1e+03  1.5e+01
   690 -4.67183e-02  2.152e-01  7.689e-02   2.4e-04  8.7e-05  4.1e+03  3.4e+01
   700 -4.70254e-02  1.977e-01  7.183e-02   2.2e-04  8.8e-05  4.2e+03  1.8e+01
   710 -4.73449e-02  1.796e-01  6.593e-02   2.0e-04  8.8e-05  4.2e+03  1.4e+01
 
   itn      x(1)       norm r    norm Ar  compatible   LS      norm A   cond A
   720 -4.75423e-02  1.684e-01  6.182e-02   1.9e-04  8.7e-05  4.2e+03  2.2e+01
   730 -4.77148e-02  1.583e-01  5.773e-02   1.8e-04  8.6e-05  4.2e+03  1.2e+01
   740 -4.78092e-02  1.525e-01  5.514e-02   1.7e-04  8.5e-05  4.3e+03  2.0e+01
   750 -4.78866e-02  1.472e-01  5.263e-02   1.7e-04  8.3e-05  4.3e+03  2.0e+01
   760 -4.79246e-02  1.438e-01  5.101e-02   1.6e-04  8.2e-05  4.3e+03  4.9e+01
   770 -4.79435e-02  1.410e-01  4.970e-02   1.6e-04  8.1e-05  4.4e+03  3.4e+01
   780 -4.79457e-02  1.389e-01  4.880e-02   1.6e-04  8.0e-05  4.4e+03  3.3e+01
   790 -4.79373e-02  1.371e-01  4.810e-02   1.5e-04  8.0e-05  4.4e+03  4.7e+01
   800 -4.79204e-02  1.355e-01  4.752e-02   1.5e-04  7.9e-05  4.4e+03  3.7e+01
   810 -4.78986e-02  1.341e-01  4.706e-02   1.5e-04  7.9e-05  4.5e+03  5.3e+01
   820 -4.78629e-02  1.322e-01  4.653e-02   1.5e-04  7.8e-05  4.5e+03  4.2e+01
   830 -4.78166e-02  1.302e-01  4.600e-02   1.5e-04  7.8e-05  4.5e+03  3.1e+01
   840 -4.77516e-02  1.276e-01  4.538e-02   1.4e-04  7.8e-05  4.5e+03  2.5e+01
   850 -4.76715e-02  1.246e-01  4.471e-02   1.4e-04  7.8e-05  4.6e+03  3.4e+01
   860 -4.75531e-02  1.205e-01  4.379e-02   1.4e-04  7.9e-05  4.6e+03  4.9e+01
   870 -4.73932e-02  1.150e-01  4.261e-02   1.3e-04  8.0e-05  4.6e+03  2.6e+01
   880 -4.71590e-02  1.073e-01  4.091e-02   1.2e-04  8.2e-05  4.7e+03  2.8e+01
   890 -4.68924e-02  9.870e-02  3.896e-02   1.1e-04  8.4e-05  4.7e+03  1.5e+01
   900 -4.65319e-02  8.737e-02  3.624e-02   9.8e-05  8.8e-05  4.7e+03  3.1e+01
   910 -4.61445e-02  7.558e-02  3.315e-02   8.5e-05  9.3e-05  4.7e+03  1.5e+01
 
   itn      x(1)       norm r    norm Ar  compatible   LS      norm A   cond A
   920 -4.57486e-02  6.403e-02  2.972e-02   7.2e-05  9.8e-05  4.8e+03  1.5e+01
   930 -4.54496e-02  5.577e-02  2.689e-02   6.3e-05  1.0e-04  4.8e+03  1.5e+01
   940 -4.51618e-02  4.835e-02  2.390e-02   5.4e-05  1.0e-04  4.8e+03  2.3e+01
   950 -4.49164e-02  4.261e-02  2.105e-02   4.8e-05  1.0e-04  4.8e+03  9.6e+00
   960 -4.47676e-02  3.946e-02  1.915e-02   4.4e-05  1.0e-04  4.9e+03  1.9e+01
   970 -4.46398e-02  3.699e-02  1.738e-02   4.2e-05  9.6e-05  4.9e+03  1.2e+01
   980 -4.45604e-02  3.556e-02  1.621e-02   4.0e-05  9.3e-05  4.9e+03  2.2e+01
   990 -4.45062e-02  3.462e-02  1.537e-02   3.9e-05  9.0e-05  4.9e+03  1.7e+01
  1000 -4.44634e-02  3.386e-02  1.469e-02   3.8e-05  8.7e-05  5.0e+03  3.4e+01
  1010 -4.44324e-02  3.329e-02  1.420e-02   3.7e-05  8.6e-05  5.0e+03  2.9e+01
  1020 -4.44115e-02  3.287e-02  1.387e-02   3.7e-05  8.4e-05  5.0e+03  2.6e+01
  1030 -4.43943e-02  3.248e-02  1.361e-02   3.7e-05  8.3e-05  5.0e+03  5.3e+01
  1040 -4.43810e-02  3.213e-02  1.341e-02   3.6e-05  8.3e-05  5.1e+03  6.3e+01
  1050 -4.43672e-02  3.173e-02  1.322e-02   3.6e-05  8.2e-05  5.1e+03  3.5e+01
  1060 -4.43552e-02  3.134e-02  1.306e-02   3.5e-05  8.2e-05  5.1e+03  5.0e+01
  1070 -4.43399e-02  3.079e-02  1.287e-02   3.5e-05  8.1e-05  5.1e+03  3.8e+01
  1080 -4.43251e-02  3.021e-02  1.269e-02   3.4e-05  8.2e-05  5.2e+03  5.0e+01
  1090 -4.43058e-02  2.941e-02  1.246e-02   3.3e-05  8.2e-05  5.2e+03  4.5e+01
  1100 -4.42795e-02  2.828e-02  1.215e-02   3.2e-05  8.3e-05  5.2e+03  2.0e+01
  1110 -4.42525e-02  2.708e-02  1.182e-02   3.0e-05  8.4e-05  5.2e+03  3.3e+01
 
   itn      x(1)       norm r    norm Ar  compatible   LS      norm A   cond A
  1120 -4.42125e-02  2.527e-02  1.133e-02   2.8e-05  8.5e-05  5.2e+03  3.6e+01
  1130 -4.41689e-02  2.328e-02  1.078e-02   2.6e-05  8.8e-05  5.3e+03  2.4e+01
  1140 -4.41141e-02  2.077e-02  1.005e-02   2.3e-05  9.1e-05  5.3e+03  2.5e+01
  1150 -4.40517e-02  1.795e-02  9.138e-03   2.0e-05  9.6e-05  5.3e+03  2.0e+01
  1160 -4.39933e-02  1.538e-02  8.199e-03   1.7e-05  1.0e-04  5.3e+03  9.1e+00
  1170 -4.39347e-02  1.293e-02  7.129e-03   1.5e-05  1.0e-04  5.4e+03  1.7e+01
  1180 -4.38956e-02  1.142e-02  6.314e-03   1.3e-05  1.0e-04  5.4e+03  1.6e+01
  1190 -4.38592e-02  1.017e-02  5.444e-03   1.1e-05  9.9e-05  5.4e+03  1.1e+01
  1200 -4.38365e-02  9.483e-03  4.819e-03   1.1e-05  9.4e-05  5.4e+03  1.8e+01
  1210 -4.38193e-02  9.021e-03  4.283e-03   1.0e-05  8.7e-05  5.5e+03  8.5e+00
  1220 -4.38092e-02  8.768e-03  3.927e-03   9.9e-06  8.2e-05  5.5e+03  1.4e+01
  1230 -4.38012e-02  8.572e-03  3.613e-03   9.6e-06  7.7e-05  5.5e+03  2.1e+01
  1240 -4.37964e-02  8.443e-03  3.396e-03   9.5e-06  7.3e-05  5.5e+03  2.2e+01
  1250 -4.37937e-02  8.357e-03  3.258e-03   9.4e-06  7.0e-05  5.5e+03  3.8e+01
  1260 -4.37920e-02  8.283e-03  3.154e-03   9.3e-06  6.8e-05  5.6e+03  4.1e+01
  1270 -4.37912e-02  8.219e-03  3.080e-03   9.2e-06  6.7e-05  5.6e+03  4.2e+01
  1280 -4.37909e-02  8.162e-03  3.028e-03   9.2e-06  6.6e-05  5.6e+03  3.1e+01
  1290 -4.37909e-02  8.109e-03  2.989e-03   9.1e-06  6.5e-05  5.6e+03  6.2e+01
  1300 -4.37913e-02  8.047e-03  2.953e-03   9.1e-06  6.5e-05  5.7e+03  6.3e+01
  1310 -4.37919e-02  7.981e-03  2.923e-03   9.0e-06  6.5e-05  5.7e+03  6.0e+01
 
   itn      x(1)       norm r    norm Ar  compatible   LS      norm A   cond A
  1320 -4.37930e-02  7.897e-03  2.890e-03   8.9e-06  6.4e-05  5.7e+03  6.2e+01
  1330 -4.37944e-02  7.790e-03  2.855e-03   8.8e-06  6.4e-05  5.7e+03  5.5e+01
  1340 -4.37968e-02  7.639e-03  2.810e-03   8.6e-06  6.4e-05  5.7e+03  2.9e+01
  1350 -4.37993e-02  7.488e-03  2.767e-03   8.4e-06  6.4e-05  5.8e+03  6.5e+01
  1360 -4.38040e-02  7.211e-03  2.693e-03   8.1e-06  6.5e-05  5.8e+03  3.5e+01
  1370 -4.38099e-02  6.876e-03  2.603e-03   7.7e-06  6.5e-05  5.8e+03  3.5e+01
  1380 -4.38169e-02  6.490e-03  2.497e-03   7.3e-06  6.6e-05  5.8e+03  2.1e+01
  1390 -4.38251e-02  6.054e-03  2.373e-03   6.8e-06  6.7e-05  5.8e+03  2.7e+01
  1400 -4.38351e-02  5.542e-03  2.214e-03   6.2e-06  6.8e-05  5.9e+03  2.9e+01
  1410 -4.38464e-02  4.995e-03  2.025e-03   5.6e-06  6.9e-05  5.9e+03  1.7e+01
  1420 -4.38551e-02  4.601e-03  1.869e-03   5.2e-06  6.9e-05  5.9e+03  1.8e+01
  1430 -4.38649e-02  4.189e-03  1.675e-03   4.7e-06  6.7e-05  5.9e+03  1.4e+01
  1440 -4.38717e-02  3.931e-03  1.529e-03   4.4e-06  6.5e-05  5.9e+03  1.5e+01
  1450 -4.38762e-02  3.774e-03  1.424e-03   4.2e-06  6.3e-05  6.0e+03  1.6e+01
  1460 -4.38798e-02  3.654e-03  1.334e-03   4.1e-06  6.1e-05  6.0e+03  2.2e+01
  1470 -4.38826e-02  3.563e-03  1.261e-03   4.0e-06  5.9e-05  6.0e+03  4.0e+01
  1480 -4.38841e-02  3.510e-03  1.217e-03   3.9e-06  5.7e-05  6.0e+03  3.2e+01
  1490 -4.38853e-02  3.469e-03  1.185e-03   3.9e-06  5.6e-05  6.1e+03  2.9e+01
  1500 -4.38861e-02  3.433e-03  1.158e-03   3.9e-06  5.6e-05  6.1e+03  2.2e+01
  1510 -4.38866e-02  3.407e-03  1.142e-03   3.8e-06  5.5e-05  6.1e+03  3.7e+01
 
   itn      x(1)       norm r    norm Ar  compatible   LS      norm A   cond A
  1520 -4.38871e-02  3.380e-03  1.127e-03   3.8e-06  5.5e-05  6.1e+03  8.1e+01
  1530 -4.38873e-02  3.358e-03  1.118e-03   3.8e-06  5.4e-05  6.1e+03  5.2e+01
  1540 -4.38876e-02  3.331e-03  1.108e-03   3.7e-06  5.4e-05  6.2e+03  8.3e+01
  1550 -4.38878e-02  3.302e-03  1.098e-03   3.7e-06  5.4e-05  6.2e+03  3.4e+01
  1560 -4.38879e-02  3.270e-03  1.089e-03   3.7e-06  5.4e-05  6.2e+03  5.4e+01
  1570 -4.38881e-02  3.227e-03  1.078e-03   3.6e-06  5.4e-05  6.2e+03  4.0e+01
  1580 -4.38883e-02  3.165e-03  1.064e-03   3.6e-06  5.4e-05  6.2e+03  6.2e+01
  1590 -4.38885e-02  3.072e-03  1.044e-03   3.5e-06  5.4e-05  6.3e+03  2.3e+01
  1600 -4.38887e-02  2.974e-03  1.023e-03   3.3e-06  5.5e-05  6.3e+03  2.5e+01
  1610 -4.38890e-02  2.831e-03  9.927e-04   3.2e-06  5.6e-05  6.3e+03  4.2e+01
  1620 -4.38893e-02  2.650e-03  9.534e-04   3.0e-06  5.7e-05  6.3e+03  2.3e+01
  1630 -4.38897e-02  2.392e-03  8.949e-04   2.7e-06  5.9e-05  6.3e+03  1.5e+01
  1640 -4.38901e-02  2.143e-03  8.343e-04   2.4e-06  6.1e-05  6.3e+03  1.6e+01
  1650 -4.38905e-02  1.902e-03  7.696e-04   2.1e-06  6.4e-05  6.4e+03  2.3e+01
  1660 -4.38908e-02  1.643e-03  6.901e-04   1.8e-06  6.6e-05  6.4e+03  1.1e+01
  1670 -4.38911e-02  1.455e-03  6.222e-04   1.6e-06  6.7e-05  6.4e+03  1.0e+01
  1680 -4.38912e-02  1.325e-03  5.667e-04   1.5e-06  6.7e-05  6.4e+03  2.6e+01
  1690 -4.38913e-02  1.225e-03  5.163e-04   1.4e-06  6.5e-05  6.4e+03  1.5e+01
  1700 -4.38913e-02  1.161e-03  4.789e-04   1.3e-06  6.4e-05  6.5e+03  1.8e+01
  1710 -4.38912e-02  1.118e-03  4.510e-04   1.3e-06  6.2e-05  6.5e+03  1.7e+01
 
   itn      x(1)       norm r    norm Ar  compatible   LS      norm A   cond A
  1720 -4.38911e-02  1.087e-03  4.299e-04   1.2e-06  6.1e-05  6.5e+03  2.7e+01
  1730 -4.38910e-02  1.067e-03  4.161e-04   1.2e-06  6.0e-05  6.5e+03  2.1e+01
  1740 -4.38908e-02  1.052e-03  4.066e-04   1.2e-06  5.9e-05  6.5e+03  5.4e+01
  1750 -4.38907e-02  1.038e-03  3.983e-04   1.2e-06  5.8e-05  6.6e+03  2.2e+01
  1760 -4.38905e-02  1.027e-03  3.923e-04   1.2e-06  5.8e-05  6.6e+03  2.7e+01
  1770 -4.38902e-02  1.016e-03  3.876e-04   1.1e-06  5.8e-05  6.6e+03  3.8e+01
  1780 -4.38900e-02  1.006e-03  3.839e-04   1.1e-06  5.8e-05  6.6e+03  4.9e+01
  1790 -4.38897e-02  9.929e-04  3.797e-04   1.1e-06  5.8e-05  6.6e+03  8.3e+01
  1800 -4.38893e-02  9.779e-04  3.754e-04   1.1e-06  5.8e-05  6.7e+03  6.0e+01
  1810 -4.38887e-02  9.568e-04  3.699e-04   1.1e-06  5.8e-05  6.7e+03  2.6e+01
  1820 -4.38879e-02  9.288e-04  3.631e-04   1.0e-06  5.8e-05  6.7e+03  6.2e+01
  1830 -4.38868e-02  8.896e-04  3.539e-04   1.0e-06  5.9e-05  6.7e+03  1.6e+01
  1840 -4.38854e-02  8.427e-04  3.431e-04   9.5e-07  6.1e-05  6.7e+03  2.7e+01
  1850 -4.38836e-02  7.827e-04  3.290e-04   8.8e-07  6.2e-05  6.7e+03  1.8e+01
  1860 -4.38812e-02  7.070e-04  3.106e-04   8.0e-07  6.5e-05  6.8e+03  3.5e+01
  1866 -4.38796e-02  6.541e-04  2.971e-04   7.4e-07  6.7e-05  6.8e+03  1.5e+01
  1867 -4.38792e-02  6.404e-04  2.935e-04   7.2e-07  6.8e-05  6.8e+03  1.9e+01
  1868 -4.38791e-02  6.378e-04  2.928e-04   7.2e-07  6.8e-05  6.8e+03  1.8e+01
  1869 -4.38789e-02  6.312e-04  2.911e-04   7.1e-07  6.8e-05  6.8e+03  2.6e+01
  1870 -4.38784e-02  6.148e-04  2.867e-04   6.9e-07  6.9e-05  6.8e+03  1.3e+01
 
   itn      x(1)       norm r    norm Ar  compatible   LS      norm A   cond A
  1871 -4.38780e-02  6.024e-04  2.833e-04   6.8e-07  6.9e-05  6.8e+03  1.5e+01
  1872 -4.38778e-02  5.975e-04  2.820e-04   6.7e-07  7.0e-05  6.8e+03  1.6e+01
  1873 -4.38772e-02  5.760e-04  2.760e-04   6.5e-07  7.1e-05  6.8e+03  2.6e+01
 
LSMR finished
Ax - b is small enough, given atol, btol                  
istop =       1    normr = 5.8e-04
    normA = 6.8e+03    normAr = 2.8e-04
itn   =    1873    condA = 2.6e+01
    normx = 8.7e+00
  1873 -4.38772e-02   5.760e-04  2.760e-04
   6.5e-07  7.1e-05   6.8e+03  2.6e+01
loss = 3.317433147031296e-07
