OS                           : Linux-5.14.21-150400.24.81_12.0.87-cray_shasta_c-x86_64-with-glibc2.31
Python Version               : 3.9.15
CuPy Version                 : 13.0.0
CuPy Platform                : NVIDIA CUDA
NumPy Version                : 1.23.5
SciPy Version                : 1.9.3
Cython Build Version         : 0.29.36
Cython Runtime Version       : None
CUDA Root                    : /opt/nvidia/hpc_sdk/Linux_x86_64/23.9/cuda/12.2
nvcc PATH                    : /opt/nvidia/hpc_sdk/Linux_x86_64/23.9/cuda/12.2/bin/nvcc
CUDA Build Version           : 12020
CUDA Driver Version          : 12020
CUDA Runtime Version         : 12020 (linked to CuPy) / 12020 (locally installed)
cuBLAS Version               : (available)
cuFFT Version                : 11008
cuRAND Version               : 10303
cuSOLVER Version             : (11, 5, 0)
cuSPARSE Version             : (available)
NVRTC Version                : (12, 2)
Thrust Version               : 200200
CUB Build Version            : 200200
Jitify Build Version         : <unknown>
cuDNN Build Version          : 8801
cuDNN Version                : 8903
NCCL Build Version           : None
NCCL Runtime Version         : None
cuTENSOR Version             : None
cuSPARSELt Build Version     : None
Device 0 Name                : NVIDIA A100-SXM4-40GB
Device 0 Compute Capability  : 80
Device 0 PCI Bus ID          : 0000:41:00.0
None
Sizes of ptrain and pdot:
[(40000, 29, 29), (40000, 29, 29)]
len(theta) = 707281
len(jac) = 33640000
 
LSMR            Least-squares solution of  Ax = b

The matrix A has 67280000 rows and 707281 columns
damp = 0.00000000000000e+00

atol = 1.00e-16                 conlim = 1.00e+08

btol = 1.00e-16             maxiter =   100000

 
   itn      x(1)       norm r    norm Ar  compatible   LS      norm A   cond A
     0  0.00000e+00  8.890e+02  1.570e+05   1.0e+00  2.0e-01
     1  1.54700e-01  1.235e+02  2.035e+04   1.4e-01  9.2e-01  1.8e+02  1.0e+00
     2  1.59015e-01  7.116e+01  4.539e+03   8.0e-02  2.3e-01  2.7e+02  1.1e+00
     3  1.57827e-01  6.471e+01  2.511e+03   7.3e-02  1.2e-01  3.2e+02  1.4e+00
     4  1.57437e-01  5.925e+01  1.561e+03   6.7e-02  7.5e-02  3.5e+02  2.2e+00
     5  1.57480e-01  5.721e+01  1.151e+03   6.4e-02  5.3e-02  3.8e+02  2.0e+00
     6  1.57051e-01  5.557e+01  1.017e+03   6.3e-02  4.5e-02  4.1e+02  3.5e+00
     7  1.55893e-01  5.312e+01  8.572e+02   6.0e-02  3.6e-02  4.5e+02  3.2e+00
     8  1.54806e-01  5.146e+01  7.895e+02   5.8e-02  3.3e-02  4.6e+02  4.5e+00
     9  1.51857e-01  4.787e+01  6.417e+02   5.4e-02  2.7e-02  5.0e+02  3.6e+00
    10  1.50651e-01  4.673e+01  5.897e+02   5.3e-02  2.4e-02  5.2e+02  3.2e+00
    20  1.22325e-01  2.881e+01  2.874e+02   3.2e-02  1.4e-02  7.3e+02  5.5e+00
    30  1.05272e-01  1.856e+01  1.394e+02   2.1e-02  8.4e-03  8.9e+02  6.2e+00
    40  1.00345e-01  1.320e+01  8.018e+01   1.5e-02  6.0e-03  1.0e+03  4.5e+00
    50  1.00118e-01  9.928e+00  5.123e+01   1.1e-02  4.5e-03  1.1e+03  5.8e+00
    60  1.00002e-01  7.789e+00  3.521e+01   8.8e-03  3.6e-03  1.2e+03  1.1e+01
    70  9.90456e-02  6.224e+00  2.485e+01   7.0e-03  3.0e-03  1.3e+03  9.2e+00
    80  9.79237e-02  5.067e+00  1.832e+01   5.7e-03  2.5e-03  1.4e+03  1.1e+01
    90  9.66800e-02  4.157e+00  1.372e+01   4.7e-03  2.2e-03  1.5e+03  1.1e+01
   100  9.51381e-02  3.442e+00  1.050e+01   3.9e-03  1.9e-03  1.6e+03  1.2e+01
   110  9.33286e-02  2.862e+00  8.167e+00   3.2e-03  1.7e-03  1.7e+03  9.5e+00
 
   itn      x(1)       norm r    norm Ar  compatible   LS      norm A   cond A
   120  9.17012e-02  2.470e+00  6.647e+00   2.8e-03  1.6e-03  1.7e+03  8.9e+00
   130  8.96561e-02  2.063e+00  5.126e+00   2.3e-03  1.4e-03  1.8e+03  1.2e+01
   140  8.78549e-02  1.775e+00  4.047e+00   2.0e-03  1.2e-03  1.9e+03  1.0e+01
   150  8.62389e-02  1.577e+00  3.268e+00   1.8e-03  1.1e-03  1.9e+03  1.4e+01
   160  8.45053e-02  1.410e+00  2.557e+00   1.6e-03  9.1e-04  2.0e+03  1.2e+01
   170  8.29955e-02  1.296e+00  2.020e+00   1.5e-03  7.6e-04  2.1e+03  7.2e+00
   180  8.18905e-02  1.233e+00  1.674e+00   1.4e-03  6.4e-04  2.1e+03  1.1e+01
   190  8.07060e-02  1.181e+00  1.353e+00   1.3e-03  5.3e-04  2.2e+03  1.4e+01
   200  7.96405e-02  1.145e+00  1.109e+00   1.3e-03  4.3e-04  2.2e+03  6.0e+00
   210  7.86925e-02  1.121e+00  9.238e-01   1.3e-03  3.6e-04  2.3e+03  1.2e+01
   220  7.76662e-02  1.101e+00  7.577e-01   1.2e-03  2.9e-04  2.3e+03  2.1e+01
   230  7.68230e-02  1.088e+00  6.514e-01   1.2e-03  2.5e-04  2.4e+03  1.0e+01
   240  7.60315e-02  1.078e+00  5.767e-01   1.2e-03  2.2e-04  2.4e+03  1.3e+01
   250  7.53337e-02  1.070e+00  5.279e-01   1.2e-03  2.0e-04  2.5e+03  2.4e+01
   260  7.45655e-02  1.063e+00  4.898e-01   1.2e-03  1.8e-04  2.5e+03  2.7e+01
   270  7.38646e-02  1.057e+00  4.659e-01   1.2e-03  1.7e-04  2.6e+03  1.6e+01
   280  7.32224e-02  1.051e+00  4.503e-01   1.2e-03  1.6e-04  2.6e+03  4.4e+01
   290  7.24091e-02  1.045e+00  4.369e-01   1.2e-03  1.6e-04  2.7e+03  2.8e+01
   300  7.16541e-02  1.039e+00  4.286e-01   1.2e-03  1.5e-04  2.7e+03  4.2e+01
   310  7.08792e-02  1.033e+00  4.225e-01   1.2e-03  1.5e-04  2.8e+03  3.4e+01
 
   itn      x(1)       norm r    norm Ar  compatible   LS      norm A   cond A
   320  7.00288e-02  1.027e+00  4.177e-01   1.2e-03  1.4e-04  2.8e+03  5.5e+01
   330  6.88135e-02  1.018e+00  4.126e-01   1.1e-03  1.4e-04  2.9e+03  5.7e+01
   340  6.76802e-02  1.009e+00  4.089e-01   1.1e-03  1.4e-04  2.9e+03  5.1e+01
   350  6.58006e-02  9.951e-01  4.038e-01   1.1e-03  1.4e-04  2.9e+03  2.6e+01
   360  6.37053e-02  9.794e-01  3.989e-01   1.1e-03  1.4e-04  3.0e+03  4.4e+01
   370  6.00853e-02  9.524e-01  3.911e-01   1.1e-03  1.4e-04  3.0e+03  2.1e+01
   380  5.58691e-02  9.211e-01  3.826e-01   1.0e-03  1.4e-04  3.1e+03  5.1e+01
   390  4.98970e-02  8.771e-01  3.708e-01   9.9e-04  1.4e-04  3.1e+03  2.7e+01
   400  4.20818e-02  8.199e-01  3.553e-01   9.2e-04  1.4e-04  3.1e+03  3.1e+01
   410  3.17115e-02  7.452e-01  3.342e-01   8.4e-04  1.4e-04  3.2e+03  2.0e+01
   420  1.97022e-02  6.607e-01  3.085e-01   7.4e-04  1.4e-04  3.2e+03  1.8e+01
   430  9.25925e-03  5.897e-01  2.846e-01   6.6e-04  1.5e-04  3.3e+03  1.6e+01
   440 -3.72066e-03  5.062e-01  2.521e-01   5.7e-04  1.5e-04  3.3e+03  1.3e+01
   450 -1.25044e-02  4.538e-01  2.279e-01   5.1e-04  1.5e-04  3.3e+03  1.4e+01
   460 -2.18535e-02  4.034e-01  1.990e-01   4.5e-04  1.5e-04  3.4e+03  1.4e+01
   470 -2.79873e-02  3.742e-01  1.778e-01   4.2e-04  1.4e-04  3.4e+03  1.1e+01
   480 -3.32177e-02  3.524e-01  1.575e-01   4.0e-04  1.3e-04  3.4e+03  1.5e+01
   490 -3.64217e-02  3.405e-01  1.438e-01   3.8e-04  1.2e-04  3.5e+03  1.6e+01
   500 -3.89193e-02  3.320e-01  1.322e-01   3.7e-04  1.1e-04  3.5e+03  2.6e+01
   510 -4.08612e-02  3.256e-01  1.225e-01   3.7e-04  1.1e-04  3.5e+03  2.7e+01
 
   itn      x(1)       norm r    norm Ar  compatible   LS      norm A   cond A
   520 -4.21132e-02  3.216e-01  1.158e-01   3.6e-04  1.0e-04  3.6e+03  2.1e+01
   530 -4.30227e-02  3.183e-01  1.107e-01   3.6e-04  9.6e-05  3.6e+03  3.3e+01
   540 -4.36018e-02  3.160e-01  1.073e-01   3.6e-04  9.3e-05  3.6e+03  2.5e+01
   550 -4.40139e-02  3.140e-01  1.048e-01   3.5e-04  9.1e-05  3.7e+03  4.1e+01
   560 -4.43369e-02  3.119e-01  1.028e-01   3.5e-04  8.9e-05  3.7e+03  2.9e+01
   570 -4.45236e-02  3.103e-01  1.016e-01   3.5e-04  8.7e-05  3.7e+03  7.6e+01
   580 -4.46751e-02  3.086e-01  1.006e-01   3.5e-04  8.6e-05  3.8e+03  7.6e+01
   590 -4.47901e-02  3.068e-01  9.979e-02   3.5e-04  8.5e-05  3.8e+03  5.3e+01
   600 -4.48944e-02  3.047e-01  9.900e-02   3.4e-04  8.5e-05  3.8e+03  6.4e+01
   610 -4.50033e-02  3.019e-01  9.810e-02   3.4e-04  8.4e-05  3.9e+03  4.9e+01
   620 -4.51133e-02  2.983e-01  9.713e-02   3.4e-04  8.3e-05  3.9e+03  3.4e+01
   630 -4.52416e-02  2.934e-01  9.590e-02   3.3e-04  8.3e-05  3.9e+03  6.4e+01
   640 -4.53827e-02  2.873e-01  9.444e-02   3.2e-04  8.3e-05  4.0e+03  3.0e+01
   650 -4.55521e-02  2.791e-01  9.257e-02   3.1e-04  8.3e-05  4.0e+03  5.4e+01
   660 -4.57968e-02  2.665e-01  8.967e-02   3.0e-04  8.3e-05  4.0e+03  3.0e+01
   670 -4.60893e-02  2.506e-01  8.594e-02   2.8e-04  8.4e-05  4.1e+03  2.7e+01
   680 -4.63838e-02  2.342e-01  8.189e-02   2.6e-04  8.5e-05  4.1e+03  1.5e+01
   690 -4.67183e-02  2.152e-01  7.689e-02   2.4e-04  8.7e-05  4.1e+03  3.4e+01
   700 -4.70254e-02  1.977e-01  7.183e-02   2.2e-04  8.8e-05  4.2e+03  1.8e+01
   710 -4.73449e-02  1.796e-01  6.593e-02   2.0e-04  8.8e-05  4.2e+03  1.4e+01
 
   itn      x(1)       norm r    norm Ar  compatible   LS      norm A   cond A
   720 -4.75423e-02  1.684e-01  6.182e-02   1.9e-04  8.7e-05  4.2e+03  2.2e+01
   730 -4.77148e-02  1.583e-01  5.773e-02   1.8e-04  8.6e-05  4.2e+03  1.2e+01
   740 -4.78092e-02  1.525e-01  5.514e-02   1.7e-04  8.5e-05  4.3e+03  2.0e+01
   750 -4.78866e-02  1.472e-01  5.263e-02   1.7e-04  8.3e-05  4.3e+03  2.0e+01
   760 -4.79246e-02  1.438e-01  5.101e-02   1.6e-04  8.2e-05  4.3e+03  4.9e+01
   770 -4.79435e-02  1.410e-01  4.970e-02   1.6e-04  8.1e-05  4.4e+03  3.4e+01
   780 -4.79457e-02  1.389e-01  4.880e-02   1.6e-04  8.0e-05  4.4e+03  3.3e+01
   790 -4.79373e-02  1.371e-01  4.810e-02   1.5e-04  8.0e-05  4.4e+03  4.7e+01
   800 -4.79204e-02  1.355e-01  4.752e-02   1.5e-04  7.9e-05  4.4e+03  3.7e+01
   810 -4.78986e-02  1.341e-01  4.706e-02   1.5e-04  7.9e-05  4.5e+03  5.3e+01
   820 -4.78629e-02  1.322e-01  4.653e-02   1.5e-04  7.8e-05  4.5e+03  4.2e+01
   830 -4.78166e-02  1.302e-01  4.600e-02   1.5e-04  7.8e-05  4.5e+03  3.1e+01
   840 -4.77516e-02  1.276e-01  4.538e-02   1.4e-04  7.8e-05  4.5e+03  2.5e+01
   850 -4.76715e-02  1.246e-01  4.471e-02   1.4e-04  7.8e-05  4.6e+03  3.4e+01
   860 -4.75531e-02  1.205e-01  4.379e-02   1.4e-04  7.9e-05  4.6e+03  4.9e+01
   870 -4.73932e-02  1.150e-01  4.261e-02   1.3e-04  8.0e-05  4.6e+03  2.6e+01
   880 -4.71590e-02  1.073e-01  4.091e-02   1.2e-04  8.2e-05  4.7e+03  2.8e+01
   890 -4.68924e-02  9.870e-02  3.896e-02   1.1e-04  8.4e-05  4.7e+03  1.5e+01
   900 -4.65319e-02  8.737e-02  3.624e-02   9.8e-05  8.8e-05  4.7e+03  3.1e+01
   910 -4.61445e-02  7.558e-02  3.315e-02   8.5e-05  9.3e-05  4.7e+03  1.5e+01
 
   itn      x(1)       norm r    norm Ar  compatible   LS      norm A   cond A
   920 -4.57486e-02  6.403e-02  2.972e-02   7.2e-05  9.8e-05  4.8e+03  1.5e+01
   930 -4.54496e-02  5.577e-02  2.689e-02   6.3e-05  1.0e-04  4.8e+03  1.5e+01
   940 -4.51618e-02  4.835e-02  2.390e-02   5.4e-05  1.0e-04  4.8e+03  2.3e+01
   950 -4.49164e-02  4.261e-02  2.105e-02   4.8e-05  1.0e-04  4.8e+03  9.6e+00
   960 -4.47676e-02  3.946e-02  1.915e-02   4.4e-05  1.0e-04  4.9e+03  1.9e+01
   970 -4.46398e-02  3.699e-02  1.738e-02   4.2e-05  9.6e-05  4.9e+03  1.2e+01
   980 -4.45604e-02  3.556e-02  1.621e-02   4.0e-05  9.3e-05  4.9e+03  2.2e+01
   990 -4.45062e-02  3.462e-02  1.537e-02   3.9e-05  9.0e-05  4.9e+03  1.7e+01
  1000 -4.44634e-02  3.386e-02  1.469e-02   3.8e-05  8.7e-05  5.0e+03  3.4e+01
  1010 -4.44324e-02  3.329e-02  1.420e-02   3.7e-05  8.6e-05  5.0e+03  2.9e+01
  1020 -4.44115e-02  3.287e-02  1.387e-02   3.7e-05  8.4e-05  5.0e+03  2.6e+01
  1030 -4.43943e-02  3.248e-02  1.361e-02   3.7e-05  8.3e-05  5.0e+03  5.3e+01
  1040 -4.43810e-02  3.213e-02  1.341e-02   3.6e-05  8.3e-05  5.1e+03  6.3e+01
  1050 -4.43672e-02  3.173e-02  1.322e-02   3.6e-05  8.2e-05  5.1e+03  3.5e+01
  1060 -4.43552e-02  3.134e-02  1.306e-02   3.5e-05  8.2e-05  5.1e+03  5.0e+01
  1070 -4.43399e-02  3.079e-02  1.287e-02   3.5e-05  8.1e-05  5.1e+03  3.8e+01
  1080 -4.43251e-02  3.021e-02  1.269e-02   3.4e-05  8.2e-05  5.2e+03  5.0e+01
  1090 -4.43058e-02  2.941e-02  1.246e-02   3.3e-05  8.2e-05  5.2e+03  4.5e+01
  1100 -4.42795e-02  2.828e-02  1.215e-02   3.2e-05  8.3e-05  5.2e+03  2.0e+01
  1110 -4.42525e-02  2.708e-02  1.182e-02   3.0e-05  8.4e-05  5.2e+03  3.3e+01
 
   itn      x(1)       norm r    norm Ar  compatible   LS      norm A   cond A
  1120 -4.42125e-02  2.527e-02  1.133e-02   2.8e-05  8.5e-05  5.2e+03  3.6e+01
  1130 -4.41689e-02  2.328e-02  1.078e-02   2.6e-05  8.8e-05  5.3e+03  2.4e+01
  1140 -4.41141e-02  2.077e-02  1.005e-02   2.3e-05  9.1e-05  5.3e+03  2.5e+01
  1150 -4.40517e-02  1.795e-02  9.138e-03   2.0e-05  9.6e-05  5.3e+03  2.0e+01
  1160 -4.39933e-02  1.538e-02  8.199e-03   1.7e-05  1.0e-04  5.3e+03  9.1e+00
  1170 -4.39347e-02  1.293e-02  7.129e-03   1.5e-05  1.0e-04  5.4e+03  1.7e+01
  1180 -4.38956e-02  1.142e-02  6.314e-03   1.3e-05  1.0e-04  5.4e+03  1.6e+01
  1190 -4.38592e-02  1.017e-02  5.444e-03   1.1e-05  9.9e-05  5.4e+03  1.1e+01
  1200 -4.38365e-02  9.483e-03  4.819e-03   1.1e-05  9.4e-05  5.4e+03  1.8e+01
  1210 -4.38193e-02  9.021e-03  4.283e-03   1.0e-05  8.7e-05  5.5e+03  8.5e+00
  1220 -4.38092e-02  8.768e-03  3.927e-03   9.9e-06  8.2e-05  5.5e+03  1.4e+01
  1230 -4.38012e-02  8.572e-03  3.613e-03   9.6e-06  7.7e-05  5.5e+03  2.1e+01
  1240 -4.37964e-02  8.443e-03  3.396e-03   9.5e-06  7.3e-05  5.5e+03  2.2e+01
  1250 -4.37937e-02  8.357e-03  3.258e-03   9.4e-06  7.0e-05  5.5e+03  3.8e+01
  1260 -4.37920e-02  8.283e-03  3.154e-03   9.3e-06  6.8e-05  5.6e+03  4.1e+01
  1270 -4.37912e-02  8.219e-03  3.080e-03   9.2e-06  6.7e-05  5.6e+03  4.2e+01
  1280 -4.37909e-02  8.162e-03  3.028e-03   9.2e-06  6.6e-05  5.6e+03  3.1e+01
  1290 -4.37909e-02  8.109e-03  2.989e-03   9.1e-06  6.5e-05  5.6e+03  6.2e+01
  1300 -4.37913e-02  8.047e-03  2.953e-03   9.1e-06  6.5e-05  5.7e+03  6.3e+01
  1310 -4.37919e-02  7.981e-03  2.923e-03   9.0e-06  6.5e-05  5.7e+03  6.0e+01
 
   itn      x(1)       norm r    norm Ar  compatible   LS      norm A   cond A
  1320 -4.37930e-02  7.897e-03  2.890e-03   8.9e-06  6.4e-05  5.7e+03  6.2e+01
  1330 -4.37944e-02  7.790e-03  2.855e-03   8.8e-06  6.4e-05  5.7e+03  5.5e+01
  1340 -4.37968e-02  7.639e-03  2.810e-03   8.6e-06  6.4e-05  5.7e+03  2.9e+01
  1350 -4.37993e-02  7.488e-03  2.767e-03   8.4e-06  6.4e-05  5.8e+03  6.5e+01
  1360 -4.38040e-02  7.211e-03  2.693e-03   8.1e-06  6.5e-05  5.8e+03  3.5e+01
  1370 -4.38099e-02  6.876e-03  2.603e-03   7.7e-06  6.5e-05  5.8e+03  3.5e+01
  1380 -4.38169e-02  6.490e-03  2.497e-03   7.3e-06  6.6e-05  5.8e+03  2.1e+01
  1390 -4.38251e-02  6.054e-03  2.373e-03   6.8e-06  6.7e-05  5.8e+03  2.7e+01
  1400 -4.38351e-02  5.542e-03  2.214e-03   6.2e-06  6.8e-05  5.9e+03  2.9e+01
  1410 -4.38464e-02  4.995e-03  2.025e-03   5.6e-06  6.9e-05  5.9e+03  1.7e+01
  1420 -4.38551e-02  4.601e-03  1.869e-03   5.2e-06  6.9e-05  5.9e+03  1.8e+01
  1430 -4.38649e-02  4.189e-03  1.675e-03   4.7e-06  6.7e-05  5.9e+03  1.4e+01
  1440 -4.38717e-02  3.931e-03  1.529e-03   4.4e-06  6.5e-05  5.9e+03  1.5e+01
  1450 -4.38762e-02  3.774e-03  1.424e-03   4.2e-06  6.3e-05  6.0e+03  1.6e+01
  1460 -4.38798e-02  3.654e-03  1.334e-03   4.1e-06  6.1e-05  6.0e+03  2.2e+01
  1470 -4.38826e-02  3.563e-03  1.261e-03   4.0e-06  5.9e-05  6.0e+03  4.0e+01
  1480 -4.38841e-02  3.510e-03  1.217e-03   3.9e-06  5.7e-05  6.0e+03  3.2e+01
  1490 -4.38853e-02  3.469e-03  1.185e-03   3.9e-06  5.6e-05  6.1e+03  2.9e+01
  1500 -4.38861e-02  3.433e-03  1.158e-03   3.9e-06  5.6e-05  6.1e+03  2.2e+01
  1510 -4.38866e-02  3.407e-03  1.142e-03   3.8e-06  5.5e-05  6.1e+03  3.7e+01
 
   itn      x(1)       norm r    norm Ar  compatible   LS      norm A   cond A
  1520 -4.38871e-02  3.380e-03  1.127e-03   3.8e-06  5.5e-05  6.1e+03  8.1e+01
  1530 -4.38873e-02  3.358e-03  1.118e-03   3.8e-06  5.4e-05  6.1e+03  5.2e+01
  1540 -4.38876e-02  3.331e-03  1.108e-03   3.7e-06  5.4e-05  6.2e+03  8.3e+01
  1550 -4.38878e-02  3.302e-03  1.098e-03   3.7e-06  5.4e-05  6.2e+03  3.4e+01
  1560 -4.38879e-02  3.270e-03  1.089e-03   3.7e-06  5.4e-05  6.2e+03  5.4e+01
  1570 -4.38881e-02  3.227e-03  1.078e-03   3.6e-06  5.4e-05  6.2e+03  4.0e+01
  1580 -4.38883e-02  3.165e-03  1.064e-03   3.6e-06  5.4e-05  6.2e+03  6.2e+01
  1590 -4.38885e-02  3.072e-03  1.044e-03   3.5e-06  5.4e-05  6.3e+03  2.3e+01
  1600 -4.38887e-02  2.974e-03  1.023e-03   3.3e-06  5.5e-05  6.3e+03  2.5e+01
  1610 -4.38890e-02  2.831e-03  9.927e-04   3.2e-06  5.6e-05  6.3e+03  4.2e+01
  1620 -4.38893e-02  2.650e-03  9.534e-04   3.0e-06  5.7e-05  6.3e+03  2.3e+01
  1630 -4.38897e-02  2.392e-03  8.949e-04   2.7e-06  5.9e-05  6.3e+03  1.5e+01
  1640 -4.38901e-02  2.143e-03  8.343e-04   2.4e-06  6.1e-05  6.3e+03  1.6e+01
  1650 -4.38905e-02  1.902e-03  7.696e-04   2.1e-06  6.4e-05  6.4e+03  2.3e+01
  1660 -4.38908e-02  1.643e-03  6.901e-04   1.8e-06  6.6e-05  6.4e+03  1.1e+01
  1670 -4.38911e-02  1.455e-03  6.222e-04   1.6e-06  6.7e-05  6.4e+03  1.0e+01
  1680 -4.38912e-02  1.325e-03  5.667e-04   1.5e-06  6.7e-05  6.4e+03  2.6e+01
  1690 -4.38913e-02  1.225e-03  5.163e-04   1.4e-06  6.5e-05  6.4e+03  1.5e+01
  1700 -4.38913e-02  1.161e-03  4.789e-04   1.3e-06  6.4e-05  6.5e+03  1.8e+01
  1710 -4.38912e-02  1.118e-03  4.510e-04   1.3e-06  6.2e-05  6.5e+03  1.7e+01
 
   itn      x(1)       norm r    norm Ar  compatible   LS      norm A   cond A
  1720 -4.38911e-02  1.087e-03  4.299e-04   1.2e-06  6.1e-05  6.5e+03  2.7e+01
  1730 -4.38910e-02  1.067e-03  4.161e-04   1.2e-06  6.0e-05  6.5e+03  2.1e+01
  1740 -4.38908e-02  1.052e-03  4.066e-04   1.2e-06  5.9e-05  6.5e+03  5.4e+01
  1750 -4.38907e-02  1.038e-03  3.983e-04   1.2e-06  5.8e-05  6.6e+03  2.2e+01
  1760 -4.38905e-02  1.027e-03  3.923e-04   1.2e-06  5.8e-05  6.6e+03  2.7e+01
  1770 -4.38902e-02  1.016e-03  3.876e-04   1.1e-06  5.8e-05  6.6e+03  3.8e+01
  1780 -4.38900e-02  1.006e-03  3.839e-04   1.1e-06  5.8e-05  6.6e+03  4.9e+01
  1790 -4.38897e-02  9.929e-04  3.797e-04   1.1e-06  5.8e-05  6.6e+03  8.3e+01
  1800 -4.38893e-02  9.779e-04  3.754e-04   1.1e-06  5.8e-05  6.7e+03  6.0e+01
  1810 -4.38887e-02  9.568e-04  3.699e-04   1.1e-06  5.8e-05  6.7e+03  2.6e+01
  1820 -4.38879e-02  9.288e-04  3.631e-04   1.0e-06  5.8e-05  6.7e+03  6.2e+01
  1830 -4.38868e-02  8.896e-04  3.539e-04   1.0e-06  5.9e-05  6.7e+03  1.6e+01
  1840 -4.38854e-02  8.427e-04  3.431e-04   9.5e-07  6.1e-05  6.7e+03  2.7e+01
  1850 -4.38836e-02  7.827e-04  3.290e-04   8.8e-07  6.2e-05  6.7e+03  1.8e+01
  1860 -4.38812e-02  7.070e-04  3.106e-04   8.0e-07  6.5e-05  6.8e+03  3.5e+01
  1870 -4.38784e-02  6.148e-04  2.867e-04   6.9e-07  6.9e-05  6.8e+03  1.3e+01
  1880 -4.38752e-02  5.160e-04  2.586e-04   5.8e-07  7.4e-05  6.8e+03  1.6e+01
  1890 -4.38723e-02  4.276e-04  2.299e-04   4.8e-07  7.9e-05  6.8e+03  1.0e+01
  1900 -4.38699e-02  3.574e-04  2.033e-04   4.0e-07  8.3e-05  6.8e+03  1.8e+01
  1910 -4.38676e-02  2.940e-04  1.737e-04   3.3e-07  8.6e-05  6.9e+03  1.6e+01
 
   itn      x(1)       norm r    norm Ar  compatible   LS      norm A   cond A
  1920 -4.38661e-02  2.585e-04  1.528e-04   2.9e-07  8.6e-05  6.9e+03  1.0e+01
  1930 -4.38646e-02  2.286e-04  1.296e-04   2.6e-07  8.2e-05  6.9e+03  1.3e+01
  1940 -4.38639e-02  2.158e-04  1.165e-04   2.4e-07  7.8e-05  6.9e+03  1.4e+01
  1950 -4.38632e-02  2.051e-04  1.030e-04   2.3e-07  7.3e-05  6.9e+03  1.3e+01
  1960 -4.38629e-02  1.994e-04  9.448e-05   2.2e-07  6.8e-05  6.9e+03  2.4e+01
  1970 -4.38626e-02  1.959e-04  8.886e-05   2.2e-07  6.5e-05  7.0e+03  2.5e+01
  1980 -4.38624e-02  1.933e-04  8.476e-05   2.2e-07  6.3e-05  7.0e+03  2.5e+01
  1990 -4.38623e-02  1.909e-04  8.129e-05   2.1e-07  6.1e-05  7.0e+03  2.3e+01
  2000 -4.38622e-02  1.892e-04  7.927e-05   2.1e-07  6.0e-05  7.0e+03  5.4e+01
  2010 -4.38621e-02  1.875e-04  7.753e-05   2.1e-07  5.9e-05  7.0e+03  2.9e+01
  2020 -4.38620e-02  1.857e-04  7.618e-05   2.1e-07  5.8e-05  7.0e+03  2.4e+01
  2030 -4.38619e-02  1.839e-04  7.511e-05   2.1e-07  5.8e-05  7.1e+03  6.8e+01
  2040 -4.38619e-02  1.817e-04  7.410e-05   2.0e-07  5.8e-05  7.1e+03  4.7e+01
  2050 -4.38618e-02  1.795e-04  7.321e-05   2.0e-07  5.7e-05  7.1e+03  2.7e+01
  2060 -4.38617e-02  1.767e-04  7.224e-05   2.0e-07  5.7e-05  7.1e+03  6.2e+01
  2070 -4.38616e-02  1.733e-04  7.116e-05   1.9e-07  5.8e-05  7.1e+03  4.9e+01
  2080 -4.38614e-02  1.681e-04  6.960e-05   1.9e-07  5.8e-05  7.1e+03  3.3e+01
  2090 -4.38612e-02  1.618e-04  6.777e-05   1.8e-07  5.8e-05  7.2e+03  2.3e+01
  2100 -4.38610e-02  1.536e-04  6.540e-05   1.7e-07  5.9e-05  7.2e+03  3.6e+01
  2110 -4.38606e-02  1.416e-04  6.184e-05   1.6e-07  6.1e-05  7.2e+03  3.6e+01
 
   itn      x(1)       norm r    norm Ar  compatible   LS      norm A   cond A
  2120 -4.38602e-02  1.294e-04  5.800e-05   1.5e-07  6.2e-05  7.2e+03  1.6e+01
  2130 -4.38598e-02  1.170e-04  5.372e-05   1.3e-07  6.3e-05  7.2e+03  2.0e+01
  2140 -4.38594e-02  1.040e-04  4.862e-05   1.2e-07  6.4e-05  7.3e+03  8.7e+00
  2150 -4.38590e-02  9.385e-05  4.390e-05   1.1e-07  6.4e-05  7.3e+03  1.3e+01
  2160 -4.38586e-02  8.464e-05  3.865e-05   9.5e-08  6.3e-05  7.3e+03  1.1e+01
  2170 -4.38584e-02  7.915e-05  3.471e-05   8.9e-08  6.0e-05  7.3e+03  1.6e+01
  2180 -4.38582e-02  7.541e-05  3.139e-05   8.5e-08  5.7e-05  7.3e+03  9.3e+00
  2190 -4.38580e-02  7.316e-05  2.902e-05   8.2e-08  5.4e-05  7.3e+03  1.9e+01
  2200 -4.38579e-02  7.161e-05  2.718e-05   8.1e-08  5.2e-05  7.4e+03  1.8e+01
  2210 -4.38579e-02  7.043e-05  2.569e-05   7.9e-08  4.9e-05  7.4e+03  1.9e+01
  2220 -4.38578e-02  6.952e-05  2.455e-05   7.8e-08  4.8e-05  7.4e+03  2.7e+01
  2230 -4.38578e-02  6.886e-05  2.379e-05   7.7e-08  4.7e-05  7.4e+03  3.4e+01
  2240 -4.38578e-02  6.840e-05  2.334e-05   7.7e-08  4.6e-05  7.4e+03  2.8e+01
  2250 -4.38577e-02  6.797e-05  2.299e-05   7.6e-08  4.5e-05  7.4e+03  4.6e+01
  2260 -4.38577e-02  6.753e-05  2.270e-05   7.6e-08  4.5e-05  7.5e+03  4.2e+01
  2270 -4.38577e-02  6.710e-05  2.247e-05   7.5e-08  4.5e-05  7.5e+03  4.7e+01
  2280 -4.38577e-02  6.669e-05  2.229e-05   7.5e-08  4.5e-05  7.5e+03  5.4e+01
  2290 -4.38577e-02  6.617e-05  2.210e-05   7.4e-08  4.5e-05  7.5e+03  4.7e+01
  2300 -4.38577e-02  6.547e-05  2.188e-05   7.4e-08  4.4e-05  7.5e+03  6.9e+01
  2310 -4.38577e-02  6.466e-05  2.166e-05   7.3e-08  4.4e-05  7.5e+03  5.9e+01
 
   itn      x(1)       norm r    norm Ar  compatible   LS      norm A   cond A
  2320 -4.38577e-02  6.351e-05  2.136e-05   7.1e-08  4.5e-05  7.6e+03  3.1e+01
  2330 -4.38577e-02  6.204e-05  2.101e-05   7.0e-08  4.5e-05  7.6e+03  4.8e+01
  2340 -4.38577e-02  5.972e-05  2.046e-05   6.7e-08  4.5e-05  7.6e+03  3.0e+01
  2350 -4.38577e-02  5.693e-05  1.980e-05   6.4e-08  4.6e-05  7.6e+03  1.5e+01
  2360 -4.38577e-02  5.344e-05  1.895e-05   6.0e-08  4.7e-05  7.6e+03  2.8e+01
  2370 -4.38576e-02  4.908e-05  1.783e-05   5.5e-08  4.8e-05  7.6e+03  2.1e+01
  2380 -4.38576e-02  4.447e-05  1.654e-05   5.0e-08  4.9e-05  7.6e+03  1.3e+01
  2390 -4.38576e-02  4.095e-05  1.544e-05   4.6e-08  4.9e-05  7.7e+03  2.5e+01
  2400 -4.38576e-02  3.704e-05  1.404e-05   4.2e-08  4.9e-05  7.7e+03  1.7e+01
  2410 -4.38576e-02  3.453e-05  1.300e-05   3.9e-08  4.9e-05  7.7e+03  1.6e+01
  2420 -4.38576e-02  3.241e-05  1.198e-05   3.6e-08  4.8e-05  7.7e+03  2.0e+01
  2430 -4.38576e-02  3.110e-05  1.126e-05   3.5e-08  4.7e-05  7.7e+03  3.1e+01
  2440 -4.38576e-02  3.003e-05  1.062e-05   3.4e-08  4.6e-05  7.7e+03  1.3e+01
  2450 -4.38576e-02  2.941e-05  1.021e-05   3.3e-08  4.5e-05  7.8e+03  3.0e+01
  2460 -4.38576e-02  2.888e-05  9.867e-06   3.2e-08  4.4e-05  7.8e+03  2.3e+01
  2470 -4.38576e-02  2.852e-05  9.644e-06   3.2e-08  4.3e-05  7.8e+03  2.8e+01
  2480 -4.38576e-02  2.823e-05  9.472e-06   3.2e-08  4.3e-05  7.8e+03  2.5e+01
  2490 -4.38576e-02  2.797e-05  9.342e-06   3.1e-08  4.3e-05  7.8e+03  4.0e+01
  2500 -4.38576e-02  2.773e-05  9.234e-06   3.1e-08  4.2e-05  7.8e+03  4.3e+01
  2510 -4.38576e-02  2.752e-05  9.155e-06   3.1e-08  4.2e-05  7.9e+03  8.2e+01
 
   itn      x(1)       norm r    norm Ar  compatible   LS      norm A   cond A
  2520 -4.38576e-02  2.723e-05  9.064e-06   3.1e-08  4.2e-05  7.9e+03  3.2e+01
  2530 -4.38576e-02  2.697e-05  8.993e-06   3.0e-08  4.2e-05  7.9e+03  5.9e+01
  2540 -4.38576e-02  2.659e-05  8.900e-06   3.0e-08  4.2e-05  7.9e+03  7.9e+01
  2550 -4.38576e-02  2.606e-05  8.784e-06   2.9e-08  4.3e-05  7.9e+03  4.5e+01
  2560 -4.38576e-02  2.542e-05  8.649e-06   2.9e-08  4.3e-05  7.9e+03  3.2e+01
  2570 -4.38576e-02  2.451e-05  8.464e-06   2.8e-08  4.3e-05  7.9e+03  4.8e+01
  2580 -4.38577e-02  2.329e-05  8.220e-06   2.6e-08  4.4e-05  8.0e+03  3.3e+01
  2590 -4.38577e-02  2.156e-05  7.866e-06   2.4e-08  4.6e-05  8.0e+03  2.5e+01
  2600 -4.38577e-02  1.962e-05  7.451e-06   2.2e-08  4.8e-05  8.0e+03  2.7e+01
  2610 -4.38578e-02  1.709e-05  6.875e-06   1.9e-08  5.0e-05  8.0e+03  1.1e+01
  2620 -4.38578e-02  1.487e-05  6.324e-06   1.7e-08  5.3e-05  8.0e+03  1.5e+01
  2630 -4.38579e-02  1.273e-05  5.726e-06   1.4e-08  5.6e-05  8.0e+03  1.1e+01
  2640 -4.38579e-02  1.092e-05  5.151e-06   1.2e-08  5.9e-05  8.1e+03  2.2e+01
  2650 -4.38580e-02  9.207e-06  4.495e-06   1.0e-08  6.0e-05  8.1e+03  2.2e+01
  2660 -4.38580e-02  8.153e-06  3.998e-06   9.2e-09  6.1e-05  8.1e+03  1.2e+01
  2670 -4.38580e-02  7.448e-06  3.593e-06   8.4e-09  6.0e-05  8.1e+03  1.3e+01
  2680 -4.38580e-02  6.993e-06  3.280e-06   7.9e-09  5.8e-05  8.1e+03  2.2e+01
  2690 -4.38581e-02  6.674e-06  3.028e-06   7.5e-09  5.6e-05  8.1e+03  1.3e+01
  2700 -4.38581e-02  6.476e-06  2.857e-06   7.3e-09  5.4e-05  8.1e+03  2.1e+01
  2710 -4.38581e-02  6.345e-06  2.743e-06   7.1e-09  5.3e-05  8.2e+03  2.4e+01
 
   itn      x(1)       norm r    norm Ar  compatible   LS      norm A   cond A
  2720 -4.38581e-02  6.245e-06  2.661e-06   7.0e-09  5.2e-05  8.2e+03  4.0e+01
  2730 -4.38581e-02  6.172e-06  2.607e-06   6.9e-09  5.2e-05  8.2e+03  3.5e+01
  2740 -4.38581e-02  6.091e-06  2.556e-06   6.9e-09  5.1e-05  8.2e+03  4.4e+01
  2750 -4.38581e-02  6.010e-06  2.513e-06   6.8e-09  5.1e-05  8.2e+03  3.5e+01
  2760 -4.38581e-02  5.945e-06  2.484e-06   6.7e-09  5.1e-05  8.2e+03  5.3e+01
  2770 -4.38581e-02  5.852e-06  2.448e-06   6.6e-09  5.1e-05  8.3e+03  6.2e+01
  2780 -4.38581e-02  5.741e-06  2.411e-06   6.5e-09  5.1e-05  8.3e+03  2.5e+01
  2790 -4.38581e-02  5.618e-06  2.373e-06   6.3e-09  5.1e-05  8.3e+03  3.3e+01
  2800 -4.38581e-02  5.449e-06  2.325e-06   6.1e-09  5.1e-05  8.3e+03  3.1e+01
  2810 -4.38581e-02  5.223e-06  2.262e-06   5.9e-09  5.2e-05  8.3e+03  3.0e+01
  2820 -4.38581e-02  4.929e-06  2.181e-06   5.5e-09  5.3e-05  8.3e+03  1.4e+01
  2830 -4.38581e-02  4.606e-06  2.090e-06   5.2e-09  5.4e-05  8.3e+03  3.2e+01
  2840 -4.38581e-02  4.170e-06  1.962e-06   4.7e-09  5.6e-05  8.4e+03  2.1e+01
  2850 -4.38581e-02  3.683e-06  1.807e-06   4.1e-09  5.9e-05  8.4e+03  1.8e+01
  2860 -4.38582e-02  3.222e-06  1.644e-06   3.6e-09  6.1e-05  8.4e+03  1.2e+01
  2870 -4.38582e-02  2.790e-06  1.467e-06   3.1e-09  6.3e-05  8.4e+03  1.8e+01
  2880 -4.38582e-02  2.456e-06  1.302e-06   2.8e-09  6.3e-05  8.4e+03  1.4e+01
  2890 -4.38582e-02  2.200e-06  1.145e-06   2.5e-09  6.2e-05  8.4e+03  9.1e+00
  2900 -4.38582e-02  2.052e-06  1.031e-06   2.3e-09  6.0e-05  8.4e+03  3.0e+01
  2910 -4.38582e-02  1.937e-06  9.230e-07   2.2e-09  5.6e-05  8.5e+03  1.3e+01
 
   itn      x(1)       norm r    norm Ar  compatible   LS      norm A   cond A
  2920 -4.38582e-02  1.869e-06  8.466e-07   2.1e-09  5.3e-05  8.5e+03  1.3e+01
  2930 -4.38582e-02  1.828e-06  7.957e-07   2.1e-09  5.1e-05  8.5e+03  2.4e+01
  2940 -4.38582e-02  1.794e-06  7.515e-07   2.0e-09  4.9e-05  8.5e+03  2.4e+01
  2950 -4.38582e-02  1.772e-06  7.256e-07   2.0e-09  4.8e-05  8.5e+03  3.0e+01
  2960 -4.38582e-02  1.756e-06  7.075e-07   2.0e-09  4.7e-05  8.5e+03  5.9e+01
  2970 -4.38582e-02  1.739e-06  6.929e-07   2.0e-09  4.7e-05  8.5e+03  4.0e+01
  2980 -4.38582e-02  1.722e-06  6.800e-07   1.9e-09  4.6e-05  8.6e+03  2.7e+01
  2990 -4.38582e-02  1.706e-06  6.713e-07   1.9e-09  4.6e-05  8.6e+03  6.0e+01
  3000 -4.38582e-02  1.690e-06  6.638e-07   1.9e-09  4.6e-05  8.6e+03  5.5e+01
  3010 -4.38582e-02  1.671e-06  6.563e-07   1.9e-09  4.6e-05  8.6e+03  6.1e+01
  3020 -4.38582e-02  1.642e-06  6.466e-07   1.8e-09  4.6e-05  8.6e+03  2.9e+01
  3030 -4.38582e-02  1.612e-06  6.375e-07   1.8e-09  4.6e-05  8.6e+03  3.1e+01
  3040 -4.38582e-02  1.566e-06  6.244e-07   1.8e-09  4.6e-05  8.6e+03  2.4e+01
  3050 -4.38582e-02  1.504e-06  6.071e-07   1.7e-09  4.7e-05  8.7e+03  2.2e+01
  3060 -4.38582e-02  1.431e-06  5.871e-07   1.6e-09  4.7e-05  8.7e+03  4.8e+01
  3070 -4.38582e-02  1.330e-06  5.586e-07   1.5e-09  4.8e-05  8.7e+03  2.0e+01
  3080 -4.38582e-02  1.219e-06  5.256e-07   1.4e-09  5.0e-05  8.7e+03  2.3e+01
  3090 -4.38582e-02  1.084e-06  4.811e-07   1.2e-09  5.1e-05  8.7e+03  1.5e+01
  3100 -4.38582e-02  9.680e-07  4.375e-07   1.1e-09  5.2e-05  8.7e+03  1.5e+01
  3110 -4.38582e-02  8.629e-07  3.906e-07   9.7e-10  5.2e-05  8.7e+03  1.6e+01
 
   itn      x(1)       norm r    norm Ar  compatible   LS      norm A   cond A
  3120 -4.38582e-02  7.901e-07  3.510e-07   8.9e-10  5.1e-05  8.8e+03  1.5e+01
  3130 -4.38582e-02  7.354e-07  3.140e-07   8.3e-10  4.9e-05  8.8e+03  1.6e+01
  3140 -4.38582e-02  6.972e-07  2.818e-07   7.8e-10  4.6e-05  8.8e+03  1.7e+01
  3150 -4.38582e-02  6.761e-07  2.605e-07   7.6e-10  4.4e-05  8.8e+03  1.2e+01
  3160 -4.38582e-02  6.626e-07  2.454e-07   7.5e-10  4.2e-05  8.8e+03  2.5e+01
  3170 -4.38582e-02  6.526e-07  2.335e-07   7.3e-10  4.1e-05  8.8e+03  1.5e+01
  3180 -4.38582e-02  6.458e-07  2.257e-07   7.3e-10  4.0e-05  8.8e+03  2.0e+01
  3190 -4.38582e-02  6.403e-07  2.198e-07   7.2e-10  3.9e-05  8.9e+03  3.8e+01
  3200 -4.38582e-02  6.353e-07  2.152e-07   7.1e-10  3.8e-05  8.9e+03  5.0e+01
  3210 -4.38582e-02  6.309e-07  2.120e-07   7.1e-10  3.8e-05  8.9e+03  4.6e+01
  3220 -4.38582e-02  6.271e-07  2.098e-07   7.1e-10  3.8e-05  8.9e+03  4.5e+01
  3230 -4.38582e-02  6.225e-07  2.077e-07   7.0e-10  3.7e-05  8.9e+03  3.3e+01
  3240 -4.38582e-02  6.181e-07  2.059e-07   7.0e-10  3.7e-05  8.9e+03  7.7e+01
  3250 -4.38582e-02  6.119e-07  2.040e-07   6.9e-10  3.7e-05  8.9e+03  6.7e+01
  3260 -4.38582e-02  6.049e-07  2.020e-07   6.8e-10  3.7e-05  9.0e+03  4.9e+01
  3270 -4.38582e-02  5.956e-07  1.996e-07   6.7e-10  3.7e-05  9.0e+03  5.3e+01
  3280 -4.38582e-02  5.823e-07  1.964e-07   6.5e-10  3.8e-05  9.0e+03  3.2e+01
  3290 -4.38582e-02  5.652e-07  1.924e-07   6.4e-10  3.8e-05  9.0e+03  4.0e+01
  3300 -4.38582e-02  5.442e-07  1.875e-07   6.1e-10  3.8e-05  9.0e+03  2.3e+01
  3310 -4.38582e-02  5.109e-07  1.796e-07   5.7e-10  3.9e-05  9.0e+03  2.6e+01
 
   itn      x(1)       norm r    norm Ar  compatible   LS      norm A   cond A
  3320 -4.38582e-02  4.740e-07  1.705e-07   5.3e-10  4.0e-05  9.0e+03  2.5e+01
  3330 -4.38582e-02  4.324e-07  1.594e-07   4.9e-10  4.1e-05  9.0e+03  1.9e+01
  3340 -4.38582e-02  3.909e-07  1.471e-07   4.4e-10  4.2e-05  9.1e+03  1.7e+01
  3350 -4.38582e-02  3.564e-07  1.355e-07   4.0e-10  4.2e-05  9.1e+03  1.2e+01
  3360 -4.38582e-02  3.272e-07  1.242e-07   3.7e-10  4.2e-05  9.1e+03  2.6e+01
  3370 -4.38582e-02  3.069e-07  1.152e-07   3.5e-10  4.1e-05  9.1e+03  1.9e+01
  3380 -4.38582e-02  2.914e-07  1.073e-07   3.3e-10  4.0e-05  9.1e+03  1.5e+01
  3390 -4.38582e-02  2.817e-07  1.019e-07   3.2e-10  4.0e-05  9.1e+03  3.4e+01
  3400 -4.38582e-02  2.749e-07  9.786e-08   3.1e-10  3.9e-05  9.1e+03  2.4e+01
  3410 -4.38582e-02  2.702e-07  9.510e-08   3.0e-10  3.8e-05  9.2e+03  2.7e+01
  3420 -4.38582e-02  2.664e-07  9.296e-08   3.0e-10  3.8e-05  9.2e+03  3.7e+01
  3430 -4.38582e-02  2.630e-07  9.116e-08   3.0e-10  3.8e-05  9.2e+03  2.8e+01
  3440 -4.38582e-02  2.606e-07  9.004e-08   2.9e-10  3.8e-05  9.2e+03  4.1e+01
  3450 -4.38582e-02  2.581e-07  8.906e-08   2.9e-10  3.7e-05  9.2e+03  7.6e+01
  3460 -4.38582e-02  2.554e-07  8.812e-08   2.9e-10  3.7e-05  9.2e+03  3.9e+01
  3470 -4.38582e-02  2.524e-07  8.723e-08   2.8e-10  3.7e-05  9.2e+03  5.8e+01
  3480 -4.38582e-02  2.487e-07  8.626e-08   2.8e-10  3.8e-05  9.2e+03  4.3e+01
  3490 -4.38582e-02  2.447e-07  8.531e-08   2.8e-10  3.8e-05  9.3e+03  3.9e+01
  3500 -4.38582e-02  2.399e-07  8.419e-08   2.7e-10  3.8e-05  9.3e+03  3.9e+01
  3510 -4.38582e-02  2.311e-07  8.226e-08   2.6e-10  3.8e-05  9.3e+03  6.5e+01
 
   itn      x(1)       norm r    norm Ar  compatible   LS      norm A   cond A
  3520 -4.38582e-02  2.204e-07  7.996e-08   2.5e-10  3.9e-05  9.3e+03  2.3e+01
  3530 -4.38582e-02  2.067e-07  7.696e-08   2.3e-10  4.0e-05  9.3e+03  2.3e+01
  3540 -4.38582e-02  1.881e-07  7.274e-08   2.1e-10  4.1e-05  9.3e+03  1.4e+01
  3550 -4.38582e-02  1.702e-07  6.846e-08   1.9e-10  4.3e-05  9.3e+03  2.4e+01
  3560 -4.38582e-02  1.493e-07  6.302e-08   1.7e-10  4.5e-05  9.4e+03  2.5e+01
  3570 -4.38582e-02  1.244e-07  5.562e-08   1.4e-10  4.8e-05  9.4e+03  2.1e+01
  3580 -4.38582e-02  1.084e-07  4.997e-08   1.2e-10  4.9e-05  9.4e+03  2.1e+01
  3590 -4.38582e-02  9.580e-08  4.468e-08   1.1e-10  5.0e-05  9.4e+03  1.1e+01
  3600 -4.38582e-02  8.636e-08  3.984e-08   9.7e-11  4.9e-05  9.4e+03  2.0e+01
  3610 -4.38582e-02  8.035e-08  3.609e-08   9.0e-11  4.8e-05  9.4e+03  1.1e+01
  3620 -4.38582e-02  7.666e-08  3.339e-08   8.6e-11  4.6e-05  9.4e+03  1.4e+01
  3630 -4.38582e-02  7.430e-08  3.148e-08   8.4e-11  4.5e-05  9.4e+03  1.4e+01
  3640 -4.38582e-02  7.258e-08  3.002e-08   8.2e-11  4.4e-05  9.5e+03  3.5e+01
  3650 -4.38582e-02  7.140e-08  2.904e-08   8.0e-11  4.3e-05  9.5e+03  3.5e+01
  3660 -4.38582e-02  7.038e-08  2.826e-08   7.9e-11  4.2e-05  9.5e+03  3.1e+01
  3670 -4.38582e-02  6.962e-08  2.774e-08   7.8e-11  4.2e-05  9.5e+03  4.1e+01
  3680 -4.38582e-02  6.890e-08  2.733e-08   7.7e-11  4.2e-05  9.5e+03  5.4e+01
  3690 -4.38582e-02  6.813e-08  2.696e-08   7.7e-11  4.2e-05  9.5e+03  4.2e+01
  3700 -4.38582e-02  6.733e-08  2.664e-08   7.6e-11  4.1e-05  9.5e+03  4.1e+01
  3710 -4.38582e-02  6.651e-08  2.636e-08   7.5e-11  4.2e-05  9.5e+03  6.6e+01
 
   itn      x(1)       norm r    norm Ar  compatible   LS      norm A   cond A
  3720 -4.38582e-02  6.542e-08  2.603e-08   7.4e-11  4.2e-05  9.6e+03  6.0e+01
  3730 -4.38582e-02  6.392e-08  2.562e-08   7.2e-11  4.2e-05  9.6e+03  2.4e+01
  3740 -4.38582e-02  6.192e-08  2.510e-08   7.0e-11  4.2e-05  9.6e+03  3.0e+01
  3750 -4.38582e-02  5.944e-08  2.448e-08   6.7e-11  4.3e-05  9.6e+03  2.5e+01
  3760 -4.38582e-02  5.653e-08  2.376e-08   6.4e-11  4.4e-05  9.6e+03  3.2e+01
  3770 -4.38582e-02  5.138e-08  2.246e-08   5.8e-11  4.5e-05  9.6e+03  2.0e+01
  3780 -4.38582e-02  4.559e-08  2.091e-08   5.1e-11  4.8e-05  9.6e+03  1.7e+01
  3790 -4.38582e-02  4.006e-08  1.932e-08   4.5e-11  5.0e-05  9.7e+03  2.6e+01
  3800 -4.38582e-02  3.384e-08  1.731e-08   3.8e-11  5.3e-05  9.7e+03  1.7e+01
  3810 -4.38582e-02  2.842e-08  1.526e-08   3.2e-11  5.6e-05  9.7e+03  1.3e+01
  3820 -4.38582e-02  2.456e-08  1.350e-08   2.8e-11  5.7e-05  9.7e+03  1.0e+01
  3830 -4.38582e-02  2.131e-08  1.162e-08   2.4e-11  5.6e-05  9.7e+03  2.0e+01
  3840 -4.38582e-02  1.912e-08  9.917e-09   2.2e-11  5.3e-05  9.7e+03  7.7e+00
  3850 -4.38582e-02  1.801e-08  8.757e-09   2.0e-11  5.0e-05  9.7e+03  1.3e+01
  3860 -4.38582e-02  1.728e-08  7.776e-09   1.9e-11  4.6e-05  9.7e+03  1.4e+01
  3870 -4.38582e-02  1.685e-08  7.066e-09   1.9e-11  4.3e-05  9.8e+03  1.7e+01
  3880 -4.38582e-02  1.655e-08  6.522e-09   1.9e-11  4.0e-05  9.8e+03  1.6e+01
  3890 -4.38582e-02  1.639e-08  6.226e-09   1.8e-11  3.9e-05  9.8e+03  2.7e+01
  3900 -4.38582e-02  1.624e-08  5.961e-09   1.8e-11  3.7e-05  9.8e+03  3.4e+01
  3910 -4.38582e-02  1.614e-08  5.798e-09   1.8e-11  3.7e-05  9.8e+03  4.6e+01
 
   itn      x(1)       norm r    norm Ar  compatible   LS      norm A   cond A
  3920 -4.38582e-02  1.604e-08  5.678e-09   1.8e-11  3.6e-05  9.8e+03  3.4e+01
  3930 -4.38582e-02  1.594e-08  5.577e-09   1.8e-11  3.6e-05  9.8e+03  5.4e+01
  3940 -4.38582e-02  1.584e-08  5.501e-09   1.8e-11  3.5e-05  9.8e+03  3.2e+01
  3950 -4.38582e-02  1.574e-08  5.438e-09   1.8e-11  3.5e-05  9.9e+03  4.1e+01
  3960 -4.38582e-02  1.561e-08  5.370e-09   1.8e-11  3.5e-05  9.9e+03  3.6e+01
  3970 -4.38582e-02  1.544e-08  5.301e-09   1.7e-11  3.5e-05  9.9e+03  4.9e+01
  3980 -4.38582e-02  1.523e-08  5.222e-09   1.7e-11  3.5e-05  9.9e+03  2.8e+01
  3990 -4.38582e-02  1.496e-08  5.127e-09   1.7e-11  3.5e-05  9.9e+03  2.9e+01
  4000 -4.38582e-02  1.454e-08  4.986e-09   1.6e-11  3.5e-05  9.9e+03  2.4e+01
  4010 -4.38582e-02  1.405e-08  4.819e-09   1.6e-11  3.5e-05  9.9e+03  2.5e+01
  4020 -4.38582e-02  1.347e-08  4.615e-09   1.5e-11  3.4e-05  9.9e+03  1.9e+01
  4030 -4.38582e-02  1.278e-08  4.357e-09   1.4e-11  3.4e-05  1.0e+04  1.7e+01
  4040 -4.38582e-02  1.207e-08  4.054e-09   1.4e-11  3.4e-05  1.0e+04  2.1e+01
  4050 -4.38582e-02  1.137e-08  3.710e-09   1.3e-11  3.3e-05  1.0e+04  2.0e+01
  4060 -4.38582e-02  1.080e-08  3.365e-09   1.2e-11  3.1e-05  1.0e+04  1.5e+01
  4070 -4.38582e-02  1.033e-08  3.009e-09   1.2e-11  2.9e-05  1.0e+04  1.2e+01
  4080 -4.38582e-02  1.003e-08  2.714e-09   1.1e-11  2.7e-05  1.0e+04  1.8e+01
  4090 -4.38582e-02  9.807e-09  2.431e-09   1.1e-11  2.5e-05  1.0e+04  1.2e+01
  4100 -4.38582e-02  9.698e-09  2.262e-09   1.1e-11  2.3e-05  1.0e+04  1.5e+01
  4110 -4.38582e-02  9.620e-09  2.126e-09   1.1e-11  2.2e-05  1.0e+04  1.8e+01
 
   itn      x(1)       norm r    norm Ar  compatible   LS      norm A   cond A
  4120 -4.38582e-02  9.566e-09  2.028e-09   1.1e-11  2.1e-05  1.0e+04  3.5e+01
  4130 -4.38582e-02  9.528e-09  1.960e-09   1.1e-11  2.0e-05  1.0e+04  2.1e+01
  4140 -4.38582e-02  9.499e-09  1.913e-09   1.1e-11  2.0e-05  1.0e+04  4.2e+01
  4150 -4.38582e-02  9.475e-09  1.880e-09   1.1e-11  2.0e-05  1.0e+04  4.7e+01
  4160 -4.38582e-02  9.454e-09  1.856e-09   1.1e-11  1.9e-05  1.0e+04  3.2e+01
  4170 -4.38582e-02  9.436e-09  1.839e-09   1.1e-11  1.9e-05  1.0e+04  5.9e+01
  4180 -4.38582e-02  9.413e-09  1.821e-09   1.1e-11  1.9e-05  1.0e+04  5.8e+01
  4190 -4.38582e-02  9.390e-09  1.806e-09   1.1e-11  1.9e-05  1.0e+04  7.6e+01
  4200 -4.38582e-02  9.359e-09  1.789e-09   1.1e-11  1.9e-05  1.0e+04  6.2e+01
  4210 -4.38582e-02  9.321e-09  1.770e-09   1.0e-11  1.9e-05  1.0e+04  7.3e+01
  4220 -4.38582e-02  9.269e-09  1.747e-09   1.0e-11  1.9e-05  1.0e+04  3.4e+01
  4230 -4.38582e-02  9.204e-09  1.719e-09   1.0e-11  1.8e-05  1.0e+04  5.8e+01
  4240 -4.38582e-02  9.108e-09  1.678e-09   1.0e-11  1.8e-05  1.0e+04  3.8e+01
  4250 -4.38582e-02  8.999e-09  1.630e-09   1.0e-11  1.8e-05  1.0e+04  2.5e+01
  4260 -4.38582e-02  8.864e-09  1.567e-09   1.0e-11  1.7e-05  1.0e+04  4.3e+01
  4270 -4.38582e-02  8.700e-09  1.482e-09   9.8e-12  1.7e-05  1.0e+04  2.1e+01
  4280 -4.38582e-02  8.538e-09  1.384e-09   9.6e-12  1.6e-05  1.0e+04  2.0e+01
  4290 -4.38582e-02  8.364e-09  1.257e-09   9.4e-12  1.5e-05  1.0e+04  2.2e+01
  4300 -4.38582e-02  8.247e-09  1.148e-09   9.3e-12  1.4e-05  1.0e+04  1.2e+01
  4310 -4.38582e-02  8.160e-09  1.043e-09   9.2e-12  1.2e-05  1.0e+04  1.0e+01
 
   itn      x(1)       norm r    norm Ar  compatible   LS      norm A   cond A
  4320 -4.38582e-02  8.104e-09  9.576e-10   9.1e-12  1.1e-05  1.0e+04  1.5e+01
  4330 -4.38582e-02  8.063e-09  8.798e-10   9.1e-12  1.1e-05  1.0e+04  1.6e+01
  4340 -4.38582e-02  8.037e-09  8.214e-10   9.0e-12  9.9e-06  1.0e+04  1.9e+01
  4350 -4.38582e-02  8.023e-09  7.877e-10   9.0e-12  9.5e-06  1.0e+04  3.4e+01
  4360 -4.38582e-02  8.012e-09  7.584e-10   9.0e-12  9.1e-06  1.0e+04  1.7e+01
  4370 -4.38582e-02  8.005e-09  7.421e-10   9.0e-12  8.9e-06  1.0e+04  4.8e+01
  4380 -4.38582e-02  7.999e-09  7.284e-10   9.0e-12  8.8e-06  1.0e+04  3.6e+01
  4390 -4.38582e-02  7.994e-09  7.171e-10   9.0e-12  8.6e-06  1.0e+04  3.3e+01
  4400 -4.38582e-02  7.990e-09  7.099e-10   9.0e-12  8.5e-06  1.0e+04  5.2e+01
  4410 -4.38582e-02  7.985e-09  7.032e-10   9.0e-12  8.5e-06  1.0e+04  7.4e+01
  4420 -4.38582e-02  7.979e-09  6.959e-10   9.0e-12  8.4e-06  1.0e+04  6.1e+01
  4430 -4.38582e-02  7.973e-09  6.894e-10   9.0e-12  8.3e-06  1.0e+04  5.1e+01
  4440 -4.38582e-02  7.966e-09  6.821e-10   9.0e-12  8.2e-06  1.0e+04  4.7e+01
  4450 -4.38582e-02  7.957e-09  6.735e-10   9.0e-12  8.1e-06  1.0e+04  3.0e+01
  4460 -4.38582e-02  7.945e-09  6.626e-10   8.9e-12  8.0e-06  1.0e+04  6.0e+01
  4470 -4.38582e-02  7.928e-09  6.463e-10   8.9e-12  7.8e-06  1.0e+04  3.2e+01
  4480 -4.38582e-02  7.910e-09  6.283e-10   8.9e-12  7.6e-06  1.0e+04  2.1e+01
  4490 -4.38582e-02  7.879e-09  5.960e-10   8.9e-12  7.2e-06  1.1e+04  1.6e+01
  4500 -4.38582e-02  7.852e-09  5.624e-10   8.8e-12  6.8e-06  1.1e+04  2.9e+01
  4510 -4.38582e-02  7.822e-09  5.183e-10   8.8e-12  6.3e-06  1.1e+04  1.7e+01
 
   itn      x(1)       norm r    norm Ar  compatible   LS      norm A   cond A
  4520 -4.38582e-02  7.795e-09  4.659e-10   8.8e-12  5.7e-06  1.1e+04  1.7e+01
  4530 -4.38582e-02  7.776e-09  4.177e-10   8.7e-12  5.1e-06  1.1e+04  2.8e+01
  4540 -4.38582e-02  7.763e-09  3.713e-10   8.7e-12  4.5e-06  1.1e+04  9.5e+00
  4550 -4.38582e-02  7.755e-09  3.307e-10   8.7e-12  4.0e-06  1.1e+04  1.3e+01
  4560 -4.38582e-02  7.750e-09  2.987e-10   8.7e-12  3.6e-06  1.1e+04  1.4e+01
  4570 -4.38582e-02  7.747e-09  2.715e-10   8.7e-12  3.3e-06  1.1e+04  1.3e+01
  4580 -4.38582e-02  7.745e-09  2.525e-10   8.7e-12  3.1e-06  1.1e+04  2.6e+01
  4590 -4.38582e-02  7.744e-09  2.399e-10   8.7e-12  2.9e-06  1.1e+04  2.3e+01
  4600 -4.38582e-02  7.743e-09  2.286e-10   8.7e-12  2.8e-06  1.1e+04  1.4e+01
  4610 -4.38582e-02  7.742e-09  2.225e-10   8.7e-12  2.7e-06  1.1e+04  4.9e+01
  4620 -4.38582e-02  7.742e-09  2.172e-10   8.7e-12  2.6e-06  1.1e+04  3.5e+01
  4630 -4.38582e-02  7.741e-09  2.135e-10   8.7e-12  2.6e-06  1.1e+04  3.2e+01
  4640 -4.38582e-02  7.741e-09  2.104e-10   8.7e-12  2.5e-06  1.1e+04  2.5e+01
  4650 -4.38582e-02  7.741e-09  2.078e-10   8.7e-12  2.5e-06  1.1e+04  6.1e+01
  4660 -4.38582e-02  7.740e-09  2.055e-10   8.7e-12  2.5e-06  1.1e+04  4.5e+01
  4670 -4.38582e-02  7.740e-09  2.027e-10   8.7e-12  2.4e-06  1.1e+04  6.7e+01
  4680 -4.38582e-02  7.739e-09  1.993e-10   8.7e-12  2.4e-06  1.1e+04  1.9e+01
  4690 -4.38582e-02  7.738e-09  1.960e-10   8.7e-12  2.4e-06  1.1e+04  3.4e+01
  4700 -4.38582e-02  7.737e-09  1.918e-10   8.7e-12  2.3e-06  1.1e+04  4.1e+01
  4710 -4.38582e-02  7.736e-09  1.856e-10   8.7e-12  2.2e-06  1.1e+04  1.9e+01
 
   itn      x(1)       norm r    norm Ar  compatible   LS      norm A   cond A
  4720 -4.38582e-02  7.735e-09  1.786e-10   8.7e-12  2.1e-06  1.1e+04  2.9e+01
  4730 -4.38582e-02  7.733e-09  1.691e-10   8.7e-12  2.0e-06  1.1e+04  2.3e+01
  4740 -4.38582e-02  7.731e-09  1.547e-10   8.7e-12  1.9e-06  1.1e+04  1.1e+01
  4750 -4.38582e-02  7.729e-09  1.435e-10   8.7e-12  1.7e-06  1.1e+04  2.2e+01
  4760 -4.38582e-02  7.728e-09  1.259e-10   8.7e-12  1.5e-06  1.1e+04  2.1e+01
  4770 -4.38582e-02  7.727e-09  1.109e-10   8.7e-12  1.3e-06  1.1e+04  1.3e+01
  4780 -4.38582e-02  7.726e-09  9.883e-11   8.7e-12  1.2e-06  1.1e+04  9.9e+00
  4790 -4.38582e-02  7.726e-09  8.642e-11   8.7e-12  1.0e-06  1.1e+04  1.9e+01
  4800 -4.38582e-02  7.725e-09  7.719e-11   8.7e-12  9.2e-07  1.1e+04  1.2e+01
  4810 -4.38582e-02  7.725e-09  6.940e-11   8.7e-12  8.3e-07  1.1e+04  7.9e+00
  4820 -4.38582e-02  7.725e-09  6.446e-11   8.7e-12  7.7e-07  1.1e+04  1.9e+01
  4830 -4.38582e-02  7.725e-09  6.100e-11   8.7e-12  7.2e-07  1.1e+04  2.0e+01
  4840 -4.38582e-02  7.725e-09  5.817e-11   8.7e-12  6.9e-07  1.1e+04  2.3e+01
  4850 -4.38582e-02  7.725e-09  5.632e-11   8.7e-12  6.7e-07  1.1e+04  4.9e+01
  4860 -4.38582e-02  7.725e-09  5.483e-11   8.7e-12  6.5e-07  1.1e+04  1.9e+01
  4870 -4.38582e-02  7.725e-09  5.387e-11   8.7e-12  6.4e-07  1.1e+04  3.5e+01
  4880 -4.38582e-02  7.725e-09  5.313e-11   8.7e-12  6.3e-07  1.1e+04  5.9e+01
  4890 -4.38582e-02  7.725e-09  5.246e-11   8.7e-12  6.2e-07  1.1e+04  5.8e+01
  4900 -4.38582e-02  7.725e-09  5.195e-11   8.7e-12  6.1e-07  1.1e+04  3.2e+01
  4910 -4.38582e-02  7.725e-09  5.141e-11   8.7e-12  6.1e-07  1.1e+04  6.0e+01
 
   itn      x(1)       norm r    norm Ar  compatible   LS      norm A   cond A
  4920 -4.38582e-02  7.725e-09  5.083e-11   8.7e-12  6.0e-07  1.1e+04  3.6e+01
  4930 -4.38582e-02  7.725e-09  5.010e-11   8.7e-12  5.9e-07  1.1e+04  4.3e+01
  4940 -4.38582e-02  7.725e-09  4.912e-11   8.7e-12  5.8e-07  1.1e+04  3.0e+01
  4950 -4.38582e-02  7.725e-09  4.785e-11   8.7e-12  5.6e-07  1.1e+04  1.6e+01
  4960 -4.38582e-02  7.725e-09  4.619e-11   8.7e-12  5.4e-07  1.1e+04  2.2e+01
  4970 -4.38582e-02  7.724e-09  4.435e-11   8.7e-12  5.2e-07  1.1e+04  3.4e+01
  4980 -4.38582e-02  7.724e-09  4.113e-11   8.7e-12  4.8e-07  1.1e+04  1.9e+01
  4990 -4.38582e-02  7.724e-09  3.801e-11   8.7e-12  4.4e-07  1.1e+04  1.4e+01
  5000 -4.38582e-02  7.724e-09  3.488e-11   8.7e-12  4.1e-07  1.1e+04  1.3e+01
  5010 -4.38582e-02  7.724e-09  3.149e-11   8.7e-12  3.7e-07  1.1e+04  1.1e+01
  5020 -4.38582e-02  7.724e-09  2.865e-11   8.7e-12  3.3e-07  1.1e+04  2.0e+01
  5030 -4.38582e-02  7.724e-09  2.577e-11   8.7e-12  3.0e-07  1.1e+04  2.0e+01
  5040 -4.38582e-02  7.724e-09  2.379e-11   8.7e-12  2.8e-07  1.1e+04  2.2e+01
  5050 -4.38582e-02  7.724e-09  2.207e-11   8.7e-12  2.6e-07  1.1e+04  1.8e+01
  5060 -4.38582e-02  7.724e-09  2.094e-11   8.7e-12  2.4e-07  1.1e+04  2.5e+01
  5070 -4.38582e-02  7.724e-09  2.001e-11   8.7e-12  2.3e-07  1.1e+04  1.5e+01
  5080 -4.38582e-02  7.724e-09  1.948e-11   8.7e-12  2.3e-07  1.1e+04  4.9e+01
  5090 -4.38582e-02  7.724e-09  1.908e-11   8.7e-12  2.2e-07  1.1e+04  3.6e+01
  5100 -4.38582e-02  7.724e-09  1.880e-11   8.7e-12  2.2e-07  1.1e+04  6.9e+01
  5110 -4.38582e-02  7.724e-09  1.853e-11   8.7e-12  2.1e-07  1.1e+04  2.5e+01
 
   itn      x(1)       norm r    norm Ar  compatible   LS      norm A   cond A
  5120 -4.38582e-02  7.724e-09  1.834e-11   8.7e-12  2.1e-07  1.1e+04  4.7e+01
  5130 -4.38582e-02  7.724e-09  1.818e-11   8.7e-12  2.1e-07  1.1e+04  5.5e+01
  5140 -4.38582e-02  7.724e-09  1.801e-11   8.7e-12  2.1e-07  1.1e+04  3.6e+01
  5150 -4.38582e-02  7.724e-09  1.784e-11   8.7e-12  2.1e-07  1.1e+04  5.0e+01
  5160 -4.38582e-02  7.724e-09  1.763e-11   8.7e-12  2.0e-07  1.1e+04  5.5e+01
  5170 -4.38582e-02  7.724e-09  1.741e-11   8.7e-12  2.0e-07  1.1e+04  3.8e+01
  5180 -4.38582e-02  7.724e-09  1.707e-11   8.7e-12  2.0e-07  1.1e+04  5.0e+01
  5190 -4.38582e-02  7.724e-09  1.660e-11   8.7e-12  1.9e-07  1.1e+04  3.6e+01
  5200 -4.38582e-02  7.724e-09  1.600e-11   8.7e-12  1.8e-07  1.1e+04  3.4e+01
  5210 -4.38582e-02  7.724e-09  1.522e-11   8.7e-12  1.7e-07  1.1e+04  1.2e+01
  5220 -4.38582e-02  7.724e-09  1.423e-11   8.7e-12  1.6e-07  1.1e+04  1.5e+01
  5230 -4.38582e-02  7.724e-09  1.303e-11   8.7e-12  1.5e-07  1.1e+04  9.8e+00
  5240 -4.38582e-02  7.724e-09  1.187e-11   8.7e-12  1.4e-07  1.1e+04  1.4e+01
  5250 -4.38582e-02  7.724e-09  1.070e-11   8.7e-12  1.2e-07  1.1e+04  1.6e+01
  5260 -4.38582e-02  7.724e-09  9.743e-12   8.7e-12  1.1e-07  1.1e+04  1.6e+01
  5270 -4.38582e-02  7.724e-09  8.804e-12   8.7e-12  1.0e-07  1.1e+04  1.3e+01
  5280 -4.38582e-02  7.724e-09  8.123e-12   8.7e-12  9.2e-08  1.1e+04  2.2e+01
  5290 -4.38582e-02  7.724e-09  7.623e-12   8.7e-12  8.7e-08  1.1e+04  1.6e+01
  5300 -4.38582e-02  7.724e-09  7.242e-12   8.7e-12  8.2e-08  1.1e+04  3.0e+01
  5310 -4.38582e-02  7.724e-09  6.974e-12   8.7e-12  7.9e-08  1.1e+04  3.8e+01
 
   itn      x(1)       norm r    norm Ar  compatible   LS      norm A   cond A
  5320 -4.38582e-02  7.724e-09  6.776e-12   8.7e-12  7.7e-08  1.1e+04  2.7e+01
  5330 -4.38582e-02  7.724e-09  6.636e-12   8.7e-12  7.5e-08  1.1e+04  3.2e+01
  5340 -4.38582e-02  7.724e-09  6.546e-12   8.7e-12  7.4e-08  1.1e+04  6.2e+01
  5350 -4.38582e-02  7.724e-09  6.452e-12   8.7e-12  7.3e-08  1.1e+04  4.6e+01
  5360 -4.38582e-02  7.724e-09  6.383e-12   8.7e-12  7.2e-08  1.1e+04  4.2e+01
  5370 -4.38582e-02  7.724e-09  6.319e-12   8.7e-12  7.1e-08  1.1e+04  4.2e+01
  5380 -4.38582e-02  7.724e-09  6.246e-12   8.7e-12  7.0e-08  1.2e+04  3.8e+01
  5390 -4.38582e-02  7.724e-09  6.169e-12   8.7e-12  6.9e-08  1.2e+04  5.7e+01
  5400 -4.38582e-02  7.724e-09  6.053e-12   8.7e-12  6.8e-08  1.2e+04  3.0e+01
  5410 -4.38582e-02  7.724e-09  5.944e-12   8.7e-12  6.7e-08  1.2e+04  2.8e+01
  5420 -4.38582e-02  7.724e-09  5.772e-12   8.7e-12  6.5e-08  1.2e+04  1.9e+01
  5430 -4.38582e-02  7.724e-09  5.549e-12   8.7e-12  6.2e-08  1.2e+04  2.5e+01
  5440 -4.38582e-02  7.724e-09  5.235e-12   8.7e-12  5.9e-08  1.2e+04  2.9e+01
  5450 -4.38582e-02  7.724e-09  4.855e-12   8.7e-12  5.4e-08  1.2e+04  1.4e+01
  5460 -4.38582e-02  7.724e-09  4.379e-12   8.7e-12  4.9e-08  1.2e+04  1.2e+01
  5470 -4.38582e-02  7.724e-09  3.969e-12   8.7e-12  4.4e-08  1.2e+04  1.4e+01
  5480 -4.38582e-02  7.724e-09  3.426e-12   8.7e-12  3.8e-08  1.2e+04  9.1e+00
  5490 -4.38582e-02  7.724e-09  3.009e-12   8.7e-12  3.4e-08  1.2e+04  1.4e+01
  5500 -4.38582e-02  7.724e-09  2.666e-12   8.7e-12  3.0e-08  1.2e+04  1.9e+01
  5510 -4.38582e-02  7.724e-09  2.387e-12   8.7e-12  2.7e-08  1.2e+04  1.5e+01
 
   itn      x(1)       norm r    norm Ar  compatible   LS      norm A   cond A
  5520 -4.38582e-02  7.724e-09  2.171e-12   8.7e-12  2.4e-08  1.2e+04  2.6e+01
  5530 -4.38582e-02  7.724e-09  1.999e-12   8.7e-12  2.2e-08  1.2e+04  2.3e+01
  5540 -4.38582e-02  7.724e-09  1.870e-12   8.7e-12  2.1e-08  1.2e+04  4.0e+01
  5550 -4.38582e-02  7.724e-09  1.779e-12   8.7e-12  2.0e-08  1.2e+04  1.9e+01
  5560 -4.38582e-02  7.724e-09  1.724e-12   8.7e-12  1.9e-08  1.2e+04  3.7e+01
  5570 -4.38582e-02  7.724e-09  1.686e-12   8.7e-12  1.9e-08  1.2e+04  2.2e+01
  5580 -4.38582e-02  7.724e-09  1.658e-12   8.7e-12  1.8e-08  1.2e+04  6.5e+01
  5590 -4.38582e-02  7.724e-09  1.636e-12   8.7e-12  1.8e-08  1.2e+04  7.2e+01
  5600 -4.38582e-02  7.724e-09  1.617e-12   8.7e-12  1.8e-08  1.2e+04  6.1e+01
  5610 -4.38582e-02  7.724e-09  1.596e-12   8.7e-12  1.8e-08  1.2e+04  2.9e+01
  5620 -4.38582e-02  7.724e-09  1.577e-12   8.7e-12  1.7e-08  1.2e+04  4.5e+01
  5630 -4.38582e-02  7.724e-09  1.557e-12   8.7e-12  1.7e-08  1.2e+04  3.3e+01
  5640 -4.38582e-02  7.724e-09  1.534e-12   8.7e-12  1.7e-08  1.2e+04  5.1e+01
  5650 -4.38582e-02  7.724e-09  1.504e-12   8.7e-12  1.7e-08  1.2e+04  3.5e+01
  5660 -4.38582e-02  7.724e-09  1.467e-12   8.7e-12  1.6e-08  1.2e+04  2.3e+01
  5670 -4.38582e-02  7.724e-09  1.415e-12   8.7e-12  1.6e-08  1.2e+04  1.6e+01
  5680 -4.38582e-02  7.724e-09  1.351e-12   8.7e-12  1.5e-08  1.2e+04  2.7e+01
  5690 -4.38582e-02  7.724e-09  1.262e-12   8.7e-12  1.4e-08  1.2e+04  2.8e+01
  5700 -4.38582e-02  7.724e-09  1.146e-12   8.7e-12  1.3e-08  1.2e+04  9.1e+00
  5710 -4.38582e-02  7.724e-09  1.048e-12   8.7e-12  1.1e-08  1.2e+04  1.5e+01
 
   itn      x(1)       norm r    norm Ar  compatible   LS      norm A   cond A
  5720 -4.38582e-02  7.724e-09  9.347e-13   8.7e-12  1.0e-08  1.2e+04  1.8e+01
  5730 -4.38582e-02  7.724e-09  8.436e-13   8.7e-12  9.2e-09  1.2e+04  1.6e+01
  5740 -4.38582e-02  7.724e-09  7.622e-13   8.7e-12  8.3e-09  1.2e+04  1.4e+01
  5750 -4.38582e-02  7.724e-09  6.906e-13   8.7e-12  7.5e-09  1.2e+04  1.8e+01
  5760 -4.38582e-02  7.724e-09  6.478e-13   8.7e-12  7.0e-09  1.2e+04  1.9e+01
  5770 -4.38582e-02  7.724e-09  6.128e-13   8.7e-12  6.7e-09  1.2e+04  2.6e+01
  5780 -4.38582e-02  7.724e-09  5.833e-13   8.7e-12  6.3e-09  1.2e+04  1.5e+01
  5790 -4.38582e-02  7.724e-09  5.673e-13   8.7e-12  6.2e-09  1.2e+04  4.0e+01
  5800 -4.38582e-02  7.724e-09  5.523e-13   8.7e-12  6.0e-09  1.2e+04  2.6e+01
  5810 -4.38582e-02  7.724e-09  5.426e-13   8.7e-12  5.9e-09  1.2e+04  4.1e+01
  5820 -4.38582e-02  7.724e-09  5.334e-13   8.7e-12  5.8e-09  1.2e+04  3.7e+01
  5830 -4.38582e-02  7.724e-09  5.277e-13   8.7e-12  5.7e-09  1.2e+04  6.0e+01
  5840 -4.38582e-02  7.724e-09  5.222e-13   8.7e-12  5.6e-09  1.2e+04  5.1e+01
  5850 -4.38582e-02  7.724e-09  5.178e-13   8.7e-12  5.6e-09  1.2e+04  5.2e+01
  5860 -4.38582e-02  7.724e-09  5.134e-13   8.7e-12  5.5e-09  1.2e+04  9.3e+01
  5870 -4.38582e-02  7.724e-09  5.075e-13   8.7e-12  5.5e-09  1.2e+04  3.8e+01
  5880 -4.38582e-02  7.724e-09  5.008e-13   8.7e-12  5.4e-09  1.2e+04  4.5e+01
  5890 -4.38582e-02  7.724e-09  4.926e-13   8.7e-12  5.3e-09  1.2e+04  2.7e+01
  5900 -4.38582e-02  7.724e-09  4.798e-13   8.7e-12  5.2e-09  1.2e+04  2.3e+01
  5910 -4.38582e-02  7.724e-09  4.659e-13   8.7e-12  5.0e-09  1.2e+04  2.3e+01
 
   itn      x(1)       norm r    norm Ar  compatible   LS      norm A   cond A
  5920 -4.38582e-02  7.724e-09  4.468e-13   8.7e-12  4.8e-09  1.2e+04  2.4e+01
  5930 -4.38582e-02  7.724e-09  4.209e-13   8.7e-12  4.5e-09  1.2e+04  2.1e+01
  5940 -4.38582e-02  7.724e-09  3.903e-13   8.7e-12  4.2e-09  1.2e+04  1.8e+01
  5950 -4.38582e-02  7.724e-09  3.594e-13   8.7e-12  3.8e-09  1.2e+04  1.1e+01
  5960 -4.38582e-02  7.724e-09  3.243e-13   8.7e-12  3.5e-09  1.2e+04  1.4e+01
  5970 -4.38582e-02  7.724e-09  2.934e-13   8.7e-12  3.1e-09  1.2e+04  1.6e+01
  5980 -4.38582e-02  7.724e-09  2.644e-13   8.7e-12  2.8e-09  1.2e+04  2.5e+01
  5990 -4.38582e-02  7.724e-09  2.433e-13   8.7e-12  2.6e-09  1.2e+04  1.5e+01
  6000 -4.38582e-02  7.724e-09  2.264e-13   8.7e-12  2.4e-09  1.2e+04  2.3e+01
  6010 -4.38582e-02  7.724e-09  2.131e-13   8.7e-12  2.3e-09  1.2e+04  2.3e+01
  6020 -4.38582e-02  7.724e-09  2.037e-13   8.7e-12  2.2e-09  1.2e+04  3.1e+01
  6030 -4.38582e-02  7.724e-09  1.979e-13   8.7e-12  2.1e-09  1.2e+04  4.5e+01
  6040 -4.38582e-02  7.724e-09  1.933e-13   8.7e-12  2.1e-09  1.2e+04  6.5e+01
  6050 -4.38582e-02  7.724e-09  1.905e-13   8.7e-12  2.0e-09  1.2e+04  3.0e+01
  6060 -4.38582e-02  7.724e-09  1.883e-13   8.7e-12  2.0e-09  1.2e+04  4.8e+01
  6070 -4.38582e-02  7.724e-09  1.862e-13   8.7e-12  2.0e-09  1.2e+04  7.3e+01
  6080 -4.38582e-02  7.724e-09  1.844e-13   8.7e-12  2.0e-09  1.2e+04  7.2e+01
  6090 -4.38582e-02  7.724e-09  1.824e-13   8.7e-12  1.9e-09  1.2e+04  8.0e+01
  6100 -4.38582e-02  7.724e-09  1.809e-13   8.7e-12  1.9e-09  1.2e+04  5.0e+01
  6110 -4.38582e-02  7.724e-09  1.781e-13   8.7e-12  1.9e-09  1.2e+04  4.6e+01
 
   itn      x(1)       norm r    norm Ar  compatible   LS      norm A   cond A
  6120 -4.38582e-02  7.724e-09  1.749e-13   8.7e-12  1.8e-09  1.2e+04  3.1e+01
  6130 -4.38582e-02  7.724e-09  1.708e-13   8.7e-12  1.8e-09  1.2e+04  3.6e+01
  6140 -4.38582e-02  7.724e-09  1.657e-13   8.7e-12  1.7e-09  1.2e+04  4.3e+01
  6150 -4.38582e-02  7.724e-09  1.590e-13   8.7e-12  1.7e-09  1.2e+04  3.3e+01
  6160 -4.38582e-02  7.724e-09  1.513e-13   8.7e-12  1.6e-09  1.2e+04  2.1e+01
  6170 -4.38582e-02  7.724e-09  1.392e-13   8.7e-12  1.5e-09  1.2e+04  1.2e+01
  6180 -4.38582e-02  7.724e-09  1.273e-13   8.7e-12  1.3e-09  1.2e+04  1.8e+01
  6190 -4.38582e-02  7.724e-09  1.141e-13   8.7e-12  1.2e-09  1.2e+04  1.4e+01
  6200 -4.38582e-02  7.724e-09  1.011e-13   8.7e-12  1.1e-09  1.2e+04  1.4e+01
  6210 -4.38582e-02  7.724e-09  8.960e-14   8.7e-12  9.4e-10  1.2e+04  1.4e+01
  6220 -4.38582e-02  7.724e-09  8.055e-14   8.7e-12  8.4e-10  1.2e+04  1.4e+01
  6230 -4.38582e-02  7.724e-09  7.317e-14   8.7e-12  7.7e-10  1.2e+04  1.9e+01
  6240 -4.38582e-02  7.724e-09  6.709e-14   8.7e-12  7.0e-10  1.2e+04  1.7e+01
  6250 -4.38582e-02  7.724e-09  6.304e-14   8.7e-12  6.6e-10  1.2e+04  1.8e+01
  6260 -4.38582e-02  7.724e-09  6.005e-14   8.7e-12  6.3e-10  1.2e+04  2.4e+01
  6270 -4.38582e-02  7.724e-09  5.791e-14   8.7e-12  6.0e-10  1.2e+04  2.2e+01
  6280 -4.38582e-02  7.724e-09  5.651e-14   8.7e-12  5.9e-10  1.2e+04  4.5e+01
  6290 -4.38582e-02  7.724e-09  5.531e-14   8.7e-12  5.8e-10  1.2e+04  2.0e+01
  6300 -4.38582e-02  7.724e-09  5.458e-14   8.7e-12  5.7e-10  1.2e+04  4.1e+01
  6310 -4.38582e-02  7.724e-09  5.384e-14   8.7e-12  5.6e-10  1.2e+04  3.1e+01
 
   itn      x(1)       norm r    norm Ar  compatible   LS      norm A   cond A
  6320 -4.38582e-02  7.724e-09  5.322e-14   8.7e-12  5.5e-10  1.2e+04  2.8e+01
  6330 -4.38582e-02  7.724e-09  5.270e-14   8.7e-12  5.5e-10  1.2e+04  4.8e+01
  6340 -4.38582e-02  7.724e-09  5.192e-14   8.7e-12  5.4e-10  1.2e+04  5.0e+01
  6350 -4.38582e-02  7.724e-09  5.107e-14   8.7e-12  5.3e-10  1.2e+04  3.2e+01
  6360 -4.38582e-02  7.724e-09  5.005e-14   8.7e-12  5.2e-10  1.3e+04  3.8e+01
  6370 -4.38582e-02  7.724e-09  4.868e-14   8.7e-12  5.0e-10  1.3e+04  2.6e+01
  6380 -4.38582e-02  7.724e-09  4.681e-14   8.7e-12  4.8e-10  1.3e+04  1.6e+01
  6390 -4.38582e-02  7.724e-09  4.475e-14   8.7e-12  4.6e-10  1.3e+04  2.6e+01
  6400 -4.38582e-02  7.724e-09  4.193e-14   8.7e-12  4.3e-10  1.3e+04  1.5e+01
  6410 -4.38582e-02  7.724e-09  3.895e-14   8.7e-12  4.0e-10  1.3e+04  2.4e+01
  6420 -4.38582e-02  7.724e-09  3.550e-14   8.7e-12  3.7e-10  1.3e+04  1.2e+01
  6430 -4.38582e-02  7.724e-09  3.189e-14   8.7e-12  3.3e-10  1.3e+04  1.3e+01
  6440 -4.38582e-02  7.724e-09  2.848e-14   8.7e-12  2.9e-10  1.3e+04  1.2e+01
  6450 -4.38582e-02  7.724e-09  2.512e-14   8.7e-12  2.6e-10  1.3e+04  2.4e+01
  6460 -4.38582e-02  7.724e-09  2.257e-14   8.7e-12  2.3e-10  1.3e+04  1.9e+01
  6470 -4.38582e-02  7.724e-09  2.056e-14   8.7e-12  2.1e-10  1.3e+04  2.2e+01
  6480 -4.38582e-02  7.724e-09  1.924e-14   8.7e-12  2.0e-10  1.3e+04  1.5e+01
  6490 -4.38582e-02  7.724e-09  1.816e-14   8.7e-12  1.9e-10  1.3e+04  2.0e+01
  6500 -4.38582e-02  7.724e-09  1.750e-14   8.7e-12  1.8e-10  1.3e+04  2.3e+01
  6510 -4.38582e-02  7.724e-09  1.699e-14   8.7e-12  1.7e-10  1.3e+04  3.1e+01
 
   itn      x(1)       norm r    norm Ar  compatible   LS      norm A   cond A
  6520 -4.38582e-02  7.724e-09  1.659e-14   8.7e-12  1.7e-10  1.3e+04  4.2e+01
  6530 -4.38582e-02  7.724e-09  1.633e-14   8.7e-12  1.7e-10  1.3e+04  3.4e+01
  6540 -4.38582e-02  7.724e-09  1.615e-14   8.7e-12  1.6e-10  1.3e+04  4.7e+01
  6550 -4.38582e-02  7.724e-09  1.599e-14   8.7e-12  1.6e-10  1.3e+04  6.7e+01
  6560 -4.38582e-02  7.724e-09  1.583e-14   8.7e-12  1.6e-10  1.3e+04  7.1e+01
  6570 -4.38582e-02  7.724e-09  1.564e-14   8.7e-12  1.6e-10  1.3e+04  5.6e+01
  6580 -4.38582e-02  7.724e-09  1.546e-14   8.7e-12  1.6e-10  1.3e+04  5.5e+01
  6590 -4.38582e-02  7.724e-09  1.523e-14   8.7e-12  1.5e-10  1.3e+04  3.4e+01
  6600 -4.38582e-02  7.724e-09  1.498e-14   8.7e-12  1.5e-10  1.3e+04  3.1e+01
  6610 -4.38582e-02  7.724e-09  1.462e-14   8.7e-12  1.5e-10  1.3e+04  2.5e+01
  6620 -4.38582e-02  7.724e-09  1.414e-14   8.7e-12  1.4e-10  1.3e+04  2.5e+01
  6630 -4.38582e-02  7.724e-09  1.359e-14   8.7e-12  1.4e-10  1.3e+04  2.7e+01
  6640 -4.38582e-02  7.724e-09  1.283e-14   8.7e-12  1.3e-10  1.3e+04  2.0e+01
  6650 -4.38582e-02  7.724e-09  1.198e-14   8.7e-12  1.2e-10  1.3e+04  1.5e+01
  6660 -4.38582e-02  7.724e-09  1.100e-14   8.7e-12  1.1e-10  1.3e+04  1.4e+01
  6670 -4.38582e-02  7.724e-09  9.903e-15   8.7e-12  1.0e-10  1.3e+04  9.8e+00
  6680 -4.38582e-02  7.724e-09  8.982e-15   8.7e-12  9.1e-11  1.3e+04  3.2e+01
  6690 -4.38582e-02  7.724e-09  8.159e-15   8.7e-12  8.2e-11  1.3e+04  1.7e+01
  6700 -4.38582e-02  7.724e-09  7.400e-15   8.7e-12  7.5e-11  1.3e+04  1.5e+01
  6710 -4.38582e-02  7.724e-09  6.856e-15   8.7e-12  6.9e-11  1.3e+04  2.7e+01
 
   itn      x(1)       norm r    norm Ar  compatible   LS      norm A   cond A
  6720 -4.38582e-02  7.724e-09  6.402e-15   8.7e-12  6.4e-11  1.3e+04  2.3e+01
  6730 -4.38582e-02  7.724e-09  6.129e-15   8.7e-12  6.2e-11  1.3e+04  1.9e+01
  6740 -4.38582e-02  7.724e-09  5.916e-15   8.7e-12  6.0e-11  1.3e+04  2.1e+01
  6750 -4.38582e-02  7.724e-09  5.783e-15   8.7e-12  5.8e-11  1.3e+04  3.9e+01
  6760 -4.38582e-02  7.724e-09  5.686e-15   8.7e-12  5.7e-11  1.3e+04  4.8e+01
  6770 -4.38582e-02  7.724e-09  5.606e-15   8.7e-12  5.6e-11  1.3e+04  6.1e+01
  6780 -4.38582e-02  7.724e-09  5.546e-15   8.7e-12  5.6e-11  1.3e+04  4.7e+01
  6790 -4.38582e-02  7.724e-09  5.494e-15   8.7e-12  5.5e-11  1.3e+04  2.7e+01
  6800 -4.38582e-02  7.724e-09  5.453e-15   8.7e-12  5.5e-11  1.3e+04  6.8e+01
  6810 -4.38582e-02  7.724e-09  5.406e-15   8.7e-12  5.4e-11  1.3e+04  6.5e+01
  6820 -4.38582e-02  7.724e-09  5.357e-15   8.7e-12  5.4e-11  1.3e+04  4.1e+01
  6830 -4.38582e-02  7.724e-09  5.299e-15   8.7e-12  5.3e-11  1.3e+04  4.8e+01
  6840 -4.38582e-02  7.724e-09  5.206e-15   8.7e-12  5.2e-11  1.3e+04  2.0e+01
  6850 -4.38582e-02  7.724e-09  5.099e-15   8.7e-12  5.1e-11  1.3e+04  4.2e+01
  6860 -4.38582e-02  7.724e-09  4.944e-15   8.7e-12  4.9e-11  1.3e+04  3.3e+01
  6870 -4.38582e-02  7.724e-09  4.743e-15   8.7e-12  4.7e-11  1.3e+04  3.3e+01
  6880 -4.38582e-02  7.724e-09  4.485e-15   8.7e-12  4.5e-11  1.3e+04  2.2e+01
  6890 -4.38582e-02  7.724e-09  4.138e-15   8.7e-12  4.1e-11  1.3e+04  2.6e+01
  6900 -4.38582e-02  7.724e-09  3.764e-15   8.7e-12  3.7e-11  1.3e+04  1.6e+01
  6910 -4.38582e-02  7.724e-09  3.351e-15   8.7e-12  3.3e-11  1.3e+04  1.8e+01
 
   itn      x(1)       norm r    norm Ar  compatible   LS      norm A   cond A
  6920 -4.38582e-02  7.724e-09  2.963e-15   8.7e-12  2.9e-11  1.3e+04  1.4e+01
  6930 -4.38582e-02  7.724e-09  2.676e-15   8.7e-12  2.7e-11  1.3e+04  1.2e+01
  6940 -4.38582e-02  7.724e-09  2.440e-15   8.7e-12  2.4e-11  1.3e+04  1.6e+01
  6950 -4.38582e-02  7.724e-09  2.235e-15   8.7e-12  2.2e-11  1.3e+04  1.5e+01
  6960 -4.38582e-02  7.724e-09  2.065e-15   8.7e-12  2.0e-11  1.3e+04  1.3e+01
  6970 -4.38582e-02  7.724e-09  1.969e-15   8.7e-12  1.9e-11  1.3e+04  2.5e+01
  6980 -4.38582e-02  7.724e-09  1.884e-15   8.7e-12  1.9e-11  1.3e+04  2.5e+01
  6990 -4.38582e-02  7.724e-09  1.830e-15   8.7e-12  1.8e-11  1.3e+04  3.5e+01
  7000 -4.38582e-02  7.724e-09  1.780e-15   8.7e-12  1.8e-11  1.3e+04  3.2e+01
  7010 -4.38582e-02  7.724e-09  1.748e-15   8.7e-12  1.7e-11  1.3e+04  3.7e+01
  7020 -4.38582e-02  7.724e-09  1.726e-15   8.7e-12  1.7e-11  1.3e+04  4.5e+01
  7030 -4.38582e-02  7.724e-09  1.706e-15   8.7e-12  1.7e-11  1.3e+04  4.3e+01
  7040 -4.38582e-02  7.724e-09  1.687e-15   8.7e-12  1.7e-11  1.3e+04  4.2e+01
  7050 -4.38582e-02  7.724e-09  1.670e-15   8.7e-12  1.6e-11  1.3e+04  5.6e+01
  7060 -4.38582e-02  7.724e-09  1.649e-15   8.7e-12  1.6e-11  1.3e+04  4.0e+01
  7070 -4.38582e-02  7.724e-09  1.625e-15   8.7e-12  1.6e-11  1.3e+04  2.6e+01
  7080 -4.38582e-02  7.724e-09  1.596e-15   8.7e-12  1.6e-11  1.3e+04  5.9e+01
  7090 -4.38582e-02  7.724e-09  1.552e-15   8.7e-12  1.5e-11  1.3e+04  3.8e+01
  7100 -4.38582e-02  7.724e-09  1.495e-15   8.7e-12  1.5e-11  1.3e+04  3.7e+01
  7110 -4.38582e-02  7.724e-09  1.425e-15   8.7e-12  1.4e-11  1.3e+04  1.8e+01
 
   itn      x(1)       norm r    norm Ar  compatible   LS      norm A   cond A
  7120 -4.38582e-02  7.724e-09  1.333e-15   8.7e-12  1.3e-11  1.3e+04  1.9e+01
  7130 -4.38582e-02  7.724e-09  1.224e-15   8.7e-12  1.2e-11  1.3e+04  1.7e+01
  7140 -4.38582e-02  7.724e-09  1.083e-15   8.7e-12  1.1e-11  1.3e+04  1.1e+01
  7150 -4.38582e-02  7.724e-09  9.694e-16   8.7e-12  9.5e-12  1.3e+04  2.4e+01
  7160 -4.38582e-02  7.724e-09  8.596e-16   8.7e-12  8.4e-12  1.3e+04  1.1e+01
  7170 -4.38582e-02  7.724e-09  7.491e-16   8.7e-12  7.3e-12  1.3e+04  9.2e+00
  7180 -4.38582e-02  7.724e-09  6.790e-16   8.7e-12  6.6e-12  1.3e+04  1.8e+01
  7190 -4.38582e-02  7.724e-09  6.167e-16   8.7e-12  6.0e-12  1.3e+04  2.4e+01
  7200 -4.38582e-02  7.724e-09  5.778e-16   8.7e-12  5.6e-12  1.3e+04  2.6e+01
  7210 -4.38582e-02  7.724e-09  5.412e-16   8.7e-12  5.3e-12  1.3e+04  1.6e+01
  7220 -4.38582e-02  7.724e-09  5.166e-16   8.7e-12  5.0e-12  1.3e+04  2.5e+01
  7230 -4.38582e-02  7.724e-09  5.008e-16   8.7e-12  4.9e-12  1.3e+04  2.9e+01
  7240 -4.38582e-02  7.724e-09  4.904e-16   8.7e-12  4.8e-12  1.3e+04  2.6e+01
  7250 -4.38582e-02  7.724e-09  4.822e-16   8.7e-12  4.7e-12  1.3e+04  5.6e+01
  7260 -4.38582e-02  7.724e-09  4.754e-16   8.7e-12  4.6e-12  1.3e+04  3.5e+01
  7270 -4.38582e-02  7.724e-09  4.699e-16   8.7e-12  4.6e-12  1.3e+04  4.3e+01
  7280 -4.38582e-02  7.724e-09  4.651e-16   8.7e-12  4.5e-12  1.3e+04  7.6e+01
  7290 -4.38582e-02  7.724e-09  4.593e-16   8.7e-12  4.4e-12  1.3e+04  4.0e+01
  7300 -4.38582e-02  7.724e-09  4.522e-16   8.7e-12  4.4e-12  1.3e+04  4.5e+01
  7310 -4.38582e-02  7.724e-09  4.454e-16   8.7e-12  4.3e-12  1.3e+04  3.4e+01
 
   itn      x(1)       norm r    norm Ar  compatible   LS      norm A   cond A
  7320 -4.38582e-02  7.724e-09  4.360e-16   8.7e-12  4.2e-12  1.3e+04  4.8e+01
  7330 -4.38582e-02  7.724e-09  4.235e-16   8.7e-12  4.1e-12  1.3e+04  2.3e+01
  7340 -4.38582e-02  7.724e-09  4.065e-16   8.7e-12  3.9e-12  1.3e+04  2.4e+01
  7350 -4.38582e-02  7.724e-09  3.857e-16   8.7e-12  3.7e-12  1.3e+04  2.5e+01
  7360 -4.38582e-02  7.724e-09  3.566e-16   8.7e-12  3.4e-12  1.3e+04  1.9e+01
  7370 -4.38582e-02  7.724e-09  3.257e-16   8.7e-12  3.1e-12  1.3e+04  9.1e+00
  7380 -4.38582e-02  7.724e-09  2.967e-16   8.7e-12  2.9e-12  1.3e+04  2.5e+01
  7390 -4.38582e-02  7.724e-09  2.604e-16   8.7e-12  2.5e-12  1.3e+04  1.2e+01
  7400 -4.38582e-02  7.724e-09  2.335e-16   8.7e-12  2.2e-12  1.3e+04  1.7e+01
  7410 -4.38582e-02  7.724e-09  2.072e-16   8.7e-12  2.0e-12  1.3e+04  1.5e+01
  7420 -4.38582e-02  7.724e-09  1.871e-16   8.7e-12  1.8e-12  1.4e+04  1.7e+01
  7430 -4.38582e-02  7.724e-09  1.719e-16   8.7e-12  1.6e-12  1.4e+04  1.3e+01
  7440 -4.38582e-02  7.724e-09  1.616e-16   8.7e-12  1.5e-12  1.4e+04  2.4e+01
  7450 -4.38582e-02  7.724e-09  1.532e-16   8.7e-12  1.5e-12  1.4e+04  2.2e+01
  7460 -4.38582e-02  7.724e-09  1.482e-16   8.7e-12  1.4e-12  1.4e+04  2.5e+01
  7470 -4.38582e-02  7.724e-09  1.449e-16   8.7e-12  1.4e-12  1.4e+04  3.6e+01
  7480 -4.38582e-02  7.724e-09  1.423e-16   8.7e-12  1.4e-12  1.4e+04  4.5e+01
  7490 -4.38582e-02  7.724e-09  1.405e-16   8.7e-12  1.3e-12  1.4e+04  6.5e+01
  7500 -4.38582e-02  7.724e-09  1.389e-16   8.7e-12  1.3e-12  1.4e+04  3.9e+01
  7510 -4.38582e-02  7.724e-09  1.378e-16   8.7e-12  1.3e-12  1.4e+04  6.8e+01
 
   itn      x(1)       norm r    norm Ar  compatible   LS      norm A   cond A
  7520 -4.38582e-02  7.724e-09  1.366e-16   8.7e-12  1.3e-12  1.4e+04  6.7e+01
  7530 -4.38582e-02  7.724e-09  1.355e-16   8.7e-12  1.3e-12  1.4e+04  4.3e+01
  7540 -4.38582e-02  7.724e-09  1.343e-16   8.7e-12  1.3e-12  1.4e+04  4.3e+01
  7550 -4.38582e-02  7.724e-09  1.328e-16   8.7e-12  1.3e-12  1.4e+04  5.8e+01
  7560 -4.38582e-02  7.724e-09  1.305e-16   8.7e-12  1.2e-12  1.4e+04  3.7e+01
  7570 -4.38582e-02  7.724e-09  1.282e-16   8.7e-12  1.2e-12  1.4e+04  2.8e+01
  7580 -4.38582e-02  7.724e-09  1.249e-16   8.7e-12  1.2e-12  1.4e+04  4.1e+01
  7590 -4.38582e-02  7.724e-09  1.198e-16   8.7e-12  1.1e-12  1.4e+04  1.8e+01
  7600 -4.38582e-02  7.724e-09  1.143e-16   8.7e-12  1.1e-12  1.4e+04  1.9e+01
  7610 -4.38582e-02  7.724e-09  1.076e-16   8.7e-12  1.0e-12  1.4e+04  1.8e+01
  7620 -4.38582e-02  7.724e-09  9.831e-17   8.7e-12  9.3e-13  1.4e+04  1.9e+01
  7630 -4.38582e-02  7.724e-09  8.926e-17   8.7e-12  8.4e-13  1.4e+04  1.4e+01
  7640 -4.38582e-02  7.724e-09  8.109e-17   8.7e-12  7.7e-13  1.4e+04  1.4e+01
  7650 -4.38582e-02  7.724e-09  7.297e-17   8.7e-12  6.9e-13  1.4e+04  2.4e+01
  7660 -4.38582e-02  7.724e-09  6.634e-17   8.7e-12  6.3e-13  1.4e+04  1.6e+01
  7670 -4.38582e-02  7.724e-09  6.130e-17   8.7e-12  5.8e-13  1.4e+04  2.7e+01
  7680 -4.38582e-02  7.724e-09  5.726e-17   8.7e-12  5.4e-13  1.4e+04  1.4e+01
  7690 -4.38582e-02  7.724e-09  5.432e-17   8.7e-12  5.1e-13  1.4e+04  1.4e+01
  7700 -4.38582e-02  7.724e-09  5.249e-17   8.7e-12  4.9e-13  1.4e+04  2.8e+01
  7710 -4.38582e-02  7.724e-09  5.104e-17   8.7e-12  4.8e-13  1.4e+04  4.5e+01
 
   itn      x(1)       norm r    norm Ar  compatible   LS      norm A   cond A
  7720 -4.38582e-02  7.724e-09  4.993e-17   8.7e-12  4.7e-13  1.4e+04  2.4e+01
  7730 -4.38582e-02  7.724e-09  4.907e-17   8.7e-12  4.6e-13  1.4e+04  3.3e+01
  7740 -4.38582e-02  7.724e-09  4.841e-17   8.7e-12  4.5e-13  1.4e+04  5.2e+01
  7750 -4.38582e-02  7.724e-09  4.787e-17   8.7e-12  4.5e-13  1.4e+04  3.6e+01
  7760 -4.38582e-02  7.724e-09  4.745e-17   8.7e-12  4.4e-13  1.4e+04  5.9e+01
  7770 -4.38582e-02  7.724e-09  4.681e-17   8.7e-12  4.4e-13  1.4e+04  4.3e+01
  7780 -4.38582e-02  7.724e-09  4.627e-17   8.7e-12  4.3e-13  1.4e+04  3.1e+01
  7790 -4.38582e-02  7.724e-09  4.572e-17   8.7e-12  4.3e-13  1.4e+04  5.5e+01
  7800 -4.38582e-02  7.724e-09  4.487e-17   8.7e-12  4.2e-13  1.4e+04  3.5e+01
  7810 -4.38582e-02  7.724e-09  4.386e-17   8.7e-12  4.1e-13  1.4e+04  4.0e+01
  7820 -4.38582e-02  7.724e-09  4.237e-17   8.7e-12  4.0e-13  1.4e+04  3.0e+01
  7830 -4.38582e-02  7.724e-09  4.045e-17   8.7e-12  3.8e-13  1.4e+04  2.6e+01
  7840 -4.38582e-02  7.724e-09  3.804e-17   8.7e-12  3.5e-13  1.4e+04  2.8e+01
  7850 -4.38582e-02  7.724e-09  3.523e-17   8.7e-12  3.3e-13  1.4e+04  1.6e+01
  7860 -4.38582e-02  7.724e-09  3.212e-17   8.7e-12  3.0e-13  1.4e+04  1.5e+01
  7870 -4.38582e-02  7.724e-09  2.824e-17   8.7e-12  2.6e-13  1.4e+04  1.4e+01
  7880 -4.38582e-02  7.724e-09  2.469e-17   8.7e-12  2.3e-13  1.4e+04  9.1e+00
  7890 -4.38582e-02  7.724e-09  2.194e-17   8.7e-12  2.0e-13  1.4e+04  1.8e+01
  7900 -4.38582e-02  7.724e-09  1.909e-17   8.7e-12  1.8e-13  1.4e+04  1.7e+01
  7910 -4.38582e-02  7.724e-09  1.728e-17   8.7e-12  1.6e-13  1.4e+04  2.4e+01
 
   itn      x(1)       norm r    norm Ar  compatible   LS      norm A   cond A
  7920 -4.38582e-02  7.724e-09  1.580e-17   8.7e-12  1.5e-13  1.4e+04  1.3e+01
  7930 -4.38582e-02  7.724e-09  1.477e-17   8.7e-12  1.4e-13  1.4e+04  2.7e+01
  7940 -4.38582e-02  7.724e-09  1.400e-17   8.7e-12  1.3e-13  1.4e+04  2.9e+01
  7950 -4.38582e-02  7.724e-09  1.349e-17   8.7e-12  1.2e-13  1.4e+04  4.4e+01
  7960 -4.38582e-02  7.724e-09  1.318e-17   8.7e-12  1.2e-13  1.4e+04  3.9e+01
  7970 -4.38582e-02  7.724e-09  1.292e-17   8.7e-12  1.2e-13  1.4e+04  3.8e+01
  7980 -4.38582e-02  7.724e-09  1.274e-17   8.7e-12  1.2e-13  1.4e+04  5.0e+01
  7990 -4.38582e-02  7.724e-09  1.258e-17   8.7e-12  1.2e-13  1.4e+04  6.3e+01
  8000 -4.38582e-02  7.724e-09  1.244e-17   8.7e-12  1.1e-13  1.4e+04  7.0e+01
  8010 -4.38582e-02  7.724e-09  1.230e-17   8.7e-12  1.1e-13  1.4e+04  3.7e+01
  8020 -4.38582e-02  7.724e-09  1.216e-17   8.7e-12  1.1e-13  1.4e+04  7.1e+01
  8030 -4.38582e-02  7.724e-09  1.199e-17   8.7e-12  1.1e-13  1.4e+04  2.5e+01
  8040 -4.38582e-02  7.724e-09  1.181e-17   8.7e-12  1.1e-13  1.4e+04  3.9e+01
  8050 -4.38582e-02  7.724e-09  1.152e-17   8.7e-12  1.1e-13  1.4e+04  5.6e+01
  8060 -4.38582e-02  7.724e-09  1.113e-17   8.7e-12  1.0e-13  1.4e+04  1.8e+01
  8070 -4.38582e-02  7.724e-09  1.066e-17   8.7e-12  9.8e-14  1.4e+04  3.4e+01
  8080 -4.38582e-02  7.724e-09  1.002e-17   8.7e-12  9.2e-14  1.4e+04  1.2e+01
  8090 -4.38582e-02  7.724e-09  9.167e-18   8.7e-12  8.4e-14  1.4e+04  2.9e+01
  8100 -4.38582e-02  7.724e-09  8.263e-18   8.7e-12  7.6e-14  1.4e+04  1.5e+01
  8110 -4.38582e-02  7.724e-09  7.462e-18   8.7e-12  6.8e-14  1.4e+04  1.6e+01
 
   itn      x(1)       norm r    norm Ar  compatible   LS      norm A   cond A
  8120 -4.38582e-02  7.724e-09  6.650e-18   8.7e-12  6.1e-14  1.4e+04  2.1e+01
  8130 -4.38582e-02  7.724e-09  5.855e-18   8.7e-12  5.4e-14  1.4e+04  2.7e+01
  8140 -4.38582e-02  7.724e-09  5.317e-18   8.7e-12  4.9e-14  1.4e+04  2.0e+01
  8150 -4.38582e-02  7.724e-09  4.866e-18   8.7e-12  4.5e-14  1.4e+04  1.1e+01
  8160 -4.38582e-02  7.724e-09  4.572e-18   8.7e-12  4.2e-14  1.4e+04  3.2e+01
  8170 -4.38582e-02  7.724e-09  4.286e-18   8.7e-12  3.9e-14  1.4e+04  2.8e+01
  8180 -4.38582e-02  7.724e-09  4.151e-18   8.7e-12  3.8e-14  1.4e+04  3.1e+01
  8190 -4.38582e-02  7.724e-09  4.039e-18   8.7e-12  3.7e-14  1.4e+04  2.1e+01
  8200 -4.38582e-02  7.724e-09  3.963e-18   8.7e-12  3.6e-14  1.4e+04  5.8e+01
  8210 -4.38582e-02  7.724e-09  3.902e-18   8.7e-12  3.6e-14  1.4e+04  4.2e+01
  8220 -4.38582e-02  7.724e-09  3.859e-18   8.7e-12  3.5e-14  1.4e+04  3.8e+01
  8230 -4.38582e-02  7.724e-09  3.824e-18   8.7e-12  3.5e-14  1.4e+04  3.7e+01
  8240 -4.38582e-02  7.724e-09  3.787e-18   8.7e-12  3.4e-14  1.4e+04  4.3e+01
  8250 -4.38582e-02  7.724e-09  3.752e-18   8.7e-12  3.4e-14  1.4e+04  4.6e+01
  8260 -4.38582e-02  7.724e-09  3.711e-18   8.7e-12  3.4e-14  1.4e+04  3.7e+01
  8270 -4.38582e-02  7.724e-09  3.670e-18   8.7e-12  3.3e-14  1.4e+04  6.3e+01
  8280 -4.38582e-02  7.724e-09  3.610e-18   8.7e-12  3.3e-14  1.4e+04  5.3e+01
  8290 -4.38582e-02  7.724e-09  3.530e-18   8.7e-12  3.2e-14  1.4e+04  2.4e+01
  8300 -4.38582e-02  7.724e-09  3.428e-18   8.7e-12  3.1e-14  1.4e+04  1.7e+01
  8310 -4.38582e-02  7.724e-09  3.304e-18   8.7e-12  3.0e-14  1.4e+04  4.1e+01
 
   itn      x(1)       norm r    norm Ar  compatible   LS      norm A   cond A
  8320 -4.38582e-02  7.724e-09  3.146e-18   8.7e-12  2.8e-14  1.4e+04  1.6e+01
  8330 -4.38582e-02  7.724e-09  2.907e-18   8.7e-12  2.6e-14  1.4e+04  1.5e+01
  8340 -4.38582e-02  7.724e-09  2.670e-18   8.7e-12  2.4e-14  1.4e+04  2.4e+01
  8350 -4.38582e-02  7.724e-09  2.427e-18   8.7e-12  2.2e-14  1.4e+04  1.5e+01
  8360 -4.38582e-02  7.724e-09  2.202e-18   8.7e-12  2.0e-14  1.4e+04  1.7e+01
  8370 -4.38582e-02  7.724e-09  1.986e-18   8.7e-12  1.8e-14  1.4e+04  2.5e+01
  8380 -4.38582e-02  7.724e-09  1.814e-18   8.7e-12  1.6e-14  1.4e+04  1.7e+01
  8390 -4.38582e-02  7.724e-09  1.670e-18   8.7e-12  1.5e-14  1.4e+04  3.0e+01
  8400 -4.38582e-02  7.724e-09  1.575e-18   8.7e-12  1.4e-14  1.4e+04  1.6e+01
  8410 -4.38582e-02  7.724e-09  1.501e-18   8.7e-12  1.4e-14  1.4e+04  2.7e+01
  8420 -4.38582e-02  7.724e-09  1.450e-18   8.7e-12  1.3e-14  1.4e+04  2.5e+01
  8430 -4.38582e-02  7.724e-09  1.415e-18   8.7e-12  1.3e-14  1.4e+04  2.2e+01
  8440 -4.38582e-02  7.724e-09  1.391e-18   8.7e-12  1.3e-14  1.4e+04  4.2e+01
  8450 -4.38582e-02  7.724e-09  1.373e-18   8.7e-12  1.2e-14  1.4e+04  4.7e+01
  8460 -4.38582e-02  7.724e-09  1.355e-18   8.7e-12  1.2e-14  1.4e+04  4.0e+01
  8470 -4.38582e-02  7.724e-09  1.343e-18   8.7e-12  1.2e-14  1.4e+04  7.7e+01
  8480 -4.38582e-02  7.724e-09  1.330e-18   8.7e-12  1.2e-14  1.4e+04  4.6e+01
  8490 -4.38582e-02  7.724e-09  1.317e-18   8.7e-12  1.2e-14  1.4e+04  3.4e+01
  8500 -4.38582e-02  7.724e-09  1.303e-18   8.7e-12  1.2e-14  1.4e+04  4.9e+01
  8510 -4.38582e-02  7.724e-09  1.283e-18   8.7e-12  1.1e-14  1.4e+04  5.4e+01
 
   itn      x(1)       norm r    norm Ar  compatible   LS      norm A   cond A
  8520 -4.38582e-02  7.724e-09  1.255e-18   8.7e-12  1.1e-14  1.4e+04  3.8e+01
  8530 -4.38582e-02  7.724e-09  1.226e-18   8.7e-12  1.1e-14  1.4e+04  3.5e+01
  8540 -4.38582e-02  7.724e-09  1.185e-18   8.7e-12  1.1e-14  1.4e+04  3.2e+01
  8550 -4.38582e-02  7.724e-09  1.123e-18   8.7e-12  1.0e-14  1.4e+04  3.5e+01
  8560 -4.38582e-02  7.724e-09  1.058e-18   8.7e-12  9.4e-15  1.5e+04  1.3e+01
  8570 -4.38582e-02  7.724e-09  9.859e-19   8.7e-12  8.8e-15  1.5e+04  2.3e+01
  8580 -4.38582e-02  7.724e-09  8.812e-19   8.7e-12  7.9e-15  1.5e+04  1.4e+01
  8590 -4.38582e-02  7.724e-09  7.807e-19   8.7e-12  7.0e-15  1.5e+04  1.4e+01
  8600 -4.38582e-02  7.724e-09  6.924e-19   8.7e-12  6.2e-15  1.5e+04  1.5e+01
  8610 -4.38582e-02  7.724e-09  6.043e-19   8.7e-12  5.4e-15  1.5e+04  9.7e+00
  8620 -4.38582e-02  7.724e-09  5.285e-19   8.7e-12  4.7e-15  1.5e+04  2.3e+01
  8630 -4.38582e-02  7.724e-09  4.638e-19   8.7e-12  4.1e-15  1.5e+04  1.3e+01
  8640 -4.38582e-02  7.724e-09  4.262e-19   8.7e-12  3.8e-15  1.5e+04  1.8e+01
  8650 -4.38582e-02  7.724e-09  3.944e-19   8.7e-12  3.5e-15  1.5e+04  2.1e+01
  8660 -4.38582e-02  7.724e-09  3.704e-19   8.7e-12  3.3e-15  1.5e+04  2.9e+01
  8670 -4.38582e-02  7.724e-09  3.525e-19   8.7e-12  3.1e-15  1.5e+04  2.5e+01
  8680 -4.38582e-02  7.724e-09  3.418e-19   8.7e-12  3.0e-15  1.5e+04  3.4e+01
  8690 -4.38582e-02  7.724e-09  3.342e-19   8.7e-12  3.0e-15  1.5e+04  2.1e+01
  8700 -4.38582e-02  7.724e-09  3.281e-19   8.7e-12  2.9e-15  1.5e+04  4.1e+01
  8710 -4.38582e-02  7.724e-09  3.232e-19   8.7e-12  2.9e-15  1.5e+04  8.1e+01
 
   itn      x(1)       norm r    norm Ar  compatible   LS      norm A   cond A
  8720 -4.38582e-02  7.724e-09  3.188e-19   8.7e-12  2.8e-15  1.5e+04  4.2e+01
  8730 -4.38582e-02  7.724e-09  3.154e-19   8.7e-12  2.8e-15  1.5e+04  5.1e+01
  8740 -4.38582e-02  7.724e-09  3.111e-19   8.7e-12  2.7e-15  1.5e+04  6.7e+01
  8750 -4.38582e-02  7.724e-09  3.068e-19   8.7e-12  2.7e-15  1.5e+04  2.4e+01
  8760 -4.38582e-02  7.724e-09  3.008e-19   8.7e-12  2.7e-15  1.5e+04  3.6e+01
  8770 -4.38582e-02  7.724e-09  2.939e-19   8.7e-12  2.6e-15  1.5e+04  3.2e+01
  8780 -4.38582e-02  7.724e-09  2.836e-19   8.7e-12  2.5e-15  1.5e+04  2.7e+01
  8790 -4.38582e-02  7.724e-09  2.728e-19   8.7e-12  2.4e-15  1.5e+04  2.9e+01
  8800 -4.38582e-02  7.724e-09  2.550e-19   8.7e-12  2.2e-15  1.5e+04  2.2e+01
  8810 -4.38582e-02  7.724e-09  2.394e-19   8.7e-12  2.1e-15  1.5e+04  2.2e+01
  8820 -4.38582e-02  7.724e-09  2.136e-19   8.7e-12  1.9e-15  1.5e+04  1.3e+01
  8830 -4.38582e-02  7.724e-09  1.908e-19   8.7e-12  1.7e-15  1.5e+04  1.0e+01
  8840 -4.38582e-02  7.724e-09  1.717e-19   8.7e-12  1.5e-15  1.5e+04  1.5e+01
  8850 -4.38582e-02  7.724e-09  1.501e-19   8.7e-12  1.3e-15  1.5e+04  1.7e+01
  8860 -4.38582e-02  7.724e-09  1.338e-19   8.7e-12  1.2e-15  1.5e+04  1.5e+01
  8870 -4.38582e-02  7.724e-09  1.207e-19   8.7e-12  1.1e-15  1.5e+04  1.6e+01
  8880 -4.38582e-02  7.724e-09  1.122e-19   8.7e-12  9.8e-16  1.5e+04  3.1e+01
  8890 -4.38582e-02  7.724e-09  1.046e-19   8.7e-12  9.2e-16  1.5e+04  1.5e+01
  8900 -4.38582e-02  7.724e-09  1.001e-19   8.7e-12  8.8e-16  1.5e+04  3.9e+01
  8910 -4.38582e-02  7.724e-09  9.605e-20   8.7e-12  8.4e-16  1.5e+04  2.4e+01
 
   itn      x(1)       norm r    norm Ar  compatible   LS      norm A   cond A
  8920 -4.38582e-02  7.724e-09  9.360e-20   8.7e-12  8.2e-16  1.5e+04  3.4e+01
  8930 -4.38582e-02  7.724e-09  9.207e-20   8.7e-12  8.0e-16  1.5e+04  6.2e+01
  8940 -4.38582e-02  7.724e-09  9.061e-20   8.7e-12  7.9e-16  1.5e+04  3.6e+01
  8950 -4.38582e-02  7.724e-09  8.960e-20   8.7e-12  7.8e-16  1.5e+04  3.6e+01
  8960 -4.38582e-02  7.724e-09  8.873e-20   8.7e-12  7.7e-16  1.5e+04  3.6e+01
  8970 -4.38582e-02  7.724e-09  8.776e-20   8.7e-12  7.7e-16  1.5e+04  4.3e+01
  8980 -4.38582e-02  7.724e-09  8.685e-20   8.7e-12  7.6e-16  1.5e+04  4.9e+01
  8990 -4.38582e-02  7.724e-09  8.580e-20   8.7e-12  7.5e-16  1.5e+04  4.3e+01
  9000 -4.38582e-02  7.724e-09  8.448e-20   8.7e-12  7.4e-16  1.5e+04  4.5e+01
  9010 -4.38582e-02  7.724e-09  8.271e-20   8.7e-12  7.2e-16  1.5e+04  2.6e+01
  9020 -4.38582e-02  7.724e-09  8.018e-20   8.7e-12  7.0e-16  1.5e+04  4.8e+01
  9030 -4.38582e-02  7.724e-09  7.692e-20   8.7e-12  6.7e-16  1.5e+04  1.7e+01
  9040 -4.38582e-02  7.724e-09  7.248e-20   8.7e-12  6.3e-16  1.5e+04  2.2e+01
  9050 -4.38582e-02  7.724e-09  6.796e-20   8.7e-12  5.9e-16  1.5e+04  1.1e+01
  9060 -4.38582e-02  7.724e-09  6.100e-20   8.7e-12  5.3e-16  1.5e+04  1.6e+01
  9070 -4.38582e-02  7.724e-09  5.580e-20   8.7e-12  4.8e-16  1.5e+04  1.1e+01
  9080 -4.38582e-02  7.724e-09  5.029e-20   8.7e-12  4.4e-16  1.5e+04  1.2e+01
  9090 -4.38582e-02  7.724e-09  4.573e-20   8.7e-12  4.0e-16  1.5e+04  2.2e+01
  9100 -4.38582e-02  7.724e-09  4.190e-20   8.7e-12  3.6e-16  1.5e+04  1.5e+01
  9110 -4.38582e-02  7.724e-09  3.913e-20   8.7e-12  3.4e-16  1.5e+04  1.9e+01
 
   itn      x(1)       norm r    norm Ar  compatible   LS      norm A   cond A
  9120 -4.38582e-02  7.724e-09  3.676e-20   8.7e-12  3.2e-16  1.5e+04  3.8e+01
  9130 -4.38582e-02  7.724e-09  3.538e-20   8.7e-12  3.1e-16  1.5e+04  2.0e+01
  9140 -4.38582e-02  7.724e-09  3.417e-20   8.7e-12  3.0e-16  1.5e+04  2.5e+01
  9150 -4.38582e-02  7.724e-09  3.350e-20   8.7e-12  2.9e-16  1.5e+04  3.2e+01
  9160 -4.38582e-02  7.724e-09  3.295e-20   8.7e-12  2.8e-16  1.5e+04  3.9e+01
  9170 -4.38582e-02  7.724e-09  3.250e-20   8.7e-12  2.8e-16  1.5e+04  4.0e+01
  9180 -4.38582e-02  7.724e-09  3.216e-20   8.7e-12  2.8e-16  1.5e+04  3.9e+01
  9190 -4.38582e-02  7.724e-09  3.190e-20   8.7e-12  2.7e-16  1.5e+04  9.1e+01
  9200 -4.38582e-02  7.724e-09  3.157e-20   8.7e-12  2.7e-16  1.5e+04  4.5e+01
  9210 -4.38582e-02  7.724e-09  3.131e-20   8.7e-12  2.7e-16  1.5e+04  5.8e+01
  9220 -4.38582e-02  7.724e-09  3.099e-20   8.7e-12  2.7e-16  1.5e+04  6.6e+01
  9230 -4.38582e-02  7.724e-09  3.061e-20   8.7e-12  2.6e-16  1.5e+04  3.8e+01
  9240 -4.38582e-02  7.724e-09  3.004e-20   8.7e-12  2.6e-16  1.5e+04  2.9e+01
  9250 -4.38582e-02  7.724e-09  2.943e-20   8.7e-12  2.5e-16  1.5e+04  5.1e+01
  9260 -4.38582e-02  7.724e-09  2.837e-20   8.7e-12  2.4e-16  1.5e+04  3.6e+01
  9270 -4.38582e-02  7.724e-09  2.733e-20   8.7e-12  2.3e-16  1.5e+04  2.0e+01
  9280 -4.38582e-02  7.724e-09  2.586e-20   8.7e-12  2.2e-16  1.5e+04  2.2e+01
  9290 -4.38582e-02  7.724e-09  2.396e-20   8.7e-12  2.1e-16  1.5e+04  1.8e+01
  9300 -4.38582e-02  7.724e-09  2.187e-20   8.7e-12  1.9e-16  1.5e+04  1.2e+01
  9310 -4.38582e-02  7.724e-09  1.992e-20   8.7e-12  1.7e-16  1.5e+04  2.7e+01
 
   itn      x(1)       norm r    norm Ar  compatible   LS      norm A   cond A
  9320 -4.38582e-02  7.724e-09  1.785e-20   8.7e-12  1.5e-16  1.5e+04  1.4e+01
  9330 -4.38582e-02  7.724e-09  1.635e-20   8.7e-12  1.4e-16  1.5e+04  1.5e+01
  9340 -4.38582e-02  7.724e-09  1.506e-20   8.7e-12  1.3e-16  1.5e+04  2.3e+01
  9350 -4.38582e-02  7.724e-09  1.401e-20   8.7e-12  1.2e-16  1.5e+04  3.4e+01
  9360 -4.38582e-02  7.724e-09  1.312e-20   8.7e-12  1.1e-16  1.5e+04  1.9e+01
  9364 -4.38582e-02  7.724e-09  1.299e-20   8.7e-12  1.1e-16  1.5e+04  3.3e+01
 
LSMR finished
The least-squares solution is good enough for this machine
istop =       5    normr = 7.7e-09
    normA = 1.5e+04    normAr = 1.3e-20
itn   =    9364    condA = 3.3e+01
    normx = 8.7e+00
  9364 -4.38582e-02   7.724e-09  1.299e-20
   8.7e-12  1.1e-16   1.5e+04  3.3e+01
loss = 5.965518229596952e-17
