OS                           : Linux-5.14.21-150400.24.81_12.0.87-cray_shasta_c-x86_64-with-glibc2.31
Python Version               : 3.9.15
CuPy Version                 : 13.0.0
CuPy Platform                : NVIDIA CUDA
NumPy Version                : 1.23.5
SciPy Version                : 1.9.3
Cython Build Version         : 0.29.36
Cython Runtime Version       : None
CUDA Root                    : /opt/nvidia/hpc_sdk/Linux_x86_64/23.9/cuda/12.2
nvcc PATH                    : /opt/nvidia/hpc_sdk/Linux_x86_64/23.9/cuda/12.2/bin/nvcc
CUDA Build Version           : 12020
CUDA Driver Version          : 12020
CUDA Runtime Version         : 12020 (linked to CuPy) / 12020 (locally installed)
cuBLAS Version               : (available)
cuFFT Version                : 11008
cuRAND Version               : 10303
cuSOLVER Version             : (11, 5, 0)
cuSPARSE Version             : (available)
NVRTC Version                : (12, 2)
Thrust Version               : 200200
CUB Build Version            : 200200
Jitify Build Version         : <unknown>
cuDNN Build Version          : 8801
cuDNN Version                : 8903
NCCL Build Version           : None
NCCL Runtime Version         : None
cuTENSOR Version             : None
cuSPARSELt Build Version     : None
Device 0 Name                : NVIDIA A100-SXM4-40GB
Device 0 Compute Capability  : 80
Device 0 PCI Bus ID          : 0000:C1:00.0
None
Sizes of ptrain and pdot:
[(80000, 11, 11), (80000, 11, 11)]
len(theta) = 14641
len(jac) = 9680000
 
LSMR            Least-squares solution of  Ax = b

The matrix A has 19360000 rows and 14641 columns
damp = 0.00000000000000e+00

atol = 1.00e-08                 conlim = 1.00e+08

btol = 1.00e-08             maxiter =   100000

 
   itn      x(1)       norm r    norm Ar  compatible   LS      norm A   cond A
     0  0.00000e+00  3.349e+02  7.329e+04   1.0e+00  6.5e-01
     1  1.56454e-02  7.346e+01  1.296e+04   2.2e-01  7.9e-01  2.2e+02  1.0e+00
     2  1.61368e-02  4.541e+01  3.400e+03   1.4e-01  2.3e-01  3.2e+02  1.0e+00
     3  1.42918e-02  4.064e+01  2.282e+03   1.2e-01  1.5e-01  3.7e+02  1.6e+00
     4  1.05850e-02  3.486e+01  1.604e+03   1.0e-01  1.1e-01  4.2e+02  2.2e+00
     5  7.24414e-03  3.146e+01  9.662e+02   9.4e-02  6.5e-02  4.8e+02  1.6e+00
     6  5.98762e-03  3.025e+01  8.524e+02   9.0e-02  5.7e-02  5.0e+02  3.0e+00
     7  3.17463e-03  2.815e+01  7.252e+02   8.4e-02  4.8e-02  5.4e+02  3.3e+00
     8  1.35071e-03  2.692e+01  6.723e+02   8.0e-02  4.4e-02  5.7e+02  3.6e+00
     9 -1.95992e-03  2.409e+01  5.958e+02   7.2e-02  4.1e-02  6.0e+02  4.8e+00
    10 -4.84133e-03  2.141e+01  5.164e+02   6.4e-02  3.8e-02  6.4e+02  2.8e+00
    20 -2.46141e-03  7.446e+00  1.336e+02   2.2e-02  2.0e-02  8.9e+02  3.1e+00
    30 -3.41629e-03  3.593e+00  5.011e+01   1.1e-02  1.3e-02  1.1e+03  3.2e+00
    40 -2.11415e-03  2.108e+00  2.241e+01   6.3e-03  8.5e-03  1.2e+03  3.5e+00
    50 -5.34661e-05  1.539e+00  9.387e+00   4.6e-03  4.4e-03  1.4e+03  4.9e+00
    60  5.82467e-04  1.398e+00  4.790e+00   4.2e-03  2.3e-03  1.5e+03  5.7e+00
    70  6.04948e-04  1.333e+00  3.382e+00   4.0e-03  1.6e-03  1.6e+03  8.6e+00
    80  7.53553e-04  1.280e+00  3.038e+00   3.8e-03  1.4e-03  1.7e+03  1.5e+01
    90  1.02811e-03  1.212e+00  2.877e+00   3.6e-03  1.3e-03  1.8e+03  1.4e+01
   100  1.76444e-03  1.016e+00  2.567e+00   3.0e-03  1.3e-03  1.9e+03  1.3e+01
   110  3.50740e-03  5.820e-01  1.800e+00   1.7e-03  1.6e-03  2.0e+03  6.8e+00
 
   itn      x(1)       norm r    norm Ar  compatible   LS      norm A   cond A
   120  4.96583e-03  3.294e-01  9.498e-01   9.8e-04  1.4e-03  2.1e+03  6.5e+00
   130  5.32804e-03  2.978e-01  6.785e-01   8.9e-04  1.1e-03  2.1e+03  8.9e+00
   140  5.50195e-03  2.855e-01  5.933e-01   8.5e-04  9.4e-04  2.2e+03  1.6e+01
   150  5.66392e-03  2.737e-01  5.668e-01   8.2e-04  9.0e-04  2.3e+03  2.5e+01
   160  6.26996e-03  2.317e-01  5.117e-01   6.9e-04  9.3e-04  2.4e+03  8.3e+00
   170  7.99671e-03  1.195e-01  3.478e-01   3.6e-04  1.2e-03  2.4e+03  1.2e+01
   180  9.19529e-03  5.597e-02  1.721e-01   1.7e-04  1.2e-03  2.5e+03  8.1e+00
   190  9.41154e-03  4.861e-02  1.187e-01   1.5e-04  9.5e-04  2.6e+03  1.3e+01
   200  9.45684e-03  4.614e-02  1.047e-01   1.4e-04  8.6e-04  2.6e+03  1.6e+01
   210  9.47793e-03  4.338e-02  9.883e-02   1.3e-04  8.4e-04  2.7e+03  1.4e+01
   220  9.52853e-03  3.487e-02  8.652e-02   1.0e-04  9.0e-04  2.8e+03  1.0e+01
   230  9.61350e-03  2.006e-02  6.242e-02   6.0e-05  1.1e-03  2.8e+03  6.4e+00
   240  9.67723e-03  9.916e-03  3.467e-02   3.0e-05  1.2e-03  2.9e+03  6.7e+00
   250  9.69657e-03  7.897e-03  2.021e-02   2.4e-05  8.7e-04  2.9e+03  1.1e+01
   260  9.70058e-03  7.499e-03  1.663e-02   2.2e-05  7.4e-04  3.0e+03  1.5e+01
   270  9.70178e-03  7.182e-03  1.562e-02   2.1e-05  7.1e-04  3.1e+03  2.6e+01
   280  9.70252e-03  6.402e-03  1.441e-02   1.9e-05  7.2e-04  3.1e+03  1.3e+01
   290  9.70393e-03  4.231e-03  1.119e-02   1.3e-05  8.3e-04  3.2e+03  1.4e+01
   300  9.70535e-03  2.188e-03  6.423e-03   6.5e-06  9.1e-04  3.2e+03  7.5e+00
   310  9.70587e-03  1.793e-03  4.311e-03   5.4e-06  7.3e-04  3.3e+03  1.7e+01
 
   itn      x(1)       norm r    norm Ar  compatible   LS      norm A   cond A
   320  9.70610e-03  1.698e-03  3.817e-03   5.1e-06  6.7e-04  3.3e+03  2.1e+01
   330  9.70647e-03  1.577e-03  3.573e-03   4.7e-06  6.7e-04  3.4e+03  2.2e+01
   340  9.70753e-03  1.232e-03  3.087e-03   3.7e-06  7.3e-04  3.4e+03  8.0e+00
   350  9.70937e-03  5.908e-04  1.986e-03   1.8e-06  9.6e-04  3.5e+03  9.7e+00
   360  9.71033e-03  3.069e-04  1.002e-03   9.2e-07  9.2e-04  3.5e+03  1.0e+01
   370  9.71052e-03  2.710e-04  6.849e-04   8.1e-07  7.1e-04  3.6e+03  7.1e+00
   380  9.71058e-03  2.575e-04  6.068e-04   7.7e-07  6.5e-04  3.6e+03  1.7e+01
   390  9.71064e-03  2.376e-04  5.654e-04   7.1e-07  6.5e-04  3.7e+03  2.4e+01
   400  9.71075e-03  1.749e-04  4.698e-04   5.2e-07  7.2e-04  3.7e+03  1.0e+01
   408  9.71089e-03  9.220e-05  3.106e-04   2.8e-07  9.0e-04  3.8e+03  5.5e+00
   409  9.71089e-03  9.018e-05  3.054e-04   2.7e-07  9.0e-04  3.8e+03  1.2e+01
 
LSMR finished
Ax - b is small enough, given atol, btol                  
istop =       1    normr = 9.0e-05
    normA = 3.8e+03    normAr = 3.1e-04
itn   =     409    condA = 1.2e+01
    normx = 2.3e+00
   409  9.71089e-03   9.018e-05  3.054e-04
   2.7e-07  9.0e-04   3.8e+03  1.2e+01
loss = 8.132692322499462e-09
