OS                           : Linux-5.14.21-150400.24.81_12.0.87-cray_shasta_c-x86_64-with-glibc2.31
Python Version               : 3.9.19
CuPy Version                 : 13.0.0
CuPy Platform                : NVIDIA CUDA
NumPy Version                : 1.26.4
SciPy Version                : 1.13.0
Cython Build Version         : 0.29.36
Cython Runtime Version       : None
CUDA Root                    : /opt/nvidia/hpc_sdk/Linux_x86_64/23.9/cuda/12.2
nvcc PATH                    : /opt/nvidia/hpc_sdk/Linux_x86_64/23.9/cuda/12.2/bin/nvcc
CUDA Build Version           : 12020
CUDA Driver Version          : 12020
CUDA Runtime Version         : 12020 (linked to CuPy) / 12020 (locally installed)
cuBLAS Version               : (available)
cuFFT Version                : 11008
cuRAND Version               : 10303
cuSOLVER Version             : (11, 5, 0)
cuSPARSE Version             : (available)
NVRTC Version                : (12, 2)
Thrust Version               : 200200
CUB Build Version            : 200200
Jitify Build Version         : <unknown>
cuDNN Build Version          : 8801
cuDNN Version                : 8903
NCCL Build Version           : None
NCCL Runtime Version         : None
cuTENSOR Version             : None
cuSPARSELt Build Version     : None
Device 0 Name                : NVIDIA A100-SXM4-40GB
Device 0 Compute Capability  : 80
Device 0 PCI Bus ID          : 0000:03:00.0
None
Sizes of ptrain and pdot:
[(80000, 11, 11), (80000, 11, 11)]
len(theta) = 14641
len(jac) = 9680000
 
LSMR            Least-squares solution of  Ax = b

The matrix A has 19360000 rows and 14641 columns
damp = 0.00000000000000e+00

atol = 1.00e-16                 conlim = 1.00e+08

btol = 1.00e-16             maxiter =   100000

 
   itn      x(1)       norm r    norm Ar  compatible   LS      norm A   cond A
     0  0.00000e+00  3.349e+02  7.329e+04   1.0e+00  6.5e-01
     1  1.56454e-02  7.346e+01  1.296e+04   2.2e-01  7.9e-01  2.2e+02  1.0e+00
     2  1.61368e-02  4.541e+01  3.400e+03   1.4e-01  2.3e-01  3.2e+02  1.0e+00
     3  1.42918e-02  4.064e+01  2.282e+03   1.2e-01  1.5e-01  3.7e+02  1.6e+00
     4  1.05850e-02  3.486e+01  1.604e+03   1.0e-01  1.1e-01  4.2e+02  2.2e+00
     5  7.24414e-03  3.146e+01  9.662e+02   9.4e-02  6.5e-02  4.8e+02  1.6e+00
     6  5.98762e-03  3.025e+01  8.524e+02   9.0e-02  5.7e-02  5.0e+02  3.0e+00
     7  3.17463e-03  2.815e+01  7.252e+02   8.4e-02  4.8e-02  5.4e+02  3.3e+00
     8  1.35071e-03  2.692e+01  6.723e+02   8.0e-02  4.4e-02  5.7e+02  3.6e+00
     9 -1.95992e-03  2.409e+01  5.958e+02   7.2e-02  4.1e-02  6.0e+02  4.8e+00
    10 -4.84133e-03  2.141e+01  5.164e+02   6.4e-02  3.8e-02  6.4e+02  2.8e+00
    20 -2.46141e-03  7.446e+00  1.336e+02   2.2e-02  2.0e-02  8.9e+02  3.1e+00
    30 -3.41629e-03  3.593e+00  5.011e+01   1.1e-02  1.3e-02  1.1e+03  3.2e+00
    40 -2.11415e-03  2.108e+00  2.241e+01   6.3e-03  8.5e-03  1.2e+03  3.5e+00
    50 -5.34661e-05  1.539e+00  9.387e+00   4.6e-03  4.4e-03  1.4e+03  4.9e+00
    60  5.82467e-04  1.398e+00  4.790e+00   4.2e-03  2.3e-03  1.5e+03  5.7e+00
    70  6.04948e-04  1.333e+00  3.382e+00   4.0e-03  1.6e-03  1.6e+03  8.6e+00
    80  7.53553e-04  1.280e+00  3.038e+00   3.8e-03  1.4e-03  1.7e+03  1.5e+01
    90  1.02811e-03  1.212e+00  2.877e+00   3.6e-03  1.3e-03  1.8e+03  1.4e+01
   100  1.76444e-03  1.016e+00  2.567e+00   3.0e-03  1.3e-03  1.9e+03  1.3e+01
   110  3.50740e-03  5.820e-01  1.800e+00   1.7e-03  1.6e-03  2.0e+03  6.8e+00
 
   itn      x(1)       norm r    norm Ar  compatible   LS      norm A   cond A
   120  4.96583e-03  3.294e-01  9.498e-01   9.8e-04  1.4e-03  2.1e+03  6.5e+00
   130  5.32804e-03  2.978e-01  6.785e-01   8.9e-04  1.1e-03  2.1e+03  8.9e+00
   140  5.50195e-03  2.855e-01  5.933e-01   8.5e-04  9.4e-04  2.2e+03  1.6e+01
   150  5.66392e-03  2.737e-01  5.668e-01   8.2e-04  9.0e-04  2.3e+03  2.5e+01
   160  6.26996e-03  2.317e-01  5.117e-01   6.9e-04  9.3e-04  2.4e+03  8.3e+00
   170  7.99671e-03  1.195e-01  3.478e-01   3.6e-04  1.2e-03  2.4e+03  1.2e+01
   180  9.19529e-03  5.597e-02  1.721e-01   1.7e-04  1.2e-03  2.5e+03  8.1e+00
   190  9.41154e-03  4.861e-02  1.187e-01   1.5e-04  9.5e-04  2.6e+03  1.3e+01
   200  9.45684e-03  4.614e-02  1.047e-01   1.4e-04  8.6e-04  2.6e+03  1.6e+01
   210  9.47793e-03  4.338e-02  9.883e-02   1.3e-04  8.4e-04  2.7e+03  1.4e+01
   220  9.52853e-03  3.487e-02  8.652e-02   1.0e-04  9.0e-04  2.8e+03  1.0e+01
   230  9.61350e-03  2.006e-02  6.242e-02   6.0e-05  1.1e-03  2.8e+03  6.4e+00
   240  9.67723e-03  9.916e-03  3.467e-02   3.0e-05  1.2e-03  2.9e+03  6.7e+00
   250  9.69657e-03  7.897e-03  2.021e-02   2.4e-05  8.7e-04  2.9e+03  1.1e+01
   260  9.70058e-03  7.499e-03  1.663e-02   2.2e-05  7.4e-04  3.0e+03  1.5e+01
   270  9.70178e-03  7.182e-03  1.562e-02   2.1e-05  7.1e-04  3.1e+03  2.6e+01
   280  9.70252e-03  6.402e-03  1.441e-02   1.9e-05  7.2e-04  3.1e+03  1.3e+01
   290  9.70393e-03  4.231e-03  1.119e-02   1.3e-05  8.3e-04  3.2e+03  1.4e+01
   300  9.70535e-03  2.188e-03  6.423e-03   6.5e-06  9.1e-04  3.2e+03  7.5e+00
   310  9.70587e-03  1.793e-03  4.311e-03   5.4e-06  7.3e-04  3.3e+03  1.7e+01
 
   itn      x(1)       norm r    norm Ar  compatible   LS      norm A   cond A
   320  9.70610e-03  1.698e-03  3.817e-03   5.1e-06  6.7e-04  3.3e+03  2.1e+01
   330  9.70647e-03  1.577e-03  3.573e-03   4.7e-06  6.7e-04  3.4e+03  2.2e+01
   340  9.70753e-03  1.232e-03  3.087e-03   3.7e-06  7.3e-04  3.4e+03  8.0e+00
   350  9.70937e-03  5.908e-04  1.986e-03   1.8e-06  9.6e-04  3.5e+03  9.7e+00
   360  9.71033e-03  3.069e-04  1.002e-03   9.2e-07  9.2e-04  3.5e+03  1.0e+01
   370  9.71052e-03  2.710e-04  6.849e-04   8.1e-07  7.1e-04  3.6e+03  7.1e+00
   380  9.71058e-03  2.575e-04  6.068e-04   7.7e-07  6.5e-04  3.6e+03  1.7e+01
   390  9.71064e-03  2.376e-04  5.654e-04   7.1e-07  6.5e-04  3.7e+03  2.4e+01
   400  9.71075e-03  1.749e-04  4.698e-04   5.2e-07  7.2e-04  3.7e+03  1.0e+01
   410  9.71090e-03  8.091e-05  2.799e-04   2.4e-07  9.2e-04  3.8e+03  6.3e+00
   420  9.71093e-03  5.390e-05  1.584e-04   1.6e-07  7.7e-04  3.8e+03  1.1e+01
   430  9.71091e-03  4.917e-05  1.167e-04   1.5e-07  6.1e-04  3.9e+03  1.1e+01
   440  9.71089e-03  4.666e-05  1.064e-04   1.4e-07  5.8e-04  3.9e+03  1.5e+01
   450  9.71080e-03  3.964e-05  9.506e-05   1.2e-07  6.1e-04  3.9e+03  1.6e+01
   460  9.71055e-03  2.019e-05  6.277e-05   6.0e-08  7.8e-04  4.0e+03  6.6e+00
   470  9.71039e-03  1.082e-05  3.217e-05   3.2e-08  7.4e-04  4.0e+03  8.3e+00
   480  9.71035e-03  9.733e-06  2.309e-05   2.9e-08  5.8e-04  4.1e+03  6.6e+00
   490  9.71034e-03  9.306e-06  2.044e-05   2.8e-08  5.3e-04  4.1e+03  1.7e+01
   500  9.71034e-03  8.932e-06  1.953e-05   2.7e-08  5.3e-04  4.2e+03  3.1e+01
   510  9.71031e-03  7.595e-06  1.760e-05   2.3e-08  5.5e-04  4.2e+03  1.2e+01
 
   itn      x(1)       norm r    norm Ar  compatible   LS      norm A   cond A
   520  9.71024e-03  4.283e-06  1.248e-05   1.3e-08  6.9e-04  4.2e+03  1.0e+01
   530  9.71019e-03  2.144e-06  6.514e-06   6.4e-09  7.1e-04  4.3e+03  8.2e+00
   540  9.71018e-03  1.846e-06  4.368e-06   5.5e-09  5.5e-04  4.3e+03  8.2e+00
   550  9.71017e-03  1.771e-06  3.933e-06   5.3e-09  5.1e-04  4.4e+03  2.8e+01
   560  9.71017e-03  1.658e-06  3.694e-06   5.0e-09  5.1e-04  4.4e+03  2.3e+01
   570  9.71017e-03  1.330e-06  3.233e-06   4.0e-09  5.5e-04  4.4e+03  7.0e+00
   580  9.71018e-03  7.107e-07  2.213e-06   2.1e-09  7.0e-04  4.5e+03  9.7e+00
   590  9.71018e-03  3.919e-07  1.262e-06   1.2e-09  7.1e-04  4.5e+03  7.2e+00
   600  9.71018e-03  3.316e-07  8.451e-07   9.9e-10  5.6e-04  4.6e+03  6.6e+00
   610  9.71018e-03  3.141e-07  7.416e-07   9.4e-10  5.1e-04  4.6e+03  1.9e+01
   620  9.71018e-03  2.918e-07  6.924e-07   8.7e-10  5.1e-04  4.6e+03  1.1e+01
   630  9.71018e-03  2.096e-07  5.683e-07   6.3e-10  5.8e-04  4.7e+03  6.6e+00
   640  9.71018e-03  9.321e-08  3.349e-07   2.8e-10  7.6e-04  4.7e+03  6.6e+00
   650  9.71018e-03  5.861e-08  1.691e-07   1.8e-10  6.1e-04  4.7e+03  6.6e+00
   660  9.71018e-03  5.478e-08  1.299e-07   1.6e-10  5.0e-04  4.8e+03  1.5e+01
   670  9.71018e-03  5.234e-08  1.181e-07   1.6e-10  4.7e-04  4.8e+03  2.0e+01
   680  9.71018e-03  4.771e-08  1.100e-07   1.4e-10  4.8e-04  4.8e+03  2.7e+01
   690  9.71018e-03  3.587e-08  9.287e-08   1.1e-10  5.3e-04  4.9e+03  1.0e+01
   700  9.71018e-03  1.667e-08  5.490e-08   5.0e-11  6.7e-04  4.9e+03  1.1e+01
   710  9.71018e-03  1.143e-08  3.093e-08   3.4e-11  5.5e-04  5.0e+03  6.6e+00
 
   itn      x(1)       norm r    norm Ar  compatible   LS      norm A   cond A
   720  9.71018e-03  1.067e-08  2.452e-08   3.2e-11  4.6e-04  5.0e+03  1.7e+01
   730  9.71018e-03  1.017e-08  2.247e-08   3.0e-11  4.4e-04  5.0e+03  2.2e+01
   740  9.71018e-03  9.325e-09  2.103e-08   2.8e-11  4.5e-04  5.1e+03  1.2e+01
   750  9.71018e-03  6.763e-09  1.736e-08   2.0e-11  5.0e-04  5.1e+03  1.2e+01
   760  9.71018e-03  3.339e-09  1.068e-08   1.0e-11  6.2e-04  5.1e+03  6.6e+00
   770  9.71018e-03  2.276e-09  6.073e-09   6.8e-12  5.2e-04  5.2e+03  8.3e+00
   780  9.71018e-03  2.108e-09  4.607e-09   6.3e-12  4.2e-04  5.2e+03  8.8e+00
   790  9.71018e-03  2.008e-09  4.129e-09   6.0e-12  3.9e-04  5.2e+03  1.0e+01
   800  9.71018e-03  1.842e-09  3.800e-09   5.5e-12  3.9e-04  5.3e+03  8.0e+00
   810  9.71018e-03  1.449e-09  3.079e-09   4.3e-12  4.0e-04  5.3e+03  8.7e+00
   820  9.71018e-03  1.091e-09  1.997e-09   3.3e-12  3.4e-04  5.3e+03  6.9e+00
   830  9.71018e-03  9.943e-10  1.101e-09   3.0e-12  2.1e-04  5.4e+03  9.3e+00
   840  9.71018e-03  9.814e-10  7.507e-10   2.9e-12  1.4e-04  5.4e+03  2.1e+01
   850  9.71018e-03  9.772e-10  6.828e-10   2.9e-12  1.3e-04  5.4e+03  1.9e+01
   860  9.71018e-03  9.684e-10  6.298e-10   2.9e-12  1.2e-04  5.4e+03  1.2e+01
   870  9.71018e-03  9.477e-10  4.977e-10   2.8e-12  9.6e-05  5.5e+03  1.3e+01
   880  9.71018e-03  9.341e-10  2.844e-10   2.8e-12  5.5e-05  5.5e+03  6.6e+00
   890  9.71018e-03  9.324e-10  1.774e-10   2.8e-12  3.4e-05  5.6e+03  6.6e+00
   900  9.71018e-03  9.322e-10  1.516e-10   2.8e-12  2.9e-05  5.6e+03  1.3e+01
   910  9.71018e-03  9.319e-10  1.414e-10   2.8e-12  2.7e-05  5.6e+03  1.8e+01
 
   itn      x(1)       norm r    norm Ar  compatible   LS      norm A   cond A
   920  9.71018e-03  9.312e-10  1.253e-10   2.8e-12  2.4e-05  5.6e+03  1.4e+01
   930  9.71018e-03  9.300e-10  8.319e-11   2.8e-12  1.6e-05  5.7e+03  6.9e+00
   940  9.71018e-03  9.297e-10  4.520e-11   2.8e-12  8.5e-06  5.7e+03  6.6e+00
   950  9.71018e-03  9.297e-10  3.009e-11   2.8e-12  5.6e-06  5.7e+03  1.4e+01
   960  9.71018e-03  9.297e-10  2.481e-11   2.8e-12  4.6e-06  5.8e+03  2.4e+01
   970  9.71018e-03  9.297e-10  2.314e-11   2.8e-12  4.3e-06  5.8e+03  1.1e+01
   980  9.71018e-03  9.297e-10  1.990e-11   2.8e-12  3.7e-06  5.8e+03  1.4e+01
   990  9.71018e-03  9.296e-10  1.209e-11   2.8e-12  2.2e-06  5.9e+03  6.6e+00
  1000  9.71018e-03  9.296e-10  6.062e-12   2.8e-12  1.1e-06  5.9e+03  6.6e+00
  1010  9.71018e-03  9.296e-10  3.982e-12   2.8e-12  7.2e-07  5.9e+03  1.9e+01
  1020  9.71018e-03  9.296e-10  3.475e-12   2.8e-12  6.3e-07  5.9e+03  2.2e+01
  1030  9.71018e-03  9.296e-10  3.269e-12   2.8e-12  5.9e-07  6.0e+03  1.8e+01
  1040  9.71018e-03  9.296e-10  2.743e-12   2.8e-12  4.9e-07  6.0e+03  1.6e+01
  1050  9.71018e-03  9.296e-10  1.730e-12   2.8e-12  3.1e-07  6.0e+03  6.7e+00
  1060  9.71018e-03  9.296e-10  9.591e-13   2.8e-12  1.7e-07  6.1e+03  6.6e+00
  1070  9.71018e-03  9.296e-10  6.952e-13   2.8e-12  1.2e-07  6.1e+03  1.7e+01
  1080  9.71018e-03  9.296e-10  6.334e-13   2.8e-12  1.1e-07  6.1e+03  2.3e+01
  1090  9.71018e-03  9.296e-10  5.962e-13   2.8e-12  1.0e-07  6.1e+03  2.6e+01
  1100  9.71018e-03  9.296e-10  5.189e-13   2.8e-12  9.1e-08  6.2e+03  1.3e+01
  1110  9.71018e-03  9.296e-10  3.414e-13   2.8e-12  5.9e-08  6.2e+03  7.0e+00
 
   itn      x(1)       norm r    norm Ar  compatible   LS      norm A   cond A
  1120  9.71018e-03  9.296e-10  1.786e-13   2.8e-12  3.1e-08  6.2e+03  9.0e+00
  1130  9.71018e-03  9.296e-10  1.307e-13   2.8e-12  2.2e-08  6.3e+03  1.6e+01
  1140  9.71018e-03  9.296e-10  1.192e-13   2.8e-12  2.0e-08  6.3e+03  2.2e+01
  1150  9.71018e-03  9.296e-10  1.122e-13   2.8e-12  1.9e-08  6.3e+03  2.4e+01
  1160  9.71018e-03  9.296e-10  8.543e-14   2.8e-12  1.5e-08  6.3e+03  1.8e+01
  1170  9.71018e-03  9.296e-10  4.731e-14   2.8e-12  8.0e-09  6.4e+03  7.1e+00
  1180  9.71018e-03  9.296e-10  2.545e-14   2.8e-12  4.3e-09  6.4e+03  1.0e+01
  1190  9.71018e-03  9.296e-10  1.754e-14   2.8e-12  2.9e-09  6.4e+03  8.6e+00
  1200  9.71018e-03  9.296e-10  1.607e-14   2.8e-12  2.7e-09  6.4e+03  2.1e+01
  1210  9.71018e-03  9.296e-10  1.482e-14   2.8e-12  2.5e-09  6.5e+03  1.9e+01
  1220  9.71018e-03  9.296e-10  1.220e-14   2.8e-12  2.0e-09  6.5e+03  8.3e+00
  1230  9.71018e-03  9.296e-10  7.656e-15   2.8e-12  1.3e-09  6.5e+03  7.1e+00
  1240  9.71018e-03  9.296e-10  4.022e-15   2.8e-12  6.6e-10  6.5e+03  7.1e+00
  1250  9.71018e-03  9.296e-10  2.580e-15   2.8e-12  4.2e-10  6.6e+03  1.4e+01
  1260  9.71018e-03  9.296e-10  2.326e-15   2.8e-12  3.8e-10  6.6e+03  2.7e+01
  1270  9.71018e-03  9.296e-10  2.190e-15   2.8e-12  3.6e-10  6.6e+03  1.9e+01
  1280  9.71018e-03  9.296e-10  1.836e-15   2.8e-12  3.0e-10  6.7e+03  1.3e+01
  1290  9.71018e-03  9.296e-10  1.161e-15   2.8e-12  1.9e-10  6.7e+03  7.1e+00
  1300  9.71018e-03  9.296e-10  5.745e-16   2.8e-12  9.2e-11  6.7e+03  7.1e+00
  1310  9.71018e-03  9.296e-10  4.614e-16   2.8e-12  7.4e-11  6.7e+03  1.7e+01
 
   itn      x(1)       norm r    norm Ar  compatible   LS      norm A   cond A
  1320  9.71018e-03  9.296e-10  4.207e-16   2.8e-12  6.7e-11  6.8e+03  2.4e+01
  1330  9.71018e-03  9.296e-10  3.916e-16   2.8e-12  6.2e-11  6.8e+03  1.6e+01
  1340  9.71018e-03  9.296e-10  2.954e-16   2.8e-12  4.7e-11  6.8e+03  7.1e+00
  1350  9.71018e-03  9.296e-10  1.517e-16   2.8e-12  2.4e-11  6.8e+03  7.9e+00
  1360  9.71018e-03  9.296e-10  9.096e-17   2.8e-12  1.4e-11  6.9e+03  9.2e+00
  1370  9.71018e-03  9.296e-10  6.962e-17   2.8e-12  1.1e-11  6.9e+03  3.0e+01
  1380  9.71018e-03  9.296e-10  6.456e-17   2.8e-12  1.0e-11  6.9e+03  2.4e+01
  1390  9.71018e-03  9.296e-10  5.867e-17   2.8e-12  9.1e-12  6.9e+03  1.6e+01
  1400  9.71018e-03  9.296e-10  4.216e-17   2.8e-12  6.5e-12  7.0e+03  9.7e+00
  1410  9.71018e-03  9.296e-10  1.980e-17   2.8e-12  3.0e-12  7.0e+03  8.4e+00
  1420  9.71018e-03  9.296e-10  1.181e-17   2.8e-12  1.8e-12  7.0e+03  9.5e+00
  1430  9.71018e-03  9.296e-10  9.763e-18   2.8e-12  1.5e-12  7.0e+03  1.3e+01
  1440  9.71018e-03  9.296e-10  9.238e-18   2.8e-12  1.4e-12  7.1e+03  2.3e+01
  1450  9.71018e-03  9.296e-10  8.359e-18   2.8e-12  1.3e-12  7.1e+03  1.2e+01
  1460  9.71018e-03  9.296e-10  6.044e-18   2.8e-12  9.2e-13  7.1e+03  7.1e+00
  1470  9.71018e-03  9.296e-10  3.054e-18   2.8e-12  4.6e-13  7.1e+03  7.1e+00
  1480  9.71018e-03  9.296e-10  1.927e-18   2.8e-12  2.9e-13  7.2e+03  7.2e+00
  1490  9.71018e-03  9.296e-10  1.576e-18   2.8e-12  2.4e-13  7.2e+03  1.2e+01
  1500  9.71018e-03  9.296e-10  1.472e-18   2.8e-12  2.2e-13  7.2e+03  1.9e+01
  1510  9.71018e-03  9.296e-10  1.297e-18   2.8e-12  1.9e-13  7.2e+03  1.5e+01
 
   itn      x(1)       norm r    norm Ar  compatible   LS      norm A   cond A
  1520  9.71018e-03  9.296e-10  9.174e-19   2.8e-12  1.4e-13  7.2e+03  9.5e+00
  1530  9.71018e-03  9.296e-10  4.336e-19   2.8e-12  6.4e-14  7.3e+03  7.1e+00
  1540  9.71018e-03  9.296e-10  2.961e-19   2.8e-12  4.4e-14  7.3e+03  8.8e+00
  1550  9.71018e-03  9.296e-10  2.612e-19   2.8e-12  3.8e-14  7.3e+03  2.2e+01
  1560  9.71018e-03  9.296e-10  2.456e-19   2.8e-12  3.6e-14  7.3e+03  1.4e+01
  1570  9.71018e-03  9.296e-10  2.100e-19   2.8e-12  3.1e-14  7.4e+03  8.2e+00
  1580  9.71018e-03  9.296e-10  1.384e-19   2.8e-12  2.0e-14  7.4e+03  7.1e+00
  1590  9.71018e-03  9.296e-10  5.970e-20   2.8e-12  8.7e-15  7.4e+03  7.1e+00
  1600  9.71018e-03  9.296e-10  4.065e-20   2.8e-12  5.9e-15  7.4e+03  8.0e+00
  1610  9.71018e-03  9.296e-10  3.630e-20   2.8e-12  5.2e-15  7.5e+03  1.1e+01
  1620  9.71018e-03  9.296e-10  3.427e-20   2.8e-12  4.9e-15  7.5e+03  1.8e+01
  1630  9.71018e-03  9.296e-10  2.854e-20   2.8e-12  4.1e-15  7.5e+03  8.2e+00
  1640  9.71018e-03  9.296e-10  1.648e-20   2.8e-12  2.4e-15  7.5e+03  7.1e+00
  1650  9.71018e-03  9.296e-10  9.057e-21   2.8e-12  1.3e-15  7.6e+03  7.1e+00
  1660  9.71018e-03  9.296e-10  5.961e-21   2.8e-12  8.5e-16  7.6e+03  2.2e+01
  1670  9.71018e-03  9.296e-10  5.369e-21   2.8e-12  7.6e-16  7.6e+03  1.4e+01
  1680  9.71018e-03  9.296e-10  5.063e-21   2.8e-12  7.1e-16  7.6e+03  3.1e+01
  1690  9.71018e-03  9.296e-10  4.308e-21   2.8e-12  6.1e-16  7.6e+03  1.1e+01
  1700  9.71018e-03  9.296e-10  2.716e-21   2.8e-12  3.8e-16  7.7e+03  8.2e+00
  1710  9.71018e-03  9.296e-10  1.360e-21   2.8e-12  1.9e-16  7.7e+03  7.1e+00
 
   itn      x(1)       norm r    norm Ar  compatible   LS      norm A   cond A
  1720  9.71018e-03  9.296e-10  1.002e-21   2.8e-12  1.4e-16  7.7e+03  1.2e+01
  1730  9.71018e-03  9.296e-10  8.935e-22   2.8e-12  1.2e-16  7.7e+03  4.0e+01
  1740  9.71018e-03  9.296e-10  8.366e-22   2.8e-12  1.2e-16  7.8e+03  2.1e+01
  1744  9.71018e-03  9.296e-10  7.972e-22   2.8e-12  1.1e-16  7.8e+03  1.5e+01
 
LSMR finished
The least-squares solution is good enough for this machine
istop =       5    normr = 9.3e-10
    normA = 7.8e+03    normAr = 8.0e-22
itn   =    1744    condA = 1.5e+01
    normx = 2.3e+00
  1744  9.71018e-03   9.296e-10  7.972e-22
   2.8e-12  1.1e-16   7.8e+03  1.5e+01
loss = 8.642307183539616e-19
