OS                           : Linux-5.14.21-150400.24.69_12.0.74-cray_shasta_c-x86_64-with-glibc2.31
Python Version               : 3.9.15
CuPy Version                 : 12.1.0
CuPy Platform                : NVIDIA CUDA
NumPy Version                : 1.23.5
SciPy Version                : 1.9.3
Cython Build Version         : 0.29.32
Cython Runtime Version       : None
CUDA Root                    : /opt/nvidia/hpc_sdk/Linux_x86_64/22.7/cuda/11.7
nvcc PATH                    : /opt/nvidia/hpc_sdk/Linux_x86_64/22.7/cuda/11.7/bin/nvcc
CUDA Build Version           : 11080
CUDA Driver Version          : 12000
CUDA Runtime Version         : 11070
cuBLAS Version               : (available)
cuFFT Version                : 10702
cuRAND Version               : 10210
cuSOLVER Version             : (11, 3, 5)
cuSPARSE Version             : (available)
NVRTC Version                : (11, 7)
Thrust Version               : 101501
CUB Build Version            : 101501
Jitify Build Version         : 4a37de0
cuDNN Build Version          : 8801
cuDNN Version                : 8302
NCCL Build Version           : 21602
NCCL Runtime Version         : 21505
cuTENSOR Version             : 10500
cuSPARSELt Build Version     : None
Device 0 Name                : NVIDIA A100-PCIE-40GB
Device 0 Compute Capability  : 80
Device 0 PCI Bus ID          : 0000:C3:00.0
None
Sizes of ptrain and pdot:
[(79920, 11, 11), (79920, 11, 11)]
len(theta) = 14641
len(jac) = 9670320
 
LSMR            Least-squares solution of  Ax = b

The matrix A has 19340640 rows and 14641 columns
damp = 0.00000000000000e+00

atol = 1.00e-08                 conlim = 1.00e+08

btol = 1.00e-08             maxiter =    20000

 
   itn      x(1)       norm r    norm Ar  compatible   LS      norm A   cond A
     0  0.00000e+00  1.243e+02  1.152e+04   1.0e+00  7.5e-01
     1  8.83145e-03  7.012e+01  5.267e+03   5.6e-01  6.8e-01  1.1e+02  1.0e+00
     2  2.67304e-02  3.705e+01  2.409e+03   3.0e-01  4.0e-01  1.6e+02  1.3e+00
     3  4.36213e-02  2.262e+01  1.123e+03   1.8e-01  2.5e-01  2.0e+02  1.4e+00
     4  5.10021e-02  1.790e+01  6.401e+02   1.4e-01  1.6e-01  2.2e+02  1.4e+00
     5  5.27591e-02  1.497e+01  4.370e+02   1.2e-01  1.2e-01  2.4e+02  1.9e+00
     6  5.02036e-02  1.310e+01  3.355e+02   1.1e-01  9.7e-02  2.6e+02  2.1e+00
     7  4.42318e-02  1.110e+01  2.297e+02   8.9e-02  7.2e-02  2.9e+02  2.2e+00
     8  4.21217e-02  1.017e+01  1.918e+02   8.2e-02  6.3e-02  3.0e+02  2.7e+00
     9  4.05406e-02  9.157e+00  1.586e+02   7.4e-02  5.4e-02  3.2e+02  2.7e+00
    10  3.92364e-02  8.224e+00  1.289e+02   6.6e-02  4.7e-02  3.4e+02  2.7e+00
    20  3.07659e-02  4.209e+00  3.522e+01   3.4e-02  1.8e-02  4.6e+02  4.2e+00
    30  2.98114e-02  2.615e+00  1.552e+01   2.1e-02  1.1e-02  5.5e+02  4.9e+00
    40  3.17599e-02  1.860e+00  8.740e+00   1.5e-02  7.4e-03  6.3e+02  6.0e+00
    50  3.40018e-02  1.332e+00  5.489e+00   1.1e-02  5.9e-03  7.0e+02  6.7e+00
    60  3.41577e-02  9.509e-01  3.564e+00   7.6e-03  4.9e-03  7.7e+02  7.5e+00
    70  3.26248e-02  6.910e-01  2.353e+00   5.6e-03  4.1e-03  8.3e+02  7.5e+00
    80  3.17151e-02  5.182e-01  1.571e+00   4.2e-03  3.4e-03  8.8e+02  8.1e+00
    90  3.12727e-02  4.169e-01  1.138e+00   3.4e-03  2.9e-03  9.4e+02  5.7e+00
   100  3.10223e-02  3.391e-01  8.317e-01   2.7e-03  2.5e-03  9.9e+02  8.6e+00
   110  3.10193e-02  2.842e-01  6.462e-01   2.3e-03  2.2e-03  1.0e+03  6.7e+00
 
   itn      x(1)       norm r    norm Ar  compatible   LS      norm A   cond A
   120  3.09748e-02  2.368e-01  4.996e-01   1.9e-03  1.9e-03  1.1e+03  7.3e+00
   130  3.08890e-02  2.012e-01  3.927e-01   1.6e-03  1.7e-03  1.1e+03  9.5e+00
   140  3.07829e-02  1.748e-01  3.173e-01   1.4e-03  1.6e-03  1.2e+03  9.7e+00
   150  3.06830e-02  1.526e-01  2.538e-01   1.2e-03  1.4e-03  1.2e+03  8.4e+00
   160  3.06490e-02  1.360e-01  2.057e-01   1.1e-03  1.2e-03  1.2e+03  9.1e+00
   170  3.06529e-02  1.238e-01  1.705e-01   1.0e-03  1.1e-03  1.3e+03  8.3e+00
   180  3.06523e-02  1.147e-01  1.470e-01   9.2e-04  9.7e-04  1.3e+03  1.2e+01
   190  3.06802e-02  1.068e-01  1.296e-01   8.6e-04  8.9e-04  1.4e+03  1.3e+01
   200  3.07255e-02  9.889e-02  1.144e-01   8.0e-04  8.3e-04  1.4e+03  1.2e+01
   210  3.07883e-02  9.100e-02  1.008e-01   7.3e-04  7.7e-04  1.4e+03  1.1e+01
   220  3.08655e-02  8.298e-02  8.767e-02   6.7e-04  7.2e-04  1.5e+03  1.5e+01
   230  3.09253e-02  7.653e-02  7.747e-02   6.2e-04  6.8e-04  1.5e+03  1.3e+01
   240  3.09673e-02  7.042e-02  6.792e-02   5.7e-04  6.3e-04  1.5e+03  1.2e+01
   250  3.09863e-02  6.557e-02  6.018e-02   5.3e-04  5.9e-04  1.6e+03  1.4e+01
   260  3.10003e-02  6.171e-02  5.429e-02   5.0e-04  5.5e-04  1.6e+03  1.5e+01
   270  3.10157e-02  5.823e-02  4.928e-02   4.7e-04  5.2e-04  1.6e+03  1.3e+01
   280  3.10281e-02  5.478e-02  4.455e-02   4.4e-04  4.9e-04  1.6e+03  1.5e+01
   290  3.10317e-02  5.174e-02  4.047e-02   4.2e-04  4.7e-04  1.7e+03  1.1e+01
   300  3.10247e-02  4.890e-02  3.673e-02   3.9e-04  4.4e-04  1.7e+03  1.3e+01
   310  3.10114e-02  4.661e-02  3.377e-02   3.7e-04  4.2e-04  1.7e+03  1.3e+01
 
   itn      x(1)       norm r    norm Ar  compatible   LS      norm A   cond A
   320  3.09982e-02  4.428e-02  3.083e-02   3.6e-04  3.9e-04  1.8e+03  1.5e+01
   330  3.09898e-02  4.233e-02  2.845e-02   3.4e-04  3.7e-04  1.8e+03  1.5e+01
   340  3.09830e-02  4.054e-02  2.639e-02   3.3e-04  3.6e-04  1.8e+03  1.5e+01
   350  3.09709e-02  3.879e-02  2.446e-02   3.1e-04  3.4e-04  1.8e+03  1.2e+01
   360  3.09579e-02  3.711e-02  2.265e-02   3.0e-04  3.3e-04  1.9e+03  1.8e+01
   370  3.09458e-02  3.560e-02  2.108e-02   2.9e-04  3.1e-04  1.9e+03  1.4e+01
   380  3.09365e-02  3.413e-02  1.958e-02   2.7e-04  3.0e-04  1.9e+03  1.5e+01
   390  3.09330e-02  3.271e-02  1.812e-02   2.6e-04  2.8e-04  1.9e+03  1.3e+01
   400  3.09359e-02  3.128e-02  1.657e-02   2.5e-04  2.7e-04  2.0e+03  1.5e+01
   410  3.09448e-02  3.007e-02  1.516e-02   2.4e-04  2.5e-04  2.0e+03  1.7e+01
   420  3.09580e-02  2.905e-02  1.387e-02   2.3e-04  2.4e-04  2.0e+03  1.7e+01
   430  3.09705e-02  2.820e-02  1.275e-02   2.3e-04  2.2e-04  2.0e+03  1.6e+01
   440  3.09800e-02  2.755e-02  1.189e-02   2.2e-04  2.1e-04  2.1e+03  1.6e+01
   450  3.09870e-02  2.700e-02  1.121e-02   2.2e-04  2.0e-04  2.1e+03  2.1e+01
   460  3.09913e-02  2.650e-02  1.061e-02   2.1e-04  1.9e-04  2.1e+03  1.5e+01
   470  3.09923e-02  2.601e-02  1.005e-02   2.1e-04  1.8e-04  2.1e+03  1.9e+01
   480  3.09914e-02  2.555e-02  9.572e-03   2.1e-04  1.7e-04  2.2e+03  1.8e+01
   490  3.09897e-02  2.513e-02  9.158e-03   2.0e-04  1.7e-04  2.2e+03  2.0e+01
   500  3.09880e-02  2.475e-02  8.814e-03   2.0e-04  1.6e-04  2.2e+03  2.1e+01
   510  3.09864e-02  2.436e-02  8.477e-03   2.0e-04  1.6e-04  2.2e+03  2.1e+01
 
   itn      x(1)       norm r    norm Ar  compatible   LS      norm A   cond A
   520  3.09853e-02  2.393e-02  8.134e-03   1.9e-04  1.5e-04  2.3e+03  1.5e+01
   530  3.09851e-02  2.353e-02  7.823e-03   1.9e-04  1.5e-04  2.3e+03  1.8e+01
   540  3.09865e-02  2.308e-02  7.499e-03   1.9e-04  1.4e-04  2.3e+03  2.6e+01
   550  3.09886e-02  2.268e-02  7.224e-03   1.8e-04  1.4e-04  2.3e+03  2.5e+01
   560  3.09913e-02  2.226e-02  6.947e-03   1.8e-04  1.3e-04  2.3e+03  2.2e+01
   570  3.09949e-02  2.188e-02  6.702e-03   1.8e-04  1.3e-04  2.4e+03  1.5e+01
   580  3.09993e-02  2.147e-02  6.456e-03   1.7e-04  1.3e-04  2.4e+03  2.8e+01
   590  3.10032e-02  2.112e-02  6.252e-03   1.7e-04  1.2e-04  2.4e+03  2.3e+01
   600  3.10070e-02  2.077e-02  6.058e-03   1.7e-04  1.2e-04  2.4e+03  2.4e+01
   610  3.10106e-02  2.042e-02  5.873e-03   1.6e-04  1.2e-04  2.4e+03  2.1e+01
   620  3.10137e-02  2.010e-02  5.712e-03   1.6e-04  1.2e-04  2.5e+03  2.5e+01
   630  3.10168e-02  1.976e-02  5.547e-03   1.6e-04  1.1e-04  2.5e+03  2.2e+01
   640  3.10196e-02  1.943e-02  5.389e-03   1.6e-04  1.1e-04  2.5e+03  2.4e+01
   650  3.10223e-02  1.909e-02  5.235e-03   1.5e-04  1.1e-04  2.5e+03  1.9e+01
   660  3.10251e-02  1.875e-02  5.083e-03   1.5e-04  1.1e-04  2.5e+03  2.2e+01
   670  3.10283e-02  1.837e-02  4.919e-03   1.5e-04  1.0e-04  2.6e+03  2.3e+01
   680  3.10314e-02  1.801e-02  4.762e-03   1.4e-04  1.0e-04  2.6e+03  2.5e+01
   690  3.10339e-02  1.764e-02  4.601e-03   1.4e-04  1.0e-04  2.6e+03  2.3e+01
   700  3.10354e-02  1.727e-02  4.443e-03   1.4e-04  9.8e-05  2.6e+03  2.3e+01
   710  3.10358e-02  1.693e-02  4.294e-03   1.4e-04  9.6e-05  2.6e+03  1.6e+01
 
   itn      x(1)       norm r    norm Ar  compatible   LS      norm A   cond A
   720  3.10353e-02  1.662e-02  4.160e-03   1.3e-04  9.5e-05  2.6e+03  2.6e+01
   730  3.10345e-02  1.639e-02  4.065e-03   1.3e-04  9.3e-05  2.7e+03  2.5e+01
   740  3.10333e-02  1.617e-02  3.974e-03   1.3e-04  9.1e-05  2.7e+03  2.6e+01
   750  3.10315e-02  1.586e-02  3.852e-03   1.3e-04  9.0e-05  2.7e+03  2.1e+01
   760  3.10306e-02  1.554e-02  3.722e-03   1.2e-04  8.8e-05  2.7e+03  2.7e+01
   770  3.10309e-02  1.527e-02  3.617e-03   1.2e-04  8.6e-05  2.7e+03  2.5e+01
   780  3.10318e-02  1.502e-02  3.517e-03   1.2e-04  8.5e-05  2.8e+03  3.4e+01
   790  3.10325e-02  1.477e-02  3.421e-03   1.2e-04  8.3e-05  2.8e+03  1.9e+01
   800  3.10334e-02  1.450e-02  3.321e-03   1.2e-04  8.2e-05  2.8e+03  3.3e+01
   810  3.10339e-02  1.428e-02  3.238e-03   1.1e-04  8.1e-05  2.8e+03  2.7e+01
   820  3.10343e-02  1.404e-02  3.147e-03   1.1e-04  7.9e-05  2.8e+03  2.1e+01
   830  3.10347e-02  1.378e-02  3.049e-03   1.1e-04  7.8e-05  2.8e+03  2.9e+01
   840  3.10349e-02  1.351e-02  2.946e-03   1.1e-04  7.6e-05  2.9e+03  3.1e+01
   850  3.10354e-02  1.324e-02  2.842e-03   1.1e-04  7.4e-05  2.9e+03  1.5e+01
   860  3.10361e-02  1.296e-02  2.724e-03   1.0e-04  7.3e-05  2.9e+03  1.8e+01
   870  3.10367e-02  1.268e-02  2.600e-03   1.0e-04  7.0e-05  2.9e+03  2.1e+01
   880  3.10370e-02  1.241e-02  2.474e-03   1.0e-04  6.8e-05  2.9e+03  2.1e+01
   890  3.10371e-02  1.221e-02  2.373e-03   9.8e-05  6.6e-05  2.9e+03  2.1e+01
   900  3.10369e-02  1.203e-02  2.280e-03   9.7e-05  6.4e-05  3.0e+03  1.7e+01
   910  3.10364e-02  1.187e-02  2.190e-03   9.5e-05  6.2e-05  3.0e+03  2.2e+01
 
   itn      x(1)       norm r    norm Ar  compatible   LS      norm A   cond A
   920  3.10359e-02  1.173e-02  2.111e-03   9.4e-05  6.0e-05  3.0e+03  1.9e+01
   930  3.10354e-02  1.159e-02  2.029e-03   9.3e-05  5.8e-05  3.0e+03  1.8e+01
   940  3.10349e-02  1.147e-02  1.950e-03   9.2e-05  5.6e-05  3.0e+03  2.2e+01
   950  3.10343e-02  1.137e-02  1.883e-03   9.1e-05  5.4e-05  3.0e+03  2.0e+01
   960  3.10337e-02  1.126e-02  1.812e-03   9.1e-05  5.3e-05  3.1e+03  2.0e+01
   970  3.10330e-02  1.115e-02  1.737e-03   9.0e-05  5.1e-05  3.1e+03  2.0e+01
   980  3.10327e-02  1.107e-02  1.678e-03   8.9e-05  4.9e-05  3.1e+03  2.2e+01
   990  3.10326e-02  1.099e-02  1.615e-03   8.8e-05  4.7e-05  3.1e+03  2.2e+01
  1000  3.10327e-02  1.092e-02  1.561e-03   8.8e-05  4.6e-05  3.1e+03  2.2e+01
  1010  3.10330e-02  1.086e-02  1.510e-03   8.7e-05  4.4e-05  3.1e+03  2.8e+01
  1020  3.10333e-02  1.081e-02  1.472e-03   8.7e-05  4.3e-05  3.2e+03  2.3e+01
  1030  3.10338e-02  1.076e-02  1.437e-03   8.7e-05  4.2e-05  3.2e+03  3.2e+01
  1040  3.10344e-02  1.072e-02  1.402e-03   8.6e-05  4.1e-05  3.2e+03  2.4e+01
  1050  3.10348e-02  1.067e-02  1.371e-03   8.6e-05  4.0e-05  3.2e+03  3.0e+01
  1060  3.10351e-02  1.063e-02  1.344e-03   8.6e-05  3.9e-05  3.2e+03  3.7e+01
  1070  3.10356e-02  1.058e-02  1.312e-03   8.5e-05  3.8e-05  3.2e+03  3.7e+01
  1080  3.10360e-02  1.054e-02  1.283e-03   8.5e-05  3.8e-05  3.2e+03  2.5e+01
  1090  3.10363e-02  1.050e-02  1.257e-03   8.4e-05  3.7e-05  3.3e+03  2.7e+01
  1100  3.10366e-02  1.046e-02  1.235e-03   8.4e-05  3.6e-05  3.3e+03  3.1e+01
  1110  3.10366e-02  1.043e-02  1.216e-03   8.4e-05  3.5e-05  3.3e+03  3.3e+01
 
   itn      x(1)       norm r    norm Ar  compatible   LS      norm A   cond A
  1120  3.10367e-02  1.039e-02  1.196e-03   8.4e-05  3.5e-05  3.3e+03  2.8e+01
  1130  3.10365e-02  1.035e-02  1.173e-03   8.3e-05  3.4e-05  3.3e+03  2.2e+01
  1140  3.10361e-02  1.030e-02  1.148e-03   8.3e-05  3.3e-05  3.3e+03  3.0e+01
  1150  3.10355e-02  1.026e-02  1.127e-03   8.3e-05  3.3e-05  3.4e+03  3.0e+01
  1160  3.10348e-02  1.022e-02  1.105e-03   8.2e-05  3.2e-05  3.4e+03  2.9e+01
  1170  3.10342e-02  1.017e-02  1.081e-03   8.2e-05  3.1e-05  3.4e+03  2.4e+01
  1180  3.10335e-02  1.012e-02  1.056e-03   8.1e-05  3.1e-05  3.4e+03  3.4e+01
  1190  3.10330e-02  1.008e-02  1.035e-03   8.1e-05  3.0e-05  3.4e+03  2.6e+01
  1200  3.10327e-02  1.004e-02  1.015e-03   8.1e-05  3.0e-05  3.4e+03  3.4e+01
  1210  3.10325e-02  1.000e-02  9.955e-04   8.0e-05  2.9e-05  3.4e+03  3.0e+01
  1220  3.10325e-02  9.964e-03  9.763e-04   8.0e-05  2.8e-05  3.4e+03  4.0e+01
  1230  3.10325e-02  9.929e-03  9.590e-04   8.0e-05  2.8e-05  3.5e+03  3.8e+01
  1240  3.10326e-02  9.892e-03  9.408e-04   8.0e-05  2.7e-05  3.5e+03  3.4e+01
  1250  3.10327e-02  9.852e-03  9.211e-04   7.9e-05  2.7e-05  3.5e+03  2.8e+01
  1260  3.10328e-02  9.815e-03  9.028e-04   7.9e-05  2.6e-05  3.5e+03  3.4e+01
  1270  3.10327e-02  9.783e-03  8.875e-04   7.9e-05  2.6e-05  3.5e+03  3.2e+01
  1280  3.10327e-02  9.757e-03  8.750e-04   7.8e-05  2.5e-05  3.5e+03  3.3e+01
  1290  3.10326e-02  9.732e-03  8.632e-04   7.8e-05  2.5e-05  3.5e+03  3.0e+01
  1300  3.10325e-02  9.705e-03  8.508e-04   7.8e-05  2.5e-05  3.6e+03  3.3e+01
  1310  3.10324e-02  9.679e-03  8.397e-04   7.8e-05  2.4e-05  3.6e+03  3.8e+01
 
   itn      x(1)       norm r    norm Ar  compatible   LS      norm A   cond A
  1320  3.10323e-02  9.652e-03  8.278e-04   7.8e-05  2.4e-05  3.6e+03  3.0e+01
  1330  3.10322e-02  9.623e-03  8.157e-04   7.7e-05  2.4e-05  3.6e+03  3.3e+01
  1340  3.10320e-02  9.596e-03  8.044e-04   7.7e-05  2.3e-05  3.6e+03  3.6e+01
  1350  3.10318e-02  9.567e-03  7.927e-04   7.7e-05  2.3e-05  3.6e+03  3.9e+01
  1360  3.10316e-02  9.538e-03  7.810e-04   7.7e-05  2.2e-05  3.6e+03  4.0e+01
  1370  3.10314e-02  9.509e-03  7.697e-04   7.6e-05  2.2e-05  3.7e+03  4.1e+01
  1380  3.10311e-02  9.481e-03  7.585e-04   7.6e-05  2.2e-05  3.7e+03  3.5e+01
  1390  3.10309e-02  9.454e-03  7.482e-04   7.6e-05  2.1e-05  3.7e+03  3.9e+01
  1400  3.10306e-02  9.425e-03  7.373e-04   7.6e-05  2.1e-05  3.7e+03  3.7e+01
  1410  3.10304e-02  9.396e-03  7.263e-04   7.6e-05  2.1e-05  3.7e+03  3.8e+01
  1420  3.10301e-02  9.362e-03  7.136e-04   7.5e-05  2.0e-05  3.7e+03  4.0e+01
  1430  3.10298e-02  9.330e-03  7.012e-04   7.5e-05  2.0e-05  3.7e+03  3.2e+01
  1440  3.10294e-02  9.293e-03  6.868e-04   7.5e-05  2.0e-05  3.8e+03  3.7e+01
  1450  3.10291e-02  9.255e-03  6.715e-04   7.4e-05  1.9e-05  3.8e+03  2.6e+01
  1460  3.10288e-02  9.221e-03  6.577e-04   7.4e-05  1.9e-05  3.8e+03  3.4e+01
  1470  3.10287e-02  9.188e-03  6.438e-04   7.4e-05  1.8e-05  3.8e+03  3.4e+01
  1480  3.10287e-02  9.161e-03  6.320e-04   7.4e-05  1.8e-05  3.8e+03  3.3e+01
  1490  3.10286e-02  9.135e-03  6.206e-04   7.3e-05  1.8e-05  3.8e+03  3.6e+01
  1500  3.10286e-02  9.112e-03  6.103e-04   7.3e-05  1.8e-05  3.8e+03  4.4e+01
  1510  3.10286e-02  9.089e-03  6.000e-04   7.3e-05  1.7e-05  3.8e+03  3.8e+01
 
   itn      x(1)       norm r    norm Ar  compatible   LS      norm A   cond A
  1520  3.10285e-02  9.067e-03  5.900e-04   7.3e-05  1.7e-05  3.9e+03  2.9e+01
  1530  3.10285e-02  9.044e-03  5.798e-04   7.3e-05  1.7e-05  3.9e+03  2.4e+01
  1540  3.10284e-02  9.021e-03  5.691e-04   7.3e-05  1.6e-05  3.9e+03  4.2e+01
  1550  3.10282e-02  8.997e-03  5.582e-04   7.2e-05  1.6e-05  3.9e+03  2.8e+01
  1560  3.10280e-02  8.973e-03  5.465e-04   7.2e-05  1.6e-05  3.9e+03  3.0e+01
  1570  3.10276e-02  8.945e-03  5.326e-04   7.2e-05  1.5e-05  3.9e+03  2.6e+01
  1580  3.10273e-02  8.922e-03  5.206e-04   7.2e-05  1.5e-05  3.9e+03  2.7e+01
  1590  3.10271e-02  8.903e-03  5.104e-04   7.2e-05  1.5e-05  3.9e+03  2.4e+01
  1600  3.10269e-02  8.884e-03  5.005e-04   7.1e-05  1.4e-05  4.0e+03  3.5e+01
  1610  3.10269e-02  8.868e-03  4.916e-04   7.1e-05  1.4e-05  4.0e+03  3.5e+01
  1620  3.10269e-02  8.851e-03  4.821e-04   7.1e-05  1.4e-05  4.0e+03  2.5e+01
  1630  3.10269e-02  8.836e-03  4.735e-04   7.1e-05  1.3e-05  4.0e+03  3.4e+01
  1640  3.10269e-02  8.819e-03  4.638e-04   7.1e-05  1.3e-05  4.0e+03  2.8e+01
  1650  3.10269e-02  8.801e-03  4.532e-04   7.1e-05  1.3e-05  4.0e+03  2.2e+01
  1660  3.10270e-02  8.784e-03  4.428e-04   7.1e-05  1.3e-05  4.0e+03  2.8e+01
  1670  3.10270e-02  8.768e-03  4.328e-04   7.1e-05  1.2e-05  4.0e+03  2.2e+01
  1680  3.10269e-02  8.754e-03  4.233e-04   7.0e-05  1.2e-05  4.1e+03  3.2e+01
  1690  3.10269e-02  8.742e-03  4.158e-04   7.0e-05  1.2e-05  4.1e+03  3.1e+01
  1700  3.10268e-02  8.732e-03  4.085e-04   7.0e-05  1.1e-05  4.1e+03  2.9e+01
  1710  3.10268e-02  8.722e-03  4.019e-04   7.0e-05  1.1e-05  4.1e+03  3.7e+01
 
   itn      x(1)       norm r    norm Ar  compatible   LS      norm A   cond A
  1720  3.10269e-02  8.713e-03  3.956e-04   7.0e-05  1.1e-05  4.1e+03  2.9e+01
  1730  3.10269e-02  8.705e-03  3.900e-04   7.0e-05  1.1e-05  4.1e+03  3.6e+01
  1740  3.10270e-02  8.696e-03  3.844e-04   7.0e-05  1.1e-05  4.1e+03  3.0e+01
  1750  3.10270e-02  8.689e-03  3.793e-04   7.0e-05  1.1e-05  4.1e+03  3.1e+01
  1760  3.10270e-02  8.680e-03  3.735e-04   7.0e-05  1.0e-05  4.1e+03  3.6e+01
  1770  3.10270e-02  8.671e-03  3.677e-04   7.0e-05  1.0e-05  4.2e+03  3.1e+01
  1780  3.10270e-02  8.664e-03  3.627e-04   7.0e-05  1.0e-05  4.2e+03  3.1e+01
  1790  3.10271e-02  8.656e-03  3.573e-04   7.0e-05  9.9e-06  4.2e+03  3.4e+01
  1800  3.10271e-02  8.647e-03  3.515e-04   7.0e-05  9.7e-06  4.2e+03  3.7e+01
  1810  3.10272e-02  8.638e-03  3.457e-04   6.9e-05  9.5e-06  4.2e+03  3.2e+01
  1820  3.10272e-02  8.630e-03  3.404e-04   6.9e-05  9.4e-06  4.2e+03  3.7e+01
  1830  3.10273e-02  8.622e-03  3.351e-04   6.9e-05  9.2e-06  4.2e+03  2.8e+01
  1840  3.10273e-02  8.615e-03  3.301e-04   6.9e-05  9.0e-06  4.2e+03  4.0e+01
  1850  3.10275e-02  8.607e-03  3.243e-04   6.9e-05  8.9e-06  4.3e+03  3.7e+01
  1860  3.10276e-02  8.599e-03  3.192e-04   6.9e-05  8.7e-06  4.3e+03  3.5e+01
  1870  3.10277e-02  8.593e-03  3.147e-04   6.9e-05  8.6e-06  4.3e+03  4.1e+01
  1880  3.10278e-02  8.587e-03  3.104e-04   6.9e-05  8.4e-06  4.3e+03  3.2e+01
  1890  3.10280e-02  8.580e-03  3.057e-04   6.9e-05  8.3e-06  4.3e+03  2.8e+01
  1900  3.10282e-02  8.573e-03  3.008e-04   6.9e-05  8.1e-06  4.3e+03  2.4e+01
  1910  3.10284e-02  8.567e-03  2.962e-04   6.9e-05  8.0e-06  4.3e+03  3.4e+01
 
   itn      x(1)       norm r    norm Ar  compatible   LS      norm A   cond A
  1920  3.10286e-02  8.560e-03  2.914e-04   6.9e-05  7.9e-06  4.3e+03  3.1e+01
  1930  3.10288e-02  8.552e-03  2.857e-04   6.9e-05  7.7e-06  4.3e+03  2.9e+01
  1940  3.10290e-02  8.544e-03  2.794e-04   6.9e-05  7.5e-06  4.4e+03  3.1e+01
  1950  3.10291e-02  8.535e-03  2.726e-04   6.9e-05  7.3e-06  4.4e+03  2.5e+01
  1960  3.10292e-02  8.527e-03  2.659e-04   6.9e-05  7.1e-06  4.4e+03  2.3e+01
  1970  3.10292e-02  8.520e-03  2.595e-04   6.9e-05  6.9e-06  4.4e+03  2.4e+01
  1980  3.10292e-02  8.513e-03  2.535e-04   6.8e-05  6.8e-06  4.4e+03  3.1e+01
  1990  3.10292e-02  8.508e-03  2.479e-04   6.8e-05  6.6e-06  4.4e+03  3.2e+01
  2000  3.10292e-02  8.502e-03  2.427e-04   6.8e-05  6.5e-06  4.4e+03  2.3e+01
  2010  3.10291e-02  8.498e-03  2.382e-04   6.8e-05  6.3e-06  4.4e+03  3.9e+01
  2020  3.10291e-02  8.494e-03  2.340e-04   6.8e-05  6.2e-06  4.4e+03  3.8e+01
  2030  3.10290e-02  8.490e-03  2.304e-04   6.8e-05  6.1e-06  4.5e+03  3.2e+01
  2040  3.10290e-02  8.486e-03  2.263e-04   6.8e-05  6.0e-06  4.5e+03  3.1e+01
  2050  3.10291e-02  8.482e-03  2.221e-04   6.8e-05  5.9e-06  4.5e+03  2.9e+01
  2060  3.10291e-02  8.479e-03  2.184e-04   6.8e-05  5.7e-06  4.5e+03  3.2e+01
  2070  3.10292e-02  8.475e-03  2.145e-04   6.8e-05  5.6e-06  4.5e+03  3.5e+01
  2080  3.10293e-02  8.472e-03  2.110e-04   6.8e-05  5.5e-06  4.5e+03  3.6e+01
  2090  3.10293e-02  8.469e-03  2.075e-04   6.8e-05  5.4e-06  4.5e+03  3.2e+01
  2100  3.10294e-02  8.466e-03  2.043e-04   6.8e-05  5.3e-06  4.5e+03  3.6e+01
  2110  3.10294e-02  8.464e-03  2.015e-04   6.8e-05  5.2e-06  4.5e+03  4.0e+01
 
   itn      x(1)       norm r    norm Ar  compatible   LS      norm A   cond A
  2120  3.10294e-02  8.461e-03  1.989e-04   6.8e-05  5.2e-06  4.6e+03  3.2e+01
  2130  3.10294e-02  8.459e-03  1.967e-04   6.8e-05  5.1e-06  4.6e+03  3.7e+01
  2140  3.10293e-02  8.457e-03  1.941e-04   6.8e-05  5.0e-06  4.6e+03  5.4e+01
  2150  3.10293e-02  8.455e-03  1.916e-04   6.8e-05  4.9e-06  4.6e+03  2.9e+01
  2160  3.10292e-02  8.452e-03  1.891e-04   6.8e-05  4.9e-06  4.6e+03  3.4e+01
  2170  3.10292e-02  8.450e-03  1.864e-04   6.8e-05  4.8e-06  4.6e+03  3.9e+01
  2180  3.10292e-02  8.447e-03  1.838e-04   6.8e-05  4.7e-06  4.6e+03  3.3e+01
  2190  3.10292e-02  8.445e-03  1.813e-04   6.8e-05  4.6e-06  4.6e+03  2.7e+01
  2200  3.10292e-02  8.443e-03  1.790e-04   6.8e-05  4.6e-06  4.6e+03  3.7e+01
  2210  3.10292e-02  8.440e-03  1.763e-04   6.8e-05  4.5e-06  4.6e+03  3.6e+01
  2220  3.10292e-02  8.438e-03  1.740e-04   6.8e-05  4.4e-06  4.7e+03  3.5e+01
  2230  3.10292e-02  8.436e-03  1.713e-04   6.8e-05  4.4e-06  4.7e+03  3.0e+01
  2240  3.10292e-02  8.434e-03  1.690e-04   6.8e-05  4.3e-06  4.7e+03  3.3e+01
  2250  3.10292e-02  8.431e-03  1.666e-04   6.8e-05  4.2e-06  4.7e+03  4.2e+01
  2260  3.10293e-02  8.429e-03  1.637e-04   6.8e-05  4.1e-06  4.7e+03  4.1e+01
  2270  3.10293e-02  8.427e-03  1.611e-04   6.8e-05  4.1e-06  4.7e+03  3.0e+01
  2280  3.10293e-02  8.424e-03  1.586e-04   6.8e-05  4.0e-06  4.7e+03  3.6e+01
  2290  3.10292e-02  8.422e-03  1.563e-04   6.8e-05  3.9e-06  4.7e+03  3.4e+01
  2300  3.10292e-02  8.421e-03  1.543e-04   6.8e-05  3.9e-06  4.7e+03  4.3e+01
  2310  3.10292e-02  8.419e-03  1.524e-04   6.8e-05  3.8e-06  4.8e+03  3.7e+01
 
   itn      x(1)       norm r    norm Ar  compatible   LS      norm A   cond A
  2320  3.10291e-02  8.418e-03  1.507e-04   6.8e-05  3.8e-06  4.8e+03  3.5e+01
  2330  3.10291e-02  8.416e-03  1.494e-04   6.8e-05  3.7e-06  4.8e+03  4.2e+01
  2340  3.10291e-02  8.415e-03  1.479e-04   6.8e-05  3.7e-06  4.8e+03  2.9e+01
  2350  3.10291e-02  8.414e-03  1.463e-04   6.8e-05  3.6e-06  4.8e+03  3.8e+01
  2360  3.10291e-02  8.412e-03  1.448e-04   6.8e-05  3.6e-06  4.8e+03  3.6e+01
  2370  3.10291e-02  8.411e-03  1.435e-04   6.8e-05  3.5e-06  4.8e+03  3.6e+01
  2380  3.10292e-02  8.410e-03  1.421e-04   6.8e-05  3.5e-06  4.8e+03  5.0e+01
  2390  3.10292e-02  8.408e-03  1.407e-04   6.8e-05  3.5e-06  4.8e+03  4.0e+01
  2400  3.10292e-02  8.407e-03  1.393e-04   6.8e-05  3.4e-06  4.8e+03  3.6e+01
  2410  3.10292e-02  8.405e-03  1.378e-04   6.8e-05  3.4e-06  4.9e+03  4.1e+01
  2420  3.10292e-02  8.404e-03  1.365e-04   6.8e-05  3.3e-06  4.9e+03  3.9e+01
  2430  3.10292e-02  8.403e-03  1.352e-04   6.8e-05  3.3e-06  4.9e+03  4.5e+01
  2440  3.10291e-02  8.402e-03  1.341e-04   6.8e-05  3.3e-06  4.9e+03  4.6e+01
  2450  3.10291e-02  8.401e-03  1.329e-04   6.8e-05  3.2e-06  4.9e+03  5.1e+01
  2460  3.10291e-02  8.399e-03  1.319e-04   6.8e-05  3.2e-06  4.9e+03  4.0e+01
  2470  3.10291e-02  8.398e-03  1.309e-04   6.8e-05  3.2e-06  4.9e+03  5.6e+01
  2480  3.10291e-02  8.397e-03  1.298e-04   6.8e-05  3.1e-06  4.9e+03  6.0e+01
  2490  3.10291e-02  8.396e-03  1.288e-04   6.8e-05  3.1e-06  4.9e+03  5.0e+01
  2500  3.10290e-02  8.395e-03  1.277e-04   6.8e-05  3.1e-06  4.9e+03  4.1e+01
  2510  3.10290e-02  8.394e-03  1.268e-04   6.8e-05  3.0e-06  5.0e+03  4.5e+01
 
   itn      x(1)       norm r    norm Ar  compatible   LS      norm A   cond A
  2520  3.10290e-02  8.393e-03  1.258e-04   6.7e-05  3.0e-06  5.0e+03  5.7e+01
  2530  3.10291e-02  8.392e-03  1.249e-04   6.7e-05  3.0e-06  5.0e+03  4.4e+01
  2540  3.10291e-02  8.391e-03  1.242e-04   6.7e-05  3.0e-06  5.0e+03  5.0e+01
  2550  3.10291e-02  8.390e-03  1.236e-04   6.7e-05  2.9e-06  5.0e+03  4.7e+01
  2560  3.10291e-02  8.389e-03  1.229e-04   6.7e-05  2.9e-06  5.0e+03  5.0e+01
  2570  3.10291e-02  8.388e-03  1.222e-04   6.7e-05  2.9e-06  5.0e+03  6.4e+01
  2580  3.10291e-02  8.387e-03  1.216e-04   6.7e-05  2.9e-06  5.0e+03  6.2e+01
  2590  3.10291e-02  8.386e-03  1.209e-04   6.7e-05  2.9e-06  5.0e+03  5.2e+01
  2600  3.10291e-02  8.385e-03  1.203e-04   6.7e-05  2.8e-06  5.0e+03  5.8e+01
  2610  3.10291e-02  8.384e-03  1.196e-04   6.7e-05  2.8e-06  5.1e+03  4.1e+01
  2620  3.10291e-02  8.383e-03  1.187e-04   6.7e-05  2.8e-06  5.1e+03  4.5e+01
  2630  3.10290e-02  8.382e-03  1.181e-04   6.7e-05  2.8e-06  5.1e+03  5.9e+01
  2640  3.10290e-02  8.380e-03  1.173e-04   6.7e-05  2.8e-06  5.1e+03  5.0e+01
  2650  3.10290e-02  8.379e-03  1.167e-04   6.7e-05  2.7e-06  5.1e+03  4.6e+01
  2660  3.10290e-02  8.378e-03  1.160e-04   6.7e-05  2.7e-06  5.1e+03  6.4e+01
  2670  3.10290e-02  8.377e-03  1.152e-04   6.7e-05  2.7e-06  5.1e+03  4.7e+01
  2680  3.10290e-02  8.375e-03  1.143e-04   6.7e-05  2.7e-06  5.1e+03  4.1e+01
  2690  3.10290e-02  8.374e-03  1.133e-04   6.7e-05  2.6e-06  5.1e+03  4.4e+01
  2700  3.10289e-02  8.372e-03  1.121e-04   6.7e-05  2.6e-06  5.1e+03  4.1e+01
  2710  3.10289e-02  8.370e-03  1.110e-04   6.7e-05  2.6e-06  5.1e+03  4.6e+01
 
   itn      x(1)       norm r    norm Ar  compatible   LS      norm A   cond A
  2720  3.10288e-02  8.368e-03  1.098e-04   6.7e-05  2.5e-06  5.2e+03  5.5e+01
  2730  3.10288e-02  8.366e-03  1.087e-04   6.7e-05  2.5e-06  5.2e+03  3.3e+01
  2740  3.10288e-02  8.364e-03  1.077e-04   6.7e-05  2.5e-06  5.2e+03  5.4e+01
  2750  3.10287e-02  8.363e-03  1.065e-04   6.7e-05  2.5e-06  5.2e+03  4.4e+01
  2760  3.10287e-02  8.361e-03  1.054e-04   6.7e-05  2.4e-06  5.2e+03  3.7e+01
  2770  3.10287e-02  8.359e-03  1.042e-04   6.7e-05  2.4e-06  5.2e+03  3.7e+01
  2780  3.10287e-02  8.357e-03  1.029e-04   6.7e-05  2.4e-06  5.2e+03  3.4e+01
  2790  3.10287e-02  8.356e-03  1.019e-04   6.7e-05  2.3e-06  5.2e+03  4.1e+01
  2800  3.10287e-02  8.354e-03  1.008e-04   6.7e-05  2.3e-06  5.2e+03  4.1e+01
  2810  3.10287e-02  8.352e-03  9.977e-05   6.7e-05  2.3e-06  5.2e+03  4.6e+01
  2820  3.10287e-02  8.351e-03  9.872e-05   6.7e-05  2.3e-06  5.3e+03  4.5e+01
  2830  3.10287e-02  8.349e-03  9.739e-05   6.7e-05  2.2e-06  5.3e+03  3.4e+01
  2840  3.10287e-02  8.347e-03  9.605e-05   6.7e-05  2.2e-06  5.3e+03  3.2e+01
  2850  3.10286e-02  8.345e-03  9.471e-05   6.7e-05  2.2e-06  5.3e+03  3.2e+01
  2860  3.10286e-02  8.344e-03  9.351e-05   6.7e-05  2.1e-06  5.3e+03  4.2e+01
  2870  3.10286e-02  8.342e-03  9.241e-05   6.7e-05  2.1e-06  5.3e+03  3.4e+01
  2880  3.10285e-02  8.341e-03  9.129e-05   6.7e-05  2.1e-06  5.3e+03  3.7e+01
  2890  3.10285e-02  8.340e-03  9.022e-05   6.7e-05  2.0e-06  5.3e+03  4.2e+01
  2900  3.10285e-02  8.338e-03  8.916e-05   6.7e-05  2.0e-06  5.3e+03  3.9e+01
  2910  3.10285e-02  8.337e-03  8.808e-05   6.7e-05  2.0e-06  5.3e+03  4.2e+01
 
   itn      x(1)       norm r    norm Ar  compatible   LS      norm A   cond A
  2920  3.10286e-02  8.336e-03  8.720e-05   6.7e-05  2.0e-06  5.3e+03  4.2e+01
  2930  3.10286e-02  8.335e-03  8.623e-05   6.7e-05  1.9e-06  5.4e+03  3.4e+01
  2940  3.10286e-02  8.334e-03  8.527e-05   6.7e-05  1.9e-06  5.4e+03  3.8e+01
  2950  3.10287e-02  8.333e-03  8.430e-05   6.7e-05  1.9e-06  5.4e+03  3.3e+01
  2960  3.10287e-02  8.332e-03  8.335e-05   6.7e-05  1.9e-06  5.4e+03  4.2e+01
  2970  3.10287e-02  8.331e-03  8.242e-05   6.7e-05  1.8e-06  5.4e+03  3.8e+01
  2980  3.10288e-02  8.330e-03  8.138e-05   6.7e-05  1.8e-06  5.4e+03  3.4e+01
  2990  3.10288e-02  8.329e-03  8.039e-05   6.7e-05  1.8e-06  5.4e+03  3.4e+01
  3000  3.10288e-02  8.327e-03  7.916e-05   6.7e-05  1.8e-06  5.4e+03  3.0e+01
  3010  3.10289e-02  8.326e-03  7.809e-05   6.7e-05  1.7e-06  5.4e+03  3.1e+01
  3020  3.10289e-02  8.325e-03  7.699e-05   6.7e-05  1.7e-06  5.4e+03  2.8e+01
  3030  3.10289e-02  8.324e-03  7.593e-05   6.7e-05  1.7e-06  5.4e+03  3.1e+01
  3040  3.10290e-02  8.323e-03  7.486e-05   6.7e-05  1.6e-06  5.5e+03  4.5e+01
  3050  3.10290e-02  8.322e-03  7.393e-05   6.7e-05  1.6e-06  5.5e+03  3.8e+01
  3060  3.10290e-02  8.322e-03  7.305e-05   6.7e-05  1.6e-06  5.5e+03  4.3e+01
  3070  3.10290e-02  8.321e-03  7.210e-05   6.7e-05  1.6e-06  5.5e+03  3.0e+01
  3080  3.10291e-02  8.320e-03  7.123e-05   6.7e-05  1.6e-06  5.5e+03  4.0e+01
  3090  3.10291e-02  8.319e-03  7.024e-05   6.7e-05  1.5e-06  5.5e+03  3.6e+01
  3100  3.10291e-02  8.318e-03  6.927e-05   6.7e-05  1.5e-06  5.5e+03  3.7e+01
  3110  3.10291e-02  8.318e-03  6.828e-05   6.7e-05  1.5e-06  5.5e+03  3.7e+01
 
   itn      x(1)       norm r    norm Ar  compatible   LS      norm A   cond A
  3120  3.10292e-02  8.317e-03  6.724e-05   6.7e-05  1.5e-06  5.5e+03  3.6e+01
  3130  3.10292e-02  8.316e-03  6.606e-05   6.7e-05  1.4e-06  5.5e+03  3.4e+01
  3140  3.10292e-02  8.315e-03  6.504e-05   6.7e-05  1.4e-06  5.5e+03  3.8e+01
  3150  3.10293e-02  8.314e-03  6.404e-05   6.7e-05  1.4e-06  5.5e+03  3.1e+01
  3160  3.10293e-02  8.314e-03  6.299e-05   6.7e-05  1.4e-06  5.6e+03  2.9e+01
  3170  3.10293e-02  8.313e-03  6.199e-05   6.7e-05  1.3e-06  5.6e+03  3.6e+01
  3180  3.10293e-02  8.312e-03  6.107e-05   6.7e-05  1.3e-06  5.6e+03  3.4e+01
  3190  3.10293e-02  8.312e-03  6.021e-05   6.7e-05  1.3e-06  5.6e+03  4.4e+01
  3200  3.10293e-02  8.312e-03  5.949e-05   6.7e-05  1.3e-06  5.6e+03  3.2e+01
  3210  3.10293e-02  8.311e-03  5.866e-05   6.7e-05  1.3e-06  5.6e+03  2.6e+01
  3220  3.10293e-02  8.310e-03  5.778e-05   6.7e-05  1.2e-06  5.6e+03  3.1e+01
  3230  3.10293e-02  8.310e-03  5.687e-05   6.7e-05  1.2e-06  5.6e+03  3.2e+01
  3240  3.10293e-02  8.309e-03  5.594e-05   6.7e-05  1.2e-06  5.6e+03  4.4e+01
  3250  3.10293e-02  8.309e-03  5.489e-05   6.7e-05  1.2e-06  5.6e+03  2.8e+01
  3260  3.10293e-02  8.308e-03  5.387e-05   6.7e-05  1.1e-06  5.6e+03  3.0e+01
  3270  3.10293e-02  8.308e-03  5.285e-05   6.7e-05  1.1e-06  5.7e+03  2.8e+01
  3280  3.10293e-02  8.307e-03  5.187e-05   6.7e-05  1.1e-06  5.7e+03  3.8e+01
  3290  3.10293e-02  8.307e-03  5.096e-05   6.7e-05  1.1e-06  5.7e+03  2.6e+01
  3300  3.10293e-02  8.307e-03  5.001e-05   6.7e-05  1.1e-06  5.7e+03  3.1e+01
  3310  3.10293e-02  8.306e-03  4.911e-05   6.7e-05  1.0e-06  5.7e+03  2.7e+01
 
   itn      x(1)       norm r    norm Ar  compatible   LS      norm A   cond A
  3320  3.10293e-02  8.306e-03  4.837e-05   6.7e-05  1.0e-06  5.7e+03  3.4e+01
  3330  3.10293e-02  8.306e-03  4.762e-05   6.7e-05  1.0e-06  5.7e+03  2.5e+01
  3340  3.10293e-02  8.305e-03  4.682e-05   6.7e-05  9.9e-07  5.7e+03  2.7e+01
  3350  3.10293e-02  8.305e-03  4.603e-05   6.7e-05  9.7e-07  5.7e+03  3.0e+01
  3360  3.10293e-02  8.305e-03  4.507e-05   6.7e-05  9.5e-07  5.7e+03  2.9e+01
  3370  3.10293e-02  8.304e-03  4.412e-05   6.7e-05  9.3e-07  5.7e+03  2.6e+01
  3380  3.10293e-02  8.304e-03  4.310e-05   6.7e-05  9.0e-07  5.7e+03  2.0e+01
  3390  3.10293e-02  8.304e-03  4.230e-05   6.7e-05  8.8e-07  5.8e+03  3.2e+01
  3400  3.10293e-02  8.303e-03  4.145e-05   6.7e-05  8.7e-07  5.8e+03  3.1e+01
  3410  3.10293e-02  8.303e-03  4.074e-05   6.7e-05  8.5e-07  5.8e+03  3.0e+01
  3420  3.10293e-02  8.303e-03  4.014e-05   6.7e-05  8.4e-07  5.8e+03  3.5e+01
  3430  3.10293e-02  8.303e-03  3.943e-05   6.7e-05  8.2e-07  5.8e+03  3.3e+01
  3440  3.10293e-02  8.303e-03  3.872e-05   6.7e-05  8.0e-07  5.8e+03  3.1e+01
  3450  3.10293e-02  8.302e-03  3.811e-05   6.7e-05  7.9e-07  5.8e+03  3.8e+01
  3460  3.10293e-02  8.302e-03  3.749e-05   6.7e-05  7.8e-07  5.8e+03  3.0e+01
  3470  3.10293e-02  8.302e-03  3.684e-05   6.7e-05  7.6e-07  5.8e+03  2.6e+01
  3480  3.10293e-02  8.302e-03  3.624e-05   6.7e-05  7.5e-07  5.8e+03  3.5e+01
  3490  3.10293e-02  8.302e-03  3.564e-05   6.7e-05  7.3e-07  5.8e+03  3.0e+01
  3500  3.10293e-02  8.302e-03  3.503e-05   6.7e-05  7.2e-07  5.9e+03  3.7e+01
  3510  3.10293e-02  8.302e-03  3.448e-05   6.7e-05  7.1e-07  5.9e+03  3.2e+01
 
   itn      x(1)       norm r    norm Ar  compatible   LS      norm A   cond A
  3520  3.10293e-02  8.301e-03  3.387e-05   6.7e-05  7.0e-07  5.9e+03  4.1e+01
  3530  3.10293e-02  8.301e-03  3.338e-05   6.7e-05  6.8e-07  5.9e+03  3.4e+01
  3540  3.10293e-02  8.301e-03  3.285e-05   6.7e-05  6.7e-07  5.9e+03  3.1e+01
  3550  3.10293e-02  8.301e-03  3.241e-05   6.7e-05  6.6e-07  5.9e+03  4.1e+01
  3560  3.10292e-02  8.301e-03  3.198e-05   6.7e-05  6.5e-07  5.9e+03  3.4e+01
  3570  3.10292e-02  8.301e-03  3.139e-05   6.7e-05  6.4e-07  5.9e+03  2.3e+01
  3580  3.10292e-02  8.301e-03  3.092e-05   6.7e-05  6.3e-07  5.9e+03  4.2e+01
  3590  3.10292e-02  8.301e-03  3.042e-05   6.7e-05  6.2e-07  5.9e+03  3.0e+01
  3600  3.10292e-02  8.301e-03  2.992e-05   6.7e-05  6.1e-07  5.9e+03  3.2e+01
  3610  3.10291e-02  8.301e-03  2.949e-05   6.7e-05  6.0e-07  5.9e+03  3.2e+01
  3620  3.10291e-02  8.300e-03  2.909e-05   6.7e-05  5.9e-07  5.9e+03  2.9e+01
  3630  3.10291e-02  8.300e-03  2.875e-05   6.7e-05  5.8e-07  6.0e+03  3.8e+01
  3640  3.10291e-02  8.300e-03  2.843e-05   6.7e-05  5.7e-07  6.0e+03  3.2e+01
  3650  3.10291e-02  8.300e-03  2.807e-05   6.7e-05  5.7e-07  6.0e+03  3.6e+01
  3660  3.10291e-02  8.300e-03  2.767e-05   6.7e-05  5.6e-07  6.0e+03  2.6e+01
  3670  3.10291e-02  8.300e-03  2.732e-05   6.7e-05  5.5e-07  6.0e+03  4.6e+01
  3680  3.10291e-02  8.300e-03  2.695e-05   6.7e-05  5.4e-07  6.0e+03  4.6e+01
  3690  3.10291e-02  8.300e-03  2.656e-05   6.7e-05  5.3e-07  6.0e+03  3.2e+01
  3700  3.10291e-02  8.300e-03  2.619e-05   6.7e-05  5.2e-07  6.0e+03  3.6e+01
  3710  3.10291e-02  8.300e-03  2.579e-05   6.7e-05  5.2e-07  6.0e+03  2.6e+01
 
   itn      x(1)       norm r    norm Ar  compatible   LS      norm A   cond A
  3720  3.10291e-02  8.300e-03  2.542e-05   6.7e-05  5.1e-07  6.0e+03  4.3e+01
  3730  3.10291e-02  8.300e-03  2.505e-05   6.7e-05  5.0e-07  6.0e+03  4.0e+01
  3740  3.10290e-02  8.300e-03  2.462e-05   6.7e-05  4.9e-07  6.0e+03  3.1e+01
  3750  3.10290e-02  8.300e-03  2.428e-05   6.7e-05  4.8e-07  6.1e+03  3.3e+01
  3760  3.10290e-02  8.300e-03  2.390e-05   6.7e-05  4.7e-07  6.1e+03  3.2e+01
  3770  3.10290e-02  8.300e-03  2.354e-05   6.7e-05  4.7e-07  6.1e+03  3.3e+01
  3780  3.10290e-02  8.299e-03  2.318e-05   6.7e-05  4.6e-07  6.1e+03  3.6e+01
  3790  3.10290e-02  8.299e-03  2.283e-05   6.7e-05  4.5e-07  6.1e+03  4.1e+01
  3800  3.10290e-02  8.299e-03  2.251e-05   6.7e-05  4.4e-07  6.1e+03  4.1e+01
  3810  3.10290e-02  8.299e-03  2.221e-05   6.7e-05  4.4e-07  6.1e+03  3.6e+01
  3820  3.10290e-02  8.299e-03  2.191e-05   6.7e-05  4.3e-07  6.1e+03  3.0e+01
  3830  3.10290e-02  8.299e-03  2.157e-05   6.7e-05  4.2e-07  6.1e+03  3.6e+01
  3840  3.10290e-02  8.299e-03  2.122e-05   6.7e-05  4.2e-07  6.1e+03  4.3e+01
  3850  3.10290e-02  8.299e-03  2.092e-05   6.7e-05  4.1e-07  6.1e+03  3.6e+01
  3860  3.10290e-02  8.299e-03  2.064e-05   6.7e-05  4.0e-07  6.1e+03  3.3e+01
  3870  3.10290e-02  8.299e-03  2.037e-05   6.7e-05  4.0e-07  6.2e+03  3.7e+01
  3880  3.10290e-02  8.299e-03  2.011e-05   6.7e-05  3.9e-07  6.2e+03  3.9e+01
  3890  3.10290e-02  8.299e-03  1.983e-05   6.7e-05  3.9e-07  6.2e+03  3.5e+01
  3900  3.10290e-02  8.299e-03  1.956e-05   6.7e-05  3.8e-07  6.2e+03  3.6e+01
  3910  3.10290e-02  8.299e-03  1.927e-05   6.7e-05  3.8e-07  6.2e+03  2.7e+01
 
   itn      x(1)       norm r    norm Ar  compatible   LS      norm A   cond A
  3920  3.10290e-02  8.299e-03  1.902e-05   6.7e-05  3.7e-07  6.2e+03  3.5e+01
  3930  3.10290e-02  8.299e-03  1.876e-05   6.7e-05  3.6e-07  6.2e+03  3.2e+01
  3940  3.10289e-02  8.299e-03  1.848e-05   6.7e-05  3.6e-07  6.2e+03  3.3e+01
  3950  3.10289e-02  8.299e-03  1.823e-05   6.7e-05  3.5e-07  6.2e+03  3.6e+01
  3960  3.10289e-02  8.299e-03  1.802e-05   6.7e-05  3.5e-07  6.2e+03  3.7e+01
  3970  3.10289e-02  8.299e-03  1.781e-05   6.7e-05  3.4e-07  6.2e+03  3.5e+01
  3980  3.10289e-02  8.299e-03  1.759e-05   6.7e-05  3.4e-07  6.2e+03  3.6e+01
  3990  3.10289e-02  8.299e-03  1.732e-05   6.7e-05  3.3e-07  6.2e+03  2.7e+01
  4000  3.10289e-02  8.299e-03  1.709e-05   6.7e-05  3.3e-07  6.3e+03  3.0e+01
  4010  3.10289e-02  8.299e-03  1.682e-05   6.7e-05  3.2e-07  6.3e+03  4.0e+01
  4020  3.10289e-02  8.299e-03  1.658e-05   6.7e-05  3.2e-07  6.3e+03  3.0e+01
  4030  3.10289e-02  8.299e-03  1.633e-05   6.7e-05  3.1e-07  6.3e+03  2.9e+01
  4040  3.10289e-02  8.298e-03  1.609e-05   6.7e-05  3.1e-07  6.3e+03  2.8e+01
  4050  3.10289e-02  8.298e-03  1.585e-05   6.7e-05  3.0e-07  6.3e+03  3.1e+01
  4060  3.10289e-02  8.298e-03  1.564e-05   6.7e-05  3.0e-07  6.3e+03  4.6e+01
  4070  3.10289e-02  8.298e-03  1.542e-05   6.7e-05  2.9e-07  6.3e+03  4.9e+01
  4080  3.10289e-02  8.298e-03  1.524e-05   6.7e-05  2.9e-07  6.3e+03  4.1e+01
  4090  3.10289e-02  8.298e-03  1.505e-05   6.7e-05  2.9e-07  6.3e+03  4.2e+01
  4100  3.10289e-02  8.298e-03  1.483e-05   6.7e-05  2.8e-07  6.3e+03  3.3e+01
  4110  3.10289e-02  8.298e-03  1.459e-05   6.7e-05  2.8e-07  6.3e+03  3.3e+01
 
   itn      x(1)       norm r    norm Ar  compatible   LS      norm A   cond A
  4120  3.10289e-02  8.298e-03  1.428e-05   6.7e-05  2.7e-07  6.3e+03  3.5e+01
  4130  3.10289e-02  8.298e-03  1.396e-05   6.7e-05  2.6e-07  6.4e+03  2.6e+01
  4140  3.10290e-02  8.298e-03  1.367e-05   6.7e-05  2.6e-07  6.4e+03  3.5e+01
  4150  3.10290e-02  8.298e-03  1.335e-05   6.7e-05  2.5e-07  6.4e+03  2.7e+01
  4160  3.10290e-02  8.298e-03  1.303e-05   6.7e-05  2.5e-07  6.4e+03  2.3e+01
  4170  3.10290e-02  8.298e-03  1.270e-05   6.7e-05  2.4e-07  6.4e+03  3.8e+01
  4180  3.10290e-02  8.298e-03  1.240e-05   6.7e-05  2.3e-07  6.4e+03  2.3e+01
  4190  3.10290e-02  8.298e-03  1.210e-05   6.7e-05  2.3e-07  6.4e+03  2.4e+01
  4200  3.10290e-02  8.298e-03  1.186e-05   6.7e-05  2.2e-07  6.4e+03  3.4e+01
  4210  3.10290e-02  8.298e-03  1.166e-05   6.7e-05  2.2e-07  6.4e+03  3.5e+01
  4220  3.10290e-02  8.298e-03  1.148e-05   6.7e-05  2.2e-07  6.4e+03  3.7e+01
  4230  3.10290e-02  8.298e-03  1.130e-05   6.7e-05  2.1e-07  6.4e+03  4.4e+01
  4240  3.10290e-02  8.298e-03  1.113e-05   6.7e-05  2.1e-07  6.4e+03  3.3e+01
  4250  3.10290e-02  8.298e-03  1.094e-05   6.7e-05  2.0e-07  6.4e+03  3.4e+01
  4260  3.10290e-02  8.298e-03  1.073e-05   6.7e-05  2.0e-07  6.5e+03  3.2e+01
  4270  3.10290e-02  8.298e-03  1.054e-05   6.7e-05  2.0e-07  6.5e+03  3.6e+01
  4280  3.10290e-02  8.298e-03  1.035e-05   6.7e-05  1.9e-07  6.5e+03  3.4e+01
  4290  3.10290e-02  8.298e-03  1.020e-05   6.7e-05  1.9e-07  6.5e+03  3.6e+01
  4300  3.10290e-02  8.298e-03  1.006e-05   6.7e-05  1.9e-07  6.5e+03  4.0e+01
  4310  3.10290e-02  8.298e-03  9.923e-06   6.7e-05  1.8e-07  6.5e+03  2.9e+01
 
   itn      x(1)       norm r    norm Ar  compatible   LS      norm A   cond A
  4320  3.10290e-02  8.298e-03  9.794e-06   6.7e-05  1.8e-07  6.5e+03  3.6e+01
  4330  3.10290e-02  8.298e-03  9.640e-06   6.7e-05  1.8e-07  6.5e+03  3.3e+01
  4340  3.10290e-02  8.298e-03  9.496e-06   6.7e-05  1.8e-07  6.5e+03  3.0e+01
  4350  3.10290e-02  8.298e-03  9.331e-06   6.7e-05  1.7e-07  6.5e+03  3.3e+01
  4360  3.10290e-02  8.298e-03  9.141e-06   6.7e-05  1.7e-07  6.5e+03  2.5e+01
  4370  3.10290e-02  8.298e-03  8.949e-06   6.7e-05  1.6e-07  6.5e+03  3.0e+01
  4380  3.10290e-02  8.298e-03  8.752e-06   6.7e-05  1.6e-07  6.5e+03  3.4e+01
  4390  3.10290e-02  8.298e-03  8.541e-06   6.7e-05  1.6e-07  6.6e+03  2.5e+01
  4400  3.10290e-02  8.298e-03  8.354e-06   6.7e-05  1.5e-07  6.6e+03  2.3e+01
  4410  3.10290e-02  8.298e-03  8.196e-06   6.7e-05  1.5e-07  6.6e+03  2.7e+01
  4420  3.10290e-02  8.298e-03  8.036e-06   6.7e-05  1.5e-07  6.6e+03  3.4e+01
  4430  3.10290e-02  8.298e-03  7.900e-06   6.7e-05  1.4e-07  6.6e+03  3.2e+01
  4440  3.10290e-02  8.298e-03  7.745e-06   6.7e-05  1.4e-07  6.6e+03  2.9e+01
  4450  3.10290e-02  8.298e-03  7.609e-06   6.7e-05  1.4e-07  6.6e+03  3.1e+01
  4460  3.10290e-02  8.298e-03  7.490e-06   6.7e-05  1.4e-07  6.6e+03  3.1e+01
  4470  3.10290e-02  8.298e-03  7.374e-06   6.7e-05  1.3e-07  6.6e+03  3.4e+01
  4480  3.10290e-02  8.298e-03  7.232e-06   6.7e-05  1.3e-07  6.6e+03  3.3e+01
  4490  3.10290e-02  8.298e-03  7.119e-06   6.7e-05  1.3e-07  6.6e+03  3.6e+01
  4500  3.10290e-02  8.298e-03  7.015e-06   6.7e-05  1.3e-07  6.6e+03  3.8e+01
  4510  3.10290e-02  8.298e-03  6.911e-06   6.7e-05  1.3e-07  6.6e+03  4.3e+01
 
   itn      x(1)       norm r    norm Ar  compatible   LS      norm A   cond A
  4520  3.10290e-02  8.298e-03  6.819e-06   6.7e-05  1.2e-07  6.6e+03  3.1e+01
  4530  3.10290e-02  8.298e-03  6.715e-06   6.7e-05  1.2e-07  6.7e+03  3.1e+01
  4540  3.10290e-02  8.298e-03  6.594e-06   6.7e-05  1.2e-07  6.7e+03  3.1e+01
  4550  3.10290e-02  8.298e-03  6.451e-06   6.7e-05  1.2e-07  6.7e+03  3.4e+01
  4560  3.10290e-02  8.298e-03  6.301e-06   6.7e-05  1.1e-07  6.7e+03  2.6e+01
  4570  3.10290e-02  8.298e-03  6.177e-06   6.7e-05  1.1e-07  6.7e+03  2.7e+01
  4580  3.10290e-02  8.298e-03  6.045e-06   6.7e-05  1.1e-07  6.7e+03  2.8e+01
  4590  3.10290e-02  8.298e-03  5.912e-06   6.7e-05  1.1e-07  6.7e+03  3.0e+01
  4600  3.10290e-02  8.298e-03  5.789e-06   6.7e-05  1.0e-07  6.7e+03  2.8e+01
  4610  3.10290e-02  8.298e-03  5.667e-06   6.7e-05  1.0e-07  6.7e+03  2.4e+01
  4620  3.10290e-02  8.298e-03  5.541e-06   6.7e-05  9.9e-08  6.7e+03  3.5e+01
  4630  3.10290e-02  8.298e-03  5.407e-06   6.7e-05  9.7e-08  6.7e+03  3.2e+01
  4640  3.10290e-02  8.298e-03  5.285e-06   6.7e-05  9.5e-08  6.7e+03  3.3e+01
  4650  3.10290e-02  8.298e-03  5.149e-06   6.7e-05  9.2e-08  6.7e+03  2.1e+01
  4660  3.10290e-02  8.298e-03  5.008e-06   6.7e-05  8.9e-08  6.8e+03  2.9e+01
  4670  3.10290e-02  8.298e-03  4.870e-06   6.7e-05  8.7e-08  6.8e+03  2.8e+01
  4680  3.10290e-02  8.298e-03  4.739e-06   6.7e-05  8.4e-08  6.8e+03  2.7e+01
  4690  3.10290e-02  8.298e-03  4.600e-06   6.7e-05  8.2e-08  6.8e+03  2.2e+01
  4700  3.10290e-02  8.298e-03  4.446e-06   6.7e-05  7.9e-08  6.8e+03  2.5e+01
  4710  3.10290e-02  8.298e-03  4.322e-06   6.7e-05  7.7e-08  6.8e+03  2.5e+01
 
   itn      x(1)       norm r    norm Ar  compatible   LS      norm A   cond A
  4720  3.10290e-02  8.298e-03  4.193e-06   6.7e-05  7.4e-08  6.8e+03  3.0e+01
  4730  3.10290e-02  8.298e-03  4.074e-06   6.7e-05  7.2e-08  6.8e+03  2.6e+01
  4740  3.10290e-02  8.298e-03  3.948e-06   6.7e-05  7.0e-08  6.8e+03  2.9e+01
  4750  3.10290e-02  8.298e-03  3.837e-06   6.7e-05  6.8e-08  6.8e+03  1.8e+01
  4760  3.10290e-02  8.298e-03  3.726e-06   6.7e-05  6.6e-08  6.8e+03  2.9e+01
  4770  3.10290e-02  8.298e-03  3.629e-06   6.7e-05  6.4e-08  6.8e+03  2.3e+01
  4780  3.10290e-02  8.298e-03  3.522e-06   6.7e-05  6.2e-08  6.8e+03  2.9e+01
  4790  3.10290e-02  8.298e-03  3.406e-06   6.7e-05  6.0e-08  6.8e+03  2.6e+01
  4800  3.10290e-02  8.298e-03  3.285e-06   6.7e-05  5.8e-08  6.9e+03  2.8e+01
  4810  3.10290e-02  8.298e-03  3.171e-06   6.7e-05  5.6e-08  6.9e+03  2.5e+01
  4820  3.10290e-02  8.298e-03  3.063e-06   6.7e-05  5.4e-08  6.9e+03  2.1e+01
  4830  3.10290e-02  8.298e-03  2.966e-06   6.7e-05  5.2e-08  6.9e+03  1.8e+01
  4840  3.10290e-02  8.298e-03  2.866e-06   6.7e-05  5.0e-08  6.9e+03  2.1e+01
  4850  3.10290e-02  8.298e-03  2.778e-06   6.7e-05  4.9e-08  6.9e+03  2.2e+01
  4860  3.10290e-02  8.298e-03  2.687e-06   6.7e-05  4.7e-08  6.9e+03  2.2e+01
  4870  3.10290e-02  8.298e-03  2.605e-06   6.7e-05  4.5e-08  6.9e+03  2.0e+01
  4880  3.10290e-02  8.298e-03  2.529e-06   6.7e-05  4.4e-08  6.9e+03  2.4e+01
  4890  3.10290e-02  8.298e-03  2.452e-06   6.7e-05  4.3e-08  6.9e+03  2.1e+01
  4900  3.10290e-02  8.298e-03  2.386e-06   6.7e-05  4.2e-08  6.9e+03  2.3e+01
  4910  3.10290e-02  8.298e-03  2.327e-06   6.7e-05  4.0e-08  6.9e+03  3.0e+01
 
   itn      x(1)       norm r    norm Ar  compatible   LS      norm A   cond A
  4920  3.10290e-02  8.298e-03  2.271e-06   6.7e-05  3.9e-08  6.9e+03  2.6e+01
  4930  3.10290e-02  8.298e-03  2.221e-06   6.7e-05  3.9e-08  6.9e+03  3.0e+01
  4940  3.10290e-02  8.298e-03  2.172e-06   6.7e-05  3.8e-08  7.0e+03  2.9e+01
  4950  3.10290e-02  8.298e-03  2.121e-06   6.7e-05  3.7e-08  7.0e+03  2.5e+01
  4960  3.10290e-02  8.298e-03  2.068e-06   6.7e-05  3.6e-08  7.0e+03  2.4e+01
  4970  3.10290e-02  8.298e-03  2.021e-06   6.7e-05  3.5e-08  7.0e+03  2.1e+01
  4980  3.10290e-02  8.298e-03  1.970e-06   6.7e-05  3.4e-08  7.0e+03  3.6e+01
  4990  3.10290e-02  8.298e-03  1.920e-06   6.7e-05  3.3e-08  7.0e+03  2.4e+01
  5000  3.10290e-02  8.298e-03  1.866e-06   6.7e-05  3.2e-08  7.0e+03  2.4e+01
  5010  3.10290e-02  8.298e-03  1.815e-06   6.7e-05  3.1e-08  7.0e+03  2.4e+01
  5020  3.10290e-02  8.298e-03  1.772e-06   6.7e-05  3.0e-08  7.0e+03  3.1e+01
  5030  3.10290e-02  8.298e-03  1.732e-06   6.7e-05  3.0e-08  7.0e+03  2.5e+01
  5040  3.10290e-02  8.298e-03  1.686e-06   6.7e-05  2.9e-08  7.0e+03  3.2e+01
  5050  3.10290e-02  8.298e-03  1.643e-06   6.7e-05  2.8e-08  7.0e+03  2.8e+01
  5060  3.10290e-02  8.298e-03  1.600e-06   6.7e-05  2.7e-08  7.0e+03  2.3e+01
  5070  3.10290e-02  8.298e-03  1.562e-06   6.7e-05  2.7e-08  7.0e+03  2.4e+01
  5080  3.10290e-02  8.298e-03  1.523e-06   6.7e-05  2.6e-08  7.0e+03  3.0e+01
  5090  3.10290e-02  8.298e-03  1.479e-06   6.7e-05  2.5e-08  7.1e+03  3.1e+01
  5100  3.10290e-02  8.298e-03  1.435e-06   6.7e-05  2.4e-08  7.1e+03  2.5e+01
  5110  3.10290e-02  8.298e-03  1.392e-06   6.7e-05  2.4e-08  7.1e+03  1.9e+01
 
   itn      x(1)       norm r    norm Ar  compatible   LS      norm A   cond A
  5120  3.10290e-02  8.298e-03  1.353e-06   6.7e-05  2.3e-08  7.1e+03  2.5e+01
  5130  3.10290e-02  8.298e-03  1.298e-06   6.7e-05  2.2e-08  7.1e+03  2.3e+01
  5140  3.10290e-02  8.298e-03  1.245e-06   6.7e-05  2.1e-08  7.1e+03  1.8e+01
  5150  3.10290e-02  8.298e-03  1.193e-06   6.7e-05  2.0e-08  7.1e+03  1.8e+01
  5160  3.10290e-02  8.298e-03  1.140e-06   6.7e-05  1.9e-08  7.1e+03  1.6e+01
  5170  3.10290e-02  8.298e-03  1.093e-06   6.7e-05  1.9e-08  7.1e+03  1.8e+01
  5180  3.10290e-02  8.298e-03  1.046e-06   6.7e-05  1.8e-08  7.1e+03  1.7e+01
  5190  3.10290e-02  8.298e-03  1.005e-06   6.7e-05  1.7e-08  7.1e+03  2.1e+01
  5200  3.10290e-02  8.298e-03  9.577e-07   6.7e-05  1.6e-08  7.1e+03  2.4e+01
  5210  3.10290e-02  8.298e-03  9.215e-07   6.7e-05  1.6e-08  7.1e+03  1.9e+01
  5220  3.10290e-02  8.298e-03  8.861e-07   6.7e-05  1.5e-08  7.1e+03  2.2e+01
  5230  3.10290e-02  8.298e-03  8.552e-07   6.7e-05  1.4e-08  7.2e+03  2.6e+01
  5240  3.10290e-02  8.298e-03  8.242e-07   6.7e-05  1.4e-08  7.2e+03  2.3e+01
  5250  3.10290e-02  8.298e-03  7.892e-07   6.7e-05  1.3e-08  7.2e+03  2.4e+01
  5260  3.10290e-02  8.298e-03  7.542e-07   6.7e-05  1.3e-08  7.2e+03  2.2e+01
  5270  3.10290e-02  8.298e-03  7.224e-07   6.7e-05  1.2e-08  7.2e+03  2.2e+01
  5280  3.10290e-02  8.298e-03  6.949e-07   6.7e-05  1.2e-08  7.2e+03  1.7e+01
  5290  3.10290e-02  8.298e-03  6.689e-07   6.7e-05  1.1e-08  7.2e+03  2.1e+01
  5294  3.10290e-02  8.298e-03  6.548e-07   6.7e-05  1.1e-08  7.2e+03  1.7e+01
  5295  3.10290e-02  8.298e-03  6.517e-07   6.7e-05  1.1e-08  7.2e+03  2.9e+01
 
   itn      x(1)       norm r    norm Ar  compatible   LS      norm A   cond A
  5296  3.10290e-02  8.298e-03  6.490e-07   6.7e-05  1.1e-08  7.2e+03  2.0e+01
  5297  3.10290e-02  8.298e-03  6.461e-07   6.7e-05  1.1e-08  7.2e+03  1.8e+01
  5298  3.10290e-02  8.298e-03  6.422e-07   6.7e-05  1.1e-08  7.2e+03  2.2e+01
  5299  3.10290e-02  8.298e-03  6.394e-07   6.7e-05  1.1e-08  7.2e+03  1.8e+01
  5300  3.10290e-02  8.298e-03  6.367e-07   6.7e-05  1.1e-08  7.2e+03  1.9e+01
  5301  3.10290e-02  8.298e-03  6.337e-07   6.7e-05  1.1e-08  7.2e+03  2.1e+01
  5302  3.10290e-02  8.298e-03  6.294e-07   6.7e-05  1.1e-08  7.2e+03  2.4e+01
  5303  3.10290e-02  8.298e-03  6.277e-07   6.7e-05  1.1e-08  7.2e+03  1.7e+01
  5304  3.10290e-02  8.298e-03  6.251e-07   6.7e-05  1.0e-08  7.2e+03  2.3e+01
  5305  3.10290e-02  8.298e-03  6.222e-07   6.7e-05  1.0e-08  7.2e+03  1.6e+01
  5306  3.10290e-02  8.298e-03  6.201e-07   6.7e-05  1.0e-08  7.2e+03  2.5e+01
  5307  3.10290e-02  8.298e-03  6.176e-07   6.7e-05  1.0e-08  7.2e+03  1.8e+01
  5308  3.10290e-02  8.298e-03  6.157e-07   6.7e-05  1.0e-08  7.2e+03  2.4e+01
  5309  3.10290e-02  8.298e-03  6.123e-07   6.7e-05  1.0e-08  7.2e+03  1.8e+01
  5310  3.10290e-02  8.298e-03  6.096e-07   6.7e-05  1.0e-08  7.2e+03  1.6e+01
  5311  3.10290e-02  8.298e-03  6.063e-07   6.7e-05  1.0e-08  7.2e+03  1.7e+01
  5312  3.10290e-02  8.298e-03  6.047e-07   6.7e-05  1.0e-08  7.2e+03  2.2e+01
  5313  3.10290e-02  8.298e-03  6.030e-07   6.7e-05  1.0e-08  7.2e+03  2.2e+01
  5314  3.10290e-02  8.298e-03  6.001e-07   6.7e-05  1.0e-08  7.2e+03  2.3e+01
  5315  3.10290e-02  8.298e-03  5.981e-07   6.7e-05  1.0e-08  7.2e+03  2.2e+01
 
LSMR finished
The least-squares solution is good enough, given atol     
istop =       2    normr = 8.3e-03
    normA = 7.2e+03    normAr = 6.0e-07
itn   =    5315    condA = 2.2e+01
    normx = 2.0e+00
  5315  3.10290e-02   8.298e-03  5.981e-07
   6.7e-05  1.0e-08   7.2e+03  2.2e+01
loss = 6.885285989764264e-05
