OS                           : Linux-5.14.21-150400.24.69_12.0.74-cray_shasta_c-x86_64-with-glibc2.31
Python Version               : 3.9.15
CuPy Version                 : 12.1.0
CuPy Platform                : NVIDIA CUDA
NumPy Version                : 1.23.5
SciPy Version                : 1.9.3
Cython Build Version         : 0.29.32
Cython Runtime Version       : None
CUDA Root                    : /opt/nvidia/hpc_sdk/Linux_x86_64/22.7/cuda/11.7
nvcc PATH                    : /opt/nvidia/hpc_sdk/Linux_x86_64/22.7/cuda/11.7/bin/nvcc
CUDA Build Version           : 11080
CUDA Driver Version          : 12000
CUDA Runtime Version         : 11070
cuBLAS Version               : (available)
cuFFT Version                : 10702
cuRAND Version               : 10210
cuSOLVER Version             : (11, 3, 5)
cuSPARSE Version             : (available)
NVRTC Version                : (11, 7)
Thrust Version               : 101501
CUB Build Version            : 101501
Jitify Build Version         : 4a37de0
cuDNN Build Version          : 8801
cuDNN Version                : 8302
NCCL Build Version           : 21602
NCCL Runtime Version         : 21505
cuTENSOR Version             : 10500
cuSPARSELt Build Version     : None
Device 0 Name                : NVIDIA A100-PCIE-40GB
Device 0 Compute Capability  : 80
Device 0 PCI Bus ID          : 0000:C3:00.0
None
Sizes of ptrain and pdot:
[(79920, 11, 11), (79920, 11, 11)]
len(theta) = 14641
len(jac) = 9670320
 
LSMR            Least-squares solution of  Ax = b

The matrix A has 19340640 rows and 14641 columns
damp = 0.00000000000000e+00

atol = 1.00e-08                 conlim = 1.00e+08

btol = 1.00e-08             maxiter =    20000

 
   itn      x(1)       norm r    norm Ar  compatible   LS      norm A   cond A
     0  0.00000e+00  1.962e+02  1.169e+04   1.0e+00  3.0e-01
     1  3.35771e-02  1.631e+02  5.806e+03   8.3e-01  3.4e-01  1.0e+02  1.0e+00
     2  8.41225e-02  1.468e+02  2.925e+03   7.5e-01  1.3e-01  1.5e+02  1.4e+00
     3  1.22234e-01  1.415e+02  1.675e+03   7.2e-01  6.3e-02  1.9e+02  1.5e+00
     4  1.42029e-01  1.395e+02  1.250e+03   7.1e-01  4.2e-02  2.1e+02  1.8e+00
     5  1.61486e-01  1.374e+02  1.002e+03   7.0e-01  3.1e-02  2.3e+02  2.6e+00
     6  1.80418e-01  1.355e+02  7.703e+02   6.9e-01  2.2e-02  2.6e+02  2.4e+00
     7  1.93383e-01  1.344e+02  6.028e+02   6.8e-01  1.6e-02  2.8e+02  2.1e+00
     8  2.02675e-01  1.337e+02  5.307e+02   6.8e-01  1.4e-02  2.9e+02  3.5e+00
     9  2.13313e-01  1.329e+02  4.636e+02   6.8e-01  1.1e-02  3.1e+02  3.3e+00
    10  2.23232e-01  1.321e+02  4.045e+02   6.7e-01  9.5e-03  3.2e+02  3.2e+00
    20  2.82314e-01  1.285e+02  1.568e+02   6.5e-01  2.7e-03  4.5e+02  4.6e+00
    30  3.08081e-01  1.274e+02  6.958e+01   6.5e-01  1.0e-03  5.4e+02  4.7e+00
    40  3.20377e-01  1.271e+02  3.907e+01   6.5e-01  4.9e-04  6.2e+02  6.7e+00
    50  3.24813e-01  1.270e+02  2.576e+01   6.5e-01  2.9e-04  6.9e+02  6.1e+00
    60  3.29564e-01  1.269e+02  1.587e+01   6.5e-01  1.7e-04  7.5e+02  6.2e+00
    70  3.31485e-01  1.269e+02  1.090e+01   6.5e-01  1.1e-04  8.2e+02  8.9e+00
    80  3.30614e-01  1.269e+02  8.615e+00   6.5e-01  7.8e-05  8.7e+02  8.8e+00
    90  3.28469e-01  1.269e+02  7.100e+00   6.5e-01  6.0e-05  9.3e+02  1.0e+01
   100  3.25879e-01  1.268e+02  5.639e+00   6.5e-01  4.6e-05  9.7e+02  7.3e+00
   110  3.25435e-01  1.268e+02  4.624e+00   6.5e-01  3.6e-05  1.0e+03  9.1e+00
 
   itn      x(1)       norm r    norm Ar  compatible   LS      norm A   cond A
   120  3.26376e-01  1.268e+02  4.010e+00   6.5e-01  3.0e-05  1.1e+03  1.5e+01
   130  3.27113e-01  1.268e+02  3.577e+00   6.5e-01  2.5e-05  1.1e+03  9.3e+00
   140  3.27300e-01  1.268e+02  3.163e+00   6.5e-01  2.2e-05  1.2e+03  1.1e+01
   150  3.26527e-01  1.268e+02  2.685e+00   6.5e-01  1.8e-05  1.2e+03  9.9e+00
   160  3.25717e-01  1.268e+02  2.241e+00   6.5e-01  1.4e-05  1.2e+03  7.6e+00
   170  3.24783e-01  1.268e+02  1.819e+00   6.5e-01  1.1e-05  1.3e+03  9.5e+00
   180  3.24154e-01  1.268e+02  1.433e+00   6.5e-01  8.7e-06  1.3e+03  9.5e+00
   190  3.24135e-01  1.268e+02  1.157e+00   6.5e-01  6.8e-06  1.3e+03  1.0e+01
   200  3.24453e-01  1.268e+02  9.638e-01   6.5e-01  5.5e-06  1.4e+03  1.2e+01
   210  3.24597e-01  1.268e+02  7.906e-01   6.5e-01  4.4e-06  1.4e+03  8.3e+00
   220  3.24612e-01  1.268e+02  6.277e-01   6.5e-01  3.4e-06  1.4e+03  8.4e+00
   230  3.24648e-01  1.268e+02  5.050e-01   6.5e-01  2.7e-06  1.5e+03  1.0e+01
   240  3.24540e-01  1.268e+02  4.322e-01   6.5e-01  2.3e-06  1.5e+03  1.4e+01
   250  3.24420e-01  1.268e+02  3.759e-01   6.5e-01  1.9e-06  1.5e+03  1.1e+01
   260  3.24362e-01  1.268e+02  3.264e-01   6.5e-01  1.6e-06  1.6e+03  1.1e+01
   270  3.24290e-01  1.268e+02  2.770e-01   6.5e-01  1.4e-06  1.6e+03  9.5e+00
   280  3.24253e-01  1.268e+02  2.288e-01   6.5e-01  1.1e-06  1.6e+03  9.1e+00
   290  3.24261e-01  1.268e+02  1.929e-01   6.5e-01  9.2e-07  1.7e+03  9.0e+00
   300  3.24274e-01  1.268e+02  1.607e-01   6.5e-01  7.5e-07  1.7e+03  8.8e+00
   310  3.24287e-01  1.268e+02  1.347e-01   6.5e-01  6.2e-07  1.7e+03  8.2e+00
 
   itn      x(1)       norm r    norm Ar  compatible   LS      norm A   cond A
   320  3.24286e-01  1.268e+02  1.159e-01   6.5e-01  5.3e-07  1.7e+03  9.3e+00
   330  3.24278e-01  1.268e+02  1.002e-01   6.5e-01  4.5e-07  1.8e+03  9.2e+00
   340  3.24281e-01  1.268e+02  8.366e-02   6.5e-01  3.7e-07  1.8e+03  8.7e+00
   350  3.24271e-01  1.268e+02  7.005e-02   6.5e-01  3.0e-07  1.8e+03  1.0e+01
   360  3.24263e-01  1.268e+02  5.681e-02   6.5e-01  2.4e-07  1.8e+03  8.2e+00
   370  3.24256e-01  1.268e+02  4.370e-02   6.5e-01  1.8e-07  1.9e+03  6.9e+00
   380  3.24255e-01  1.268e+02  3.259e-02   6.5e-01  1.4e-07  1.9e+03  7.7e+00
   390  3.24253e-01  1.268e+02  2.676e-02   6.5e-01  1.1e-07  1.9e+03  9.7e+00
   400  3.24254e-01  1.268e+02  2.326e-02   6.5e-01  9.5e-08  1.9e+03  1.1e+01
   410  3.24256e-01  1.268e+02  2.044e-02   6.5e-01  8.2e-08  2.0e+03  1.3e+01
   420  3.24257e-01  1.268e+02  1.750e-02   6.5e-01  6.9e-08  2.0e+03  8.8e+00
   430  3.24256e-01  1.268e+02  1.401e-02   6.5e-01  5.5e-08  2.0e+03  1.3e+01
   440  3.24255e-01  1.268e+02  1.177e-02   6.5e-01  4.6e-08  2.0e+03  8.8e+00
   450  3.24253e-01  1.268e+02  9.336e-03   6.5e-01  3.6e-08  2.1e+03  1.1e+01
   460  3.24253e-01  1.268e+02  7.938e-03   6.5e-01  3.0e-08  2.1e+03  9.8e+00
   470  3.24252e-01  1.268e+02  6.841e-03   6.5e-01  2.6e-08  2.1e+03  1.1e+01
   480  3.24251e-01  1.268e+02  5.654e-03   6.5e-01  2.1e-08  2.1e+03  9.3e+00
   490  3.24252e-01  1.268e+02  4.682e-03   6.5e-01  1.7e-08  2.1e+03  8.4e+00
   500  3.24252e-01  1.268e+02  3.885e-03   6.5e-01  1.4e-08  2.2e+03  9.4e+00
   510  3.24251e-01  1.268e+02  3.292e-03   6.5e-01  1.2e-08  2.2e+03  1.1e+01
 
   itn      x(1)       norm r    norm Ar  compatible   LS      norm A   cond A
   515  3.24250e-01  1.268e+02  3.059e-03   6.5e-01  1.1e-08  2.2e+03  9.8e+00
   516  3.24250e-01  1.268e+02  3.013e-03   6.5e-01  1.1e-08  2.2e+03  9.7e+00
   517  3.24250e-01  1.268e+02  2.984e-03   6.5e-01  1.1e-08  2.2e+03  9.5e+00
   518  3.24250e-01  1.268e+02  2.921e-03   6.5e-01  1.0e-08  2.2e+03  1.1e+01
   519  3.24250e-01  1.268e+02  2.887e-03   6.5e-01  1.0e-08  2.2e+03  8.6e+00
   520  3.24250e-01  1.268e+02  2.854e-03   6.5e-01  1.0e-08  2.2e+03  1.3e+01
   521  3.24250e-01  1.268e+02  2.801e-03   6.5e-01  1.0e-08  2.2e+03  8.5e+00
 
LSMR finished
The least-squares solution is good enough, given atol     
istop =       2    normr = 1.3e+02
    normA = 2.2e+03    normAr = 2.8e-03
itn   =     521    condA = 8.5e+00
    normx = 7.5e+00
   521  3.24250e-01   1.268e+02  2.801e-03
   6.5e-01  1.0e-08   2.2e+03  8.5e+00
loss = 16076.616957906288
