
The following have been reloaded with a version change:
  1) cudnn/8.3.2 => cudnn/8.9.3_cuda12

Single field-free trajectory + LSMR models: field-free
heh+ 6-31g 5.21264193600494e-14 1.2807325834221378e-21
heh+ 6-311G 1.9054320440254715e-07 5.873433613749707e-09
lih 6-31g 2.373113603065749e-08 4.160070082799541e-10
lih 6-311ppgss 5.733004373485842e-06 1.8956210614604638e-06
c2h4 sto-3g 1.2303651105986735e-05 2.225592366378959e-05
c2h4 6-31pgs 0.00011109535804504199 0.0001359846536199224
c6h6n2o2 sto-3g 5.522376114360546e-05 0.00017539427270499744

Single field-free trajectory + LSMR models: field-on
heh+ 6-31g 5.21264193600494e-14 1.2807325834221378e-21
heh+ 6-311G 1.9054320440254715e-07 5.873433613749707e-09
lih 6-31g 2.373113603065749e-08 4.160070082799541e-10
lih 6-311ppgss 5.733004373485842e-06 1.8956210614604638e-06
c2h4 sto-3g 1.2303651105986735e-05 2.225592366378959e-05
c2h4 6-31pgs 0.00011109535804504199 0.0001359846536199224
c6h6n2o2 sto-3g 5.522376114360546e-05 0.00017539427270499744

Ensemble of field-free trajectories + LSMR models: field-free
heh+ 6-31g 5.862662558911777e-14 1.3076427666404985e-21
heh+ 6-311G 4.676241596950557e-13 1.5072289964125937e-19
lih 6-31g 8.776162852634079e-13 3.657166533510778e-19
lih 6-311ppgss 1.0394603021601597e-11 4.833626229345412e-18
c2h4 sto-3g 5.927831423682882e-10 1.4383766203312277e-13
c2h4 6-31pgs 2.7943106232840815e-09 2.5730109417184237e-13
c6h6n2o2 sto-3g 1.0789272101665653e-05 2.0000362268841083e-05

Ensemble of field-free trajectories + LSMR models: field-on
heh+ 6-31g 6.432975984885478e-14 1.3751899213761358e-21
heh+ 6-311G 5.278149177289709e-13 1.585878854230119e-19
lih 6-31g 8.776590269967693e-13 3.314855549718376e-19
lih 6-311ppgss 1.1383740813141375e-11 5.354892893517643e-18
c2h4 sto-3g 5.875498018708457e-10 1.43283860929125e-13
c2h4 6-31pgs 2.7943088474276206e-09 2.7897646431380535e-13
c6h6n2o2 sto-3g 0.0007564772963018093 0.18190411512501337
