
The following have been reloaded with a version change:
  1) cudnn/8.3.2 => cudnn/8.9.3_cuda12

Single field-free trajectory + LSMR models: field-free
heh+ 6-31g 4.93509983788032e-14 1.1361707647270219e-21
heh+ 6-311G 7.388319374082677e-08 1.598089344580315e-09
lih 6-31g 8.586813510184074e-13 4.2393066955174545e-19
lih 6-311ppgss 1.4007554043682309e-06 1.5390527798258567e-07
c2h4 sto-3g 2.2725779681827325e-07 2.20033828827094e-08
c2h4 6-31pgs 2.5835110945330314e-05 0.00011809619037662399
c6h6n2o2 sto-3g 0.0001300044301489971 0.0007602638425687391

Single field-free trajectory + LSMR models: field-on
heh+ 6-31g 4.93509983788032e-14 1.1361707647270219e-21
heh+ 6-311G 7.388319374082677e-08 1.598089344580315e-09
lih 6-31g 8.586813510184074e-13 4.2393066955174545e-19
lih 6-311ppgss 1.4007554043682309e-06 1.5390527798258567e-07
c2h4 sto-3g 2.2725779681827325e-07 2.20033828827094e-08
c2h4 6-31pgs 2.5835110945330314e-05 0.00011809619037662399
c6h6n2o2 sto-3g 0.0001300044301489971 0.0007602638425687391

Ensemble of field-free trajectories + LSMR models: field-free
heh+ 6-31g 5.106896938727836e-14 1.3360464080708496e-21
heh+ 6-311G 5.431935735852736e-13 1.2103789126576795e-19
lih 6-31g 7.806823283301178e-13 2.6858676085717577e-19
lih 6-311ppgss 1.0400318452880292e-11 4.308441743502381e-18
c2h4 sto-3g 5.791896038528836e-10 1.4934361708513392e-13
c2h4 6-31pgs 2.503451672573105e-09 2.476702116553035e-13
c6h6n2o2 sto-3g 4.488035942887658e-09 5.1745819605986315e-12

Ensemble of field-free trajectories + LSMR models: field-on
heh+ 6-31g 5.6040135434456366e-14 1.3864632405263474e-21
heh+ 6-311G 5.415569790074326e-13 1.2569802499719455e-19
lih 6-31g 7.806246473842947e-13 2.4553714374965605e-19
lih 6-311ppgss 1.1101818693039151e-11 4.455570799780814e-18
c2h4 sto-3g 5.79189603905509e-10 1.5042124845149845e-13
c2h4 6-31pgs 2.5034516723372748e-09 2.488291121464805e-13
c6h6n2o2 sto-3g 4.484731919222664e-09 5.3824786892877424e-12

Single field-free trajectory + Exact Hess models: field-free
heh+ 6-31g 6.208466084819184e-07 1.748517485856718e-08
heh+ 6-311G 3.2281358689887786e-06 5.6376637502204025e-06
lih 6-31g 1.670278478491803e-10 9.1364473031487e-15
c2h4 sto-3g 2.2756648219054302e-07 2.2018783691835654e-08

Single field-free trajectory + Exact Hess models: field-on
heh+ 6-31g 2.7043144315454882e-05 2.2272137618566024e-05
heh+ 6-311G 6.924060935617334e-06 1.3586751895642953e-05
lih 6-31g 1.4300221541636533e-10 8.396772664025243e-15
c2h4 sto-3g 2.203747006510819e-07 2.1876631419337997e-08

Ensemble of field-free trajectories + Exact Hess models: field-free
heh+ 6-31g 5.106896938727836e-14 1.3360464080708496e-21
heh+ 6-311G 5.431935735852736e-13 1.2103789126576795e-19
lih 6-31g 7.806823283301178e-13 2.6858676085717577e-19
c2h4 sto-3g 5.791896038528836e-10 1.4934361708513392e-13

Ensemble of field-free trajectories + Exact Hess models: field-on
heh+ 6-31g 5.6040135434456366e-14 1.3864632405263474e-21
heh+ 6-311G 5.415569790074326e-13 1.2569802499719455e-19
lih 6-31g 7.806246473842947e-13 2.4553714374965605e-19
c2h4 sto-3g 5.79189603905509e-10 1.5042124845149845e-13

