
The following have been reloaded with a version change:
  1) cudnn/8.3.2 => cudnn/8.9.3_cuda12

Single field-free trajectory + LSMR models
heh+ 6-31g 0.6071934589308754 0.11039881073429508
heh+ 6-311G 0.7891311043742981 0.016089412252348587
lih 6-31g 0.3100313839550002 0.009137695866473118
lih 6-311ppgss 0.4421056568571075 0.0021619118076870373
c2h4 sto-3g 0.853284728087693 0.011857726478510763
c2h4 6-31pgs 0.5874379846254584 0.0014140197450121575
c6h6n2o2 sto-3g 2.04739212393895 0.0015499922554697311

Ensemble of field-free trajectories + LSMR models
heh+ 6-31g 0.607193458240873 0.11039881058920852
heh+ 6-311G 0.4832282609592057 0.009117514357849583
lih 6-31g 0.24589393917575347 0.00734011758732931
lih 6-311ppgss 0.2164947796373412 0.0009930953194463809
c2h4 sto-3g 0.4923366627369443 0.009289370992691537
c2h4 6-31pgs 0.32012750593255745 0.0005917329174628173
c6h6n2o2 sto-3g 0.2598813704801075 0.00028386827745316884

Single field-free trajectory + Exact Hess models
heh+ 6-31g 0.8434656349469175 0.12966276865000978
heh+ 6-311G 0.82413814101199 0.017646269841518323
lih 6-31g 0.3100313841899088 0.009137695873606955
c2h4 sto-3g 0.853294142710838 0.011857727070415693

Ensemble of field-free trajectories + Exact Hess models
heh+ 6-31g 0.607193458240873 0.11039881058920852
heh+ 6-311G 0.4832282609592057 0.009117514357849583
lih 6-31g 0.24589393917575347 0.00734011758732931
c2h4 sto-3g 0.4923366627369443 0.009289370992691537

