
The following have been reloaded with a version change:
  1) cudnn/8.3.2 => cudnn/8.9.3_cuda12

Single field-free trajectory + LSMR models: field-free
heh+ 6-31g 5.419104951369026e-14 1.1605674702614194e-21
heh+ 6-311G 1.450437468947149e-07 4.0827772188325e-09
lih 6-31g 1.9239086726193115e-08 3.142040023441936e-10
lih 6-311ppgss 5.381045152217995e-06 1.5173110119696586e-06
c2h4 sto-3g 1.303327405715671e-05 2.3633640260761285e-05
c2h4 6-31pgs 0.0001108034687192968 0.00011501913230873911
c6h6n2o2 sto-3g 5.139342586612938e-05 0.00015740661348910315

Single field-free trajectory + LSMR models: field-on
heh+ 6-31g 5.419104951369026e-14 1.1605674702614194e-21
heh+ 6-311G 1.450437468947149e-07 4.0827772188325e-09
lih 6-31g 1.9239086726193115e-08 3.142040023441936e-10
lih 6-311ppgss 5.381045152217995e-06 1.5173110119696586e-06
c2h4 sto-3g 1.303327405715671e-05 2.3633640260761285e-05
c2h4 6-31pgs 0.0001108034687192968 0.00011501913230873911
c6h6n2o2 sto-3g 5.139342586612938e-05 0.00015740661348910315

Ensemble of field-free trajectories + LSMR models: field-free
heh+ 6-31g 5.839593955769197e-14 1.3128136404584322e-21
heh+ 6-311G 4.676402033531112e-13 1.5072872918551034e-19
lih 6-31g 8.780603259168063e-13 3.656219230745654e-19
lih 6-311ppgss 1.0392701803856565e-11 4.8339261017970615e-18
c2h4 sto-3g 5.927806191041651e-10 1.4383760605175976e-13
c2h4 6-31pgs 2.7942937551504817e-09 2.572920674746675e-13
c6h6n2o2 sto-3g 6.382769213253236e-06 4.1962635490115414e-06

Ensemble of field-free trajectories + LSMR models: field-on
heh+ 6-31g 6.472267944034855e-14 1.3802565176076266e-21
heh+ 6-311G 5.277877240826521e-13 1.5859464246293978e-19
lih 6-31g 8.77978434805927e-13 3.314139266222941e-19
lih 6-311ppgss 1.1381972639269031e-11 5.3551649268711604e-18
c2h4 sto-3g 5.875485162591192e-10 1.432838087517285e-13
c2h4 6-31pgs 2.7942928673414337e-09 2.789679553113442e-13
c6h6n2o2 sto-3g 0.00036378462867334887 0.025144420448638145
