lih 6-311ppgss True Symm 0.12896212477905952
lih 6-311ppgss True Herm 0.3494245577147628
lih 6-311ppgss True Tied 0.34174364394709666
lih 6-311ppgss True SymmE 1.3077923223771337e-09
lih 6-311ppgss True HermE 1.4069458415761146e-09
lih 6-311ppgss True TiedE 1.4100784201171908e-09
lih 6-311ppgss False Symm 3.7925915462050865e-05
lih 6-311ppgss False Herm 2.448175772150044e-05
lih 6-311ppgss False Tied 1.690332611544178e-05
lih 6-311ppgss False SymmE 1.238354589235978e-09
lih 6-311ppgss False HermE 1.3551594467022242e-09
lih 6-311ppgss False TiedE 1.3614314295400525e-09
c2h4 6-31pgs True Symm 0.5616463672768793
c2h4 6-31pgs True Herm 0.630942150045873
c2h4 6-31pgs True Tied 0.7715794792427526
c2h4 6-31pgs True SymmE 1.4470842586025144e-06
c2h4 6-31pgs True HermE 5.879721540081102e-07
c2h4 6-31pgs True TiedE 5.879466521646275e-07
c2h4 6-31pgs False Symm 0.0003962934675427319
c2h4 6-31pgs False Herm 6.654835978196748e-05
c2h4 6-31pgs False Tied 7.63112368508728e-05
c2h4 6-31pgs False SymmE 1.7139755536631773e-07
c2h4 6-31pgs False HermE 1.9100920335207214e-07
c2h4 6-31pgs False TiedE 1.9100542310762415e-07
c6h6n2o2 sto-3g True Symm 0.3223815344169668
c6h6n2o2 sto-3g True Herm 0.3336520183510783
c6h6n2o2 sto-3g True Tied 0.3234730687947089
c6h6n2o2 sto-3g True SymmE 4.90726460957327e-07
c6h6n2o2 sto-3g True HermE 0.01739218758704892
c6h6n2o2 sto-3g True TiedE 0.0037115589685620606
c6h6n2o2 sto-3g False Symm 0.00022344689259223136
c6h6n2o2 sto-3g False Herm 8.59160916282882e-06
c6h6n2o2 sto-3g False Tied 8.988191485741318e-06
c6h6n2o2 sto-3g False SymmE 6.022759522834002e-07
c6h6n2o2 sto-3g False HermE 0.00013170432677644015
c6h6n2o2 sto-3g False TiedE 7.035337850539027e-05
