heh+ 6-31g True SymmH 0.00014171505407155905
heh+ 6-31g True Symm 1.1584045544841683e-11
heh+ 6-31g True Herm 2.678929146595126e-11
heh+ 6-31g True Tied 3.10908689355727e-11
heh+ 6-31g True SymmHE 2.5887439925304314e-11
heh+ 6-31g True SymmE 4.0454214549214674e-11
heh+ 6-31g True HermE 3.082529160677596e-11
heh+ 6-31g True TiedE 2.4771282480494738e-11
heh+ 6-31g False SymmH 9.60078360630625e-07
heh+ 6-31g False Symm 2.585798311351485e-11
heh+ 6-31g False Herm 2.4359588556576652e-11
heh+ 6-31g False Tied 2.341504943452763e-11
heh+ 6-31g False SymmHE 2.8878308808393335e-11
heh+ 6-31g False SymmE 2.1869461803197118e-11
heh+ 6-31g False HermE 1.554877954222961e-11
heh+ 6-31g False TiedE 3.3642282099573e-11
heh+ 6-311G True SymmH 0.00024310598368560782
heh+ 6-311G True Symm 1.534962162412558e-05
heh+ 6-311G True Herm 5.007606681648197e-05
heh+ 6-311G True Tied 5.401557120440501e-05
heh+ 6-311G True SymmHE 5.959869270063596e-11
heh+ 6-311G True SymmE 5.832099252859492e-11
heh+ 6-311G True HermE 4.883818548887029e-11
heh+ 6-311G True TiedE 4.766753368843887e-11
heh+ 6-311G False SymmH 4.657842172510167e-06
heh+ 6-311G False Symm 8.272955180109079e-07
heh+ 6-311G False Herm 5.742664509322542e-07
heh+ 6-311G False Tied 4.917047786713124e-07
heh+ 6-311G False SymmHE 5.88626323351637e-11
heh+ 6-311G False SymmE 6.050234463771596e-11
heh+ 6-311G False HermE 5.0004877588914164e-11
heh+ 6-311G False TiedE 4.95999518449862e-11
lih 6-31g True SymmH 5.735158901416303e-09
lih 6-31g True Symm 6.100498974637048e-11
lih 6-31g True Herm 6.083846990395699e-06
lih 6-31g True Tied 5.395825188719022e-06
lih 6-31g True SymmHE 5.761761852665691e-10
lih 6-31g True SymmE 5.853808459974324e-10
lih 6-31g True HermE 4.0073669441711624e-10
lih 6-31g True TiedE 4.202966978091611e-10
lih 6-31g False SymmH 5.3406620737463175e-09
lih 6-31g False Symm 3.1688946911613244e-10
lih 6-31g False Herm 5.207450190322577e-06
lih 6-31g False Tied 5.362770574793132e-06
lih 6-31g False SymmHE 4.435275266252839e-10
lih 6-31g False SymmE 4.3081260189559437e-10
lih 6-31g False HermE 4.6359700703743666e-10
lih 6-31g False TiedE 4.5457001671365056e-10
c2h4 sto-3g True SymmH 1.8817719037478737e-06
c2h4 sto-3g True Symm 1.8432821295373391e-06
c2h4 sto-3g True Herm 0.000936389987328277
c2h4 sto-3g True Tied 0.000992939592696767
c2h4 sto-3g True SymmHE 8.857023942319885e-08
c2h4 sto-3g True SymmE 8.856707855830868e-08
c2h4 sto-3g True HermE 8.62741789962612e-08
c2h4 sto-3g True TiedE 8.63002266262271e-08
c2h4 sto-3g False SymmH 1.8481231639551849e-06
c2h4 sto-3g False Symm 1.838546171324514e-06
c2h4 sto-3g False Herm 6.172925987764565e-05
c2h4 sto-3g False Tied 6.057639237927941e-05
c2h4 sto-3g False SymmHE 7.059779678075019e-08
c2h4 sto-3g False SymmE 7.055091508040372e-08
c2h4 sto-3g False HermE 6.963295053633993e-08
c2h4 sto-3g False TiedE 6.963008245196744e-08

