OS                           : Linux-5.14.21-150400.24.81_12.0.87-cray_shasta_c-x86_64-with-glibc2.31
Python Version               : 3.9.15
CuPy Version                 : 13.0.0
CuPy Platform                : NVIDIA CUDA
NumPy Version                : 1.23.5
SciPy Version                : 1.9.3
Cython Build Version         : 0.29.36
Cython Runtime Version       : None
CUDA Root                    : /opt/nvidia/hpc_sdk/Linux_x86_64/23.9/cuda/12.2
nvcc PATH                    : /opt/nvidia/hpc_sdk/Linux_x86_64/23.9/cuda/12.2/bin/nvcc
CUDA Build Version           : 12020
CUDA Driver Version          : 12020
CUDA Runtime Version         : 12020 (linked to CuPy) / 12020 (locally installed)
cuBLAS Version               : (available)
cuFFT Version                : 11008
cuRAND Version               : 10303
cuSOLVER Version             : (11, 5, 0)
cuSPARSE Version             : (available)
NVRTC Version                : (12, 2)
Thrust Version               : 200200
CUB Build Version            : 200200
Jitify Build Version         : <unknown>
cuDNN Build Version          : 8801
cuDNN Version                : 8903
NCCL Build Version           : None
NCCL Runtime Version         : None
cuTENSOR Version             : None
cuSPARSELt Build Version     : None
Device 0 Name                : NVIDIA A100-SXM4-40GB
Device 0 Compute Capability  : 80
Device 0 PCI Bus ID          : 0000:41:00.0
None
nprime = 105
npripri = 91
Sizes of ptrain and pdot:
[(80000, 14, 14), (80000, 14, 14)]
Loss at truetheta:
4.9232794951183e-13
len(theta) = 38416
len(jac) = 15680000
 
LSMR            Least-squares solution of  Ax = b

The matrix A has 31360000 rows and 38416 columns
damp = 0.00000000000000e+00

atol = 1.00e-08                 conlim = 1.00e+08

btol = 1.00e-08             maxiter =   100000

 
   itn      x(1)       norm r    norm Ar  compatible   LS      norm A   cond A
     0  0.00000e+00  1.116e+03  7.462e+05   1.0e+00  6.0e-01
     1 -5.96176e-03  6.355e+02  2.005e+05   5.7e-01  3.9e-01  8.1e+02  1.0e+00
     2 -2.68655e-02  2.623e+02  8.541e+04   2.4e-01  3.6e-01  9.1e+02  2.5e+00
     3 -3.31145e-02  2.014e+02  5.165e+04   1.8e-01  2.3e-01  1.1e+03  2.2e+00
     4 -4.92015e-02  1.150e+02  1.252e+04   1.0e-01  8.4e-02  1.3e+03  2.5e+00
     5 -5.03571e-02  1.124e+02  1.025e+04   1.0e-01  6.7e-02  1.4e+03  2.4e+00
     6 -5.50618e-02  1.050e+02  5.398e+03   9.4e-02  3.3e-02  1.6e+03  2.9e+00
     7 -5.57459e-02  1.036e+02  4.718e+03   9.3e-02  2.9e-02  1.6e+03  3.7e+00
     8 -5.66104e-02  1.017e+02  3.806e+03   9.1e-02  2.1e-02  1.8e+03  2.8e+00
     9 -5.71913e-02  9.947e+01  3.060e+03   8.9e-02  1.7e-02  1.8e+03  5.0e+00
    10 -5.72985e-02  9.909e+01  2.954e+03   8.9e-02  1.6e-02  1.9e+03  4.3e+00
    20 -6.90557e-02  5.801e+01  1.535e+03   5.2e-02  9.9e-03  2.7e+03  3.8e+00
    30 -6.77585e-02  3.992e+01  8.275e+02   3.6e-02  6.3e-03  3.3e+03  8.7e+00
    40 -6.98672e-02  2.521e+01  4.924e+02   2.3e-02  5.2e-03  3.8e+03  6.1e+00
    50 -7.18289e-02  1.738e+01  3.163e+02   1.6e-02  4.3e-03  4.2e+03  8.5e+00
    60 -7.38668e-02  1.207e+01  2.069e+02   1.1e-02  3.7e-03  4.6e+03  1.4e+01
    70 -7.86989e-02  7.823e+00  1.242e+02   7.0e-03  3.2e-03  4.9e+03  1.1e+01
    80 -7.99142e-02  5.812e+00  8.391e+01   5.2e-03  2.7e-03  5.3e+03  1.2e+01
    90 -8.01678e-02  4.317e+00  5.239e+01   3.9e-03  2.2e-03  5.6e+03  9.6e+00
   100 -8.04459e-02  3.627e+00  3.647e+01   3.3e-03  1.7e-03  5.9e+03  6.6e+00
   110 -7.99408e-02  3.106e+00  2.375e+01   2.8e-03  1.2e-03  6.1e+03  6.1e+00
 
   itn      x(1)       norm r    norm Ar  compatible   LS      norm A   cond A
   120 -7.85943e-02  2.828e+00  1.674e+01   2.5e-03  9.3e-04  6.4e+03  1.3e+01
   130 -7.74397e-02  2.631e+00  1.140e+01   2.4e-03  6.5e-04  6.6e+03  6.9e+00
   140 -7.59565e-02  2.531e+00  8.746e+00   2.3e-03  5.1e-04  6.8e+03  8.3e+00
   150 -7.46273e-02  2.466e+00  7.313e+00   2.2e-03  4.2e-04  7.1e+03  8.3e+00
   160 -7.33765e-02  2.421e+00  6.627e+00   2.2e-03  3.7e-04  7.3e+03  1.8e+01
   170 -7.16966e-02  2.371e+00  6.177e+00   2.1e-03  3.5e-04  7.6e+03  1.8e+01
   180 -7.06108e-02  2.340e+00  6.016e+00   2.1e-03  3.3e-04  7.8e+03  3.0e+01
   190 -6.85915e-02  2.286e+00  5.843e+00   2.0e-03  3.2e-04  8.0e+03  4.9e+01
   200 -6.65909e-02  2.232e+00  5.725e+00   2.0e-03  3.1e-04  8.2e+03  3.6e+01
   210 -6.13043e-02  2.092e+00  5.480e+00   1.9e-03  3.1e-04  8.4e+03  1.9e+01
   220 -5.47339e-02  1.918e+00  5.205e+00   1.7e-03  3.2e-04  8.6e+03  2.2e+01
   230 -4.21444e-02  1.585e+00  4.677e+00   1.4e-03  3.4e-04  8.8e+03  3.4e+01
   240 -2.66577e-02  1.175e+00  3.964e+00   1.1e-03  3.8e-04  8.9e+03  2.3e+01
   250 -9.54901e-03  7.267e-01  3.016e+00   6.5e-04  4.5e-04  9.1e+03  8.7e+00
   260  1.61459e-03  4.460e-01  2.203e+00   4.0e-04  5.3e-04  9.3e+03  8.7e+00
   270  9.05438e-03  2.832e-01  1.442e+00   2.5e-04  5.4e-04  9.5e+03  8.7e+00
   280  1.22528e-02  2.325e-01  9.600e-01   2.1e-04  4.3e-04  9.7e+03  8.7e+00
   290  1.35964e-02  2.165e-01  6.843e-01   1.9e-04  3.2e-04  9.9e+03  1.8e+01
   300  1.40964e-02  2.102e-01  5.695e-01   1.9e-04  2.7e-04  1.0e+04  1.0e+01
   310  1.43220e-02  2.063e-01  5.271e-01   1.8e-04  2.5e-04  1.0e+04  9.0e+00
 
   itn      x(1)       norm r    norm Ar  compatible   LS      norm A   cond A
   320  1.44393e-02  2.038e-01  5.108e-01   1.8e-04  2.4e-04  1.0e+04  3.4e+01
   330  1.46253e-02  1.990e-01  4.933e-01   1.8e-04  2.4e-04  1.0e+04  2.5e+01
   340  1.47875e-02  1.945e-01  4.827e-01   1.7e-04  2.3e-04  1.1e+04  4.3e+01
   350  1.51372e-02  1.844e-01  4.644e-01   1.7e-04  2.3e-04  1.1e+04  2.3e+01
   360  1.55703e-02  1.717e-01  4.443e-01   1.5e-04  2.4e-04  1.1e+04  2.4e+01
   370  1.64832e-02  1.450e-01  4.036e-01   1.3e-04  2.5e-04  1.1e+04  4.2e+01
   380  1.76623e-02  1.108e-01  3.482e-01   9.9e-05  2.8e-04  1.1e+04  2.0e+01
   390  1.88993e-02  7.519e-02  2.816e-01   6.7e-05  3.3e-04  1.1e+04  8.7e+00
   400  1.99023e-02  4.705e-02  2.149e-01   4.2e-05  4.0e-04  1.2e+04  1.6e+01
   410  2.05432e-02  3.011e-02  1.598e-01   2.7e-05  4.5e-04  1.2e+04  1.2e+01
   420  2.10221e-02  1.936e-02  1.022e-01   1.7e-05  4.5e-04  1.2e+04  1.3e+01
   430  2.11793e-02  1.678e-02  7.500e-02   1.5e-05  3.7e-04  1.2e+04  2.3e+01
   440  2.12693e-02  1.557e-02  5.436e-02   1.4e-05  2.9e-04  1.2e+04  1.7e+01
   450  2.13046e-02  1.509e-02  4.393e-02   1.4e-05  2.4e-04  1.2e+04  2.0e+01
   460  2.13187e-02  1.478e-02  3.904e-02   1.3e-05  2.1e-04  1.2e+04  2.8e+01
   470  2.13243e-02  1.454e-02  3.676e-02   1.3e-05  2.0e-04  1.2e+04  4.3e+01
   480  2.13264e-02  1.430e-02  3.559e-02   1.3e-05  2.0e-04  1.3e+04  4.4e+01
   490  2.13271e-02  1.396e-02  3.460e-02   1.3e-05  1.9e-04  1.3e+04  3.2e+01
   500  2.13267e-02  1.351e-02  3.376e-02   1.2e-05  1.9e-04  1.3e+04  2.4e+01
   510  2.13249e-02  1.270e-02  3.244e-02   1.1e-05  2.0e-04  1.3e+04  2.5e+01
 
   itn      x(1)       norm r    norm Ar  compatible   LS      norm A   cond A
   520  2.13216e-02  1.144e-02  3.055e-02   1.0e-05  2.0e-04  1.3e+04  2.9e+01
   530  2.13145e-02  8.960e-03  2.671e-02   8.0e-06  2.2e-04  1.3e+04  1.8e+01
   540  2.13070e-02  6.409e-03  2.225e-02   5.7e-06  2.6e-04  1.3e+04  1.5e+01
   550  2.12990e-02  3.832e-03  1.663e-02   3.4e-06  3.2e-04  1.4e+04  1.4e+01
   560  2.12941e-02  2.336e-03  1.210e-02   2.1e-06  3.8e-04  1.4e+04  1.5e+01
   570  2.12907e-02  1.484e-03  7.903e-03   1.3e-06  3.9e-04  1.4e+04  2.3e+01
   580  2.12893e-02  1.214e-03  5.239e-03   1.1e-06  3.1e-04  1.4e+04  1.1e+01
   590  2.12887e-02  1.141e-03  3.993e-03   1.0e-06  2.5e-04  1.4e+04  1.4e+01
   600  2.12884e-02  1.108e-03  3.368e-03   9.9e-07  2.2e-04  1.4e+04  2.3e+01
   610  2.12879e-02  1.076e-03  2.869e-03   9.6e-07  1.9e-04  1.4e+04  2.4e+01
   620  2.12876e-02  1.057e-03  2.704e-03   9.5e-07  1.8e-04  1.4e+04  7.3e+01
   630  2.12873e-02  1.039e-03  2.612e-03   9.3e-07  1.7e-04  1.4e+04  5.5e+01
   640  2.12868e-02  1.010e-03  2.519e-03   9.0e-07  1.7e-04  1.5e+04  3.6e+01
   650  2.12861e-02  9.701e-04  2.438e-03   8.7e-07  1.7e-04  1.5e+04  2.6e+01
   660  2.12853e-02  9.178e-04  2.351e-03   8.2e-07  1.7e-04  1.5e+04  3.9e+01
   663  2.12848e-02  8.835e-04  2.298e-03   7.9e-07  1.8e-04  1.5e+04  2.7e+01
   664  2.12847e-02  8.805e-04  2.293e-03   7.9e-07  1.8e-04  1.5e+04  4.4e+01
   665  2.12847e-02  8.797e-04  2.292e-03   7.9e-07  1.8e-04  1.5e+04  5.3e+01
   666  2.12843e-02  8.533e-04  2.253e-03   7.6e-07  1.8e-04  1.5e+04  3.9e+01
   667  2.12842e-02  8.451e-04  2.240e-03   7.6e-07  1.8e-04  1.5e+04  1.7e+01
 
   itn      x(1)       norm r    norm Ar  compatible   LS      norm A   cond A
   668  2.12839e-02  8.238e-04  2.208e-03   7.4e-07  1.8e-04  1.5e+04  1.3e+01
   669  2.12837e-02  8.090e-04  2.186e-03   7.3e-07  1.8e-04  1.5e+04  2.0e+01
 
LSMR finished
Ax - b is small enough, given atol, btol                  
istop =       1    normr = 8.1e-04
    normA = 1.5e+04    normAr = 2.2e-03
itn   =     669    condA = 2.0e+01
    normx = 5.4e+00
   669  2.12837e-02   8.090e-04  2.186e-03
   7.3e-07  1.8e-04   1.5e+04  2.0e+01
loss = 6.544454234789508e-07
