OS                        : Linux-5.14.21-150400.24.81_12.0.86-cray_shasta_c-x86_64-with-glibc2.31
Python Version            : 3.9.15
CuPy Version              : 12.1.0
CuPy Platform             : NVIDIA CUDA
NumPy Version             : 1.23.5
SciPy Version             : 1.9.3
Cython Build Version      : 0.29.32
Cython Runtime Version    : None
CUDA Root                 : /opt/nvidia/hpc_sdk/Linux_x86_64/22.7/cuda/11.7
nvcc PATH                 : /opt/nvidia/hpc_sdk/Linux_x86_64/22.7/cuda/11.7/bin/nvcc
CUDA Build Version        : 11080
CUDA Driver Version       : 12000
CUDA Runtime Version      : CUDARuntimeError('cudaErrorNoDevice: no CUDA-capable device is detected')
cuBLAS Version            : (available)
cuFFT Version             : 10702
cuRAND Version            : 10210
cuSOLVER Version          : (11, 3, 5)
cuSPARSE Version          : (available)
NVRTC Version             : (11, 7)
Thrust Version            : 101501
CUB Build Version         : 101501
Jitify Build Version      : 4a37de0
cuDNN Build Version       : 8801
cuDNN Version             : 8302
NCCL Build Version        : 21602
NCCL Runtime Version      : 21505
cuTENSOR Version          : 10500
cuSPARSELt Build Version  : None
None
