OS                           : Linux-5.14.21-150400.24.81_12.0.87-cray_shasta_c-x86_64-with-glibc2.31
Python Version               : 3.9.19
CuPy Version                 : 13.0.0
CuPy Platform                : NVIDIA CUDA
NumPy Version                : 1.26.4
SciPy Version                : 1.13.0
Cython Build Version         : 0.29.36
Cython Runtime Version       : None
CUDA Root                    : /opt/nvidia/hpc_sdk/Linux_x86_64/23.9/cuda/12.2
nvcc PATH                    : /opt/nvidia/hpc_sdk/Linux_x86_64/23.9/cuda/12.2/bin/nvcc
CUDA Build Version           : 12020
CUDA Driver Version          : 12020
CUDA Runtime Version         : 12020 (linked to CuPy) / 12020 (locally installed)
cuBLAS Version               : (available)
cuFFT Version                : 11008
cuRAND Version               : 10303
cuSOLVER Version             : (11, 5, 0)
cuSPARSE Version             : (available)
NVRTC Version                : (12, 2)
Thrust Version               : 200200
CUB Build Version            : 200200
Jitify Build Version         : <unknown>
cuDNN Build Version          : 8801
cuDNN Version                : 8903
NCCL Build Version           : None
NCCL Runtime Version         : None
cuTENSOR Version             : None
cuSPARSELt Build Version     : None
Device 0 Name                : NVIDIA A100-SXM4-40GB
Device 0 Compute Capability  : 80
Device 0 PCI Bus ID          : 0000:C1:00.0
None
nprime = 105
npripri = 91
Sizes of ptrain and pdot:
[(80000, 14, 14), (80000, 14, 14)]
Loss at truetheta:
4.9232794951183e-13
len(theta) = 38416
len(jac) = 15680000
 
LSMR            Least-squares solution of  Ax = b

The matrix A has 31360000 rows and 38416 columns
damp = 0.00000000000000e+00

atol = 1.00e-16                 conlim = 1.00e+08

btol = 1.00e-16             maxiter =   100000

 
   itn      x(1)       norm r    norm Ar  compatible   LS      norm A   cond A
     0  0.00000e+00  1.116e+03  7.462e+05   1.0e+00  6.0e-01
     1 -5.96176e-03  6.355e+02  2.005e+05   5.7e-01  3.9e-01  8.1e+02  1.0e+00
     2 -2.68655e-02  2.623e+02  8.541e+04   2.4e-01  3.6e-01  9.1e+02  2.5e+00
     3 -3.31145e-02  2.014e+02  5.165e+04   1.8e-01  2.3e-01  1.1e+03  2.2e+00
     4 -4.92015e-02  1.150e+02  1.252e+04   1.0e-01  8.4e-02  1.3e+03  2.5e+00
     5 -5.03571e-02  1.124e+02  1.025e+04   1.0e-01  6.7e-02  1.4e+03  2.4e+00
     6 -5.50618e-02  1.050e+02  5.398e+03   9.4e-02  3.3e-02  1.6e+03  2.9e+00
     7 -5.57459e-02  1.036e+02  4.718e+03   9.3e-02  2.9e-02  1.6e+03  3.7e+00
     8 -5.66104e-02  1.017e+02  3.806e+03   9.1e-02  2.1e-02  1.8e+03  2.8e+00
     9 -5.71913e-02  9.947e+01  3.060e+03   8.9e-02  1.7e-02  1.8e+03  5.0e+00
    10 -5.72985e-02  9.909e+01  2.954e+03   8.9e-02  1.6e-02  1.9e+03  4.3e+00
    20 -6.90557e-02  5.801e+01  1.535e+03   5.2e-02  9.9e-03  2.7e+03  3.8e+00
    30 -6.77585e-02  3.992e+01  8.275e+02   3.6e-02  6.3e-03  3.3e+03  8.7e+00
    40 -6.98672e-02  2.521e+01  4.924e+02   2.3e-02  5.2e-03  3.8e+03  6.1e+00
    50 -7.18289e-02  1.738e+01  3.163e+02   1.6e-02  4.3e-03  4.2e+03  8.5e+00
    60 -7.38668e-02  1.207e+01  2.069e+02   1.1e-02  3.7e-03  4.6e+03  1.4e+01
    70 -7.86989e-02  7.823e+00  1.242e+02   7.0e-03  3.2e-03  4.9e+03  1.1e+01
    80 -7.99142e-02  5.812e+00  8.391e+01   5.2e-03  2.7e-03  5.3e+03  1.2e+01
    90 -8.01678e-02  4.317e+00  5.239e+01   3.9e-03  2.2e-03  5.6e+03  9.6e+00
   100 -8.04459e-02  3.627e+00  3.647e+01   3.3e-03  1.7e-03  5.9e+03  6.6e+00
   110 -7.99408e-02  3.106e+00  2.375e+01   2.8e-03  1.2e-03  6.1e+03  6.1e+00
 
   itn      x(1)       norm r    norm Ar  compatible   LS      norm A   cond A
   120 -7.85943e-02  2.828e+00  1.674e+01   2.5e-03  9.3e-04  6.4e+03  1.3e+01
   130 -7.74397e-02  2.631e+00  1.140e+01   2.4e-03  6.5e-04  6.6e+03  6.9e+00
   140 -7.59565e-02  2.531e+00  8.746e+00   2.3e-03  5.1e-04  6.8e+03  8.3e+00
   150 -7.46273e-02  2.466e+00  7.313e+00   2.2e-03  4.2e-04  7.1e+03  8.3e+00
   160 -7.33765e-02  2.421e+00  6.627e+00   2.2e-03  3.7e-04  7.3e+03  1.8e+01
   170 -7.16966e-02  2.371e+00  6.177e+00   2.1e-03  3.5e-04  7.6e+03  1.8e+01
   180 -7.06108e-02  2.340e+00  6.016e+00   2.1e-03  3.3e-04  7.8e+03  3.0e+01
   190 -6.85915e-02  2.286e+00  5.843e+00   2.0e-03  3.2e-04  8.0e+03  4.9e+01
   200 -6.65909e-02  2.232e+00  5.725e+00   2.0e-03  3.1e-04  8.2e+03  3.6e+01
   210 -6.13043e-02  2.092e+00  5.480e+00   1.9e-03  3.1e-04  8.4e+03  1.9e+01
   220 -5.47339e-02  1.918e+00  5.205e+00   1.7e-03  3.2e-04  8.6e+03  2.2e+01
   230 -4.21444e-02  1.585e+00  4.677e+00   1.4e-03  3.4e-04  8.8e+03  3.4e+01
   240 -2.66577e-02  1.175e+00  3.964e+00   1.1e-03  3.8e-04  8.9e+03  2.3e+01
   250 -9.54901e-03  7.267e-01  3.016e+00   6.5e-04  4.5e-04  9.1e+03  8.7e+00
   260  1.61459e-03  4.460e-01  2.203e+00   4.0e-04  5.3e-04  9.3e+03  8.7e+00
   270  9.05438e-03  2.832e-01  1.442e+00   2.5e-04  5.4e-04  9.5e+03  8.7e+00
   280  1.22528e-02  2.325e-01  9.600e-01   2.1e-04  4.3e-04  9.7e+03  8.7e+00
   290  1.35964e-02  2.165e-01  6.843e-01   1.9e-04  3.2e-04  9.9e+03  1.8e+01
   300  1.40964e-02  2.102e-01  5.695e-01   1.9e-04  2.7e-04  1.0e+04  1.0e+01
   310  1.43220e-02  2.063e-01  5.271e-01   1.8e-04  2.5e-04  1.0e+04  9.0e+00
 
   itn      x(1)       norm r    norm Ar  compatible   LS      norm A   cond A
   320  1.44393e-02  2.038e-01  5.108e-01   1.8e-04  2.4e-04  1.0e+04  3.4e+01
   330  1.46253e-02  1.990e-01  4.933e-01   1.8e-04  2.4e-04  1.0e+04  2.5e+01
   340  1.47875e-02  1.945e-01  4.827e-01   1.7e-04  2.3e-04  1.1e+04  4.3e+01
   350  1.51372e-02  1.844e-01  4.644e-01   1.7e-04  2.3e-04  1.1e+04  2.3e+01
   360  1.55703e-02  1.717e-01  4.443e-01   1.5e-04  2.4e-04  1.1e+04  2.4e+01
   370  1.64832e-02  1.450e-01  4.036e-01   1.3e-04  2.5e-04  1.1e+04  4.2e+01
   380  1.76623e-02  1.108e-01  3.482e-01   9.9e-05  2.8e-04  1.1e+04  2.0e+01
   390  1.88993e-02  7.519e-02  2.816e-01   6.7e-05  3.3e-04  1.1e+04  8.7e+00
   400  1.99023e-02  4.705e-02  2.149e-01   4.2e-05  4.0e-04  1.2e+04  1.6e+01
   410  2.05432e-02  3.011e-02  1.598e-01   2.7e-05  4.5e-04  1.2e+04  1.2e+01
   420  2.10221e-02  1.936e-02  1.022e-01   1.7e-05  4.5e-04  1.2e+04  1.3e+01
   430  2.11793e-02  1.678e-02  7.500e-02   1.5e-05  3.7e-04  1.2e+04  2.3e+01
   440  2.12693e-02  1.557e-02  5.436e-02   1.4e-05  2.9e-04  1.2e+04  1.7e+01
   450  2.13046e-02  1.509e-02  4.393e-02   1.4e-05  2.4e-04  1.2e+04  2.0e+01
   460  2.13187e-02  1.478e-02  3.904e-02   1.3e-05  2.1e-04  1.2e+04  2.8e+01
   470  2.13243e-02  1.454e-02  3.676e-02   1.3e-05  2.0e-04  1.2e+04  4.3e+01
   480  2.13264e-02  1.430e-02  3.559e-02   1.3e-05  2.0e-04  1.3e+04  4.4e+01
   490  2.13271e-02  1.396e-02  3.460e-02   1.3e-05  1.9e-04  1.3e+04  3.2e+01
   500  2.13267e-02  1.351e-02  3.376e-02   1.2e-05  1.9e-04  1.3e+04  2.4e+01
   510  2.13249e-02  1.270e-02  3.244e-02   1.1e-05  2.0e-04  1.3e+04  2.5e+01
 
   itn      x(1)       norm r    norm Ar  compatible   LS      norm A   cond A
   520  2.13216e-02  1.144e-02  3.055e-02   1.0e-05  2.0e-04  1.3e+04  2.9e+01
   530  2.13145e-02  8.960e-03  2.671e-02   8.0e-06  2.2e-04  1.3e+04  1.8e+01
   540  2.13070e-02  6.409e-03  2.225e-02   5.7e-06  2.6e-04  1.3e+04  1.5e+01
   550  2.12990e-02  3.832e-03  1.663e-02   3.4e-06  3.2e-04  1.4e+04  1.4e+01
   560  2.12941e-02  2.336e-03  1.210e-02   2.1e-06  3.8e-04  1.4e+04  1.5e+01
   570  2.12907e-02  1.484e-03  7.903e-03   1.3e-06  3.9e-04  1.4e+04  2.3e+01
   580  2.12893e-02  1.214e-03  5.239e-03   1.1e-06  3.1e-04  1.4e+04  1.1e+01
   590  2.12887e-02  1.141e-03  3.993e-03   1.0e-06  2.5e-04  1.4e+04  1.4e+01
   600  2.12884e-02  1.108e-03  3.368e-03   9.9e-07  2.2e-04  1.4e+04  2.3e+01
   610  2.12879e-02  1.076e-03  2.869e-03   9.6e-07  1.9e-04  1.4e+04  2.4e+01
   620  2.12876e-02  1.057e-03  2.704e-03   9.5e-07  1.8e-04  1.4e+04  7.3e+01
   630  2.12873e-02  1.039e-03  2.612e-03   9.3e-07  1.7e-04  1.4e+04  5.5e+01
   640  2.12868e-02  1.010e-03  2.519e-03   9.0e-07  1.7e-04  1.5e+04  3.6e+01
   650  2.12861e-02  9.701e-04  2.438e-03   8.7e-07  1.7e-04  1.5e+04  2.6e+01
   660  2.12853e-02  9.178e-04  2.351e-03   8.2e-07  1.7e-04  1.5e+04  3.9e+01
   670  2.12836e-02  8.033e-04  2.177e-03   7.2e-07  1.8e-04  1.5e+04  1.5e+01
   680  2.12807e-02  6.194e-04  1.888e-03   5.6e-07  2.0e-04  1.5e+04  1.4e+01
   690  2.12775e-02  4.090e-04  1.507e-03   3.7e-07  2.4e-04  1.5e+04  1.1e+01
   700  2.12747e-02  2.306e-04  1.087e-03   2.1e-07  3.1e-04  1.5e+04  1.1e+01
   710  2.12731e-02  1.358e-04  7.584e-04   1.2e-07  3.6e-04  1.5e+04  1.7e+01
 
   itn      x(1)       norm r    norm Ar  compatible   LS      norm A   cond A
   720  2.12724e-02  9.691e-05  5.365e-04   8.7e-08  3.6e-04  1.5e+04  1.7e+01
   730  2.12719e-02  7.927e-05  3.444e-04   7.1e-08  2.8e-04  1.6e+04  1.1e+01
   740  2.12718e-02  7.503e-05  2.619e-04   6.7e-08  2.2e-04  1.6e+04  1.1e+01
   750  2.12717e-02  7.260e-05  2.085e-04   6.5e-08  1.8e-04  1.6e+04  2.6e+01
   760  2.12717e-02  7.148e-05  1.907e-04   6.4e-08  1.7e-04  1.6e+04  2.3e+01
   770  2.12717e-02  7.023e-05  1.781e-04   6.3e-08  1.6e-04  1.6e+04  5.5e+01
   780  2.12717e-02  6.873e-05  1.705e-04   6.2e-08  1.5e-04  1.6e+04  5.5e+01
   790  2.12717e-02  6.738e-05  1.666e-04   6.0e-08  1.5e-04  1.6e+04  4.1e+01
   800  2.12717e-02  6.458e-05  1.611e-04   5.8e-08  1.5e-04  1.6e+04  7.7e+01
   810  2.12717e-02  6.039e-05  1.543e-04   5.4e-08  1.6e-04  1.6e+04  8.2e+01
   820  2.12718e-02  5.320e-05  1.435e-04   4.8e-08  1.6e-04  1.7e+04  3.2e+01
   830  2.12718e-02  4.234e-05  1.265e-04   3.8e-08  1.8e-04  1.7e+04  2.1e+01
   840  2.12719e-02  2.836e-05  1.014e-04   2.5e-08  2.1e-04  1.7e+04  1.9e+01
   850  2.12720e-02  1.623e-05  7.300e-05   1.5e-08  2.7e-04  1.7e+04  1.1e+01
   860  2.12720e-02  1.079e-05  5.460e-05   9.7e-09  3.0e-04  1.7e+04  1.1e+01
   870  2.12720e-02  8.042e-06  4.018e-05   7.2e-09  2.9e-04  1.7e+04  1.2e+01
   880  2.12720e-02  6.702e-06  2.755e-05   6.0e-09  2.4e-04  1.7e+04  1.1e+01
   890  2.12720e-02  6.269e-06  2.057e-05   5.6e-09  1.9e-04  1.7e+04  1.4e+01
   900  2.12720e-02  6.097e-06  1.740e-05   5.5e-09  1.6e-04  1.7e+04  1.8e+01
   910  2.12720e-02  5.978e-06  1.576e-05   5.4e-09  1.5e-04  1.7e+04  1.8e+01
 
   itn      x(1)       norm r    norm Ar  compatible   LS      norm A   cond A
   920  2.12720e-02  5.870e-06  1.483e-05   5.3e-09  1.4e-04  1.7e+04  7.6e+01
   930  2.12720e-02  5.763e-06  1.433e-05   5.2e-09  1.4e-04  1.8e+04  1.9e+01
   940  2.12720e-02  5.616e-06  1.391e-05   5.0e-09  1.4e-04  1.8e+04  2.1e+01
   950  2.12720e-02  5.367e-06  1.343e-05   4.8e-09  1.4e-04  1.8e+04  3.7e+01
   960  2.12720e-02  4.890e-06  1.268e-05   4.4e-09  1.5e-04  1.8e+04  1.4e+01
   970  2.12720e-02  4.405e-06  1.195e-05   3.9e-09  1.5e-04  1.8e+04  2.7e+01
   980  2.12720e-02  3.234e-06  1.009e-05   2.9e-09  1.7e-04  1.8e+04  1.4e+01
   990  2.12720e-02  2.236e-06  8.236e-06   2.0e-09  2.0e-04  1.8e+04  1.6e+01
  1000  2.12720e-02  1.307e-06  5.998e-06   1.2e-09  2.5e-04  1.8e+04  2.2e+01
  1010  2.12720e-02  7.500e-07  3.922e-06   6.7e-10  2.9e-04  1.8e+04  1.9e+01
  1020  2.12720e-02  5.740e-07  2.660e-06   5.1e-10  2.5e-04  1.8e+04  1.9e+01
  1030  2.12720e-02  5.175e-07  1.893e-06   4.6e-10  2.0e-04  1.9e+04  2.1e+01
  1040  2.12720e-02  4.958e-07  1.450e-06   4.4e-10  1.6e-04  1.9e+04  2.8e+01
  1050  2.12720e-02  4.841e-07  1.235e-06   4.3e-10  1.4e-04  1.9e+04  2.0e+01
  1060  2.12720e-02  4.758e-07  1.142e-06   4.3e-10  1.3e-04  1.9e+04  1.4e+01
  1070  2.12720e-02  4.683e-07  1.098e-06   4.2e-10  1.2e-04  1.9e+04  1.8e+01
  1080  2.12720e-02  4.611e-07  1.072e-06   4.1e-10  1.2e-04  1.9e+04  2.3e+01
  1090  2.12720e-02  4.458e-07  1.035e-06   4.0e-10  1.2e-04  1.9e+04  1.8e+01
  1100  2.12720e-02  4.207e-07  9.905e-07   3.8e-10  1.2e-04  1.9e+04  1.4e+01
  1110  2.12720e-02  3.997e-07  9.560e-07   3.6e-10  1.2e-04  1.9e+04  3.3e+01
 
   itn      x(1)       norm r    norm Ar  compatible   LS      norm A   cond A
  1120  2.12720e-02  3.433e-07  8.635e-07   3.1e-10  1.3e-04  1.9e+04  3.2e+01
  1130  2.12720e-02  2.682e-07  7.220e-07   2.4e-10  1.4e-04  1.9e+04  1.4e+01
  1140  2.12720e-02  2.039e-07  5.539e-07   1.8e-10  1.4e-04  1.9e+04  1.8e+01
  1150  2.12720e-02  1.688e-07  3.869e-07   1.5e-10  1.2e-04  2.0e+04  1.4e+01
  1160  2.12720e-02  1.589e-07  2.814e-07   1.4e-10  9.0e-05  2.0e+04  1.4e+01
  1170  2.12720e-02  1.550e-07  1.783e-07   1.4e-10  5.8e-05  2.0e+04  1.4e+01
  1180  2.12720e-02  1.544e-07  1.424e-07   1.4e-10  4.7e-05  2.0e+04  1.6e+01
  1190  2.12720e-02  1.540e-07  1.092e-07   1.4e-10  3.6e-05  2.0e+04  1.4e+01
  1200  2.12720e-02  1.538e-07  9.461e-08   1.4e-10  3.1e-05  2.0e+04  1.8e+01
  1210  2.12720e-02  1.536e-07  8.561e-08   1.4e-10  2.8e-05  2.0e+04  2.2e+01
  1220  2.12720e-02  1.535e-07  8.260e-08   1.4e-10  2.7e-05  2.0e+04  3.0e+01
  1230  2.12720e-02  1.534e-07  8.007e-08   1.4e-10  2.6e-05  2.0e+04  2.6e+01
  1240  2.12720e-02  1.532e-07  7.745e-08   1.4e-10  2.5e-05  2.0e+04  2.1e+01
  1250  2.12720e-02  1.530e-07  7.532e-08   1.4e-10  2.4e-05  2.0e+04  6.7e+01
  1260  2.12720e-02  1.525e-07  7.095e-08   1.4e-10  2.3e-05  2.0e+04  2.4e+01
  1270  2.12720e-02  1.520e-07  6.653e-08   1.4e-10  2.1e-05  2.1e+04  1.7e+01
  1280  2.12720e-02  1.512e-07  5.724e-08   1.4e-10  1.8e-05  2.1e+04  1.4e+01
  1290  2.12720e-02  1.506e-07  4.620e-08   1.3e-10  1.5e-05  2.1e+04  3.0e+01
  1300  2.12720e-02  1.502e-07  3.335e-08   1.3e-10  1.1e-05  2.1e+04  1.5e+01
  1310  2.12720e-02  1.501e-07  2.208e-08   1.3e-10  7.0e-06  2.1e+04  3.0e+01
 
   itn      x(1)       norm r    norm Ar  compatible   LS      norm A   cond A
  1320  2.12720e-02  1.501e-07  1.439e-08   1.3e-10  4.6e-06  2.1e+04  1.9e+01
  1330  2.12720e-02  1.501e-07  9.997e-09   1.3e-10  3.2e-06  2.1e+04  1.5e+01
  1340  2.12720e-02  1.501e-07  7.612e-09   1.3e-10  2.4e-06  2.1e+04  1.4e+01
  1350  2.12720e-02  1.501e-07  6.246e-09   1.3e-10  2.0e-06  2.1e+04  2.2e+01
  1360  2.12720e-02  1.501e-07  5.740e-09   1.3e-10  1.8e-06  2.1e+04  3.8e+01
  1370  2.12720e-02  1.501e-07  5.319e-09   1.3e-10  1.7e-06  2.1e+04  3.1e+01
  1380  2.12720e-02  1.501e-07  5.087e-09   1.3e-10  1.6e-06  2.1e+04  4.0e+01
  1390  2.12720e-02  1.501e-07  4.954e-09   1.3e-10  1.5e-06  2.2e+04  4.4e+01
  1400  2.12720e-02  1.501e-07  4.808e-09   1.3e-10  1.5e-06  2.2e+04  7.8e+01
  1410  2.12720e-02  1.501e-07  4.580e-09   1.3e-10  1.4e-06  2.2e+04  4.5e+01
  1420  2.12720e-02  1.501e-07  4.226e-09   1.3e-10  1.3e-06  2.2e+04  1.7e+01
  1430  2.12720e-02  1.501e-07  3.419e-09   1.3e-10  1.0e-06  2.2e+04  2.7e+01
  1440  2.12720e-02  1.501e-07  2.699e-09   1.3e-10  8.2e-07  2.2e+04  1.9e+01
  1450  2.12720e-02  1.501e-07  1.862e-09   1.3e-10  5.6e-07  2.2e+04  2.9e+01
  1460  2.12720e-02  1.501e-07  1.242e-09   1.3e-10  3.8e-07  2.2e+04  1.5e+01
  1470  2.12720e-02  1.501e-07  8.647e-10   1.3e-10  2.6e-07  2.2e+04  1.4e+01
  1480  2.12720e-02  1.501e-07  5.824e-10   1.3e-10  1.7e-07  2.2e+04  1.4e+01
  1490  2.12720e-02  1.501e-07  4.548e-10   1.3e-10  1.4e-07  2.2e+04  1.4e+01
  1500  2.12720e-02  1.501e-07  3.794e-10   1.3e-10  1.1e-07  2.2e+04  1.6e+01
  1510  2.12720e-02  1.501e-07  3.416e-10   1.3e-10  1.0e-07  2.2e+04  2.1e+01
 
   itn      x(1)       norm r    norm Ar  compatible   LS      norm A   cond A
  1520  2.12720e-02  1.501e-07  3.201e-10   1.3e-10  9.5e-08  2.2e+04  7.3e+01
  1530  2.12720e-02  1.501e-07  3.053e-10   1.3e-10  9.0e-08  2.3e+04  5.2e+01
  1540  2.12720e-02  1.501e-07  2.961e-10   1.3e-10  8.7e-08  2.3e+04  5.6e+01
  1550  2.12720e-02  1.501e-07  2.889e-10   1.3e-10  8.5e-08  2.3e+04  4.2e+01
  1560  2.12720e-02  1.501e-07  2.739e-10   1.3e-10  8.0e-08  2.3e+04  1.8e+01
  1570  2.12720e-02  1.501e-07  2.519e-10   1.3e-10  7.3e-08  2.3e+04  4.8e+01
  1580  2.12720e-02  1.501e-07  2.063e-10   1.3e-10  6.0e-08  2.3e+04  2.2e+01
  1590  2.12720e-02  1.501e-07  1.512e-10   1.3e-10  4.4e-08  2.3e+04  1.4e+01
  1600  2.12720e-02  1.501e-07  1.126e-10   1.3e-10  3.3e-08  2.3e+04  1.5e+01
  1610  2.12720e-02  1.501e-07  7.628e-11   1.3e-10  2.2e-08  2.3e+04  1.4e+01
  1620  2.12720e-02  1.501e-07  5.237e-11   1.3e-10  1.5e-08  2.3e+04  1.4e+01
  1630  2.12720e-02  1.501e-07  3.832e-11   1.3e-10  1.1e-08  2.3e+04  1.4e+01
  1640  2.12720e-02  1.501e-07  2.986e-11   1.3e-10  8.5e-09  2.3e+04  1.4e+01
  1650  2.12720e-02  1.501e-07  2.491e-11   1.3e-10  7.1e-09  2.3e+04  2.0e+01
  1660  2.12720e-02  1.501e-07  2.134e-11   1.3e-10  6.1e-09  2.3e+04  2.6e+01
  1670  2.12720e-02  1.501e-07  1.975e-11   1.3e-10  5.6e-09  2.4e+04  6.2e+01
  1680  2.12720e-02  1.501e-07  1.880e-11   1.3e-10  5.3e-09  2.4e+04  9.6e+01
  1690  2.12720e-02  1.501e-07  1.817e-11   1.3e-10  5.1e-09  2.4e+04  6.3e+01
  1700  2.12720e-02  1.501e-07  1.774e-11   1.3e-10  5.0e-09  2.4e+04  2.9e+01
  1710  2.12720e-02  1.501e-07  1.711e-11   1.3e-10  4.8e-09  2.4e+04  2.4e+01
 
   itn      x(1)       norm r    norm Ar  compatible   LS      norm A   cond A
  1720  2.12720e-02  1.501e-07  1.603e-11   1.3e-10  4.5e-09  2.4e+04  4.7e+01
  1730  2.12720e-02  1.501e-07  1.398e-11   1.3e-10  3.9e-09  2.4e+04  3.7e+01
  1740  2.12720e-02  1.501e-07  1.142e-11   1.3e-10  3.2e-09  2.4e+04  1.4e+01
  1750  2.12720e-02  1.501e-07  8.382e-12   1.3e-10  2.3e-09  2.4e+04  1.4e+01
  1760  2.12720e-02  1.501e-07  5.414e-12   1.3e-10  1.5e-09  2.4e+04  1.4e+01
  1770  2.12720e-02  1.501e-07  3.389e-12   1.3e-10  9.3e-10  2.4e+04  1.8e+01
  1780  2.12720e-02  1.501e-07  2.473e-12   1.3e-10  6.8e-10  2.4e+04  1.9e+01
  1790  2.12720e-02  1.501e-07  1.857e-12   1.3e-10  5.1e-10  2.4e+04  1.7e+01
  1800  2.12720e-02  1.501e-07  1.503e-12   1.3e-10  4.1e-10  2.4e+04  2.0e+01
  1810  2.12720e-02  1.501e-07  1.327e-12   1.3e-10  3.6e-10  2.5e+04  1.4e+01
  1820  2.12720e-02  1.501e-07  1.268e-12   1.3e-10  3.4e-10  2.5e+04  2.5e+01
  1830  2.12720e-02  1.501e-07  1.208e-12   1.3e-10  3.3e-10  2.5e+04  1.9e+01
  1840  2.12720e-02  1.501e-07  1.181e-12   1.3e-10  3.2e-10  2.5e+04  6.2e+01
  1850  2.12720e-02  1.501e-07  1.147e-12   1.3e-10  3.1e-10  2.5e+04  2.7e+01
  1860  2.12720e-02  1.501e-07  1.112e-12   1.3e-10  3.0e-10  2.5e+04  2.0e+01
  1870  2.12720e-02  1.501e-07  1.026e-12   1.3e-10  2.7e-10  2.5e+04  1.5e+01
  1880  2.12720e-02  1.501e-07  8.584e-13   1.3e-10  2.3e-10  2.5e+04  1.4e+01
  1890  2.12720e-02  1.501e-07  6.692e-13   1.3e-10  1.8e-10  2.5e+04  1.4e+01
  1900  2.12720e-02  1.501e-07  4.490e-13   1.3e-10  1.2e-10  2.5e+04  1.4e+01
  1910  2.12720e-02  1.501e-07  3.026e-13   1.3e-10  8.0e-11  2.5e+04  1.4e+01
 
   itn      x(1)       norm r    norm Ar  compatible   LS      norm A   cond A
  1920  2.12720e-02  1.501e-07  2.113e-13   1.3e-10  5.6e-11  2.5e+04  1.4e+01
  1930  2.12720e-02  1.501e-07  1.622e-13   1.3e-10  4.3e-11  2.5e+04  1.4e+01
  1940  2.12720e-02  1.501e-07  1.311e-13   1.3e-10  3.4e-11  2.5e+04  1.4e+01
  1950  2.12720e-02  1.501e-07  1.070e-13   1.3e-10  2.8e-11  2.5e+04  2.1e+01
  1960  2.12720e-02  1.501e-07  9.612e-14   1.3e-10  2.5e-11  2.6e+04  3.1e+01
  1970  2.12720e-02  1.501e-07  8.927e-14   1.3e-10  2.3e-11  2.6e+04  2.5e+01
  1980  2.12720e-02  1.501e-07  8.601e-14   1.3e-10  2.2e-11  2.6e+04  4.9e+01
  1990  2.12720e-02  1.501e-07  8.387e-14   1.3e-10  2.2e-11  2.6e+04  3.5e+01
  2000  2.12720e-02  1.501e-07  8.024e-14   1.3e-10  2.1e-11  2.6e+04  3.5e+01
  2010  2.12720e-02  1.501e-07  7.618e-14   1.3e-10  2.0e-11  2.6e+04  4.0e+01
  2020  2.12720e-02  1.501e-07  7.053e-14   1.3e-10  1.8e-11  2.6e+04  1.5e+01
  2030  2.12720e-02  1.501e-07  5.887e-14   1.3e-10  1.5e-11  2.6e+04  1.7e+01
  2040  2.12720e-02  1.501e-07  4.743e-14   1.3e-10  1.2e-11  2.6e+04  1.4e+01
  2050  2.12720e-02  1.501e-07  3.392e-14   1.3e-10  8.7e-12  2.6e+04  1.5e+01
  2060  2.12720e-02  1.501e-07  2.163e-14   1.3e-10  5.5e-12  2.6e+04  1.4e+01
  2070  2.12720e-02  1.501e-07  1.507e-14   1.3e-10  3.8e-12  2.6e+04  1.4e+01
  2080  2.12720e-02  1.501e-07  1.055e-14   1.3e-10  2.7e-12  2.6e+04  3.1e+01
  2090  2.12720e-02  1.501e-07  8.337e-15   1.3e-10  2.1e-12  2.6e+04  3.1e+01
  2100  2.12720e-02  1.501e-07  6.930e-15   1.3e-10  1.7e-12  2.6e+04  2.8e+01
  2110  2.12720e-02  1.501e-07  6.355e-15   1.3e-10  1.6e-12  2.6e+04  2.2e+01
 
   itn      x(1)       norm r    norm Ar  compatible   LS      norm A   cond A
  2120  2.12720e-02  1.501e-07  6.088e-15   1.3e-10  1.5e-12  2.7e+04  2.4e+01
  2130  2.12720e-02  1.501e-07  5.933e-15   1.3e-10  1.5e-12  2.7e+04  4.0e+01
  2140  2.12720e-02  1.501e-07  5.800e-15   1.3e-10  1.4e-12  2.7e+04  2.8e+01
  2150  2.12720e-02  1.501e-07  5.597e-15   1.3e-10  1.4e-12  2.7e+04  4.0e+01
  2160  2.12720e-02  1.501e-07  5.351e-15   1.3e-10  1.3e-12  2.7e+04  1.9e+01
  2170  2.12720e-02  1.501e-07  4.829e-15   1.3e-10  1.2e-12  2.7e+04  1.7e+01
  2180  2.12720e-02  1.501e-07  4.027e-15   1.3e-10  1.0e-12  2.7e+04  1.4e+01
  2190  2.12720e-02  1.501e-07  3.128e-15   1.3e-10  7.7e-13  2.7e+04  1.8e+01
  2200  2.12720e-02  1.501e-07  2.105e-15   1.3e-10  5.2e-13  2.7e+04  1.4e+01
  2210  2.12720e-02  1.501e-07  1.431e-15   1.3e-10  3.5e-13  2.7e+04  1.4e+01
  2220  2.12720e-02  1.501e-07  9.691e-16   1.3e-10  2.4e-13  2.7e+04  1.4e+01
  2230  2.12720e-02  1.501e-07  7.001e-16   1.3e-10  1.7e-13  2.7e+04  2.3e+01
  2240  2.12720e-02  1.501e-07  5.234e-16   1.3e-10  1.3e-13  2.7e+04  1.8e+01
  2250  2.12720e-02  1.501e-07  4.362e-16   1.3e-10  1.1e-13  2.7e+04  2.1e+01
  2260  2.12720e-02  1.501e-07  3.948e-16   1.3e-10  9.6e-14  2.7e+04  4.0e+01
  2270  2.12720e-02  1.501e-07  3.717e-16   1.3e-10  9.0e-14  2.7e+04  4.0e+01
  2280  2.12720e-02  1.501e-07  3.563e-16   1.3e-10  8.6e-14  2.8e+04  3.1e+01
  2290  2.12720e-02  1.501e-07  3.467e-16   1.3e-10  8.4e-14  2.8e+04  6.1e+01
  2300  2.12720e-02  1.501e-07  3.340e-16   1.3e-10  8.0e-14  2.8e+04  4.4e+01
  2310  2.12720e-02  1.501e-07  3.192e-16   1.3e-10  7.7e-14  2.8e+04  3.1e+01
 
   itn      x(1)       norm r    norm Ar  compatible   LS      norm A   cond A
  2320  2.12720e-02  1.501e-07  2.905e-16   1.3e-10  7.0e-14  2.8e+04  1.4e+01
  2330  2.12720e-02  1.501e-07  2.472e-16   1.3e-10  5.9e-14  2.8e+04  1.4e+01
  2340  2.12720e-02  1.501e-07  1.868e-16   1.3e-10  4.5e-14  2.8e+04  1.4e+01
  2350  2.12720e-02  1.501e-07  1.272e-16   1.3e-10  3.0e-14  2.8e+04  1.4e+01
  2360  2.12720e-02  1.501e-07  9.365e-17   1.3e-10  2.2e-14  2.8e+04  2.1e+01
  2370  2.12720e-02  1.501e-07  5.911e-17   1.3e-10  1.4e-14  2.8e+04  1.4e+01
  2380  2.12720e-02  1.501e-07  4.093e-17   1.3e-10  9.7e-15  2.8e+04  1.4e+01
  2390  2.12720e-02  1.501e-07  3.303e-17   1.3e-10  7.8e-15  2.8e+04  2.7e+01
  2400  2.12720e-02  1.501e-07  2.852e-17   1.3e-10  6.7e-15  2.8e+04  1.4e+01
  2410  2.12720e-02  1.501e-07  2.595e-17   1.3e-10  6.1e-15  2.8e+04  2.7e+01
  2420  2.12720e-02  1.501e-07  2.497e-17   1.3e-10  5.9e-15  2.8e+04  7.4e+01
  2430  2.12720e-02  1.501e-07  2.423e-17   1.3e-10  5.7e-15  2.8e+04  5.5e+01
  2440  2.12720e-02  1.501e-07  2.346e-17   1.3e-10  5.5e-15  2.8e+04  5.8e+01
  2450  2.12720e-02  1.501e-07  2.262e-17   1.3e-10  5.3e-15  2.9e+04  3.4e+01
  2460  2.12720e-02  1.501e-07  2.129e-17   1.3e-10  5.0e-15  2.9e+04  2.7e+01
  2470  2.12720e-02  1.501e-07  1.974e-17   1.3e-10  4.6e-15  2.9e+04  2.8e+01
  2480  2.12720e-02  1.501e-07  1.601e-17   1.3e-10  3.7e-15  2.9e+04  1.5e+01
  2490  2.12720e-02  1.501e-07  1.273e-17   1.3e-10  2.9e-15  2.9e+04  2.5e+01
  2500  2.12720e-02  1.501e-07  8.106e-18   1.3e-10  1.9e-15  2.9e+04  1.4e+01
  2510  2.12720e-02  1.501e-07  5.499e-18   1.3e-10  1.3e-15  2.9e+04  1.4e+01
 
   itn      x(1)       norm r    norm Ar  compatible   LS      norm A   cond A
  2520  2.12720e-02  1.501e-07  4.023e-18   1.3e-10  9.3e-16  2.9e+04  1.4e+01
  2530  2.12720e-02  1.501e-07  2.961e-18   1.3e-10  6.8e-16  2.9e+04  2.4e+01
  2540  2.12720e-02  1.501e-07  2.383e-18   1.3e-10  5.5e-16  2.9e+04  3.1e+01
  2550  2.12720e-02  1.501e-07  2.084e-18   1.3e-10  4.8e-16  2.9e+04  2.0e+01
  2560  2.12720e-02  1.501e-07  1.942e-18   1.3e-10  4.4e-16  2.9e+04  3.5e+01
  2570  2.12720e-02  1.501e-07  1.857e-18   1.3e-10  4.2e-16  2.9e+04  6.0e+01
  2580  2.12720e-02  1.501e-07  1.807e-18   1.3e-10  4.1e-16  2.9e+04  4.0e+01
  2590  2.12720e-02  1.501e-07  1.739e-18   1.3e-10  3.9e-16  2.9e+04  3.3e+01
  2600  2.12720e-02  1.501e-07  1.670e-18   1.3e-10  3.8e-16  2.9e+04  5.0e+01
  2610  2.12720e-02  1.501e-07  1.529e-18   1.3e-10  3.5e-16  2.9e+04  3.0e+01
  2620  2.12720e-02  1.501e-07  1.347e-18   1.3e-10  3.0e-16  3.0e+04  2.0e+01
  2630  2.12720e-02  1.501e-07  1.054e-18   1.3e-10  2.4e-16  3.0e+04  1.4e+01
  2640  2.12720e-02  1.501e-07  7.844e-19   1.3e-10  1.8e-16  3.0e+04  1.7e+01
  2650  2.12720e-02  1.501e-07  5.027e-19   1.3e-10  1.1e-16  3.0e+04  1.4e+01
  2651  2.12720e-02  1.501e-07  4.946e-19   1.3e-10  1.1e-16  3.0e+04  1.4e+01
 
LSMR finished
The least-squares solution is good enough for this machine
istop =       5    normr = 1.5e-07
    normA = 3.0e+04    normAr = 4.9e-19
itn   =    2651    condA = 1.4e+01
    normx = 5.4e+00
  2651  2.12720e-02   1.501e-07  4.946e-19
   1.3e-10  1.1e-16   3.0e+04  1.4e+01
loss = 2.2520633435588782e-14
