OS                           : Linux-5.14.21-150400.24.69_12.0.74-cray_shasta_c-x86_64-with-glibc2.31
Python Version               : 3.9.15
CuPy Version                 : 12.1.0
CuPy Platform                : NVIDIA CUDA
NumPy Version                : 1.23.5
SciPy Version                : 1.9.3
Cython Build Version         : 0.29.32
Cython Runtime Version       : None
CUDA Root                    : /opt/nvidia/hpc_sdk/Linux_x86_64/22.7/cuda/11.7
nvcc PATH                    : /opt/nvidia/hpc_sdk/Linux_x86_64/22.7/cuda/11.7/bin/nvcc
CUDA Build Version           : 11080
CUDA Driver Version          : 12000
CUDA Runtime Version         : 11070
cuBLAS Version               : (available)
cuFFT Version                : 10702
cuRAND Version               : 10210
cuSOLVER Version             : (11, 3, 5)
cuSPARSE Version             : (available)
NVRTC Version                : (11, 7)
Thrust Version               : 101501
CUB Build Version            : 101501
Jitify Build Version         : 4a37de0
cuDNN Build Version          : 8801
cuDNN Version                : 8302
NCCL Build Version           : 21602
NCCL Runtime Version         : 21505
cuTENSOR Version             : 10500
cuSPARSELt Build Version     : None
Device 0 Name                : NVIDIA A100-PCIE-40GB
Device 0 Compute Capability  : 80
Device 0 PCI Bus ID          : 0000:C3:00.0
None
nprime = 105
npripri = 91
Sizes of ptrain and pdot:
[(79920, 14, 14), (79920, 14, 14)]
Loss at truetheta:
12516427.171754237
len(theta) = 38416
len(jac) = 15664320
 
LSMR            Least-squares solution of  Ax = b

The matrix A has 31328640 rows and 38416 columns
damp = 0.00000000000000e+00

atol = 1.00e-08                 conlim = 1.00e+08

btol = 1.00e-08             maxiter =    20000

 
   itn      x(1)       norm r    norm Ar  compatible   LS      norm A   cond A
     0  0.00000e+00  4.073e+03  1.270e+06   1.0e+00  7.7e-02
     1  1.65742e-01  3.022e+03  5.672e+05   7.4e-01  4.1e-01  4.6e+02  1.0e+00
     2  3.56806e-01  2.623e+03  1.465e+05   6.4e-01  8.2e-02  6.8e+02  1.3e+00
     3  3.80024e-01  2.603e+03  6.406e+04   6.4e-01  2.9e-02  8.4e+02  1.2e+00
     4  3.78075e-01  2.597e+03  5.166e+04   6.4e-01  2.1e-02  9.3e+02  1.8e+00
     5  3.29847e-01  2.578e+03  3.752e+04   6.3e-01  1.4e-02  1.0e+03  3.4e+00
     6  2.69286e-01  2.569e+03  2.269e+04   6.3e-01  7.7e-03  1.2e+03  2.3e+00
     7  2.30165e-01  2.567e+03  1.366e+04   6.3e-01  4.3e-03  1.2e+03  2.3e+00
     8  2.26692e-01  2.567e+03  1.295e+04   6.3e-01  3.9e-03  1.3e+03  3.2e+00
     9  2.11891e-01  2.564e+03  1.074e+04   6.3e-01  3.0e-03  1.4e+03  5.3e+00
    10  1.98997e-01  2.563e+03  8.761e+03   6.3e-01  2.3e-03  1.5e+03  3.0e+00
    20  1.50215e-01  2.556e+03  2.972e+03   6.3e-01  5.5e-04  2.1e+03  4.5e+00
    30  1.14601e-01  2.555e+03  1.648e+03   6.3e-01  2.5e-04  2.6e+03  8.1e+00
    40  7.41109e-02  2.554e+03  1.198e+03   6.3e-01  1.6e-04  3.0e+03  9.4e+00
    50  4.72756e-02  2.553e+03  9.222e+02   6.3e-01  1.1e-04  3.3e+03  6.7e+00
    60  4.01426e-02  2.552e+03  6.861e+02   6.3e-01  7.4e-05  3.7e+03  1.2e+01
    70  4.50658e-02  2.552e+03  4.510e+02   6.3e-01  4.5e-05  4.0e+03  1.4e+01
    80  4.64821e-02  2.552e+03  3.486e+02   6.3e-01  3.2e-05  4.2e+03  7.9e+00
    90  4.98495e-02  2.552e+03  2.753e+02   6.3e-01  2.4e-05  4.5e+03  5.3e+00
   100  5.64169e-02  2.552e+03  2.229e+02   6.3e-01  1.9e-05  4.7e+03  1.3e+01
   110  6.46054e-02  2.552e+03  1.740e+02   6.3e-01  1.4e-05  4.9e+03  9.0e+00
 
   itn      x(1)       norm r    norm Ar  compatible   LS      norm A   cond A
   120  6.88795e-02  2.552e+03  1.447e+02   6.3e-01  1.1e-05  5.2e+03  6.2e+00
   130  7.15913e-02  2.552e+03  1.232e+02   6.3e-01  9.0e-06  5.3e+03  1.1e+01
   140  7.64770e-02  2.552e+03  9.992e+01   6.3e-01  7.1e-06  5.5e+03  1.3e+01
   150  8.20879e-02  2.552e+03  8.227e+01   6.3e-01  5.6e-06  5.7e+03  7.2e+00
   160  8.69960e-02  2.551e+03  6.747e+01   6.3e-01  4.5e-06  5.9e+03  1.4e+01
   170  8.90555e-02  2.551e+03  5.545e+01   6.3e-01  3.6e-06  6.1e+03  7.7e+00
   180  9.08529e-02  2.551e+03  4.395e+01   6.3e-01  2.7e-06  6.3e+03  7.4e+00
   190  9.21297e-02  2.551e+03  3.757e+01   6.3e-01  2.3e-06  6.4e+03  1.8e+01
   200  9.26209e-02  2.551e+03  3.224e+01   6.3e-01  1.9e-06  6.6e+03  1.9e+01
   210  9.23925e-02  2.551e+03  2.695e+01   6.3e-01  1.6e-06  6.8e+03  1.1e+01
   220  9.24593e-02  2.551e+03  2.312e+01   6.3e-01  1.3e-06  6.9e+03  1.2e+01
   230  9.26069e-02  2.551e+03  1.948e+01   6.3e-01  1.1e-06  7.0e+03  1.3e+01
   240  9.22505e-02  2.551e+03  1.675e+01   6.3e-01  9.1e-07  7.2e+03  9.7e+00
   250  9.19267e-02  2.551e+03  1.454e+01   6.3e-01  7.8e-07  7.4e+03  2.2e+01
   260  9.19182e-02  2.551e+03  1.221e+01   6.3e-01  6.4e-07  7.5e+03  8.7e+00
   270  9.19317e-02  2.551e+03  1.064e+01   6.3e-01  5.5e-07  7.6e+03  1.3e+01
   280  9.18171e-02  2.551e+03  9.397e+00   6.3e-01  4.7e-07  7.8e+03  6.6e+00
   290  9.16871e-02  2.551e+03  8.154e+00   6.3e-01  4.0e-07  7.9e+03  1.2e+01
   300  9.15894e-02  2.551e+03  6.826e+00   6.3e-01  3.3e-07  8.0e+03  6.6e+00
   310  9.15528e-02  2.551e+03  6.061e+00   6.3e-01  2.9e-07  8.2e+03  2.1e+01
 
   itn      x(1)       norm r    norm Ar  compatible   LS      norm A   cond A
   320  9.14660e-02  2.551e+03  5.339e+00   6.3e-01  2.5e-07  8.3e+03  1.8e+01
   330  9.13834e-02  2.551e+03  4.533e+00   6.3e-01  2.1e-07  8.4e+03  7.9e+00
   340  9.13219e-02  2.551e+03  3.975e+00   6.3e-01  1.8e-07  8.6e+03  7.5e+00
   350  9.12133e-02  2.551e+03  3.504e+00   6.3e-01  1.6e-07  8.7e+03  1.3e+01
   360  9.10985e-02  2.551e+03  3.073e+00   6.3e-01  1.4e-07  8.8e+03  8.7e+00
   370  9.10436e-02  2.551e+03  2.762e+00   6.3e-01  1.2e-07  8.9e+03  2.4e+01
   380  9.10070e-02  2.551e+03  2.443e+00   6.3e-01  1.1e-07  9.1e+03  8.2e+00
   390  9.09554e-02  2.551e+03  2.143e+00   6.3e-01  9.2e-08  9.2e+03  1.6e+01
   400  9.08732e-02  2.551e+03  1.860e+00   6.3e-01  7.9e-08  9.3e+03  1.1e+01
   410  9.08063e-02  2.551e+03  1.608e+00   6.3e-01  6.7e-08  9.4e+03  2.6e+01
   420  9.07774e-02  2.551e+03  1.397e+00   6.3e-01  5.8e-08  9.5e+03  2.0e+01
   430  9.07683e-02  2.551e+03  1.194e+00   6.3e-01  4.9e-08  9.6e+03  1.4e+01
   440  9.07646e-02  2.551e+03  1.077e+00   6.3e-01  4.3e-08  9.7e+03  1.8e+01
   450  9.07622e-02  2.551e+03  9.577e-01   6.3e-01  3.8e-08  9.8e+03  1.0e+01
   460  9.07647e-02  2.551e+03  8.623e-01   6.3e-01  3.4e-08  9.9e+03  1.3e+01
   470  9.07706e-02  2.551e+03  7.635e-01   6.3e-01  3.0e-08  1.0e+04  1.0e+01
   480  9.07830e-02  2.551e+03  7.066e-01   6.3e-01  2.7e-08  1.0e+04  2.1e+01
   490  9.08043e-02  2.551e+03  6.473e-01   6.3e-01  2.5e-08  1.0e+04  2.7e+01
   500  9.08215e-02  2.551e+03  5.902e-01   6.3e-01  2.2e-08  1.0e+04  1.5e+01
   510  9.08313e-02  2.551e+03  5.429e-01   6.3e-01  2.0e-08  1.0e+04  2.4e+01
 
   itn      x(1)       norm r    norm Ar  compatible   LS      norm A   cond A
   520  9.08418e-02  2.551e+03  5.120e-01   6.3e-01  1.9e-08  1.1e+04  3.0e+01
   530  9.08518e-02  2.551e+03  4.781e-01   6.3e-01  1.8e-08  1.1e+04  1.2e+01
   540  9.08550e-02  2.551e+03  4.492e-01   6.3e-01  1.6e-08  1.1e+04  1.5e+01
   550  9.08562e-02  2.551e+03  4.220e-01   6.3e-01  1.5e-08  1.1e+04  3.8e+01
   560  9.08630e-02  2.551e+03  3.962e-01   6.3e-01  1.4e-08  1.1e+04  2.2e+01
   570  9.08706e-02  2.551e+03  3.689e-01   6.3e-01  1.3e-08  1.1e+04  3.4e+01
   580  9.08712e-02  2.551e+03  3.416e-01   6.3e-01  1.2e-08  1.1e+04  2.0e+01
   590  9.08690e-02  2.551e+03  3.153e-01   6.3e-01  1.1e-08  1.1e+04  1.9e+01
   591  9.08690e-02  2.551e+03  3.144e-01   6.3e-01  1.1e-08  1.1e+04  2.7e+01
   592  9.08690e-02  2.551e+03  3.093e-01   6.3e-01  1.1e-08  1.1e+04  1.5e+01
   593  9.08691e-02  2.551e+03  3.078e-01   6.3e-01  1.1e-08  1.1e+04  1.1e+01
   594  9.08690e-02  2.551e+03  3.066e-01   6.3e-01  1.1e-08  1.1e+04  2.7e+01
   595  9.08690e-02  2.551e+03  3.042e-01   6.3e-01  1.1e-08  1.1e+04  1.6e+01
   596  9.08690e-02  2.551e+03  3.015e-01   6.3e-01  1.0e-08  1.1e+04  1.3e+01
   597  9.08690e-02  2.551e+03  3.007e-01   6.3e-01  1.0e-08  1.1e+04  2.1e+01
   598  9.08688e-02  2.551e+03  2.959e-01   6.3e-01  1.0e-08  1.1e+04  2.0e+01
   599  9.08688e-02  2.551e+03  2.946e-01   6.3e-01  1.0e-08  1.1e+04  1.2e+01
   600  9.08686e-02  2.551e+03  2.928e-01   6.3e-01  1.0e-08  1.1e+04  2.9e+01
   601  9.08685e-02  2.551e+03  2.897e-01   6.3e-01  1.0e-08  1.1e+04  1.1e+01
 
LSMR finished
The least-squares solution is good enough, given atol     
istop =       2    normr = 2.6e+03
    normA = 1.1e+04    normAr = 2.9e-01
itn   =     601    condA = 1.1e+01
    normx = 2.0e+01
   601  9.08685e-02   2.551e+03  2.897e-01
   6.3e-01  1.0e-08   1.1e+04  1.1e+01
loss = 6509996.501215501
