OS                           : Linux-5.14.21-150400.24.69_12.0.74-cray_shasta_c-x86_64-with-glibc2.31
Python Version               : 3.9.15
CuPy Version                 : 12.1.0
CuPy Platform                : NVIDIA CUDA
NumPy Version                : 1.23.5
SciPy Version                : 1.9.3
Cython Build Version         : 0.29.32
Cython Runtime Version       : None
CUDA Root                    : /opt/nvidia/hpc_sdk/Linux_x86_64/22.7/cuda/11.7
nvcc PATH                    : /opt/nvidia/hpc_sdk/Linux_x86_64/22.7/cuda/11.7/bin/nvcc
CUDA Build Version           : 11080
CUDA Driver Version          : 12000
CUDA Runtime Version         : 11070
cuBLAS Version               : (available)
cuFFT Version                : 10702
cuRAND Version               : 10210
cuSOLVER Version             : (11, 3, 5)
cuSPARSE Version             : (available)
NVRTC Version                : (11, 7)
Thrust Version               : 101501
CUB Build Version            : 101501
Jitify Build Version         : 4a37de0
cuDNN Build Version          : 8801
cuDNN Version                : 8302
NCCL Build Version           : 21602
NCCL Runtime Version         : 21505
cuTENSOR Version             : 10500
cuSPARSELt Build Version     : None
Device 0 Name                : NVIDIA A100-PCIE-40GB
Device 0 Compute Capability  : 80
Device 0 PCI Bus ID          : 0000:C3:00.0
None
nprime = 105
npripri = 91
Sizes of ptrain and pdot:
[(79920, 14, 14), (79920, 14, 14)]
Loss at truetheta:
3899929.7692014426
len(theta) = 38416
len(jac) = 15664320
 
LSMR            Least-squares solution of  Ax = b

The matrix A has 31328640 rows and 38416 columns
damp = 0.00000000000000e+00

atol = 1.00e-08                 conlim = 1.00e+08

btol = 1.00e-08             maxiter =    20000

 
   itn      x(1)       norm r    norm Ar  compatible   LS      norm A   cond A
     0  0.00000e+00  2.374e+03  6.624e+05   1.0e+00  1.2e-01
     1  1.15281e-02  2.012e+03  2.770e+05   8.5e-01  2.7e-01  5.2e+02  1.0e+00
     2  6.16434e-02  1.861e+03  1.293e+05   7.8e-01  9.9e-02  7.0e+02  1.5e+00
     3  1.04593e-01  1.832e+03  5.716e+04   7.7e-01  3.5e-02  8.8e+02  1.4e+00
     4  1.35464e-01  1.823e+03  4.037e+04   7.7e-01  2.3e-02  9.7e+02  1.9e+00
     5  1.55425e-01  1.818e+03  3.243e+04   7.7e-01  1.6e-02  1.1e+03  2.1e+00
     6  1.58063e-01  1.814e+03  3.047e+04   7.6e-01  1.4e-02  1.2e+03  4.3e+00
     7  1.54920e-01  1.804e+03  2.777e+04   7.6e-01  1.2e-02  1.3e+03  4.6e+00
     8  1.47867e-01  1.792e+03  2.481e+04   7.6e-01  1.0e-02  1.4e+03  3.6e+00
     9  1.37302e-01  1.781e+03  2.124e+04   7.5e-01  8.2e-03  1.4e+03  3.3e+00
    10  1.32358e-01  1.777e+03  2.010e+04   7.5e-01  7.5e-03  1.5e+03  4.0e+00
    20  4.85707e-02  1.723e+03  9.263e+03   7.3e-01  2.6e-03  2.1e+03  4.3e+00
    30  1.77806e-02  1.700e+03  5.420e+03   7.2e-01  1.2e-03  2.6e+03  5.4e+00
    40 -7.57584e-03  1.689e+03  3.409e+03   7.1e-01  6.8e-04  3.0e+03  8.4e+00
    50 -4.52735e-02  1.684e+03  2.186e+03   7.1e-01  3.9e-04  3.3e+03  8.0e+00
    60 -7.45460e-02  1.681e+03  1.399e+03   7.1e-01  2.3e-04  3.7e+03  1.1e+01
    70 -1.19375e-01  1.680e+03  8.226e+02   7.1e-01  1.2e-04  4.0e+03  7.4e+00
    80 -1.60669e-01  1.679e+03  5.284e+02   7.1e-01  7.4e-05  4.2e+03  1.2e+01
    90 -1.79255e-01  1.679e+03  3.832e+02   7.1e-01  5.1e-05  4.5e+03  7.4e+00
   100 -1.85811e-01  1.679e+03  2.685e+02   7.1e-01  3.4e-05  4.7e+03  7.7e+00
   110 -1.78591e-01  1.679e+03  1.914e+02   7.1e-01  2.3e-05  5.0e+03  7.7e+00
 
   itn      x(1)       norm r    norm Ar  compatible   LS      norm A   cond A
   120 -1.68525e-01  1.679e+03  1.324e+02   7.1e-01  1.5e-05  5.2e+03  9.2e+00
   130 -1.63684e-01  1.679e+03  9.063e+01   7.1e-01  1.0e-05  5.4e+03  5.4e+00
   140 -1.62318e-01  1.679e+03  5.955e+01   7.1e-01  6.3e-06  5.6e+03  9.1e+00
   150 -1.63599e-01  1.679e+03  3.802e+01   7.1e-01  3.9e-06  5.8e+03  8.5e+00
   160 -1.65500e-01  1.679e+03  2.553e+01   7.1e-01  2.5e-06  6.0e+03  7.8e+00
   170 -1.66411e-01  1.679e+03  1.879e+01   7.1e-01  1.8e-06  6.2e+03  8.5e+00
   180 -1.66671e-01  1.679e+03  1.287e+01   7.1e-01  1.2e-06  6.4e+03  1.1e+01
   190 -1.66580e-01  1.679e+03  9.329e+00   7.1e-01  8.5e-07  6.6e+03  8.2e+00
   200 -1.66497e-01  1.679e+03  6.570e+00   7.1e-01  5.8e-07  6.7e+03  6.6e+00
   210 -1.66497e-01  1.679e+03  4.504e+00   7.1e-01  3.9e-07  6.9e+03  9.7e+00
   220 -1.66540e-01  1.679e+03  3.070e+00   7.1e-01  2.6e-07  7.1e+03  9.7e+00
   230 -1.66561e-01  1.679e+03  2.104e+00   7.1e-01  1.7e-07  7.2e+03  7.7e+00
   240 -1.66550e-01  1.679e+03  1.403e+00   7.1e-01  1.1e-07  7.4e+03  5.0e+00
   250 -1.66530e-01  1.679e+03  1.006e+00   7.1e-01  8.0e-08  7.5e+03  9.8e+00
   260 -1.66517e-01  1.679e+03  7.187e-01   7.1e-01  5.6e-08  7.7e+03  5.8e+00
   270 -1.66519e-01  1.679e+03  5.570e-01   7.1e-01  4.2e-08  7.8e+03  7.1e+00
   280 -1.66531e-01  1.679e+03  4.010e-01   7.1e-01  3.0e-08  8.0e+03  1.4e+01
   290 -1.66545e-01  1.679e+03  2.917e-01   7.1e-01  2.1e-08  8.1e+03  6.2e+00
   300 -1.66559e-01  1.679e+03  2.105e-01   7.1e-01  1.5e-08  8.3e+03  8.8e+00
   310 -1.66566e-01  1.679e+03  1.518e-01   7.1e-01  1.1e-08  8.4e+03  6.6e+00
 
   itn      x(1)       norm r    norm Ar  compatible   LS      norm A   cond A
   311 -1.66566e-01  1.679e+03  1.443e-01   7.1e-01  1.0e-08  8.4e+03  7.6e+00
   312 -1.66566e-01  1.679e+03  1.422e-01   7.1e-01  1.0e-08  8.4e+03  7.7e+00
   313 -1.66566e-01  1.679e+03  1.397e-01   7.1e-01  9.9e-09  8.4e+03  1.2e+01
 
LSMR finished
The least-squares solution is good enough, given atol     
istop =       2    normr = 1.7e+03
    normA = 8.4e+03    normAr = 1.4e-01
itn   =     313    condA = 1.2e+01
    normx = 3.0e+01
   313 -1.66566e-01   1.679e+03  1.397e-01
   7.1e-01  9.9e-09   8.4e+03  1.2e+01
loss = 2817856.604452325
