OS                           : Linux-5.14.21-150400.24.81_12.0.87-cray_shasta_c-x86_64-with-glibc2.31
Python Version               : 3.9.19
CuPy Version                 : 13.0.0
CuPy Platform                : NVIDIA CUDA
NumPy Version                : 1.26.4
SciPy Version                : 1.13.0
Cython Build Version         : 0.29.36
Cython Runtime Version       : None
CUDA Root                    : /opt/nvidia/hpc_sdk/Linux_x86_64/23.9/cuda/12.2
nvcc PATH                    : /opt/nvidia/hpc_sdk/Linux_x86_64/23.9/cuda/12.2/bin/nvcc
CUDA Build Version           : 12020
CUDA Driver Version          : 12020
CUDA Runtime Version         : 12020 (linked to CuPy) / 12020 (locally installed)
cuBLAS Version               : (available)
cuFFT Version                : 11008
cuRAND Version               : 10303
cuSOLVER Version             : (11, 5, 0)
cuSPARSE Version             : (available)
NVRTC Version                : (12, 2)
Thrust Version               : 200200
CUB Build Version            : 200200
Jitify Build Version         : <unknown>
cuDNN Build Version          : 8801
cuDNN Version                : 8903
NCCL Build Version           : None
NCCL Runtime Version         : None
cuTENSOR Version             : None
cuSPARSELt Build Version     : None
Device 0 Name                : NVIDIA A100-SXM4-40GB
Device 0 Compute Capability  : 80
Device 0 PCI Bus ID          : 0000:82:00.0
None
nprime = 105
npripri = 91
Sizes of ptrain and pdot:
[(80000, 14, 14), (80000, 14, 14)]
Loss at truetheta:
8.169705599022045e-16
len(theta) = 38416
len(jac) = 15680000
 
LSMR            Least-squares solution of  Ax = b

The matrix A has 31360000 rows and 38416 columns
damp = 0.00000000000000e+00

atol = 1.00e-16                 conlim = 1.00e+08

btol = 1.00e-16             maxiter =   100000

 
   itn      x(1)       norm r    norm Ar  compatible   LS      norm A   cond A
     0  0.00000e+00  4.670e+02  8.694e+04   1.0e+00  4.0e-01
     1  6.42469e-02  2.343e+02  4.081e+04   5.0e-01  8.3e-01  2.1e+02  1.0e+00
     2  1.23435e-01  1.167e+02  1.542e+04   2.5e-01  3.8e-01  3.5e+02  1.1e+00
     3  1.60108e-01  8.373e+01  7.600e+03   1.8e-01  2.2e-01  4.2e+02  1.2e+00
     4  2.05592e-01  6.323e+01  2.697e+03   1.4e-01  9.2e-02  4.6e+02  1.6e+00
     5  2.12764e-01  6.082e+01  1.689e+03   1.3e-01  5.6e-02  4.9e+02  1.5e+00
     6  2.14204e-01  6.003e+01  1.417e+03   1.3e-01  4.3e-02  5.4e+02  1.6e+00
     7  2.12952e-01  5.743e+01  1.326e+03   1.2e-01  3.9e-02  5.9e+02  6.6e+00
     8  2.11386e-01  5.462e+01  1.256e+03   1.2e-01  3.7e-02  6.2e+02  5.0e+00
     9  2.06334e-01  4.609e+01  1.034e+03   9.9e-02  3.3e-02  6.8e+02  3.6e+00
    10  2.02237e-01  3.838e+01  7.599e+02   8.2e-02  2.8e-02  7.0e+02  3.5e+00
    20  1.86793e-01  1.599e+01  2.350e+02   3.4e-02  1.5e-02  9.6e+02  5.5e+00
    30  1.79945e-01  7.997e+00  8.889e+01   1.7e-02  9.7e-03  1.1e+03  4.2e+00
    40  1.71863e-01  5.151e+00  3.305e+01   1.1e-02  4.9e-03  1.3e+03  4.6e+00
    50  1.66220e-01  4.444e+00  1.815e+01   9.5e-03  2.8e-03  1.5e+03  1.2e+01
    60  1.58874e-01  4.044e+00  1.180e+01   8.7e-03  1.9e-03  1.5e+03  1.3e+01
    70  1.50339e-01  3.767e+00  1.022e+01   8.1e-03  1.6e-03  1.7e+03  9.9e+00
    80  1.35603e-01  3.355e+00  9.111e+00   7.2e-03  1.5e-03  1.8e+03  1.3e+01
    90  1.09717e-01  2.687e+00  7.731e+00   5.8e-03  1.5e-03  1.9e+03  1.3e+01
   100  6.19278e-02  1.589e+00  5.087e+00   3.4e-03  1.6e-03  2.0e+03  1.9e+01
   110  4.12812e-02  1.187e+00  3.717e+00   2.5e-03  1.5e-03  2.1e+03  2.2e+01
 
   itn      x(1)       norm r    norm Ar  compatible   LS      norm A   cond A
   120  2.90899e-02  9.205e-01  2.904e+00   2.0e-03  1.4e-03  2.2e+03  1.3e+01
   130  1.72060e-02  6.114e-01  2.123e+00   1.3e-03  1.5e-03  2.3e+03  7.2e+00
   140  8.53910e-03  3.949e-01  1.425e+00   8.5e-04  1.5e-03  2.4e+03  1.2e+01
   150  3.82201e-03  2.948e-01  9.244e-01   6.3e-04  1.3e-03  2.4e+03  7.2e+00
   160  2.24836e-03  2.573e-01  7.318e-01   5.5e-04  1.1e-03  2.5e+03  1.4e+01
   170  1.50085e-03  2.286e-01  6.443e-01   4.9e-04  1.1e-03  2.6e+03  1.7e+01
   180  5.02279e-04  1.728e-01  5.270e-01   3.7e-04  1.1e-03  2.7e+03  7.3e+00
   190 -8.30425e-04  9.235e-02  3.306e-01   2.0e-04  1.3e-03  2.7e+03  1.2e+01
   200 -1.39815e-03  6.430e-02  2.102e-01   1.4e-04  1.2e-03  2.8e+03  1.4e+01
   210 -1.60814e-03  5.614e-02  1.564e-01   1.2e-04  9.7e-04  2.9e+03  1.5e+01
   220 -1.72283e-03  5.081e-02  1.300e-01   1.1e-04  8.7e-04  2.9e+03  2.6e+01
   230 -1.84235e-03  4.150e-02  1.096e-01   8.9e-05  8.8e-04  3.0e+03  1.5e+01
   240 -1.97382e-03  2.905e-02  8.588e-02   6.2e-05  9.7e-04  3.1e+03  2.1e+01
   250 -2.09495e-03  1.775e-02  5.774e-02   3.8e-05  1.0e-03  3.1e+03  7.6e+00
   260 -2.14428e-03  1.321e-02  4.285e-02   2.8e-05  1.0e-03  3.2e+03  1.2e+01
   270 -2.16805e-03  1.052e-02  3.519e-02   2.3e-05  1.0e-03  3.3e+03  1.4e+01
   280 -2.19409e-03  7.043e-03  2.583e-02   1.5e-05  1.1e-03  3.3e+03  8.0e+00
   290 -2.21548e-03  4.189e-03  1.475e-02   9.0e-06  1.0e-03  3.4e+03  1.5e+01
   300 -2.22054e-03  3.488e-03  9.863e-03   7.5e-06  8.3e-04  3.4e+03  7.6e+00
   310 -2.22061e-03  3.197e-03  8.113e-03   6.8e-06  7.3e-04  3.5e+03  1.8e+01
 
   itn      x(1)       norm r    norm Ar  compatible   LS      norm A   cond A
   320 -2.21936e-03  2.913e-03  7.269e-03   6.2e-06  7.1e-04  3.5e+03  2.9e+01
   330 -2.21709e-03  2.335e-03  6.257e-03   5.0e-06  7.5e-04  3.6e+03  1.3e+01
   340 -2.21415e-03  1.425e-03  4.629e-03   3.1e-06  8.9e-04  3.6e+03  1.3e+01
   350 -2.21159e-03  6.286e-04  2.482e-03   1.3e-06  1.1e-03  3.7e+03  1.8e+01
   360 -2.21088e-03  4.520e-04  1.616e-03   9.7e-07  9.5e-04  3.7e+03  7.6e+00
   370 -2.21073e-03  3.693e-04  1.247e-03   7.9e-07  8.9e-04  3.8e+03  7.6e+00
   380 -2.21094e-03  2.690e-04  8.991e-04   5.8e-07  8.7e-04  3.8e+03  7.9e+00
   390 -2.21138e-03  1.992e-04  5.988e-04   4.3e-07  7.7e-04  3.9e+03  8.5e+00
   400 -2.21174e-03  1.710e-04  4.407e-04   3.7e-07  6.5e-04  4.0e+03  8.9e+00
   410 -2.21196e-03  1.570e-04  3.934e-04   3.4e-07  6.3e-04  4.0e+03  1.4e+01
   420 -2.21237e-03  1.302e-04  3.448e-04   2.8e-07  6.5e-04  4.0e+03  2.4e+01
   430 -2.21329e-03  6.789e-05  2.362e-04   1.5e-07  8.5e-04  4.1e+03  1.0e+01
   440 -2.21390e-03  2.839e-05  1.272e-04   6.1e-08  1.1e-03  4.1e+03  1.2e+01
   450 -2.21408e-03  1.897e-05  6.949e-05   4.1e-08  8.8e-04  4.2e+03  1.5e+01
   460 -2.21411e-03  1.656e-05  4.762e-05   3.5e-08  6.8e-04  4.2e+03  1.0e+01
   470 -2.21410e-03  1.509e-05  4.034e-05   3.2e-08  6.3e-04  4.3e+03  1.1e+01
   480 -2.21406e-03  1.296e-05  3.463e-05   2.8e-08  6.2e-04  4.3e+03  3.3e+01
   490 -2.21399e-03  9.720e-06  2.700e-05   2.1e-08  6.4e-04  4.4e+03  1.7e+01
   500 -2.21392e-03  7.239e-06  2.025e-05   1.6e-08  6.3e-04  4.4e+03  8.5e+00
   510 -2.21389e-03  5.876e-06  1.672e-05   1.3e-08  6.4e-04  4.5e+03  2.1e+01
 
   itn      x(1)       norm r    norm Ar  compatible   LS      norm A   cond A
   520 -2.21384e-03  4.130e-06  1.320e-05   8.8e-09  7.1e-04  4.5e+03  1.4e+01
   530 -2.21379e-03  2.409e-06  9.417e-06   5.2e-09  8.6e-04  4.5e+03  1.4e+01
   540 -2.21375e-03  1.121e-06  4.963e-06   2.4e-09  9.6e-04  4.6e+03  8.4e+00
   550 -2.21374e-03  8.255e-07  2.496e-06   1.8e-09  6.5e-04  4.6e+03  9.9e+00
   560 -2.21374e-03  7.711e-07  1.982e-06   1.7e-09  5.5e-04  4.7e+03  1.5e+01
   570 -2.21374e-03  7.209e-07  1.792e-06   1.5e-09  5.3e-04  4.7e+03  3.7e+01
   580 -2.21374e-03  5.963e-07  1.567e-06   1.3e-09  5.5e-04  4.8e+03  2.9e+01
   590 -2.21374e-03  3.155e-07  1.072e-06   6.8e-10  7.1e-04  4.8e+03  8.6e+00
   600 -2.21373e-03  1.585e-07  6.555e-07   3.4e-10  8.6e-04  4.8e+03  1.1e+01
   610 -2.21373e-03  1.000e-07  3.614e-07   2.1e-10  7.4e-04  4.9e+03  1.0e+01
   620 -2.21373e-03  8.529e-08  2.805e-07   1.8e-10  6.7e-04  4.9e+03  1.3e+01
   630 -2.21373e-03  6.964e-08  2.227e-07   1.5e-10  6.4e-04  5.0e+03  8.4e+00
   640 -2.21373e-03  5.107e-08  1.520e-07   1.1e-10  6.0e-04  5.0e+03  1.7e+01
   650 -2.21373e-03  4.235e-08  1.036e-07   9.1e-11  4.9e-04  5.0e+03  1.8e+01
   660 -2.21373e-03  3.901e-08  8.766e-08   8.4e-11  4.4e-04  5.1e+03  3.2e+01
   670 -2.21373e-03  3.609e-08  8.001e-08   7.7e-11  4.3e-04  5.1e+03  2.0e+01
   680 -2.21373e-03  2.932e-08  6.638e-08   6.3e-11  4.4e-04  5.2e+03  1.0e+01
   690 -2.21373e-03  2.155e-08  4.503e-08   4.6e-11  4.0e-04  5.2e+03  1.3e+01
   700 -2.21374e-03  1.845e-08  2.093e-08   3.9e-11  2.2e-04  5.2e+03  8.4e+00
   710 -2.21374e-03  1.819e-08  1.175e-08   3.9e-11  1.2e-04  5.3e+03  1.1e+01
 
   itn      x(1)       norm r    norm Ar  compatible   LS      norm A   cond A
   720 -2.21374e-03  1.814e-08  9.666e-09   3.9e-11  1.0e-04  5.3e+03  2.6e+01
   730 -2.21374e-03  1.807e-08  8.527e-09   3.9e-11  8.8e-05  5.3e+03  2.7e+01
   740 -2.21374e-03  1.795e-08  7.257e-09   3.8e-11  7.5e-05  5.4e+03  1.1e+01
   750 -2.21374e-03  1.783e-08  5.289e-09   3.8e-11  5.5e-05  5.4e+03  1.5e+01
   760 -2.21374e-03  1.777e-08  3.140e-09   3.8e-11  3.2e-05  5.4e+03  8.4e+00
   770 -2.21374e-03  1.777e-08  2.532e-09   3.8e-11  2.6e-05  5.5e+03  1.1e+01
   780 -2.21374e-03  1.776e-08  1.983e-09   3.8e-11  2.0e-05  5.5e+03  8.5e+00
   790 -2.21374e-03  1.775e-08  1.207e-09   3.8e-11  1.2e-05  5.5e+03  8.4e+00
   800 -2.21374e-03  1.775e-08  7.419e-10   3.8e-11  7.5e-06  5.6e+03  1.2e+01
   810 -2.21374e-03  1.775e-08  4.886e-10   3.8e-11  4.9e-06  5.6e+03  8.4e+00
   820 -2.21374e-03  1.775e-08  4.201e-10   3.8e-11  4.2e-06  5.7e+03  1.6e+01
   830 -2.21374e-03  1.775e-08  3.877e-10   3.8e-11  3.8e-06  5.7e+03  3.3e+01
   840 -2.21374e-03  1.775e-08  3.117e-10   3.8e-11  3.1e-06  5.7e+03  1.4e+01
   850 -2.21374e-03  1.775e-08  1.818e-10   3.8e-11  1.8e-06  5.8e+03  1.3e+01
   860 -2.21374e-03  1.775e-08  8.092e-11   3.8e-11  7.9e-07  5.8e+03  8.4e+00
   870 -2.21374e-03  1.775e-08  4.404e-11   3.8e-11  4.3e-07  5.8e+03  8.4e+00
   880 -2.21374e-03  1.775e-08  3.376e-11   3.8e-11  3.2e-07  5.9e+03  2.1e+01
   890 -2.21374e-03  1.775e-08  2.835e-11   3.8e-11  2.7e-07  5.9e+03  3.4e+01
   900 -2.21374e-03  1.775e-08  2.308e-11   3.8e-11  2.2e-07  5.9e+03  8.6e+00
   910 -2.21374e-03  1.775e-08  1.697e-11   3.8e-11  1.6e-07  6.0e+03  1.1e+01
 
   itn      x(1)       norm r    norm Ar  compatible   LS      norm A   cond A
   920 -2.21374e-03  1.775e-08  1.369e-11   3.8e-11  1.3e-07  6.0e+03  2.9e+01
   930 -2.21374e-03  1.775e-08  1.137e-11   3.8e-11  1.1e-07  6.0e+03  8.6e+00
   940 -2.21374e-03  1.775e-08  9.301e-12   3.8e-11  8.7e-08  6.1e+03  2.2e+01
   950 -2.21374e-03  1.775e-08  5.799e-12   3.8e-11  5.4e-08  6.1e+03  1.6e+01
   960 -2.21374e-03  1.775e-08  2.707e-12   3.8e-11  2.5e-08  6.1e+03  8.6e+00
   970 -2.21374e-03  1.775e-08  1.496e-12   3.8e-11  1.4e-08  6.2e+03  8.6e+00
   980 -2.21374e-03  1.775e-08  1.089e-12   3.8e-11  9.9e-09  6.2e+03  1.5e+01
   990 -2.21374e-03  1.775e-08  9.584e-13   3.8e-11  8.7e-09  6.2e+03  1.2e+01
  1000 -2.21374e-03  1.775e-08  8.489e-13   3.8e-11  7.7e-09  6.2e+03  1.7e+01
  1010 -2.21374e-03  1.775e-08  6.078e-13   3.8e-11  5.5e-09  6.3e+03  8.6e+00
  1020 -2.21374e-03  1.775e-08  3.534e-13   3.8e-11  3.2e-09  6.3e+03  1.3e+01
  1030 -2.21374e-03  1.775e-08  2.036e-13   3.8e-11  1.8e-09  6.3e+03  8.6e+00
  1040 -2.21374e-03  1.775e-08  1.602e-13   3.8e-11  1.4e-09  6.4e+03  1.6e+01
  1050 -2.21374e-03  1.775e-08  1.190e-13   3.8e-11  1.0e-09  6.4e+03  1.6e+01
  1060 -2.21374e-03  1.775e-08  8.203e-14   3.8e-11  7.2e-10  6.4e+03  8.6e+00
  1070 -2.21374e-03  1.775e-08  5.289e-14   3.8e-11  4.6e-10  6.5e+03  8.6e+00
  1080 -2.21374e-03  1.775e-08  4.198e-14   3.8e-11  3.6e-10  6.5e+03  2.4e+01
  1090 -2.21374e-03  1.775e-08  3.766e-14   3.8e-11  3.3e-10  6.5e+03  1.5e+01
  1100 -2.21374e-03  1.775e-08  2.959e-14   3.8e-11  2.5e-10  6.6e+03  2.1e+01
  1110 -2.21374e-03  1.775e-08  2.021e-14   3.8e-11  1.7e-10  6.6e+03  8.6e+00
 
   itn      x(1)       norm r    norm Ar  compatible   LS      norm A   cond A
  1120 -2.21374e-03  1.775e-08  1.012e-14   3.8e-11  8.6e-11  6.6e+03  8.6e+00
  1130 -2.21374e-03  1.775e-08  5.112e-15   3.8e-11  4.3e-11  6.6e+03  8.6e+00
  1140 -2.21374e-03  1.775e-08  3.312e-15   3.8e-11  2.8e-11  6.7e+03  8.6e+00
  1150 -2.21374e-03  1.775e-08  2.835e-15   3.8e-11  2.4e-11  6.7e+03  3.0e+01
  1160 -2.21374e-03  1.775e-08  2.484e-15   3.8e-11  2.1e-11  6.7e+03  1.2e+01
  1170 -2.21374e-03  1.775e-08  1.958e-15   3.8e-11  1.6e-11  6.8e+03  8.6e+00
  1180 -2.21374e-03  1.775e-08  1.402e-15   3.8e-11  1.2e-11  6.8e+03  1.3e+01
  1190 -2.21374e-03  1.775e-08  9.266e-16   3.8e-11  7.7e-12  6.8e+03  1.6e+01
  1200 -2.21374e-03  1.775e-08  7.306e-16   3.8e-11  6.0e-12  6.8e+03  1.4e+01
  1210 -2.21374e-03  1.775e-08  5.305e-16   3.8e-11  4.3e-12  6.9e+03  9.4e+00
  1220 -2.21374e-03  1.775e-08  2.953e-16   3.8e-11  2.4e-12  6.9e+03  8.6e+00
  1230 -2.21374e-03  1.775e-08  1.610e-16   3.8e-11  1.3e-12  6.9e+03  9.2e+00
  1240 -2.21374e-03  1.775e-08  1.151e-16   3.8e-11  9.3e-13  7.0e+03  9.9e+00
  1250 -2.21374e-03  1.775e-08  1.003e-16   3.8e-11  8.1e-13  7.0e+03  1.4e+01
  1260 -2.21374e-03  1.775e-08  8.896e-17   3.8e-11  7.1e-13  7.0e+03  2.4e+01
  1270 -2.21374e-03  1.775e-08  6.491e-17   3.8e-11  5.2e-13  7.0e+03  8.8e+00
  1280 -2.21374e-03  1.775e-08  3.129e-17   3.8e-11  2.5e-13  7.1e+03  8.8e+00
  1290 -2.21374e-03  1.775e-08  1.538e-17   3.8e-11  1.2e-13  7.1e+03  9.6e+00
  1300 -2.21374e-03  1.775e-08  1.020e-17   3.8e-11  8.1e-14  7.1e+03  8.9e+00
  1310 -2.21374e-03  1.775e-08  8.618e-18   3.8e-11  6.8e-14  7.1e+03  2.4e+01
 
   itn      x(1)       norm r    norm Ar  compatible   LS      norm A   cond A
  1320 -2.21374e-03  1.775e-08  7.573e-18   3.8e-11  5.9e-14  7.2e+03  1.6e+01
  1330 -2.21374e-03  1.775e-08  6.017e-18   3.8e-11  4.7e-14  7.2e+03  1.7e+01
  1340 -2.21374e-03  1.775e-08  4.009e-18   3.8e-11  3.1e-14  7.2e+03  1.6e+01
  1350 -2.21374e-03  1.775e-08  3.069e-18   3.8e-11  2.4e-14  7.3e+03  1.7e+01
  1360 -2.21374e-03  1.775e-08  2.490e-18   3.8e-11  1.9e-14  7.3e+03  2.2e+01
  1370 -2.21374e-03  1.775e-08  1.710e-18   3.8e-11  1.3e-14  7.3e+03  1.8e+01
  1380 -2.21374e-03  1.775e-08  9.412e-19   3.8e-11  7.2e-15  7.3e+03  8.8e+00
  1390 -2.21374e-03  1.775e-08  4.934e-19   3.8e-11  3.8e-15  7.4e+03  8.8e+00
  1400 -2.21374e-03  1.775e-08  3.801e-19   3.8e-11  2.9e-15  7.4e+03  1.3e+01
  1410 -2.21374e-03  1.775e-08  3.483e-19   3.8e-11  2.6e-15  7.4e+03  2.1e+01
  1420 -2.21374e-03  1.775e-08  2.968e-19   3.8e-11  2.2e-15  7.4e+03  1.6e+01
  1430 -2.21374e-03  1.775e-08  1.849e-19   3.8e-11  1.4e-15  7.5e+03  8.8e+00
  1440 -2.21374e-03  1.775e-08  9.298e-20   3.8e-11  7.0e-16  7.5e+03  8.8e+00
  1450 -2.21374e-03  1.775e-08  4.213e-20   3.8e-11  3.2e-16  7.5e+03  8.8e+00
  1460 -2.21374e-03  1.775e-08  2.819e-20   3.8e-11  2.1e-16  7.5e+03  1.5e+01
  1470 -2.21374e-03  1.775e-08  2.350e-20   3.8e-11  1.7e-16  7.6e+03  1.5e+01
  1480 -2.21374e-03  1.775e-08  2.076e-20   3.8e-11  1.5e-16  7.6e+03  1.3e+01
  1490 -2.21374e-03  1.775e-08  1.593e-20   3.8e-11  1.2e-16  7.6e+03  1.0e+01
  1493 -2.21374e-03  1.775e-08  1.371e-20   3.8e-11  1.0e-16  7.6e+03  1.0e+01
 
LSMR finished
The least-squares solution is good enough for this machine
istop =       5    normr = 1.8e-08
    normA = 7.6e+03    normAr = 1.4e-20
itn   =    1493    condA = 1.0e+01
    normx = 4.8e+00
  1493 -2.21374e-03   1.775e-08  1.371e-20
   3.8e-11  1.0e-16   7.6e+03  1.0e+01
loss = 3.1508002564627546e-16
