OS                           : Linux-5.14.21-150400.24.81_12.0.86-cray_shasta_c-x86_64-with-glibc2.31
Python Version               : 3.9.15
CuPy Version                 : 12.1.0
CuPy Platform                : NVIDIA CUDA
NumPy Version                : 1.23.5
SciPy Version                : 1.9.3
Cython Build Version         : 0.29.32
Cython Runtime Version       : None
CUDA Root                    : /opt/nvidia/hpc_sdk/Linux_x86_64/22.7/cuda/11.7
nvcc PATH                    : /opt/nvidia/hpc_sdk/Linux_x86_64/22.7/cuda/11.7/bin/nvcc
CUDA Build Version           : 11080
CUDA Driver Version          : 12000
CUDA Runtime Version         : 11070
cuBLAS Version               : (available)
cuFFT Version                : 10702
cuRAND Version               : 10210
cuSOLVER Version             : (11, 3, 5)
cuSPARSE Version             : (available)
NVRTC Version                : (11, 7)
Thrust Version               : 101501
CUB Build Version            : 101501
Jitify Build Version         : 4a37de0
cuDNN Build Version          : 8801
cuDNN Version                : 8302
NCCL Build Version           : 21602
NCCL Runtime Version         : 21505
cuTENSOR Version             : 10500
cuSPARSELt Build Version     : None
Device 0 Name                : NVIDIA A100-SXM4-40GB
Device 0 Compute Capability  : 80
Device 0 PCI Bus ID          : 0000:03:00.0
None
nprime = 10
npripri = 6
./trajdata100/train_heh+_6-31g.npy
Sizes of ptrain and pdot:
[(199996, 4, 4), (199996, 4, 4)]
Loss at truetheta:
2.565662731369091e-19
len(theta) = 256
len(jac) = 3199936
 
LSMR            Least-squares solution of  Ax = b

The matrix A has 6399872 rows and 256 columns
damp = 0.00000000000000e+00

atol = 1.00e-08                 conlim = 1.00e+08

btol = 1.00e-08             maxiter =    20000

 
   itn      x(1)       norm r    norm Ar  compatible   LS      norm A   cond A
     0  0.00000e+00  1.857e+02  9.276e+04   1.0e+00  2.7e+00
     1  1.17803e-04  4.957e+01  1.693e+04   2.7e-01  6.6e-01  5.2e+02  1.0e+00
     2  1.39020e-04  3.145e+01  7.878e+03   1.7e-01  3.6e-01  6.9e+02  1.2e+00
     3  2.17786e-04  1.058e+01  2.131e+03   5.7e-02  2.5e-01  7.9e+02  1.9e+00
     4  2.23451e-04  8.883e+00  1.474e+03   4.8e-02  1.9e-01  8.7e+02  1.8e+00
     5  2.36215e-04  5.043e+00  5.208e+02   2.7e-02  1.1e-01  9.8e+02  2.4e+00
     6  2.34964e-04  3.729e+00  1.357e+02   2.0e-02  3.6e-02  1.0e+03  3.3e+00
     7  2.30057e-04  3.336e+00  1.149e+02   1.8e-02  3.4e-02  1.0e+03  9.2e+00
     8  2.24369e-04  2.619e+00  7.907e+01   1.4e-02  3.0e-02  1.0e+03  7.3e+00
     9  2.17712e-04  2.305e+00  1.740e+01   1.2e-02  7.3e-03  1.0e+03  5.3e+00
    10  2.18933e-04  2.300e+00  1.458e+01   1.2e-02  6.1e-03  1.0e+03  6.3e+00
    20  1.20616e-03  4.988e-01  1.223e+00   2.7e-03  1.7e-03  1.4e+03  1.0e+02
    30  1.44431e-03  1.423e-01  2.335e-01   7.7e-04  9.4e-04  1.7e+03  1.0e+02
    40  1.45281e-03  9.645e-02  9.900e-02   5.2e-04  5.1e-04  2.0e+03  1.0e+02
    50  1.42816e-03  7.974e-02  4.501e-02   4.3e-04  2.5e-04  2.2e+03  2.3e+02
    60  1.29209e-03  6.176e-02  2.966e-02   3.3e-04  1.9e-04  2.5e+03  1.7e+02
    70  9.81563e-04  4.661e-02  2.000e-02   2.5e-04  1.6e-04  2.7e+03  3.8e+02
    80  6.40423e-04  3.725e-02  1.378e-02   2.0e-04  1.3e-04  2.8e+03  5.3e+02
    90  2.35407e-04  2.953e-02  9.257e-03   1.6e-04  1.1e-04  3.0e+03  1.7e+02
   100 -1.03094e-04  2.463e-02  7.114e-03   1.3e-04  9.1e-05  3.2e+03  1.7e+02
   110 -6.71248e-04  1.903e-02  3.499e-03   1.0e-04  5.6e-05  3.3e+03  4.1e+02
 
   itn      x(1)       norm r    norm Ar  compatible   LS      norm A   cond A
   120 -7.77796e-04  1.829e-02  3.019e-03   9.8e-05  4.7e-05  3.5e+03  1.1e+03
   130 -9.31583e-04  1.701e-02  2.663e-03   9.2e-05  4.4e-05  3.6e+03  4.1e+02
   140 -1.16171e-03  1.508e-02  2.195e-03   8.1e-05  3.9e-05  3.8e+03  4.1e+02
   150 -1.35379e-03  1.356e-02  1.791e-03   7.3e-05  3.4e-05  3.9e+03  6.6e+02
   160 -1.49406e-03  1.242e-02  1.499e-03   6.7e-05  3.0e-05  4.0e+03  4.8e+02
   170 -1.60556e-03  1.151e-02  1.213e-03   6.2e-05  2.5e-05  4.1e+03  4.8e+02
   180 -1.67134e-03  1.093e-02  1.028e-03   5.9e-05  2.2e-05  4.3e+03  5.5e+02
   190 -1.76790e-03  1.030e-02  6.860e-04   5.5e-05  1.5e-05  4.4e+03  5.5e+02
   200 -1.80324e-03  1.015e-02  5.589e-04   5.5e-05  1.2e-05  4.5e+03  5.5e+02
   210 -1.82866e-03  1.006e-02  5.078e-04   5.4e-05  1.1e-05  4.6e+03  5.9e+02
   220 -1.85448e-03  9.979e-03  4.744e-04   5.4e-05  1.0e-05  4.7e+03  5.5e+02
   230 -1.88655e-03  9.877e-03  4.615e-04   5.3e-05  9.7e-06  4.8e+03  5.5e+02
   240 -1.90537e-03  9.818e-03  4.562e-04   5.3e-05  9.5e-06  4.9e+03  1.1e+03
   250 -2.03525e-03  9.455e-03  4.277e-04   5.1e-05  9.0e-06  5.0e+03  5.5e+02
   260 -2.16514e-03  9.150e-03  4.179e-04   4.9e-05  9.0e-06  5.1e+03  5.5e+02
   270 -3.47422e-03  6.342e-03  3.158e-04   3.4e-05  9.6e-06  5.2e+03  5.5e+02
   280 -4.61078e-03  4.573e-03  1.975e-04   2.5e-05  8.2e-06  5.3e+03  5.5e+02
   290 -4.62908e-03  4.553e-03  1.950e-04   2.5e-05  8.0e-06  5.4e+03  9.9e+02
   300 -4.98633e-03  4.130e-03  1.343e-04   2.2e-05  5.9e-06  5.5e+03  5.5e+02
   310 -4.99933e-03  4.115e-03  1.315e-04   2.2e-05  5.7e-06  5.6e+03  5.5e+02
 
   itn      x(1)       norm r    norm Ar  compatible   LS      norm A   cond A
   320 -5.13900e-03  3.961e-03  9.557e-05   2.1e-05  4.3e-06  5.7e+03  5.5e+02
   330 -5.14171e-03  3.958e-03  9.481e-05   2.1e-05  4.1e-06  5.8e+03  1.2e+03
   340 -5.15654e-03  3.928e-03  9.224e-05   2.1e-05  4.0e-06  5.9e+03  5.5e+02
   350 -5.17424e-03  3.895e-03  8.927e-05   2.1e-05  3.9e-06  5.9e+03  5.5e+02
   360 -5.19103e-03  3.875e-03  8.829e-05   2.1e-05  3.8e-06  6.0e+03  5.5e+02
   370 -5.28710e-03  3.770e-03  8.377e-05   2.0e-05  3.6e-06  6.1e+03  5.5e+02
   380 -5.82040e-03  3.363e-03  5.204e-05   1.8e-05  2.5e-06  6.2e+03  1.8e+03
   390 -5.85305e-03  3.342e-03  5.148e-05   1.8e-05  2.5e-06  6.3e+03  1.5e+03
   400 -6.55985e-03  2.938e-03  4.126e-05   1.6e-05  2.2e-06  6.3e+03  1.5e+03
   410 -6.87980e-03  2.801e-03  3.570e-05   1.5e-05  2.0e-06  6.4e+03  1.5e+03
   420 -6.88251e-03  2.800e-03  3.568e-05   1.5e-05  2.0e-06  6.5e+03  1.5e+03
   430 -6.89919e-03  2.794e-03  3.558e-05   1.5e-05  1.9e-06  6.6e+03  4.9e+03
   440 -7.07980e-03  2.721e-03  3.449e-05   1.5e-05  1.9e-06  6.7e+03  1.5e+03
   450 -7.80174e-03  2.461e-03  2.974e-05   1.3e-05  1.8e-06  6.7e+03  1.5e+03
   460 -8.39697e-03  2.290e-03  2.518e-05   1.2e-05  1.6e-06  6.8e+03  1.5e+03
   470 -8.42844e-03  2.282e-03  2.492e-05   1.2e-05  1.6e-06  6.9e+03  1.5e+03
   480 -8.43381e-03  2.281e-03  2.489e-05   1.2e-05  1.6e-06  6.9e+03  6.9e+03
   490 -8.44512e-03  2.277e-03  2.482e-05   1.2e-05  1.6e-06  7.0e+03  1.5e+03
   500 -8.60770e-03  2.227e-03  2.394e-05   1.2e-05  1.5e-06  7.1e+03  1.5e+03
   510 -9.15367e-03  2.077e-03  2.073e-05   1.1e-05  1.4e-06  7.1e+03  1.5e+03
 
   itn      x(1)       norm r    norm Ar  compatible   LS      norm A   cond A
   520 -9.31799e-03  2.038e-03  1.967e-05   1.1e-05  1.3e-06  7.2e+03  1.5e+03
   530 -9.32465e-03  2.036e-03  1.962e-05   1.1e-05  1.3e-06  7.3e+03  1.5e+03
   540 -9.33533e-03  2.033e-03  1.956e-05   1.1e-05  1.3e-06  7.4e+03  1.5e+03
   550 -9.46996e-03  1.980e-03  1.879e-05   1.1e-05  1.3e-06  7.4e+03  1.5e+03
   560 -9.60015e-03  1.931e-03  1.802e-05   1.0e-05  1.2e-06  7.5e+03  1.5e+03
   570 -1.00895e-02  1.775e-03  1.475e-05   9.6e-06  1.1e-06  7.6e+03  1.6e+03
   580 -1.01077e-02  1.770e-03  1.461e-05   9.5e-06  1.1e-06  7.6e+03  1.5e+03
   590 -1.01301e-02  1.764e-03  1.444e-05   9.5e-06  1.1e-06  7.7e+03  3.2e+03
   600 -1.01348e-02  1.763e-03  1.440e-05   9.5e-06  1.1e-06  7.8e+03  1.5e+03
   610 -1.01343e-02  1.762e-03  1.439e-05   9.5e-06  1.0e-06  7.8e+03  4.0e+03
   620 -1.01326e-02  1.760e-03  1.437e-05   9.5e-06  1.0e-06  7.9e+03  1.9e+03
   630 -1.01291e-02  1.757e-03  1.435e-05   9.5e-06  1.0e-06  8.0e+03  1.5e+03
   640 -9.78723e-03  1.513e-03  1.168e-05   8.1e-06  9.6e-07  8.0e+03  1.5e+03
   650 -9.62445e-03  1.425e-03  1.023e-05   7.7e-06  8.9e-07  8.1e+03  1.5e+03
   660 -9.59498e-03  1.411e-03  9.944e-06   7.6e-06  8.7e-07  8.1e+03  1.5e+03
   670 -9.55614e-03  1.405e-03  9.862e-06   7.6e-06  8.6e-07  8.2e+03  9.9e+03
   680 -9.27664e-03  1.368e-03  9.388e-06   7.4e-06  8.3e-07  8.3e+03  1.5e+03
   690 -8.68006e-03  1.299e-03  8.290e-06   7.0e-06  7.7e-07  8.3e+03  1.5e+03
   700 -8.53960e-03  1.285e-03  8.011e-06   6.9e-06  7.4e-07  8.4e+03  1.5e+03
   710 -8.42447e-03  1.274e-03  7.778e-06   6.9e-06  7.2e-07  8.4e+03  1.5e+03
 
   itn      x(1)       norm r    norm Ar  compatible   LS      norm A   cond A
   720 -8.13620e-03  1.249e-03  7.166e-06   6.7e-06  6.7e-07  8.5e+03  4.9e+03
   730 -8.13427e-03  1.249e-03  7.164e-06   6.7e-06  6.7e-07  8.6e+03  1.5e+03
   740 -8.04809e-03  1.246e-03  7.142e-06   6.7e-06  6.6e-07  8.6e+03  1.5e+03
   750 -7.99573e-03  1.244e-03  7.129e-06   6.7e-06  6.6e-07  8.7e+03  1.5e+03
   760 -7.96133e-03  1.242e-03  7.121e-06   6.7e-06  6.5e-07  8.8e+03  1.3e+04
   770 -7.55407e-03  1.226e-03  7.026e-06   6.6e-06  6.5e-07  8.8e+03  1.5e+03
   780 -6.50393e-03  1.184e-03  6.777e-06   6.4e-06  6.5e-07  8.9e+03  1.5e+03
   790 -6.12761e-03  1.170e-03  6.686e-06   6.3e-06  6.4e-07  8.9e+03  4.4e+03
   800 -5.90039e-03  1.161e-03  6.632e-06   6.3e-06  6.4e-07  9.0e+03  1.5e+03
   810 -5.58387e-03  1.150e-03  6.555e-06   6.2e-06  6.3e-07  9.0e+03  1.5e+03
   820 -5.38140e-03  1.142e-03  6.506e-06   6.1e-06  6.3e-07  9.1e+03  1.5e+03
   830 -5.02086e-03  1.129e-03  6.428e-06   6.1e-06  6.2e-07  9.1e+03  2.5e+03
   840 -4.91300e-03  1.125e-03  6.405e-06   6.1e-06  6.2e-07  9.2e+03  2.5e+03
   850 -4.84464e-03  1.122e-03  6.390e-06   6.0e-06  6.2e-07  9.2e+03  5.5e+03
   860 -4.70107e-03  1.117e-03  6.362e-06   6.0e-06  6.1e-07  9.3e+03  2.5e+03
   870 -3.57911e-03  1.078e-03  6.139e-06   5.8e-06  6.1e-07  9.4e+03  2.5e+03
   880 -1.54629e-03  1.009e-03  5.712e-06   5.4e-06  6.0e-07  9.4e+03  2.5e+03
   890 -1.24515e-03  9.999e-04  5.647e-06   5.4e-06  6.0e-07  9.5e+03  2.5e+03
   900 -5.11741e-04  9.769e-04  5.485e-06   5.3e-06  5.9e-07  9.5e+03  2.5e+03
   910 -3.70583e-04  9.725e-04  5.454e-06   5.2e-06  5.9e-07  9.6e+03  2.5e+03
 
   itn      x(1)       norm r    norm Ar  compatible   LS      norm A   cond A
   920 -3.34968e-04  9.715e-04  5.446e-06   5.2e-06  5.8e-07  9.6e+03  1.5e+04
   930 -1.43709e-04  9.652e-04  5.413e-06   5.2e-06  5.8e-07  9.7e+03  2.5e+03
   940 -6.63155e-05  9.626e-04  5.399e-06   5.2e-06  5.8e-07  9.7e+03  2.5e+03
   950  1.98695e-03  8.974e-04  5.031e-06   4.8e-06  5.7e-07  9.8e+03  2.9e+03
   960  2.36562e-03  8.858e-04  4.962e-06   4.8e-06  5.7e-07  9.8e+03  2.5e+03
   970  2.60370e-03  8.787e-04  4.918e-06   4.7e-06  5.7e-07  9.9e+03  2.5e+03
   980  3.55429e-03  8.507e-04  4.737e-06   4.6e-06  5.6e-07  9.9e+03  2.5e+03
   990  4.45347e-03  8.253e-04  4.560e-06   4.4e-06  5.5e-07  1.0e+04  2.5e+03
  1000  4.73087e-03  8.177e-04  4.505e-06   4.4e-06  5.5e-07  1.0e+04  2.2e+04
  1010  4.73382e-03  8.176e-04  4.504e-06   4.4e-06  5.5e-07  1.0e+04  2.5e+03
  1020  4.78194e-03  8.161e-04  4.497e-06   4.4e-06  5.4e-07  1.0e+04  6.3e+03
  1030  5.06131e-03  8.072e-04  4.455e-06   4.3e-06  5.4e-07  1.0e+04  2.5e+03
  1040  8.30706e-03  7.099e-04  3.931e-06   3.8e-06  5.4e-07  1.0e+04  2.5e+03
  1050  1.12523e-02  6.339e-04  3.386e-06   3.4e-06  5.2e-07  1.0e+04  2.5e+03
  1060  1.12557e-02  6.338e-04  3.386e-06   3.4e-06  5.2e-07  1.0e+04  9.5e+03
  1070  1.12577e-02  6.338e-04  3.385e-06   3.4e-06  5.1e-07  1.0e+04  2.5e+03
  1080  1.12920e-02  6.327e-04  3.380e-06   3.4e-06  5.1e-07  1.0e+04  2.5e+03
  1090  1.57151e-02  5.185e-04  2.549e-06   2.8e-06  4.7e-07  1.0e+04  2.5e+03
  1100  1.57361e-02  5.180e-04  2.544e-06   2.8e-06  4.7e-07  1.1e+04  1.5e+04
  1110  1.57499e-02  5.177e-04  2.541e-06   2.8e-06  4.6e-07  1.1e+04  5.9e+03
 
   itn      x(1)       norm r    norm Ar  compatible   LS      norm A   cond A
  1120  1.57624e-02  5.174e-04  2.539e-06   2.8e-06  4.6e-07  1.1e+04  2.5e+03
  1130  1.57758e-02  5.170e-04  2.536e-06   2.8e-06  4.6e-07  1.1e+04  2.5e+03
  1140  1.60677e-02  5.082e-04  2.480e-06   2.7e-06  4.6e-07  1.1e+04  2.5e+03
  1150  1.76266e-02  4.655e-04  2.153e-06   2.5e-06  4.3e-07  1.1e+04  2.5e+03
  1160  1.80187e-02  4.561e-04  2.063e-06   2.5e-06  4.2e-07  1.1e+04  2.5e+03
  1170  1.85792e-02  4.438e-04  1.927e-06   2.4e-06  4.0e-07  1.1e+04  2.5e+03
  1180  1.90176e-02  4.352e-04  1.813e-06   2.3e-06  3.8e-07  1.1e+04  2.5e+03
  1190  1.90343e-02  4.348e-04  1.809e-06   2.3e-06  3.8e-07  1.1e+04  2.5e+03
  1200  1.90414e-02  4.347e-04  1.807e-06   2.3e-06  3.8e-07  1.1e+04  2.0e+04
  1210  1.90639e-02  4.342e-04  1.802e-06   2.3e-06  3.8e-07  1.1e+04  4.6e+03
  1220  1.90903e-02  4.335e-04  1.795e-06   2.3e-06  3.7e-07  1.1e+04  6.6e+03
  1230  1.93730e-02  4.267e-04  1.727e-06   2.3e-06  3.6e-07  1.1e+04  2.5e+03
  1240  2.01140e-02  4.109e-04  1.534e-06   2.2e-06  3.3e-07  1.1e+04  2.5e+03
  1250  2.05366e-02  4.033e-04  1.412e-06   2.2e-06  3.1e-07  1.1e+04  2.5e+03
  1260  2.05389e-02  4.033e-04  1.411e-06   2.2e-06  3.1e-07  1.1e+04  2.5e+03
  1270  2.05409e-02  4.032e-04  1.410e-06   2.2e-06  3.1e-07  1.1e+04  2.5e+03
  1280  2.06603e-02  4.005e-04  1.384e-06   2.2e-06  3.0e-07  1.1e+04  4.1e+03
  1290  2.07108e-02  3.993e-04  1.373e-06   2.2e-06  3.0e-07  1.1e+04  2.5e+03
  1300  2.11480e-02  3.901e-04  1.273e-06   2.1e-06  2.9e-07  1.1e+04  2.5e+03
  1310  2.18217e-02  3.782e-04  1.102e-06   2.0e-06  2.5e-07  1.1e+04  3.5e+03
 
   itn      x(1)       norm r    norm Ar  compatible   LS      norm A   cond A
  1320  2.18222e-02  3.782e-04  1.102e-06   2.0e-06  2.5e-07  1.2e+04  6.3e+03
  1330  2.18236e-02  3.782e-04  1.101e-06   2.0e-06  2.5e-07  1.2e+04  9.8e+03
  1340  2.18261e-02  3.781e-04  1.101e-06   2.0e-06  2.5e-07  1.2e+04  2.5e+03
  1350  2.18287e-02  3.781e-04  1.100e-06   2.0e-06  2.5e-07  1.2e+04  1.0e+04
  1360  2.18503e-02  3.776e-04  1.096e-06   2.0e-06  2.5e-07  1.2e+04  2.5e+03
  1370  2.18655e-02  3.773e-04  1.093e-06   2.0e-06  2.5e-07  1.2e+04  6.5e+03
  1380  2.18781e-02  3.770e-04  1.091e-06   2.0e-06  2.5e-07  1.2e+04  2.5e+03
  1390  2.20442e-02  3.736e-04  1.059e-06   2.0e-06  2.4e-07  1.2e+04  2.5e+03
  1400  2.23545e-02  3.676e-04  9.979e-07   2.0e-06  2.3e-07  1.2e+04  1.7e+04
  1410  2.23593e-02  3.675e-04  9.970e-07   2.0e-06  2.3e-07  1.2e+04  1.6e+04
  1420  2.23613e-02  3.675e-04  9.967e-07   2.0e-06  2.3e-07  1.2e+04  4.1e+03
  1430  2.23648e-02  3.674e-04  9.961e-07   2.0e-06  2.3e-07  1.2e+04  2.5e+03
  1440  2.23768e-02  3.672e-04  9.940e-07   2.0e-06  2.2e-07  1.2e+04  2.5e+03
  1450  2.23823e-02  3.670e-04  9.931e-07   2.0e-06  2.2e-07  1.2e+04  2.5e+03
  1460  2.23936e-02  3.668e-04  9.914e-07   2.0e-06  2.2e-07  1.2e+04  3.3e+03
  1470  2.24172e-02  3.662e-04  9.879e-07   2.0e-06  2.2e-07  1.2e+04  2.5e+03
  1480  2.24212e-02  3.662e-04  9.873e-07   2.0e-06  2.2e-07  1.2e+04  1.4e+04
  1490  2.24311e-02  3.659e-04  9.859e-07   2.0e-06  2.2e-07  1.2e+04  7.9e+03
  1500  2.31272e-02  3.511e-04  8.816e-07   1.9e-06  2.0e-07  1.2e+04  2.5e+03
  1510  2.34243e-02  3.456e-04  8.331e-07   1.9e-06  2.0e-07  1.2e+04  2.5e+03
 
   itn      x(1)       norm r    norm Ar  compatible   LS      norm A   cond A
  1520  2.34245e-02  3.456e-04  8.331e-07   1.9e-06  1.9e-07  1.2e+04  7.8e+03
  1530  2.34254e-02  3.456e-04  8.329e-07   1.9e-06  1.9e-07  1.2e+04  1.1e+04
  1540  2.34256e-02  3.456e-04  8.329e-07   1.9e-06  1.9e-07  1.2e+04  3.3e+03
  1550  2.34698e-02  3.446e-04  8.273e-07   1.9e-06  1.9e-07  1.3e+04  2.5e+03
  1560  2.35194e-02  3.435e-04  8.212e-07   1.8e-06  1.9e-07  1.3e+04  2.5e+03
  1570  2.36515e-02  3.407e-04  8.049e-07   1.8e-06  1.9e-07  1.3e+04  2.5e+03
  1580  2.40930e-02  3.318e-04  7.480e-07   1.8e-06  1.8e-07  1.3e+04  2.5e+03
  1590  2.43240e-02  3.275e-04  7.164e-07   1.8e-06  1.7e-07  1.3e+04  2.5e+03
  1600  2.43260e-02  3.275e-04  7.161e-07   1.8e-06  1.7e-07  1.3e+04  2.5e+03
  1610  2.43278e-02  3.275e-04  7.159e-07   1.8e-06  1.7e-07  1.3e+04  2.5e+03
  1620  2.43332e-02  3.274e-04  7.152e-07   1.8e-06  1.7e-07  1.3e+04  2.5e+03
  1630  2.45402e-02  3.232e-04  6.908e-07   1.7e-06  1.7e-07  1.3e+04  6.2e+03
  1640  2.45916e-02  3.222e-04  6.847e-07   1.7e-06  1.7e-07  1.3e+04  6.2e+03
  1650  2.46384e-02  3.213e-04  6.790e-07   1.7e-06  1.6e-07  1.3e+04  6.2e+03
  1660  2.47349e-02  3.195e-04  6.671e-07   1.7e-06  1.6e-07  1.3e+04  6.2e+03
  1670  2.47367e-02  3.194e-04  6.669e-07   1.7e-06  1.6e-07  1.3e+04  1.2e+04
  1680  2.47399e-02  3.194e-04  6.665e-07   1.7e-06  1.6e-07  1.3e+04  6.2e+03
  1690  2.47775e-02  3.186e-04  6.621e-07   1.7e-06  1.6e-07  1.3e+04  6.2e+03
  1700  2.48662e-02  3.169e-04  6.516e-07   1.7e-06  1.6e-07  1.3e+04  6.2e+03
  1710  2.50907e-02  3.128e-04  6.243e-07   1.7e-06  1.5e-07  1.3e+04  6.2e+03
 
   itn      x(1)       norm r    norm Ar  compatible   LS      norm A   cond A
  1720  2.50982e-02  3.127e-04  6.233e-07   1.7e-06  1.5e-07  1.3e+04  6.2e+03
  1730  2.51109e-02  3.124e-04  6.218e-07   1.7e-06  1.5e-07  1.3e+04  6.2e+03
  1740  2.51145e-02  3.124e-04  6.214e-07   1.7e-06  1.5e-07  1.3e+04  6.2e+03
  1750  2.51231e-02  3.122e-04  6.204e-07   1.7e-06  1.5e-07  1.3e+04  7.3e+03
  1760  2.51503e-02  3.116e-04  6.175e-07   1.7e-06  1.5e-07  1.3e+04  6.2e+03
  1770  2.58562e-02  2.987e-04  5.357e-07   1.6e-06  1.3e-07  1.3e+04  6.2e+03
  1780  2.60727e-02  2.953e-04  5.080e-07   1.6e-06  1.3e-07  1.3e+04  6.2e+03
  1790  2.60742e-02  2.953e-04  5.078e-07   1.6e-06  1.3e-07  1.3e+04  6.2e+03
  1800  2.60750e-02  2.953e-04  5.077e-07   1.6e-06  1.3e-07  1.3e+04  8.8e+03
  1810  2.60777e-02  2.953e-04  5.074e-07   1.6e-06  1.3e-07  1.4e+04  6.2e+03
  1820  2.60985e-02  2.949e-04  5.048e-07   1.6e-06  1.3e-07  1.4e+04  6.2e+03
  1830  2.61864e-02  2.936e-04  4.935e-07   1.6e-06  1.2e-07  1.4e+04  6.2e+03
  1840  2.62094e-02  2.932e-04  4.905e-07   1.6e-06  1.2e-07  1.4e+04  6.2e+03
  1850  2.62221e-02  2.930e-04  4.888e-07   1.6e-06  1.2e-07  1.4e+04  6.2e+03
  1860  2.62241e-02  2.930e-04  4.886e-07   1.6e-06  1.2e-07  1.4e+04  6.2e+03
  1870  2.62308e-02  2.929e-04  4.877e-07   1.6e-06  1.2e-07  1.4e+04  6.2e+03
  1880  2.62335e-02  2.928e-04  4.874e-07   1.6e-06  1.2e-07  1.4e+04  6.2e+03
  1890  2.62339e-02  2.928e-04  4.873e-07   1.6e-06  1.2e-07  1.4e+04  6.8e+03
  1900  2.62390e-02  2.927e-04  4.867e-07   1.6e-06  1.2e-07  1.4e+04  6.2e+03
  1910  2.65675e-02  2.865e-04  4.474e-07   1.5e-06  1.1e-07  1.4e+04  6.2e+03
 
   itn      x(1)       norm r    norm Ar  compatible   LS      norm A   cond A
  1920  2.67879e-02  2.828e-04  4.190e-07   1.5e-06  1.1e-07  1.4e+04  6.2e+03
  1930  2.68218e-02  2.823e-04  4.145e-07   1.5e-06  1.1e-07  1.4e+04  6.2e+03
  1940  2.68303e-02  2.822e-04  4.134e-07   1.5e-06  1.0e-07  1.4e+04  7.4e+03
  1950  2.68326e-02  2.821e-04  4.131e-07   1.5e-06  1.0e-07  1.4e+04  6.2e+03
  1960  2.68458e-02  2.819e-04  4.116e-07   1.5e-06  1.0e-07  1.4e+04  6.2e+03
  1970  2.68647e-02  2.815e-04  4.095e-07   1.5e-06  1.0e-07  1.4e+04  6.2e+03
  1980  2.69629e-02  2.795e-04  3.982e-07   1.5e-06  1.0e-07  1.4e+04  6.2e+03
  1990  2.69734e-02  2.793e-04  3.970e-07   1.5e-06  1.0e-07  1.4e+04  6.2e+03
  2000  2.69737e-02  2.793e-04  3.970e-07   1.5e-06  1.0e-07  1.4e+04  6.2e+03
  2010  2.70101e-02  2.786e-04  3.930e-07   1.5e-06  9.9e-08  1.4e+04  6.2e+03
  2020  2.70192e-02  2.784e-04  3.920e-07   1.5e-06  9.9e-08  1.4e+04  6.2e+03
  2030  2.72348e-02  2.743e-04  3.674e-07   1.5e-06  9.4e-08  1.4e+04  6.2e+03
  2040  2.74945e-02  2.700e-04  3.355e-07   1.5e-06  8.7e-08  1.4e+04  6.2e+03
  2050  2.75043e-02  2.699e-04  3.342e-07   1.5e-06  8.6e-08  1.4e+04  6.2e+03
  2060  2.75095e-02  2.698e-04  3.335e-07   1.5e-06  8.6e-08  1.4e+04  6.2e+03
  2070  2.75161e-02  2.697e-04  3.327e-07   1.5e-06  8.5e-08  1.4e+04  6.2e+03
  2080  2.75288e-02  2.695e-04  3.311e-07   1.5e-06  8.5e-08  1.4e+04  6.2e+03
  2090  2.75355e-02  2.694e-04  3.302e-07   1.5e-06  8.4e-08  1.5e+04  6.2e+03
  2100  2.75368e-02  2.694e-04  3.301e-07   1.5e-06  8.4e-08  1.5e+04  3.4e+04
  2110  2.75421e-02  2.693e-04  3.295e-07   1.5e-06  8.4e-08  1.5e+04  6.2e+03
 
   itn      x(1)       norm r    norm Ar  compatible   LS      norm A   cond A
  2120  2.76077e-02  2.682e-04  3.223e-07   1.4e-06  8.2e-08  1.5e+04  6.2e+03
  2130  2.76661e-02  2.673e-04  3.158e-07   1.4e-06  8.1e-08  1.5e+04  6.2e+03
  2140  2.77765e-02  2.656e-04  3.032e-07   1.4e-06  7.8e-08  1.5e+04  6.2e+03
  2150  2.78626e-02  2.643e-04  2.929e-07   1.4e-06  7.5e-08  1.5e+04  6.2e+03
  2160  2.79170e-02  2.636e-04  2.863e-07   1.4e-06  7.4e-08  1.5e+04  6.2e+03
  2170  2.79219e-02  2.635e-04  2.857e-07   1.4e-06  7.3e-08  1.5e+04  6.2e+03
  2180  2.79333e-02  2.634e-04  2.843e-07   1.4e-06  7.3e-08  1.5e+04  1.7e+04
  2190  2.79383e-02  2.633e-04  2.836e-07   1.4e-06  7.2e-08  1.5e+04  6.2e+03
  2200  2.79438e-02  2.632e-04  2.830e-07   1.4e-06  7.2e-08  1.5e+04  8.5e+03
  2210  2.79495e-02  2.632e-04  2.823e-07   1.4e-06  7.2e-08  1.5e+04  6.3e+03
  2220  2.79550e-02  2.631e-04  2.816e-07   1.4e-06  7.2e-08  1.5e+04  6.2e+03
  2230  2.79551e-02  2.631e-04  2.816e-07   1.4e-06  7.1e-08  1.5e+04  4.0e+04
  2240  2.79556e-02  2.631e-04  2.815e-07   1.4e-06  7.1e-08  1.5e+04  6.2e+03
  2250  2.79568e-02  2.631e-04  2.814e-07   1.4e-06  7.1e-08  1.5e+04  6.2e+03
  2260  2.79760e-02  2.627e-04  2.794e-07   1.4e-06  7.0e-08  1.5e+04  6.2e+03
  2270  2.80167e-02  2.621e-04  2.751e-07   1.4e-06  6.9e-08  1.5e+04  6.2e+03
  2280  2.81089e-02  2.607e-04  2.651e-07   1.4e-06  6.7e-08  1.5e+04  6.2e+03
  2290  2.81177e-02  2.606e-04  2.642e-07   1.4e-06  6.7e-08  1.5e+04  6.2e+03
  2300  2.81229e-02  2.605e-04  2.636e-07   1.4e-06  6.6e-08  1.5e+04  6.2e+03
  2310  2.81263e-02  2.605e-04  2.632e-07   1.4e-06  6.6e-08  1.5e+04  6.8e+03
 
   itn      x(1)       norm r    norm Ar  compatible   LS      norm A   cond A
  2320  2.81268e-02  2.605e-04  2.632e-07   1.4e-06  6.6e-08  1.5e+04  6.2e+03
  2330  2.82784e-02  2.584e-04  2.465e-07   1.4e-06  6.2e-08  1.5e+04  6.2e+03
  2340  2.84568e-02  2.562e-04  2.253e-07   1.4e-06  5.7e-08  1.5e+04  6.2e+03
  2350  2.84586e-02  2.562e-04  2.251e-07   1.4e-06  5.7e-08  1.5e+04  3.0e+04
  2360  2.84602e-02  2.562e-04  2.250e-07   1.4e-06  5.7e-08  1.5e+04  6.2e+03
  2370  2.84951e-02  2.558e-04  2.223e-07   1.4e-06  5.6e-08  1.5e+04  6.2e+03
  2380  2.85128e-02  2.556e-04  2.209e-07   1.4e-06  5.6e-08  1.6e+04  1.4e+04
  2390  2.85212e-02  2.555e-04  2.203e-07   1.4e-06  5.5e-08  1.6e+04  6.2e+03
  2400  2.85290e-02  2.554e-04  2.197e-07   1.4e-06  5.5e-08  1.6e+04  3.1e+04
  2410  2.85332e-02  2.553e-04  2.194e-07   1.4e-06  5.5e-08  1.6e+04  6.2e+03
  2420  2.87579e-02  2.529e-04  2.044e-07   1.4e-06  5.2e-08  1.6e+04  6.2e+03
  2430  2.88375e-02  2.522e-04  1.988e-07   1.4e-06  5.0e-08  1.6e+04  1.8e+04
  2440  2.88385e-02  2.522e-04  1.987e-07   1.4e-06  5.0e-08  1.6e+04  6.2e+03
  2450  2.88386e-02  2.522e-04  1.987e-07   1.4e-06  5.0e-08  1.6e+04  6.6e+04
  2460  2.88387e-02  2.522e-04  1.987e-07   1.4e-06  5.0e-08  1.6e+04  2.1e+04
  2470  2.88399e-02  2.522e-04  1.987e-07   1.4e-06  5.0e-08  1.6e+04  6.2e+03
  2480  2.88847e-02  2.517e-04  1.970e-07   1.4e-06  4.9e-08  1.6e+04  6.2e+03
  2490  2.89070e-02  2.515e-04  1.962e-07   1.4e-06  4.9e-08  1.6e+04  6.2e+03
  2500  2.89152e-02  2.514e-04  1.959e-07   1.4e-06  4.9e-08  1.6e+04  6.2e+03
  2510  2.90213e-02  2.504e-04  1.919e-07   1.3e-06  4.8e-08  1.6e+04  6.2e+03
 
   itn      x(1)       norm r    norm Ar  compatible   LS      norm A   cond A
  2520  2.90507e-02  2.501e-04  1.907e-07   1.3e-06  4.8e-08  1.6e+04  6.2e+03
  2530  2.90655e-02  2.500e-04  1.902e-07   1.3e-06  4.8e-08  1.6e+04  8.9e+03
  2540  2.90703e-02  2.499e-04  1.900e-07   1.3e-06  4.7e-08  1.6e+04  7.4e+03
  2550  2.90708e-02  2.499e-04  1.900e-07   1.3e-06  4.7e-08  1.6e+04  6.2e+03
  2560  2.90712e-02  2.499e-04  1.900e-07   1.3e-06  4.7e-08  1.6e+04  6.2e+04
  2570  2.90715e-02  2.499e-04  1.900e-07   1.3e-06  4.7e-08  1.6e+04  2.3e+04
  2580  2.90718e-02  2.499e-04  1.900e-07   1.3e-06  4.7e-08  1.6e+04  6.2e+03
  2590  2.90721e-02  2.499e-04  1.899e-07   1.3e-06  4.7e-08  1.6e+04  6.2e+03
  2600  2.90751e-02  2.499e-04  1.899e-07   1.3e-06  4.7e-08  1.6e+04  1.8e+04
  2610  2.90785e-02  2.499e-04  1.898e-07   1.3e-06  4.7e-08  1.6e+04  6.2e+03
  2620  2.91098e-02  2.496e-04  1.892e-07   1.3e-06  4.7e-08  1.6e+04  6.2e+03
  2630  2.91934e-02  2.488e-04  1.874e-07   1.3e-06  4.6e-08  1.6e+04  6.2e+03
  2640  2.92389e-02  2.483e-04  1.865e-07   1.3e-06  4.6e-08  1.6e+04  6.2e+03
  2650  2.93825e-02  2.470e-04  1.834e-07   1.3e-06  4.5e-08  1.6e+04  6.2e+03
  2660  2.94717e-02  2.462e-04  1.815e-07   1.3e-06  4.5e-08  1.6e+04  6.9e+03
  2670  2.94960e-02  2.460e-04  1.810e-07   1.3e-06  4.5e-08  1.6e+04  6.2e+03
  2680  2.95015e-02  2.460e-04  1.809e-07   1.3e-06  4.5e-08  1.6e+04  1.2e+05
  2690  2.95714e-02  2.453e-04  1.795e-07   1.3e-06  4.4e-08  1.6e+04  6.2e+03
  2700  2.95884e-02  2.452e-04  1.792e-07   1.3e-06  4.4e-08  1.7e+04  6.2e+03
  2710  2.96040e-02  2.450e-04  1.789e-07   1.3e-06  4.4e-08  1.7e+04  8.3e+03
 
   itn      x(1)       norm r    norm Ar  compatible   LS      norm A   cond A
  2720  2.96151e-02  2.449e-04  1.787e-07   1.3e-06  4.4e-08  1.7e+04  6.2e+03
  2730  3.00774e-02  2.409e-04  1.699e-07   1.3e-06  4.2e-08  1.7e+04  6.2e+03
  2740  3.00911e-02  2.408e-04  1.696e-07   1.3e-06  4.2e-08  1.7e+04  2.6e+04
  2750  3.00913e-02  2.408e-04  1.696e-07   1.3e-06  4.2e-08  1.7e+04  6.2e+03
  2760  3.00966e-02  2.408e-04  1.695e-07   1.3e-06  4.2e-08  1.7e+04  6.2e+03
  2770  3.00998e-02  2.407e-04  1.694e-07   1.3e-06  4.2e-08  1.7e+04  6.2e+03
  2780  3.00999e-02  2.407e-04  1.694e-07   1.3e-06  4.2e-08  1.7e+04  6.3e+04
  2790  3.01040e-02  2.407e-04  1.694e-07   1.3e-06  4.2e-08  1.7e+04  6.2e+03
  2800  3.01099e-02  2.406e-04  1.692e-07   1.3e-06  4.2e-08  1.7e+04  6.2e+03
  2810  3.01196e-02  2.405e-04  1.691e-07   1.3e-06  4.2e-08  1.7e+04  6.2e+03
  2820  3.02312e-02  2.395e-04  1.671e-07   1.3e-06  4.1e-08  1.7e+04  6.2e+03
  2830  3.03179e-02  2.388e-04  1.655e-07   1.3e-06  4.1e-08  1.7e+04  6.2e+03
  2840  3.03186e-02  2.388e-04  1.655e-07   1.3e-06  4.1e-08  1.7e+04  7.5e+03
  2850  3.04922e-02  2.372e-04  1.624e-07   1.3e-06  4.0e-08  1.7e+04  6.2e+03
  2860  3.05174e-02  2.370e-04  1.620e-07   1.3e-06  4.0e-08  1.7e+04  6.2e+03
  2870  3.05362e-02  2.368e-04  1.616e-07   1.3e-06  4.0e-08  1.7e+04  6.2e+03
  2880  3.05493e-02  2.367e-04  1.614e-07   1.3e-06  4.0e-08  1.7e+04  9.2e+03
  2890  3.05557e-02  2.366e-04  1.613e-07   1.3e-06  4.0e-08  1.7e+04  7.9e+03
  2900  3.05671e-02  2.365e-04  1.611e-07   1.3e-06  4.0e-08  1.7e+04  6.2e+03
  2910  3.05833e-02  2.364e-04  1.608e-07   1.3e-06  4.0e-08  1.7e+04  6.2e+03
 
   itn      x(1)       norm r    norm Ar  compatible   LS      norm A   cond A
  2920  3.05845e-02  2.364e-04  1.608e-07   1.3e-06  4.0e-08  1.7e+04  4.0e+04
  2930  3.05977e-02  2.363e-04  1.605e-07   1.3e-06  3.9e-08  1.7e+04  6.2e+03
  2940  3.07702e-02  2.348e-04  1.574e-07   1.3e-06  3.9e-08  1.7e+04  6.2e+03
  2950  3.08157e-02  2.344e-04  1.565e-07   1.3e-06  3.9e-08  1.7e+04  6.2e+03
  2960  3.08326e-02  2.342e-04  1.562e-07   1.3e-06  3.9e-08  1.7e+04  6.2e+03
  2970  3.08829e-02  2.338e-04  1.553e-07   1.3e-06  3.8e-08  1.7e+04  6.2e+03
  2980  3.08843e-02  2.338e-04  1.552e-07   1.3e-06  3.8e-08  1.7e+04  6.3e+04
  2990  3.08866e-02  2.337e-04  1.552e-07   1.3e-06  3.8e-08  1.7e+04  1.1e+04
  3000  3.09039e-02  2.335e-04  1.548e-07   1.3e-06  3.8e-08  1.7e+04  6.2e+03
  3010  3.09785e-02  2.323e-04  1.533e-07   1.3e-06  3.8e-08  1.7e+04  6.2e+03
  3020  3.09828e-02  2.323e-04  1.532e-07   1.3e-06  3.8e-08  1.7e+04  6.2e+03
  3030  3.09837e-02  2.322e-04  1.532e-07   1.3e-06  3.8e-08  1.7e+04  6.2e+03
  3040  3.09854e-02  2.322e-04  1.532e-07   1.3e-06  3.8e-08  1.8e+04  6.2e+03
  3050  3.09860e-02  2.322e-04  1.532e-07   1.3e-06  3.8e-08  1.8e+04  2.6e+04
  3060  3.09868e-02  2.322e-04  1.531e-07   1.3e-06  3.7e-08  1.8e+04  6.2e+03
  3070  3.09875e-02  2.322e-04  1.531e-07   1.3e-06  3.7e-08  1.8e+04  6.2e+03
  3080  3.09879e-02  2.322e-04  1.531e-07   1.3e-06  3.7e-08  1.8e+04  6.2e+03
  3090  3.10117e-02  2.318e-04  1.526e-07   1.2e-06  3.7e-08  1.8e+04  6.2e+03
  3100  3.10138e-02  2.317e-04  1.526e-07   1.2e-06  3.7e-08  1.8e+04  6.2e+03
  3110  3.10139e-02  2.317e-04  1.526e-07   1.2e-06  3.7e-08  1.8e+04  8.4e+03
 
   itn      x(1)       norm r    norm Ar  compatible   LS      norm A   cond A
  3120  3.10142e-02  2.317e-04  1.526e-07   1.2e-06  3.7e-08  1.8e+04  1.2e+04
  3130  3.10144e-02  2.317e-04  1.526e-07   1.2e-06  3.7e-08  1.8e+04  4.4e+04
  3140  3.10150e-02  2.317e-04  1.525e-07   1.2e-06  3.7e-08  1.8e+04  6.2e+03
  3150  3.10746e-02  2.300e-04  1.512e-07   1.2e-06  3.7e-08  1.8e+04  6.2e+03
  3160  3.12987e-02  2.236e-04  1.459e-07   1.2e-06  3.6e-08  1.8e+04  6.2e+03
  3170  3.13035e-02  2.235e-04  1.457e-07   1.2e-06  3.6e-08  1.8e+04  6.2e+03
  3180  3.13041e-02  2.235e-04  1.457e-07   1.2e-06  3.6e-08  1.8e+04  7.7e+04
  3190  3.13050e-02  2.234e-04  1.457e-07   1.2e-06  3.6e-08  1.8e+04  2.3e+04
  3200  3.13054e-02  2.234e-04  1.457e-07   1.2e-06  3.6e-08  1.8e+04  1.2e+04
  3210  3.13055e-02  2.234e-04  1.457e-07   1.2e-06  3.6e-08  1.8e+04  6.2e+03
  3220  3.13118e-02  2.232e-04  1.455e-07   1.2e-06  3.6e-08  1.8e+04  6.2e+03
  3230  3.13159e-02  2.230e-04  1.454e-07   1.2e-06  3.6e-08  1.8e+04  6.2e+03
  3240  3.13445e-02  2.218e-04  1.445e-07   1.2e-06  3.6e-08  1.8e+04  1.0e+04
  3250  3.13448e-02  2.218e-04  1.445e-07   1.2e-06  3.6e-08  1.8e+04  1.6e+04
  3260  3.13453e-02  2.218e-04  1.444e-07   1.2e-06  3.6e-08  1.8e+04  3.0e+04
  3270  3.13469e-02  2.217e-04  1.444e-07   1.2e-06  3.6e-08  1.8e+04  6.2e+03
  3280  3.13506e-02  2.215e-04  1.442e-07   1.2e-06  3.6e-08  1.8e+04  6.2e+03
  3290  3.13545e-02  2.212e-04  1.440e-07   1.2e-06  3.6e-08  1.8e+04  6.2e+03
  3300  3.13827e-02  2.195e-04  1.428e-07   1.2e-06  3.6e-08  1.8e+04  6.2e+03
  3310  3.13900e-02  2.191e-04  1.425e-07   1.2e-06  3.6e-08  1.8e+04  6.2e+03
 
   itn      x(1)       norm r    norm Ar  compatible   LS      norm A   cond A
  3320  3.14249e-02  2.169e-04  1.409e-07   1.2e-06  3.5e-08  1.8e+04  6.2e+03
  3330  3.14387e-02  2.161e-04  1.403e-07   1.2e-06  3.5e-08  1.8e+04  9.0e+03
  3340  3.14444e-02  2.157e-04  1.400e-07   1.2e-06  3.5e-08  1.8e+04  6.2e+03
  3350  3.14456e-02  2.157e-04  1.400e-07   1.2e-06  3.5e-08  1.8e+04  6.2e+03
  3360  3.14480e-02  2.155e-04  1.398e-07   1.2e-06  3.5e-08  1.8e+04  6.2e+03
  3370  3.14548e-02  2.151e-04  1.395e-07   1.2e-06  3.5e-08  1.8e+04  4.2e+04
  3380  3.14550e-02  2.151e-04  1.395e-07   1.2e-06  3.5e-08  1.8e+04  1.5e+04
  3390  3.14564e-02  2.149e-04  1.394e-07   1.2e-06  3.5e-08  1.9e+04  6.2e+03
  3400  3.14565e-02  2.149e-04  1.394e-07   1.2e-06  3.5e-08  1.9e+04  6.2e+03
  3410  3.14573e-02  2.148e-04  1.393e-07   1.2e-06  3.5e-08  1.9e+04  6.2e+03
  3420  3.14573e-02  2.148e-04  1.393e-07   1.2e-06  3.5e-08  1.9e+04  6.2e+03
  3430  3.14592e-02  2.144e-04  1.391e-07   1.2e-06  3.5e-08  1.9e+04  6.2e+03
  3440  3.14594e-02  2.144e-04  1.390e-07   1.2e-06  3.5e-08  1.9e+04  7.3e+03
  3450  3.14595e-02  2.144e-04  1.390e-07   1.2e-06  3.5e-08  1.9e+04  1.3e+04
  3460  3.14595e-02  2.144e-04  1.390e-07   1.2e-06  3.5e-08  1.9e+04  3.2e+04
  3470  3.14595e-02  2.144e-04  1.390e-07   1.2e-06  3.5e-08  1.9e+04  1.4e+04
  3480  3.14594e-02  2.143e-04  1.390e-07   1.2e-06  3.5e-08  1.9e+04  8.8e+03
  3490  3.14587e-02  2.143e-04  1.390e-07   1.2e-06  3.4e-08  1.9e+04  7.0e+03
  3500  3.14361e-02  2.133e-04  1.384e-07   1.1e-06  3.4e-08  1.9e+04  6.2e+03
  3510  3.13773e-02  2.108e-04  1.370e-07   1.1e-06  3.4e-08  1.9e+04  7.2e+03
 
   itn      x(1)       norm r    norm Ar  compatible   LS      norm A   cond A
  3520  3.13733e-02  2.106e-04  1.369e-07   1.1e-06  3.4e-08  1.9e+04  9.2e+03
  3530  3.13728e-02  2.106e-04  1.369e-07   1.1e-06  3.4e-08  1.9e+04  8.4e+03
  3540  3.13715e-02  2.105e-04  1.369e-07   1.1e-06  3.4e-08  1.9e+04  1.1e+04
  3550  3.13478e-02  2.097e-04  1.365e-07   1.1e-06  3.4e-08  1.9e+04  6.2e+03
  3560  3.13063e-02  2.082e-04  1.357e-07   1.1e-06  3.4e-08  1.9e+04  6.2e+03
  3570  3.13052e-02  2.082e-04  1.357e-07   1.1e-06  3.4e-08  1.9e+04  8.2e+03
  3580  3.13036e-02  2.081e-04  1.356e-07   1.1e-06  3.4e-08  1.9e+04  6.2e+03
  3590  3.13035e-02  2.081e-04  1.356e-07   1.1e-06  3.4e-08  1.9e+04  1.2e+04
  3600  3.13018e-02  2.081e-04  1.356e-07   1.1e-06  3.4e-08  1.9e+04  6.2e+03
  3610  3.12750e-02  2.073e-04  1.352e-07   1.1e-06  3.4e-08  1.9e+04  6.2e+03
  3620  3.12465e-02  2.064e-04  1.347e-07   1.1e-06  3.4e-08  1.9e+04  6.2e+03
  3630  3.12293e-02  2.058e-04  1.344e-07   1.1e-06  3.4e-08  1.9e+04  6.2e+03
  3640  3.12265e-02  2.058e-04  1.344e-07   1.1e-06  3.4e-08  1.9e+04  6.2e+03
  3650  3.12261e-02  2.058e-04  1.344e-07   1.1e-06  3.4e-08  1.9e+04  6.2e+03
  3660  3.12193e-02  2.056e-04  1.343e-07   1.1e-06  3.4e-08  1.9e+04  6.2e+03
  3670  3.12062e-02  2.052e-04  1.341e-07   1.1e-06  3.4e-08  1.9e+04  6.2e+03
  3680  3.12047e-02  2.052e-04  1.341e-07   1.1e-06  3.4e-08  1.9e+04  6.2e+03
  3690  3.11935e-02  2.049e-04  1.339e-07   1.1e-06  3.4e-08  1.9e+04  6.2e+03
  3700  3.11344e-02  2.033e-04  1.331e-07   1.1e-06  3.4e-08  1.9e+04  6.2e+03
  3710  3.07454e-02  1.930e-04  1.277e-07   1.0e-06  3.4e-08  1.9e+04  6.2e+03
 
   itn      x(1)       norm r    norm Ar  compatible   LS      norm A   cond A
  3720  3.07237e-02  1.925e-04  1.274e-07   1.0e-06  3.4e-08  1.9e+04  6.2e+03
  3730  3.07210e-02  1.924e-04  1.273e-07   1.0e-06  3.4e-08  1.9e+04  6.2e+03
  3740  3.07198e-02  1.924e-04  1.273e-07   1.0e-06  3.4e-08  1.9e+04  5.0e+04
  3750  3.06634e-02  1.910e-04  1.266e-07   1.0e-06  3.4e-08  1.9e+04  6.2e+03
  3760  3.06207e-02  1.900e-04  1.261e-07   1.0e-06  3.4e-08  2.0e+04  6.2e+03
  3770  3.06198e-02  1.900e-04  1.260e-07   1.0e-06  3.4e-08  2.0e+04  6.2e+03
  3780  3.06171e-02  1.899e-04  1.260e-07   1.0e-06  3.4e-08  2.0e+04  6.2e+03
  3790  3.06164e-02  1.899e-04  1.260e-07   1.0e-06  3.4e-08  2.0e+04  1.3e+04
  3800  3.06136e-02  1.898e-04  1.260e-07   1.0e-06  3.4e-08  2.0e+04  7.6e+03
  3810  3.06131e-02  1.898e-04  1.260e-07   1.0e-06  3.4e-08  2.0e+04  2.3e+04
  3811  3.06131e-02  1.898e-04  1.260e-07   1.0e-06  3.4e-08  2.0e+04  6.2e+03
  3812  3.06131e-02  1.898e-04  1.260e-07   1.0e-06  3.4e-08  2.0e+04  6.2e+03
  3813  3.06131e-02  1.898e-04  1.260e-07   1.0e-06  3.4e-08  2.0e+04  6.2e+03
  3814  3.06129e-02  1.898e-04  1.260e-07   1.0e-06  3.4e-08  2.0e+04  6.2e+03
  3815  3.06128e-02  1.898e-04  1.260e-07   1.0e-06  3.4e-08  2.0e+04  1.0e+05
  3816  3.06127e-02  1.898e-04  1.260e-07   1.0e-06  3.4e-08  2.0e+04  6.2e+03
  3817  3.06127e-02  1.898e-04  1.260e-07   1.0e-06  3.4e-08  2.0e+04  2.2e+04
  3818  3.06127e-02  1.898e-04  1.260e-07   1.0e-06  3.4e-08  2.0e+04  5.2e+04
  3819  3.06127e-02  1.898e-04  1.260e-07   1.0e-06  3.4e-08  2.0e+04  4.7e+04
  3820  3.06126e-02  1.898e-04  1.260e-07   1.0e-06  3.4e-08  2.0e+04  2.4e+04
 
   itn      x(1)       norm r    norm Ar  compatible   LS      norm A   cond A
  3821  3.06126e-02  1.898e-04  1.260e-07   1.0e-06  3.4e-08  2.0e+04  6.2e+03
  3822  3.06126e-02  1.898e-04  1.260e-07   1.0e-06  3.4e-08  2.0e+04  1.6e+04
  3823  3.06126e-02  1.898e-04  1.260e-07   1.0e-06  3.4e-08  2.0e+04  2.7e+04
  3824  3.06126e-02  1.898e-04  1.260e-07   1.0e-06  3.4e-08  2.0e+04  2.0e+04
  3825  3.06125e-02  1.898e-04  1.260e-07   1.0e-06  3.4e-08  2.0e+04  9.3e+03
  3826  3.06125e-02  1.898e-04  1.260e-07   1.0e-06  3.4e-08  2.0e+04  1.4e+04
  3827  3.06052e-02  1.896e-04  1.259e-07   1.0e-06  3.4e-08  2.0e+04  6.2e+03
  3828  3.06052e-02  1.896e-04  1.259e-07   1.0e-06  3.4e-08  2.0e+04  6.2e+03
  3829  3.05982e-02  1.895e-04  1.258e-07   1.0e-06  3.4e-08  2.0e+04  6.2e+03
  3830  3.05982e-02  1.895e-04  1.258e-07   1.0e-06  3.4e-08  2.0e+04  6.2e+03
  3831  3.05982e-02  1.895e-04  1.258e-07   1.0e-06  3.4e-08  2.0e+04  2.8e+04
  3832  3.05981e-02  1.895e-04  1.258e-07   1.0e-06  3.4e-08  2.0e+04  6.2e+03
  3833  3.05981e-02  1.895e-04  1.258e-07   1.0e-06  3.4e-08  2.0e+04  6.2e+03
  3834  3.05979e-02  1.895e-04  1.258e-07   1.0e-06  3.4e-08  2.0e+04  6.2e+03
  3835  3.05978e-02  1.895e-04  1.258e-07   1.0e-06  3.4e-08  2.0e+04  6.2e+03
  3836  3.05978e-02  1.895e-04  1.258e-07   1.0e-06  3.4e-08  2.0e+04  7.8e+03
  3837  3.05978e-02  1.895e-04  1.258e-07   1.0e-06  3.4e-08  2.0e+04  6.2e+03
  3838  3.05977e-02  1.895e-04  1.258e-07   1.0e-06  3.4e-08  2.0e+04  6.2e+03
  3839  3.05977e-02  1.895e-04  1.258e-07   1.0e-06  3.4e-08  2.0e+04  6.2e+03
  3840  3.05974e-02  1.895e-04  1.258e-07   1.0e-06  3.4e-08  2.0e+04  6.2e+03
 
   itn      x(1)       norm r    norm Ar  compatible   LS      norm A   cond A
  3841  3.05958e-02  1.894e-04  1.258e-07   1.0e-06  3.4e-08  2.0e+04  6.2e+03
  3842  3.05943e-02  1.894e-04  1.258e-07   1.0e-06  3.4e-08  2.0e+04  6.2e+03
  3843  3.05943e-02  1.894e-04  1.258e-07   1.0e-06  3.4e-08  2.0e+04  8.7e+03
  3844  3.05943e-02  1.894e-04  1.258e-07   1.0e-06  3.4e-08  2.0e+04  6.2e+03
  3845  3.05931e-02  1.894e-04  1.257e-07   1.0e-06  3.4e-08  2.0e+04  6.2e+03
  3846  3.05749e-02  1.890e-04  1.256e-07   1.0e-06  3.4e-08  2.0e+04  7.1e+03
  3847  3.05747e-02  1.890e-04  1.256e-07   1.0e-06  3.4e-08  2.0e+04  6.2e+03
  3848  3.05720e-02  1.889e-04  1.255e-07   1.0e-06  3.4e-08  2.0e+04  6.2e+03
  3849  3.05718e-02  1.889e-04  1.255e-07   1.0e-06  3.4e-08  2.0e+04  6.2e+03
  3850  3.05668e-02  1.888e-04  1.255e-07   1.0e-06  3.4e-08  2.0e+04  6.2e+03
  3851  3.05647e-02  1.888e-04  1.254e-07   1.0e-06  3.4e-08  2.0e+04  6.2e+03
  3852  3.05646e-02  1.888e-04  1.254e-07   1.0e-06  3.4e-08  2.0e+04  6.2e+03
  3853  3.05646e-02  1.888e-04  1.254e-07   1.0e-06  3.4e-08  2.0e+04  6.2e+03
  3854  3.05636e-02  1.887e-04  1.254e-07   1.0e-06  3.4e-08  2.0e+04  6.2e+03
  3855  3.05224e-02  1.878e-04  1.250e-07   1.0e-06  3.4e-08  2.0e+04  6.2e+03
  3856  2.98530e-02  1.737e-04  1.176e-07   9.4e-07  3.4e-08  2.0e+04  6.2e+03
 
LSMR finished
Ax - b is small enough, given atol, btol                  
istop =       1    normr = 1.7e-04
    normA = 2.0e+04    normAr = 1.2e-07
itn   =    3856    condA = 6.2e+03
    normx = 8.7e-01
  3856  2.98530e-02   1.737e-04  1.176e-07
   9.4e-07  3.4e-08   2.0e+04  6.2e+03
loss = 3.0168497745678565e-08
