OS                           : Linux-5.14.21-150400.24.69_12.0.74-cray_shasta_c-x86_64-with-glibc2.31
Python Version               : 3.9.15
CuPy Version                 : 12.1.0
CuPy Platform                : NVIDIA CUDA
NumPy Version                : 1.23.5
SciPy Version                : 1.9.3
Cython Build Version         : 0.29.32
Cython Runtime Version       : None
CUDA Root                    : /opt/nvidia/hpc_sdk/Linux_x86_64/22.7/cuda/11.7
nvcc PATH                    : /opt/nvidia/hpc_sdk/Linux_x86_64/22.7/cuda/11.7/bin/nvcc
CUDA Build Version           : 11080
CUDA Driver Version          : 12000
CUDA Runtime Version         : 11070
cuBLAS Version               : (available)
cuFFT Version                : 10702
cuRAND Version               : 10210
cuSOLVER Version             : (11, 3, 5)
cuSPARSE Version             : (available)
NVRTC Version                : (11, 7)
Thrust Version               : 101501
CUB Build Version            : 101501
Jitify Build Version         : 4a37de0
cuDNN Build Version          : 8801
cuDNN Version                : 8302
NCCL Build Version           : 21602
NCCL Runtime Version         : 21505
cuTENSOR Version             : 10500
cuSPARSELt Build Version     : None
Device 0 Name                : NVIDIA A100-PCIE-40GB
Device 0 Compute Capability  : 80
Device 0 PCI Bus ID          : 0000:C3:00.0
None
nprime = 10
npripri = 6
Sizes of ptrain and pdot:
[(79920, 4, 4), (79920, 4, 4)]
Loss at truetheta:
12521.887419090206
len(theta) = 256
len(jac) = 1278720
 
LSMR            Least-squares solution of  Ax = b

The matrix A has 2557440 rows and 256 columns
damp = 0.00000000000000e+00

atol = 1.00e-08                 conlim = 1.00e+08

btol = 1.00e-08             maxiter =    20000

 
   itn      x(1)       norm r    norm Ar  compatible   LS      norm A   cond A
     0  0.00000e+00  1.441e+02  1.339e+04   1.0e+00  6.5e-01
     1  7.32450e-02  1.176e+02  3.974e+03   8.2e-01  2.1e-01  1.6e+02  1.0e+00
     2  1.41230e-01  1.123e+02  2.494e+03   7.8e-01  1.1e-01  2.0e+02  1.6e+00
     3  2.30522e-01  1.081e+02  1.328e+03   7.5e-01  5.0e-02  2.5e+02  1.9e+00
     4  2.51552e-01  1.066e+02  9.189e+02   7.4e-01  3.2e-02  2.7e+02  2.3e+00
     5  2.58657e-01  1.058e+02  5.517e+02   7.3e-01  1.7e-02  3.0e+02  1.9e+00
     6  2.57462e-01  1.056e+02  4.003e+02   7.3e-01  1.2e-02  3.3e+02  2.0e+00
     7  2.56336e-01  1.054e+02  3.154e+02   7.3e-01  8.5e-03  3.5e+02  2.6e+00
     8  2.58497e-01  1.052e+02  2.492e+02   7.3e-01  6.4e-03  3.7e+02  3.4e+00
     9  2.60767e-01  1.051e+02  2.076e+02   7.3e-01  5.1e-03  3.9e+02  2.6e+00
    10  2.62987e-01  1.050e+02  1.757e+02   7.3e-01  4.1e-03  4.1e+02  4.6e+00
    20  2.82775e-01  1.047e+02  2.772e+01   7.3e-01  4.9e-04  5.5e+02  4.4e+00
    30  2.91538e-01  1.046e+02  2.887e+00   7.3e-01  4.6e-05  6.0e+02  5.9e+00
    40  2.91155e-01  1.046e+02  3.257e-01   7.3e-01  4.5e-06  7.0e+02  4.5e+00
    50  2.91040e-01  1.046e+02  4.839e-02   7.3e-01  6.0e-07  7.8e+02  4.5e+00
    60  2.91027e-01  1.046e+02  9.388e-03   7.3e-01  1.1e-07  8.4e+02  6.2e+00
    70  2.91027e-01  1.046e+02  1.884e-03   7.3e-01  2.0e-08  9.0e+02  8.0e+00
    75  2.91027e-01  1.046e+02  1.057e-03   7.3e-01  1.1e-08  9.3e+02  5.2e+00
    76  2.91027e-01  1.046e+02  8.190e-04   7.3e-01  8.3e-09  9.5e+02  4.7e+00
 
LSMR finished
The least-squares solution is good enough, given atol     
istop =       2    normr = 1.0e+02
    normA = 9.5e+02    normAr = 8.2e-04
itn   =      76    condA = 4.7e+00
    normx = 1.4e+00
    76  2.91027e-01   1.046e+02  8.190e-04
   7.3e-01  8.3e-09   9.5e+02  4.7e+00
loss = 10951.277286087314
