OS                           : Linux-5.14.21-150400.24.69_12.0.74-cray_shasta_c-x86_64-with-glibc2.31
Python Version               : 3.9.15
CuPy Version                 : 12.1.0
CuPy Platform                : NVIDIA CUDA
NumPy Version                : 1.23.5
SciPy Version                : 1.9.3
Cython Build Version         : 0.29.32
Cython Runtime Version       : None
CUDA Root                    : /opt/nvidia/hpc_sdk/Linux_x86_64/22.7/cuda/11.7
nvcc PATH                    : /opt/nvidia/hpc_sdk/Linux_x86_64/22.7/cuda/11.7/bin/nvcc
CUDA Build Version           : 11080
CUDA Driver Version          : 12000
CUDA Runtime Version         : 11070
cuBLAS Version               : (available)
cuFFT Version                : 10702
cuRAND Version               : 10210
cuSOLVER Version             : (11, 3, 5)
cuSPARSE Version             : (available)
NVRTC Version                : (11, 7)
Thrust Version               : 101501
CUB Build Version            : 101501
Jitify Build Version         : 4a37de0
cuDNN Build Version          : 8801
cuDNN Version                : 8302
NCCL Build Version           : 21602
NCCL Runtime Version         : 21505
cuTENSOR Version             : 10500
cuSPARSELt Build Version     : None
Device 0 Name                : NVIDIA A100-SXM4-40GB
Device 0 Compute Capability  : 80
Device 0 PCI Bus ID          : 0000:03:00.0
None
nprime = 10
npripri = 6
./trajdata10/train_heh+_6-31g.npy
Sizes of ptrain and pdot:
[(19996, 4, 4), (19996, 4, 4)]
Loss at truetheta:
1.8144896366743374e-05
len(theta) = 256
len(jac) = 319936
 
LSMR            Least-squares solution of  Ax = b

The matrix A has 639872 rows and 256 columns
damp = 0.00000000000000e+00

atol = 1.00e-08                 conlim = 1.00e+08

btol = 1.00e-08             maxiter =    20000

 
   itn      x(1)       norm r    norm Ar  compatible   LS      norm A   cond A
     0  0.00000e+00  5.872e+01  9.275e+03   1.0e+00  2.7e+00
     1  1.17817e-04  1.567e+01  1.693e+03   2.7e-01  6.6e-01  1.6e+02  1.0e+00
     2  1.39029e-04  9.946e+00  7.876e+02   1.7e-01  3.6e-01  2.2e+02  1.2e+00
     3  2.17793e-04  3.347e+00  2.131e+02   5.7e-02  2.5e-01  2.5e+02  1.9e+00
     4  2.23458e-04  2.809e+00  1.474e+02   4.8e-02  1.9e-01  2.8e+02  1.8e+00
     5  2.36219e-04  1.595e+00  5.208e+01   2.7e-02  1.1e-01  3.1e+02  2.4e+00
     6  2.34967e-04  1.179e+00  1.356e+01   2.0e-02  3.6e-02  3.2e+02  3.3e+00
     7  2.30061e-04  1.055e+00  1.149e+01   1.8e-02  3.4e-02  3.2e+02  9.2e+00
     8  2.24372e-04  8.282e-01  7.904e+00   1.4e-02  3.0e-02  3.2e+02  7.3e+00
     9  2.17716e-04  7.290e-01  1.740e+00   1.2e-02  7.3e-03  3.3e+02  5.3e+00
    10  2.18938e-04  7.273e-01  1.458e+00   1.2e-02  6.1e-03  3.3e+02  6.3e+00
    20  1.20625e-03  1.576e-01  1.222e-01   2.7e-03  1.7e-03  4.5e+02  1.5e+02
    30  1.44417e-03  4.520e-02  2.335e-02   7.7e-04  9.4e-04  5.5e+02  9.5e+01
    40  1.45275e-03  3.077e-02  9.894e-03   5.2e-04  5.1e-04  6.3e+02  1.5e+02
    50  1.42820e-03  2.555e-02  4.501e-03   4.4e-04  2.5e-04  7.1e+02  9.5e+01
    60  1.28768e-03  1.987e-02  2.952e-03   3.4e-04  1.9e-04  7.8e+02  1.9e+02
    70  9.79898e-04  1.528e-02  1.996e-03   2.6e-04  1.6e-04  8.4e+02  4.2e+02
    80  6.41930e-04  1.249e-02  1.379e-03   2.1e-04  1.2e-04  9.0e+02  5.1e+02
    90  2.36142e-04  1.021e-02  9.261e-04   1.7e-04  9.5e-05  9.5e+02  1.9e+02
   100 -2.20052e-04  8.421e-03  6.383e-04   1.4e-04  7.6e-05  1.0e+03  1.9e+02
   110 -6.68255e-04  7.300e-03  3.516e-04   1.2e-04  4.6e-05  1.1e+03  2.1e+02
 
   itn      x(1)       norm r    norm Ar  compatible   LS      norm A   cond A
   120 -7.77167e-04  7.103e-03  3.019e-04   1.2e-04  3.9e-05  1.1e+03  8.0e+02
   130 -9.32587e-04  6.774e-03  2.660e-04   1.2e-04  3.4e-05  1.1e+03  6.5e+02
   140 -1.21109e-03  6.214e-03  2.088e-04   1.1e-04  2.8e-05  1.2e+03  4.5e+02
   150 -1.36692e-03  5.925e-03  1.763e-04   1.0e-04  2.4e-05  1.2e+03  1.1e+03
   160 -1.41136e-03  5.838e-03  1.674e-04   9.9e-05  2.3e-05  1.3e+03  4.5e+02
   170 -1.60603e-03  5.497e-03  1.212e-04   9.4e-05  1.7e-05  1.3e+03  4.7e+02
   180 -1.73238e-03  5.289e-03  8.278e-05   9.0e-05  1.2e-05  1.3e+03  4.5e+02
   190 -1.78820e-03  5.235e-03  6.117e-05   8.9e-05  8.5e-06  1.4e+03  4.5e+02
   200 -1.80140e-03  5.225e-03  5.636e-05   8.9e-05  7.6e-06  1.4e+03  4.5e+02
   210 -1.82912e-03  5.207e-03  5.076e-05   8.9e-05  6.7e-06  1.4e+03  4.5e+02
   220 -1.85423e-03  5.192e-03  4.750e-05   8.8e-05  6.2e-06  1.5e+03  5.6e+02
   230 -1.88822e-03  5.171e-03  4.610e-05   8.8e-05  5.9e-06  1.5e+03  5.2e+02
   240 -1.97553e-03  5.121e-03  4.363e-05   8.7e-05  5.5e-06  1.5e+03  5.2e+02
   250 -2.04233e-03  5.089e-03  4.268e-05   8.7e-05  5.3e-06  1.6e+03  5.2e+02
   260 -3.08943e-03  4.696e-03  3.490e-05   8.0e-05  4.6e-06  1.6e+03  5.2e+02
   270 -3.63426e-03  4.544e-03  3.010e-05   7.7e-05  4.0e-06  1.6e+03  5.2e+02
   280 -4.48474e-03  4.384e-03  2.138e-05   7.5e-05  2.9e-06  1.7e+03  5.2e+02
   290 -4.64741e-03  4.364e-03  1.927e-05   7.4e-05  2.6e-06  1.7e+03  5.2e+02
   300 -4.96397e-03  4.326e-03  1.391e-05   7.4e-05  1.9e-06  1.7e+03  8.7e+02
   310 -5.01294e-03  4.321e-03  1.286e-05   7.4e-05  1.7e-06  1.8e+03  5.2e+02
 
   itn      x(1)       norm r    norm Ar  compatible   LS      norm A   cond A
   320 -5.14204e-03  4.308e-03  9.496e-06   7.3e-05  1.2e-06  1.8e+03  2.1e+03
   330 -5.14794e-03  4.307e-03  9.390e-06   7.3e-05  1.2e-06  1.8e+03  1.6e+03
   340 -5.17540e-03  4.302e-03  8.914e-06   7.3e-05  1.1e-06  1.8e+03  5.2e+02
   350 -5.17683e-03  4.302e-03  8.905e-06   7.3e-05  1.1e-06  1.9e+03  2.8e+03
   360 -5.39414e-03  4.282e-03  7.849e-06   7.3e-05  9.7e-07  1.9e+03  5.4e+02
   370 -5.82145e-03  4.257e-03  5.200e-06   7.2e-05  6.4e-07  1.9e+03  1.5e+03
   380 -5.82371e-03  4.257e-03  5.187e-06   7.2e-05  6.3e-07  1.9e+03  7.1e+02
   390 -6.39259e-03  4.232e-03  4.389e-06   7.2e-05  5.3e-07  2.0e+03  5.9e+02
   400 -6.87710e-03  4.216e-03  3.573e-06   7.2e-05  4.2e-07  2.0e+03  1.0e+03
   410 -6.87985e-03  4.216e-03  3.570e-06   7.2e-05  4.2e-07  2.0e+03  5.9e+02
   420 -6.89025e-03  4.216e-03  3.563e-06   7.2e-05  4.1e-07  2.1e+03  7.8e+02
   430 -7.00819e-03  4.213e-03  3.492e-06   7.2e-05  4.0e-07  2.1e+03  7.8e+02
   440 -7.91629e-03  4.193e-03  2.892e-06   7.1e-05  3.3e-07  2.1e+03  7.8e+02
   450 -8.24706e-03  4.188e-03  2.639e-06   7.1e-05  3.0e-07  2.1e+03  1.3e+03
   460 -8.41023e-03  4.185e-03  2.506e-06   7.1e-05  2.8e-07  2.1e+03  7.8e+02
   470 -8.42912e-03  4.185e-03  2.491e-06   7.1e-05  2.7e-07  2.2e+03  7.8e+02
   480 -8.44496e-03  4.185e-03  2.482e-06   7.1e-05  2.7e-07  2.2e+03  7.8e+02
   490 -8.46082e-03  4.184e-03  2.474e-06   7.1e-05  2.7e-07  2.2e+03  7.8e+02
   500 -9.04814e-03  4.176e-03  2.139e-06   7.1e-05  2.3e-07  2.2e+03  7.8e+02
   510 -9.29715e-03  4.173e-03  1.980e-06   7.1e-05  2.1e-07  2.3e+03  7.8e+02
 
   itn      x(1)       norm r    norm Ar  compatible   LS      norm A   cond A
   520 -9.32230e-03  4.172e-03  1.964e-06   7.1e-05  2.1e-07  2.3e+03  1.6e+03
   530 -9.32960e-03  4.172e-03  1.959e-06   7.1e-05  2.0e-07  2.3e+03  4.4e+03
   540 -9.35865e-03  4.172e-03  1.943e-06   7.1e-05  2.0e-07  2.3e+03  9.2e+02
   550 -9.97140e-03  4.162e-03  1.562e-06   7.1e-05  1.6e-07  2.3e+03  9.2e+02
   560 -1.01262e-02  4.160e-03  1.449e-06   7.1e-05  1.5e-07  2.4e+03  9.2e+02
   570 -1.01330e-02  4.160e-03  1.443e-06   7.1e-05  1.5e-07  2.4e+03  9.2e+02
   580 -1.01363e-02  4.160e-03  1.440e-06   7.1e-05  1.4e-07  2.4e+03  5.6e+03
   590 -1.01356e-02  4.160e-03  1.439e-06   7.1e-05  1.4e-07  2.4e+03  9.5e+03
   600 -1.01097e-02  4.159e-03  1.420e-06   7.1e-05  1.4e-07  2.4e+03  9.2e+02
   610 -1.00833e-02  4.158e-03  1.401e-06   7.1e-05  1.4e-07  2.5e+03  9.2e+02
   620 -9.96310e-03  4.154e-03  1.310e-06   7.1e-05  1.3e-07  2.5e+03  9.2e+02
   630 -9.82018e-03  4.151e-03  1.194e-06   7.1e-05  1.1e-07  2.5e+03  9.3e+02
   640 -9.62196e-03  4.147e-03  1.016e-06   7.1e-05  9.7e-08  2.5e+03  9.3e+02
   650 -9.59968e-03  4.146e-03  9.945e-07   7.1e-05  9.4e-08  2.5e+03  9.3e+02
   660 -9.59888e-03  4.146e-03  9.942e-07   7.1e-05  9.3e-08  2.6e+03  9.9e+03
   670 -9.50061e-03  4.146e-03  9.763e-07   7.1e-05  9.1e-08  2.6e+03  7.8e+03
   680 -8.37130e-03  4.142e-03  7.652e-07   7.1e-05  7.1e-08  2.6e+03  9.3e+02
   690 -8.15953e-03  4.141e-03  7.188e-07   7.1e-05  6.6e-08  2.6e+03  4.9e+03
   700 -8.15463e-03  4.141e-03  7.182e-07   7.1e-05  6.6e-08  2.6e+03  3.2e+03
   710 -8.14243e-03  4.141e-03  7.169e-07   7.1e-05  6.5e-08  2.7e+03  9.3e+02
 
   itn      x(1)       norm r    norm Ar  compatible   LS      norm A   cond A
   720 -8.14171e-03  4.141e-03  7.169e-07   7.1e-05  6.5e-08  2.7e+03  5.9e+03
   730 -7.92411e-03  4.141e-03  7.116e-07   7.1e-05  6.4e-08  2.7e+03  1.2e+03
   740 -7.05533e-03  4.140e-03  6.900e-07   7.1e-05  6.1e-08  2.7e+03  1.2e+03
   750 -7.00057e-03  4.140e-03  6.886e-07   7.0e-05  6.1e-08  2.7e+03  3.9e+03
   760 -6.38164e-03  4.139e-03  6.732e-07   7.0e-05  5.9e-08  2.8e+03  1.2e+03
   770 -5.98097e-03  4.139e-03  6.631e-07   7.0e-05  5.8e-08  2.8e+03  1.2e+03
   780 -5.94699e-03  4.139e-03  6.623e-07   7.0e-05  5.7e-08  2.8e+03  1.2e+03
   790 -5.90293e-03  4.139e-03  6.613e-07   7.0e-05  5.7e-08  2.8e+03  1.1e+04
   800 -5.79608e-03  4.138e-03  6.590e-07   7.0e-05  5.6e-08  2.8e+03  2.3e+03
   810 -5.63214e-03  4.138e-03  6.555e-07   7.0e-05  5.6e-08  2.8e+03  1.9e+03
   820 -5.22379e-03  4.138e-03  6.472e-07   7.0e-05  5.5e-08  2.9e+03  1.2e+03
   830 -4.92022e-03  4.138e-03  6.411e-07   7.0e-05  5.4e-08  2.9e+03  3.1e+03
   840 -4.84159e-03  4.137e-03  6.395e-07   7.0e-05  5.3e-08  2.9e+03  9.0e+03
   850 -4.64666e-03  4.137e-03  6.356e-07   7.0e-05  5.3e-08  2.9e+03  1.2e+03
   860 -3.65676e-03  4.136e-03  6.157e-07   7.0e-05  5.1e-08  2.9e+03  1.5e+03
   870 -1.13113e-03  4.134e-03  5.617e-07   7.0e-05  4.6e-08  3.0e+03  1.2e+03
   880 -9.60075e-04  4.134e-03  5.579e-07   7.0e-05  4.5e-08  3.0e+03  3.9e+03
   890 -4.07303e-04  4.134e-03  5.456e-07   7.0e-05  4.4e-08  3.0e+03  1.2e+03
   900 -4.02846e-04  4.134e-03  5.455e-07   7.0e-05  4.4e-08  3.0e+03  1.6e+04
   910 -3.17351e-04  4.134e-03  5.441e-07   7.0e-05  4.4e-08  3.0e+03  1.2e+03
 
   itn      x(1)       norm r    norm Ar  compatible   LS      norm A   cond A
   920  5.33155e-04  4.133e-03  5.293e-07   7.0e-05  4.2e-08  3.0e+03  1.2e+03
   930  3.49891e-03  4.131e-03  4.744e-07   7.0e-05  3.8e-08  3.1e+03  1.2e+03
   940  4.12000e-03  4.131e-03  4.620e-07   7.0e-05  3.6e-08  3.1e+03  7.5e+03
   950  4.13313e-03  4.131e-03  4.618e-07   7.0e-05  3.6e-08  3.1e+03  1.2e+03
   960  4.42896e-03  4.130e-03  4.560e-07   7.0e-05  3.6e-08  3.1e+03  7.6e+03
   970  4.69171e-03  4.130e-03  4.509e-07   7.0e-05  3.5e-08  3.1e+03  1.2e+03
   980  4.80827e-03  4.130e-03  4.491e-07   7.0e-05  3.5e-08  3.1e+03  7.4e+03
   990  4.94658e-03  4.130e-03  4.470e-07   7.0e-05  3.4e-08  3.2e+03  2.6e+03
  1000  5.47081e-03  4.130e-03  4.390e-07   7.0e-05  3.4e-08  3.2e+03  1.2e+03
  1010  9.74166e-03  4.128e-03  3.672e-07   7.0e-05  2.8e-08  3.2e+03  1.2e+03
  1020  1.10658e-02  4.127e-03  3.420e-07   7.0e-05  2.6e-08  3.2e+03  1.2e+03
  1030  1.12265e-02  4.127e-03  3.388e-07   7.0e-05  2.6e-08  3.2e+03  2.7e+03
  1040  1.12294e-02  4.127e-03  3.387e-07   7.0e-05  2.5e-08  3.2e+03  1.2e+04
  1050  1.12927e-02  4.127e-03  3.377e-07   7.0e-05  2.5e-08  3.2e+03  1.2e+03
  1060  1.19820e-02  4.127e-03  3.261e-07   7.0e-05  2.4e-08  3.3e+03  1.2e+03
  1070  1.55547e-02  4.126e-03  2.580e-07   7.0e-05  1.9e-08  3.3e+03  1.2e+03
  1080  1.56863e-02  4.126e-03  2.552e-07   7.0e-05  1.9e-08  3.3e+03  1.2e+03
  1090  1.57118e-02  4.125e-03  2.546e-07   7.0e-05  1.9e-08  3.3e+03  1.2e+03
  1100  1.57474e-02  4.125e-03  2.538e-07   7.0e-05  1.8e-08  3.3e+03  1.6e+03
  1110  1.57506e-02  4.125e-03  2.538e-07   7.0e-05  1.8e-08  3.3e+03  6.0e+03
 
   itn      x(1)       norm r    norm Ar  compatible   LS      norm A   cond A
  1120  1.57693e-02  4.125e-03  2.534e-07   7.0e-05  1.8e-08  3.4e+03  1.2e+03
  1130  1.58688e-02  4.125e-03  2.515e-07   7.0e-05  1.8e-08  3.4e+03  1.2e+03
  1140  1.89825e-02  4.125e-03  1.818e-07   7.0e-05  1.3e-08  3.4e+03  1.2e+03
  1150  1.90028e-02  4.125e-03  1.813e-07   7.0e-05  1.3e-08  3.4e+03  2.5e+03
  1160  1.90173e-02  4.125e-03  1.809e-07   7.0e-05  1.3e-08  3.4e+03  1.2e+03
  1170  1.90372e-02  4.125e-03  1.804e-07   7.0e-05  1.3e-08  3.4e+03  5.1e+03
  1180  1.90413e-02  4.125e-03  1.803e-07   7.0e-05  1.3e-08  3.4e+03  1.2e+03
  1190  1.90846e-02  4.125e-03  1.793e-07   7.0e-05  1.3e-08  3.5e+03  1.2e+03
  1200  1.98125e-02  4.124e-03  1.611e-07   7.0e-05  1.1e-08  3.5e+03  1.2e+03
  1201  2.01981e-02  4.124e-03  1.506e-07   7.0e-05  1.1e-08  3.5e+03  1.2e+03
  1202  2.01983e-02  4.124e-03  1.506e-07   7.0e-05  1.1e-08  3.5e+03  1.2e+03
  1203  2.01996e-02  4.124e-03  1.505e-07   7.0e-05  1.0e-08  3.5e+03  2.2e+03
  1204  2.02029e-02  4.124e-03  1.504e-07   7.0e-05  1.0e-08  3.5e+03  1.2e+03
  1205  2.02105e-02  4.124e-03  1.502e-07   7.0e-05  1.0e-08  3.5e+03  1.2e+03
  1206  2.02131e-02  4.124e-03  1.501e-07   7.0e-05  1.0e-08  3.5e+03  1.2e+03
  1207  2.02131e-02  4.124e-03  1.501e-07   7.0e-05  1.0e-08  3.5e+03  1.2e+03
  1208  2.02132e-02  4.124e-03  1.501e-07   7.0e-05  1.0e-08  3.5e+03  1.2e+03
  1209  2.02132e-02  4.124e-03  1.501e-07   7.0e-05  1.0e-08  3.5e+03  1.7e+03
  1210  2.02162e-02  4.124e-03  1.501e-07   7.0e-05  1.0e-08  3.5e+03  1.2e+03
  1211  2.02171e-02  4.124e-03  1.500e-07   7.0e-05  1.0e-08  3.5e+03  1.2e+03
 
   itn      x(1)       norm r    norm Ar  compatible   LS      norm A   cond A
  1212  2.02172e-02  4.124e-03  1.500e-07   7.0e-05  1.0e-08  3.5e+03  2.4e+03
  1213  2.02172e-02  4.124e-03  1.500e-07   7.0e-05  1.0e-08  3.5e+03  1.2e+03
  1214  2.02173e-02  4.124e-03  1.500e-07   7.0e-05  1.0e-08  3.5e+03  1.2e+03
  1215  2.02742e-02  4.124e-03  1.484e-07   7.0e-05  1.0e-08  3.5e+03  1.4e+03
  1216  2.02811e-02  4.124e-03  1.482e-07   7.0e-05  1.0e-08  3.5e+03  1.2e+03
  1217  2.03079e-02  4.124e-03  1.474e-07   7.0e-05  1.0e-08  3.5e+03  1.2e+03
  1218  2.03088e-02  4.124e-03  1.474e-07   7.0e-05  1.0e-08  3.5e+03  1.2e+03
  1219  2.03413e-02  4.124e-03  1.465e-07   7.0e-05  1.0e-08  3.5e+03  1.4e+03
  1220  2.03970e-02  4.124e-03  1.449e-07   7.0e-05  1.0e-08  3.5e+03  1.2e+03
  1221  2.04352e-02  4.124e-03  1.437e-07   7.0e-05  9.9e-09  3.5e+03  2.7e+03
 
LSMR finished
The least-squares solution is good enough, given atol     
istop =       2    normr = 4.1e-03
    normA = 3.5e+03    normAr = 1.4e-07
itn   =    1221    condA = 2.7e+03
    normx = 8.4e-01
  1221  2.04352e-02   4.124e-03  1.437e-07
   7.0e-05  9.9e-09   3.5e+03  2.7e+03
loss = 1.7009241976950046e-05
