OS                           : Linux-5.14.21-150400.24.81_12.0.87-cray_shasta_c-x86_64-with-glibc2.31
Python Version               : 3.9.15
CuPy Version                 : 13.0.0
CuPy Platform                : NVIDIA CUDA
NumPy Version                : 1.23.5
SciPy Version                : 1.9.3
Cython Build Version         : 0.29.36
Cython Runtime Version       : None
CUDA Root                    : /opt/nvidia/hpc_sdk/Linux_x86_64/23.9/cuda/12.2
nvcc PATH                    : /opt/nvidia/hpc_sdk/Linux_x86_64/23.9/cuda/12.2/bin/nvcc
CUDA Build Version           : 12020
CUDA Driver Version          : 12020
CUDA Runtime Version         : 12020 (linked to CuPy) / 12020 (locally installed)
cuBLAS Version               : (available)
cuFFT Version                : 11008
cuRAND Version               : 10303
cuSOLVER Version             : (11, 5, 0)
cuSPARSE Version             : (available)
NVRTC Version                : (12, 2)
Thrust Version               : 200200
CUB Build Version            : 200200
Jitify Build Version         : <unknown>
cuDNN Build Version          : 8801
cuDNN Version                : 8903
NCCL Build Version           : None
NCCL Runtime Version         : None
cuTENSOR Version             : None
cuSPARSELt Build Version     : None
Device 0 Name                : NVIDIA A100-SXM4-40GB
Device 0 Compute Capability  : 80
Device 0 PCI Bus ID          : 0000:03:00.0
None
nprime = 105
npripri = 91
Sizes of ptrain and pdot:
[(80000, 14, 14), (80000, 14, 14)]
Loss at truetheta:
8.169705599022045e-16
len(theta) = 38416
len(jac) = 15680000
 
LSMR            Least-squares solution of  Ax = b

The matrix A has 31360000 rows and 38416 columns
damp = 0.00000000000000e+00

atol = 1.00e-08                 conlim = 1.00e+08

btol = 1.00e-08             maxiter =   100000

 
   itn      x(1)       norm r    norm Ar  compatible   LS      norm A   cond A
     0  0.00000e+00  4.670e+02  8.694e+04   1.0e+00  4.0e-01
     1  6.42469e-02  2.343e+02  4.081e+04   5.0e-01  8.3e-01  2.1e+02  1.0e+00
     2  1.23435e-01  1.167e+02  1.542e+04   2.5e-01  3.8e-01  3.5e+02  1.1e+00
     3  1.60108e-01  8.373e+01  7.600e+03   1.8e-01  2.2e-01  4.2e+02  1.2e+00
     4  2.05592e-01  6.323e+01  2.697e+03   1.4e-01  9.2e-02  4.6e+02  1.6e+00
     5  2.12764e-01  6.082e+01  1.689e+03   1.3e-01  5.6e-02  4.9e+02  1.5e+00
     6  2.14204e-01  6.003e+01  1.417e+03   1.3e-01  4.3e-02  5.4e+02  1.6e+00
     7  2.12952e-01  5.743e+01  1.326e+03   1.2e-01  3.9e-02  5.9e+02  6.6e+00
     8  2.11386e-01  5.462e+01  1.256e+03   1.2e-01  3.7e-02  6.2e+02  5.0e+00
     9  2.06334e-01  4.609e+01  1.034e+03   9.9e-02  3.3e-02  6.8e+02  3.6e+00
    10  2.02237e-01  3.838e+01  7.599e+02   8.2e-02  2.8e-02  7.0e+02  3.5e+00
    20  1.86793e-01  1.599e+01  2.350e+02   3.4e-02  1.5e-02  9.6e+02  5.5e+00
    30  1.79945e-01  7.997e+00  8.889e+01   1.7e-02  9.7e-03  1.1e+03  4.2e+00
    40  1.71863e-01  5.151e+00  3.305e+01   1.1e-02  4.9e-03  1.3e+03  4.6e+00
    50  1.66220e-01  4.444e+00  1.815e+01   9.5e-03  2.8e-03  1.5e+03  1.2e+01
    60  1.58874e-01  4.044e+00  1.180e+01   8.7e-03  1.9e-03  1.5e+03  1.3e+01
    70  1.50339e-01  3.767e+00  1.022e+01   8.1e-03  1.6e-03  1.7e+03  9.9e+00
    80  1.35603e-01  3.355e+00  9.111e+00   7.2e-03  1.5e-03  1.8e+03  1.3e+01
    90  1.09717e-01  2.687e+00  7.731e+00   5.8e-03  1.5e-03  1.9e+03  1.3e+01
   100  6.19278e-02  1.589e+00  5.087e+00   3.4e-03  1.6e-03  2.0e+03  1.9e+01
   110  4.12812e-02  1.187e+00  3.717e+00   2.5e-03  1.5e-03  2.1e+03  2.2e+01
 
   itn      x(1)       norm r    norm Ar  compatible   LS      norm A   cond A
   120  2.90899e-02  9.205e-01  2.904e+00   2.0e-03  1.4e-03  2.2e+03  1.3e+01
   130  1.72060e-02  6.114e-01  2.123e+00   1.3e-03  1.5e-03  2.3e+03  7.2e+00
   140  8.53910e-03  3.949e-01  1.425e+00   8.5e-04  1.5e-03  2.4e+03  1.2e+01
   150  3.82201e-03  2.948e-01  9.244e-01   6.3e-04  1.3e-03  2.4e+03  7.2e+00
   160  2.24836e-03  2.573e-01  7.318e-01   5.5e-04  1.1e-03  2.5e+03  1.4e+01
   170  1.50085e-03  2.286e-01  6.443e-01   4.9e-04  1.1e-03  2.6e+03  1.7e+01
   180  5.02279e-04  1.728e-01  5.270e-01   3.7e-04  1.1e-03  2.7e+03  7.3e+00
   190 -8.30425e-04  9.235e-02  3.306e-01   2.0e-04  1.3e-03  2.7e+03  1.2e+01
   200 -1.39815e-03  6.430e-02  2.102e-01   1.4e-04  1.2e-03  2.8e+03  1.4e+01
   210 -1.60814e-03  5.614e-02  1.564e-01   1.2e-04  9.7e-04  2.9e+03  1.5e+01
   220 -1.72283e-03  5.081e-02  1.300e-01   1.1e-04  8.7e-04  2.9e+03  2.6e+01
   230 -1.84235e-03  4.150e-02  1.096e-01   8.9e-05  8.8e-04  3.0e+03  1.5e+01
   240 -1.97382e-03  2.905e-02  8.588e-02   6.2e-05  9.7e-04  3.1e+03  2.1e+01
   250 -2.09495e-03  1.775e-02  5.774e-02   3.8e-05  1.0e-03  3.1e+03  7.6e+00
   260 -2.14428e-03  1.321e-02  4.285e-02   2.8e-05  1.0e-03  3.2e+03  1.2e+01
   270 -2.16805e-03  1.052e-02  3.519e-02   2.3e-05  1.0e-03  3.3e+03  1.4e+01
   280 -2.19409e-03  7.043e-03  2.583e-02   1.5e-05  1.1e-03  3.3e+03  8.0e+00
   290 -2.21548e-03  4.189e-03  1.475e-02   9.0e-06  1.0e-03  3.4e+03  1.5e+01
   300 -2.22054e-03  3.488e-03  9.863e-03   7.5e-06  8.3e-04  3.4e+03  7.6e+00
   310 -2.22061e-03  3.197e-03  8.113e-03   6.8e-06  7.3e-04  3.5e+03  1.8e+01
 
   itn      x(1)       norm r    norm Ar  compatible   LS      norm A   cond A
   320 -2.21936e-03  2.913e-03  7.269e-03   6.2e-06  7.1e-04  3.5e+03  2.9e+01
   330 -2.21709e-03  2.335e-03  6.257e-03   5.0e-06  7.5e-04  3.6e+03  1.3e+01
   340 -2.21415e-03  1.425e-03  4.629e-03   3.1e-06  8.9e-04  3.6e+03  1.3e+01
   350 -2.21159e-03  6.286e-04  2.482e-03   1.3e-06  1.1e-03  3.7e+03  1.8e+01
   360 -2.21088e-03  4.520e-04  1.616e-03   9.7e-07  9.5e-04  3.7e+03  7.6e+00
   370 -2.21073e-03  3.693e-04  1.247e-03   7.9e-07  8.9e-04  3.8e+03  7.6e+00
   380 -2.21094e-03  2.690e-04  8.991e-04   5.8e-07  8.7e-04  3.8e+03  7.9e+00
   390 -2.21138e-03  1.992e-04  5.988e-04   4.3e-07  7.7e-04  3.9e+03  8.5e+00
   391 -2.21139e-03  1.981e-04  5.927e-04   4.2e-07  7.7e-04  3.9e+03  1.7e+01
   392 -2.21151e-03  1.874e-04  5.328e-04   4.0e-07  7.3e-04  3.9e+03  1.3e+01
 
LSMR finished
Ax - b is small enough, given atol, btol                  
istop =       1    normr = 1.9e-04
    normA = 3.9e+03    normAr = 5.3e-04
itn   =     392    condA = 1.3e+01
    normx = 4.8e+00
   392 -2.21151e-03   1.874e-04  5.328e-04
   4.0e-07  7.3e-04   3.9e+03  1.3e+01
loss = 3.5121120940258676e-08
