OS                           : Linux-5.14.21-150400.24.69_12.0.74-cray_shasta_c-x86_64-with-glibc2.31
Python Version               : 3.9.15
CuPy Version                 : 12.1.0
CuPy Platform                : NVIDIA CUDA
NumPy Version                : 1.23.5
SciPy Version                : 1.9.3
Cython Build Version         : 0.29.32
Cython Runtime Version       : None
CUDA Root                    : /opt/nvidia/hpc_sdk/Linux_x86_64/22.7/cuda/11.7
nvcc PATH                    : /opt/nvidia/hpc_sdk/Linux_x86_64/22.7/cuda/11.7/bin/nvcc
CUDA Build Version           : 11080
CUDA Driver Version          : 12000
CUDA Runtime Version         : 11070
cuBLAS Version               : (available)
cuFFT Version                : 10702
cuRAND Version               : 10210
cuSOLVER Version             : (11, 3, 5)
cuSPARSE Version             : (available)
NVRTC Version                : (11, 7)
Thrust Version               : 101501
CUB Build Version            : 101501
Jitify Build Version         : 4a37de0
cuDNN Build Version          : 8801
cuDNN Version                : 8302
NCCL Build Version           : 21602
NCCL Runtime Version         : 21505
cuTENSOR Version             : 10500
cuSPARSELt Build Version     : None
Device 0 Name                : NVIDIA A100-SXM4-40GB
Device 0 Compute Capability  : 80
Device 0 PCI Bus ID          : 0000:03:00.0
None
nprime = 10
npripri = 6
./trajdata/train_heh+_6-31g.npy
Sizes of ptrain and pdot:
[(19996, 4, 4), (19996, 4, 4)]
Loss at truetheta:
0.1793353303231608
len(theta) = 256
len(jac) = 319936
 
LSMR            Least-squares solution of  Ax = b

The matrix A has 639872 rows and 256 columns
damp = 0.00000000000000e+00

atol = 1.00e-08                 conlim = 1.00e+08

btol = 1.00e-08             maxiter =    20000

 
   itn      x(1)       norm r    norm Ar  compatible   LS      norm A   cond A
     0  0.00000e+00  5.871e+01  9.278e+03   1.0e+00  2.7e+00
     1  1.17190e-04  1.564e+01  1.689e+03   2.7e-01  6.6e-01  1.6e+02  1.0e+00
     2  1.38552e-04  9.941e+00  7.843e+02   1.7e-01  3.6e-01  2.2e+02  1.2e+00
     3  2.17835e-04  3.391e+00  2.145e+02   5.8e-02  2.5e-01  2.5e+02  1.9e+00
     4  2.23676e-04  2.855e+00  1.480e+02   4.9e-02  1.9e-01  2.8e+02  1.8e+00
     5  2.36801e-04  1.653e+00  5.241e+01   2.8e-02  1.0e-01  3.1e+02  2.4e+00
     6  2.35779e-04  1.251e+00  1.357e+01   2.1e-02  3.4e-02  3.2e+02  3.3e+00
     7  2.31429e-04  1.135e+00  1.151e+01   1.9e-02  3.2e-02  3.2e+02  9.2e+00
     8  2.27126e-04  9.280e-01  7.968e+00   1.6e-02  2.7e-02  3.2e+02  7.4e+00
     9  2.21829e-04  8.375e-01  1.758e+00   1.4e-02  6.4e-03  3.3e+02  5.3e+00
    10  2.23317e-04  8.360e-01  1.472e+00   1.4e-02  5.4e-03  3.3e+02  6.3e+00
    20  1.33606e-03  4.381e-01  1.211e-01   7.5e-03  6.1e-04  4.5e+02  1.6e+02
    30  1.63010e-03  4.129e-01  2.497e-02   7.0e-03  1.1e-04  5.5e+02  1.3e+02
    40  1.64190e-03  4.112e-01  1.128e-02   7.0e-03  4.3e-05  6.3e+02  1.2e+02
    50  1.61018e-03  4.106e-01  6.222e-03   7.0e-03  2.1e-05  7.1e+02  1.2e+02
    60  1.50983e-03  4.099e-01  4.362e-03   7.0e-03  1.4e-05  7.8e+02  6.6e+02
    70  1.31606e-03  4.094e-01  3.458e-03   7.0e-03  1.0e-05  8.4e+02  2.1e+02
    80  1.01818e-03  4.090e-01  2.610e-03   7.0e-03  7.1e-06  9.0e+02  2.1e+02
    90  6.46513e-04  4.087e-01  1.760e-03   7.0e-03  4.5e-06  9.5e+02  2.6e+02
   100  5.00867e-04  4.086e-01  1.403e-03   7.0e-03  3.5e-06  9.9e+02  2.6e+02
   110  2.57214e-04  4.084e-01  4.634e-04   7.0e-03  1.1e-06  1.0e+03  2.6e+02
 
   itn      x(1)       norm r    norm Ar  compatible   LS      norm A   cond A
   120  2.25769e-04  4.084e-01  3.598e-04   7.0e-03  8.1e-07  1.1e+03  3.7e+02
   130  1.64280e-04  4.084e-01  2.546e-04   7.0e-03  5.5e-07  1.1e+03  3.2e+02
   140  9.14472e-05  4.084e-01  1.588e-04   7.0e-03  3.3e-07  1.2e+03  3.2e+02
   150  3.63070e-05  4.084e-01  1.307e-04   7.0e-03  2.6e-07  1.2e+03  5.8e+02
   160 -3.02694e-05  4.084e-01  1.192e-04   7.0e-03  2.3e-07  1.3e+03  1.5e+03
   170 -1.51903e-04  4.084e-01  1.082e-04   7.0e-03  2.0e-07  1.3e+03  1.1e+03
   180 -2.77518e-04  4.084e-01  1.016e-04   7.0e-03  1.9e-07  1.3e+03  4.7e+02
   190 -5.72480e-04  4.084e-01  8.943e-05   7.0e-03  1.6e-07  1.4e+03  4.7e+02
   200 -6.49947e-04  4.084e-01  8.709e-05   7.0e-03  1.5e-07  1.4e+03  4.7e+02
   210 -8.92689e-04  4.084e-01  8.316e-05   7.0e-03  1.4e-07  1.4e+03  1.9e+03
   220 -1.37602e-03  4.084e-01  7.578e-05   7.0e-03  1.3e-07  1.5e+03  4.7e+02
   230 -1.48653e-03  4.084e-01  7.420e-05   7.0e-03  1.2e-07  1.5e+03  4.7e+02
   240 -1.76850e-03  4.084e-01  7.203e-05   7.0e-03  1.1e-07  1.5e+03  4.7e+02
   250 -2.06010e-03  4.084e-01  7.016e-05   7.0e-03  1.1e-07  1.6e+03  4.7e+02
   260 -2.10835e-03  4.084e-01  6.987e-05   7.0e-03  1.1e-07  1.6e+03  4.7e+02
   270 -3.14435e-03  4.084e-01  6.510e-05   7.0e-03  9.7e-08  1.6e+03  4.7e+02
   280 -4.51027e-03  4.084e-01  5.847e-05   7.0e-03  8.6e-08  1.7e+03  4.7e+02
   290 -6.54391e-03  4.084e-01  4.696e-05   7.0e-03  6.8e-08  1.7e+03  6.6e+02
   300 -7.21957e-03  4.084e-01  4.271e-05   7.0e-03  6.0e-08  1.7e+03  4.7e+02
   310 -7.26832e-03  4.084e-01  4.253e-05   7.0e-03  5.9e-08  1.8e+03  4.7e+02
 
   itn      x(1)       norm r    norm Ar  compatible   LS      norm A   cond A
   320 -7.65491e-03  4.084e-01  4.109e-05   7.0e-03  5.6e-08  1.8e+03  1.0e+04
   330 -8.28835e-03  4.084e-01  3.928e-05   7.0e-03  5.3e-08  1.8e+03  4.7e+02
   340 -8.44484e-03  4.084e-01  3.883e-05   7.0e-03  5.2e-08  1.8e+03  4.7e+02
   350 -8.48006e-03  4.084e-01  3.873e-05   7.0e-03  5.1e-08  1.9e+03  1.7e+03
   360 -1.04360e-02  4.084e-01  3.422e-05   7.0e-03  4.4e-08  1.9e+03  4.7e+02
   370 -1.27592e-02  4.084e-01  2.793e-05   7.0e-03  3.6e-08  1.9e+03  4.7e+02
   380 -1.28333e-02  4.084e-01  2.782e-05   7.0e-03  3.5e-08  1.9e+03  4.7e+02
   390 -1.56036e-02  4.083e-01  2.379e-05   7.0e-03  3.0e-08  2.0e+03  4.7e+02
   400 -1.79328e-02  4.083e-01  1.978e-05   7.0e-03  2.4e-08  2.0e+03  4.7e+02
   410 -1.79663e-02  4.083e-01  1.976e-05   7.0e-03  2.4e-08  2.0e+03  4.7e+02
   420 -1.81909e-02  4.083e-01  1.965e-05   7.0e-03  2.4e-08  2.0e+03  4.7e+02
   430 -2.55906e-02  4.083e-01  1.568e-05   7.0e-03  1.8e-08  2.1e+03  4.7e+02
   440 -2.74245e-02  4.083e-01  1.453e-05   7.0e-03  1.7e-08  2.1e+03  4.7e+02
   450 -2.79757e-02  4.083e-01  1.417e-05   7.0e-03  1.6e-08  2.1e+03  2.9e+03
   460 -2.81522e-02  4.083e-01  1.406e-05   7.0e-03  1.6e-08  2.1e+03  4.7e+02
   470 -2.81642e-02  4.083e-01  1.406e-05   7.0e-03  1.6e-08  2.2e+03  5.7e+02
   480 -2.85191e-02  4.083e-01  1.394e-05   7.0e-03  1.6e-08  2.2e+03  8.4e+02
   490 -3.12555e-02  4.083e-01  1.306e-05   7.0e-03  1.4e-08  2.2e+03  1.2e+03
   500 -3.24297e-02  4.083e-01  1.267e-05   7.0e-03  1.4e-08  2.2e+03  8.7e+02
   510 -3.31715e-02  4.083e-01  1.241e-05   7.0e-03  1.3e-08  2.3e+03  5.3e+03
 
   itn      x(1)       norm r    norm Ar  compatible   LS      norm A   cond A
   520 -3.32086e-02  4.083e-01  1.240e-05   7.0e-03  1.3e-08  2.3e+03  2.2e+03
   530 -3.34485e-02  4.083e-01  1.235e-05   7.0e-03  1.3e-08  2.3e+03  2.3e+04
   540 -3.70729e-02  4.083e-01  1.162e-05   7.0e-03  1.2e-08  2.3e+03  2.0e+03
   550 -4.14689e-02  4.083e-01  1.067e-05   7.0e-03  1.1e-08  2.3e+03  2.0e+03
   560 -4.16371e-02  4.083e-01  1.064e-05   7.0e-03  1.1e-08  2.4e+03  2.0e+03
   563 -4.16395e-02  4.083e-01  1.064e-05   7.0e-03  1.1e-08  2.4e+03  3.5e+03
   564 -4.16395e-02  4.083e-01  1.064e-05   7.0e-03  1.1e-08  2.4e+03  8.8e+03
   565 -4.16395e-02  4.083e-01  1.064e-05   7.0e-03  1.1e-08  2.4e+03  2.0e+04
   566 -4.16405e-02  4.083e-01  1.064e-05   7.0e-03  1.1e-08  2.4e+03  5.2e+03
   567 -4.16470e-02  4.083e-01  1.064e-05   7.0e-03  1.1e-08  2.4e+03  2.1e+03
   568 -4.16473e-02  4.083e-01  1.064e-05   7.0e-03  1.1e-08  2.4e+03  2.0e+03
   569 -4.16474e-02  4.083e-01  1.064e-05   7.0e-03  1.1e-08  2.4e+03  8.4e+03
   570 -4.16781e-02  4.083e-01  1.063e-05   7.0e-03  1.1e-08  2.4e+03  2.0e+03
   571 -4.16822e-02  4.083e-01  1.063e-05   7.0e-03  1.1e-08  2.4e+03  2.0e+03
   572 -4.16825e-02  4.083e-01  1.063e-05   7.0e-03  1.1e-08  2.4e+03  2.0e+03
   573 -4.16825e-02  4.083e-01  1.063e-05   7.0e-03  1.1e-08  2.4e+03  4.5e+03
   574 -4.16886e-02  4.083e-01  1.063e-05   7.0e-03  1.1e-08  2.4e+03  6.2e+03
   575 -4.16949e-02  4.083e-01  1.063e-05   7.0e-03  1.1e-08  2.4e+03  2.0e+03
   576 -4.16951e-02  4.083e-01  1.063e-05   7.0e-03  1.1e-08  2.4e+03  2.0e+03
   577 -4.17154e-02  4.083e-01  1.062e-05   7.0e-03  1.1e-08  2.4e+03  2.0e+03
 
   itn      x(1)       norm r    norm Ar  compatible   LS      norm A   cond A
   578 -4.17156e-02  4.083e-01  1.062e-05   7.0e-03  1.1e-08  2.4e+03  2.0e+03
   579 -4.17185e-02  4.083e-01  1.062e-05   7.0e-03  1.1e-08  2.4e+03  3.2e+03
   580 -4.17233e-02  4.083e-01  1.062e-05   7.0e-03  1.1e-08  2.4e+03  2.0e+03
   581 -4.18969e-02  4.083e-01  1.059e-05   7.0e-03  1.1e-08  2.4e+03  2.0e+03
   582 -4.19960e-02  4.083e-01  1.058e-05   7.0e-03  1.1e-08  2.4e+03  2.0e+03
   583 -4.20876e-02  4.083e-01  1.056e-05   7.0e-03  1.1e-08  2.4e+03  2.0e+03
   584 -4.79607e-02  4.083e-01  9.524e-06   7.0e-03  9.7e-09  2.4e+03  2.0e+03
 
LSMR finished
The least-squares solution is good enough, given atol     
istop =       2    normr = 4.1e-01
    normA = 2.4e+03    normAr = 9.5e-06
itn   =     584    condA = 2.0e+03
    normx = 1.8e+00
   584 -4.79607e-02   4.083e-01  9.524e-06
   7.0e-03  9.7e-09   2.4e+03  2.0e+03
loss = 0.1667200912030134
