OS                           : Linux-5.14.21-150400.24.69_12.0.74-cray_shasta_c-x86_64-with-glibc2.31
Python Version               : 3.9.15
CuPy Version                 : 12.1.0
CuPy Platform                : NVIDIA CUDA
NumPy Version                : 1.23.5
SciPy Version                : 1.9.3
Cython Build Version         : 0.29.32
Cython Runtime Version       : None
CUDA Root                    : /opt/nvidia/hpc_sdk/Linux_x86_64/22.7/cuda/11.7
nvcc PATH                    : /opt/nvidia/hpc_sdk/Linux_x86_64/22.7/cuda/11.7/bin/nvcc
CUDA Build Version           : 11080
CUDA Driver Version          : 12000
CUDA Runtime Version         : 11070
cuBLAS Version               : (available)
cuFFT Version                : 10702
cuRAND Version               : 10210
cuSOLVER Version             : (11, 3, 5)
cuSPARSE Version             : (available)
NVRTC Version                : (11, 7)
Thrust Version               : 101501
CUB Build Version            : 101501
Jitify Build Version         : 4a37de0
cuDNN Build Version          : 8801
cuDNN Version                : 8302
NCCL Build Version           : 21602
NCCL Runtime Version         : 21505
cuTENSOR Version             : 10500
cuSPARSELt Build Version     : None
Device 0 Name                : NVIDIA A100-PCIE-40GB
Device 0 Compute Capability  : 80
Device 0 PCI Bus ID          : 0000:C3:00.0
None
nprime = 105
npripri = 91
Sizes of ptrain and pdot:
[(79920, 14, 14), (79920, 14, 14)]
Loss at truetheta:
1814.1682471462373
len(theta) = 38416
len(jac) = 15664320
 
LSMR            Least-squares solution of  Ax = b

The matrix A has 31328640 rows and 38416 columns
damp = 0.00000000000000e+00

atol = 1.00e-08                 conlim = 1.00e+08

btol = 1.00e-08             maxiter =    20000

 
   itn      x(1)       norm r    norm Ar  compatible   LS      norm A   cond A
     0  0.00000e+00  8.415e+01  6.035e+03   1.0e+00  8.5e-01
     1  2.95522e-02  4.722e+01  2.590e+03   5.6e-01  6.4e-01  8.5e+01  1.0e+00
     2  6.33556e-02  2.811e+01  1.033e+03   3.3e-01  3.0e-01  1.2e+02  1.3e+00
     3  7.95556e-02  2.301e+01  6.293e+02   2.7e-01  1.9e-01  1.4e+02  1.5e+00
     4  9.40000e-02  1.918e+01  4.391e+02   2.3e-01  1.4e-01  1.6e+02  2.0e+00
     5  1.04431e-01  1.621e+01  3.259e+02   1.9e-01  1.1e-01  1.8e+02  2.2e+00
     6  1.11414e-01  1.325e+01  2.338e+02   1.6e-01  9.0e-02  2.0e+02  2.5e+00
     7  1.12894e-01  1.169e+01  1.852e+02   1.4e-01  7.6e-02  2.1e+02  2.3e+00
     8  1.12730e-01  1.048e+01  1.469e+02   1.2e-01  6.2e-02  2.3e+02  2.2e+00
     9  1.11599e-01  9.322e+00  1.157e+02   1.1e-01  5.2e-02  2.4e+02  2.8e+00
    10  1.10579e-01  8.383e+00  9.371e+01   1.0e-01  4.5e-02  2.5e+02  3.1e+00
    20  1.10006e-01  3.975e+00  2.270e+01   4.7e-02  1.8e-02  3.2e+02  4.4e+00
    30  1.14912e-01  2.451e+00  1.014e+01   2.9e-02  1.1e-02  3.8e+02  5.7e+00
    40  1.19820e-01  1.666e+00  5.783e+00   2.0e-02  7.9e-03  4.4e+02  6.5e+00
    50  1.22287e-01  1.185e+00  3.446e+00   1.4e-02  5.9e-03  4.9e+02  7.1e+00
    60  1.22808e-01  8.789e-01  2.163e+00   1.0e-02  4.6e-03  5.3e+02  7.7e+00
    70  1.22635e-01  6.784e-01  1.474e+00   8.1e-03  3.8e-03  5.7e+02  8.4e+00
    80  1.22494e-01  5.356e-01  1.019e+00   6.4e-03  3.1e-03  6.1e+02  7.6e+00
    90  1.22062e-01  4.309e-01  7.162e-01   5.1e-03  2.6e-03  6.4e+02  9.9e+00
   100  1.21546e-01  3.659e-01  5.468e-01   4.3e-03  2.2e-03  6.8e+02  8.8e+00
   110  1.21062e-01  3.137e-01  4.154e-01   3.7e-03  1.9e-03  7.1e+02  1.0e+01
 
   itn      x(1)       norm r    norm Ar  compatible   LS      norm A   cond A
   120  1.20700e-01  2.785e-01  3.336e-01   3.3e-03  1.6e-03  7.4e+02  8.5e+00
   130  1.20331e-01  2.474e-01  2.703e-01   2.9e-03  1.4e-03  7.7e+02  9.0e+00
   140  1.20014e-01  2.221e-01  2.222e-01   2.6e-03  1.3e-03  8.0e+02  1.1e+01
   150  1.19771e-01  2.017e-01  1.848e-01   2.4e-03  1.1e-03  8.2e+02  1.0e+01
   160  1.19598e-01  1.855e-01  1.562e-01   2.2e-03  9.9e-04  8.5e+02  1.3e+01
   170  1.19504e-01  1.725e-01  1.343e-01   2.0e-03  8.9e-04  8.8e+02  1.1e+01
   180  1.19435e-01  1.606e-01  1.153e-01   1.9e-03  8.0e-04  9.0e+02  1.0e+01
   190  1.19418e-01  1.516e-01  1.021e-01   1.8e-03  7.3e-04  9.2e+02  1.6e+01
   200  1.19433e-01  1.439e-01  9.194e-02   1.7e-03  6.7e-04  9.5e+02  1.4e+01
   210  1.19452e-01  1.351e-01  8.145e-02   1.6e-03  6.2e-04  9.7e+02  1.7e+01
   220  1.19462e-01  1.283e-01  7.398e-02   1.5e-03  5.8e-04  1.0e+03  1.4e+01
   230  1.19480e-01  1.216e-01  6.727e-02   1.4e-03  5.4e-04  1.0e+03  1.6e+01
   240  1.19504e-01  1.147e-01  6.098e-02   1.4e-03  5.1e-04  1.0e+03  1.4e+01
   250  1.19533e-01  1.088e-01  5.612e-02   1.3e-03  4.9e-04  1.1e+03  1.8e+01
   260  1.19561e-01  1.032e-01  5.172e-02   1.2e-03  4.6e-04  1.1e+03  1.4e+01
   270  1.19584e-01  9.726e-02  4.736e-02   1.2e-03  4.4e-04  1.1e+03  1.4e+01
   280  1.19596e-01  9.185e-02  4.351e-02   1.1e-03  4.2e-04  1.1e+03  1.5e+01
   290  1.19597e-01  8.658e-02  3.971e-02   1.0e-03  4.0e-04  1.1e+03  1.5e+01
   300  1.19590e-01  8.174e-02  3.603e-02   9.7e-04  3.8e-04  1.2e+03  1.4e+01
   310  1.19586e-01  7.719e-02  3.238e-02   9.2e-04  3.6e-04  1.2e+03  1.4e+01
 
   itn      x(1)       norm r    norm Ar  compatible   LS      norm A   cond A
   320  1.19585e-01  7.391e-02  2.967e-02   8.8e-04  3.3e-04  1.2e+03  2.0e+01
   330  1.19582e-01  7.090e-02  2.714e-02   8.4e-04  3.1e-04  1.2e+03  1.5e+01
   340  1.19576e-01  6.806e-02  2.469e-02   8.1e-04  2.9e-04  1.2e+03  1.5e+01
   350  1.19569e-01  6.585e-02  2.275e-02   7.8e-04  2.8e-04  1.3e+03  1.6e+01
   360  1.19560e-01  6.408e-02  2.116e-02   7.6e-04  2.6e-04  1.3e+03  1.6e+01
   370  1.19544e-01  6.209e-02  1.935e-02   7.4e-04  2.4e-04  1.3e+03  1.7e+01
   380  1.19531e-01  6.044e-02  1.786e-02   7.2e-04  2.3e-04  1.3e+03  1.8e+01
   390  1.19522e-01  5.909e-02  1.663e-02   7.0e-04  2.1e-04  1.3e+03  2.3e+01
   400  1.19511e-01  5.764e-02  1.529e-02   6.8e-04  2.0e-04  1.3e+03  1.8e+01
   410  1.19504e-01  5.657e-02  1.427e-02   6.7e-04  1.9e-04  1.4e+03  1.6e+01
   420  1.19497e-01  5.563e-02  1.338e-02   6.6e-04  1.7e-04  1.4e+03  1.9e+01
   430  1.19488e-01  5.469e-02  1.250e-02   6.5e-04  1.6e-04  1.4e+03  1.5e+01
   440  1.19481e-01  5.388e-02  1.173e-02   6.4e-04  1.5e-04  1.4e+03  1.9e+01
   450  1.19475e-01  5.316e-02  1.106e-02   6.3e-04  1.5e-04  1.4e+03  1.6e+01
   460  1.19468e-01  5.235e-02  1.028e-02   6.2e-04  1.4e-04  1.4e+03  2.0e+01
   470  1.19462e-01  5.171e-02  9.651e-03   6.1e-04  1.3e-04  1.5e+03  2.0e+01
   480  1.19455e-01  5.114e-02  9.069e-03   6.1e-04  1.2e-04  1.5e+03  1.7e+01
   490  1.19445e-01  5.056e-02  8.458e-03   6.0e-04  1.1e-04  1.5e+03  2.0e+01
   500  1.19435e-01  5.009e-02  7.946e-03   6.0e-04  1.1e-04  1.5e+03  1.8e+01
   510  1.19423e-01  4.963e-02  7.424e-03   5.9e-04  9.9e-05  1.5e+03  1.8e+01
 
   itn      x(1)       norm r    norm Ar  compatible   LS      norm A   cond A
   520  1.19412e-01  4.926e-02  6.991e-03   5.9e-04  9.3e-05  1.5e+03  2.1e+01
   530  1.19402e-01  4.895e-02  6.623e-03   5.8e-04  8.8e-05  1.5e+03  1.7e+01
   540  1.19392e-01  4.865e-02  6.255e-03   5.8e-04  8.2e-05  1.6e+03  2.0e+01
   550  1.19384e-01  4.840e-02  5.954e-03   5.8e-04  7.8e-05  1.6e+03  2.0e+01
   560  1.19377e-01  4.817e-02  5.682e-03   5.7e-04  7.4e-05  1.6e+03  1.9e+01
   570  1.19372e-01  4.795e-02  5.426e-03   5.7e-04  7.1e-05  1.6e+03  2.5e+01
   580  1.19366e-01  4.770e-02  5.139e-03   5.7e-04  6.7e-05  1.6e+03  1.8e+01
   590  1.19361e-01  4.748e-02  4.888e-03   5.6e-04  6.3e-05  1.6e+03  2.3e+01
   600  1.19357e-01  4.730e-02  4.676e-03   5.6e-04  6.0e-05  1.6e+03  2.8e+01
   610  1.19354e-01  4.714e-02  4.497e-03   5.6e-04  5.8e-05  1.7e+03  2.0e+01
   620  1.19352e-01  4.700e-02  4.340e-03   5.6e-04  5.5e-05  1.7e+03  2.5e+01
   630  1.19351e-01  4.684e-02  4.183e-03   5.6e-04  5.3e-05  1.7e+03  3.1e+01
   640  1.19350e-01  4.668e-02  4.020e-03   5.5e-04  5.1e-05  1.7e+03  2.5e+01
   650  1.19350e-01  4.655e-02  3.893e-03   5.5e-04  4.9e-05  1.7e+03  3.0e+01
   660  1.19352e-01  4.642e-02  3.764e-03   5.5e-04  4.7e-05  1.7e+03  3.7e+01
   670  1.19353e-01  4.629e-02  3.640e-03   5.5e-04  4.5e-05  1.7e+03  3.2e+01
   680  1.19355e-01  4.617e-02  3.535e-03   5.5e-04  4.4e-05  1.7e+03  2.8e+01
   690  1.19356e-01  4.606e-02  3.444e-03   5.5e-04  4.2e-05  1.8e+03  3.4e+01
   700  1.19357e-01  4.595e-02  3.353e-03   5.5e-04  4.1e-05  1.8e+03  2.3e+01
   710  1.19359e-01  4.583e-02  3.262e-03   5.4e-04  4.0e-05  1.8e+03  3.0e+01
 
   itn      x(1)       norm r    norm Ar  compatible   LS      norm A   cond A
   720  1.19361e-01  4.573e-02  3.189e-03   5.4e-04  3.9e-05  1.8e+03  3.5e+01
   730  1.19363e-01  4.564e-02  3.126e-03   5.4e-04  3.8e-05  1.8e+03  2.8e+01
   740  1.19367e-01  4.553e-02  3.055e-03   5.4e-04  3.7e-05  1.8e+03  3.6e+01
   750  1.19369e-01  4.545e-02  3.006e-03   5.4e-04  3.6e-05  1.8e+03  2.8e+01
   760  1.19372e-01  4.536e-02  2.956e-03   5.4e-04  3.5e-05  1.8e+03  4.0e+01
   770  1.19374e-01  4.527e-02  2.909e-03   5.4e-04  3.5e-05  1.9e+03  3.9e+01
   780  1.19377e-01  4.520e-02  2.873e-03   5.4e-04  3.4e-05  1.9e+03  4.1e+01
   790  1.19380e-01  4.511e-02  2.836e-03   5.4e-04  3.3e-05  1.9e+03  4.3e+01
   800  1.19383e-01  4.502e-02  2.797e-03   5.3e-04  3.3e-05  1.9e+03  4.7e+01
   810  1.19385e-01  4.493e-02  2.762e-03   5.3e-04  3.2e-05  1.9e+03  4.1e+01
   820  1.19388e-01  4.484e-02  2.730e-03   5.3e-04  3.2e-05  1.9e+03  4.5e+01
   830  1.19391e-01  4.473e-02  2.693e-03   5.3e-04  3.1e-05  1.9e+03  4.7e+01
   840  1.19393e-01  4.464e-02  2.664e-03   5.3e-04  3.1e-05  1.9e+03  3.6e+01
   850  1.19394e-01  4.454e-02  2.636e-03   5.3e-04  3.0e-05  2.0e+03  5.2e+01
   860  1.19395e-01  4.444e-02  2.607e-03   5.3e-04  3.0e-05  2.0e+03  4.8e+01
   870  1.19396e-01  4.433e-02  2.579e-03   5.3e-04  2.9e-05  2.0e+03  4.2e+01
   880  1.19396e-01  4.421e-02  2.548e-03   5.3e-04  2.9e-05  2.0e+03  5.7e+01
   890  1.19395e-01  4.408e-02  2.515e-03   5.2e-04  2.9e-05  2.0e+03  4.5e+01
   900  1.19395e-01  4.395e-02  2.484e-03   5.2e-04  2.8e-05  2.0e+03  4.5e+01
   910  1.19394e-01  4.383e-02  2.456e-03   5.2e-04  2.8e-05  2.0e+03  5.0e+01
 
   itn      x(1)       norm r    norm Ar  compatible   LS      norm A   cond A
   920  1.19393e-01  4.371e-02  2.427e-03   5.2e-04  2.7e-05  2.0e+03  4.7e+01
   930  1.19393e-01  4.359e-02  2.402e-03   5.2e-04  2.7e-05  2.0e+03  6.4e+01
   940  1.19392e-01  4.348e-02  2.378e-03   5.2e-04  2.7e-05  2.1e+03  4.3e+01
   950  1.19392e-01  4.336e-02  2.352e-03   5.2e-04  2.6e-05  2.1e+03  4.4e+01
   960  1.19390e-01  4.322e-02  2.325e-03   5.1e-04  2.6e-05  2.1e+03  5.7e+01
   970  1.19389e-01  4.308e-02  2.296e-03   5.1e-04  2.6e-05  2.1e+03  4.4e+01
   980  1.19388e-01  4.293e-02  2.267e-03   5.1e-04  2.5e-05  2.1e+03  3.7e+01
   990  1.19386e-01  4.277e-02  2.236e-03   5.1e-04  2.5e-05  2.1e+03  4.2e+01
  1000  1.19384e-01  4.255e-02  2.190e-03   5.1e-04  2.4e-05  2.1e+03  4.7e+01
  1010  1.19381e-01  4.234e-02  2.150e-03   5.0e-04  2.4e-05  2.1e+03  2.6e+01
  1020  1.19379e-01  4.211e-02  2.101e-03   5.0e-04  2.3e-05  2.1e+03  3.6e+01
  1030  1.19376e-01  4.186e-02  2.048e-03   5.0e-04  2.3e-05  2.2e+03  2.6e+01
  1040  1.19374e-01  4.162e-02  1.991e-03   4.9e-04  2.2e-05  2.2e+03  2.1e+01
  1050  1.19371e-01  4.140e-02  1.937e-03   4.9e-04  2.2e-05  2.2e+03  2.5e+01
  1060  1.19369e-01  4.113e-02  1.866e-03   4.9e-04  2.1e-05  2.2e+03  2.8e+01
  1070  1.19367e-01  4.090e-02  1.802e-03   4.9e-04  2.0e-05  2.2e+03  2.0e+01
  1080  1.19367e-01  4.068e-02  1.733e-03   4.8e-04  1.9e-05  2.2e+03  3.0e+01
  1090  1.19367e-01  4.046e-02  1.657e-03   4.8e-04  1.9e-05  2.2e+03  2.8e+01
  1100  1.19368e-01  4.028e-02  1.588e-03   4.8e-04  1.8e-05  2.2e+03  2.5e+01
  1110  1.19369e-01  4.013e-02  1.525e-03   4.8e-04  1.7e-05  2.2e+03  2.1e+01
 
   itn      x(1)       norm r    norm Ar  compatible   LS      norm A   cond A
  1120  1.19371e-01  3.998e-02  1.457e-03   4.8e-04  1.6e-05  2.2e+03  2.0e+01
  1130  1.19373e-01  3.988e-02  1.406e-03   4.7e-04  1.6e-05  2.3e+03  1.8e+01
  1140  1.19375e-01  3.979e-02  1.352e-03   4.7e-04  1.5e-05  2.3e+03  3.6e+01
  1150  1.19376e-01  3.971e-02  1.309e-03   4.7e-04  1.4e-05  2.3e+03  2.8e+01
  1160  1.19377e-01  3.965e-02  1.270e-03   4.7e-04  1.4e-05  2.3e+03  2.6e+01
  1170  1.19378e-01  3.960e-02  1.236e-03   4.7e-04  1.4e-05  2.3e+03  2.6e+01
  1180  1.19379e-01  3.956e-02  1.204e-03   4.7e-04  1.3e-05  2.3e+03  3.5e+01
  1190  1.19380e-01  3.952e-02  1.174e-03   4.7e-04  1.3e-05  2.3e+03  3.0e+01
  1200  1.19380e-01  3.948e-02  1.148e-03   4.7e-04  1.3e-05  2.3e+03  3.1e+01
  1210  1.19381e-01  3.944e-02  1.119e-03   4.7e-04  1.2e-05  2.3e+03  3.5e+01
  1220  1.19382e-01  3.940e-02  1.087e-03   4.7e-04  1.2e-05  2.3e+03  2.9e+01
  1230  1.19382e-01  3.936e-02  1.058e-03   4.7e-04  1.1e-05  2.4e+03  3.4e+01
  1240  1.19382e-01  3.933e-02  1.027e-03   4.7e-04  1.1e-05  2.4e+03  3.1e+01
  1250  1.19383e-01  3.929e-02  9.925e-04   4.7e-04  1.1e-05  2.4e+03  2.7e+01
  1260  1.19383e-01  3.926e-02  9.626e-04   4.7e-04  1.0e-05  2.4e+03  2.4e+01
  1270  1.19383e-01  3.923e-02  9.329e-04   4.7e-04  1.0e-05  2.4e+03  2.7e+01
  1280  1.19383e-01  3.920e-02  9.059e-04   4.7e-04  9.6e-06  2.4e+03  2.5e+01
  1290  1.19383e-01  3.918e-02  8.807e-04   4.7e-04  9.3e-06  2.4e+03  3.1e+01
  1300  1.19383e-01  3.916e-02  8.593e-04   4.7e-04  9.1e-06  2.4e+03  3.0e+01
  1310  1.19383e-01  3.914e-02  8.394e-04   4.7e-04  8.8e-06  2.4e+03  2.6e+01
 
   itn      x(1)       norm r    norm Ar  compatible   LS      norm A   cond A
  1320  1.19383e-01  3.912e-02  8.189e-04   4.6e-04  8.6e-06  2.4e+03  3.3e+01
  1330  1.19383e-01  3.911e-02  8.007e-04   4.6e-04  8.4e-06  2.4e+03  3.2e+01
  1340  1.19383e-01  3.909e-02  7.810e-04   4.6e-04  8.1e-06  2.5e+03  3.1e+01
  1350  1.19383e-01  3.908e-02  7.642e-04   4.6e-04  7.9e-06  2.5e+03  3.7e+01
  1360  1.19383e-01  3.906e-02  7.490e-04   4.6e-04  7.8e-06  2.5e+03  4.2e+01
  1370  1.19384e-01  3.905e-02  7.349e-04   4.6e-04  7.6e-06  2.5e+03  3.7e+01
  1380  1.19384e-01  3.904e-02  7.204e-04   4.6e-04  7.4e-06  2.5e+03  3.0e+01
  1390  1.19384e-01  3.903e-02  7.087e-04   4.6e-04  7.3e-06  2.5e+03  3.1e+01
  1400  1.19384e-01  3.902e-02  6.971e-04   4.6e-04  7.1e-06  2.5e+03  3.9e+01
  1410  1.19385e-01  3.901e-02  6.864e-04   4.6e-04  7.0e-06  2.5e+03  2.8e+01
  1420  1.19385e-01  3.900e-02  6.768e-04   4.6e-04  6.9e-06  2.5e+03  3.7e+01
  1430  1.19385e-01  3.899e-02  6.681e-04   4.6e-04  6.8e-06  2.5e+03  4.5e+01
  1440  1.19385e-01  3.899e-02  6.603e-04   4.6e-04  6.7e-06  2.5e+03  3.3e+01
  1450  1.19385e-01  3.898e-02  6.513e-04   4.6e-04  6.5e-06  2.6e+03  5.1e+01
  1460  1.19385e-01  3.897e-02  6.442e-04   4.6e-04  6.5e-06  2.6e+03  4.9e+01
  1470  1.19385e-01  3.896e-02  6.375e-04   4.6e-04  6.4e-06  2.6e+03  4.7e+01
  1480  1.19385e-01  3.895e-02  6.301e-04   4.6e-04  6.3e-06  2.6e+03  5.5e+01
  1490  1.19384e-01  3.895e-02  6.248e-04   4.6e-04  6.2e-06  2.6e+03  5.7e+01
  1500  1.19384e-01  3.894e-02  6.196e-04   4.6e-04  6.1e-06  2.6e+03  5.2e+01
  1510  1.19384e-01  3.893e-02  6.131e-04   4.6e-04  6.0e-06  2.6e+03  5.5e+01
 
   itn      x(1)       norm r    norm Ar  compatible   LS      norm A   cond A
  1520  1.19384e-01  3.892e-02  6.074e-04   4.6e-04  6.0e-06  2.6e+03  4.2e+01
  1530  1.19384e-01  3.891e-02  6.013e-04   4.6e-04  5.9e-06  2.6e+03  4.0e+01
  1540  1.19383e-01  3.890e-02  5.950e-04   4.6e-04  5.8e-06  2.6e+03  5.5e+01
  1550  1.19383e-01  3.889e-02  5.882e-04   4.6e-04  5.7e-06  2.6e+03  5.2e+01
  1560  1.19383e-01  3.888e-02  5.805e-04   4.6e-04  5.6e-06  2.6e+03  4.3e+01
  1570  1.19383e-01  3.887e-02  5.729e-04   4.6e-04  5.5e-06  2.7e+03  5.0e+01
  1580  1.19383e-01  3.886e-02  5.663e-04   4.6e-04  5.5e-06  2.7e+03  4.7e+01
  1590  1.19383e-01  3.885e-02  5.586e-04   4.6e-04  5.4e-06  2.7e+03  4.2e+01
  1600  1.19383e-01  3.884e-02  5.524e-04   4.6e-04  5.3e-06  2.7e+03  6.0e+01
  1610  1.19383e-01  3.883e-02  5.474e-04   4.6e-04  5.2e-06  2.7e+03  4.7e+01
  1620  1.19383e-01  3.882e-02  5.419e-04   4.6e-04  5.2e-06  2.7e+03  4.7e+01
  1630  1.19383e-01  3.882e-02  5.371e-04   4.6e-04  5.1e-06  2.7e+03  5.2e+01
  1640  1.19383e-01  3.881e-02  5.326e-04   4.6e-04  5.1e-06  2.7e+03  5.2e+01
  1650  1.19383e-01  3.880e-02  5.274e-04   4.6e-04  5.0e-06  2.7e+03  5.6e+01
  1660  1.19383e-01  3.879e-02  5.230e-04   4.6e-04  4.9e-06  2.7e+03  5.7e+01
  1670  1.19383e-01  3.878e-02  5.176e-04   4.6e-04  4.9e-06  2.7e+03  4.8e+01
  1680  1.19382e-01  3.877e-02  5.117e-04   4.6e-04  4.8e-06  2.7e+03  5.2e+01
  1690  1.19382e-01  3.876e-02  5.065e-04   4.6e-04  4.7e-06  2.8e+03  3.3e+01
  1700  1.19382e-01  3.875e-02  5.008e-04   4.6e-04  4.7e-06  2.8e+03  4.0e+01
  1710  1.19382e-01  3.874e-02  4.935e-04   4.6e-04  4.6e-06  2.8e+03  5.1e+01
 
   itn      x(1)       norm r    norm Ar  compatible   LS      norm A   cond A
  1720  1.19382e-01  3.873e-02  4.863e-04   4.6e-04  4.5e-06  2.8e+03  3.9e+01
  1730  1.19382e-01  3.871e-02  4.786e-04   4.6e-04  4.4e-06  2.8e+03  3.9e+01
  1740  1.19382e-01  3.870e-02  4.702e-04   4.6e-04  4.3e-06  2.8e+03  3.8e+01
  1750  1.19382e-01  3.869e-02  4.629e-04   4.6e-04  4.3e-06  2.8e+03  4.2e+01
  1760  1.19382e-01  3.868e-02  4.566e-04   4.6e-04  4.2e-06  2.8e+03  4.4e+01
  1770  1.19382e-01  3.866e-02  4.488e-04   4.6e-04  4.1e-06  2.8e+03  4.8e+01
  1780  1.19382e-01  3.865e-02  4.417e-04   4.6e-04  4.0e-06  2.8e+03  3.4e+01
  1790  1.19382e-01  3.864e-02  4.358e-04   4.6e-04  4.0e-06  2.8e+03  5.1e+01
  1800  1.19382e-01  3.864e-02  4.294e-04   4.6e-04  3.9e-06  2.8e+03  5.0e+01
  1810  1.19382e-01  3.863e-02  4.240e-04   4.6e-04  3.8e-06  2.9e+03  3.9e+01
  1820  1.19382e-01  3.862e-02  4.199e-04   4.6e-04  3.8e-06  2.9e+03  5.0e+01
  1830  1.19382e-01  3.862e-02  4.159e-04   4.6e-04  3.8e-06  2.9e+03  6.2e+01
  1840  1.19383e-01  3.861e-02  4.122e-04   4.6e-04  3.7e-06  2.9e+03  7.2e+01
  1850  1.19383e-01  3.861e-02  4.099e-04   4.6e-04  3.7e-06  2.9e+03  6.7e+01
  1860  1.19383e-01  3.860e-02  4.075e-04   4.6e-04  3.7e-06  2.9e+03  6.0e+01
  1870  1.19383e-01  3.860e-02  4.055e-04   4.6e-04  3.6e-06  2.9e+03  6.7e+01
  1880  1.19383e-01  3.860e-02  4.039e-04   4.6e-04  3.6e-06  2.9e+03  8.5e+01
  1890  1.19383e-01  3.859e-02  4.024e-04   4.6e-04  3.6e-06  2.9e+03  5.9e+01
  1900  1.19383e-01  3.859e-02  4.007e-04   4.6e-04  3.6e-06  2.9e+03  6.9e+01
  1910  1.19383e-01  3.859e-02  3.992e-04   4.6e-04  3.5e-06  2.9e+03  7.3e+01
 
   itn      x(1)       norm r    norm Ar  compatible   LS      norm A   cond A
  1920  1.19383e-01  3.858e-02  3.975e-04   4.6e-04  3.5e-06  2.9e+03  5.6e+01
  1930  1.19383e-01  3.858e-02  3.955e-04   4.6e-04  3.5e-06  2.9e+03  7.8e+01
  1940  1.19383e-01  3.857e-02  3.931e-04   4.6e-04  3.5e-06  3.0e+03  5.9e+01
  1950  1.19383e-01  3.857e-02  3.907e-04   4.6e-04  3.4e-06  3.0e+03  4.7e+01
  1960  1.19384e-01  3.856e-02  3.876e-04   4.6e-04  3.4e-06  3.0e+03  6.4e+01
  1970  1.19384e-01  3.855e-02  3.846e-04   4.6e-04  3.4e-06  3.0e+03  4.9e+01
  1980  1.19384e-01  3.854e-02  3.813e-04   4.6e-04  3.3e-06  3.0e+03  4.8e+01
  1990  1.19384e-01  3.853e-02  3.776e-04   4.6e-04  3.3e-06  3.0e+03  5.3e+01
  2000  1.19384e-01  3.852e-02  3.741e-04   4.6e-04  3.2e-06  3.0e+03  4.5e+01
  2010  1.19384e-01  3.851e-02  3.708e-04   4.6e-04  3.2e-06  3.0e+03  4.4e+01
  2020  1.19384e-01  3.851e-02  3.672e-04   4.6e-04  3.2e-06  3.0e+03  5.6e+01
  2030  1.19384e-01  3.850e-02  3.634e-04   4.6e-04  3.1e-06  3.0e+03  3.2e+01
  2040  1.19384e-01  3.849e-02  3.593e-04   4.6e-04  3.1e-06  3.0e+03  3.5e+01
  2050  1.19384e-01  3.848e-02  3.549e-04   4.6e-04  3.0e-06  3.0e+03  3.7e+01
  2060  1.19384e-01  3.847e-02  3.505e-04   4.6e-04  3.0e-06  3.0e+03  3.7e+01
  2070  1.19384e-01  3.845e-02  3.452e-04   4.6e-04  2.9e-06  3.1e+03  3.7e+01
  2080  1.19385e-01  3.844e-02  3.397e-04   4.6e-04  2.9e-06  3.1e+03  4.4e+01
  2090  1.19385e-01  3.843e-02  3.339e-04   4.6e-04  2.8e-06  3.1e+03  3.3e+01
  2100  1.19385e-01  3.841e-02  3.265e-04   4.6e-04  2.8e-06  3.1e+03  3.7e+01
  2110  1.19385e-01  3.840e-02  3.203e-04   4.6e-04  2.7e-06  3.1e+03  3.2e+01
 
   itn      x(1)       norm r    norm Ar  compatible   LS      norm A   cond A
  2120  1.19385e-01  3.839e-02  3.134e-04   4.6e-04  2.6e-06  3.1e+03  3.2e+01
  2130  1.19384e-01  3.838e-02  3.064e-04   4.6e-04  2.6e-06  3.1e+03  3.6e+01
  2140  1.19384e-01  3.837e-02  3.006e-04   4.6e-04  2.5e-06  3.1e+03  3.5e+01
  2150  1.19384e-01  3.836e-02  2.947e-04   4.6e-04  2.5e-06  3.1e+03  3.7e+01
  2160  1.19384e-01  3.835e-02  2.887e-04   4.6e-04  2.4e-06  3.1e+03  4.3e+01
  2170  1.19384e-01  3.834e-02  2.843e-04   4.6e-04  2.4e-06  3.1e+03  3.0e+01
  2180  1.19384e-01  3.834e-02  2.802e-04   4.6e-04  2.3e-06  3.1e+03  4.1e+01
  2190  1.19384e-01  3.833e-02  2.760e-04   4.6e-04  2.3e-06  3.1e+03  5.2e+01
  2200  1.19384e-01  3.833e-02  2.730e-04   4.6e-04  2.3e-06  3.1e+03  3.3e+01
  2210  1.19384e-01  3.832e-02  2.705e-04   4.6e-04  2.2e-06  3.2e+03  4.3e+01
  2220  1.19384e-01  3.832e-02  2.677e-04   4.6e-04  2.2e-06  3.2e+03  5.9e+01
  2230  1.19384e-01  3.832e-02  2.655e-04   4.6e-04  2.2e-06  3.2e+03  5.4e+01
  2240  1.19383e-01  3.831e-02  2.632e-04   4.6e-04  2.2e-06  3.2e+03  5.1e+01
  2250  1.19383e-01  3.831e-02  2.611e-04   4.6e-04  2.1e-06  3.2e+03  5.9e+01
  2260  1.19383e-01  3.831e-02  2.591e-04   4.6e-04  2.1e-06  3.2e+03  5.0e+01
  2270  1.19383e-01  3.830e-02  2.570e-04   4.6e-04  2.1e-06  3.2e+03  4.2e+01
  2280  1.19383e-01  3.830e-02  2.548e-04   4.6e-04  2.1e-06  3.2e+03  5.8e+01
  2290  1.19383e-01  3.830e-02  2.530e-04   4.6e-04  2.1e-06  3.2e+03  4.3e+01
  2300  1.19383e-01  3.830e-02  2.512e-04   4.6e-04  2.0e-06  3.2e+03  5.7e+01
  2310  1.19383e-01  3.829e-02  2.495e-04   4.6e-04  2.0e-06  3.2e+03  5.7e+01
 
   itn      x(1)       norm r    norm Ar  compatible   LS      norm A   cond A
  2320  1.19383e-01  3.829e-02  2.478e-04   4.6e-04  2.0e-06  3.2e+03  4.2e+01
  2330  1.19383e-01  3.829e-02  2.462e-04   4.5e-04  2.0e-06  3.2e+03  7.5e+01
  2340  1.19383e-01  3.829e-02  2.445e-04   4.5e-04  2.0e-06  3.2e+03  4.0e+01
  2350  1.19383e-01  3.828e-02  2.428e-04   4.5e-04  2.0e-06  3.3e+03  5.6e+01
  2360  1.19383e-01  3.828e-02  2.410e-04   4.5e-04  1.9e-06  3.3e+03  5.3e+01
  2370  1.19383e-01  3.828e-02  2.393e-04   4.5e-04  1.9e-06  3.3e+03  5.8e+01
  2380  1.19383e-01  3.828e-02  2.377e-04   4.5e-04  1.9e-06  3.3e+03  4.6e+01
  2390  1.19383e-01  3.827e-02  2.359e-04   4.5e-04  1.9e-06  3.3e+03  5.7e+01
  2400  1.19383e-01  3.827e-02  2.346e-04   4.5e-04  1.9e-06  3.3e+03  5.7e+01
  2410  1.19383e-01  3.827e-02  2.328e-04   4.5e-04  1.8e-06  3.3e+03  4.6e+01
  2420  1.19383e-01  3.826e-02  2.308e-04   4.5e-04  1.8e-06  3.3e+03  6.2e+01
  2430  1.19383e-01  3.826e-02  2.289e-04   4.5e-04  1.8e-06  3.3e+03  5.7e+01
  2440  1.19383e-01  3.826e-02  2.265e-04   4.5e-04  1.8e-06  3.3e+03  3.7e+01
  2450  1.19383e-01  3.825e-02  2.241e-04   4.5e-04  1.8e-06  3.3e+03  3.6e+01
  2460  1.19383e-01  3.825e-02  2.219e-04   4.5e-04  1.7e-06  3.3e+03  4.5e+01
  2470  1.19383e-01  3.825e-02  2.193e-04   4.5e-04  1.7e-06  3.3e+03  4.7e+01
  2480  1.19383e-01  3.824e-02  2.170e-04   4.5e-04  1.7e-06  3.3e+03  4.8e+01
  2490  1.19383e-01  3.824e-02  2.146e-04   4.5e-04  1.7e-06  3.3e+03  4.3e+01
  2500  1.19383e-01  3.823e-02  2.125e-04   4.5e-04  1.7e-06  3.4e+03  3.8e+01
  2510  1.19383e-01  3.823e-02  2.105e-04   4.5e-04  1.6e-06  3.4e+03  3.4e+01
 
   itn      x(1)       norm r    norm Ar  compatible   LS      norm A   cond A
  2520  1.19383e-01  3.823e-02  2.085e-04   4.5e-04  1.6e-06  3.4e+03  5.3e+01
  2530  1.19383e-01  3.823e-02  2.065e-04   4.5e-04  1.6e-06  3.4e+03  4.8e+01
  2540  1.19383e-01  3.822e-02  2.047e-04   4.5e-04  1.6e-06  3.4e+03  4.4e+01
  2550  1.19383e-01  3.822e-02  2.030e-04   4.5e-04  1.6e-06  3.4e+03  5.9e+01
  2560  1.19383e-01  3.822e-02  2.015e-04   4.5e-04  1.6e-06  3.4e+03  4.1e+01
  2570  1.19383e-01  3.822e-02  2.000e-04   4.5e-04  1.5e-06  3.4e+03  6.3e+01
  2580  1.19383e-01  3.821e-02  1.987e-04   4.5e-04  1.5e-06  3.4e+03  6.6e+01
  2590  1.19383e-01  3.821e-02  1.974e-04   4.5e-04  1.5e-06  3.4e+03  4.9e+01
  2600  1.19383e-01  3.821e-02  1.963e-04   4.5e-04  1.5e-06  3.4e+03  7.2e+01
  2610  1.19383e-01  3.821e-02  1.952e-04   4.5e-04  1.5e-06  3.4e+03  6.9e+01
  2620  1.19383e-01  3.821e-02  1.940e-04   4.5e-04  1.5e-06  3.4e+03  6.4e+01
  2630  1.19383e-01  3.821e-02  1.928e-04   4.5e-04  1.5e-06  3.4e+03  6.8e+01
  2640  1.19383e-01  3.820e-02  1.912e-04   4.5e-04  1.5e-06  3.4e+03  4.3e+01
  2650  1.19383e-01  3.820e-02  1.897e-04   4.5e-04  1.4e-06  3.5e+03  6.9e+01
  2660  1.19383e-01  3.820e-02  1.882e-04   4.5e-04  1.4e-06  3.5e+03  5.9e+01
  2670  1.19383e-01  3.819e-02  1.862e-04   4.5e-04  1.4e-06  3.5e+03  5.6e+01
  2680  1.19383e-01  3.819e-02  1.842e-04   4.5e-04  1.4e-06  3.5e+03  4.0e+01
  2690  1.19383e-01  3.819e-02  1.823e-04   4.5e-04  1.4e-06  3.5e+03  4.4e+01
  2700  1.19383e-01  3.819e-02  1.806e-04   4.5e-04  1.4e-06  3.5e+03  5.4e+01
  2710  1.19383e-01  3.818e-02  1.788e-04   4.5e-04  1.3e-06  3.5e+03  5.7e+01
 
   itn      x(1)       norm r    norm Ar  compatible   LS      norm A   cond A
  2720  1.19383e-01  3.818e-02  1.771e-04   4.5e-04  1.3e-06  3.5e+03  5.6e+01
  2730  1.19383e-01  3.818e-02  1.755e-04   4.5e-04  1.3e-06  3.5e+03  5.4e+01
  2740  1.19383e-01  3.818e-02  1.741e-04   4.5e-04  1.3e-06  3.5e+03  5.3e+01
  2750  1.19383e-01  3.817e-02  1.724e-04   4.5e-04  1.3e-06  3.5e+03  5.0e+01
  2760  1.19383e-01  3.817e-02  1.709e-04   4.5e-04  1.3e-06  3.5e+03  6.1e+01
  2770  1.19383e-01  3.817e-02  1.694e-04   4.5e-04  1.3e-06  3.5e+03  4.4e+01
  2780  1.19383e-01  3.817e-02  1.676e-04   4.5e-04  1.2e-06  3.5e+03  6.1e+01
  2790  1.19383e-01  3.817e-02  1.659e-04   4.5e-04  1.2e-06  3.5e+03  4.3e+01
  2800  1.19383e-01  3.816e-02  1.643e-04   4.5e-04  1.2e-06  3.6e+03  4.4e+01
  2810  1.19383e-01  3.816e-02  1.625e-04   4.5e-04  1.2e-06  3.6e+03  4.3e+01
  2820  1.19383e-01  3.816e-02  1.610e-04   4.5e-04  1.2e-06  3.6e+03  5.0e+01
  2830  1.19383e-01  3.816e-02  1.597e-04   4.5e-04  1.2e-06  3.6e+03  5.6e+01
  2840  1.19383e-01  3.816e-02  1.582e-04   4.5e-04  1.2e-06  3.6e+03  6.8e+01
  2850  1.19383e-01  3.815e-02  1.571e-04   4.5e-04  1.1e-06  3.6e+03  6.6e+01
  2860  1.19383e-01  3.815e-02  1.561e-04   4.5e-04  1.1e-06  3.6e+03  5.6e+01
  2870  1.19383e-01  3.815e-02  1.551e-04   4.5e-04  1.1e-06  3.6e+03  6.9e+01
  2880  1.19383e-01  3.815e-02  1.542e-04   4.5e-04  1.1e-06  3.6e+03  5.8e+01
  2890  1.19383e-01  3.815e-02  1.533e-04   4.5e-04  1.1e-06  3.6e+03  5.3e+01
  2900  1.19383e-01  3.815e-02  1.522e-04   4.5e-04  1.1e-06  3.6e+03  8.1e+01
  2910  1.19383e-01  3.815e-02  1.513e-04   4.5e-04  1.1e-06  3.6e+03  6.3e+01
 
   itn      x(1)       norm r    norm Ar  compatible   LS      norm A   cond A
  2920  1.19383e-01  3.814e-02  1.505e-04   4.5e-04  1.1e-06  3.6e+03  6.3e+01
  2930  1.19383e-01  3.814e-02  1.494e-04   4.5e-04  1.1e-06  3.6e+03  5.5e+01
  2940  1.19383e-01  3.814e-02  1.485e-04   4.5e-04  1.1e-06  3.6e+03  4.7e+01
  2950  1.19383e-01  3.814e-02  1.477e-04   4.5e-04  1.1e-06  3.6e+03  5.6e+01
  2960  1.19383e-01  3.814e-02  1.466e-04   4.5e-04  1.1e-06  3.7e+03  6.6e+01
  2970  1.19383e-01  3.814e-02  1.456e-04   4.5e-04  1.0e-06  3.7e+03  5.9e+01
  2980  1.19383e-01  3.814e-02  1.446e-04   4.5e-04  1.0e-06  3.7e+03  4.9e+01
  2990  1.19383e-01  3.813e-02  1.433e-04   4.5e-04  1.0e-06  3.7e+03  4.9e+01
  3000  1.19383e-01  3.813e-02  1.420e-04   4.5e-04  1.0e-06  3.7e+03  4.2e+01
  3010  1.19383e-01  3.813e-02  1.405e-04   4.5e-04  1.0e-06  3.7e+03  5.0e+01
  3020  1.19383e-01  3.813e-02  1.390e-04   4.5e-04  9.9e-07  3.7e+03  5.2e+01
  3030  1.19383e-01  3.813e-02  1.373e-04   4.5e-04  9.7e-07  3.7e+03  4.6e+01
  3040  1.19383e-01  3.812e-02  1.356e-04   4.5e-04  9.6e-07  3.7e+03  4.3e+01
  3050  1.19383e-01  3.812e-02  1.336e-04   4.5e-04  9.5e-07  3.7e+03  4.7e+01
  3060  1.19383e-01  3.812e-02  1.312e-04   4.5e-04  9.3e-07  3.7e+03  3.5e+01
  3070  1.19383e-01  3.812e-02  1.289e-04   4.5e-04  9.1e-07  3.7e+03  4.7e+01
  3080  1.19383e-01  3.811e-02  1.268e-04   4.5e-04  8.9e-07  3.7e+03  2.7e+01
  3090  1.19383e-01  3.811e-02  1.245e-04   4.5e-04  8.8e-07  3.7e+03  4.5e+01
  3100  1.19383e-01  3.811e-02  1.228e-04   4.5e-04  8.6e-07  3.7e+03  4.5e+01
  3110  1.19383e-01  3.811e-02  1.211e-04   4.5e-04  8.5e-07  3.7e+03  3.8e+01
 
   itn      x(1)       norm r    norm Ar  compatible   LS      norm A   cond A
  3120  1.19383e-01  3.811e-02  1.196e-04   4.5e-04  8.4e-07  3.7e+03  4.3e+01
  3130  1.19383e-01  3.811e-02  1.185e-04   4.5e-04  8.3e-07  3.8e+03  4.5e+01
  3140  1.19383e-01  3.810e-02  1.174e-04   4.5e-04  8.2e-07  3.8e+03  4.6e+01
  3150  1.19383e-01  3.810e-02  1.163e-04   4.5e-04  8.1e-07  3.8e+03  5.2e+01
  3160  1.19383e-01  3.810e-02  1.153e-04   4.5e-04  8.0e-07  3.8e+03  4.4e+01
  3170  1.19383e-01  3.810e-02  1.144e-04   4.5e-04  7.9e-07  3.8e+03  4.7e+01
  3180  1.19383e-01  3.810e-02  1.134e-04   4.5e-04  7.9e-07  3.8e+03  4.9e+01
  3190  1.19383e-01  3.810e-02  1.126e-04   4.5e-04  7.8e-07  3.8e+03  6.0e+01
  3200  1.19383e-01  3.810e-02  1.117e-04   4.5e-04  7.7e-07  3.8e+03  4.8e+01
  3210  1.19383e-01  3.810e-02  1.109e-04   4.5e-04  7.7e-07  3.8e+03  5.7e+01
  3220  1.19383e-01  3.810e-02  1.101e-04   4.5e-04  7.6e-07  3.8e+03  5.8e+01
  3230  1.19383e-01  3.810e-02  1.094e-04   4.5e-04  7.5e-07  3.8e+03  7.2e+01
  3240  1.19383e-01  3.810e-02  1.087e-04   4.5e-04  7.5e-07  3.8e+03  5.5e+01
  3250  1.19383e-01  3.810e-02  1.082e-04   4.5e-04  7.4e-07  3.8e+03  5.2e+01
  3260  1.19383e-01  3.810e-02  1.076e-04   4.5e-04  7.4e-07  3.8e+03  6.9e+01
  3270  1.19383e-01  3.810e-02  1.070e-04   4.5e-04  7.3e-07  3.8e+03  5.7e+01
  3280  1.19383e-01  3.809e-02  1.065e-04   4.5e-04  7.3e-07  3.8e+03  6.7e+01
  3290  1.19383e-01  3.809e-02  1.060e-04   4.5e-04  7.2e-07  3.8e+03  9.0e+01
  3300  1.19383e-01  3.809e-02  1.055e-04   4.5e-04  7.2e-07  3.9e+03  6.8e+01
  3310  1.19383e-01  3.809e-02  1.050e-04   4.5e-04  7.1e-07  3.9e+03  7.3e+01
 
   itn      x(1)       norm r    norm Ar  compatible   LS      norm A   cond A
  3320  1.19383e-01  3.809e-02  1.045e-04   4.5e-04  7.1e-07  3.9e+03  6.4e+01
  3330  1.19383e-01  3.809e-02  1.040e-04   4.5e-04  7.1e-07  3.9e+03  6.8e+01
  3340  1.19383e-01  3.809e-02  1.035e-04   4.5e-04  7.0e-07  3.9e+03  7.5e+01
  3350  1.19383e-01  3.809e-02  1.030e-04   4.5e-04  7.0e-07  3.9e+03  8.9e+01
  3360  1.19383e-01  3.809e-02  1.024e-04   4.5e-04  6.9e-07  3.9e+03  7.7e+01
  3370  1.19383e-01  3.809e-02  1.019e-04   4.5e-04  6.9e-07  3.9e+03  5.7e+01
  3380  1.19383e-01  3.809e-02  1.015e-04   4.5e-04  6.8e-07  3.9e+03  6.1e+01
  3390  1.19383e-01  3.809e-02  1.011e-04   4.5e-04  6.8e-07  3.9e+03  8.8e+01
  3400  1.19383e-01  3.809e-02  1.007e-04   4.5e-04  6.8e-07  3.9e+03  1.1e+02
  3410  1.19383e-01  3.809e-02  1.004e-04   4.5e-04  6.7e-07  3.9e+03  7.9e+01
  3420  1.19383e-01  3.809e-02  1.001e-04   4.5e-04  6.7e-07  3.9e+03  9.2e+01
  3430  1.19383e-01  3.809e-02  9.985e-05   4.5e-04  6.7e-07  3.9e+03  1.3e+02
  3440  1.19383e-01  3.809e-02  9.960e-05   4.5e-04  6.6e-07  3.9e+03  9.1e+01
  3450  1.19383e-01  3.809e-02  9.932e-05   4.5e-04  6.6e-07  3.9e+03  9.9e+01
  3460  1.19383e-01  3.809e-02  9.902e-05   4.5e-04  6.6e-07  3.9e+03  8.7e+01
  3470  1.19383e-01  3.809e-02  9.868e-05   4.5e-04  6.6e-07  4.0e+03  6.9e+01
  3480  1.19383e-01  3.809e-02  9.829e-05   4.5e-04  6.5e-07  4.0e+03  6.2e+01
  3490  1.19383e-01  3.808e-02  9.781e-05   4.5e-04  6.5e-07  4.0e+03  6.8e+01
  3500  1.19383e-01  3.808e-02  9.723e-05   4.5e-04  6.4e-07  4.0e+03  7.6e+01
  3510  1.19383e-01  3.808e-02  9.654e-05   4.5e-04  6.4e-07  4.0e+03  6.2e+01
 
   itn      x(1)       norm r    norm Ar  compatible   LS      norm A   cond A
  3520  1.19383e-01  3.808e-02  9.553e-05   4.5e-04  6.3e-07  4.0e+03  4.3e+01
  3530  1.19383e-01  3.808e-02  9.437e-05   4.5e-04  6.2e-07  4.0e+03  4.0e+01
  3540  1.19383e-01  3.808e-02  9.323e-05   4.5e-04  6.1e-07  4.0e+03  3.3e+01
  3550  1.19383e-01  3.808e-02  9.157e-05   4.5e-04  6.0e-07  4.0e+03  4.3e+01
  3560  1.19383e-01  3.807e-02  8.975e-05   4.5e-04  5.9e-07  4.0e+03  2.9e+01
  3570  1.19383e-01  3.807e-02  8.817e-05   4.5e-04  5.8e-07  4.0e+03  3.1e+01
  3580  1.19383e-01  3.807e-02  8.640e-05   4.5e-04  5.7e-07  4.0e+03  3.1e+01
  3590  1.19383e-01  3.807e-02  8.481e-05   4.5e-04  5.5e-07  4.0e+03  3.7e+01
  3600  1.19383e-01  3.807e-02  8.352e-05   4.5e-04  5.4e-07  4.0e+03  3.3e+01
  3610  1.19383e-01  3.807e-02  8.237e-05   4.5e-04  5.4e-07  4.0e+03  4.8e+01
  3620  1.19383e-01  3.806e-02  8.142e-05   4.5e-04  5.3e-07  4.0e+03  4.3e+01
  3630  1.19383e-01  3.806e-02  8.047e-05   4.5e-04  5.2e-07  4.0e+03  6.4e+01
  3640  1.19383e-01  3.806e-02  7.963e-05   4.5e-04  5.2e-07  4.0e+03  6.2e+01
  3650  1.19383e-01  3.806e-02  7.891e-05   4.5e-04  5.1e-07  4.1e+03  5.3e+01
  3660  1.19383e-01  3.806e-02  7.816e-05   4.5e-04  5.1e-07  4.1e+03  4.3e+01
  3670  1.19383e-01  3.806e-02  7.730e-05   4.5e-04  5.0e-07  4.1e+03  3.7e+01
  3680  1.19383e-01  3.806e-02  7.638e-05   4.5e-04  4.9e-07  4.1e+03  4.4e+01
  3690  1.19383e-01  3.806e-02  7.542e-05   4.5e-04  4.9e-07  4.1e+03  4.1e+01
  3700  1.19383e-01  3.806e-02  7.429e-05   4.5e-04  4.8e-07  4.1e+03  3.6e+01
  3710  1.19383e-01  3.806e-02  7.313e-05   4.5e-04  4.7e-07  4.1e+03  4.1e+01
 
   itn      x(1)       norm r    norm Ar  compatible   LS      norm A   cond A
  3720  1.19383e-01  3.806e-02  7.176e-05   4.5e-04  4.6e-07  4.1e+03  3.8e+01
  3730  1.19383e-01  3.806e-02  7.021e-05   4.5e-04  4.5e-07  4.1e+03  2.9e+01
  3740  1.19383e-01  3.805e-02  6.879e-05   4.5e-04  4.4e-07  4.1e+03  3.8e+01
  3750  1.19383e-01  3.805e-02  6.752e-05   4.5e-04  4.3e-07  4.1e+03  3.0e+01
  3760  1.19383e-01  3.805e-02  6.613e-05   4.5e-04  4.2e-07  4.1e+03  3.6e+01
  3770  1.19383e-01  3.805e-02  6.510e-05   4.5e-04  4.2e-07  4.1e+03  4.4e+01
  3780  1.19383e-01  3.805e-02  6.436e-05   4.5e-04  4.1e-07  4.1e+03  5.4e+01
  3790  1.19383e-01  3.805e-02  6.367e-05   4.5e-04  4.1e-07  4.1e+03  7.0e+01
  3800  1.19383e-01  3.805e-02  6.326e-05   4.5e-04  4.0e-07  4.1e+03  6.5e+01
  3810  1.19383e-01  3.805e-02  6.293e-05   4.5e-04  4.0e-07  4.1e+03  5.8e+01
  3820  1.19383e-01  3.805e-02  6.265e-05   4.5e-04  4.0e-07  4.1e+03  1.0e+02
  3830  1.19383e-01  3.805e-02  6.245e-05   4.5e-04  4.0e-07  4.2e+03  8.1e+01
  3840  1.19383e-01  3.805e-02  6.229e-05   4.5e-04  3.9e-07  4.2e+03  9.8e+01
  3850  1.19383e-01  3.805e-02  6.216e-05   4.5e-04  3.9e-07  4.2e+03  8.4e+01
  3860  1.19383e-01  3.805e-02  6.204e-05   4.5e-04  3.9e-07  4.2e+03  1.2e+02
  3870  1.19383e-01  3.805e-02  6.192e-05   4.5e-04  3.9e-07  4.2e+03  1.0e+02
  3880  1.19383e-01  3.805e-02  6.182e-05   4.5e-04  3.9e-07  4.2e+03  1.1e+02
  3890  1.19383e-01  3.805e-02  6.171e-05   4.5e-04  3.9e-07  4.2e+03  1.2e+02
  3900  1.19383e-01  3.805e-02  6.160e-05   4.5e-04  3.9e-07  4.2e+03  8.1e+01
  3910  1.19383e-01  3.805e-02  6.147e-05   4.5e-04  3.8e-07  4.2e+03  9.5e+01
 
   itn      x(1)       norm r    norm Ar  compatible   LS      norm A   cond A
  3920  1.19383e-01  3.805e-02  6.130e-05   4.5e-04  3.8e-07  4.2e+03  1.1e+02
  3930  1.19383e-01  3.805e-02  6.112e-05   4.5e-04  3.8e-07  4.2e+03  7.4e+01
  3940  1.19383e-01  3.805e-02  6.087e-05   4.5e-04  3.8e-07  4.2e+03  7.9e+01
  3950  1.19383e-01  3.805e-02  6.052e-05   4.5e-04  3.8e-07  4.2e+03  6.5e+01
  3960  1.19383e-01  3.805e-02  6.011e-05   4.5e-04  3.7e-07  4.2e+03  6.1e+01
  3970  1.19383e-01  3.805e-02  5.958e-05   4.5e-04  3.7e-07  4.2e+03  5.5e+01
  3980  1.19383e-01  3.805e-02  5.897e-05   4.5e-04  3.7e-07  4.2e+03  4.1e+01
  3990  1.19383e-01  3.805e-02  5.823e-05   4.5e-04  3.6e-07  4.2e+03  3.8e+01
  4000  1.19383e-01  3.805e-02  5.737e-05   4.5e-04  3.6e-07  4.2e+03  4.3e+01
  4010  1.19383e-01  3.805e-02  5.652e-05   4.5e-04  3.5e-07  4.3e+03  3.9e+01
  4020  1.19383e-01  3.804e-02  5.570e-05   4.5e-04  3.4e-07  4.3e+03  3.8e+01
  4030  1.19383e-01  3.804e-02  5.489e-05   4.5e-04  3.4e-07  4.3e+03  4.7e+01
  4040  1.19383e-01  3.804e-02  5.411e-05   4.5e-04  3.3e-07  4.3e+03  4.2e+01
  4050  1.19383e-01  3.804e-02  5.342e-05   4.5e-04  3.3e-07  4.3e+03  3.5e+01
  4060  1.19383e-01  3.804e-02  5.273e-05   4.5e-04  3.2e-07  4.3e+03  3.8e+01
  4070  1.19383e-01  3.804e-02  5.199e-05   4.5e-04  3.2e-07  4.3e+03  4.5e+01
  4080  1.19383e-01  3.804e-02  5.150e-05   4.5e-04  3.2e-07  4.3e+03  5.1e+01
  4090  1.19383e-01  3.804e-02  5.097e-05   4.5e-04  3.1e-07  4.3e+03  3.6e+01
  4100  1.19383e-01  3.804e-02  5.054e-05   4.5e-04  3.1e-07  4.3e+03  4.4e+01
  4110  1.19383e-01  3.804e-02  5.021e-05   4.5e-04  3.1e-07  4.3e+03  6.5e+01
 
   itn      x(1)       norm r    norm Ar  compatible   LS      norm A   cond A
  4120  1.19383e-01  3.804e-02  4.993e-05   4.5e-04  3.0e-07  4.3e+03  5.7e+01
  4130  1.19383e-01  3.804e-02  4.966e-05   4.5e-04  3.0e-07  4.3e+03  7.6e+01
  4140  1.19383e-01  3.804e-02  4.942e-05   4.5e-04  3.0e-07  4.3e+03  7.1e+01
  4150  1.19383e-01  3.804e-02  4.913e-05   4.5e-04  3.0e-07  4.3e+03  9.9e+01
  4160  1.19383e-01  3.804e-02  4.889e-05   4.5e-04  3.0e-07  4.3e+03  7.3e+01
  4170  1.19383e-01  3.804e-02  4.862e-05   4.5e-04  2.9e-07  4.3e+03  7.1e+01
  4180  1.19383e-01  3.804e-02  4.836e-05   4.5e-04  2.9e-07  4.3e+03  8.3e+01
  4190  1.19383e-01  3.804e-02  4.811e-05   4.5e-04  2.9e-07  4.3e+03  5.4e+01
  4200  1.19383e-01  3.804e-02  4.786e-05   4.5e-04  2.9e-07  4.3e+03  9.2e+01
  4210  1.19383e-01  3.804e-02  4.763e-05   4.5e-04  2.9e-07  4.4e+03  8.3e+01
  4220  1.19383e-01  3.804e-02  4.740e-05   4.5e-04  2.9e-07  4.4e+03  5.4e+01
  4230  1.19383e-01  3.804e-02  4.718e-05   4.5e-04  2.8e-07  4.4e+03  6.2e+01
  4240  1.19383e-01  3.804e-02  4.696e-05   4.5e-04  2.8e-07  4.4e+03  6.3e+01
  4250  1.19383e-01  3.804e-02  4.674e-05   4.5e-04  2.8e-07  4.4e+03  6.9e+01
  4260  1.19383e-01  3.804e-02  4.652e-05   4.5e-04  2.8e-07  4.4e+03  8.3e+01
  4270  1.19383e-01  3.804e-02  4.627e-05   4.5e-04  2.8e-07  4.4e+03  6.7e+01
  4280  1.19383e-01  3.804e-02  4.602e-05   4.5e-04  2.8e-07  4.4e+03  8.5e+01
  4290  1.19383e-01  3.804e-02  4.576e-05   4.5e-04  2.7e-07  4.4e+03  7.3e+01
  4300  1.19383e-01  3.804e-02  4.549e-05   4.5e-04  2.7e-07  4.4e+03  5.6e+01
  4310  1.19383e-01  3.804e-02  4.529e-05   4.5e-04  2.7e-07  4.4e+03  6.9e+01
 
   itn      x(1)       norm r    norm Ar  compatible   LS      norm A   cond A
  4320  1.19383e-01  3.804e-02  4.509e-05   4.5e-04  2.7e-07  4.4e+03  6.4e+01
  4330  1.19383e-01  3.804e-02  4.488e-05   4.5e-04  2.7e-07  4.4e+03  5.3e+01
  4340  1.19383e-01  3.804e-02  4.469e-05   4.5e-04  2.7e-07  4.4e+03  8.9e+01
  4350  1.19383e-01  3.804e-02  4.454e-05   4.5e-04  2.6e-07  4.4e+03  8.3e+01
  4360  1.19383e-01  3.804e-02  4.441e-05   4.5e-04  2.6e-07  4.4e+03  7.4e+01
  4370  1.19383e-01  3.804e-02  4.428e-05   4.5e-04  2.6e-07  4.4e+03  7.8e+01
  4380  1.19383e-01  3.804e-02  4.414e-05   4.5e-04  2.6e-07  4.4e+03  1.0e+02
  4390  1.19383e-01  3.804e-02  4.402e-05   4.5e-04  2.6e-07  4.4e+03  9.0e+01
  4400  1.19383e-01  3.804e-02  4.391e-05   4.5e-04  2.6e-07  4.5e+03  9.4e+01
  4410  1.19383e-01  3.804e-02  4.379e-05   4.5e-04  2.6e-07  4.5e+03  8.8e+01
  4420  1.19383e-01  3.804e-02  4.368e-05   4.5e-04  2.6e-07  4.5e+03  1.0e+02
  4430  1.19383e-01  3.804e-02  4.354e-05   4.5e-04  2.6e-07  4.5e+03  7.6e+01
  4440  1.19383e-01  3.804e-02  4.338e-05   4.5e-04  2.6e-07  4.5e+03  6.2e+01
  4450  1.19383e-01  3.804e-02  4.319e-05   4.5e-04  2.5e-07  4.5e+03  6.0e+01
  4460  1.19383e-01  3.804e-02  4.296e-05   4.5e-04  2.5e-07  4.5e+03  4.1e+01
  4470  1.19383e-01  3.804e-02  4.268e-05   4.5e-04  2.5e-07  4.5e+03  7.0e+01
  4480  1.19383e-01  3.803e-02  4.234e-05   4.5e-04  2.5e-07  4.5e+03  5.5e+01
  4490  1.19383e-01  3.803e-02  4.190e-05   4.5e-04  2.4e-07  4.5e+03  4.2e+01
  4500  1.19383e-01  3.803e-02  4.140e-05   4.5e-04  2.4e-07  4.5e+03  4.8e+01
  4510  1.19383e-01  3.803e-02  4.073e-05   4.5e-04  2.4e-07  4.5e+03  3.9e+01
 
   itn      x(1)       norm r    norm Ar  compatible   LS      norm A   cond A
  4520  1.19383e-01  3.803e-02  4.008e-05   4.5e-04  2.3e-07  4.5e+03  3.9e+01
  4530  1.19383e-01  3.803e-02  3.922e-05   4.5e-04  2.3e-07  4.5e+03  3.5e+01
  4540  1.19383e-01  3.803e-02  3.825e-05   4.5e-04  2.2e-07  4.5e+03  2.7e+01
  4550  1.19383e-01  3.803e-02  3.723e-05   4.5e-04  2.2e-07  4.5e+03  2.2e+01
  4560  1.19383e-01  3.803e-02  3.618e-05   4.5e-04  2.1e-07  4.5e+03  2.5e+01
  4570  1.19383e-01  3.803e-02  3.511e-05   4.5e-04  2.0e-07  4.5e+03  2.5e+01
  4580  1.19383e-01  3.803e-02  3.435e-05   4.5e-04  2.0e-07  4.5e+03  3.6e+01
  4590  1.19383e-01  3.803e-02  3.372e-05   4.5e-04  1.9e-07  4.5e+03  3.9e+01
  4600  1.19383e-01  3.803e-02  3.326e-05   4.5e-04  1.9e-07  4.6e+03  5.3e+01
  4610  1.19383e-01  3.803e-02  3.296e-05   4.5e-04  1.9e-07  4.6e+03  4.2e+01
  4620  1.19383e-01  3.803e-02  3.277e-05   4.5e-04  1.9e-07  4.6e+03  6.3e+01
  4630  1.19383e-01  3.803e-02  3.261e-05   4.5e-04  1.9e-07  4.6e+03  9.3e+01
  4640  1.19383e-01  3.803e-02  3.249e-05   4.5e-04  1.9e-07  4.6e+03  8.5e+01
  4650  1.19383e-01  3.803e-02  3.241e-05   4.5e-04  1.9e-07  4.6e+03  9.8e+01
  4660  1.19383e-01  3.803e-02  3.234e-05   4.5e-04  1.9e-07  4.6e+03  1.4e+02
  4670  1.19383e-01  3.803e-02  3.228e-05   4.5e-04  1.9e-07  4.6e+03  1.0e+02
  4680  1.19383e-01  3.803e-02  3.224e-05   4.5e-04  1.8e-07  4.6e+03  1.1e+02
  4690  1.19383e-01  3.803e-02  3.219e-05   4.5e-04  1.8e-07  4.6e+03  1.0e+02
  4700  1.19383e-01  3.803e-02  3.213e-05   4.5e-04  1.8e-07  4.6e+03  9.9e+01
  4710  1.19383e-01  3.803e-02  3.206e-05   4.5e-04  1.8e-07  4.6e+03  7.9e+01
 
   itn      x(1)       norm r    norm Ar  compatible   LS      norm A   cond A
  4720  1.19383e-01  3.803e-02  3.198e-05   4.5e-04  1.8e-07  4.6e+03  1.1e+02
  4730  1.19383e-01  3.803e-02  3.186e-05   4.5e-04  1.8e-07  4.6e+03  8.7e+01
  4740  1.19383e-01  3.803e-02  3.171e-05   4.5e-04  1.8e-07  4.6e+03  6.1e+01
  4750  1.19383e-01  3.803e-02  3.151e-05   4.5e-04  1.8e-07  4.6e+03  4.8e+01
  4760  1.19383e-01  3.803e-02  3.126e-05   4.5e-04  1.8e-07  4.6e+03  6.1e+01
  4770  1.19383e-01  3.803e-02  3.095e-05   4.5e-04  1.8e-07  4.6e+03  4.6e+01
  4780  1.19383e-01  3.803e-02  3.056e-05   4.5e-04  1.7e-07  4.6e+03  4.0e+01
  4790  1.19383e-01  3.803e-02  3.013e-05   4.5e-04  1.7e-07  4.6e+03  3.5e+01
  4800  1.19383e-01  3.803e-02  2.969e-05   4.5e-04  1.7e-07  4.6e+03  3.7e+01
  4810  1.19383e-01  3.803e-02  2.928e-05   4.5e-04  1.7e-07  4.7e+03  3.6e+01
  4820  1.19383e-01  3.803e-02  2.894e-05   4.5e-04  1.6e-07  4.7e+03  3.7e+01
  4830  1.19383e-01  3.803e-02  2.854e-05   4.5e-04  1.6e-07  4.7e+03  4.9e+01
  4840  1.19383e-01  3.803e-02  2.819e-05   4.5e-04  1.6e-07  4.7e+03  4.4e+01
  4850  1.19383e-01  3.803e-02  2.785e-05   4.5e-04  1.6e-07  4.7e+03  4.2e+01
  4860  1.19383e-01  3.803e-02  2.741e-05   4.5e-04  1.5e-07  4.7e+03  3.8e+01
  4870  1.19383e-01  3.803e-02  2.700e-05   4.5e-04  1.5e-07  4.7e+03  3.9e+01
  4880  1.19383e-01  3.803e-02  2.659e-05   4.5e-04  1.5e-07  4.7e+03  3.3e+01
  4890  1.19383e-01  3.803e-02  2.612e-05   4.5e-04  1.5e-07  4.7e+03  3.1e+01
  4900  1.19383e-01  3.803e-02  2.565e-05   4.5e-04  1.4e-07  4.7e+03  4.4e+01
  4910  1.19383e-01  3.803e-02  2.524e-05   4.5e-04  1.4e-07  4.7e+03  3.6e+01
 
   itn      x(1)       norm r    norm Ar  compatible   LS      norm A   cond A
  4920  1.19383e-01  3.803e-02  2.486e-05   4.5e-04  1.4e-07  4.7e+03  4.3e+01
  4930  1.19383e-01  3.802e-02  2.453e-05   4.5e-04  1.4e-07  4.7e+03  5.4e+01
  4940  1.19383e-01  3.802e-02  2.428e-05   4.5e-04  1.4e-07  4.7e+03  3.6e+01
  4950  1.19383e-01  3.802e-02  2.409e-05   4.5e-04  1.3e-07  4.7e+03  4.9e+01
  4960  1.19383e-01  3.802e-02  2.394e-05   4.5e-04  1.3e-07  4.7e+03  6.6e+01
  4970  1.19383e-01  3.802e-02  2.386e-05   4.5e-04  1.3e-07  4.7e+03  5.6e+01
  4980  1.19383e-01  3.802e-02  2.378e-05   4.5e-04  1.3e-07  4.7e+03  8.7e+01
  4990  1.19383e-01  3.802e-02  2.373e-05   4.5e-04  1.3e-07  4.7e+03  8.6e+01
  5000  1.19383e-01  3.802e-02  2.369e-05   4.5e-04  1.3e-07  4.7e+03  9.7e+01
  5010  1.19383e-01  3.802e-02  2.366e-05   4.5e-04  1.3e-07  4.8e+03  1.2e+02
  5020  1.19383e-01  3.802e-02  2.362e-05   4.5e-04  1.3e-07  4.8e+03  1.4e+02
  5030  1.19383e-01  3.802e-02  2.358e-05   4.5e-04  1.3e-07  4.8e+03  1.1e+02
  5040  1.19383e-01  3.802e-02  2.355e-05   4.5e-04  1.3e-07  4.8e+03  1.0e+02
  5050  1.19383e-01  3.802e-02  2.350e-05   4.5e-04  1.3e-07  4.8e+03  9.1e+01
  5060  1.19383e-01  3.802e-02  2.344e-05   4.5e-04  1.3e-07  4.8e+03  9.6e+01
  5070  1.19383e-01  3.802e-02  2.337e-05   4.5e-04  1.3e-07  4.8e+03  8.4e+01
  5080  1.19383e-01  3.802e-02  2.326e-05   4.5e-04  1.3e-07  4.8e+03  8.2e+01
  5090  1.19383e-01  3.802e-02  2.311e-05   4.5e-04  1.3e-07  4.8e+03  6.4e+01
  5100  1.19383e-01  3.802e-02  2.294e-05   4.5e-04  1.3e-07  4.8e+03  6.7e+01
  5110  1.19383e-01  3.802e-02  2.270e-05   4.5e-04  1.2e-07  4.8e+03  4.9e+01
 
   itn      x(1)       norm r    norm Ar  compatible   LS      norm A   cond A
  5120  1.19383e-01  3.802e-02  2.236e-05   4.5e-04  1.2e-07  4.8e+03  3.3e+01
  5130  1.19383e-01  3.802e-02  2.198e-05   4.5e-04  1.2e-07  4.8e+03  2.8e+01
  5140  1.19383e-01  3.802e-02  2.158e-05   4.5e-04  1.2e-07  4.8e+03  3.7e+01
  5150  1.19383e-01  3.802e-02  2.098e-05   4.5e-04  1.1e-07  4.8e+03  3.2e+01
  5160  1.19383e-01  3.802e-02  2.027e-05   4.5e-04  1.1e-07  4.8e+03  2.8e+01
  5170  1.19383e-01  3.802e-02  1.963e-05   4.5e-04  1.1e-07  4.8e+03  2.7e+01
  5180  1.19383e-01  3.802e-02  1.896e-05   4.5e-04  1.0e-07  4.8e+03  3.0e+01
  5190  1.19383e-01  3.802e-02  1.834e-05   4.5e-04  1.0e-07  4.8e+03  3.0e+01
  5200  1.19383e-01  3.802e-02  1.780e-05   4.5e-04  9.7e-08  4.8e+03  2.7e+01
  5210  1.19383e-01  3.802e-02  1.738e-05   4.5e-04  9.4e-08  4.8e+03  3.2e+01
  5220  1.19383e-01  3.802e-02  1.700e-05   4.5e-04  9.2e-08  4.8e+03  3.4e+01
  5230  1.19383e-01  3.802e-02  1.669e-05   4.5e-04  9.0e-08  4.9e+03  3.7e+01
  5240  1.19383e-01  3.802e-02  1.648e-05   4.5e-04  8.9e-08  4.9e+03  5.1e+01
  5250  1.19383e-01  3.802e-02  1.632e-05   4.5e-04  8.8e-08  4.9e+03  5.7e+01
  5260  1.19383e-01  3.802e-02  1.620e-05   4.5e-04  8.8e-08  4.9e+03  7.5e+01
  5270  1.19383e-01  3.802e-02  1.613e-05   4.5e-04  8.7e-08  4.9e+03  7.0e+01
  5280  1.19383e-01  3.802e-02  1.608e-05   4.5e-04  8.7e-08  4.9e+03  1.2e+02
  5290  1.19383e-01  3.802e-02  1.605e-05   4.5e-04  8.6e-08  4.9e+03  1.1e+02
  5300  1.19383e-01  3.802e-02  1.603e-05   4.5e-04  8.6e-08  4.9e+03  1.4e+02
  5310  1.19383e-01  3.802e-02  1.601e-05   4.5e-04  8.6e-08  4.9e+03  1.6e+02
 
   itn      x(1)       norm r    norm Ar  compatible   LS      norm A   cond A
  5320  1.19383e-01  3.802e-02  1.600e-05   4.5e-04  8.6e-08  4.9e+03  1.5e+02
  5330  1.19383e-01  3.802e-02  1.599e-05   4.5e-04  8.6e-08  4.9e+03  1.5e+02
  5340  1.19383e-01  3.802e-02  1.597e-05   4.5e-04  8.6e-08  4.9e+03  2.0e+02
  5350  1.19383e-01  3.802e-02  1.596e-05   4.5e-04  8.6e-08  4.9e+03  1.4e+02
  5360  1.19383e-01  3.802e-02  1.595e-05   4.5e-04  8.5e-08  4.9e+03  1.4e+02
  5370  1.19383e-01  3.802e-02  1.592e-05   4.5e-04  8.5e-08  4.9e+03  1.2e+02
  5380  1.19383e-01  3.802e-02  1.589e-05   4.5e-04  8.5e-08  4.9e+03  1.0e+02
  5390  1.19383e-01  3.802e-02  1.584e-05   4.5e-04  8.5e-08  4.9e+03  7.1e+01
  5400  1.19383e-01  3.802e-02  1.577e-05   4.5e-04  8.4e-08  4.9e+03  8.0e+01
  5410  1.19383e-01  3.802e-02  1.566e-05   4.5e-04  8.3e-08  4.9e+03  5.9e+01
  5420  1.19383e-01  3.802e-02  1.551e-05   4.5e-04  8.3e-08  4.9e+03  4.6e+01
  5430  1.19383e-01  3.802e-02  1.534e-05   4.5e-04  8.2e-08  4.9e+03  4.1e+01
  5440  1.19383e-01  3.802e-02  1.507e-05   4.5e-04  8.0e-08  5.0e+03  2.8e+01
  5450  1.19383e-01  3.802e-02  1.466e-05   4.5e-04  7.8e-08  5.0e+03  3.5e+01
  5460  1.19383e-01  3.802e-02  1.431e-05   4.5e-04  7.6e-08  5.0e+03  2.1e+01
  5470  1.19383e-01  3.802e-02  1.389e-05   4.5e-04  7.4e-08  5.0e+03  2.2e+01
  5480  1.19383e-01  3.802e-02  1.341e-05   4.5e-04  7.1e-08  5.0e+03  3.1e+01
  5490  1.19383e-01  3.802e-02  1.299e-05   4.5e-04  6.9e-08  5.0e+03  4.1e+01
  5500  1.19383e-01  3.802e-02  1.261e-05   4.5e-04  6.7e-08  5.0e+03  3.2e+01
  5510  1.19383e-01  3.802e-02  1.227e-05   4.5e-04  6.5e-08  5.0e+03  3.6e+01
 
   itn      x(1)       norm r    norm Ar  compatible   LS      norm A   cond A
  5520  1.19383e-01  3.802e-02  1.200e-05   4.5e-04  6.3e-08  5.0e+03  2.9e+01
  5530  1.19383e-01  3.802e-02  1.178e-05   4.5e-04  6.2e-08  5.0e+03  2.8e+01
  5540  1.19383e-01  3.802e-02  1.156e-05   4.5e-04  6.1e-08  5.0e+03  4.4e+01
  5550  1.19383e-01  3.802e-02  1.140e-05   4.5e-04  6.0e-08  5.0e+03  4.9e+01
  5560  1.19383e-01  3.802e-02  1.127e-05   4.5e-04  5.9e-08  5.0e+03  5.5e+01
  5570  1.19383e-01  3.802e-02  1.116e-05   4.5e-04  5.9e-08  5.0e+03  5.6e+01
  5580  1.19383e-01  3.802e-02  1.109e-05   4.5e-04  5.8e-08  5.0e+03  6.6e+01
  5590  1.19383e-01  3.802e-02  1.104e-05   4.5e-04  5.8e-08  5.0e+03  8.4e+01
  5600  1.19383e-01  3.802e-02  1.101e-05   4.5e-04  5.8e-08  5.0e+03  1.0e+02
  5610  1.19383e-01  3.802e-02  1.098e-05   4.5e-04  5.7e-08  5.0e+03  1.4e+02
  5620  1.19383e-01  3.802e-02  1.096e-05   4.5e-04  5.7e-08  5.0e+03  1.6e+02
  5630  1.19383e-01  3.802e-02  1.095e-05   4.5e-04  5.7e-08  5.0e+03  1.7e+02
  5640  1.19383e-01  3.802e-02  1.094e-05   4.5e-04  5.7e-08  5.0e+03  2.1e+02
  5650  1.19383e-01  3.802e-02  1.093e-05   4.5e-04  5.7e-08  5.0e+03  2.1e+02
  5660  1.19383e-01  3.802e-02  1.092e-05   4.5e-04  5.7e-08  5.0e+03  1.9e+02
  5670  1.19383e-01  3.802e-02  1.092e-05   4.5e-04  5.7e-08  5.1e+03  2.3e+02
  5680  1.19383e-01  3.802e-02  1.091e-05   4.5e-04  5.7e-08  5.1e+03  2.6e+02
  5690  1.19383e-01  3.802e-02  1.090e-05   4.5e-04  5.7e-08  5.1e+03  1.5e+02
  5700  1.19383e-01  3.802e-02  1.090e-05   4.5e-04  5.7e-08  5.1e+03  2.2e+02
  5710  1.19383e-01  3.802e-02  1.089e-05   4.5e-04  5.6e-08  5.1e+03  2.1e+02
 
   itn      x(1)       norm r    norm Ar  compatible   LS      norm A   cond A
  5720  1.19383e-01  3.802e-02  1.088e-05   4.5e-04  5.6e-08  5.1e+03  1.5e+02
  5730  1.19383e-01  3.802e-02  1.087e-05   4.5e-04  5.6e-08  5.1e+03  1.4e+02
  5740  1.19383e-01  3.802e-02  1.086e-05   4.5e-04  5.6e-08  5.1e+03  1.2e+02
  5750  1.19383e-01  3.802e-02  1.083e-05   4.5e-04  5.6e-08  5.1e+03  1.0e+02
  5760  1.19383e-01  3.802e-02  1.080e-05   4.5e-04  5.6e-08  5.1e+03  9.8e+01
  5770  1.19383e-01  3.802e-02  1.076e-05   4.5e-04  5.5e-08  5.1e+03  7.1e+01
  5780  1.19383e-01  3.802e-02  1.069e-05   4.5e-04  5.5e-08  5.1e+03  5.8e+01
  5790  1.19383e-01  3.802e-02  1.059e-05   4.5e-04  5.5e-08  5.1e+03  5.8e+01
  5800  1.19383e-01  3.802e-02  1.045e-05   4.5e-04  5.4e-08  5.1e+03  3.3e+01
  5810  1.19383e-01  3.802e-02  1.027e-05   4.5e-04  5.3e-08  5.1e+03  4.1e+01
  5820  1.19383e-01  3.802e-02  1.003e-05   4.5e-04  5.2e-08  5.1e+03  2.4e+01
  5830  1.19383e-01  3.802e-02  9.759e-06   4.5e-04  5.0e-08  5.1e+03  2.7e+01
  5840  1.19383e-01  3.802e-02  9.464e-06   4.5e-04  4.9e-08  5.1e+03  2.6e+01
  5850  1.19383e-01  3.802e-02  9.194e-06   4.5e-04  4.7e-08  5.1e+03  2.5e+01
  5860  1.19383e-01  3.802e-02  8.944e-06   4.5e-04  4.6e-08  5.1e+03  2.9e+01
  5870  1.19383e-01  3.802e-02  8.748e-06   4.5e-04  4.5e-08  5.1e+03  3.3e+01
  5880  1.19383e-01  3.802e-02  8.614e-06   4.5e-04  4.4e-08  5.1e+03  3.8e+01
  5890  1.19383e-01  3.802e-02  8.504e-06   4.5e-04  4.3e-08  5.2e+03  4.4e+01
  5900  1.19383e-01  3.802e-02  8.431e-06   4.5e-04  4.3e-08  5.2e+03  6.9e+01
  5910  1.19383e-01  3.802e-02  8.383e-06   4.5e-04  4.3e-08  5.2e+03  8.6e+01
 
   itn      x(1)       norm r    norm Ar  compatible   LS      norm A   cond A
  5920  1.19383e-01  3.802e-02  8.346e-06   4.5e-04  4.3e-08  5.2e+03  9.9e+01
  5930  1.19383e-01  3.802e-02  8.321e-06   4.5e-04  4.2e-08  5.2e+03  8.0e+01
  5940  1.19383e-01  3.802e-02  8.302e-06   4.5e-04  4.2e-08  5.2e+03  8.7e+01
  5950  1.19383e-01  3.802e-02  8.288e-06   4.5e-04  4.2e-08  5.2e+03  1.1e+02
  5960  1.19383e-01  3.802e-02  8.279e-06   4.5e-04  4.2e-08  5.2e+03  1.2e+02
  5970  1.19383e-01  3.802e-02  8.272e-06   4.5e-04  4.2e-08  5.2e+03  1.4e+02
  5980  1.19383e-01  3.802e-02  8.266e-06   4.5e-04  4.2e-08  5.2e+03  2.4e+02
  5990  1.19383e-01  3.802e-02  8.261e-06   4.5e-04  4.2e-08  5.2e+03  2.1e+02
  6000  1.19383e-01  3.802e-02  8.257e-06   4.5e-04  4.2e-08  5.2e+03  2.4e+02
  6010  1.19383e-01  3.802e-02  8.252e-06   4.5e-04  4.2e-08  5.2e+03  1.9e+02
  6020  1.19383e-01  3.802e-02  8.246e-06   4.5e-04  4.2e-08  5.2e+03  1.7e+02
  6030  1.19383e-01  3.802e-02  8.240e-06   4.5e-04  4.2e-08  5.2e+03  1.6e+02
  6040  1.19383e-01  3.802e-02  8.231e-06   4.5e-04  4.1e-08  5.2e+03  1.3e+02
  6050  1.19383e-01  3.802e-02  8.218e-06   4.5e-04  4.1e-08  5.2e+03  1.2e+02
  6060  1.19383e-01  3.802e-02  8.198e-06   4.5e-04  4.1e-08  5.2e+03  9.9e+01
  6070  1.19383e-01  3.802e-02  8.171e-06   4.5e-04  4.1e-08  5.2e+03  6.6e+01
  6080  1.19383e-01  3.802e-02  8.121e-06   4.5e-04  4.1e-08  5.2e+03  6.0e+01
  6090  1.19383e-01  3.802e-02  8.062e-06   4.5e-04  4.0e-08  5.2e+03  5.5e+01
  6100  1.19383e-01  3.802e-02  7.980e-06   4.5e-04  4.0e-08  5.2e+03  4.1e+01
  6110  1.19383e-01  3.802e-02  7.860e-06   4.5e-04  3.9e-08  5.2e+03  4.1e+01
 
   itn      x(1)       norm r    norm Ar  compatible   LS      norm A   cond A
  6120  1.19383e-01  3.802e-02  7.714e-06   4.5e-04  3.9e-08  5.3e+03  2.4e+01
  6130  1.19383e-01  3.802e-02  7.506e-06   4.5e-04  3.8e-08  5.3e+03  3.7e+01
  6140  1.19383e-01  3.802e-02  7.330e-06   4.5e-04  3.7e-08  5.3e+03  2.4e+01
  6150  1.19383e-01  3.802e-02  7.109e-06   4.5e-04  3.6e-08  5.3e+03  2.8e+01
  6160  1.19383e-01  3.802e-02  6.898e-06   4.5e-04  3.4e-08  5.3e+03  2.9e+01
  6170  1.19383e-01  3.802e-02  6.740e-06   4.5e-04  3.4e-08  5.3e+03  2.6e+01
  6180  1.19383e-01  3.802e-02  6.605e-06   4.5e-04  3.3e-08  5.3e+03  4.0e+01
  6190  1.19383e-01  3.802e-02  6.508e-06   4.5e-04  3.2e-08  5.3e+03  3.4e+01
  6200  1.19383e-01  3.802e-02  6.436e-06   4.5e-04  3.2e-08  5.3e+03  4.5e+01
  6210  1.19383e-01  3.802e-02  6.393e-06   4.5e-04  3.2e-08  5.3e+03  5.1e+01
  6220  1.19383e-01  3.802e-02  6.359e-06   4.5e-04  3.2e-08  5.3e+03  6.9e+01
  6230  1.19383e-01  3.802e-02  6.336e-06   4.5e-04  3.1e-08  5.3e+03  9.1e+01
  6240  1.19383e-01  3.802e-02  6.321e-06   4.5e-04  3.1e-08  5.3e+03  1.1e+02
  6250  1.19383e-01  3.802e-02  6.307e-06   4.5e-04  3.1e-08  5.3e+03  1.3e+02
  6260  1.19383e-01  3.802e-02  6.298e-06   4.5e-04  3.1e-08  5.3e+03  1.2e+02
  6270  1.19383e-01  3.802e-02  6.288e-06   4.5e-04  3.1e-08  5.3e+03  1.0e+02
  6280  1.19383e-01  3.802e-02  6.278e-06   4.5e-04  3.1e-08  5.3e+03  1.3e+02
  6290  1.19383e-01  3.802e-02  6.270e-06   4.5e-04  3.1e-08  5.3e+03  1.3e+02
  6300  1.19383e-01  3.802e-02  6.261e-06   4.5e-04  3.1e-08  5.3e+03  1.0e+02
  6310  1.19383e-01  3.802e-02  6.249e-06   4.5e-04  3.1e-08  5.3e+03  7.4e+01
 
   itn      x(1)       norm r    norm Ar  compatible   LS      norm A   cond A
  6320  1.19383e-01  3.802e-02  6.231e-06   4.5e-04  3.1e-08  5.3e+03  6.6e+01
  6330  1.19383e-01  3.802e-02  6.208e-06   4.5e-04  3.1e-08  5.3e+03  9.7e+01
  6340  1.19383e-01  3.802e-02  6.175e-06   4.5e-04  3.0e-08  5.3e+03  6.9e+01
  6350  1.19383e-01  3.802e-02  6.130e-06   4.5e-04  3.0e-08  5.3e+03  4.6e+01
  6360  1.19383e-01  3.802e-02  6.065e-06   4.5e-04  3.0e-08  5.4e+03  5.2e+01
  6370  1.19383e-01  3.802e-02  5.977e-06   4.5e-04  2.9e-08  5.4e+03  3.3e+01
  6380  1.19383e-01  3.802e-02  5.840e-06   4.5e-04  2.9e-08  5.4e+03  2.5e+01
  6390  1.19383e-01  3.802e-02  5.692e-06   4.5e-04  2.8e-08  5.4e+03  2.5e+01
  6400  1.19383e-01  3.802e-02  5.511e-06   4.5e-04  2.7e-08  5.4e+03  3.0e+01
  6410  1.19383e-01  3.802e-02  5.283e-06   4.5e-04  2.6e-08  5.4e+03  2.6e+01
  6420  1.19383e-01  3.802e-02  5.107e-06   4.5e-04  2.5e-08  5.4e+03  3.1e+01
  6430  1.19383e-01  3.802e-02  4.949e-06   4.5e-04  2.4e-08  5.4e+03  3.3e+01
  6440  1.19383e-01  3.802e-02  4.783e-06   4.5e-04  2.3e-08  5.4e+03  4.0e+01
  6450  1.19383e-01  3.802e-02  4.695e-06   4.5e-04  2.3e-08  5.4e+03  3.1e+01
  6460  1.19383e-01  3.802e-02  4.623e-06   4.5e-04  2.3e-08  5.4e+03  4.0e+01
  6470  1.19383e-01  3.802e-02  4.563e-06   4.5e-04  2.2e-08  5.4e+03  4.4e+01
  6480  1.19383e-01  3.802e-02  4.532e-06   4.5e-04  2.2e-08  5.4e+03  5.6e+01
  6490  1.19383e-01  3.802e-02  4.506e-06   4.5e-04  2.2e-08  5.4e+03  6.5e+01
  6500  1.19383e-01  3.802e-02  4.488e-06   4.5e-04  2.2e-08  5.4e+03  7.2e+01
  6510  1.19383e-01  3.802e-02  4.478e-06   4.5e-04  2.2e-08  5.4e+03  1.0e+02
 
   itn      x(1)       norm r    norm Ar  compatible   LS      norm A   cond A
  6520  1.19383e-01  3.802e-02  4.470e-06   4.5e-04  2.2e-08  5.4e+03  1.2e+02
  6530  1.19383e-01  3.802e-02  4.465e-06   4.5e-04  2.2e-08  5.4e+03  1.6e+02
  6540  1.19383e-01  3.802e-02  4.461e-06   4.5e-04  2.2e-08  5.4e+03  1.6e+02
  6550  1.19383e-01  3.802e-02  4.458e-06   4.5e-04  2.2e-08  5.4e+03  2.2e+02
  6560  1.19383e-01  3.802e-02  4.456e-06   4.5e-04  2.2e-08  5.4e+03  2.2e+02
  6570  1.19383e-01  3.802e-02  4.454e-06   4.5e-04  2.2e-08  5.4e+03  2.7e+02
  6580  1.19383e-01  3.802e-02  4.452e-06   4.5e-04  2.2e-08  5.4e+03  3.1e+02
  6590  1.19383e-01  3.802e-02  4.450e-06   4.5e-04  2.1e-08  5.4e+03  2.5e+02
  6600  1.19383e-01  3.802e-02  4.448e-06   4.5e-04  2.1e-08  5.5e+03  2.2e+02
  6610  1.19383e-01  3.802e-02  4.446e-06   4.5e-04  2.1e-08  5.5e+03  2.3e+02
  6620  1.19383e-01  3.802e-02  4.443e-06   4.5e-04  2.1e-08  5.5e+03  1.5e+02
  6630  1.19383e-01  3.802e-02  4.439e-06   4.5e-04  2.1e-08  5.5e+03  1.3e+02
  6640  1.19383e-01  3.802e-02  4.432e-06   4.5e-04  2.1e-08  5.5e+03  8.5e+01
  6650  1.19383e-01  3.802e-02  4.421e-06   4.5e-04  2.1e-08  5.5e+03  9.3e+01
  6660  1.19383e-01  3.802e-02  4.404e-06   4.5e-04  2.1e-08  5.5e+03  6.8e+01
  6670  1.19383e-01  3.802e-02  4.381e-06   4.5e-04  2.1e-08  5.5e+03  6.6e+01
  6680  1.19383e-01  3.802e-02  4.342e-06   4.5e-04  2.1e-08  5.5e+03  5.1e+01
  6690  1.19383e-01  3.802e-02  4.288e-06   4.5e-04  2.1e-08  5.5e+03  3.6e+01
  6700  1.19383e-01  3.802e-02  4.214e-06   4.5e-04  2.0e-08  5.5e+03  2.9e+01
  6710  1.19383e-01  3.802e-02  4.105e-06   4.5e-04  2.0e-08  5.5e+03  3.4e+01
 
   itn      x(1)       norm r    norm Ar  compatible   LS      norm A   cond A
  6720  1.19383e-01  3.802e-02  3.996e-06   4.5e-04  1.9e-08  5.5e+03  3.2e+01
  6730  1.19383e-01  3.802e-02  3.886e-06   4.5e-04  1.9e-08  5.5e+03  2.5e+01
  6740  1.19383e-01  3.802e-02  3.756e-06   4.5e-04  1.8e-08  5.5e+03  3.2e+01
  6750  1.19383e-01  3.802e-02  3.668e-06   4.5e-04  1.7e-08  5.5e+03  2.9e+01
  6760  1.19383e-01  3.802e-02  3.593e-06   4.5e-04  1.7e-08  5.5e+03  3.2e+01
  6770  1.19383e-01  3.802e-02  3.536e-06   4.5e-04  1.7e-08  5.5e+03  4.6e+01
  6780  1.19383e-01  3.802e-02  3.503e-06   4.5e-04  1.7e-08  5.5e+03  6.1e+01
  6790  1.19383e-01  3.802e-02  3.476e-06   4.5e-04  1.7e-08  5.5e+03  6.7e+01
  6800  1.19383e-01  3.802e-02  3.459e-06   4.5e-04  1.6e-08  5.5e+03  8.3e+01
  6810  1.19383e-01  3.802e-02  3.449e-06   4.5e-04  1.6e-08  5.5e+03  1.1e+02
  6820  1.19383e-01  3.802e-02  3.444e-06   4.5e-04  1.6e-08  5.5e+03  1.1e+02
  6830  1.19383e-01  3.802e-02  3.440e-06   4.5e-04  1.6e-08  5.5e+03  1.9e+02
  6840  1.19383e-01  3.802e-02  3.438e-06   4.5e-04  1.6e-08  5.6e+03  2.2e+02
  6850  1.19383e-01  3.802e-02  3.436e-06   4.5e-04  1.6e-08  5.6e+03  2.6e+02
  6860  1.19383e-01  3.802e-02  3.435e-06   4.5e-04  1.6e-08  5.6e+03  2.3e+02
  6870  1.19383e-01  3.802e-02  3.434e-06   4.5e-04  1.6e-08  5.6e+03  2.6e+02
  6880  1.19383e-01  3.802e-02  3.432e-06   4.5e-04  1.6e-08  5.6e+03  2.7e+02
  6890  1.19383e-01  3.802e-02  3.431e-06   4.5e-04  1.6e-08  5.6e+03  2.2e+02
  6900  1.19383e-01  3.802e-02  3.429e-06   4.5e-04  1.6e-08  5.6e+03  1.6e+02
  6910  1.19383e-01  3.802e-02  3.426e-06   4.5e-04  1.6e-08  5.6e+03  1.6e+02
 
   itn      x(1)       norm r    norm Ar  compatible   LS      norm A   cond A
  6920  1.19383e-01  3.802e-02  3.423e-06   4.5e-04  1.6e-08  5.6e+03  1.4e+02
  6930  1.19383e-01  3.802e-02  3.418e-06   4.5e-04  1.6e-08  5.6e+03  8.9e+01
  6940  1.19383e-01  3.802e-02  3.411e-06   4.5e-04  1.6e-08  5.6e+03  9.7e+01
  6950  1.19383e-01  3.802e-02  3.400e-06   4.5e-04  1.6e-08  5.6e+03  1.3e+02
  6960  1.19383e-01  3.802e-02  3.390e-06   4.5e-04  1.6e-08  5.6e+03  8.8e+01
  6970  1.19383e-01  3.802e-02  3.378e-06   4.5e-04  1.6e-08  5.6e+03  8.5e+01
  6980  1.19383e-01  3.802e-02  3.367e-06   4.5e-04  1.6e-08  5.6e+03  6.4e+01
  6990  1.19383e-01  3.802e-02  3.358e-06   4.5e-04  1.6e-08  5.6e+03  8.8e+01
  7000  1.19383e-01  3.802e-02  3.349e-06   4.5e-04  1.6e-08  5.6e+03  9.8e+01
  7010  1.19383e-01  3.802e-02  3.341e-06   4.5e-04  1.6e-08  5.6e+03  7.7e+01
  7020  1.19383e-01  3.802e-02  3.332e-06   4.5e-04  1.6e-08  5.6e+03  9.7e+01
  7030  1.19383e-01  3.802e-02  3.321e-06   4.5e-04  1.6e-08  5.6e+03  9.7e+01
  7040  1.19383e-01  3.802e-02  3.308e-06   4.5e-04  1.5e-08  5.6e+03  6.1e+01
  7050  1.19383e-01  3.802e-02  3.288e-06   4.5e-04  1.5e-08  5.6e+03  8.5e+01
  7060  1.19383e-01  3.802e-02  3.257e-06   4.5e-04  1.5e-08  5.6e+03  4.3e+01
  7070  1.19383e-01  3.802e-02  3.220e-06   4.5e-04  1.5e-08  5.6e+03  3.5e+01
  7080  1.19383e-01  3.802e-02  3.169e-06   4.5e-04  1.5e-08  5.6e+03  3.5e+01
  7090  1.19383e-01  3.802e-02  3.078e-06   4.5e-04  1.4e-08  5.7e+03  3.4e+01
  7100  1.19383e-01  3.802e-02  2.962e-06   4.5e-04  1.4e-08  5.7e+03  1.7e+01
  7110  1.19383e-01  3.802e-02  2.818e-06   4.5e-04  1.3e-08  5.7e+03  2.0e+01
 
   itn      x(1)       norm r    norm Ar  compatible   LS      norm A   cond A
  7120  1.19383e-01  3.802e-02  2.626e-06   4.5e-04  1.2e-08  5.7e+03  2.2e+01
  7130  1.19383e-01  3.802e-02  2.413e-06   4.5e-04  1.1e-08  5.7e+03  1.6e+01
  7133  1.19383e-01  3.802e-02  2.349e-06   4.5e-04  1.1e-08  5.7e+03  1.4e+01
  7134  1.19383e-01  3.802e-02  2.330e-06   4.5e-04  1.1e-08  5.7e+03  1.4e+01
  7135  1.19383e-01  3.802e-02  2.316e-06   4.5e-04  1.1e-08  5.7e+03  1.9e+01
  7136  1.19383e-01  3.802e-02  2.297e-06   4.5e-04  1.1e-08  5.7e+03  1.2e+01
  7137  1.19383e-01  3.802e-02  2.265e-06   4.5e-04  1.1e-08  5.7e+03  1.7e+01
  7138  1.19383e-01  3.802e-02  2.245e-06   4.5e-04  1.0e-08  5.7e+03  1.5e+01
  7139  1.19383e-01  3.802e-02  2.228e-06   4.5e-04  1.0e-08  5.7e+03  1.8e+01
  7140  1.19383e-01  3.802e-02  2.208e-06   4.5e-04  1.0e-08  5.7e+03  1.4e+01
  7141  1.19383e-01  3.802e-02  2.190e-06   4.5e-04  1.0e-08  5.7e+03  1.3e+01
  7142  1.19383e-01  3.802e-02  2.180e-06   4.5e-04  1.0e-08  5.7e+03  1.3e+01
  7143  1.19383e-01  3.802e-02  2.152e-06   4.5e-04  1.0e-08  5.7e+03  2.0e+01
 
LSMR finished
The least-squares solution is good enough, given atol     
istop =       2    normr = 3.8e-02
    normA = 5.7e+03    normAr = 2.2e-06
itn   =    7143    condA = 2.0e+01
    normx = 2.4e+00
  7143  1.19383e-01   3.802e-02  2.152e-06
   4.5e-04  1.0e-08   5.7e+03  2.0e+01
loss = 0.0014454341059902994
