OS                           : Linux-5.14.21-150400.24.69_12.0.74-cray_shasta_c-x86_64-with-glibc2.31
Python Version               : 3.9.15
CuPy Version                 : 12.1.0
CuPy Platform                : NVIDIA CUDA
NumPy Version                : 1.23.5
SciPy Version                : 1.9.3
Cython Build Version         : 0.29.32
Cython Runtime Version       : None
CUDA Root                    : /opt/nvidia/hpc_sdk/Linux_x86_64/22.7/cuda/11.7
nvcc PATH                    : /opt/nvidia/hpc_sdk/Linux_x86_64/22.7/cuda/11.7/bin/nvcc
CUDA Build Version           : 11080
CUDA Driver Version          : 12000
CUDA Runtime Version         : 11070
cuBLAS Version               : (available)
cuFFT Version                : 10702
cuRAND Version               : 10210
cuSOLVER Version             : (11, 3, 5)
cuSPARSE Version             : (available)
NVRTC Version                : (11, 7)
Thrust Version               : 101501
CUB Build Version            : 101501
Jitify Build Version         : 4a37de0
cuDNN Build Version          : 8801
cuDNN Version                : 8302
NCCL Build Version           : 21602
NCCL Runtime Version         : 21505
cuTENSOR Version             : 10500
cuSPARSELt Build Version     : None
Device 0 Name                : NVIDIA A100-SXM4-40GB
Device 0 Compute Capability  : 80
Device 0 PCI Bus ID          : 0000:82:00.0
None
nprime = 105
npripri = 91
Size of p_train:
(20000, 14, 14)
Loss at truetheta:
2.463975357016748e-06
len(theta) = 38416
len(jac) = 3919216
 
LSMR            Least-squares solution of  Ax = b

The matrix A has 7838432 rows and 38416 columns
damp = 0.00000000000000e+00

atol = 1.00e-08                 conlim = 1.00e+08

btol = 1.00e-08             maxiter =    20000

 
   itn      x(1)       norm r    norm Ar  compatible   LS      norm A   cond A
     0  0.00000e+00  6.141e+01  1.103e+04   1.0e+00  2.9e+00
     1  1.19187e-07  1.489e+01  2.333e+03   2.4e-01  8.5e-01  1.9e+02  1.0e+00
     2  2.22750e-07  3.642e+00  2.972e+01   5.9e-02  3.2e-02  2.5e+02  1.2e+00
     3  3.01084e-07  3.635e+00  2.923e+01   5.9e-02  3.1e-02  2.6e+02  5.5e+00
     4  1.22458e-05  2.746e+00  2.213e+01   4.5e-02  2.5e-02  3.2e+02  1.8e+01
     5  2.55230e-05  2.197e+00  9.350e+00   3.6e-02  1.1e-02  3.7e+02  1.2e+01
     6  2.67713e-05  2.151e+00  9.204e+00   3.5e-02  1.1e-02  3.8e+02  3.6e+01
     7  5.88870e-05  1.275e+00  4.101e+00   2.1e-02  7.6e-03  4.3e+02  1.2e+01
     8  5.89746e-05  1.272e+00  4.095e+00   2.1e-02  7.6e-03  4.3e+02  4.7e+01
     9  8.49048e-05  5.897e-01  1.682e+00   9.6e-03  6.1e-03  4.7e+02  1.8e+01
    10  8.49073e-05  5.888e-01  1.680e+00   9.6e-03  6.1e-03  4.7e+02  4.4e+01
    20  8.47472e-05  1.174e-01  9.534e-02   1.9e-03  1.3e-03  6.3e+02  6.7e+01
    30  8.56971e-05  1.022e-01  3.485e-02   1.7e-03  4.5e-04  7.7e+02  4.7e+01
    40  8.74971e-05  9.677e-02  2.081e-02   1.6e-03  2.4e-04  9.0e+02  5.1e+01
    50  8.98795e-05  9.193e-02  1.835e-02   1.5e-03  2.0e-04  9.7e+02  1.4e+02
    60  9.93173e-05  7.428e-02  1.543e-02   1.2e-03  1.9e-04  1.1e+03  2.1e+02
    70  1.19314e-04  4.497e-02  8.436e-03   7.3e-04  1.6e-04  1.2e+03  9.0e+01
    80  1.25736e-04  4.042e-02  4.908e-03   6.6e-04  9.7e-05  1.3e+03  9.0e+01
    90  1.27116e-04  3.952e-02  4.467e-03   6.4e-04  8.5e-05  1.3e+03  1.2e+02
   100  1.35417e-04  3.335e-02  3.872e-03   5.4e-04  8.3e-05  1.4e+03  1.1e+02
   110  1.54628e-04  2.303e-02  2.097e-03   3.8e-04  6.2e-05  1.5e+03  1.1e+02
 
   itn      x(1)       norm r    norm Ar  compatible   LS      norm A   cond A
   120  1.56828e-04  2.238e-02  1.836e-03   3.6e-04  5.4e-05  1.5e+03  7.2e+02
   130  1.62270e-04  2.036e-02  1.639e-03   3.3e-04  5.1e-05  1.6e+03  1.1e+02
   140  1.73007e-04  1.724e-02  1.185e-03   2.8e-04  4.2e-05  1.6e+03  1.1e+02
   150  1.75842e-04  1.663e-02  1.039e-03   2.7e-04  3.7e-05  1.7e+03  4.9e+02
   160  1.76504e-04  1.637e-02  1.015e-03   2.7e-04  3.5e-05  1.8e+03  4.4e+02
   170  1.78042e-04  1.562e-02  9.658e-04   2.5e-04  3.4e-05  1.8e+03  1.3e+02
   180  1.86351e-04  1.230e-02  6.366e-04   2.0e-04  2.8e-05  1.9e+03  1.1e+02
   190  1.85944e-04  1.216e-02  6.244e-04   2.0e-04  2.7e-05  1.9e+03  7.7e+02
   200  1.80991e-04  1.131e-02  5.739e-04   1.8e-04  2.6e-05  2.0e+03  1.1e+02
   210  1.65638e-04  9.330e-03  3.868e-04   1.5e-04  2.1e-05  2.0e+03  2.8e+02
   220  1.64889e-04  9.270e-03  3.791e-04   1.5e-04  2.0e-05  2.1e+03  1.1e+02
   230  1.61645e-04  9.050e-03  3.679e-04   1.5e-04  1.9e-05  2.1e+03  1.1e+02
   240  1.41374e-04  7.871e-03  2.938e-04   1.3e-04  1.7e-05  2.2e+03  2.1e+02
   250  1.35615e-04  7.608e-03  2.700e-04   1.2e-04  1.6e-05  2.2e+03  1.1e+02
   260  1.34590e-04  7.565e-03  2.669e-04   1.2e-04  1.6e-05  2.2e+03  8.5e+02
   270  1.19869e-04  6.989e-03  2.389e-04   1.1e-04  1.5e-05  2.3e+03  1.1e+02
   280  1.10160e-04  6.650e-03  2.187e-04   1.1e-04  1.4e-05  2.3e+03  1.2e+03
   290  1.06325e-04  6.439e-03  2.111e-04   1.0e-04  1.4e-05  2.4e+03  1.4e+02
   300  7.91823e-05  5.201e-03  1.480e-04   8.5e-05  1.2e-05  2.4e+03  2.3e+02
   310  7.82074e-05  5.164e-03  1.456e-04   8.4e-05  1.2e-05  2.4e+03  9.9e+02
 
   itn      x(1)       norm r    norm Ar  compatible   LS      norm A   cond A
   320  7.50981e-05  5.026e-03  1.404e-04   8.2e-05  1.1e-05  2.5e+03  1.3e+02
   330  6.25540e-05  4.534e-03  1.175e-04   7.4e-05  1.0e-05  2.5e+03  1.3e+02
   340  6.17902e-05  4.507e-03  1.161e-04   7.3e-05  1.0e-05  2.6e+03  7.5e+02
   350  5.92032e-05  4.407e-03  1.122e-04   7.2e-05  9.8e-06  2.6e+03  2.1e+02
   360  4.24872e-05  3.881e-03  8.356e-05   6.3e-05  8.2e-06  2.6e+03  1.3e+02
   370  4.15615e-05  3.855e-03  8.226e-05   6.3e-05  8.0e-06  2.7e+03  1.4e+02
   380  3.33277e-05  3.637e-03  7.167e-05   5.9e-05  7.3e-06  2.7e+03  1.4e+02
   390  2.66535e-05  3.496e-03  6.182e-05   5.7e-05  6.4e-06  2.7e+03  5.4e+02
   400  2.65183e-05  3.491e-03  6.159e-05   5.7e-05  6.4e-06  2.8e+03  8.8e+02
   410  2.15808e-05  3.297e-03  5.203e-05   5.4e-05  5.6e-06  2.8e+03  2.7e+02
   420  2.06440e-05  3.265e-03  4.995e-05   5.3e-05  5.4e-06  2.8e+03  2.4e+02
   430  2.06279e-05  3.197e-03  4.697e-05   5.2e-05  5.1e-06  2.9e+03  4.1e+02
   440  2.06630e-05  3.125e-03  4.325e-05   5.1e-05  4.7e-06  2.9e+03  1.4e+02
   450  2.07203e-05  3.091e-03  4.118e-05   5.0e-05  4.5e-06  2.9e+03  1.2e+03
   460  2.23358e-05  3.025e-03  3.819e-05   4.9e-05  4.2e-06  3.0e+03  2.2e+02
   470  2.35357e-05  2.983e-03  3.590e-05   4.9e-05  4.0e-06  3.0e+03  1.4e+02
   480  2.42347e-05  2.960e-03  3.454e-05   4.8e-05  3.8e-06  3.0e+03  2.5e+02
   490  2.49377e-05  2.942e-03  3.386e-05   4.8e-05  3.7e-06  3.1e+03  1.4e+02
   500  3.04194e-05  2.824e-03  2.823e-05   4.6e-05  3.2e-06  3.1e+03  1.2e+03
   510  3.06653e-05  2.818e-03  2.798e-05   4.6e-05  3.2e-06  3.1e+03  4.4e+02
 
   itn      x(1)       norm r    norm Ar  compatible   LS      norm A   cond A
   520  3.40771e-05  2.746e-03  2.449e-05   4.5e-05  2.8e-06  3.2e+03  2.9e+02
   530  3.46623e-05  2.735e-03  2.384e-05   4.5e-05  2.7e-06  3.2e+03  1.9e+03
   540  3.47722e-05  2.731e-03  2.369e-05   4.4e-05  2.7e-06  3.2e+03  3.3e+02
   550  3.63616e-05  2.681e-03  2.128e-05   4.4e-05  2.4e-06  3.3e+03  1.9e+02
   560  3.64835e-05  2.677e-03  2.108e-05   4.4e-05  2.4e-06  3.3e+03  3.6e+03
   570  3.68186e-05  2.648e-03  1.989e-05   4.3e-05  2.3e-06  3.3e+03  1.4e+02
   580  3.71492e-05  2.622e-03  1.860e-05   4.3e-05  2.1e-06  3.3e+03  2.5e+02
   590  3.71525e-05  2.621e-03  1.857e-05   4.3e-05  2.1e-06  3.4e+03  2.7e+03
   600  3.67797e-05  2.593e-03  1.760e-05   4.2e-05  2.0e-06  3.4e+03  3.9e+02
   610  3.62079e-05  2.557e-03  1.606e-05   4.2e-05  1.8e-06  3.4e+03  7.8e+02
   620  3.61622e-05  2.556e-03  1.598e-05   4.2e-05  1.8e-06  3.5e+03  1.4e+02
   630  3.57416e-05  2.548e-03  1.572e-05   4.1e-05  1.8e-06  3.5e+03  7.3e+02
   640  3.38907e-05  2.518e-03  1.457e-05   4.1e-05  1.6e-06  3.5e+03  1.4e+02
   650  3.36234e-05  2.514e-03  1.440e-05   4.1e-05  1.6e-06  3.5e+03  3.7e+02
   660  3.34867e-05  2.512e-03  1.434e-05   4.1e-05  1.6e-06  3.6e+03  1.8e+03
   670  3.18615e-05  2.491e-03  1.360e-05   4.1e-05  1.5e-06  3.6e+03  5.8e+02
   680  3.13900e-05  2.486e-03  1.338e-05   4.0e-05  1.5e-06  3.6e+03  1.4e+02
   690  3.10161e-05  2.481e-03  1.323e-05   4.0e-05  1.5e-06  3.7e+03  1.4e+02
   700  2.96803e-05  2.465e-03  1.271e-05   4.0e-05  1.4e-06  3.7e+03  3.9e+02
   710  2.94932e-05  2.463e-03  1.264e-05   4.0e-05  1.4e-06  3.7e+03  1.4e+02
 
   itn      x(1)       norm r    norm Ar  compatible   LS      norm A   cond A
   720  2.72631e-05  2.438e-03  1.181e-05   4.0e-05  1.3e-06  3.7e+03  3.0e+02
   730  2.70864e-05  2.437e-03  1.175e-05   4.0e-05  1.3e-06  3.8e+03  4.2e+03
   740  2.51766e-05  2.418e-03  1.117e-05   3.9e-05  1.2e-06  3.8e+03  3.3e+02
   750  2.38676e-05  2.406e-03  1.076e-05   3.9e-05  1.2e-06  3.8e+03  3.8e+02
   760  2.37854e-05  2.405e-03  1.074e-05   3.9e-05  1.2e-06  3.8e+03  2.9e+03
   770  2.31682e-05  2.399e-03  1.058e-05   3.9e-05  1.1e-06  3.9e+03  1.8e+02
   780  2.08315e-05  2.379e-03  9.959e-06   3.9e-05  1.1e-06  3.9e+03  1.4e+02
   790  2.06577e-05  2.377e-03  9.915e-06   3.9e-05  1.1e-06  3.9e+03  1.4e+02
   800  1.96434e-05  2.369e-03  9.717e-06   3.9e-05  1.0e-06  3.9e+03  1.4e+02
   810  1.79244e-05  2.357e-03  9.376e-06   3.8e-05  1.0e-06  4.0e+03  8.1e+02
   820  1.78317e-05  2.356e-03  9.359e-06   3.8e-05  1.0e-06  4.0e+03  2.6e+03
   830  1.68174e-05  2.350e-03  9.207e-06   3.8e-05  9.8e-07  4.0e+03  7.5e+02
   840  1.44928e-05  2.336e-03  8.853e-06   3.8e-05  9.4e-07  4.0e+03  4.3e+02
   850  1.43239e-05  2.335e-03  8.834e-06   3.8e-05  9.3e-07  4.1e+03  1.4e+02
   860  9.32015e-06  2.313e-03  8.309e-06   3.8e-05  8.8e-07  4.1e+03  9.9e+02
   870  9.14077e-06  2.312e-03  8.297e-06   3.8e-05  8.7e-07  4.1e+03  1.6e+03
   880  7.25924e-06  2.306e-03  8.181e-06   3.8e-05  8.6e-07  4.1e+03  1.9e+02
   890  2.99332e-06  2.293e-03  7.916e-06   3.7e-05  8.3e-07  4.1e+03  1.4e+02
   900  2.55942e-06  2.292e-03  7.890e-06   3.7e-05  8.3e-07  4.2e+03  3.0e+03
   910 -4.74812e-07  2.283e-03  7.742e-06   3.7e-05  8.1e-07  4.2e+03  1.4e+02
 
   itn      x(1)       norm r    norm Ar  compatible   LS      norm A   cond A
   920 -5.00681e-06  2.271e-03  7.515e-06   3.7e-05  7.8e-07  4.2e+03  1.4e+03
   930 -5.45525e-06  2.270e-03  7.498e-06   3.7e-05  7.8e-07  4.2e+03  2.3e+02
   940 -1.00715e-05  2.258e-03  7.321e-06   3.7e-05  7.6e-07  4.3e+03  1.4e+02
   950 -1.40079e-05  2.249e-03  7.168e-06   3.7e-05  7.4e-07  4.3e+03  2.8e+03
   960 -1.64826e-05  2.243e-03  7.088e-06   3.7e-05  7.3e-07  4.3e+03  1.4e+02
   970 -1.91178e-05  2.237e-03  7.001e-06   3.6e-05  7.2e-07  4.3e+03  4.1e+02
   980 -1.94845e-05  2.236e-03  6.990e-06   3.6e-05  7.2e-07  4.4e+03  9.8e+02
   990 -2.63008e-05  2.221e-03  6.783e-06   3.6e-05  7.0e-07  4.4e+03  1.8e+02
  1000 -2.78293e-05  2.218e-03  6.736e-06   3.6e-05  6.9e-07  4.4e+03  8.8e+02
  1010 -2.85133e-05  2.216e-03  6.718e-06   3.6e-05  6.9e-07  4.4e+03  1.9e+03
  1020 -3.35410e-05  2.205e-03  6.589e-06   3.6e-05  6.7e-07  4.4e+03  4.7e+02
  1030 -3.79373e-05  2.196e-03  6.474e-06   3.6e-05  6.6e-07  4.5e+03  4.5e+03
  1040 -3.84616e-05  2.195e-03  6.462e-06   3.6e-05  6.6e-07  4.5e+03  2.2e+03
  1050 -4.41205e-05  2.184e-03  6.331e-06   3.6e-05  6.4e-07  4.5e+03  1.6e+02
  1060 -4.45957e-05  2.183e-03  6.320e-06   3.6e-05  6.4e-07  4.5e+03  1.1e+03
  1070 -4.76794e-05  2.177e-03  6.255e-06   3.5e-05  6.3e-07  4.6e+03  1.8e+02
  1080 -5.44454e-05  2.165e-03  6.112e-06   3.5e-05  6.2e-07  4.6e+03  4.4e+02
  1090 -5.53570e-05  2.163e-03  6.092e-06   3.5e-05  6.1e-07  4.6e+03  9.3e+02
  1100 -5.72386e-05  2.160e-03  6.056e-06   3.5e-05  6.1e-07  4.6e+03  1.4e+03
  1110 -6.29009e-05  2.150e-03  5.946e-06   3.5e-05  6.0e-07  4.6e+03  4.8e+02
 
   itn      x(1)       norm r    norm Ar  compatible   LS      norm A   cond A
  1120 -6.52668e-05  2.146e-03  5.900e-06   3.5e-05  5.9e-07  4.7e+03  1.6e+02
  1130 -6.58414e-05  2.145e-03  5.890e-06   3.5e-05  5.9e-07  4.7e+03  6.9e+02
  1140 -7.51082e-05  2.130e-03  5.729e-06   3.5e-05  5.7e-07  4.7e+03  7.1e+02
  1150 -7.80610e-05  2.125e-03  5.677e-06   3.5e-05  5.7e-07  4.7e+03  3.1e+02
  1160 -7.83646e-05  2.125e-03  5.672e-06   3.5e-05  5.6e-07  4.7e+03  1.9e+03
  1170 -9.11657e-05  2.106e-03  5.471e-06   3.4e-05  5.5e-07  4.8e+03  3.6e+02
  1180 -9.54000e-05  2.100e-03  5.404e-06   3.4e-05  5.4e-07  4.8e+03  1.6e+02
  1190 -9.57747e-05  2.099e-03  5.398e-06   3.4e-05  5.4e-07  4.8e+03  5.0e+02
  1200 -1.02367e-04  2.091e-03  5.307e-06   3.4e-05  5.3e-07  4.8e+03  3.7e+02
  1210 -1.11465e-04  2.079e-03  5.178e-06   3.4e-05  5.1e-07  4.8e+03  3.0e+03
  1220 -1.11898e-04  2.078e-03  5.172e-06   3.4e-05  5.1e-07  4.9e+03  1.8e+02
  1230 -1.20344e-04  2.068e-03  5.067e-06   3.4e-05  5.0e-07  4.9e+03  5.9e+02
  1240 -1.24777e-04  2.063e-03  5.011e-06   3.4e-05  5.0e-07  4.9e+03  8.3e+02
  1250 -1.25157e-04  2.062e-03  5.006e-06   3.4e-05  4.9e-07  4.9e+03  2.4e+02
  1260 -1.36076e-04  2.050e-03  4.878e-06   3.3e-05  4.8e-07  4.9e+03  5.0e+02
  1270 -1.37352e-04  2.048e-03  4.863e-06   3.3e-05  4.8e-07  5.0e+03  1.4e+03
  1280 -1.37823e-04  2.048e-03  4.857e-06   3.3e-05  4.8e-07  5.0e+03  2.2e+03
  1290 -1.45540e-04  2.039e-03  4.773e-06   3.3e-05  4.7e-07  5.0e+03  4.8e+02
  1300 -1.46210e-04  2.039e-03  4.766e-06   3.3e-05  4.7e-07  5.0e+03  2.3e+03
  1310 -1.52158e-04  2.032e-03  4.704e-06   3.3e-05  4.6e-07  5.0e+03  6.4e+02
 
   itn      x(1)       norm r    norm Ar  compatible   LS      norm A   cond A
  1320 -1.58670e-04  2.026e-03  4.635e-06   3.3e-05  4.5e-07  5.1e+03  3.0e+03
  1330 -1.59364e-04  2.025e-03  4.627e-06   3.3e-05  4.5e-07  5.1e+03  3.0e+02
  1340 -1.67454e-04  2.017e-03  4.547e-06   3.3e-05  4.4e-07  5.1e+03  3.0e+02
  1350 -1.74682e-04  2.010e-03  4.475e-06   3.3e-05  4.4e-07  5.1e+03  4.0e+03
  1360 -1.81953e-04  2.003e-03  4.405e-06   3.3e-05  4.3e-07  5.1e+03  3.0e+02
  1370 -1.87570e-04  1.998e-03  4.351e-06   3.3e-05  4.2e-07  5.2e+03  5.0e+03
  1380 -1.98276e-04  1.989e-03  4.256e-06   3.2e-05  4.1e-07  5.2e+03  3.0e+02
  1390 -2.08841e-04  1.980e-03  4.160e-06   3.2e-05  4.1e-07  5.2e+03  1.2e+03
  1400 -2.09779e-04  1.979e-03  4.152e-06   3.2e-05  4.0e-07  5.2e+03  1.9e+03
  1410 -2.15667e-04  1.974e-03  4.104e-06   3.2e-05  4.0e-07  5.2e+03  1.0e+03
  1420 -2.35997e-04  1.959e-03  3.931e-06   3.2e-05  3.8e-07  5.2e+03  7.2e+02
  1430 -2.37453e-04  1.958e-03  3.919e-06   3.2e-05  3.8e-07  5.3e+03  1.7e+03
  1440 -2.41933e-04  1.954e-03  3.884e-06   3.2e-05  3.8e-07  5.3e+03  3.0e+02
  1450 -2.63655e-04  1.939e-03  3.708e-06   3.2e-05  3.6e-07  5.3e+03  6.9e+02
  1460 -2.65267e-04  1.938e-03  3.695e-06   3.2e-05  3.6e-07  5.3e+03  3.0e+02
  1470 -2.71613e-04  1.934e-03  3.647e-06   3.1e-05  3.5e-07  5.3e+03  3.0e+02
  1480 -2.83282e-04  1.927e-03  3.557e-06   3.1e-05  3.4e-07  5.4e+03  3.0e+02
  1490 -2.85697e-04  1.925e-03  3.538e-06   3.1e-05  3.4e-07  5.4e+03  3.0e+03
  1500 -2.86250e-04  1.925e-03  3.534e-06   3.1e-05  3.4e-07  5.4e+03  3.0e+02
  1510 -3.05344e-04  1.914e-03  3.398e-06   3.1e-05  3.3e-07  5.4e+03  3.0e+02
 
   itn      x(1)       norm r    norm Ar  compatible   LS      norm A   cond A
  1520 -3.06752e-04  1.913e-03  3.388e-06   3.1e-05  3.3e-07  5.4e+03  2.1e+03
  1530 -3.08121e-04  1.912e-03  3.379e-06   3.1e-05  3.2e-07  5.4e+03  3.0e+02
  1540 -3.20787e-04  1.905e-03  3.297e-06   3.1e-05  3.2e-07  5.5e+03  3.0e+02
  1550 -3.23208e-04  1.904e-03  3.281e-06   3.1e-05  3.1e-07  5.5e+03  5.5e+03
  1560 -3.23649e-04  1.904e-03  3.278e-06   3.1e-05  3.1e-07  5.5e+03  1.5e+03
  1570 -3.28425e-04  1.902e-03  3.251e-06   3.1e-05  3.1e-07  5.5e+03  7.9e+02
  1580 -3.42969e-04  1.894e-03  3.168e-06   3.1e-05  3.0e-07  5.5e+03  1.2e+03
  1590 -3.43979e-04  1.894e-03  3.162e-06   3.1e-05  3.0e-07  5.5e+03  7.8e+02
  1600 -3.45606e-04  1.893e-03  3.154e-06   3.1e-05  3.0e-07  5.6e+03  3.0e+02
  1610 -3.67236e-04  1.883e-03  3.044e-06   3.1e-05  2.9e-07  5.6e+03  3.0e+02
  1620 -3.67570e-04  1.883e-03  3.042e-06   3.1e-05  2.9e-07  5.6e+03  3.3e+03
  1630 -3.68224e-04  1.883e-03  3.039e-06   3.1e-05  2.9e-07  5.6e+03  3.0e+02
  1640 -3.91594e-04  1.873e-03  2.933e-06   3.0e-05  2.8e-07  5.6e+03  2.6e+03
  1650 -3.91863e-04  1.873e-03  2.932e-06   3.0e-05  2.8e-07  5.7e+03  1.1e+03
  1660 -4.02155e-04  1.869e-03  2.890e-06   3.0e-05  2.7e-07  5.7e+03  3.0e+02
  1670 -4.15806e-04  1.864e-03  2.834e-06   3.0e-05  2.7e-07  5.7e+03  1.3e+03
  1680 -4.16600e-04  1.863e-03  2.831e-06   3.0e-05  2.7e-07  5.7e+03  4.4e+03
  1690 -4.17704e-04  1.863e-03  2.827e-06   3.0e-05  2.7e-07  5.7e+03  7.3e+02
  1700 -4.30585e-04  1.858e-03  2.780e-06   3.0e-05  2.6e-07  5.7e+03  3.0e+02
  1710 -4.39204e-04  1.855e-03  2.748e-06   3.0e-05  2.6e-07  5.8e+03  1.8e+03
 
   itn      x(1)       norm r    norm Ar  compatible   LS      norm A   cond A
  1720 -4.39564e-04  1.855e-03  2.747e-06   3.0e-05  2.6e-07  5.8e+03  3.0e+03
  1730 -4.46532e-04  1.853e-03  2.724e-06   3.0e-05  2.5e-07  5.8e+03  3.0e+02
  1740 -4.59181e-04  1.848e-03  2.682e-06   3.0e-05  2.5e-07  5.8e+03  9.5e+02
  1750 -4.59826e-04  1.848e-03  2.680e-06   3.0e-05  2.5e-07  5.8e+03  2.3e+03
  1760 -4.64167e-04  1.847e-03  2.667e-06   3.0e-05  2.5e-07  5.8e+03  1.1e+03
  1770 -4.71932e-04  1.844e-03  2.642e-06   3.0e-05  2.4e-07  5.9e+03  3.0e+02
  1780 -4.72517e-04  1.844e-03  2.641e-06   3.0e-05  2.4e-07  5.9e+03  1.2e+03
  1790 -4.78884e-04  1.842e-03  2.622e-06   3.0e-05  2.4e-07  5.9e+03  1.1e+03
  1800 -4.87049e-04  1.840e-03  2.599e-06   3.0e-05  2.4e-07  5.9e+03  5.4e+03
  1810 -4.89741e-04  1.839e-03  2.592e-06   3.0e-05  2.4e-07  5.9e+03  3.0e+02
  1820 -4.95422e-04  1.837e-03  2.576e-06   3.0e-05  2.4e-07  5.9e+03  1.1e+03
  1830 -4.96569e-04  1.837e-03  2.573e-06   3.0e-05  2.4e-07  6.0e+03  1.1e+03
  1840 -5.12731e-04  1.832e-03  2.532e-06   3.0e-05  2.3e-07  6.0e+03  4.0e+02
  1850 -5.20644e-04  1.830e-03  2.512e-06   3.0e-05  2.3e-07  6.0e+03  6.8e+03
  1860 -5.22547e-04  1.829e-03  2.507e-06   3.0e-05  2.3e-07  6.0e+03  1.0e+03
  1870 -5.38455e-04  1.825e-03  2.471e-06   3.0e-05  2.2e-07  6.0e+03  4.3e+02
  1880 -5.45116e-04  1.823e-03  2.455e-06   3.0e-05  2.2e-07  6.0e+03  4.1e+03
  1890 -5.45847e-04  1.823e-03  2.454e-06   3.0e-05  2.2e-07  6.1e+03  3.9e+02
  1900 -5.68226e-04  1.817e-03  2.407e-06   3.0e-05  2.2e-07  6.1e+03  3.0e+02
  1910 -5.70252e-04  1.816e-03  2.403e-06   3.0e-05  2.2e-07  6.1e+03  3.3e+03
 
   itn      x(1)       norm r    norm Ar  compatible   LS      norm A   cond A
  1920 -5.77910e-04  1.814e-03  2.387e-06   3.0e-05  2.2e-07  6.1e+03  1.6e+03
  1930 -5.82281e-04  1.813e-03  2.379e-06   3.0e-05  2.1e-07  6.1e+03  1.1e+03
  1940 -5.83272e-04  1.813e-03  2.377e-06   3.0e-05  2.1e-07  6.1e+03  4.0e+02
  1950 -5.95746e-04  1.810e-03  2.354e-06   2.9e-05  2.1e-07  6.1e+03  1.1e+03
  1960 -6.13036e-04  1.805e-03  2.321e-06   2.9e-05  2.1e-07  6.2e+03  1.3e+03
  1970 -6.15090e-04  1.805e-03  2.317e-06   2.9e-05  2.1e-07  6.2e+03  3.0e+02
  1980 -6.33288e-04  1.801e-03  2.286e-06   2.9e-05  2.0e-07  6.2e+03  7.0e+02
  1990 -6.42031e-04  1.799e-03  2.271e-06   2.9e-05  2.0e-07  6.2e+03  7.1e+03
  2000 -6.45239e-04  1.798e-03  2.266e-06   2.9e-05  2.0e-07  6.2e+03  6.5e+02
  2010 -6.70896e-04  1.792e-03  2.226e-06   2.9e-05  2.0e-07  6.2e+03  1.5e+03
  2020 -6.71634e-04  1.792e-03  2.224e-06   2.9e-05  2.0e-07  6.3e+03  4.7e+03
  2030 -6.75037e-04  1.791e-03  2.219e-06   2.9e-05  2.0e-07  6.3e+03  3.0e+02
  2040 -6.89487e-04  1.788e-03  2.198e-06   2.9e-05  2.0e-07  6.3e+03  1.4e+03
  2050 -6.90087e-04  1.788e-03  2.197e-06   2.9e-05  1.9e-07  6.3e+03  2.2e+03
  2060 -7.11515e-04  1.783e-03  2.167e-06   2.9e-05  1.9e-07  6.3e+03  4.0e+02
  2070 -7.24321e-04  1.780e-03  2.149e-06   2.9e-05  1.9e-07  6.3e+03  3.0e+02
  2080 -7.25490e-04  1.780e-03  2.147e-06   2.9e-05  1.9e-07  6.3e+03  5.7e+03
  2090 -7.26289e-04  1.780e-03  2.146e-06   2.9e-05  1.9e-07  6.4e+03  3.3e+03
  2100 -7.48490e-04  1.775e-03  2.118e-06   2.9e-05  1.9e-07  6.4e+03  5.0e+02
  2110 -7.62313e-04  1.773e-03  2.100e-06   2.9e-05  1.9e-07  6.4e+03  3.0e+02
 
   itn      x(1)       norm r    norm Ar  compatible   LS      norm A   cond A
  2120 -7.63304e-04  1.772e-03  2.098e-06   2.9e-05  1.8e-07  6.4e+03  4.4e+03
  2130 -7.84244e-04  1.768e-03  2.073e-06   2.9e-05  1.8e-07  6.4e+03  3.0e+02
  2140 -7.90135e-04  1.767e-03  2.065e-06   2.9e-05  1.8e-07  6.4e+03  3.0e+02
  2150 -7.93998e-04  1.766e-03  2.061e-06   2.9e-05  1.8e-07  6.5e+03  1.1e+03
  2160 -8.13090e-04  1.763e-03  2.038e-06   2.9e-05  1.8e-07  6.5e+03  1.2e+03
  2170 -8.15509e-04  1.762e-03  2.035e-06   2.9e-05  1.8e-07  6.5e+03  3.0e+02
  2180 -8.26163e-04  1.760e-03  2.023e-06   2.9e-05  1.8e-07  6.5e+03  6.2e+02
  2190 -8.48127e-04  1.756e-03  1.998e-06   2.9e-05  1.7e-07  6.5e+03  1.3e+03
  2200 -8.49427e-04  1.756e-03  1.996e-06   2.9e-05  1.7e-07  6.5e+03  1.1e+03
  2210 -8.60309e-04  1.754e-03  1.984e-06   2.9e-05  1.7e-07  6.5e+03  3.0e+02
  2220 -8.86730e-04  1.749e-03  1.954e-06   2.8e-05  1.7e-07  6.6e+03  4.1e+02
  2230 -8.87666e-04  1.749e-03  1.953e-06   2.8e-05  1.7e-07  6.6e+03  2.0e+03
  2240 -9.02620e-04  1.746e-03  1.937e-06   2.8e-05  1.7e-07  6.6e+03  5.8e+02
  2250 -9.30549e-04  1.741e-03  1.906e-06   2.8e-05  1.7e-07  6.6e+03  3.5e+03
  2260 -9.31242e-04  1.741e-03  1.906e-06   2.8e-05  1.7e-07  6.6e+03  6.5e+02
  2270 -9.59956e-04  1.736e-03  1.875e-06   2.8e-05  1.6e-07  6.6e+03  7.7e+02
  2280 -9.75937e-04  1.734e-03  1.858e-06   2.8e-05  1.6e-07  6.6e+03  2.3e+03
  2290 -9.77889e-04  1.734e-03  1.856e-06   2.8e-05  1.6e-07  6.7e+03  3.0e+02
  2300 -9.99640e-04  1.730e-03  1.834e-06   2.8e-05  1.6e-07  6.7e+03  3.0e+02
  2310 -1.01590e-03  1.727e-03  1.817e-06   2.8e-05  1.6e-07  6.7e+03  4.3e+02
 
   itn      x(1)       norm r    norm Ar  compatible   LS      norm A   cond A
  2320 -1.02038e-03  1.727e-03  1.813e-06   2.8e-05  1.6e-07  6.7e+03  3.0e+02
  2330 -1.03732e-03  1.724e-03  1.796e-06   2.8e-05  1.6e-07  6.7e+03  1.2e+03
  2340 -1.04494e-03  1.723e-03  1.788e-06   2.8e-05  1.5e-07  6.7e+03  3.1e+03
  2350 -1.06774e-03  1.720e-03  1.765e-06   2.8e-05  1.5e-07  6.7e+03  1.1e+03
  2360 -1.07187e-03  1.719e-03  1.761e-06   2.8e-05  1.5e-07  6.8e+03  3.1e+03
  2370 -1.07551e-03  1.718e-03  1.758e-06   2.8e-05  1.5e-07  6.8e+03  5.9e+02
  2380 -1.09971e-03  1.715e-03  1.734e-06   2.8e-05  1.5e-07  6.8e+03  3.0e+02
  2390 -1.10197e-03  1.715e-03  1.732e-06   2.8e-05  1.5e-07  6.8e+03  6.8e+02
  2400 -1.10425e-03  1.714e-03  1.730e-06   2.8e-05  1.5e-07  6.8e+03  3.0e+02
  2410 -1.13401e-03  1.710e-03  1.702e-06   2.8e-05  1.5e-07  6.8e+03  3.0e+02
  2420 -1.14769e-03  1.708e-03  1.689e-06   2.8e-05  1.4e-07  6.8e+03  3.0e+02
  2430 -1.14978e-03  1.708e-03  1.687e-06   2.8e-05  1.4e-07  6.9e+03  1.0e+03
  2440 -1.17555e-03  1.704e-03  1.664e-06   2.8e-05  1.4e-07  6.9e+03  6.9e+02
  2450 -1.18046e-03  1.704e-03  1.659e-06   2.8e-05  1.4e-07  6.9e+03  3.2e+03
  2460 -1.18359e-03  1.703e-03  1.656e-06   2.8e-05  1.4e-07  6.9e+03  1.1e+03
  2470 -1.20893e-03  1.700e-03  1.634e-06   2.8e-05  1.4e-07  6.9e+03  1.2e+03
  2480 -1.21045e-03  1.700e-03  1.633e-06   2.8e-05  1.4e-07  6.9e+03  1.2e+04
  2490 -1.22927e-03  1.697e-03  1.617e-06   2.8e-05  1.4e-07  6.9e+03  3.0e+02
  2500 -1.24654e-03  1.695e-03  1.603e-06   2.8e-05  1.4e-07  7.0e+03  1.1e+03
  2510 -1.25008e-03  1.695e-03  1.600e-06   2.8e-05  1.4e-07  7.0e+03  4.3e+02
 
   itn      x(1)       norm r    norm Ar  compatible   LS      norm A   cond A
  2520 -1.25172e-03  1.695e-03  1.598e-06   2.8e-05  1.4e-07  7.0e+03  3.0e+02
  2530 -1.27833e-03  1.691e-03  1.578e-06   2.8e-05  1.3e-07  7.0e+03  4.7e+02
  2540 -1.29309e-03  1.689e-03  1.566e-06   2.8e-05  1.3e-07  7.0e+03  5.0e+03
  2550 -1.29579e-03  1.689e-03  1.564e-06   2.8e-05  1.3e-07  7.0e+03  3.0e+02
  2560 -1.32879e-03  1.685e-03  1.540e-06   2.7e-05  1.3e-07  7.0e+03  8.8e+02
  2570 -1.33268e-03  1.685e-03  1.537e-06   2.7e-05  1.3e-07  7.1e+03  4.1e+03
  2580 -1.33342e-03  1.685e-03  1.537e-06   2.7e-05  1.3e-07  7.1e+03  3.0e+02
  2590 -1.35492e-03  1.682e-03  1.521e-06   2.7e-05  1.3e-07  7.1e+03  1.8e+03
  2600 -1.35813e-03  1.682e-03  1.519e-06   2.7e-05  1.3e-07  7.1e+03  4.9e+03
  2610 -1.36222e-03  1.681e-03  1.516e-06   2.7e-05  1.3e-07  7.1e+03  1.1e+03
  2620 -1.39410e-03  1.678e-03  1.495e-06   2.7e-05  1.3e-07  7.1e+03  8.2e+02
  2630 -1.39608e-03  1.678e-03  1.493e-06   2.7e-05  1.2e-07  7.1e+03  2.7e+03
  2640 -1.40499e-03  1.677e-03  1.487e-06   2.7e-05  1.2e-07  7.2e+03  3.1e+02
  2650 -1.41459e-03  1.676e-03  1.481e-06   2.7e-05  1.2e-07  7.2e+03  3.0e+02
  2660 -1.41589e-03  1.676e-03  1.480e-06   2.7e-05  1.2e-07  7.2e+03  2.9e+03
  2670 -1.46366e-03  1.671e-03  1.450e-06   2.7e-05  1.2e-07  7.2e+03  1.5e+03
  2680 -1.46479e-03  1.670e-03  1.449e-06   2.7e-05  1.2e-07  7.2e+03  3.0e+02
  2690 -1.47148e-03  1.670e-03  1.445e-06   2.7e-05  1.2e-07  7.2e+03  1.4e+03
  2700 -1.49994e-03  1.667e-03  1.428e-06   2.7e-05  1.2e-07  7.2e+03  1.2e+03
  2710 -1.50251e-03  1.667e-03  1.426e-06   2.7e-05  1.2e-07  7.2e+03  6.4e+02
 
   itn      x(1)       norm r    norm Ar  compatible   LS      norm A   cond A
  2720 -1.50938e-03  1.666e-03  1.422e-06   2.7e-05  1.2e-07  7.3e+03  3.0e+02
  2730 -1.53326e-03  1.664e-03  1.408e-06   2.7e-05  1.2e-07  7.3e+03  1.9e+03
  2740 -1.53855e-03  1.663e-03  1.405e-06   2.7e-05  1.2e-07  7.3e+03  5.4e+02
  2750 -1.53990e-03  1.663e-03  1.404e-06   2.7e-05  1.2e-07  7.3e+03  3.0e+02
  2760 -1.54820e-03  1.662e-03  1.400e-06   2.7e-05  1.2e-07  7.3e+03  3.0e+02
  2770 -1.57217e-03  1.660e-03  1.386e-06   2.7e-05  1.1e-07  7.3e+03  5.2e+03
  2780 -1.57560e-03  1.660e-03  1.384e-06   2.7e-05  1.1e-07  7.3e+03  1.6e+03
  2790 -1.60734e-03  1.657e-03  1.367e-06   2.7e-05  1.1e-07  7.4e+03  3.0e+02
  2800 -1.61725e-03  1.656e-03  1.362e-06   2.7e-05  1.1e-07  7.4e+03  3.0e+02
  2810 -1.61855e-03  1.656e-03  1.361e-06   2.7e-05  1.1e-07  7.4e+03  4.7e+03
  2820 -1.64495e-03  1.653e-03  1.347e-06   2.7e-05  1.1e-07  7.4e+03  3.0e+02
  2830 -1.66999e-03  1.651e-03  1.334e-06   2.7e-05  1.1e-07  7.4e+03  3.1e+02
  2840 -1.67099e-03  1.651e-03  1.333e-06   2.7e-05  1.1e-07  7.4e+03  1.5e+03
  2850 -1.68894e-03  1.649e-03  1.324e-06   2.7e-05  1.1e-07  7.4e+03  3.0e+02
  2860 -1.69428e-03  1.649e-03  1.322e-06   2.7e-05  1.1e-07  7.4e+03  7.0e+03
  2870 -1.70267e-03  1.648e-03  1.318e-06   2.7e-05  1.1e-07  7.5e+03  3.0e+02
  2880 -1.75634e-03  1.644e-03  1.291e-06   2.7e-05  1.1e-07  7.5e+03  1.5e+03
  2890 -1.75789e-03  1.644e-03  1.290e-06   2.7e-05  1.0e-07  7.5e+03  2.2e+03
  2900 -1.78239e-03  1.642e-03  1.279e-06   2.7e-05  1.0e-07  7.5e+03  1.2e+03
  2910 -1.79054e-03  1.641e-03  1.275e-06   2.7e-05  1.0e-07  7.5e+03  3.0e+02
 
   itn      x(1)       norm r    norm Ar  compatible   LS      norm A   cond A
  2920 -1.80729e-03  1.640e-03  1.267e-06   2.7e-05  1.0e-07  7.5e+03  8.4e+02
  2930 -1.83028e-03  1.638e-03  1.256e-06   2.7e-05  1.0e-07  7.5e+03  8.0e+03
  2940 -1.83820e-03  1.637e-03  1.252e-06   2.7e-05  1.0e-07  7.5e+03  3.0e+02
  2950 -1.88584e-03  1.634e-03  1.230e-06   2.7e-05  1.0e-07  7.6e+03  3.0e+02
  2960 -1.89095e-03  1.634e-03  1.228e-06   2.7e-05  9.9e-08  7.6e+03  4.4e+03
  2970 -1.89174e-03  1.633e-03  1.228e-06   2.7e-05  9.9e-08  7.6e+03  3.0e+02
  2980 -1.92927e-03  1.631e-03  1.212e-06   2.7e-05  9.8e-08  7.6e+03  7.7e+02
  2990 -1.94829e-03  1.629e-03  1.203e-06   2.7e-05  9.7e-08  7.6e+03  5.6e+03
  3000 -1.95233e-03  1.629e-03  1.202e-06   2.7e-05  9.7e-08  7.6e+03  3.0e+02
  3010 -1.98747e-03  1.627e-03  1.187e-06   2.6e-05  9.6e-08  7.6e+03  3.0e+02
  3020 -1.98889e-03  1.627e-03  1.186e-06   2.6e-05  9.5e-08  7.6e+03  5.8e+03
  3030 -1.99205e-03  1.626e-03  1.185e-06   2.6e-05  9.5e-08  7.7e+03  3.0e+02
  3040 -2.02323e-03  1.624e-03  1.172e-06   2.6e-05  9.4e-08  7.7e+03  3.0e+02
  3050 -2.04628e-03  1.623e-03  1.162e-06   2.6e-05  9.3e-08  7.7e+03  3.0e+02
  3060 -2.05094e-03  1.622e-03  1.160e-06   2.6e-05  9.3e-08  7.7e+03  2.2e+03
  3070 -2.05561e-03  1.622e-03  1.158e-06   2.6e-05  9.3e-08  7.7e+03  2.0e+03
  3080 -2.09604e-03  1.620e-03  1.142e-06   2.6e-05  9.1e-08  7.7e+03  4.2e+02
  3090 -2.13902e-03  1.617e-03  1.125e-06   2.6e-05  9.0e-08  7.7e+03  5.3e+03
  3100 -2.14499e-03  1.617e-03  1.123e-06   2.6e-05  9.0e-08  7.7e+03  1.4e+03
  3110 -2.20133e-03  1.613e-03  1.100e-06   2.6e-05  8.8e-08  7.8e+03  1.1e+03
 
   itn      x(1)       norm r    norm Ar  compatible   LS      norm A   cond A
  3120 -2.20367e-03  1.613e-03  1.099e-06   2.6e-05  8.8e-08  7.8e+03  3.0e+02
  3130 -2.22204e-03  1.612e-03  1.092e-06   2.6e-05  8.7e-08  7.8e+03  6.7e+02
  3140 -2.26759e-03  1.609e-03  1.074e-06   2.6e-05  8.6e-08  7.8e+03  1.0e+03
  3150 -2.27158e-03  1.609e-03  1.072e-06   2.6e-05  8.5e-08  7.8e+03  3.0e+02
  3160 -2.31138e-03  1.607e-03  1.057e-06   2.6e-05  8.4e-08  7.8e+03  3.0e+02
  3170 -2.31840e-03  1.607e-03  1.054e-06   2.6e-05  8.4e-08  7.8e+03  4.9e+03
  3180 -2.32067e-03  1.606e-03  1.053e-06   2.6e-05  8.4e-08  7.8e+03  3.0e+02
  3190 -2.35206e-03  1.605e-03  1.041e-06   2.6e-05  8.3e-08  7.9e+03  3.0e+02
  3200 -2.38267e-03  1.603e-03  1.029e-06   2.6e-05  8.2e-08  7.9e+03  2.4e+03
  3210 -2.38613e-03  1.603e-03  1.028e-06   2.6e-05  8.1e-08  7.9e+03  2.9e+03
  3220 -2.42532e-03  1.601e-03  1.013e-06   2.6e-05  8.0e-08  7.9e+03  3.6e+02
  3230 -2.44262e-03  1.600e-03  1.006e-06   2.6e-05  7.9e-08  7.9e+03  2.3e+03
  3240 -2.44655e-03  1.600e-03  1.004e-06   2.6e-05  7.9e-08  7.9e+03  3.0e+02
  3250 -2.48339e-03  1.598e-03  9.902e-07   2.6e-05  7.8e-08  7.9e+03  3.8e+02
  3260 -2.54198e-03  1.596e-03  9.674e-07   2.6e-05  7.6e-08  7.9e+03  2.5e+03
  3270 -2.54443e-03  1.595e-03  9.665e-07   2.6e-05  7.6e-08  8.0e+03  3.3e+03
  3280 -2.54875e-03  1.595e-03  9.649e-07   2.6e-05  7.6e-08  8.0e+03  3.5e+02
  3290 -2.62744e-03  1.592e-03  9.347e-07   2.6e-05  7.4e-08  8.0e+03  2.1e+03
  3300 -2.62958e-03  1.592e-03  9.339e-07   2.6e-05  7.3e-08  8.0e+03  2.1e+03
  3310 -2.65965e-03  1.590e-03  9.226e-07   2.6e-05  7.2e-08  8.0e+03  3.0e+02
 
   itn      x(1)       norm r    norm Ar  compatible   LS      norm A   cond A
  3320 -2.70014e-03  1.589e-03  9.072e-07   2.6e-05  7.1e-08  8.0e+03  3.0e+02
  3330 -2.70254e-03  1.589e-03  9.063e-07   2.6e-05  7.1e-08  8.0e+03  2.5e+03
  3340 -2.72171e-03  1.588e-03  8.992e-07   2.6e-05  7.0e-08  8.0e+03  3.0e+02
  3350 -2.75332e-03  1.587e-03  8.874e-07   2.6e-05  6.9e-08  8.1e+03  5.2e+02
  3360 -2.75519e-03  1.587e-03  8.867e-07   2.6e-05  6.9e-08  8.1e+03  1.8e+03
  3370 -2.76258e-03  1.586e-03  8.840e-07   2.6e-05  6.9e-08  8.1e+03  1.7e+03
  3380 -2.83044e-03  1.584e-03  8.591e-07   2.6e-05  6.7e-08  8.1e+03  3.0e+02
  3390 -2.83429e-03  1.584e-03  8.577e-07   2.6e-05  6.7e-08  8.1e+03  3.0e+03
  3400 -2.84411e-03  1.583e-03  8.542e-07   2.6e-05  6.6e-08  8.1e+03  5.8e+02
  3410 -2.90414e-03  1.581e-03  8.326e-07   2.6e-05  6.5e-08  8.1e+03  3.0e+02
  3420 -2.92176e-03  1.581e-03  8.262e-07   2.6e-05  6.4e-08  8.1e+03  4.3e+02
  3430 -2.94132e-03  1.580e-03  8.190e-07   2.6e-05  6.4e-08  8.2e+03  2.3e+03
  3440 -2.94268e-03  1.580e-03  8.185e-07   2.6e-05  6.3e-08  8.2e+03  2.6e+03
  3450 -2.98040e-03  1.579e-03  8.053e-07   2.6e-05  6.2e-08  8.2e+03  3.0e+02
  3460 -2.99954e-03  1.578e-03  7.985e-07   2.6e-05  6.2e-08  8.2e+03  7.4e+02
  3470 -3.00093e-03  1.578e-03  7.980e-07   2.6e-05  6.2e-08  8.2e+03  2.0e+03
  3480 -3.02768e-03  1.577e-03  7.888e-07   2.6e-05  6.1e-08  8.2e+03  3.0e+02
  3490 -3.03463e-03  1.577e-03  7.864e-07   2.6e-05  6.1e-08  8.2e+03  2.9e+03
  3500 -3.03717e-03  1.577e-03  7.856e-07   2.6e-05  6.0e-08  8.2e+03  3.0e+03
  3510 -3.08237e-03  1.576e-03  7.702e-07   2.6e-05  5.9e-08  8.2e+03  2.6e+03
 
   itn      x(1)       norm r    norm Ar  compatible   LS      norm A   cond A
  3520 -3.08336e-03  1.576e-03  7.698e-07   2.6e-05  5.9e-08  8.3e+03  4.4e+03
  3530 -3.09373e-03  1.575e-03  7.665e-07   2.6e-05  5.9e-08  8.3e+03  1.2e+03
  3540 -3.13842e-03  1.574e-03  7.521e-07   2.6e-05  5.8e-08  8.3e+03  3.0e+02
  3550 -3.14488e-03  1.574e-03  7.500e-07   2.6e-05  5.7e-08  8.3e+03  4.2e+03
  3560 -3.14601e-03  1.574e-03  7.496e-07   2.6e-05  5.7e-08  8.3e+03  2.9e+03
  3570 -3.15789e-03  1.574e-03  7.460e-07   2.6e-05  5.7e-08  8.3e+03  3.0e+02
  3580 -3.19594e-03  1.573e-03  7.341e-07   2.6e-05  5.6e-08  8.3e+03  5.1e+02
  3590 -3.19710e-03  1.573e-03  7.338e-07   2.6e-05  5.6e-08  8.3e+03  2.6e+03
  3600 -3.22402e-03  1.572e-03  7.258e-07   2.6e-05  5.5e-08  8.4e+03  4.0e+02
  3610 -3.24048e-03  1.572e-03  7.209e-07   2.6e-05  5.5e-08  8.4e+03  3.0e+02
  3620 -3.24171e-03  1.572e-03  7.205e-07   2.6e-05  5.5e-08  8.4e+03  5.0e+02
  3630 -3.26220e-03  1.571e-03  7.147e-07   2.6e-05  5.4e-08  8.4e+03  3.0e+02
  3640 -3.28987e-03  1.570e-03  7.067e-07   2.6e-05  5.4e-08  8.4e+03  2.6e+03
  3650 -3.29142e-03  1.570e-03  7.063e-07   2.6e-05  5.3e-08  8.4e+03  3.0e+02
  3660 -3.29936e-03  1.570e-03  7.041e-07   2.6e-05  5.3e-08  8.4e+03  1.0e+03
  3670 -3.32429e-03  1.570e-03  6.972e-07   2.6e-05  5.3e-08  8.4e+03  1.3e+03
  3680 -3.33407e-03  1.569e-03  6.945e-07   2.6e-05  5.2e-08  8.4e+03  3.0e+02
  3690 -3.34284e-03  1.569e-03  6.922e-07   2.6e-05  5.2e-08  8.5e+03  4.1e+02
  3700 -3.36897e-03  1.569e-03  6.850e-07   2.6e-05  5.2e-08  8.5e+03  1.3e+03
  3710 -3.37247e-03  1.568e-03  6.841e-07   2.6e-05  5.1e-08  8.5e+03  3.0e+02
 
   itn      x(1)       norm r    norm Ar  compatible   LS      norm A   cond A
  3720 -3.37349e-03  1.568e-03  6.838e-07   2.6e-05  5.1e-08  8.5e+03  1.1e+03
  3730 -3.42424e-03  1.567e-03  6.706e-07   2.6e-05  5.0e-08  8.5e+03  6.7e+02
  3740 -3.42588e-03  1.567e-03  6.702e-07   2.6e-05  5.0e-08  8.5e+03  6.5e+02
  3750 -3.43966e-03  1.567e-03  6.667e-07   2.6e-05  5.0e-08  8.5e+03  3.0e+02
  3760 -3.46605e-03  1.566e-03  6.601e-07   2.6e-05  4.9e-08  8.5e+03  3.2e+03
  3770 -3.46835e-03  1.566e-03  6.596e-07   2.6e-05  4.9e-08  8.5e+03  4.2e+02
  3780 -3.49007e-03  1.566e-03  6.543e-07   2.5e-05  4.9e-08  8.6e+03  3.0e+02
  3790 -3.51195e-03  1.565e-03  6.489e-07   2.5e-05  4.8e-08  8.6e+03  1.9e+03
  3800 -3.54178e-03  1.565e-03  6.419e-07   2.5e-05  4.8e-08  8.6e+03  3.0e+02
  3810 -3.57446e-03  1.564e-03  6.342e-07   2.5e-05  4.7e-08  8.6e+03  5.0e+02
  3820 -3.57709e-03  1.564e-03  6.336e-07   2.5e-05  4.7e-08  8.6e+03  2.6e+03
  3830 -3.60950e-03  1.564e-03  6.262e-07   2.5e-05  4.6e-08  8.6e+03  3.0e+02
  3840 -3.62678e-03  1.563e-03  6.223e-07   2.5e-05  4.6e-08  8.6e+03  3.0e+02
  3850 -3.62831e-03  1.563e-03  6.220e-07   2.5e-05  4.6e-08  8.6e+03  3.9e+03
  3860 -3.63524e-03  1.563e-03  6.204e-07   2.5e-05  4.6e-08  8.7e+03  1.1e+03
  3870 -3.67168e-03  1.562e-03  6.124e-07   2.5e-05  4.5e-08  8.7e+03  3.9e+03
  3880 -3.67378e-03  1.562e-03  6.119e-07   2.5e-05  4.5e-08  8.7e+03  3.0e+02
  3890 -3.70287e-03  1.562e-03  6.058e-07   2.5e-05  4.5e-08  8.7e+03  6.1e+02
  3900 -3.71192e-03  1.562e-03  6.039e-07   2.5e-05  4.4e-08  8.7e+03  3.9e+03
  3910 -3.71467e-03  1.562e-03  6.033e-07   2.5e-05  4.4e-08  8.7e+03  3.0e+02
 
   itn      x(1)       norm r    norm Ar  compatible   LS      norm A   cond A
  3920 -3.73051e-03  1.561e-03  6.001e-07   2.5e-05  4.4e-08  8.7e+03  3.0e+02
  3930 -3.75727e-03  1.561e-03  5.945e-07   2.5e-05  4.4e-08  8.7e+03  1.4e+03
  3940 -3.75869e-03  1.561e-03  5.943e-07   2.5e-05  4.4e-08  8.7e+03  9.7e+02
  3950 -3.78158e-03  1.561e-03  5.897e-07   2.5e-05  4.3e-08  8.8e+03  3.0e+02
  3960 -3.78652e-03  1.560e-03  5.887e-07   2.5e-05  4.3e-08  8.8e+03  5.0e+03
  3970 -3.79932e-03  1.560e-03  5.862e-07   2.5e-05  4.3e-08  8.8e+03  9.6e+02
  3980 -3.81651e-03  1.560e-03  5.828e-07   2.5e-05  4.3e-08  8.8e+03  3.0e+02
  3990 -3.82879e-03  1.560e-03  5.803e-07   2.5e-05  4.2e-08  8.8e+03  3.2e+03
  4000 -3.82998e-03  1.560e-03  5.801e-07   2.5e-05  4.2e-08  8.8e+03  6.7e+03
  4010 -3.85334e-03  1.559e-03  5.757e-07   2.5e-05  4.2e-08  8.8e+03  8.5e+02
  4020 -3.89075e-03  1.559e-03  5.686e-07   2.5e-05  4.1e-08  8.8e+03  3.0e+02
  4030 -3.89210e-03  1.559e-03  5.683e-07   2.5e-05  4.1e-08  8.8e+03  4.0e+03
  4040 -3.91352e-03  1.558e-03  5.645e-07   2.5e-05  4.1e-08  8.8e+03  3.0e+02
  4050 -3.93294e-03  1.558e-03  5.609e-07   2.5e-05  4.1e-08  8.9e+03  1.2e+03
  4060 -3.94771e-03  1.558e-03  5.583e-07   2.5e-05  4.0e-08  8.9e+03  3.0e+02
  4070 -3.96472e-03  1.558e-03  5.553e-07   2.5e-05  4.0e-08  8.9e+03  3.0e+02
  4080 -3.97246e-03  1.558e-03  5.539e-07   2.5e-05  4.0e-08  8.9e+03  7.4e+03
  4090 -3.98647e-03  1.557e-03  5.515e-07   2.5e-05  4.0e-08  8.9e+03  3.0e+02
  4100 -4.01882e-03  1.557e-03  5.460e-07   2.5e-05  3.9e-08  8.9e+03  3.0e+02
  4110 -4.02108e-03  1.557e-03  5.456e-07   2.5e-05  3.9e-08  8.9e+03  6.0e+03
 
   itn      x(1)       norm r    norm Ar  compatible   LS      norm A   cond A
  4120 -4.02953e-03  1.557e-03  5.442e-07   2.5e-05  3.9e-08  8.9e+03  1.4e+03
  4130 -4.05335e-03  1.556e-03  5.403e-07   2.5e-05  3.9e-08  8.9e+03  4.8e+02
  4140 -4.05510e-03  1.556e-03  5.400e-07   2.5e-05  3.9e-08  9.0e+03  6.4e+03
  4150 -4.07334e-03  1.556e-03  5.371e-07   2.5e-05  3.8e-08  9.0e+03  5.6e+02
  4160 -4.10729e-03  1.556e-03  5.317e-07   2.5e-05  3.8e-08  9.0e+03  3.0e+02
  4170 -4.10808e-03  1.556e-03  5.316e-07   2.5e-05  3.8e-08  9.0e+03  4.4e+02
  4180 -4.11071e-03  1.556e-03  5.312e-07   2.5e-05  3.8e-08  9.0e+03  2.3e+03
  4190 -4.15643e-03  1.555e-03  5.243e-07   2.5e-05  3.7e-08  9.0e+03  1.4e+03
  4200 -4.15884e-03  1.555e-03  5.240e-07   2.5e-05  3.7e-08  9.0e+03  4.0e+02
  4210 -4.18655e-03  1.555e-03  5.200e-07   2.5e-05  3.7e-08  9.0e+03  7.4e+02
  4220 -4.20368e-03  1.554e-03  5.175e-07   2.5e-05  3.7e-08  9.0e+03  1.7e+03
  4230 -4.20687e-03  1.554e-03  5.170e-07   2.5e-05  3.7e-08  9.1e+03  2.8e+03
  4240 -4.24633e-03  1.554e-03  5.115e-07   2.5e-05  3.6e-08  9.1e+03  3.0e+02
  4250 -4.25961e-03  1.554e-03  5.097e-07   2.5e-05  3.6e-08  9.1e+03  2.0e+03
  4260 -4.26395e-03  1.554e-03  5.091e-07   2.5e-05  3.6e-08  9.1e+03  3.0e+02
  4270 -4.29345e-03  1.553e-03  5.050e-07   2.5e-05  3.6e-08  9.1e+03  6.4e+02
  4280 -4.29688e-03  1.553e-03  5.046e-07   2.5e-05  3.6e-08  9.1e+03  4.0e+03
  4290 -4.29856e-03  1.553e-03  5.044e-07   2.5e-05  3.6e-08  9.1e+03  4.4e+03
  4300 -4.31612e-03  1.553e-03  5.021e-07   2.5e-05  3.5e-08  9.1e+03  5.1e+02
  4310 -4.34990e-03  1.553e-03  4.977e-07   2.5e-05  3.5e-08  9.1e+03  9.0e+02
 
   itn      x(1)       norm r    norm Ar  compatible   LS      norm A   cond A
  4320 -4.35130e-03  1.553e-03  4.975e-07   2.5e-05  3.5e-08  9.2e+03  2.7e+03
  4330 -4.37202e-03  1.552e-03  4.949e-07   2.5e-05  3.5e-08  9.2e+03  5.6e+02
  4340 -4.38140e-03  1.552e-03  4.937e-07   2.5e-05  3.5e-08  9.2e+03  3.0e+02
  4350 -4.38663e-03  1.552e-03  4.930e-07   2.5e-05  3.5e-08  9.2e+03  3.0e+02
  4360 -4.41935e-03  1.552e-03  4.890e-07   2.5e-05  3.4e-08  9.2e+03  2.9e+03
  4370 -4.42138e-03  1.552e-03  4.888e-07   2.5e-05  3.4e-08  9.2e+03  3.5e+02
  4380 -4.42685e-03  1.552e-03  4.881e-07   2.5e-05  3.4e-08  9.2e+03  1.3e+03
  4390 -4.48046e-03  1.551e-03  4.818e-07   2.5e-05  3.4e-08  9.2e+03  3.0e+02
  4400 -4.48280e-03  1.551e-03  4.815e-07   2.5e-05  3.4e-08  9.2e+03  6.8e+03
  4410 -4.48506e-03  1.551e-03  4.813e-07   2.5e-05  3.4e-08  9.2e+03  3.0e+02
  4420 -4.52949e-03  1.550e-03  4.762e-07   2.5e-05  3.3e-08  9.3e+03  7.4e+02
  4430 -4.53547e-03  1.550e-03  4.755e-07   2.5e-05  3.3e-08  9.3e+03  7.4e+03
  4440 -4.55174e-03  1.550e-03  4.737e-07   2.5e-05  3.3e-08  9.3e+03  3.0e+02
  4450 -4.58430e-03  1.550e-03  4.701e-07   2.5e-05  3.3e-08  9.3e+03  3.0e+02
  4460 -4.58636e-03  1.550e-03  4.699e-07   2.5e-05  3.3e-08  9.3e+03  5.8e+02
  4470 -4.61935e-03  1.550e-03  4.663e-07   2.5e-05  3.2e-08  9.3e+03  1.1e+03
  4480 -4.64568e-03  1.549e-03  4.634e-07   2.5e-05  3.2e-08  9.3e+03  6.8e+03
  4490 -4.64812e-03  1.549e-03  4.632e-07   2.5e-05  3.2e-08  9.3e+03  7.0e+03
  4500 -4.68338e-03  1.549e-03  4.595e-07   2.5e-05  3.2e-08  9.3e+03  6.9e+02
  4510 -4.69463e-03  1.549e-03  4.584e-07   2.5e-05  3.2e-08  9.3e+03  8.7e+02
 
   itn      x(1)       norm r    norm Ar  compatible   LS      norm A   cond A
  4520 -4.71541e-03  1.549e-03  4.562e-07   2.5e-05  3.1e-08  9.4e+03  3.0e+02
  4530 -4.72641e-03  1.548e-03  4.551e-07   2.5e-05  3.1e-08  9.4e+03  2.4e+03
  4540 -4.72771e-03  1.548e-03  4.549e-07   2.5e-05  3.1e-08  9.4e+03  8.9e+03
  4550 -4.77438e-03  1.548e-03  4.503e-07   2.5e-05  3.1e-08  9.4e+03  3.0e+02
  4560 -4.78855e-03  1.548e-03  4.489e-07   2.5e-05  3.1e-08  9.4e+03  7.0e+03
  4570 -4.78990e-03  1.548e-03  4.488e-07   2.5e-05  3.1e-08  9.4e+03  7.0e+03
  4580 -4.83561e-03  1.547e-03  4.444e-07   2.5e-05  3.0e-08  9.4e+03  3.3e+02
  4590 -4.84565e-03  1.547e-03  4.434e-07   2.5e-05  3.0e-08  9.4e+03  7.5e+02
  4600 -4.84751e-03  1.547e-03  4.432e-07   2.5e-05  3.0e-08  9.4e+03  3.3e+02
  4610 -4.86287e-03  1.547e-03  4.418e-07   2.5e-05  3.0e-08  9.5e+03  1.9e+03
  4620 -4.87494e-03  1.547e-03  4.407e-07   2.5e-05  3.0e-08  9.5e+03  3.4e+02
  4630 -4.87697e-03  1.547e-03  4.405e-07   2.5e-05  3.0e-08  9.5e+03  3.3e+02
  4640 -4.92078e-03  1.547e-03  4.365e-07   2.5e-05  3.0e-08  9.5e+03  1.2e+03
  4650 -4.93130e-03  1.546e-03  4.355e-07   2.5e-05  3.0e-08  9.5e+03  2.5e+03
  4660 -4.93317e-03  1.546e-03  4.353e-07   2.5e-05  3.0e-08  9.5e+03  1.4e+03
  4670 -4.97531e-03  1.546e-03  4.316e-07   2.5e-05  2.9e-08  9.5e+03  1.1e+03
  4680 -4.98058e-03  1.546e-03  4.312e-07   2.5e-05  2.9e-08  9.5e+03  4.5e+03
  4690 -4.98266e-03  1.546e-03  4.310e-07   2.5e-05  2.9e-08  9.5e+03  5.8e+03
  4700 -5.00506e-03  1.546e-03  4.290e-07   2.5e-05  2.9e-08  9.5e+03  1.8e+03
  4710 -5.01774e-03  1.546e-03  4.280e-07   2.5e-05  2.9e-08  9.6e+03  8.7e+03
 
   itn      x(1)       norm r    norm Ar  compatible   LS      norm A   cond A
  4720 -5.01869e-03  1.546e-03  4.279e-07   2.5e-05  2.9e-08  9.6e+03  3.3e+02
  4730 -5.04329e-03  1.545e-03  4.259e-07   2.5e-05  2.9e-08  9.6e+03  3.3e+02
  4740 -5.07500e-03  1.545e-03  4.232e-07   2.5e-05  2.9e-08  9.6e+03  1.7e+03
  4750 -5.07584e-03  1.545e-03  4.232e-07   2.5e-05  2.9e-08  9.6e+03  8.1e+03
  4760 -5.09686e-03  1.545e-03  4.215e-07   2.5e-05  2.8e-08  9.6e+03  3.3e+02
  4770 -5.13828e-03  1.545e-03  4.183e-07   2.5e-05  2.8e-08  9.6e+03  1.3e+03
  4780 -5.14356e-03  1.545e-03  4.179e-07   2.5e-05  2.8e-08  9.6e+03  7.4e+03
  4790 -5.16957e-03  1.544e-03  4.160e-07   2.5e-05  2.8e-08  9.6e+03  3.3e+02
  4800 -5.19124e-03  1.544e-03  4.144e-07   2.5e-05  2.8e-08  9.6e+03  2.3e+03
  4810 -5.19251e-03  1.544e-03  4.143e-07   2.5e-05  2.8e-08  9.7e+03  5.4e+03
  4820 -5.23878e-03  1.544e-03  4.110e-07   2.5e-05  2.8e-08  9.7e+03  7.7e+02
  4830 -5.24017e-03  1.544e-03  4.109e-07   2.5e-05  2.8e-08  9.7e+03  4.4e+02
  4840 -5.25102e-03  1.544e-03  4.101e-07   2.5e-05  2.7e-08  9.7e+03  1.1e+03
  4850 -5.28293e-03  1.543e-03  4.079e-07   2.5e-05  2.7e-08  9.7e+03  6.2e+02
  4860 -5.28417e-03  1.543e-03  4.078e-07   2.5e-05  2.7e-08  9.7e+03  1.5e+03
  4870 -5.32988e-03  1.543e-03  4.048e-07   2.5e-05  2.7e-08  9.7e+03  1.3e+03
  4880 -5.34073e-03  1.543e-03  4.041e-07   2.5e-05  2.7e-08  9.7e+03  9.8e+03
  4890 -5.34824e-03  1.543e-03  4.036e-07   2.5e-05  2.7e-08  9.7e+03  3.8e+02
  4900 -5.38544e-03  1.543e-03  4.012e-07   2.5e-05  2.7e-08  9.7e+03  3.3e+02
  4910 -5.40111e-03  1.542e-03  4.002e-07   2.5e-05  2.7e-08  9.8e+03  4.7e+03
 
   itn      x(1)       norm r    norm Ar  compatible   LS      norm A   cond A
  4920 -5.40390e-03  1.542e-03  4.000e-07   2.5e-05  2.7e-08  9.8e+03  7.2e+03
  4930 -5.40679e-03  1.542e-03  3.998e-07   2.5e-05  2.7e-08  9.8e+03  3.3e+02
  4940 -5.47547e-03  1.542e-03  3.956e-07   2.5e-05  2.6e-08  9.8e+03  2.0e+03
  4950 -5.48848e-03  1.542e-03  3.948e-07   2.5e-05  2.6e-08  9.8e+03  3.5e+03
  4960 -5.49055e-03  1.542e-03  3.946e-07   2.5e-05  2.6e-08  9.8e+03  5.9e+03
  4970 -5.52406e-03  1.541e-03  3.927e-07   2.5e-05  2.6e-08  9.8e+03  1.2e+03
  4980 -5.53132e-03  1.541e-03  3.922e-07   2.5e-05  2.6e-08  9.8e+03  5.7e+03
  4990 -5.53433e-03  1.541e-03  3.921e-07   2.5e-05  2.6e-08  9.8e+03  3.3e+02
  5000 -5.59192e-03  1.541e-03  3.887e-07   2.5e-05  2.6e-08  9.8e+03  3.5e+02
  5010 -5.59325e-03  1.541e-03  3.886e-07   2.5e-05  2.6e-08  9.9e+03  1.1e+04
  5020 -5.59660e-03  1.541e-03  3.885e-07   2.5e-05  2.6e-08  9.9e+03  3.3e+02
  5030 -5.64027e-03  1.541e-03  3.860e-07   2.5e-05  2.5e-08  9.9e+03  3.3e+02
  5040 -5.64245e-03  1.541e-03  3.859e-07   2.5e-05  2.5e-08  9.9e+03  5.1e+03
  5050 -5.67852e-03  1.540e-03  3.839e-07   2.5e-05  2.5e-08  9.9e+03  6.6e+02
  5060 -5.69287e-03  1.540e-03  3.831e-07   2.5e-05  2.5e-08  9.9e+03  7.8e+03
  5070 -5.70660e-03  1.540e-03  3.824e-07   2.5e-05  2.5e-08  9.9e+03  2.9e+03
  5080 -5.72017e-03  1.540e-03  3.816e-07   2.5e-05  2.5e-08  9.9e+03  1.4e+03
  5090 -5.72134e-03  1.540e-03  3.816e-07   2.5e-05  2.5e-08  9.9e+03  5.8e+02
  5100 -5.78428e-03  1.540e-03  3.782e-07   2.5e-05  2.5e-08  9.9e+03  3.3e+02
  5110 -5.81197e-03  1.539e-03  3.768e-07   2.5e-05  2.5e-08  1.0e+04  2.1e+03
 
   itn      x(1)       norm r    norm Ar  compatible   LS      norm A   cond A
  5120 -5.81385e-03  1.539e-03  3.767e-07   2.5e-05  2.5e-08  1.0e+04  1.4e+03
  5130 -5.81744e-03  1.539e-03  3.765e-07   2.5e-05  2.5e-08  1.0e+04  3.3e+02
  5140 -5.87923e-03  1.539e-03  3.733e-07   2.5e-05  2.4e-08  1.0e+04  1.1e+03
  5150 -5.88443e-03  1.539e-03  3.731e-07   2.5e-05  2.4e-08  1.0e+04  1.8e+04
  5160 -5.91794e-03  1.539e-03  3.714e-07   2.5e-05  2.4e-08  1.0e+04  4.6e+02
  5170 -5.95246e-03  1.538e-03  3.697e-07   2.5e-05  2.4e-08  1.0e+04  2.4e+03
  5180 -5.95540e-03  1.538e-03  3.695e-07   2.5e-05  2.4e-08  1.0e+04  4.8e+03
  5190 -5.98010e-03  1.538e-03  3.683e-07   2.5e-05  2.4e-08  1.0e+04  6.6e+02
  5200 -5.99295e-03  1.538e-03  3.677e-07   2.5e-05  2.4e-08  1.0e+04  3.9e+03
  5210 -5.99520e-03  1.538e-03  3.676e-07   2.5e-05  2.4e-08  1.0e+04  2.8e+03
  5220 -6.01490e-03  1.538e-03  3.666e-07   2.5e-05  2.4e-08  1.0e+04  7.7e+02
  5230 -6.10279e-03  1.537e-03  3.625e-07   2.5e-05  2.3e-08  1.0e+04  3.3e+02
  5240 -6.10785e-03  1.537e-03  3.622e-07   2.5e-05  2.3e-08  1.0e+04  8.0e+03
  5250 -6.10924e-03  1.537e-03  3.621e-07   2.5e-05  2.3e-08  1.0e+04  8.0e+03
  5260 -6.15590e-03  1.537e-03  3.600e-07   2.5e-05  2.3e-08  1.0e+04  3.3e+02
  5270 -6.21392e-03  1.537e-03  3.574e-07   2.5e-05  2.3e-08  1.0e+04  4.5e+03
  5280 -6.21494e-03  1.537e-03  3.573e-07   2.5e-05  2.3e-08  1.0e+04  8.2e+03
  5290 -6.26839e-03  1.536e-03  3.549e-07   2.5e-05  2.3e-08  1.0e+04  1.3e+03
  5300 -6.29030e-03  1.536e-03  3.540e-07   2.5e-05  2.3e-08  1.0e+04  9.5e+03
  5310 -6.29223e-03  1.536e-03  3.539e-07   2.5e-05  2.3e-08  1.0e+04  2.8e+03
 
   itn      x(1)       norm r    norm Ar  compatible   LS      norm A   cond A
  5320 -6.34152e-03  1.536e-03  3.517e-07   2.5e-05  2.3e-08  1.0e+04  3.3e+02
  5330 -6.38353e-03  1.536e-03  3.499e-07   2.5e-05  2.2e-08  1.0e+04  1.6e+03
  5340 -6.38508e-03  1.536e-03  3.498e-07   2.5e-05  2.2e-08  1.0e+04  7.4e+02
  5350 -6.41434e-03  1.535e-03  3.486e-07   2.5e-05  2.2e-08  1.0e+04  3.3e+02
  5360 -6.45315e-03  1.535e-03  3.469e-07   2.5e-05  2.2e-08  1.0e+04  6.0e+03
  5370 -6.45613e-03  1.535e-03  3.468e-07   2.5e-05  2.2e-08  1.0e+04  4.2e+03
  5380 -6.48281e-03  1.535e-03  3.457e-07   2.5e-05  2.2e-08  1.0e+04  4.0e+02
  5390 -6.54474e-03  1.535e-03  3.431e-07   2.5e-05  2.2e-08  1.0e+04  2.8e+03
  5400 -6.54592e-03  1.535e-03  3.431e-07   2.5e-05  2.2e-08  1.0e+04  7.4e+03
  5410 -6.56962e-03  1.534e-03  3.421e-07   2.5e-05  2.2e-08  1.0e+04  7.7e+02
  5420 -6.59916e-03  1.534e-03  3.409e-07   2.5e-05  2.2e-08  1.0e+04  3.4e+03
  5430 -6.60290e-03  1.534e-03  3.407e-07   2.5e-05  2.2e-08  1.0e+04  5.0e+03
  5440 -6.65270e-03  1.534e-03  3.387e-07   2.5e-05  2.2e-08  1.0e+04  7.5e+02
  5450 -6.67678e-03  1.534e-03  3.378e-07   2.5e-05  2.1e-08  1.0e+04  9.7e+02
  5460 -6.70134e-03  1.534e-03  3.368e-07   2.5e-05  2.1e-08  1.0e+04  2.3e+03
  5470 -6.74627e-03  1.533e-03  3.350e-07   2.5e-05  2.1e-08  1.0e+04  4.9e+02
  5480 -6.75291e-03  1.533e-03  3.347e-07   2.5e-05  2.1e-08  1.0e+04  8.3e+02
  5490 -6.80384e-03  1.533e-03  3.327e-07   2.5e-05  2.1e-08  1.0e+04  3.3e+02
  5500 -6.81883e-03  1.533e-03  3.321e-07   2.5e-05  2.1e-08  1.0e+04  7.7e+03
  5510 -6.82173e-03  1.533e-03  3.320e-07   2.5e-05  2.1e-08  1.0e+04  4.0e+03
 
   itn      x(1)       norm r    norm Ar  compatible   LS      norm A   cond A
  5520 -6.89625e-03  1.533e-03  3.291e-07   2.5e-05  2.1e-08  1.0e+04  5.6e+02
  5530 -6.93123e-03  1.532e-03  3.277e-07   2.5e-05  2.1e-08  1.0e+04  9.5e+03
  5540 -6.93430e-03  1.532e-03  3.276e-07   2.5e-05  2.1e-08  1.0e+04  3.3e+02
  5550 -6.97519e-03  1.532e-03  3.261e-07   2.5e-05  2.1e-08  1.0e+04  3.9e+02
  5560 -7.02764e-03  1.532e-03  3.241e-07   2.5e-05  2.0e-08  1.0e+04  2.3e+03
  5570 -7.03029e-03  1.532e-03  3.240e-07   2.5e-05  2.0e-08  1.0e+04  3.3e+02
  5580 -7.04950e-03  1.532e-03  3.232e-07   2.5e-05  2.0e-08  1.0e+04  3.3e+02
  5590 -7.07272e-03  1.532e-03  3.224e-07   2.5e-05  2.0e-08  1.0e+04  4.0e+03
  5600 -7.08598e-03  1.532e-03  3.219e-07   2.5e-05  2.0e-08  1.0e+04  1.5e+03
  5610 -7.12001e-03  1.531e-03  3.206e-07   2.5e-05  2.0e-08  1.0e+04  3.3e+02
  5620 -7.12971e-03  1.531e-03  3.202e-07   2.5e-05  2.0e-08  1.0e+04  3.3e+03
  5630 -7.14209e-03  1.531e-03  3.198e-07   2.5e-05  2.0e-08  1.0e+04  6.8e+02
  5640 -7.24642e-03  1.531e-03  3.159e-07   2.5e-05  2.0e-08  1.0e+04  4.8e+02
  5650 -7.27090e-03  1.531e-03  3.150e-07   2.5e-05  2.0e-08  1.0e+04  4.0e+02
  5660 -7.27322e-03  1.531e-03  3.149e-07   2.5e-05  2.0e-08  1.0e+04  8.0e+02
  5670 -7.30573e-03  1.530e-03  3.138e-07   2.5e-05  2.0e-08  1.0e+04  4.4e+02
  5680 -7.33947e-03  1.530e-03  3.126e-07   2.5e-05  1.9e-08  1.0e+04  5.3e+02
  5690 -7.34343e-03  1.530e-03  3.124e-07   2.5e-05  1.9e-08  1.1e+04  3.3e+02
  5700 -7.44680e-03  1.530e-03  3.087e-07   2.5e-05  1.9e-08  1.1e+04  3.6e+02
  5710 -7.45554e-03  1.530e-03  3.084e-07   2.5e-05  1.9e-08  1.1e+04  1.4e+03
 
   itn      x(1)       norm r    norm Ar  compatible   LS      norm A   cond A
  5720 -7.45693e-03  1.530e-03  3.083e-07   2.5e-05  1.9e-08  1.1e+04  3.3e+02
  5730 -7.54048e-03  1.529e-03  3.054e-07   2.5e-05  1.9e-08  1.1e+04  3.3e+02
  5740 -7.58252e-03  1.529e-03  3.039e-07   2.5e-05  1.9e-08  1.1e+04  4.3e+03
  5750 -7.59098e-03  1.529e-03  3.036e-07   2.5e-05  1.9e-08  1.1e+04  4.7e+02
  5760 -7.64884e-03  1.529e-03  3.016e-07   2.5e-05  1.9e-08  1.1e+04  3.3e+02
  5770 -7.65840e-03  1.529e-03  3.013e-07   2.5e-05  1.9e-08  1.1e+04  7.4e+03
  5780 -7.66192e-03  1.529e-03  3.012e-07   2.5e-05  1.9e-08  1.1e+04  2.1e+03
  5790 -7.69866e-03  1.529e-03  2.999e-07   2.5e-05  1.9e-08  1.1e+04  3.3e+02
  5800 -7.73798e-03  1.528e-03  2.986e-07   2.5e-05  1.8e-08  1.1e+04  3.5e+02
  5810 -7.75787e-03  1.528e-03  2.979e-07   2.5e-05  1.8e-08  1.1e+04  1.0e+03
  5820 -7.81733e-03  1.528e-03  2.959e-07   2.5e-05  1.8e-08  1.1e+04  3.3e+02
  5830 -7.83652e-03  1.528e-03  2.952e-07   2.5e-05  1.8e-08  1.1e+04  1.3e+03
  5840 -7.86494e-03  1.528e-03  2.943e-07   2.5e-05  1.8e-08  1.1e+04  3.3e+02
  5850 -7.96028e-03  1.527e-03  2.911e-07   2.5e-05  1.8e-08  1.1e+04  3.3e+02
  5860 -7.96575e-03  1.527e-03  2.910e-07   2.5e-05  1.8e-08  1.1e+04  6.2e+02
  5870 -7.97054e-03  1.527e-03  2.908e-07   2.5e-05  1.8e-08  1.1e+04  2.3e+03
  5880 -7.98597e-03  1.527e-03  2.903e-07   2.5e-05  1.8e-08  1.1e+04  1.6e+03
  5890 -8.00801e-03  1.527e-03  2.896e-07   2.5e-05  1.8e-08  1.1e+04  3.2e+03
  5900 -8.01022e-03  1.527e-03  2.895e-07   2.5e-05  1.8e-08  1.1e+04  6.4e+03
  5910 -8.06205e-03  1.527e-03  2.878e-07   2.5e-05  1.8e-08  1.1e+04  3.3e+02
 
   itn      x(1)       norm r    norm Ar  compatible   LS      norm A   cond A
  5920 -8.10953e-03  1.527e-03  2.863e-07   2.5e-05  1.8e-08  1.1e+04  3.3e+02
  5930 -8.16623e-03  1.527e-03  2.845e-07   2.5e-05  1.7e-08  1.1e+04  8.4e+02
  5940 -8.18669e-03  1.526e-03  2.839e-07   2.5e-05  1.7e-08  1.1e+04  4.1e+03
  5950 -8.19192e-03  1.526e-03  2.837e-07   2.5e-05  1.7e-08  1.1e+04  3.3e+02
  5960 -8.25098e-03  1.526e-03  2.819e-07   2.5e-05  1.7e-08  1.1e+04  6.5e+02
  5970 -8.26750e-03  1.526e-03  2.813e-07   2.5e-05  1.7e-08  1.1e+04  3.3e+02
  5980 -8.27249e-03  1.526e-03  2.812e-07   2.5e-05  1.7e-08  1.1e+04  3.3e+02
  5990 -8.31941e-03  1.526e-03  2.797e-07   2.5e-05  1.7e-08  1.1e+04  1.6e+03
  6000 -8.33877e-03  1.526e-03  2.791e-07   2.5e-05  1.7e-08  1.1e+04  6.9e+03
  6010 -8.35714e-03  1.526e-03  2.786e-07   2.5e-05  1.7e-08  1.1e+04  3.3e+02
  6020 -8.43337e-03  1.525e-03  2.762e-07   2.5e-05  1.7e-08  1.1e+04  3.2e+03
  6030 -8.43533e-03  1.525e-03  2.762e-07   2.5e-05  1.7e-08  1.1e+04  4.7e+02
  6040 -8.45927e-03  1.525e-03  2.754e-07   2.5e-05  1.7e-08  1.1e+04  3.3e+02
  6050 -8.56352e-03  1.525e-03  2.723e-07   2.5e-05  1.6e-08  1.1e+04  3.3e+02
  6060 -8.56673e-03  1.525e-03  2.722e-07   2.5e-05  1.6e-08  1.1e+04  6.1e+03
  6070 -8.57160e-03  1.525e-03  2.720e-07   2.5e-05  1.6e-08  1.1e+04  3.3e+02
  6080 -8.67958e-03  1.524e-03  2.688e-07   2.5e-05  1.6e-08  1.1e+04  2.1e+03
  6090 -8.68454e-03  1.524e-03  2.686e-07   2.5e-05  1.6e-08  1.1e+04  5.4e+02
  6100 -8.74265e-03  1.524e-03  2.669e-07   2.5e-05  1.6e-08  1.1e+04  4.1e+02
  6110 -8.75488e-03  1.524e-03  2.665e-07   2.5e-05  1.6e-08  1.1e+04  5.7e+03
 
   itn      x(1)       norm r    norm Ar  compatible   LS      norm A   cond A
  6120 -8.76370e-03  1.524e-03  2.663e-07   2.5e-05  1.6e-08  1.1e+04  3.1e+03
  6130 -8.78620e-03  1.524e-03  2.656e-07   2.5e-05  1.6e-08  1.1e+04  3.3e+02
  6140 -8.79065e-03  1.524e-03  2.655e-07   2.5e-05  1.6e-08  1.1e+04  8.1e+03
  6150 -8.81012e-03  1.524e-03  2.649e-07   2.5e-05  1.6e-08  1.1e+04  1.2e+03
  6160 -8.91100e-03  1.524e-03  2.620e-07   2.5e-05  1.6e-08  1.1e+04  1.0e+03
  6170 -8.94071e-03  1.523e-03  2.611e-07   2.5e-05  1.6e-08  1.1e+04  2.0e+03
  6180 -8.94300e-03  1.523e-03  2.610e-07   2.5e-05  1.6e-08  1.1e+04  5.9e+03
  6190 -8.95926e-03  1.523e-03  2.605e-07   2.5e-05  1.6e-08  1.1e+04  3.3e+02
  6200 -9.08749e-03  1.523e-03  2.568e-07   2.5e-05  1.5e-08  1.1e+04  3.3e+02
  6210 -9.11442e-03  1.523e-03  2.560e-07   2.5e-05  1.5e-08  1.1e+04  6.2e+03
  6220 -9.11651e-03  1.523e-03  2.560e-07   2.5e-05  1.5e-08  1.1e+04  3.9e+03
  6230 -9.16534e-03  1.523e-03  2.546e-07   2.5e-05  1.5e-08  1.1e+04  3.3e+02
  6240 -9.20306e-03  1.523e-03  2.535e-07   2.5e-05  1.5e-08  1.1e+04  1.4e+03
  6250 -9.20627e-03  1.523e-03  2.534e-07   2.5e-05  1.5e-08  1.1e+04  4.2e+03
  6260 -9.29763e-03  1.522e-03  2.507e-07   2.5e-05  1.5e-08  1.1e+04  3.3e+02
  6270 -9.34144e-03  1.522e-03  2.495e-07   2.5e-05  1.5e-08  1.1e+04  9.9e+03
  6280 -9.36490e-03  1.522e-03  2.488e-07   2.5e-05  1.5e-08  1.1e+04  1.1e+03
  6290 -9.41679e-03  1.522e-03  2.473e-07   2.5e-05  1.5e-08  1.1e+04  3.0e+03
  6300 -9.42212e-03  1.522e-03  2.472e-07   2.5e-05  1.5e-08  1.1e+04  4.2e+03
  6310 -9.43668e-03  1.522e-03  2.467e-07   2.5e-05  1.5e-08  1.1e+04  1.5e+03
 
   itn      x(1)       norm r    norm Ar  compatible   LS      norm A   cond A
  6320 -9.55189e-03  1.521e-03  2.435e-07   2.5e-05  1.4e-08  1.1e+04  3.3e+02
  6330 -9.55848e-03  1.521e-03  2.433e-07   2.5e-05  1.4e-08  1.1e+04  3.3e+02
  6340 -9.58975e-03  1.521e-03  2.424e-07   2.5e-05  1.4e-08  1.1e+04  1.2e+03
  6350 -9.59848e-03  1.521e-03  2.421e-07   2.5e-05  1.4e-08  1.1e+04  7.2e+03
  6360 -9.66641e-03  1.521e-03  2.402e-07   2.5e-05  1.4e-08  1.1e+04  3.3e+02
  6370 -9.76094e-03  1.521e-03  2.375e-07   2.5e-05  1.4e-08  1.1e+04  3.9e+03
  6380 -9.76192e-03  1.521e-03  2.375e-07   2.5e-05  1.4e-08  1.1e+04  3.4e+03
  6390 -9.79340e-03  1.521e-03  2.367e-07   2.5e-05  1.4e-08  1.1e+04  3.3e+02
  6400 -9.88169e-03  1.520e-03  2.342e-07   2.5e-05  1.4e-08  1.1e+04  1.7e+03
  6410 -9.88514e-03  1.520e-03  2.341e-07   2.5e-05  1.4e-08  1.1e+04  4.6e+03
  6420 -9.94846e-03  1.520e-03  2.323e-07   2.5e-05  1.4e-08  1.1e+04  3.3e+02
  6430 -9.98216e-03  1.520e-03  2.314e-07   2.5e-05  1.4e-08  1.1e+04  7.0e+02
  6440 -9.98527e-03  1.520e-03  2.313e-07   2.5e-05  1.4e-08  1.1e+04  6.4e+03
  6450 -1.00353e-02  1.520e-03  2.299e-07   2.5e-05  1.4e-08  1.1e+04  3.3e+02
  6460 -1.00951e-02  1.520e-03  2.283e-07   2.5e-05  1.3e-08  1.1e+04  4.3e+02
  6470 -1.00979e-02  1.520e-03  2.282e-07   2.5e-05  1.3e-08  1.1e+04  2.9e+03
  6480 -1.01581e-02  1.520e-03  2.266e-07   2.5e-05  1.3e-08  1.1e+04  1.5e+03
  6490 -1.01945e-02  1.519e-03  2.256e-07   2.5e-05  1.3e-08  1.1e+04  1.6e+03
  6500 -1.01985e-02  1.519e-03  2.254e-07   2.5e-05  1.3e-08  1.1e+04  8.0e+03
  6510 -1.02005e-02  1.519e-03  2.254e-07   2.5e-05  1.3e-08  1.1e+04  3.9e+03
 
   itn      x(1)       norm r    norm Ar  compatible   LS      norm A   cond A
  6520 -1.02478e-02  1.519e-03  2.241e-07   2.5e-05  1.3e-08  1.1e+04  3.4e+02
  6530 -1.03412e-02  1.519e-03  2.216e-07   2.5e-05  1.3e-08  1.1e+04  2.6e+03
  6540 -1.03429e-02  1.519e-03  2.215e-07   2.5e-05  1.3e-08  1.1e+04  1.3e+03
  6550 -1.03741e-02  1.519e-03  2.207e-07   2.5e-05  1.3e-08  1.1e+04  5.1e+02
  6560 -1.03924e-02  1.519e-03  2.202e-07   2.5e-05  1.3e-08  1.1e+04  3.3e+02
  6570 -1.03941e-02  1.519e-03  2.201e-07   2.5e-05  1.3e-08  1.1e+04  4.9e+03
  6580 -1.05045e-02  1.519e-03  2.172e-07   2.5e-05  1.3e-08  1.1e+04  3.3e+02
  6590 -1.05063e-02  1.519e-03  2.171e-07   2.5e-05  1.3e-08  1.1e+04  6.3e+03
  6600 -1.05158e-02  1.519e-03  2.169e-07   2.5e-05  1.3e-08  1.1e+04  9.6e+02
  6610 -1.05747e-02  1.518e-03  2.154e-07   2.5e-05  1.3e-08  1.1e+04  1.3e+03
  6620 -1.05810e-02  1.518e-03  2.152e-07   2.5e-05  1.3e-08  1.1e+04  7.9e+03
  6630 -1.05845e-02  1.518e-03  2.151e-07   2.5e-05  1.2e-08  1.1e+04  3.6e+03
  6640 -1.06163e-02  1.518e-03  2.143e-07   2.5e-05  1.2e-08  1.1e+04  3.3e+02
  6650 -1.06267e-02  1.518e-03  2.140e-07   2.5e-05  1.2e-08  1.1e+04  5.1e+03
  6660 -1.06562e-02  1.518e-03  2.132e-07   2.5e-05  1.2e-08  1.1e+04  5.5e+02
  6670 -1.07018e-02  1.518e-03  2.121e-07   2.5e-05  1.2e-08  1.1e+04  3.3e+02
  6680 -1.07046e-02  1.518e-03  2.120e-07   2.5e-05  1.2e-08  1.1e+04  3.4e+03
  6690 -1.07393e-02  1.518e-03  2.111e-07   2.5e-05  1.2e-08  1.1e+04  1.7e+03
  6700 -1.08069e-02  1.518e-03  2.095e-07   2.5e-05  1.2e-08  1.1e+04  3.3e+02
  6710 -1.08129e-02  1.518e-03  2.093e-07   2.5e-05  1.2e-08  1.1e+04  7.6e+02
 
   itn      x(1)       norm r    norm Ar  compatible   LS      norm A   cond A
  6720 -1.08135e-02  1.518e-03  2.093e-07   2.5e-05  1.2e-08  1.1e+04  8.7e+03
  6730 -1.08769e-02  1.518e-03  2.078e-07   2.5e-05  1.2e-08  1.1e+04  7.5e+02
  6740 -1.08929e-02  1.518e-03  2.074e-07   2.5e-05  1.2e-08  1.1e+04  9.1e+03
  6750 -1.09027e-02  1.518e-03  2.072e-07   2.5e-05  1.2e-08  1.1e+04  2.0e+03
  6760 -1.09218e-02  1.518e-03  2.067e-07   2.5e-05  1.2e-08  1.1e+04  4.7e+03
  6770 -1.09236e-02  1.518e-03  2.067e-07   2.5e-05  1.2e-08  1.1e+04  8.8e+03
  6780 -1.09592e-02  1.518e-03  2.058e-07   2.5e-05  1.2e-08  1.1e+04  7.3e+02
  6790 -1.09751e-02  1.517e-03  2.055e-07   2.5e-05  1.2e-08  1.1e+04  6.2e+03
  6800 -1.09824e-02  1.517e-03  2.053e-07   2.5e-05  1.2e-08  1.1e+04  3.3e+02
  6810 -1.10014e-02  1.517e-03  2.049e-07   2.5e-05  1.2e-08  1.1e+04  4.6e+02
  6820 -1.10253e-02  1.517e-03  2.044e-07   2.5e-05  1.2e-08  1.2e+04  4.1e+03
  6830 -1.10290e-02  1.517e-03  2.043e-07   2.5e-05  1.2e-08  1.2e+04  3.2e+03
  6840 -1.10349e-02  1.517e-03  2.041e-07   2.5e-05  1.2e-08  1.2e+04  3.2e+03
  6850 -1.10699e-02  1.517e-03  2.034e-07   2.5e-05  1.2e-08  1.2e+04  7.4e+03
  6860 -1.10716e-02  1.517e-03  2.033e-07   2.5e-05  1.2e-08  1.2e+04  5.4e+03
  6870 -1.11215e-02  1.517e-03  2.023e-07   2.5e-05  1.2e-08  1.2e+04  8.0e+02
  6880 -1.11265e-02  1.517e-03  2.022e-07   2.5e-05  1.2e-08  1.2e+04  6.1e+03
  6890 -1.11362e-02  1.517e-03  2.020e-07   2.5e-05  1.2e-08  1.2e+04  3.3e+02
  6900 -1.11858e-02  1.517e-03  2.009e-07   2.5e-05  1.1e-08  1.2e+04  3.3e+02
  6910 -1.11899e-02  1.517e-03  2.008e-07   2.5e-05  1.1e-08  1.2e+04  1.2e+04
 
   itn      x(1)       norm r    norm Ar  compatible   LS      norm A   cond A
  6920 -1.11922e-02  1.517e-03  2.008e-07   2.5e-05  1.1e-08  1.2e+04  1.1e+03
  6930 -1.12473e-02  1.517e-03  1.996e-07   2.5e-05  1.1e-08  1.2e+04  3.3e+02
  6940 -1.12594e-02  1.517e-03  1.994e-07   2.5e-05  1.1e-08  1.2e+04  7.4e+03
  6950 -1.12716e-02  1.517e-03  1.991e-07   2.5e-05  1.1e-08  1.2e+04  3.3e+02
  6960 -1.13287e-02  1.517e-03  1.980e-07   2.5e-05  1.1e-08  1.2e+04  3.3e+02
  6970 -1.13303e-02  1.517e-03  1.979e-07   2.5e-05  1.1e-08  1.2e+04  8.2e+03
  6980 -1.13331e-02  1.517e-03  1.979e-07   2.5e-05  1.1e-08  1.2e+04  4.2e+03
  6990 -1.13977e-02  1.516e-03  1.966e-07   2.5e-05  1.1e-08  1.2e+04  1.6e+03
  7000 -1.14273e-02  1.516e-03  1.960e-07   2.5e-05  1.1e-08  1.2e+04  4.1e+03
  7010 -1.14282e-02  1.516e-03  1.960e-07   2.5e-05  1.1e-08  1.2e+04  3.8e+03
  7020 -1.14816e-02  1.516e-03  1.950e-07   2.5e-05  1.1e-08  1.2e+04  3.3e+02
  7027 -1.14971e-02  1.516e-03  1.947e-07   2.5e-05  1.1e-08  1.2e+04  9.6e+02
  7028 -1.14989e-02  1.516e-03  1.947e-07   2.5e-05  1.1e-08  1.2e+04  4.7e+03
  7029 -1.14989e-02  1.516e-03  1.947e-07   2.5e-05  1.1e-08  1.2e+04  3.5e+03
  7030 -1.14993e-02  1.516e-03  1.947e-07   2.5e-05  1.1e-08  1.2e+04  4.2e+03
  7031 -1.14993e-02  1.516e-03  1.947e-07   2.5e-05  1.1e-08  1.2e+04  3.9e+02
  7032 -1.14993e-02  1.516e-03  1.947e-07   2.5e-05  1.1e-08  1.2e+04  8.3e+03
  7033 -1.14995e-02  1.516e-03  1.947e-07   2.5e-05  1.1e-08  1.2e+04  1.9e+03
  7034 -1.14995e-02  1.516e-03  1.947e-07   2.5e-05  1.1e-08  1.2e+04  6.4e+03
  7035 -1.14998e-02  1.516e-03  1.947e-07   2.5e-05  1.1e-08  1.2e+04  5.2e+03
 
   itn      x(1)       norm r    norm Ar  compatible   LS      norm A   cond A
  7036 -1.14998e-02  1.516e-03  1.947e-07   2.5e-05  1.1e-08  1.2e+04  2.0e+03
  7037 -1.14999e-02  1.516e-03  1.947e-07   2.5e-05  1.1e-08  1.2e+04  1.0e+04
  7038 -1.14999e-02  1.516e-03  1.947e-07   2.5e-05  1.1e-08  1.2e+04  2.5e+03
  7039 -1.15007e-02  1.516e-03  1.947e-07   2.5e-05  1.1e-08  1.2e+04  6.2e+03
  7040 -1.15007e-02  1.516e-03  1.947e-07   2.5e-05  1.1e-08  1.2e+04  4.7e+02
  7041 -1.15009e-02  1.516e-03  1.946e-07   2.5e-05  1.1e-08  1.2e+04  6.9e+03
  7042 -1.15015e-02  1.516e-03  1.946e-07   2.5e-05  1.1e-08  1.2e+04  3.3e+02
  7043 -1.15015e-02  1.516e-03  1.946e-07   2.5e-05  1.1e-08  1.2e+04  5.6e+02
  7044 -1.15108e-02  1.516e-03  1.945e-07   2.5e-05  1.1e-08  1.2e+04  3.3e+03
  7045 -1.15108e-02  1.516e-03  1.945e-07   2.5e-05  1.1e-08  1.2e+04  2.3e+03
  7046 -1.15116e-02  1.516e-03  1.944e-07   2.5e-05  1.1e-08  1.2e+04  1.8e+03
  7047 -1.15136e-02  1.516e-03  1.944e-07   2.5e-05  1.1e-08  1.2e+04  3.3e+02
  7048 -1.15229e-02  1.516e-03  1.942e-07   2.5e-05  1.1e-08  1.2e+04  2.4e+03
  7049 -1.15238e-02  1.516e-03  1.942e-07   2.5e-05  1.1e-08  1.2e+04  1.1e+03
  7050 -1.15348e-02  1.516e-03  1.940e-07   2.5e-05  1.1e-08  1.2e+04  3.3e+02
  7051 -1.15349e-02  1.516e-03  1.940e-07   2.5e-05  1.1e-08  1.2e+04  6.4e+02
  7052 -1.15426e-02  1.516e-03  1.939e-07   2.5e-05  1.1e-08  1.2e+04  3.3e+02
  7053 -1.15427e-02  1.516e-03  1.939e-07   2.5e-05  1.1e-08  1.2e+04  3.3e+02
  7054 -1.15574e-02  1.516e-03  1.936e-07   2.5e-05  1.1e-08  1.2e+04  8.5e+02
  7055 -1.15574e-02  1.516e-03  1.936e-07   2.5e-05  1.1e-08  1.2e+04  3.7e+02
 
   itn      x(1)       norm r    norm Ar  compatible   LS      norm A   cond A
  7056 -1.15709e-02  1.516e-03  1.933e-07   2.5e-05  1.1e-08  1.2e+04  1.4e+03
  7057 -1.15709e-02  1.516e-03  1.933e-07   2.5e-05  1.1e-08  1.2e+04  8.0e+02
  7058 -1.15713e-02  1.516e-03  1.933e-07   2.5e-05  1.1e-08  1.2e+04  2.5e+03
  7059 -1.15734e-02  1.516e-03  1.933e-07   2.5e-05  1.1e-08  1.2e+04  3.3e+02
  7060 -1.15739e-02  1.516e-03  1.933e-07   2.5e-05  1.1e-08  1.2e+04  7.7e+03
  7061 -1.15740e-02  1.516e-03  1.933e-07   2.5e-05  1.1e-08  1.2e+04  5.7e+02
  7062 -1.15740e-02  1.516e-03  1.933e-07   2.5e-05  1.1e-08  1.2e+04  2.2e+03
  7063 -1.15742e-02  1.516e-03  1.933e-07   2.5e-05  1.1e-08  1.2e+04  1.0e+04
  7064 -1.15742e-02  1.516e-03  1.933e-07   2.5e-05  1.1e-08  1.2e+04  2.6e+03
  7065 -1.15744e-02  1.516e-03  1.933e-07   2.5e-05  1.1e-08  1.2e+04  1.7e+04
  7066 -1.15744e-02  1.516e-03  1.933e-07   2.5e-05  1.1e-08  1.2e+04  2.1e+03
  7067 -1.15751e-02  1.516e-03  1.933e-07   2.5e-05  1.1e-08  1.2e+04  1.3e+04
  7068 -1.15751e-02  1.516e-03  1.933e-07   2.5e-05  1.1e-08  1.2e+04  3.1e+03
  7069 -1.15760e-02  1.516e-03  1.932e-07   2.5e-05  1.1e-08  1.2e+04  1.8e+03
  7070 -1.15770e-02  1.516e-03  1.932e-07   2.5e-05  1.1e-08  1.2e+04  3.3e+02
  7071 -1.15771e-02  1.516e-03  1.932e-07   2.5e-05  1.1e-08  1.2e+04  2.9e+03
  7072 -1.15777e-02  1.516e-03  1.932e-07   2.5e-05  1.1e-08  1.2e+04  4.2e+02
  7073 -1.15812e-02  1.516e-03  1.932e-07   2.5e-05  1.1e-08  1.2e+04  3.3e+02
  7074 -1.15928e-02  1.516e-03  1.929e-07   2.5e-05  1.1e-08  1.2e+04  1.7e+03
  7075 -1.15929e-02  1.516e-03  1.929e-07   2.5e-05  1.1e-08  1.2e+04  1.6e+03
 
   itn      x(1)       norm r    norm Ar  compatible   LS      norm A   cond A
  7076 -1.15981e-02  1.516e-03  1.928e-07   2.5e-05  1.1e-08  1.2e+04  3.3e+02
  7077 -1.15981e-02  1.516e-03  1.928e-07   2.5e-05  1.1e-08  1.2e+04  1.7e+03
  7078 -1.16091e-02  1.516e-03  1.926e-07   2.5e-05  1.1e-08  1.2e+04  3.7e+02
  7079 -1.16091e-02  1.516e-03  1.926e-07   2.5e-05  1.1e-08  1.2e+04  1.5e+03
  7080 -1.16163e-02  1.516e-03  1.925e-07   2.5e-05  1.1e-08  1.2e+04  9.4e+02
  7081 -1.16164e-02  1.516e-03  1.925e-07   2.5e-05  1.1e-08  1.2e+04  6.0e+02
  7082 -1.16170e-02  1.516e-03  1.925e-07   2.5e-05  1.1e-08  1.2e+04  4.7e+02
  7083 -1.16233e-02  1.516e-03  1.924e-07   2.5e-05  1.1e-08  1.2e+04  3.3e+02
  7084 -1.16342e-02  1.516e-03  1.922e-07   2.5e-05  1.1e-08  1.2e+04  1.3e+03
  7085 -1.16342e-02  1.516e-03  1.922e-07   2.5e-05  1.1e-08  1.2e+04  9.0e+02
  7086 -1.16422e-02  1.516e-03  1.920e-07   2.5e-05  1.1e-08  1.2e+04  9.5e+02
  7087 -1.16422e-02  1.516e-03  1.920e-07   2.5e-05  1.1e-08  1.2e+04  3.7e+02
  7088 -1.16482e-02  1.516e-03  1.919e-07   2.5e-05  1.1e-08  1.2e+04  1.6e+03
  7089 -1.16482e-02  1.516e-03  1.919e-07   2.5e-05  1.1e-08  1.2e+04  2.3e+03
  7090 -1.16497e-02  1.516e-03  1.919e-07   2.5e-05  1.1e-08  1.2e+04  3.0e+03
  7091 -1.16497e-02  1.516e-03  1.919e-07   2.5e-05  1.1e-08  1.2e+04  1.3e+03
  7092 -1.16497e-02  1.516e-03  1.919e-07   2.5e-05  1.1e-08  1.2e+04  4.1e+03
  7093 -1.16501e-02  1.516e-03  1.919e-07   2.5e-05  1.1e-08  1.2e+04  1.0e+03
  7094 -1.16501e-02  1.516e-03  1.919e-07   2.5e-05  1.1e-08  1.2e+04  7.9e+03
  7095 -1.16505e-02  1.516e-03  1.919e-07   2.5e-05  1.1e-08  1.2e+04  5.4e+03
 
   itn      x(1)       norm r    norm Ar  compatible   LS      norm A   cond A
  7096 -1.16506e-02  1.516e-03  1.919e-07   2.5e-05  1.1e-08  1.2e+04  3.3e+02
  7097 -1.16509e-02  1.516e-03  1.919e-07   2.5e-05  1.1e-08  1.2e+04  1.1e+04
  7098 -1.16510e-02  1.516e-03  1.919e-07   2.5e-05  1.1e-08  1.2e+04  6.3e+02
  7099 -1.16523e-02  1.516e-03  1.919e-07   2.5e-05  1.1e-08  1.2e+04  7.9e+03
  7100 -1.16523e-02  1.516e-03  1.919e-07   2.5e-05  1.1e-08  1.2e+04  1.9e+03
  7101 -1.16542e-02  1.516e-03  1.918e-07   2.5e-05  1.1e-08  1.2e+04  1.3e+03
  7102 -1.16551e-02  1.516e-03  1.918e-07   2.5e-05  1.1e-08  1.2e+04  3.3e+02
  7103 -1.16555e-02  1.516e-03  1.918e-07   2.5e-05  1.1e-08  1.2e+04  3.5e+03
  7104 -1.16604e-02  1.516e-03  1.917e-07   2.5e-05  1.1e-08  1.2e+04  3.3e+02
  7105 -1.16605e-02  1.516e-03  1.917e-07   2.5e-05  1.1e-08  1.2e+04  1.7e+03
  7106 -1.16647e-02  1.516e-03  1.916e-07   2.5e-05  1.1e-08  1.2e+04  3.7e+02
  7107 -1.16648e-02  1.516e-03  1.916e-07   2.5e-05  1.1e-08  1.2e+04  9.1e+02
  7108 -1.16871e-02  1.516e-03  1.912e-07   2.5e-05  1.1e-08  1.2e+04  1.8e+03
  7109 -1.16951e-02  1.516e-03  1.911e-07   2.5e-05  1.1e-08  1.2e+04  2.0e+03
  7110 -1.16956e-02  1.516e-03  1.911e-07   2.5e-05  1.1e-08  1.2e+04  3.3e+02
  7111 -1.16957e-02  1.516e-03  1.911e-07   2.5e-05  1.1e-08  1.2e+04  8.4e+02
  7112 -1.16993e-02  1.516e-03  1.910e-07   2.5e-05  1.1e-08  1.2e+04  4.9e+02
  7113 -1.16994e-02  1.516e-03  1.910e-07   2.5e-05  1.1e-08  1.2e+04  1.3e+03
  7114 -1.17048e-02  1.516e-03  1.909e-07   2.5e-05  1.1e-08  1.2e+04  3.3e+02
  7115 -1.17048e-02  1.516e-03  1.909e-07   2.5e-05  1.1e-08  1.2e+04  1.7e+03
 
   itn      x(1)       norm r    norm Ar  compatible   LS      norm A   cond A
  7116 -1.17112e-02  1.516e-03  1.908e-07   2.5e-05  1.1e-08  1.2e+04  5.8e+02
  7117 -1.17113e-02  1.516e-03  1.908e-07   2.5e-05  1.1e-08  1.2e+04  2.3e+03
  7118 -1.17135e-02  1.516e-03  1.908e-07   2.5e-05  1.1e-08  1.2e+04  3.6e+02
  7119 -1.17135e-02  1.516e-03  1.908e-07   2.5e-05  1.1e-08  1.2e+04  3.7e+02
  7120 -1.17139e-02  1.516e-03  1.907e-07   2.5e-05  1.1e-08  1.2e+04  5.2e+03
  7121 -1.17142e-02  1.516e-03  1.907e-07   2.5e-05  1.1e-08  1.2e+04  3.3e+02
  7122 -1.17142e-02  1.516e-03  1.907e-07   2.5e-05  1.1e-08  1.2e+04  6.3e+03
  7123 -1.17142e-02  1.516e-03  1.907e-07   2.5e-05  1.1e-08  1.2e+04  4.1e+03
  7124 -1.17147e-02  1.516e-03  1.907e-07   2.5e-05  1.1e-08  1.2e+04  3.3e+02
  7125 -1.17151e-02  1.516e-03  1.907e-07   2.5e-05  1.1e-08  1.2e+04  7.6e+03
  7126 -1.17151e-02  1.516e-03  1.907e-07   2.5e-05  1.1e-08  1.2e+04  6.8e+02
  7127 -1.17154e-02  1.516e-03  1.907e-07   2.5e-05  1.1e-08  1.2e+04  9.7e+03
  7128 -1.17158e-02  1.516e-03  1.907e-07   2.5e-05  1.1e-08  1.2e+04  1.1e+04
  7129 -1.17159e-02  1.516e-03  1.907e-07   2.5e-05  1.1e-08  1.2e+04  3.3e+02
  7130 -1.17159e-02  1.516e-03  1.907e-07   2.5e-05  1.1e-08  1.2e+04  7.9e+03
  7131 -1.17163e-02  1.516e-03  1.907e-07   2.5e-05  1.1e-08  1.2e+04  2.7e+03
  7132 -1.17169e-02  1.516e-03  1.907e-07   2.5e-05  1.1e-08  1.2e+04  3.3e+02
  7133 -1.17171e-02  1.516e-03  1.907e-07   2.5e-05  1.1e-08  1.2e+04  4.2e+03
  7134 -1.17185e-02  1.516e-03  1.907e-07   2.5e-05  1.1e-08  1.2e+04  3.3e+02
  7135 -1.17204e-02  1.516e-03  1.906e-07   2.5e-05  1.1e-08  1.2e+04  3.1e+03
 
   itn      x(1)       norm r    norm Ar  compatible   LS      norm A   cond A
  7136 -1.17207e-02  1.516e-03  1.906e-07   2.5e-05  1.1e-08  1.2e+04  3.3e+02
  7137 -1.17220e-02  1.516e-03  1.906e-07   2.5e-05  1.1e-08  1.2e+04  2.3e+03
  7138 -1.17256e-02  1.516e-03  1.905e-07   2.5e-05  1.1e-08  1.2e+04  3.3e+02
  7139 -1.17371e-02  1.516e-03  1.903e-07   2.5e-05  1.1e-08  1.2e+04  2.4e+03
  7140 -1.17378e-02  1.516e-03  1.903e-07   2.5e-05  1.1e-08  1.2e+04  3.3e+02
  7141 -1.17378e-02  1.516e-03  1.903e-07   2.5e-05  1.1e-08  1.2e+04  1.7e+03
  7142 -1.17388e-02  1.516e-03  1.903e-07   2.5e-05  1.1e-08  1.2e+04  1.1e+03
  7143 -1.17388e-02  1.516e-03  1.903e-07   2.5e-05  1.1e-08  1.2e+04  1.1e+03
  7144 -1.17397e-02  1.516e-03  1.903e-07   2.5e-05  1.1e-08  1.2e+04  1.6e+03
  7145 -1.17417e-02  1.516e-03  1.903e-07   2.5e-05  1.1e-08  1.2e+04  3.3e+02
  7146 -1.17470e-02  1.516e-03  1.902e-07   2.5e-05  1.1e-08  1.2e+04  1.7e+03
  7147 -1.17502e-02  1.516e-03  1.901e-07   2.5e-05  1.1e-08  1.2e+04  3.3e+02
  7148 -1.17677e-02  1.516e-03  1.898e-07   2.5e-05  1.1e-08  1.2e+04  2.2e+03
  7149 -1.17796e-02  1.516e-03  1.896e-07   2.5e-05  1.1e-08  1.2e+04  3.3e+02
  7150 -1.17842e-02  1.516e-03  1.895e-07   2.5e-05  1.1e-08  1.2e+04  1.6e+03
  7151 -1.17842e-02  1.516e-03  1.895e-07   2.5e-05  1.1e-08  1.2e+04  8.1e+02
  7152 -1.17846e-02  1.516e-03  1.895e-07   2.5e-05  1.1e-08  1.2e+04  2.8e+03
  7153 -1.17858e-02  1.516e-03  1.895e-07   2.5e-05  1.1e-08  1.2e+04  3.3e+02
  7154 -1.17858e-02  1.516e-03  1.895e-07   2.5e-05  1.1e-08  1.2e+04  7.4e+03
  7155 -1.17866e-02  1.516e-03  1.895e-07   2.5e-05  1.1e-08  1.2e+04  1.2e+03
 
   itn      x(1)       norm r    norm Ar  compatible   LS      norm A   cond A
  7156 -1.17866e-02  1.516e-03  1.895e-07   2.5e-05  1.1e-08  1.2e+04  1.6e+03
  7157 -1.17871e-02  1.516e-03  1.894e-07   2.5e-05  1.1e-08  1.2e+04  5.6e+03
  7158 -1.17871e-02  1.516e-03  1.894e-07   2.5e-05  1.1e-08  1.2e+04  8.1e+02
  7159 -1.17873e-02  1.516e-03  1.894e-07   2.5e-05  1.1e-08  1.2e+04  9.5e+03
  7160 -1.17875e-02  1.516e-03  1.894e-07   2.5e-05  1.1e-08  1.2e+04  5.9e+03
  7161 -1.17879e-02  1.516e-03  1.894e-07   2.5e-05  1.1e-08  1.2e+04  3.3e+02
  7162 -1.17880e-02  1.516e-03  1.894e-07   2.5e-05  1.1e-08  1.2e+04  3.5e+02
  7163 -1.17893e-02  1.516e-03  1.894e-07   2.5e-05  1.1e-08  1.2e+04  6.0e+03
  7164 -1.17893e-02  1.516e-03  1.894e-07   2.5e-05  1.1e-08  1.2e+04  1.7e+03
  7165 -1.17906e-02  1.516e-03  1.894e-07   2.5e-05  1.1e-08  1.2e+04  5.2e+03
  7166 -1.17906e-02  1.516e-03  1.894e-07   2.5e-05  1.1e-08  1.2e+04  1.3e+03
  7167 -1.17914e-02  1.516e-03  1.894e-07   2.5e-05  1.1e-08  1.2e+04  4.3e+03
  7168 -1.17918e-02  1.516e-03  1.894e-07   2.5e-05  1.1e-08  1.2e+04  3.3e+02
  7169 -1.17919e-02  1.516e-03  1.894e-07   2.5e-05  1.1e-08  1.2e+04  3.0e+03
  7170 -1.17944e-02  1.516e-03  1.893e-07   2.5e-05  1.1e-08  1.2e+04  3.3e+02
  7171 -1.17944e-02  1.516e-03  1.893e-07   2.5e-05  1.1e-08  1.2e+04  2.6e+03
  7172 -1.17946e-02  1.516e-03  1.893e-07   2.5e-05  1.1e-08  1.2e+04  7.8e+02
  7173 -1.18020e-02  1.516e-03  1.892e-07   2.5e-05  1.1e-08  1.2e+04  3.3e+02
  7174 -1.18138e-02  1.516e-03  1.890e-07   2.5e-05  1.1e-08  1.2e+04  6.1e+02
  7175 -1.18173e-02  1.516e-03  1.889e-07   2.5e-05  1.1e-08  1.2e+04  3.3e+02
 
   itn      x(1)       norm r    norm Ar  compatible   LS      norm A   cond A
  7176 -1.18184e-02  1.516e-03  1.889e-07   2.5e-05  1.1e-08  1.2e+04  1.7e+03
  7177 -1.18280e-02  1.516e-03  1.887e-07   2.5e-05  1.1e-08  1.2e+04  3.3e+02
  7178 -1.18322e-02  1.516e-03  1.887e-07   2.5e-05  1.1e-08  1.2e+04  2.5e+03
  7179 -1.18325e-02  1.516e-03  1.887e-07   2.5e-05  1.1e-08  1.2e+04  2.5e+03
  7180 -1.18336e-02  1.516e-03  1.886e-07   2.5e-05  1.1e-08  1.2e+04  3.3e+02
  7181 -1.18336e-02  1.516e-03  1.886e-07   2.5e-05  1.1e-08  1.2e+04  2.5e+03
  7182 -1.18340e-02  1.516e-03  1.886e-07   2.5e-05  1.1e-08  1.2e+04  3.4e+03
  7183 -1.18356e-02  1.516e-03  1.886e-07   2.5e-05  1.1e-08  1.2e+04  3.3e+02
  7184 -1.18399e-02  1.516e-03  1.885e-07   2.5e-05  1.1e-08  1.2e+04  2.8e+03
  7185 -1.18401e-02  1.516e-03  1.885e-07   2.5e-05  1.1e-08  1.2e+04  3.3e+02
  7186 -1.18403e-02  1.516e-03  1.885e-07   2.5e-05  1.1e-08  1.2e+04  4.5e+03
  7187 -1.18407e-02  1.516e-03  1.885e-07   2.5e-05  1.1e-08  1.2e+04  3.3e+02
  7188 -1.18409e-02  1.516e-03  1.885e-07   2.5e-05  1.1e-08  1.2e+04  7.0e+03
  7189 -1.18410e-02  1.516e-03  1.885e-07   2.5e-05  1.1e-08  1.2e+04  3.7e+02
  7190 -1.18415e-02  1.516e-03  1.885e-07   2.5e-05  1.1e-08  1.2e+04  7.9e+03
  7191 -1.18419e-02  1.516e-03  1.885e-07   2.5e-05  1.1e-08  1.2e+04  3.3e+02
  7192 -1.18420e-02  1.516e-03  1.885e-07   2.5e-05  1.1e-08  1.2e+04  3.5e+02
  7193 -1.18424e-02  1.516e-03  1.885e-07   2.5e-05  1.1e-08  1.2e+04  4.2e+03
  7194 -1.18445e-02  1.516e-03  1.884e-07   2.5e-05  1.1e-08  1.2e+04  3.3e+02
  7195 -1.18445e-02  1.516e-03  1.884e-07   2.5e-05  1.1e-08  1.2e+04  7.5e+02
 
   itn      x(1)       norm r    norm Ar  compatible   LS      norm A   cond A
  7196 -1.18549e-02  1.515e-03  1.883e-07   2.5e-05  1.1e-08  1.2e+04  1.8e+03
  7197 -1.18549e-02  1.515e-03  1.883e-07   2.5e-05  1.1e-08  1.2e+04  1.1e+03
  7198 -1.18710e-02  1.515e-03  1.880e-07   2.5e-05  1.0e-08  1.2e+04  5.0e+02
  7199 -1.18820e-02  1.515e-03  1.878e-07   2.5e-05  1.0e-08  1.2e+04  1.3e+03
  7200 -1.18938e-02  1.515e-03  1.876e-07   2.5e-05  1.0e-08  1.2e+04  3.3e+02
  7201 -1.18941e-02  1.515e-03  1.876e-07   2.5e-05  1.0e-08  1.2e+04  1.3e+03
  7202 -1.19042e-02  1.515e-03  1.874e-07   2.5e-05  1.0e-08  1.2e+04  3.3e+02
  7203 -1.19043e-02  1.515e-03  1.874e-07   2.5e-05  1.0e-08  1.2e+04  1.4e+03
  7204 -1.19056e-02  1.515e-03  1.874e-07   2.5e-05  1.0e-08  1.2e+04  3.3e+02
  7205 -1.19064e-02  1.515e-03  1.874e-07   2.5e-05  1.0e-08  1.2e+04  2.2e+03
  7206 -1.19126e-02  1.515e-03  1.872e-07   2.5e-05  1.0e-08  1.2e+04  3.3e+02
  7207 -1.19169e-02  1.515e-03  1.872e-07   2.5e-05  1.0e-08  1.2e+04  1.8e+03
  7208 -1.19184e-02  1.515e-03  1.871e-07   2.5e-05  1.0e-08  1.2e+04  3.3e+02
  7209 -1.19192e-02  1.515e-03  1.871e-07   2.5e-05  1.0e-08  1.2e+04  2.4e+03
  7210 -1.19205e-02  1.515e-03  1.871e-07   2.5e-05  1.0e-08  1.2e+04  3.3e+02
  7211 -1.19205e-02  1.515e-03  1.871e-07   2.5e-05  1.0e-08  1.2e+04  3.3e+03
  7212 -1.19211e-02  1.515e-03  1.871e-07   2.5e-05  1.0e-08  1.2e+04  9.2e+02
  7213 -1.19218e-02  1.515e-03  1.871e-07   2.5e-05  1.0e-08  1.2e+04  3.3e+02
  7214 -1.19221e-02  1.515e-03  1.871e-07   2.5e-05  1.0e-08  1.2e+04  5.8e+03
  7215 -1.19224e-02  1.515e-03  1.871e-07   2.5e-05  1.0e-08  1.2e+04  3.3e+02
 
   itn      x(1)       norm r    norm Ar  compatible   LS      norm A   cond A
  7216 -1.19227e-02  1.515e-03  1.871e-07   2.5e-05  1.0e-08  1.2e+04  7.4e+03
  7217 -1.19227e-02  1.515e-03  1.871e-07   2.5e-05  1.0e-08  1.2e+04  8.2e+02
  7218 -1.19227e-02  1.515e-03  1.871e-07   2.5e-05  1.0e-08  1.2e+04  1.2e+04
  7219 -1.19253e-02  1.515e-03  1.870e-07   2.5e-05  1.0e-08  1.2e+04  4.9e+02
  7220 -1.19254e-02  1.515e-03  1.870e-07   2.5e-05  1.0e-08  1.2e+04  2.8e+03
  7221 -1.19266e-02  1.515e-03  1.870e-07   2.5e-05  1.0e-08  1.2e+04  3.3e+02
  7222 -1.19266e-02  1.515e-03  1.870e-07   2.5e-05  1.0e-08  1.2e+04  8.3e+02
  7223 -1.19266e-02  1.515e-03  1.870e-07   2.5e-05  1.0e-08  1.2e+04  3.9e+03
  7224 -1.19344e-02  1.515e-03  1.869e-07   2.5e-05  1.0e-08  1.2e+04  9.2e+02
  7225 -1.19470e-02  1.515e-03  1.866e-07   2.5e-05  1.0e-08  1.2e+04  1.0e+03
  7226 -1.19481e-02  1.515e-03  1.866e-07   2.5e-05  1.0e-08  1.2e+04  3.3e+02
  7227 -1.19547e-02  1.515e-03  1.865e-07   2.5e-05  1.0e-08  1.2e+04  1.7e+03
  7228 -1.19548e-02  1.515e-03  1.865e-07   2.5e-05  1.0e-08  1.2e+04  2.2e+03
  7229 -1.19572e-02  1.515e-03  1.865e-07   2.5e-05  1.0e-08  1.2e+04  3.3e+02
  7230 -1.19572e-02  1.515e-03  1.865e-07   2.5e-05  1.0e-08  1.2e+04  1.8e+03
  7231 -1.19588e-02  1.515e-03  1.864e-07   2.5e-05  1.0e-08  1.2e+04  1.7e+03
  7232 -1.19599e-02  1.515e-03  1.864e-07   2.5e-05  1.0e-08  1.2e+04  3.3e+02
  7233 -1.19599e-02  1.515e-03  1.864e-07   2.5e-05  1.0e-08  1.2e+04  5.2e+03
  7234 -1.19606e-02  1.515e-03  1.864e-07   2.5e-05  1.0e-08  1.2e+04  1.0e+03
  7235 -1.19607e-02  1.515e-03  1.864e-07   2.5e-05  1.0e-08  1.2e+04  4.8e+03
 
   itn      x(1)       norm r    norm Ar  compatible   LS      norm A   cond A
  7236 -1.19607e-02  1.515e-03  1.864e-07   2.5e-05  1.0e-08  1.2e+04  6.4e+02
  7237 -1.19607e-02  1.515e-03  1.864e-07   2.5e-05  1.0e-08  1.2e+04  1.9e+04
  7238 -1.19611e-02  1.515e-03  1.864e-07   2.5e-05  1.0e-08  1.2e+04  7.0e+02
  7239 -1.19611e-02  1.515e-03  1.864e-07   2.5e-05  1.0e-08  1.2e+04  8.2e+03
  7240 -1.19616e-02  1.515e-03  1.864e-07   2.5e-05  1.0e-08  1.2e+04  4.3e+02
  7241 -1.19616e-02  1.515e-03  1.864e-07   2.5e-05  1.0e-08  1.2e+04  4.4e+03
  7242 -1.19627e-02  1.515e-03  1.864e-07   2.5e-05  1.0e-08  1.2e+04  1.2e+03
  7243 -1.19672e-02  1.515e-03  1.863e-07   2.5e-05  1.0e-08  1.2e+04  3.3e+02
  7244 -1.19672e-02  1.515e-03  1.863e-07   2.5e-05  1.0e-08  1.2e+04  1.4e+03
  7245 -1.20037e-02  1.515e-03  1.857e-07   2.5e-05  1.0e-08  1.2e+04  1.8e+03
  7246 -1.20041e-02  1.515e-03  1.857e-07   2.5e-05  1.0e-08  1.2e+04  7.2e+02
  7247 -1.20371e-02  1.515e-03  1.851e-07   2.5e-05  1.0e-08  1.2e+04  3.3e+02
  7248 -1.20592e-02  1.515e-03  1.847e-07   2.5e-05  1.0e-08  1.2e+04  7.1e+02
  7249 -1.20639e-02  1.515e-03  1.846e-07   2.5e-05  1.0e-08  1.2e+04  3.3e+02
  7250 -1.20712e-02  1.515e-03  1.845e-07   2.5e-05  1.0e-08  1.2e+04  1.5e+03
  7251 -1.20782e-02  1.515e-03  1.844e-07   2.5e-05  1.0e-08  1.2e+04  3.3e+02
  7252 -1.20785e-02  1.515e-03  1.844e-07   2.5e-05  1.0e-08  1.2e+04  3.3e+02
  7253 -1.20822e-02  1.515e-03  1.843e-07   2.5e-05  1.0e-08  1.2e+04  2.1e+03
  7254 -1.20822e-02  1.515e-03  1.843e-07   2.5e-05  1.0e-08  1.2e+04  1.2e+03
  7255 -1.20823e-02  1.515e-03  1.843e-07   2.5e-05  1.0e-08  1.2e+04  5.5e+03
 
   itn      x(1)       norm r    norm Ar  compatible   LS      norm A   cond A
  7256 -1.20827e-02  1.515e-03  1.843e-07   2.5e-05  1.0e-08  1.2e+04  3.3e+02
  7257 -1.20827e-02  1.515e-03  1.843e-07   2.5e-05  1.0e-08  1.2e+04  1.1e+04
  7258 -1.20830e-02  1.515e-03  1.843e-07   2.5e-05  1.0e-08  1.2e+04  3.8e+02
  7259 -1.20831e-02  1.515e-03  1.843e-07   2.5e-05  1.0e-08  1.2e+04  1.0e+04
  7260 -1.20831e-02  1.515e-03  1.843e-07   2.5e-05  1.0e-08  1.2e+04  8.7e+03
  7261 -1.20831e-02  1.515e-03  1.843e-07   2.5e-05  1.0e-08  1.2e+04  1.0e+04
  7262 -1.20840e-02  1.515e-03  1.843e-07   2.5e-05  1.0e-08  1.2e+04  2.0e+03
  7263 -1.20841e-02  1.515e-03  1.843e-07   2.5e-05  1.0e-08  1.2e+04  2.4e+03
  7264 -1.20877e-02  1.515e-03  1.842e-07   2.5e-05  1.0e-08  1.2e+04  3.3e+02
  7265 -1.21373e-02  1.515e-03  1.834e-07   2.5e-05  1.0e-08  1.2e+04  7.8e+02
  7266 -1.21424e-02  1.515e-03  1.833e-07   2.5e-05  1.0e-08  1.2e+04  3.3e+02
  7267 -1.21424e-02  1.515e-03  1.833e-07   2.5e-05  1.0e-08  1.2e+04  1.1e+03
  7268 -1.21598e-02  1.515e-03  1.830e-07   2.5e-05  1.0e-08  1.2e+04  4.0e+02
  7269 -1.21600e-02  1.515e-03  1.830e-07   2.5e-05  1.0e-08  1.2e+04  3.3e+02
  7270 -1.21634e-02  1.515e-03  1.830e-07   2.5e-05  1.0e-08  1.2e+04  2.8e+03
  7271 -1.21634e-02  1.515e-03  1.830e-07   2.5e-05  1.0e-08  1.2e+04  5.7e+02
  7272 -1.21634e-02  1.515e-03  1.830e-07   2.5e-05  1.0e-08  1.2e+04  1.9e+03
  7273 -1.21652e-02  1.515e-03  1.829e-07   2.5e-05  1.0e-08  1.2e+04  2.7e+03
  7274 -1.21653e-02  1.515e-03  1.829e-07   2.5e-05  1.0e-08  1.2e+04  4.0e+02
  7275 -1.21659e-02  1.515e-03  1.829e-07   2.5e-05  1.0e-08  1.2e+04  3.6e+03
 
   itn      x(1)       norm r    norm Ar  compatible   LS      norm A   cond A
  7276 -1.21660e-02  1.515e-03  1.829e-07   2.5e-05  1.0e-08  1.2e+04  7.1e+03
  7277 -1.21667e-02  1.515e-03  1.829e-07   2.5e-05  1.0e-08  1.2e+04  5.1e+02
  7278 -1.21668e-02  1.515e-03  1.829e-07   2.5e-05  1.0e-08  1.2e+04  1.2e+04
  7279 -1.21668e-02  1.515e-03  1.829e-07   2.5e-05  1.0e-08  1.2e+04  6.6e+02
  7280 -1.21668e-02  1.515e-03  1.829e-07   2.5e-05  1.0e-08  1.2e+04  1.1e+04
  7281 -1.21670e-02  1.515e-03  1.829e-07   2.5e-05  1.0e-08  1.2e+04  3.4e+03
  7282 -1.21671e-02  1.515e-03  1.829e-07   2.5e-05  1.0e-08  1.2e+04  3.4e+02
  7283 -1.21677e-02  1.515e-03  1.829e-07   2.5e-05  1.0e-08  1.2e+04  5.2e+03
  7284 -1.21677e-02  1.515e-03  1.829e-07   2.5e-05  1.0e-08  1.2e+04  7.2e+03
  7285 -1.21691e-02  1.515e-03  1.829e-07   2.5e-05  1.0e-08  1.2e+04  4.1e+03
  7286 -1.21691e-02  1.515e-03  1.829e-07   2.5e-05  1.0e-08  1.2e+04  8.2e+02
  7287 -1.21719e-02  1.515e-03  1.828e-07   2.5e-05  1.0e-08  1.2e+04  4.7e+03
  7288 -1.21728e-02  1.515e-03  1.828e-07   2.5e-05  1.0e-08  1.2e+04  3.3e+02
  7289 -1.21745e-02  1.515e-03  1.828e-07   2.5e-05  1.0e-08  1.2e+04  2.8e+03
  7290 -1.21747e-02  1.515e-03  1.828e-07   2.5e-05  1.0e-08  1.2e+04  3.3e+02
  7291 -1.21747e-02  1.515e-03  1.828e-07   2.5e-05  1.0e-08  1.2e+04  2.4e+03
  7292 -1.21821e-02  1.515e-03  1.826e-07   2.5e-05  1.0e-08  1.2e+04  8.9e+02
  7293 -1.21832e-02  1.515e-03  1.826e-07   2.5e-05  1.0e-08  1.2e+04  3.3e+02
  7294 -1.21855e-02  1.515e-03  1.826e-07   2.5e-05  1.0e-08  1.2e+04  1.5e+03
  7295 -1.21856e-02  1.515e-03  1.826e-07   2.5e-05  1.0e-08  1.2e+04  6.3e+02
 
   itn      x(1)       norm r    norm Ar  compatible   LS      norm A   cond A
  7296 -1.21933e-02  1.515e-03  1.825e-07   2.5e-05  1.0e-08  1.2e+04  1.1e+03
  7297 -1.21933e-02  1.515e-03  1.825e-07   2.5e-05  1.0e-08  1.2e+04  1.4e+03
  7298 -1.22026e-02  1.515e-03  1.823e-07   2.5e-05  1.0e-08  1.2e+04  7.1e+02
  7299 -1.22273e-02  1.515e-03  1.819e-07   2.5e-05  1.0e-08  1.2e+04  1.2e+03
  7300 -1.22288e-02  1.515e-03  1.819e-07   2.5e-05  1.0e-08  1.2e+04  3.3e+02
  7301 -1.22288e-02  1.515e-03  1.819e-07   2.5e-05  1.0e-08  1.2e+04  7.8e+02
  7302 -1.22540e-02  1.515e-03  1.814e-07   2.5e-05  1.0e-08  1.2e+04  4.8e+02
  7303 -1.22540e-02  1.515e-03  1.814e-07   2.5e-05  1.0e-08  1.2e+04  3.4e+02
  7304 -1.22701e-02  1.515e-03  1.812e-07   2.5e-05  1.0e-08  1.2e+04  1.2e+03
  7305 -1.22865e-02  1.515e-03  1.809e-07   2.5e-05  1.0e-08  1.2e+04  3.3e+02
  7306 -1.22865e-02  1.515e-03  1.809e-07   2.5e-05  1.0e-08  1.2e+04  4.5e+02
  7307 -1.22972e-02  1.515e-03  1.807e-07   2.5e-05  1.0e-08  1.2e+04  1.2e+03
  7308 -1.22972e-02  1.515e-03  1.807e-07   2.5e-05  1.0e-08  1.2e+04  1.3e+03
  7309 -1.23010e-02  1.515e-03  1.806e-07   2.5e-05  1.0e-08  1.2e+04  1.1e+03
  7310 -1.23037e-02  1.515e-03  1.806e-07   2.5e-05  1.0e-08  1.2e+04  2.4e+03
  7311 -1.23039e-02  1.515e-03  1.806e-07   2.5e-05  1.0e-08  1.2e+04  3.3e+02
  7312 -1.23039e-02  1.515e-03  1.806e-07   2.5e-05  1.0e-08  1.2e+04  1.0e+03
  7313 -1.23042e-02  1.515e-03  1.806e-07   2.5e-05  1.0e-08  1.2e+04  5.9e+03
  7314 -1.23042e-02  1.515e-03  1.806e-07   2.5e-05  1.0e-08  1.2e+04  5.1e+03
  7315 -1.23047e-02  1.515e-03  1.806e-07   2.5e-05  1.0e-08  1.2e+04  5.0e+03
 
   itn      x(1)       norm r    norm Ar  compatible   LS      norm A   cond A
  7316 -1.23047e-02  1.515e-03  1.806e-07   2.5e-05  1.0e-08  1.2e+04  1.6e+04
  7317 -1.23051e-02  1.515e-03  1.806e-07   2.5e-05  1.0e-08  1.2e+04  5.6e+03
  7318 -1.23051e-02  1.515e-03  1.806e-07   2.5e-05  1.0e-08  1.2e+04  4.8e+03
  7319 -1.23138e-02  1.515e-03  1.804e-07   2.5e-05  1.0e-08  1.2e+04  2.2e+03
 
LSMR finished
The least-squares solution is good enough, given atol     
istop =       2    normr = 1.5e-03
    normA = 1.2e+04    normAr = 1.8e-07
itn   =    7319    condA = 2.2e+03
    normx = 1.4e+00
  7319 -1.23138e-02   1.515e-03  1.804e-07
   2.5e-05  1.0e-08   1.2e+04  2.2e+03
loss = 2.2938731949805128e-06
