OS                           : Linux-5.14.21-150400.24.69_12.0.74-cray_shasta_c-x86_64-with-glibc2.31
Python Version               : 3.9.15
CuPy Version                 : 12.1.0
CuPy Platform                : NVIDIA CUDA
NumPy Version                : 1.23.5
SciPy Version                : 1.9.3
Cython Build Version         : 0.29.32
Cython Runtime Version       : None
CUDA Root                    : /opt/nvidia/hpc_sdk/Linux_x86_64/22.7/cuda/11.7
nvcc PATH                    : /opt/nvidia/hpc_sdk/Linux_x86_64/22.7/cuda/11.7/bin/nvcc
CUDA Build Version           : 11080
CUDA Driver Version          : 12000
CUDA Runtime Version         : 11070
cuBLAS Version               : (available)
cuFFT Version                : 10702
cuRAND Version               : 10210
cuSOLVER Version             : (11, 3, 5)
cuSPARSE Version             : (available)
NVRTC Version                : (11, 7)
Thrust Version               : 101501
CUB Build Version            : 101501
Jitify Build Version         : 4a37de0
cuDNN Build Version          : 8801
cuDNN Version                : 8302
NCCL Build Version           : 21602
NCCL Runtime Version         : 21505
cuTENSOR Version             : 10500
cuSPARSELt Build Version     : None
Device 0 Name                : NVIDIA A100-SXM4-40GB
Device 0 Compute Capability  : 80
Device 0 PCI Bus ID          : 0000:82:00.0
None
nprime = 435
npripri = 406
Size of p_train:
(20000, 29, 29)
Loss at truetheta:
91690.65958209947
len(theta) = 707281
len(jac) = 16816636
 
LSMR            Least-squares solution of  Ax = b

The matrix A has 33633272 rows and 707281 columns
damp = 0.00000000000000e+00

atol = 1.00e-08                 conlim = 1.00e+08

btol = 1.00e-08             maxiter =    20000

 
   itn      x(1)       norm r    norm Ar  compatible   LS      norm A   cond A
     0  0.00000e+00  3.594e+02  2.619e+04   1.0e+00  2.0e-01
     1  3.69658e-03  3.241e+02  1.317e+04   9.0e-01  2.5e-01  1.6e+02  1.0e+00
     2  1.16973e-02  2.927e+02  9.069e+03   8.1e-01  1.5e-01  2.1e+02  2.2e+00
     3  2.43633e-02  2.595e+02  4.721e+03   7.2e-01  7.2e-02  2.5e+02  2.5e+00
     4  2.84381e-02  2.545e+02  2.872e+03   7.1e-01  3.9e-02  2.9e+02  2.1e+00
     5  3.10370e-02  2.521e+02  1.920e+03   7.0e-01  2.3e-02  3.3e+02  2.2e+00
     6  3.25596e-02  2.510e+02  1.449e+03   7.0e-01  1.6e-02  3.5e+02  2.2e+00
     7  3.34861e-02  2.503e+02  1.272e+03   7.0e-01  1.3e-02  3.8e+02  3.3e+00
     8  3.45158e-02  2.493e+02  1.111e+03   6.9e-01  1.1e-02  4.1e+02  3.6e+00
     9  3.50644e-02  2.486e+02  1.005e+03   6.9e-01  9.4e-03  4.3e+02  3.7e+00
    10  3.51982e-02  2.474e+02  8.609e+02   6.9e-01  7.7e-03  4.5e+02  4.3e+00
    20  1.64951e-02  2.402e+02  3.837e+02   6.7e-01  2.6e-03  6.2e+02  5.2e+00
    30  1.03952e-02  2.375e+02  2.713e+02   6.6e-01  1.5e-03  7.7e+02  1.7e+01
    40  4.03166e-03  2.324e+02  2.012e+02   6.5e-01  1.0e-03  8.5e+02  1.6e+01
    50  1.17476e-02  2.281e+02  1.451e+02   6.3e-01  6.8e-04  9.3e+02  9.1e+00
    60  2.27586e-02  2.261e+02  1.164e+02   6.3e-01  5.0e-04  1.0e+03  1.2e+01
    70  3.72461e-02  2.247e+02  9.621e+01   6.3e-01  3.9e-04  1.1e+03  1.2e+01
    80  5.94011e-02  2.235e+02  8.160e+01   6.2e-01  3.1e-04  1.2e+03  1.2e+01
    90  8.73663e-02  2.225e+02  7.112e+01   6.2e-01  2.6e-04  1.2e+03  8.9e+00
   100  1.27498e-01  2.215e+02  6.118e+01   6.2e-01  2.1e-04  1.3e+03  1.9e+01
   110  1.61239e-01  2.207e+02  5.428e+01   6.1e-01  1.8e-04  1.4e+03  1.2e+01
 
   itn      x(1)       norm r    norm Ar  compatible   LS      norm A   cond A
   120  1.89859e-01  2.201e+02  4.912e+01   6.1e-01  1.6e-04  1.4e+03  1.8e+01
   130  2.16640e-01  2.195e+02  4.476e+01   6.1e-01  1.4e-04  1.5e+03  1.8e+01
   140  2.43969e-01  2.190e+02  4.060e+01   6.1e-01  1.2e-04  1.5e+03  1.7e+01
   150  2.64444e-01  2.186e+02  3.755e+01   6.1e-01  1.1e-04  1.6e+03  1.9e+01
   160  2.82183e-01  2.182e+02  3.485e+01   6.1e-01  9.7e-05  1.6e+03  3.1e+01
   170  3.00569e-01  2.178e+02  3.195e+01   6.1e-01  8.6e-05  1.7e+03  3.0e+01
   180  3.17234e-01  2.174e+02  2.933e+01   6.0e-01  7.7e-05  1.7e+03  2.6e+01
   190  3.31252e-01  2.170e+02  2.713e+01   6.0e-01  7.0e-05  1.8e+03  1.8e+01
   200  3.42676e-01  2.167e+02  2.532e+01   6.0e-01  6.4e-05  1.8e+03  2.5e+01
   210  3.53647e-01  2.165e+02  2.363e+01   6.0e-01  5.8e-05  1.9e+03  1.6e+01
   220  3.65723e-01  2.162e+02  2.197e+01   6.0e-01  5.3e-05  1.9e+03  3.3e+01
   230  3.78418e-01  2.160e+02  2.049e+01   6.0e-01  4.8e-05  2.0e+03  1.4e+01
   240  3.91630e-01  2.158e+02  1.923e+01   6.0e-01  4.4e-05  2.0e+03  2.9e+01
   250  4.05432e-01  2.156e+02  1.814e+01   6.0e-01  4.1e-05  2.1e+03  2.5e+01
   260  4.18484e-01  2.155e+02  1.725e+01   6.0e-01  3.8e-05  2.1e+03  2.3e+01
   270  4.34387e-01  2.153e+02  1.631e+01   6.0e-01  3.6e-05  2.1e+03  4.3e+01
   280  4.53552e-01  2.151e+02  1.532e+01   6.0e-01  3.3e-05  2.2e+03  3.1e+01
   290  4.71589e-01  2.150e+02  1.449e+01   6.0e-01  3.1e-05  2.2e+03  1.9e+01
   300  4.88729e-01  2.149e+02  1.376e+01   6.0e-01  2.8e-05  2.3e+03  3.5e+01
   310  5.06580e-01  2.147e+02  1.303e+01   6.0e-01  2.7e-05  2.3e+03  1.7e+01
 
   itn      x(1)       norm r    norm Ar  compatible   LS      norm A   cond A
   320  5.22564e-01  2.146e+02  1.240e+01   6.0e-01  2.5e-05  2.3e+03  3.5e+01
   330  5.40372e-01  2.145e+02  1.172e+01   6.0e-01  2.3e-05  2.4e+03  3.8e+01
   340  5.53550e-01  2.144e+02  1.121e+01   6.0e-01  2.2e-05  2.4e+03  3.4e+01
   350  5.68402e-01  2.143e+02  1.065e+01   6.0e-01  2.0e-05  2.4e+03  3.0e+01
   360  5.81897e-01  2.142e+02  1.013e+01   6.0e-01  1.9e-05  2.5e+03  3.4e+01
   370  5.93086e-01  2.141e+02  9.681e+00   6.0e-01  1.8e-05  2.5e+03  3.5e+01
   380  6.03399e-01  2.140e+02  9.254e+00   6.0e-01  1.7e-05  2.5e+03  2.4e+01
   390  6.13197e-01  2.140e+02  8.827e+00   6.0e-01  1.6e-05  2.6e+03  2.0e+01
   400  6.21507e-01  2.139e+02  8.448e+00   6.0e-01  1.5e-05  2.6e+03  1.5e+01
   410  6.28971e-01  2.138e+02  8.095e+00   5.9e-01  1.4e-05  2.6e+03  3.2e+01
   420  6.35769e-01  2.138e+02  7.759e+00   5.9e-01  1.4e-05  2.7e+03  2.7e+01
   430  6.40587e-01  2.137e+02  7.512e+00   5.9e-01  1.3e-05  2.7e+03  2.4e+01
   440  6.46122e-01  2.137e+02  7.214e+00   5.9e-01  1.2e-05  2.7e+03  1.6e+01
   450  6.51144e-01  2.136e+02  6.924e+00   5.9e-01  1.2e-05  2.8e+03  2.1e+01
   460  6.55236e-01  2.136e+02  6.672e+00   5.9e-01  1.1e-05  2.8e+03  1.7e+01
   470  6.59141e-01  2.135e+02  6.420e+00   5.9e-01  1.1e-05  2.8e+03  2.4e+01
   480  6.62736e-01  2.135e+02  6.179e+00   5.9e-01  1.0e-05  2.8e+03  2.8e+01
   490  6.66045e-01  2.135e+02  5.951e+00   5.9e-01  9.7e-06  2.9e+03  2.5e+01
   500  6.68969e-01  2.134e+02  5.743e+00   5.9e-01  9.3e-06  2.9e+03  2.0e+01
   510  6.71615e-01  2.134e+02  5.549e+00   5.9e-01  8.9e-06  2.9e+03  2.1e+01
 
   itn      x(1)       norm r    norm Ar  compatible   LS      norm A   cond A
   520  6.74013e-01  2.134e+02  5.371e+00   5.9e-01  8.5e-06  3.0e+03  2.9e+01
   530  6.76732e-01  2.133e+02  5.170e+00   5.9e-01  8.1e-06  3.0e+03  2.7e+01
   540  6.78770e-01  2.133e+02  5.019e+00   5.9e-01  7.8e-06  3.0e+03  3.9e+01
   550  6.80766e-01  2.133e+02  4.872e+00   5.9e-01  7.5e-06  3.0e+03  2.4e+01
   560  6.82813e-01  2.133e+02  4.727e+00   5.9e-01  7.2e-06  3.1e+03  3.4e+01
   570  6.85063e-01  2.132e+02  4.580e+00   5.9e-01  6.9e-06  3.1e+03  4.3e+01
   580  6.87355e-01  2.132e+02  4.447e+00   5.9e-01  6.7e-06  3.1e+03  2.7e+01
   590  6.90206e-01  2.132e+02  4.309e+00   5.9e-01  6.4e-06  3.1e+03  3.1e+01
   600  6.92926e-01  2.132e+02  4.199e+00   5.9e-01  6.2e-06  3.2e+03  4.8e+01
   610  6.96448e-01  2.132e+02  4.078e+00   5.9e-01  6.0e-06  3.2e+03  3.5e+01
   620  7.00455e-01  2.131e+02  3.964e+00   5.9e-01  5.8e-06  3.2e+03  3.3e+01
   630  7.05171e-01  2.131e+02  3.850e+00   5.9e-01  5.6e-06  3.3e+03  5.4e+01
   640  7.09846e-01  2.131e+02  3.754e+00   5.9e-01  5.4e-06  3.3e+03  2.2e+01
   650  7.15650e-01  2.131e+02  3.653e+00   5.9e-01  5.2e-06  3.3e+03  3.2e+01
   660  7.21281e-01  2.131e+02  3.569e+00   5.9e-01  5.0e-06  3.3e+03  4.2e+01
   670  7.28078e-01  2.131e+02  3.480e+00   5.9e-01  4.9e-06  3.4e+03  6.0e+01
   680  7.35489e-01  2.130e+02  3.393e+00   5.9e-01  4.7e-06  3.4e+03  4.1e+01
   690  7.45104e-01  2.130e+02  3.291e+00   5.9e-01  4.5e-06  3.4e+03  2.9e+01
   700  7.53104e-01  2.130e+02  3.215e+00   5.9e-01  4.4e-06  3.4e+03  4.5e+01
   710  7.60191e-01  2.130e+02  3.151e+00   5.9e-01  4.3e-06  3.5e+03  2.2e+01
 
   itn      x(1)       norm r    norm Ar  compatible   LS      norm A   cond A
   720  7.67471e-01  2.130e+02  3.090e+00   5.9e-01  4.2e-06  3.5e+03  4.7e+01
   730  7.78250e-01  2.130e+02  3.004e+00   5.9e-01  4.0e-06  3.5e+03  5.1e+01
   740  7.86945e-01  2.130e+02  2.938e+00   5.9e-01  3.9e-06  3.5e+03  4.4e+01
   750  7.94397e-01  2.130e+02  2.883e+00   5.9e-01  3.8e-06  3.6e+03  4.8e+01
   760  8.04180e-01  2.129e+02  2.812e+00   5.9e-01  3.7e-06  3.6e+03  4.8e+01
   770  8.11279e-01  2.129e+02  2.761e+00   5.9e-01  3.6e-06  3.6e+03  2.9e+01
   780  8.20011e-01  2.129e+02  2.696e+00   5.9e-01  3.5e-06  3.6e+03  7.8e+01
   790  8.26714e-01  2.129e+02  2.645e+00   5.9e-01  3.4e-06  3.6e+03  4.1e+01
   800  8.33754e-01  2.129e+02  2.590e+00   5.9e-01  3.3e-06  3.7e+03  6.8e+01
   810  8.39951e-01  2.129e+02  2.539e+00   5.9e-01  3.2e-06  3.7e+03  2.5e+01
   820  8.45837e-01  2.129e+02  2.489e+00   5.9e-01  3.1e-06  3.7e+03  4.1e+01
   830  8.50619e-01  2.129e+02  2.447e+00   5.9e-01  3.1e-06  3.7e+03  5.4e+01
   840  8.54932e-01  2.129e+02  2.408e+00   5.9e-01  3.0e-06  3.8e+03  7.3e+01
   850  8.60146e-01  2.128e+02  2.358e+00   5.9e-01  2.9e-06  3.8e+03  4.7e+01
   860  8.64429e-01  2.128e+02  2.316e+00   5.9e-01  2.9e-06  3.8e+03  6.9e+01
   870  8.68498e-01  2.128e+02  2.275e+00   5.9e-01  2.8e-06  3.8e+03  5.7e+01
   880  8.71837e-01  2.128e+02  2.240e+00   5.9e-01  2.7e-06  3.9e+03  3.3e+01
   890  8.75272e-01  2.128e+02  2.202e+00   5.9e-01  2.7e-06  3.9e+03  2.7e+01
   900  8.79299e-01  2.128e+02  2.158e+00   5.9e-01  2.6e-06  3.9e+03  6.0e+01
   910  8.82296e-01  2.128e+02  2.125e+00   5.9e-01  2.5e-06  3.9e+03  4.2e+01
 
   itn      x(1)       norm r    norm Ar  compatible   LS      norm A   cond A
   920  8.85718e-01  2.128e+02  2.088e+00   5.9e-01  2.5e-06  3.9e+03  3.0e+01
   930  8.89028e-01  2.128e+02  2.052e+00   5.9e-01  2.4e-06  4.0e+03  5.7e+01
   940  8.91924e-01  2.128e+02  2.022e+00   5.9e-01  2.4e-06  4.0e+03  3.9e+01
   950  8.95252e-01  2.128e+02  1.988e+00   5.9e-01  2.3e-06  4.0e+03  4.4e+01
   960  8.98367e-01  2.128e+02  1.956e+00   5.9e-01  2.3e-06  4.0e+03  5.4e+01
   970  9.01699e-01  2.128e+02  1.924e+00   5.9e-01  2.2e-06  4.0e+03  4.1e+01
   980  9.05037e-01  2.127e+02  1.892e+00   5.9e-01  2.2e-06  4.1e+03  2.5e+01
   990  9.08396e-01  2.127e+02  1.862e+00   5.9e-01  2.1e-06  4.1e+03  6.3e+01
  1000  9.11380e-01  2.127e+02  1.836e+00   5.9e-01  2.1e-06  4.1e+03  7.0e+01
  1010  9.14992e-01  2.127e+02  1.807e+00   5.9e-01  2.1e-06  4.1e+03  3.7e+01
  1020  9.18483e-01  2.127e+02  1.780e+00   5.9e-01  2.0e-06  4.1e+03  4.8e+01
  1030  9.22871e-01  2.127e+02  1.748e+00   5.9e-01  2.0e-06  4.2e+03  3.1e+01
  1040  9.27422e-01  2.127e+02  1.718e+00   5.9e-01  1.9e-06  4.2e+03  5.0e+01
  1050  9.31335e-01  2.127e+02  1.693e+00   5.9e-01  1.9e-06  4.2e+03  3.8e+01
  1060  9.36033e-01  2.127e+02  1.664e+00   5.9e-01  1.9e-06  4.2e+03  5.1e+01
  1070  9.40808e-01  2.127e+02  1.636e+00   5.9e-01  1.8e-06  4.2e+03  4.3e+01
  1080  9.45105e-01  2.127e+02  1.611e+00   5.9e-01  1.8e-06  4.3e+03  3.5e+01
  1090  9.49475e-01  2.127e+02  1.585e+00   5.9e-01  1.7e-06  4.3e+03  3.2e+01
  1100  9.54719e-01  2.127e+02  1.554e+00   5.9e-01  1.7e-06  4.3e+03  2.6e+01
  1110  9.59168e-01  2.127e+02  1.526e+00   5.9e-01  1.7e-06  4.3e+03  3.0e+01
 
   itn      x(1)       norm r    norm Ar  compatible   LS      norm A   cond A
  1120  9.62985e-01  2.127e+02  1.501e+00   5.9e-01  1.6e-06  4.3e+03  2.3e+01
  1130  9.66793e-01  2.126e+02  1.474e+00   5.9e-01  1.6e-06  4.4e+03  6.6e+01
  1140  9.70007e-01  2.126e+02  1.450e+00   5.9e-01  1.6e-06  4.4e+03  6.3e+01
  1150  9.73239e-01  2.126e+02  1.423e+00   5.9e-01  1.5e-06  4.4e+03  4.7e+01
  1160  9.75718e-01  2.126e+02  1.400e+00   5.9e-01  1.5e-06  4.4e+03  3.6e+01
  1170  9.77959e-01  2.126e+02  1.377e+00   5.9e-01  1.5e-06  4.4e+03  6.7e+01
  1180  9.79844e-01  2.126e+02  1.354e+00   5.9e-01  1.4e-06  4.5e+03  4.1e+01
  1190  9.81437e-01  2.126e+02  1.329e+00   5.9e-01  1.4e-06  4.5e+03  5.7e+01
  1200  9.82491e-01  2.126e+02  1.306e+00   5.9e-01  1.4e-06  4.5e+03  2.8e+01
  1210  9.83051e-01  2.126e+02  1.281e+00   5.9e-01  1.3e-06  4.5e+03  3.1e+01
  1220  9.83139e-01  2.126e+02  1.261e+00   5.9e-01  1.3e-06  4.5e+03  7.0e+01
  1230  9.82847e-01  2.126e+02  1.240e+00   5.9e-01  1.3e-06  4.6e+03  4.1e+01
  1240  9.82224e-01  2.126e+02  1.219e+00   5.9e-01  1.3e-06  4.6e+03  7.0e+01
  1250  9.81540e-01  2.126e+02  1.202e+00   5.9e-01  1.2e-06  4.6e+03  4.5e+01
  1260  9.80178e-01  2.126e+02  1.178e+00   5.9e-01  1.2e-06  4.6e+03  3.2e+01
  1270  9.78748e-01  2.126e+02  1.156e+00   5.9e-01  1.2e-06  4.6e+03  2.8e+01
  1280  9.77512e-01  2.126e+02  1.140e+00   5.9e-01  1.2e-06  4.6e+03  4.5e+01
  1290  9.76106e-01  2.126e+02  1.123e+00   5.9e-01  1.1e-06  4.7e+03  4.4e+01
  1300  9.74309e-01  2.126e+02  1.103e+00   5.9e-01  1.1e-06  4.7e+03  4.7e+01
  1310  9.72564e-01  2.126e+02  1.084e+00   5.9e-01  1.1e-06  4.7e+03  2.6e+01
 
   itn      x(1)       norm r    norm Ar  compatible   LS      norm A   cond A
  1320  9.71082e-01  2.126e+02  1.069e+00   5.9e-01  1.1e-06  4.7e+03  3.6e+01
  1330  9.69375e-01  2.126e+02  1.052e+00   5.9e-01  1.0e-06  4.7e+03  5.6e+01
  1340  9.67574e-01  2.126e+02  1.034e+00   5.9e-01  1.0e-06  4.8e+03  4.0e+01
  1350  9.66208e-01  2.126e+02  1.021e+00   5.9e-01  1.0e-06  4.8e+03  6.3e+01
  1360  9.64648e-01  2.126e+02  1.005e+00   5.9e-01  9.9e-07  4.8e+03  5.9e+01
  1370  9.63196e-01  2.126e+02  9.897e-01   5.9e-01  9.7e-07  4.8e+03  4.5e+01
  1380  9.61604e-01  2.125e+02  9.727e-01   5.9e-01  9.5e-07  4.8e+03  5.8e+01
  1390  9.60255e-01  2.125e+02  9.579e-01   5.9e-01  9.3e-07  4.8e+03  5.7e+01
  1400  9.59093e-01  2.125e+02  9.450e-01   5.9e-01  9.2e-07  4.9e+03  4.2e+01
  1410  9.57654e-01  2.125e+02  9.290e-01   5.9e-01  9.0e-07  4.9e+03  5.3e+01
  1420  9.56571e-01  2.125e+02  9.172e-01   5.9e-01  8.8e-07  4.9e+03  7.0e+01
  1430  9.54974e-01  2.125e+02  9.005e-01   5.9e-01  8.6e-07  4.9e+03  7.1e+01
  1440  9.53629e-01  2.125e+02  8.873e-01   5.9e-01  8.5e-07  4.9e+03  5.2e+01
  1450  9.52229e-01  2.125e+02  8.745e-01   5.9e-01  8.3e-07  4.9e+03  5.1e+01
  1460  9.50987e-01  2.125e+02  8.638e-01   5.9e-01  8.2e-07  5.0e+03  4.6e+01
  1470  9.49180e-01  2.125e+02  8.496e-01   5.9e-01  8.0e-07  5.0e+03  6.3e+01
  1480  9.47330e-01  2.125e+02  8.363e-01   5.9e-01  7.9e-07  5.0e+03  4.1e+01
  1490  9.45687e-01  2.125e+02  8.256e-01   5.9e-01  7.8e-07  5.0e+03  4.7e+01
  1500  9.43563e-01  2.125e+02  8.129e-01   5.9e-01  7.6e-07  5.0e+03  4.9e+01
  1510  9.41316e-01  2.125e+02  8.008e-01   5.9e-01  7.5e-07  5.0e+03  5.0e+01
 
   itn      x(1)       norm r    norm Ar  compatible   LS      norm A   cond A
  1520  9.38957e-01  2.125e+02  7.892e-01   5.9e-01  7.3e-07  5.1e+03  7.6e+01
  1530  9.36271e-01  2.125e+02  7.772e-01   5.9e-01  7.2e-07  5.1e+03  3.3e+01
  1540  9.33402e-01  2.125e+02  7.654e-01   5.9e-01  7.1e-07  5.1e+03  7.6e+01
  1550  9.29953e-01  2.125e+02  7.523e-01   5.9e-01  6.9e-07  5.1e+03  6.9e+01
  1560  9.26921e-01  2.125e+02  7.415e-01   5.9e-01  6.8e-07  5.1e+03  2.8e+01
  1570  9.23872e-01  2.125e+02  7.312e-01   5.9e-01  6.7e-07  5.1e+03  5.7e+01
  1580  9.20724e-01  2.125e+02  7.211e-01   5.9e-01  6.6e-07  5.2e+03  3.7e+01
  1590  9.17060e-01  2.125e+02  7.098e-01   5.9e-01  6.4e-07  5.2e+03  6.1e+01
  1600  9.13381e-01  2.125e+02  6.990e-01   5.9e-01  6.3e-07  5.2e+03  3.9e+01
  1610  9.09508e-01  2.125e+02  6.881e-01   5.9e-01  6.2e-07  5.2e+03  5.3e+01
  1620  9.05744e-01  2.125e+02  6.780e-01   5.9e-01  6.1e-07  5.2e+03  4.9e+01
  1630  9.02309e-01  2.125e+02  6.690e-01   5.9e-01  6.0e-07  5.2e+03  5.1e+01
  1640  8.98408e-01  2.125e+02  6.591e-01   5.9e-01  5.9e-07  5.3e+03  5.9e+01
  1650  8.94528e-01  2.125e+02  6.496e-01   5.9e-01  5.8e-07  5.3e+03  6.9e+01
  1660  8.90998e-01  2.125e+02  6.412e-01   5.9e-01  5.7e-07  5.3e+03  5.0e+01
  1670  8.86844e-01  2.125e+02  6.317e-01   5.9e-01  5.6e-07  5.3e+03  3.4e+01
  1680  8.82206e-01  2.125e+02  6.214e-01   5.9e-01  5.5e-07  5.3e+03  6.9e+01
  1690  8.78141e-01  2.125e+02  6.126e-01   5.9e-01  5.4e-07  5.3e+03  4.8e+01
  1700  8.74353e-01  2.125e+02  6.047e-01   5.9e-01  5.3e-07  5.4e+03  4.1e+01
  1710  8.70240e-01  2.125e+02  5.963e-01   5.9e-01  5.2e-07  5.4e+03  3.3e+01
 
   itn      x(1)       norm r    norm Ar  compatible   LS      norm A   cond A
  1720  8.66173e-01  2.125e+02  5.883e-01   5.9e-01  5.1e-07  5.4e+03  5.1e+01
  1730  8.61508e-01  2.125e+02  5.793e-01   5.9e-01  5.0e-07  5.4e+03  4.1e+01
  1740  8.57001e-01  2.125e+02  5.709e-01   5.9e-01  5.0e-07  5.4e+03  7.2e+01
  1750  8.53269e-01  2.125e+02  5.641e-01   5.9e-01  4.9e-07  5.4e+03  3.2e+01
  1760  8.48764e-01  2.125e+02  5.562e-01   5.9e-01  4.8e-07  5.4e+03  4.1e+01
  1770  8.44104e-01  2.125e+02  5.484e-01   5.9e-01  4.7e-07  5.5e+03  7.3e+01
  1780  8.39210e-01  2.125e+02  5.404e-01   5.9e-01  4.6e-07  5.5e+03  4.7e+01
  1790  8.34119e-01  2.125e+02  5.324e-01   5.9e-01  4.6e-07  5.5e+03  6.1e+01
  1800  8.29102e-01  2.125e+02  5.248e-01   5.9e-01  4.5e-07  5.5e+03  4.6e+01
  1810  8.24440e-01  2.125e+02  5.180e-01   5.9e-01  4.4e-07  5.5e+03  2.9e+01
  1820  8.20007e-01  2.125e+02  5.117e-01   5.9e-01  4.3e-07  5.5e+03  3.0e+01
  1830  8.14898e-01  2.125e+02  5.047e-01   5.9e-01  4.3e-07  5.6e+03  4.2e+01
  1840  8.09710e-01  2.125e+02  4.977e-01   5.9e-01  4.2e-07  5.6e+03  6.6e+01
  1850  8.04634e-01  2.125e+02  4.911e-01   5.9e-01  4.1e-07  5.6e+03  2.6e+01
  1860  7.99379e-01  2.125e+02  4.844e-01   5.9e-01  4.1e-07  5.6e+03  4.3e+01
  1870  7.92960e-01  2.125e+02  4.765e-01   5.9e-01  4.0e-07  5.6e+03  5.6e+01
  1880  7.87518e-01  2.125e+02  4.700e-01   5.9e-01  3.9e-07  5.6e+03  6.3e+01
  1890  7.81872e-01  2.125e+02  4.633e-01   5.9e-01  3.9e-07  5.6e+03  6.9e+01
  1900  7.76763e-01  2.125e+02  4.574e-01   5.9e-01  3.8e-07  5.7e+03  5.3e+01
  1910  7.70452e-01  2.125e+02  4.503e-01   5.9e-01  3.7e-07  5.7e+03  5.3e+01
 
   itn      x(1)       norm r    norm Ar  compatible   LS      norm A   cond A
  1920  7.63956e-01  2.125e+02  4.431e-01   5.9e-01  3.7e-07  5.7e+03  6.2e+01
  1930  7.58512e-01  2.125e+02  4.371e-01   5.9e-01  3.6e-07  5.7e+03  4.7e+01
  1940  7.52902e-01  2.125e+02  4.310e-01   5.9e-01  3.5e-07  5.7e+03  6.2e+01
  1950  7.47089e-01  2.125e+02  4.248e-01   5.9e-01  3.5e-07  5.7e+03  4.8e+01
  1960  7.42112e-01  2.125e+02  4.196e-01   5.9e-01  3.4e-07  5.7e+03  5.4e+01
  1970  7.35520e-01  2.125e+02  4.127e-01   5.9e-01  3.4e-07  5.8e+03  5.3e+01
  1980  7.28690e-01  2.125e+02  4.058e-01   5.9e-01  3.3e-07  5.8e+03  5.2e+01
  1990  7.23151e-01  2.125e+02  4.003e-01   5.9e-01  3.3e-07  5.8e+03  5.5e+01
  2000  7.17236e-01  2.125e+02  3.944e-01   5.9e-01  3.2e-07  5.8e+03  5.7e+01
  2010  7.12079e-01  2.125e+02  3.894e-01   5.9e-01  3.1e-07  5.8e+03  2.7e+01
  2020  7.06191e-01  2.125e+02  3.838e-01   5.9e-01  3.1e-07  5.8e+03  3.9e+01
  2030  7.00878e-01  2.125e+02  3.788e-01   5.9e-01  3.0e-07  5.9e+03  4.7e+01
  2040  6.94779e-01  2.125e+02  3.732e-01   5.9e-01  3.0e-07  5.9e+03  4.9e+01
  2050  6.89804e-01  2.125e+02  3.686e-01   5.9e-01  2.9e-07  5.9e+03  5.1e+01
  2060  6.84095e-01  2.125e+02  3.635e-01   5.9e-01  2.9e-07  5.9e+03  6.2e+01
  2070  6.79430e-01  2.125e+02  3.594e-01   5.9e-01  2.9e-07  5.9e+03  6.9e+01
  2080  6.72854e-01  2.125e+02  3.537e-01   5.9e-01  2.8e-07  5.9e+03  5.2e+01
  2090  6.67328e-01  2.125e+02  3.490e-01   5.9e-01  2.8e-07  5.9e+03  3.7e+01
  2100  6.61592e-01  2.125e+02  3.442e-01   5.9e-01  2.7e-07  6.0e+03  6.7e+01
  2110  6.56456e-01  2.125e+02  3.399e-01   5.9e-01  2.7e-07  6.0e+03  7.3e+01
 
   itn      x(1)       norm r    norm Ar  compatible   LS      norm A   cond A
  2120  6.51288e-01  2.125e+02  3.357e-01   5.9e-01  2.6e-07  6.0e+03  5.2e+01
  2130  6.45818e-01  2.125e+02  3.314e-01   5.9e-01  2.6e-07  6.0e+03  4.4e+01
  2140  6.40481e-01  2.125e+02  3.272e-01   5.9e-01  2.6e-07  6.0e+03  4.3e+01
  2150  6.34172e-01  2.125e+02  3.223e-01   5.9e-01  2.5e-07  6.0e+03  4.3e+01
  2160  6.28440e-01  2.125e+02  3.179e-01   5.9e-01  2.5e-07  6.0e+03  6.7e+01
  2170  6.23270e-01  2.125e+02  3.139e-01   5.9e-01  2.4e-07  6.1e+03  2.5e+01
  2180  6.17913e-01  2.125e+02  3.099e-01   5.9e-01  2.4e-07  6.1e+03  2.9e+01
  2190  6.12538e-01  2.125e+02  3.059e-01   5.9e-01  2.4e-07  6.1e+03  3.4e+01
  2200  6.06003e-01  2.125e+02  3.011e-01   5.9e-01  2.3e-07  6.1e+03  7.2e+01
  2210  6.00926e-01  2.125e+02  2.975e-01   5.9e-01  2.3e-07  6.1e+03  6.6e+01
  2220  5.95471e-01  2.125e+02  2.935e-01   5.9e-01  2.3e-07  6.1e+03  4.4e+01
  2230  5.90077e-01  2.125e+02  2.897e-01   5.9e-01  2.2e-07  6.1e+03  5.1e+01
  2240  5.84235e-01  2.125e+02  2.855e-01   5.9e-01  2.2e-07  6.1e+03  6.1e+01
  2250  5.79244e-01  2.125e+02  2.820e-01   5.9e-01  2.2e-07  6.2e+03  3.1e+01
  2260  5.73402e-01  2.125e+02  2.779e-01   5.9e-01  2.1e-07  6.2e+03  3.3e+01
  2270  5.67658e-01  2.125e+02  2.738e-01   5.9e-01  2.1e-07  6.2e+03  5.8e+01
  2280  5.61425e-01  2.125e+02  2.695e-01   5.9e-01  2.0e-07  6.2e+03  3.7e+01
  2290  5.57088e-01  2.125e+02  2.665e-01   5.9e-01  2.0e-07  6.2e+03  4.9e+01
  2300  5.51970e-01  2.125e+02  2.629e-01   5.9e-01  2.0e-07  6.2e+03  5.7e+01
  2310  5.46569e-01  2.125e+02  2.592e-01   5.9e-01  2.0e-07  6.2e+03  4.5e+01
 
   itn      x(1)       norm r    norm Ar  compatible   LS      norm A   cond A
  2320  5.40687e-01  2.125e+02  2.552e-01   5.9e-01  1.9e-07  6.3e+03  7.2e+01
  2330  5.34935e-01  2.125e+02  2.512e-01   5.9e-01  1.9e-07  6.3e+03  4.8e+01
  2340  5.30428e-01  2.125e+02  2.481e-01   5.9e-01  1.9e-07  6.3e+03  6.3e+01
  2350  5.25411e-01  2.125e+02  2.446e-01   5.9e-01  1.8e-07  6.3e+03  5.4e+01
  2360  5.20075e-01  2.125e+02  2.409e-01   5.9e-01  1.8e-07  6.3e+03  5.7e+01
  2370  5.15616e-01  2.125e+02  2.379e-01   5.9e-01  1.8e-07  6.3e+03  3.3e+01
  2380  5.10148e-01  2.125e+02  2.341e-01   5.9e-01  1.7e-07  6.3e+03  5.2e+01
  2390  5.04637e-01  2.125e+02  2.303e-01   5.9e-01  1.7e-07  6.4e+03  3.8e+01
  2400  5.00409e-01  2.125e+02  2.274e-01   5.9e-01  1.7e-07  6.4e+03  4.6e+01
  2410  4.95812e-01  2.125e+02  2.242e-01   5.9e-01  1.7e-07  6.4e+03  6.1e+01
  2420  4.90548e-01  2.125e+02  2.205e-01   5.9e-01  1.6e-07  6.4e+03  4.2e+01
  2430  4.85389e-01  2.125e+02  2.169e-01   5.9e-01  1.6e-07  6.4e+03  3.6e+01
  2440  4.80289e-01  2.125e+02  2.133e-01   5.9e-01  1.6e-07  6.4e+03  3.2e+01
  2450  4.76038e-01  2.125e+02  2.103e-01   5.9e-01  1.5e-07  6.4e+03  6.5e+01
  2460  4.71341e-01  2.125e+02  2.069e-01   5.9e-01  1.5e-07  6.4e+03  6.1e+01
  2470  4.66825e-01  2.125e+02  2.037e-01   5.9e-01  1.5e-07  6.5e+03  6.9e+01
  2480  4.62510e-01  2.125e+02  2.005e-01   5.9e-01  1.5e-07  6.5e+03  7.1e+01
  2490  4.58086e-01  2.125e+02  1.973e-01   5.9e-01  1.4e-07  6.5e+03  3.2e+01
  2500  4.54035e-01  2.125e+02  1.944e-01   5.9e-01  1.4e-07  6.5e+03  3.4e+01
  2510  4.50308e-01  2.125e+02  1.917e-01   5.9e-01  1.4e-07  6.5e+03  6.2e+01
 
   itn      x(1)       norm r    norm Ar  compatible   LS      norm A   cond A
  2520  4.46532e-01  2.125e+02  1.890e-01   5.9e-01  1.4e-07  6.5e+03  3.0e+01
  2530  4.42871e-01  2.125e+02  1.863e-01   5.9e-01  1.3e-07  6.5e+03  5.8e+01
  2540  4.38707e-01  2.125e+02  1.833e-01   5.9e-01  1.3e-07  6.5e+03  5.8e+01
  2550  4.34596e-01  2.125e+02  1.803e-01   5.9e-01  1.3e-07  6.6e+03  6.3e+01
  2560  4.30257e-01  2.125e+02  1.772e-01   5.9e-01  1.3e-07  6.6e+03  3.3e+01
  2570  4.26927e-01  2.125e+02  1.748e-01   5.9e-01  1.2e-07  6.6e+03  5.0e+01
  2580  4.23637e-01  2.125e+02  1.724e-01   5.9e-01  1.2e-07  6.6e+03  2.9e+01
  2590  4.19514e-01  2.125e+02  1.695e-01   5.9e-01  1.2e-07  6.6e+03  6.8e+01
  2600  4.16506e-01  2.125e+02  1.673e-01   5.9e-01  1.2e-07  6.6e+03  7.1e+01
  2610  4.12507e-01  2.125e+02  1.644e-01   5.9e-01  1.2e-07  6.6e+03  7.5e+01
  2620  4.08652e-01  2.125e+02  1.616e-01   5.9e-01  1.1e-07  6.7e+03  3.8e+01
  2630  4.05662e-01  2.125e+02  1.595e-01   5.9e-01  1.1e-07  6.7e+03  4.1e+01
  2640  4.02655e-01  2.125e+02  1.573e-01   5.9e-01  1.1e-07  6.7e+03  3.0e+01
  2650  3.99817e-01  2.125e+02  1.552e-01   5.9e-01  1.1e-07  6.7e+03  3.6e+01
  2660  3.96367e-01  2.125e+02  1.526e-01   5.9e-01  1.1e-07  6.7e+03  4.2e+01
  2670  3.93385e-01  2.125e+02  1.504e-01   5.9e-01  1.1e-07  6.7e+03  6.3e+01
  2680  3.90771e-01  2.125e+02  1.484e-01   5.9e-01  1.0e-07  6.7e+03  5.4e+01
  2690  3.88182e-01  2.125e+02  1.465e-01   5.9e-01  1.0e-07  6.7e+03  5.7e+01
  2700  3.85565e-01  2.125e+02  1.445e-01   5.9e-01  1.0e-07  6.8e+03  6.8e+01
  2710  3.82623e-01  2.125e+02  1.422e-01   5.9e-01  9.9e-08  6.8e+03  4.6e+01
 
   itn      x(1)       norm r    norm Ar  compatible   LS      norm A   cond A
  2720  3.80090e-01  2.125e+02  1.403e-01   5.9e-01  9.7e-08  6.8e+03  8.6e+01
  2730  3.77302e-01  2.125e+02  1.381e-01   5.9e-01  9.6e-08  6.8e+03  3.1e+01
  2740  3.74800e-01  2.125e+02  1.361e-01   5.9e-01  9.4e-08  6.8e+03  4.0e+01
  2750  3.72505e-01  2.125e+02  1.342e-01   5.9e-01  9.3e-08  6.8e+03  5.6e+01
  2760  3.70365e-01  2.125e+02  1.325e-01   5.9e-01  9.1e-08  6.8e+03  5.4e+01
  2770  3.67988e-01  2.125e+02  1.305e-01   5.9e-01  9.0e-08  6.8e+03  2.7e+01
  2780  3.65808e-01  2.125e+02  1.287e-01   5.9e-01  8.8e-08  6.9e+03  5.2e+01
  2790  3.63668e-01  2.125e+02  1.269e-01   5.9e-01  8.7e-08  6.9e+03  4.3e+01
  2800  3.61701e-01  2.125e+02  1.252e-01   5.9e-01  8.6e-08  6.9e+03  6.1e+01
  2810  3.59975e-01  2.125e+02  1.237e-01   5.9e-01  8.5e-08  6.9e+03  4.0e+01
  2820  3.57868e-01  2.125e+02  1.219e-01   5.9e-01  8.3e-08  6.9e+03  7.8e+01
  2830  3.55861e-01  2.125e+02  1.201e-01   5.9e-01  8.2e-08  6.9e+03  6.0e+01
  2840  3.54049e-01  2.125e+02  1.185e-01   5.9e-01  8.1e-08  6.9e+03  8.2e+01
  2850  3.52332e-01  2.125e+02  1.170e-01   5.9e-01  7.9e-08  6.9e+03  4.1e+01
  2860  3.50533e-01  2.125e+02  1.153e-01   5.9e-01  7.8e-08  6.9e+03  2.7e+01
  2870  3.49018e-01  2.125e+02  1.140e-01   5.9e-01  7.7e-08  7.0e+03  5.9e+01
  2880  3.47479e-01  2.125e+02  1.125e-01   5.9e-01  7.6e-08  7.0e+03  4.2e+01
  2890  3.45681e-01  2.125e+02  1.109e-01   5.9e-01  7.5e-08  7.0e+03  7.4e+01
  2900  3.43852e-01  2.125e+02  1.092e-01   5.9e-01  7.3e-08  7.0e+03  6.2e+01
  2910  3.42406e-01  2.125e+02  1.078e-01   5.9e-01  7.2e-08  7.0e+03  4.3e+01
 
   itn      x(1)       norm r    norm Ar  compatible   LS      norm A   cond A
  2920  3.40942e-01  2.125e+02  1.064e-01   5.9e-01  7.1e-08  7.0e+03  4.1e+01
  2930  3.39368e-01  2.125e+02  1.049e-01   5.9e-01  7.0e-08  7.0e+03  5.0e+01
  2940  3.38013e-01  2.125e+02  1.036e-01   5.9e-01  6.9e-08  7.0e+03  5.0e+01
  2950  3.36744e-01  2.125e+02  1.023e-01   5.9e-01  6.8e-08  7.1e+03  6.6e+01
  2960  3.35275e-01  2.125e+02  1.008e-01   5.9e-01  6.7e-08  7.1e+03  6.7e+01
  2970  3.33767e-01  2.125e+02  9.929e-02   5.9e-01  6.6e-08  7.1e+03  3.2e+01
  2980  3.32578e-01  2.125e+02  9.806e-02   5.9e-01  6.5e-08  7.1e+03  3.7e+01
  2990  3.31488e-01  2.125e+02  9.692e-02   5.9e-01  6.4e-08  7.1e+03  5.5e+01
  3000  3.30196e-01  2.125e+02  9.555e-02   5.9e-01  6.3e-08  7.1e+03  6.5e+01
  3010  3.28865e-01  2.125e+02  9.411e-02   5.9e-01  6.2e-08  7.1e+03  5.1e+01
  3020  3.27797e-01  2.125e+02  9.294e-02   5.9e-01  6.1e-08  7.1e+03  5.1e+01
  3030  3.26859e-01  2.125e+02  9.190e-02   5.9e-01  6.0e-08  7.2e+03  5.7e+01
  3040  3.25622e-01  2.125e+02  9.051e-02   5.9e-01  5.9e-08  7.2e+03  7.6e+01
  3050  3.24438e-01  2.125e+02  8.915e-02   5.9e-01  5.8e-08  7.2e+03  5.1e+01
  3060  3.23382e-01  2.125e+02  8.791e-02   5.9e-01  5.8e-08  7.2e+03  3.0e+01
  3070  3.22406e-01  2.125e+02  8.674e-02   5.9e-01  5.7e-08  7.2e+03  3.5e+01
  3080  3.21469e-01  2.125e+02  8.560e-02   5.9e-01  5.6e-08  7.2e+03  6.2e+01
  3090  3.20672e-01  2.125e+02  8.461e-02   5.9e-01  5.5e-08  7.2e+03  5.2e+01
  3100  3.19885e-01  2.124e+02  8.362e-02   5.9e-01  5.4e-08  7.2e+03  5.9e+01
  3110  3.19020e-01  2.124e+02  8.251e-02   5.9e-01  5.4e-08  7.2e+03  5.3e+01
 
   itn      x(1)       norm r    norm Ar  compatible   LS      norm A   cond A
  3120  3.18192e-01  2.124e+02  8.142e-02   5.9e-01  5.3e-08  7.3e+03  5.0e+01
  3130  3.17434e-01  2.124e+02  8.041e-02   5.9e-01  5.2e-08  7.3e+03  7.0e+01
  3140  3.16625e-01  2.124e+02  7.932e-02   5.9e-01  5.1e-08  7.3e+03  8.2e+01
  3150  3.15895e-01  2.124e+02  7.832e-02   5.9e-01  5.1e-08  7.3e+03  9.4e+01
  3160  3.15340e-01  2.124e+02  7.756e-02   5.9e-01  5.0e-08  7.3e+03  5.8e+01
  3170  3.14630e-01  2.124e+02  7.657e-02   5.9e-01  4.9e-08  7.3e+03  8.3e+01
  3180  3.13964e-01  2.124e+02  7.563e-02   5.9e-01  4.9e-08  7.3e+03  4.2e+01
  3190  3.13266e-01  2.124e+02  7.464e-02   5.9e-01  4.8e-08  7.3e+03  5.3e+01
  3200  3.12559e-01  2.124e+02  7.362e-02   5.9e-01  4.7e-08  7.4e+03  3.5e+01
  3210  3.11970e-01  2.124e+02  7.276e-02   5.9e-01  4.7e-08  7.4e+03  7.7e+01
  3220  3.11343e-01  2.124e+02  7.182e-02   5.9e-01  4.6e-08  7.4e+03  8.3e+01
  3230  3.10724e-01  2.124e+02  7.089e-02   5.9e-01  4.5e-08  7.4e+03  9.0e+01
  3240  3.10100e-01  2.124e+02  6.992e-02   5.9e-01  4.4e-08  7.4e+03  7.8e+01
  3250  3.09472e-01  2.124e+02  6.893e-02   5.9e-01  4.4e-08  7.4e+03  6.8e+01
  3260  3.08992e-01  2.124e+02  6.816e-02   5.9e-01  4.3e-08  7.4e+03  7.3e+01
  3270  3.08499e-01  2.124e+02  6.735e-02   5.9e-01  4.3e-08  7.4e+03  4.1e+01
  3280  3.07974e-01  2.124e+02  6.648e-02   5.9e-01  4.2e-08  7.4e+03  7.5e+01
  3290  3.07490e-01  2.124e+02  6.566e-02   5.9e-01  4.1e-08  7.5e+03  4.6e+01
  3300  3.06887e-01  2.124e+02  6.461e-02   5.9e-01  4.1e-08  7.5e+03  6.2e+01
  3310  3.06406e-01  2.124e+02  6.376e-02   5.9e-01  4.0e-08  7.5e+03  2.5e+01
 
   itn      x(1)       norm r    norm Ar  compatible   LS      norm A   cond A
  3320  3.05976e-01  2.124e+02  6.299e-02   5.9e-01  4.0e-08  7.5e+03  5.4e+01
  3330  3.05520e-01  2.124e+02  6.217e-02   5.9e-01  3.9e-08  7.5e+03  2.8e+01
  3340  3.05081e-01  2.124e+02  6.137e-02   5.9e-01  3.8e-08  7.5e+03  3.7e+01
  3350  3.04527e-01  2.124e+02  6.034e-02   5.9e-01  3.8e-08  7.5e+03  4.7e+01
  3360  3.04110e-01  2.124e+02  5.957e-02   5.9e-01  3.7e-08  7.5e+03  4.3e+01
  3370  3.03601e-01  2.124e+02  5.860e-02   5.9e-01  3.7e-08  7.5e+03  6.8e+01
  3380  3.03189e-01  2.124e+02  5.781e-02   5.9e-01  3.6e-08  7.6e+03  6.2e+01
  3390  3.02698e-01  2.124e+02  5.685e-02   5.9e-01  3.5e-08  7.6e+03  5.8e+01
  3400  3.02318e-01  2.124e+02  5.610e-02   5.9e-01  3.5e-08  7.6e+03  5.3e+01
  3410  3.01867e-01  2.124e+02  5.519e-02   5.9e-01  3.4e-08  7.6e+03  3.6e+01
  3420  3.01425e-01  2.124e+02  5.427e-02   5.9e-01  3.4e-08  7.6e+03  2.8e+01
  3430  3.01020e-01  2.124e+02  5.341e-02   5.9e-01  3.3e-08  7.6e+03  4.8e+01
  3440  3.00654e-01  2.124e+02  5.260e-02   5.9e-01  3.2e-08  7.6e+03  3.5e+01
  3450  3.00315e-01  2.124e+02  5.184e-02   5.9e-01  3.2e-08  7.6e+03  4.7e+01
  3460  2.99980e-01  2.124e+02  5.106e-02   5.9e-01  3.1e-08  7.6e+03  4.4e+01
  3470  2.99603e-01  2.124e+02  5.015e-02   5.9e-01  3.1e-08  7.7e+03  4.4e+01
  3480  2.99296e-01  2.124e+02  4.939e-02   5.9e-01  3.0e-08  7.7e+03  3.6e+01
  3490  2.98994e-01  2.124e+02  4.861e-02   5.9e-01  3.0e-08  7.7e+03  5.1e+01
  3500  2.98695e-01  2.124e+02  4.781e-02   5.9e-01  2.9e-08  7.7e+03  3.5e+01
  3510  2.98370e-01  2.124e+02  4.692e-02   5.9e-01  2.9e-08  7.7e+03  3.7e+01
 
   itn      x(1)       norm r    norm Ar  compatible   LS      norm A   cond A
  3520  2.98095e-01  2.124e+02  4.613e-02   5.9e-01  2.8e-08  7.7e+03  3.6e+01
  3530  2.97843e-01  2.124e+02  4.540e-02   5.9e-01  2.8e-08  7.7e+03  2.6e+01
  3540  2.97606e-01  2.124e+02  4.468e-02   5.9e-01  2.7e-08  7.7e+03  6.0e+01
  3550  2.97327e-01  2.124e+02  4.383e-02   5.9e-01  2.7e-08  7.7e+03  4.8e+01
  3560  2.97146e-01  2.124e+02  4.326e-02   5.9e-01  2.6e-08  7.8e+03  4.7e+01
  3570  2.96953e-01  2.124e+02  4.263e-02   5.9e-01  2.6e-08  7.8e+03  5.7e+01
  3580  2.96690e-01  2.124e+02  4.177e-02   5.9e-01  2.5e-08  7.8e+03  4.2e+01
  3590  2.96494e-01  2.124e+02  4.110e-02   5.9e-01  2.5e-08  7.8e+03  5.6e+01
  3600  2.96308e-01  2.124e+02  4.045e-02   5.9e-01  2.4e-08  7.8e+03  3.4e+01
  3610  2.96096e-01  2.124e+02  3.970e-02   5.9e-01  2.4e-08  7.8e+03  4.5e+01
  3620  2.95912e-01  2.124e+02  3.903e-02   5.9e-01  2.3e-08  7.8e+03  3.3e+01
  3630  2.95748e-01  2.124e+02  3.841e-02   5.9e-01  2.3e-08  7.8e+03  6.9e+01
  3640  2.95577e-01  2.124e+02  3.775e-02   5.9e-01  2.3e-08  7.8e+03  3.2e+01
  3650  2.95426e-01  2.124e+02  3.716e-02   5.9e-01  2.2e-08  7.9e+03  2.6e+01
  3660  2.95265e-01  2.124e+02  3.650e-02   5.9e-01  2.2e-08  7.9e+03  3.6e+01
  3670  2.95122e-01  2.124e+02  3.591e-02   5.9e-01  2.1e-08  7.9e+03  5.5e+01
  3680  2.94995e-01  2.124e+02  3.537e-02   5.9e-01  2.1e-08  7.9e+03  4.4e+01
  3690  2.94861e-01  2.124e+02  3.479e-02   5.9e-01  2.1e-08  7.9e+03  3.2e+01
  3700  2.94717e-01  2.124e+02  3.414e-02   5.9e-01  2.0e-08  7.9e+03  2.9e+01
  3710  2.94600e-01  2.124e+02  3.360e-02   5.9e-01  2.0e-08  7.9e+03  8.2e+01
 
   itn      x(1)       norm r    norm Ar  compatible   LS      norm A   cond A
  3720  2.94478e-01  2.124e+02  3.302e-02   5.9e-01  2.0e-08  7.9e+03  3.7e+01
  3730  2.94354e-01  2.124e+02  3.240e-02   5.9e-01  1.9e-08  7.9e+03  6.4e+01
  3740  2.94244e-01  2.124e+02  3.184e-02   5.9e-01  1.9e-08  7.9e+03  4.5e+01
  3750  2.94149e-01  2.124e+02  3.133e-02   5.9e-01  1.9e-08  8.0e+03  4.3e+01
  3760  2.94040e-01  2.124e+02  3.072e-02   5.9e-01  1.8e-08  8.0e+03  4.0e+01
  3770  2.93955e-01  2.124e+02  3.021e-02   5.9e-01  1.8e-08  8.0e+03  4.1e+01
  3780  2.93870e-01  2.124e+02  2.968e-02   5.9e-01  1.7e-08  8.0e+03  4.7e+01
  3790  2.93793e-01  2.124e+02  2.916e-02   5.9e-01  1.7e-08  8.0e+03  6.4e+01
  3800  2.93719e-01  2.124e+02  2.864e-02   5.9e-01  1.7e-08  8.0e+03  6.5e+01
  3810  2.93657e-01  2.124e+02  2.818e-02   5.9e-01  1.7e-08  8.0e+03  5.7e+01
  3820  2.93596e-01  2.124e+02  2.768e-02   5.9e-01  1.6e-08  8.0e+03  4.7e+01
  3830  2.93533e-01  2.124e+02  2.712e-02   5.9e-01  1.6e-08  8.0e+03  7.0e+01
  3840  2.93481e-01  2.124e+02  2.661e-02   5.9e-01  1.6e-08  8.1e+03  3.7e+01
  3850  2.93438e-01  2.124e+02  2.614e-02   5.9e-01  1.5e-08  8.1e+03  3.9e+01
  3860  2.93397e-01  2.124e+02  2.565e-02   5.9e-01  1.5e-08  8.1e+03  4.6e+01
  3870  2.93358e-01  2.124e+02  2.513e-02   5.9e-01  1.5e-08  8.1e+03  4.6e+01
  3880  2.93330e-01  2.124e+02  2.471e-02   5.9e-01  1.4e-08  8.1e+03  3.3e+01
  3890  2.93305e-01  2.124e+02  2.431e-02   5.9e-01  1.4e-08  8.1e+03  3.4e+01
  3900  2.93277e-01  2.124e+02  2.381e-02   5.9e-01  1.4e-08  8.1e+03  2.8e+01
  3910  2.93254e-01  2.124e+02  2.337e-02   5.9e-01  1.4e-08  8.1e+03  2.5e+01
 
   itn      x(1)       norm r    norm Ar  compatible   LS      norm A   cond A
  3920  2.93235e-01  2.124e+02  2.298e-02   5.9e-01  1.3e-08  8.1e+03  3.2e+01
  3930  2.93215e-01  2.124e+02  2.255e-02   5.9e-01  1.3e-08  8.1e+03  4.5e+01
  3940  2.93195e-01  2.124e+02  2.215e-02   5.9e-01  1.3e-08  8.2e+03  3.0e+01
  3950  2.93175e-01  2.124e+02  2.175e-02   5.9e-01  1.3e-08  8.2e+03  5.3e+01
  3960  2.93154e-01  2.124e+02  2.138e-02   5.9e-01  1.2e-08  8.2e+03  3.1e+01
  3970  2.93133e-01  2.124e+02  2.105e-02   5.9e-01  1.2e-08  8.2e+03  4.3e+01
  3980  2.93101e-01  2.124e+02  2.058e-02   5.9e-01  1.2e-08  8.2e+03  4.0e+01
  3990  2.93078e-01  2.124e+02  2.026e-02   5.9e-01  1.2e-08  8.2e+03  2.6e+01
  4000  2.93052e-01  2.124e+02  1.990e-02   5.9e-01  1.1e-08  8.2e+03  5.1e+01
  4010  2.93026e-01  2.124e+02  1.956e-02   5.9e-01  1.1e-08  8.2e+03  4.8e+01
  4020  2.93001e-01  2.124e+02  1.925e-02   5.9e-01  1.1e-08  8.2e+03  5.9e+01
  4021  2.93000e-01  2.124e+02  1.923e-02   5.9e-01  1.1e-08  8.2e+03  4.2e+01
  4022  2.92998e-01  2.124e+02  1.922e-02   5.9e-01  1.1e-08  8.2e+03  4.4e+01
  4023  2.92995e-01  2.124e+02  1.917e-02   5.9e-01  1.1e-08  8.2e+03  4.6e+01
  4024  2.92993e-01  2.124e+02  1.914e-02   5.9e-01  1.1e-08  8.2e+03  2.8e+01
  4025  2.92990e-01  2.124e+02  1.912e-02   5.9e-01  1.1e-08  8.2e+03  5.2e+01
  4026  2.92988e-01  2.124e+02  1.909e-02   5.9e-01  1.1e-08  8.2e+03  2.7e+01
  4027  2.92985e-01  2.124e+02  1.905e-02   5.9e-01  1.1e-08  8.2e+03  6.3e+01
  4028  2.92984e-01  2.124e+02  1.904e-02   5.9e-01  1.1e-08  8.2e+03  5.2e+01
  4029  2.92980e-01  2.124e+02  1.899e-02   5.9e-01  1.1e-08  8.3e+03  3.0e+01
 
   itn      x(1)       norm r    norm Ar  compatible   LS      norm A   cond A
  4030  2.92976e-01  2.124e+02  1.894e-02   5.9e-01  1.1e-08  8.3e+03  5.6e+01
  4031  2.92974e-01  2.124e+02  1.892e-02   5.9e-01  1.1e-08  8.3e+03  2.4e+01
  4032  2.92968e-01  2.124e+02  1.886e-02   5.9e-01  1.1e-08  8.3e+03  8.1e+01
  4033  2.92964e-01  2.124e+02  1.881e-02   5.9e-01  1.1e-08  8.3e+03  4.7e+01
  4034  2.92964e-01  2.124e+02  1.880e-02   5.9e-01  1.1e-08  8.3e+03  7.1e+01
  4035  2.92959e-01  2.124e+02  1.875e-02   5.9e-01  1.1e-08  8.3e+03  5.4e+01
  4036  2.92952e-01  2.124e+02  1.867e-02   5.9e-01  1.1e-08  8.3e+03  2.3e+01
  4037  2.92951e-01  2.124e+02  1.866e-02   5.9e-01  1.1e-08  8.3e+03  4.6e+01
  4038  2.92948e-01  2.124e+02  1.863e-02   5.9e-01  1.1e-08  8.3e+03  4.7e+01
  4039  2.92947e-01  2.124e+02  1.862e-02   5.9e-01  1.1e-08  8.3e+03  6.1e+01
  4040  2.92941e-01  2.124e+02  1.855e-02   5.9e-01  1.1e-08  8.3e+03  6.2e+01
  4041  2.92939e-01  2.124e+02  1.853e-02   5.9e-01  1.1e-08  8.3e+03  4.4e+01
  4042  2.92936e-01  2.124e+02  1.849e-02   5.9e-01  1.1e-08  8.3e+03  4.5e+01
  4043  2.92935e-01  2.124e+02  1.848e-02   5.9e-01  1.1e-08  8.3e+03  5.6e+01
  4044  2.92929e-01  2.124e+02  1.842e-02   5.9e-01  1.0e-08  8.3e+03  3.3e+01
  4045  2.92927e-01  2.124e+02  1.840e-02   5.9e-01  1.0e-08  8.3e+03  6.5e+01
  4046  2.92923e-01  2.124e+02  1.835e-02   5.9e-01  1.0e-08  8.3e+03  2.6e+01
  4047  2.92920e-01  2.124e+02  1.833e-02   5.9e-01  1.0e-08  8.3e+03  3.8e+01
  4048  2.92917e-01  2.124e+02  1.829e-02   5.9e-01  1.0e-08  8.3e+03  4.6e+01
  4049  2.92915e-01  2.124e+02  1.827e-02   5.9e-01  1.0e-08  8.3e+03  7.1e+01
 
   itn      x(1)       norm r    norm Ar  compatible   LS      norm A   cond A
  4050  2.92909e-01  2.124e+02  1.821e-02   5.9e-01  1.0e-08  8.3e+03  2.5e+01
  4051  2.92907e-01  2.124e+02  1.819e-02   5.9e-01  1.0e-08  8.3e+03  6.8e+01
  4052  2.92905e-01  2.124e+02  1.817e-02   5.9e-01  1.0e-08  8.3e+03  4.7e+01
  4053  2.92903e-01  2.124e+02  1.815e-02   5.9e-01  1.0e-08  8.3e+03  3.6e+01
  4054  2.92900e-01  2.124e+02  1.812e-02   5.9e-01  1.0e-08  8.3e+03  3.6e+01
  4055  2.92895e-01  2.124e+02  1.807e-02   5.9e-01  1.0e-08  8.3e+03  3.7e+01
  4056  2.92893e-01  2.124e+02  1.805e-02   5.9e-01  1.0e-08  8.3e+03  3.5e+01
  4057  2.92888e-01  2.124e+02  1.800e-02   5.9e-01  1.0e-08  8.3e+03  6.1e+01
  4058  2.92886e-01  2.124e+02  1.797e-02   5.9e-01  1.0e-08  8.3e+03  2.3e+01
  4059  2.92884e-01  2.124e+02  1.796e-02   5.9e-01  1.0e-08  8.3e+03  6.4e+01
  4060  2.92882e-01  2.124e+02  1.794e-02   5.9e-01  1.0e-08  8.3e+03  4.6e+01
  4061  2.92881e-01  2.124e+02  1.793e-02   5.9e-01  1.0e-08  8.3e+03  4.5e+01
  4062  2.92877e-01  2.124e+02  1.789e-02   5.9e-01  1.0e-08  8.3e+03  5.3e+01
  4063  2.92875e-01  2.124e+02  1.787e-02   5.9e-01  1.0e-08  8.3e+03  2.6e+01
  4064  2.92870e-01  2.124e+02  1.782e-02   5.9e-01  1.0e-08  8.3e+03  5.3e+01
  4065  2.92868e-01  2.124e+02  1.781e-02   5.9e-01  1.0e-08  8.3e+03  3.5e+01
  4066  2.92862e-01  2.124e+02  1.775e-02   5.9e-01  1.0e-08  8.3e+03  4.8e+01
  4067  2.92861e-01  2.124e+02  1.774e-02   5.9e-01  1.0e-08  8.3e+03  3.5e+01
  4068  2.92856e-01  2.124e+02  1.770e-02   5.9e-01  1.0e-08  8.3e+03  6.5e+01
  4069  2.92854e-01  2.124e+02  1.768e-02   5.9e-01  1.0e-08  8.3e+03  4.1e+01
 
   itn      x(1)       norm r    norm Ar  compatible   LS      norm A   cond A
  4070  2.92849e-01  2.124e+02  1.763e-02   5.9e-01  1.0e-08  8.3e+03  5.4e+01
  4071  2.92849e-01  2.124e+02  1.763e-02   5.9e-01  1.0e-08  8.3e+03  4.0e+01
  4072  2.92845e-01  2.124e+02  1.759e-02   5.9e-01  1.0e-08  8.3e+03  6.4e+01
 
LSMR finished
The least-squares solution is good enough, given atol     
istop =       2    normr = 2.1e+02
    normA = 8.3e+03    normAr = 1.8e-02
itn   =    4072    condA = 6.4e+01
    normx = 1.7e+02
  4072  2.92845e-01   2.124e+02  1.759e-02
   5.9e-01  1.0e-08   8.3e+03  6.4e+01
loss = 45134.619092016415
