OS                           : Linux-5.14.21-150400.24.81_12.0.87-cray_shasta_c-x86_64-with-glibc2.31
Python Version               : 3.9.15
CuPy Version                 : 13.0.0
CuPy Platform                : NVIDIA CUDA
NumPy Version                : 1.23.5
SciPy Version                : 1.9.3
Cython Build Version         : 0.29.36
Cython Runtime Version       : None
CUDA Root                    : /opt/nvidia/hpc_sdk/Linux_x86_64/23.9/cuda/12.2
nvcc PATH                    : /opt/nvidia/hpc_sdk/Linux_x86_64/23.9/cuda/12.2/bin/nvcc
CUDA Build Version           : 12020
CUDA Driver Version          : 12020
CUDA Runtime Version         : 12020 (linked to CuPy) / 12020 (locally installed)
cuBLAS Version               : (available)
cuFFT Version                : 11008
cuRAND Version               : 10303
cuSOLVER Version             : (11, 5, 0)
cuSPARSE Version             : (available)
NVRTC Version                : (12, 2)
Thrust Version               : 200200
CUB Build Version            : 200200
Jitify Build Version         : <unknown>
cuDNN Build Version          : 8801
cuDNN Version                : 8903
NCCL Build Version           : None
NCCL Runtime Version         : None
cuTENSOR Version             : None
cuSPARSELt Build Version     : None
Device 0 Name                : NVIDIA A100-SXM4-40GB
Device 0 Compute Capability  : 80
Device 0 PCI Bus ID          : 0000:41:00.0
None
nprime = 435
npripri = 406
Sizes of ptrain and pdot:
[(40000, 29, 29), (40000, 29, 29)]
Loss at truetheta:
1.5361984472944452e-16
len(theta) = 707281
len(jac) = 33640000
 
LSMR            Least-squares solution of  Ax = b

The matrix A has 67280000 rows and 707281 columns
damp = 0.00000000000000e+00

atol = 1.00e-16                 conlim = 1.00e+08

btol = 1.00e-16             maxiter =   100000

 
   itn      x(1)       norm r    norm Ar  compatible   LS      norm A   cond A
     0  0.00000e+00  8.890e+02  2.045e+05   1.0e+00  2.6e-01
     1  7.98403e-02  2.802e+02  5.300e+04   3.2e-01  7.8e-01  2.4e+02  1.0e+00
     2  1.25236e-01  1.388e+02  2.452e+04   1.6e-01  5.2e-01  3.4e+02  1.1e+00
     3  1.56906e-01  6.623e+01  5.308e+03   7.4e-02  1.8e-01  4.4e+02  1.1e+00
     4  1.58517e-01  6.182e+01  2.509e+03   7.0e-02  8.2e-02  5.0e+02  1.1e+00
     5  1.57993e-01  5.947e+01  1.893e+03   6.7e-02  6.0e-02  5.3e+02  2.0e+00
     6  1.57429e-01  5.749e+01  1.499e+03   6.5e-02  4.5e-02  5.8e+02  2.1e+00
     7  1.57241e-01  5.580e+01  1.273e+03   6.3e-02  3.7e-02  6.2e+02  2.7e+00
     8  1.57223e-01  5.445e+01  1.153e+03   6.1e-02  3.2e-02  6.6e+02  3.2e+00
     9  1.56976e-01  5.257e+01  1.053e+03   5.9e-02  2.9e-02  6.9e+02  4.2e+00
    10  1.56268e-01  5.029e+01  9.387e+02   5.7e-02  2.5e-02  7.3e+02  3.2e+00
    20  1.42655e-01  3.412e+01  4.534e+02   3.8e-02  1.3e-02  1.0e+03  5.2e+00
    30  1.27961e-01  2.303e+01  2.472e+02   2.6e-02  8.6e-03  1.2e+03  5.2e+00
    40  1.19112e-01  1.731e+01  1.523e+02   1.9e-02  6.1e-03  1.4e+03  5.5e+00
    50  1.11869e-01  1.320e+01  9.876e+01   1.5e-02  4.7e-03  1.6e+03  6.2e+00
    60  1.08256e-01  1.047e+01  6.763e+01   1.2e-02  3.7e-03  1.7e+03  5.8e+00
    70  1.06867e-01  8.478e+00  4.860e+01   9.5e-03  3.0e-03  1.9e+03  8.9e+00
    80  1.06315e-01  7.059e+00  3.622e+01   7.9e-03  2.6e-03  2.0e+03  1.1e+01
    90  1.06073e-01  5.915e+00  2.769e+01   6.7e-03  2.2e-03  2.1e+03  1.2e+01
   100  1.05690e-01  4.998e+00  2.163e+01   5.6e-03  1.9e-03  2.2e+03  8.6e+00
   110  1.05021e-01  4.267e+00  1.717e+01   4.8e-03  1.7e-03  2.3e+03  8.4e+00
 
   itn      x(1)       norm r    norm Ar  compatible   LS      norm A   cond A
   120  1.04180e-01  3.653e+00  1.378e+01   4.1e-03  1.5e-03  2.4e+03  6.7e+00
   130  1.03124e-01  3.151e+00  1.110e+01   3.5e-03  1.4e-03  2.5e+03  9.9e+00
   140  1.02013e-01  2.772e+00  9.197e+00   3.1e-03  1.3e-03  2.6e+03  7.9e+00
   150  1.00675e-01  2.430e+00  7.553e+00   2.7e-03  1.1e-03  2.7e+03  7.1e+00
   160  9.93174e-02  2.169e+00  6.331e+00   2.4e-03  1.0e-03  2.8e+03  1.1e+01
   170  9.77402e-02  1.932e+00  5.253e+00   2.2e-03  9.4e-04  2.9e+03  7.5e+00
   180  9.63543e-02  1.766e+00  4.504e+00   2.0e-03  8.6e-04  3.0e+03  7.6e+00
   190  9.48425e-02  1.617e+00  3.836e+00   1.8e-03  7.8e-04  3.0e+03  1.1e+01
   200  9.33158e-02  1.494e+00  3.267e+00   1.7e-03  7.0e-04  3.1e+03  7.0e+00
   210  9.18979e-02  1.398e+00  2.817e+00   1.6e-03  6.3e-04  3.2e+03  8.8e+00
   220  9.03974e-02  1.315e+00  2.408e+00   1.5e-03  5.6e-04  3.3e+03  1.4e+01
   230  8.89916e-02  1.251e+00  2.079e+00   1.4e-03  5.0e-04  3.4e+03  1.0e+01
   240  8.74886e-02  1.196e+00  1.775e+00   1.3e-03  4.3e-04  3.4e+03  9.2e+00
   250  8.61550e-02  1.156e+00  1.543e+00   1.3e-03  3.8e-04  3.5e+03  8.4e+00
   260  8.48576e-02  1.124e+00  1.348e+00   1.3e-03  3.4e-04  3.6e+03  9.7e+00
   270  8.36007e-02  1.099e+00  1.183e+00   1.2e-03  3.0e-04  3.6e+03  1.2e+01
   280  8.22401e-02  1.076e+00  1.031e+00   1.2e-03  2.6e-04  3.7e+03  8.5e+00
   290  8.11263e-02  1.060e+00  9.261e-01   1.2e-03  2.3e-04  3.8e+03  1.2e+01
   300  7.99125e-02  1.045e+00  8.299e-01   1.2e-03  2.1e-04  3.8e+03  1.6e+01
   310  7.88699e-02  1.033e+00  7.626e-01   1.2e-03  1.9e-04  3.9e+03  1.4e+01
 
   itn      x(1)       norm r    norm Ar  compatible   LS      norm A   cond A
   320  7.79226e-02  1.024e+00  7.128e-01   1.2e-03  1.8e-04  3.9e+03  1.9e+01
   330  7.68346e-02  1.015e+00  6.670e-01   1.1e-03  1.6e-04  4.0e+03  1.8e+01
   340  7.59045e-02  1.007e+00  6.360e-01   1.1e-03  1.6e-04  4.1e+03  2.3e+01
   350  7.50389e-02  9.998e-01  6.131e-01   1.1e-03  1.5e-04  4.1e+03  1.6e+01
   360  7.41347e-02  9.928e-01  5.939e-01   1.1e-03  1.4e-04  4.2e+03  3.0e+01
   370  7.31779e-02  9.856e-01  5.780e-01   1.1e-03  1.4e-04  4.2e+03  2.8e+01
   380  7.22261e-02  9.785e-01  5.655e-01   1.1e-03  1.3e-04  4.3e+03  2.9e+01
   390  7.12480e-02  9.713e-01  5.553e-01   1.1e-03  1.3e-04  4.4e+03  3.1e+01
   400  7.01496e-02  9.633e-01  5.461e-01   1.1e-03  1.3e-04  4.4e+03  3.5e+01
   410  6.90740e-02  9.554e-01  5.388e-01   1.1e-03  1.3e-04  4.5e+03  3.9e+01
   420  6.78881e-02  9.468e-01  5.321e-01   1.1e-03  1.2e-04  4.5e+03  4.6e+01
   430  6.65750e-02  9.373e-01  5.258e-01   1.1e-03  1.2e-04  4.6e+03  4.4e+01
   440  6.48328e-02  9.247e-01  5.186e-01   1.0e-03  1.2e-04  4.6e+03  2.7e+01
   450  6.31139e-02  9.122e-01  5.123e-01   1.0e-03  1.2e-04  4.7e+03  4.3e+01
   460  6.08761e-02  8.960e-01  5.048e-01   1.0e-03  1.2e-04  4.7e+03  5.2e+01
   470  5.81850e-02  8.766e-01  4.965e-01   9.9e-04  1.2e-04  4.8e+03  3.2e+01
   480  5.49698e-02  8.534e-01  4.871e-01   9.6e-04  1.2e-04  4.8e+03  3.3e+01
   490  5.07171e-02  8.228e-01  4.750e-01   9.3e-04  1.2e-04  4.9e+03  3.6e+01
   500  4.58132e-02  7.878e-01  4.612e-01   8.9e-04  1.2e-04  4.9e+03  2.5e+01
   510  3.98568e-02  7.456e-01  4.446e-01   8.4e-04  1.2e-04  5.0e+03  1.8e+01
 
   itn      x(1)       norm r    norm Ar  compatible   LS      norm A   cond A
   520  3.32143e-02  6.990e-01  4.257e-01   7.9e-04  1.2e-04  5.0e+03  1.5e+01
   530  2.48674e-02  6.415e-01  4.012e-01   7.2e-04  1.2e-04  5.1e+03  1.6e+01
   540  1.71452e-02  5.896e-01  3.775e-01   6.6e-04  1.2e-04  5.1e+03  1.6e+01
   550  8.53367e-03  5.335e-01  3.497e-01   6.0e-04  1.3e-04  5.2e+03  1.2e+01
   560  5.21640e-04  4.837e-01  3.219e-01   5.4e-04  1.3e-04  5.2e+03  1.4e+01
   570 -6.55981e-03  4.421e-01  2.955e-01   5.0e-04  1.3e-04  5.3e+03  1.3e+01
   580 -1.26733e-02  4.084e-01  2.709e-01   4.6e-04  1.3e-04  5.3e+03  1.2e+01
   590 -1.87793e-02  3.776e-01  2.441e-01   4.2e-04  1.2e-04  5.4e+03  1.1e+01
   600 -2.27705e-02  3.591e-01  2.251e-01   4.0e-04  1.2e-04  5.4e+03  1.6e+01
   610 -2.67655e-02  3.420e-01  2.045e-01   3.8e-04  1.1e-04  5.4e+03  9.9e+00
   620 -2.89869e-02  3.331e-01  1.922e-01   3.7e-04  1.1e-04  5.5e+03  1.3e+01
   630 -3.10816e-02  3.251e-01  1.800e-01   3.7e-04  1.0e-04  5.5e+03  2.1e+01
   640 -3.26364e-02  3.192e-01  1.705e-01   3.6e-04  9.6e-05  5.6e+03  2.1e+01
   650 -3.38994e-02  3.144e-01  1.625e-01   3.5e-04  9.2e-05  5.6e+03  2.8e+01
   660 -3.48387e-02  3.107e-01  1.564e-01   3.5e-04  8.9e-05  5.7e+03  2.6e+01
   670 -3.55397e-02  3.077e-01  1.517e-01   3.5e-04  8.6e-05  5.7e+03  2.9e+01
   680 -3.61631e-02  3.049e-01  1.475e-01   3.4e-04  8.4e-05  5.7e+03  1.9e+01
   690 -3.66683e-02  3.023e-01  1.441e-01   3.4e-04  8.2e-05  5.8e+03  4.0e+01
   700 -3.71059e-02  2.998e-01  1.412e-01   3.4e-04  8.1e-05  5.8e+03  3.6e+01
   710 -3.74763e-02  2.973e-01  1.387e-01   3.3e-04  7.9e-05  5.9e+03  2.5e+01
 
   itn      x(1)       norm r    norm Ar  compatible   LS      norm A   cond A
   720 -3.77936e-02  2.949e-01  1.367e-01   3.3e-04  7.8e-05  5.9e+03  3.4e+01
   730 -3.80526e-02  2.927e-01  1.350e-01   3.3e-04  7.7e-05  6.0e+03  3.2e+01
   740 -3.83013e-02  2.903e-01  1.334e-01   3.3e-04  7.7e-05  6.0e+03  3.4e+01
   750 -3.85909e-02  2.871e-01  1.315e-01   3.2e-04  7.6e-05  6.0e+03  2.1e+01
   760 -3.87919e-02  2.846e-01  1.302e-01   3.2e-04  7.5e-05  6.1e+03  3.5e+01
   770 -3.90178e-02  2.816e-01  1.288e-01   3.2e-04  7.5e-05  6.1e+03  2.8e+01
   780 -3.92267e-02  2.785e-01  1.274e-01   3.1e-04  7.4e-05  6.2e+03  4.0e+01
   790 -3.95033e-02  2.742e-01  1.256e-01   3.1e-04  7.4e-05  6.2e+03  6.0e+01
   800 -3.97797e-02  2.695e-01  1.237e-01   3.0e-04  7.4e-05  6.2e+03  4.2e+01
   810 -4.01044e-02  2.636e-01  1.215e-01   3.0e-04  7.4e-05  6.3e+03  1.9e+01
   820 -4.03971e-02  2.579e-01  1.194e-01   2.9e-04  7.3e-05  6.3e+03  2.4e+01
   830 -4.07736e-02  2.503e-01  1.167e-01   2.8e-04  7.3e-05  6.3e+03  2.9e+01
   840 -4.11578e-02  2.423e-01  1.138e-01   2.7e-04  7.4e-05  6.4e+03  2.9e+01
   850 -4.16058e-02  2.326e-01  1.103e-01   2.6e-04  7.4e-05  6.4e+03  1.6e+01
   860 -4.20469e-02  2.228e-01  1.067e-01   2.5e-04  7.4e-05  6.5e+03  1.4e+01
   870 -4.25178e-02  2.122e-01  1.026e-01   2.4e-04  7.4e-05  6.5e+03  2.8e+01
   880 -4.29690e-02  2.020e-01  9.854e-02   2.3e-04  7.5e-05  6.5e+03  2.2e+01
   890 -4.34044e-02  1.921e-01  9.440e-02   2.2e-04  7.5e-05  6.6e+03  2.7e+01
   900 -4.39222e-02  1.804e-01  8.915e-02   2.0e-04  7.5e-05  6.6e+03  1.7e+01
   910 -4.42953e-02  1.719e-01  8.511e-02   1.9e-04  7.4e-05  6.6e+03  3.0e+01
 
   itn      x(1)       norm r    norm Ar  compatible   LS      norm A   cond A
   920 -4.46124e-02  1.647e-01  8.144e-02   1.9e-04  7.4e-05  6.7e+03  1.6e+01
   930 -4.48681e-02  1.588e-01  7.830e-02   1.8e-04  7.3e-05  6.7e+03  2.4e+01
   940 -4.50815e-02  1.537e-01  7.550e-02   1.7e-04  7.3e-05  6.8e+03  3.6e+01
   950 -4.52749e-02  1.489e-01  7.275e-02   1.7e-04  7.2e-05  6.8e+03  1.7e+01
   960 -4.53969e-02  1.457e-01  7.087e-02   1.6e-04  7.1e-05  6.8e+03  1.8e+01
   970 -4.54976e-02  1.427e-01  6.915e-02   1.6e-04  7.1e-05  6.9e+03  1.8e+01
   980 -4.55716e-02  1.401e-01  6.773e-02   1.6e-04  7.0e-05  6.9e+03  2.4e+01
   990 -4.56262e-02  1.378e-01  6.651e-02   1.5e-04  7.0e-05  6.9e+03  2.6e+01
  1000 -4.56617e-02  1.359e-01  6.552e-02   1.5e-04  6.9e-05  7.0e+03  3.5e+01
  1010 -4.56863e-02  1.339e-01  6.460e-02   1.5e-04  6.9e-05  7.0e+03  4.1e+01
  1020 -4.57012e-02  1.318e-01  6.365e-02   1.5e-04  6.9e-05  7.0e+03  4.1e+01
  1030 -4.57043e-02  1.298e-01  6.282e-02   1.5e-04  6.8e-05  7.1e+03  2.9e+01
  1040 -4.56976e-02  1.277e-01  6.199e-02   1.4e-04  6.8e-05  7.1e+03  4.4e+01
  1050 -4.56769e-02  1.250e-01  6.099e-02   1.4e-04  6.8e-05  7.1e+03  2.4e+01
  1060 -4.56486e-02  1.225e-01  6.013e-02   1.4e-04  6.8e-05  7.2e+03  2.2e+01
  1070 -4.56035e-02  1.193e-01  5.907e-02   1.3e-04  6.9e-05  7.2e+03  1.8e+01
  1080 -4.55479e-02  1.160e-01  5.800e-02   1.3e-04  6.9e-05  7.2e+03  3.1e+01
  1090 -4.54713e-02  1.120e-01  5.672e-02   1.3e-04  7.0e-05  7.3e+03  2.7e+01
  1100 -4.53808e-02  1.076e-01  5.535e-02   1.2e-04  7.0e-05  7.3e+03  3.8e+01
  1110 -4.52820e-02  1.031e-01  5.395e-02   1.2e-04  7.1e-05  7.3e+03  2.6e+01
 
   itn      x(1)       norm r    norm Ar  compatible   LS      norm A   cond A
  1120 -4.51527e-02  9.759e-02  5.220e-02   1.1e-04  7.3e-05  7.4e+03  1.6e+01
  1130 -4.49782e-02  9.050e-02  4.990e-02   1.0e-04  7.4e-05  7.4e+03  1.8e+01
  1140 -4.47659e-02  8.229e-02  4.714e-02   9.3e-05  7.7e-05  7.4e+03  2.8e+01
  1150 -4.45564e-02  7.454e-02  4.439e-02   8.4e-05  8.0e-05  7.5e+03  1.9e+01
  1160 -4.43453e-02  6.706e-02  4.155e-02   7.5e-05  8.3e-05  7.5e+03  1.3e+01
  1170 -4.41361e-02  5.997e-02  3.865e-02   6.7e-05  8.6e-05  7.5e+03  1.4e+01
  1180 -4.39333e-02  5.344e-02  3.572e-02   6.0e-05  8.8e-05  7.6e+03  1.1e+01
  1190 -4.37491e-02  4.784e-02  3.293e-02   5.4e-05  9.1e-05  7.6e+03  1.3e+01
  1200 -4.35743e-02  4.288e-02  3.013e-02   4.8e-05  9.2e-05  7.6e+03  2.0e+01
  1210 -4.34138e-02  3.869e-02  2.742e-02   4.4e-05  9.3e-05  7.7e+03  1.9e+01
  1220 -4.32853e-02  3.563e-02  2.513e-02   4.0e-05  9.2e-05  7.7e+03  1.7e+01
  1230 -4.31694e-02  3.314e-02  2.296e-02   3.7e-05  9.0e-05  7.7e+03  9.8e+00
  1240 -4.30794e-02  3.140e-02  2.121e-02   3.5e-05  8.7e-05  7.8e+03  1.0e+01
  1250 -4.30096e-02  3.017e-02  1.983e-02   3.4e-05  8.4e-05  7.8e+03  1.2e+01
  1260 -4.29587e-02  2.934e-02  1.882e-02   3.3e-05  8.2e-05  7.8e+03  1.9e+01
  1270 -4.29056e-02  2.852e-02  1.777e-02   3.2e-05  7.9e-05  7.8e+03  1.3e+01
  1280 -4.28691e-02  2.798e-02  1.709e-02   3.1e-05  7.7e-05  7.9e+03  2.6e+01
  1290 -4.28386e-02  2.755e-02  1.655e-02   3.1e-05  7.6e-05  7.9e+03  2.4e+01
  1300 -4.28120e-02  2.717e-02  1.611e-02   3.1e-05  7.5e-05  7.9e+03  3.0e+01
  1310 -4.27861e-02  2.680e-02  1.572e-02   3.0e-05  7.4e-05  8.0e+03  1.7e+01
 
   itn      x(1)       norm r    norm Ar  compatible   LS      norm A   cond A
  1320 -4.27649e-02  2.649e-02  1.543e-02   3.0e-05  7.3e-05  8.0e+03  4.3e+01
  1330 -4.27432e-02  2.617e-02  1.517e-02   2.9e-05  7.2e-05  8.0e+03  3.6e+01
  1340 -4.27218e-02  2.584e-02  1.494e-02   2.9e-05  7.2e-05  8.1e+03  3.1e+01
  1350 -4.26989e-02  2.549e-02  1.471e-02   2.9e-05  7.1e-05  8.1e+03  2.3e+01
  1360 -4.26715e-02  2.505e-02  1.446e-02   2.8e-05  7.1e-05  8.1e+03  4.2e+01
  1370 -4.26433e-02  2.460e-02  1.423e-02   2.8e-05  7.1e-05  8.2e+03  2.8e+01
  1380 -4.26076e-02  2.401e-02  1.395e-02   2.7e-05  7.1e-05  8.2e+03  3.5e+01
  1390 -4.25742e-02  2.346e-02  1.371e-02   2.6e-05  7.1e-05  8.2e+03  2.3e+01
  1400 -4.25356e-02  2.282e-02  1.344e-02   2.6e-05  7.1e-05  8.2e+03  2.6e+01
  1410 -4.24856e-02  2.198e-02  1.309e-02   2.5e-05  7.2e-05  8.3e+03  2.1e+01
  1420 -4.24285e-02  2.103e-02  1.270e-02   2.4e-05  7.3e-05  8.3e+03  2.5e+01
  1430 -4.23692e-02  2.004e-02  1.230e-02   2.3e-05  7.4e-05  8.3e+03  2.0e+01
  1440 -4.23031e-02  1.894e-02  1.185e-02   2.1e-05  7.5e-05  8.4e+03  1.7e+01
  1450 -4.22277e-02  1.770e-02  1.132e-02   2.0e-05  7.6e-05  8.4e+03  1.9e+01
  1460 -4.21375e-02  1.623e-02  1.068e-02   1.8e-05  7.8e-05  8.4e+03  1.4e+01
  1470 -4.20612e-02  1.501e-02  1.011e-02   1.7e-05  8.0e-05  8.4e+03  1.3e+01
  1480 -4.19827e-02  1.379e-02  9.506e-03   1.6e-05  8.1e-05  8.5e+03  1.3e+01
  1490 -4.19058e-02  1.262e-02  8.881e-03   1.4e-05  8.3e-05  8.5e+03  1.3e+01
  1500 -4.18197e-02  1.136e-02  8.135e-03   1.3e-05  8.4e-05  8.5e+03  1.9e+01
  1510 -4.17505e-02  1.039e-02  7.491e-03   1.2e-05  8.4e-05  8.6e+03  2.0e+01
 
   itn      x(1)       norm r    norm Ar  compatible   LS      norm A   cond A
  1520 -4.16866e-02  9.558e-03  6.852e-03   1.1e-05  8.4e-05  8.6e+03  1.7e+01
  1530 -4.16317e-02  8.890e-03  6.259e-03   1.0e-05  8.2e-05  8.6e+03  1.9e+01
  1540 -4.15852e-02  8.368e-03  5.715e-03   9.4e-06  7.9e-05  8.6e+03  2.2e+01
  1550 -4.15493e-02  7.997e-03  5.265e-03   9.0e-06  7.6e-05  8.7e+03  1.4e+01
  1560 -4.15169e-02  7.686e-03  4.826e-03   8.6e-06  7.2e-05  8.7e+03  1.1e+01
  1570 -4.14914e-02  7.458e-03  4.459e-03   8.4e-06  6.8e-05  8.7e+03  1.8e+01
  1580 -4.14733e-02  7.303e-03  4.182e-03   8.2e-06  6.5e-05  8.8e+03  1.7e+01
  1590 -4.14597e-02  7.188e-03  3.966e-03   8.1e-06  6.3e-05  8.8e+03  2.8e+01
  1600 -4.14482e-02  7.089e-03  3.777e-03   8.0e-06  6.0e-05  8.8e+03  1.9e+01
  1610 -4.14396e-02  7.012e-03  3.633e-03   7.9e-06  5.9e-05  8.8e+03  2.6e+01
  1620 -4.14322e-02  6.942e-03  3.512e-03   7.8e-06  5.7e-05  8.9e+03  2.6e+01
  1630 -4.14272e-02  6.889e-03  3.429e-03   7.7e-06  5.6e-05  8.9e+03  1.7e+01
  1640 -4.14229e-02  6.839e-03  3.360e-03   7.7e-06  5.5e-05  8.9e+03  2.8e+01
  1650 -4.14190e-02  6.787e-03  3.300e-03   7.6e-06  5.4e-05  8.9e+03  2.8e+01
  1660 -4.14159e-02  6.741e-03  3.253e-03   7.6e-06  5.4e-05  9.0e+03  3.9e+01
  1670 -4.14130e-02  6.691e-03  3.212e-03   7.5e-06  5.3e-05  9.0e+03  3.8e+01
  1680 -4.14098e-02  6.629e-03  3.168e-03   7.5e-06  5.3e-05  9.0e+03  4.4e+01
  1690 -4.14076e-02  6.579e-03  3.138e-03   7.4e-06  5.3e-05  9.1e+03  4.8e+01
  1700 -4.14048e-02  6.511e-03  3.102e-03   7.3e-06  5.2e-05  9.1e+03  3.7e+01
  1710 -4.14025e-02  6.449e-03  3.073e-03   7.3e-06  5.2e-05  9.1e+03  5.6e+01
 
   itn      x(1)       norm r    norm Ar  compatible   LS      norm A   cond A
  1720 -4.13996e-02  6.365e-03  3.037e-03   7.2e-06  5.2e-05  9.1e+03  3.2e+01
  1730 -4.13963e-02  6.261e-03  2.997e-03   7.0e-06  5.2e-05  9.2e+03  4.0e+01
  1740 -4.13927e-02  6.141e-03  2.952e-03   6.9e-06  5.2e-05  9.2e+03  3.6e+01
  1750 -4.13883e-02  5.988e-03  2.897e-03   6.7e-06  5.3e-05  9.2e+03  2.3e+01
  1760 -4.13834e-02  5.806e-03  2.833e-03   6.5e-06  5.3e-05  9.2e+03  2.6e+01
  1770 -4.13776e-02  5.584e-03  2.755e-03   6.3e-06  5.3e-05  9.3e+03  2.6e+01
  1780 -4.13718e-02  5.353e-03  2.673e-03   6.0e-06  5.4e-05  9.3e+03  3.1e+01
  1790 -4.13629e-02  4.997e-03  2.543e-03   5.6e-06  5.5e-05  9.3e+03  1.1e+01
  1800 -4.13561e-02  4.720e-03  2.437e-03   5.3e-06  5.5e-05  9.3e+03  1.4e+01
  1810 -4.13487e-02  4.418e-03  2.315e-03   5.0e-06  5.6e-05  9.4e+03  1.2e+01
  1820 -4.13417e-02  4.129e-03  2.190e-03   4.6e-06  5.6e-05  9.4e+03  1.2e+01
  1830 -4.13343e-02  3.835e-03  2.051e-03   4.3e-06  5.7e-05  9.4e+03  1.7e+01
  1840 -4.13288e-02  3.617e-03  1.937e-03   4.1e-06  5.7e-05  9.4e+03  1.7e+01
  1850 -4.13235e-02  3.414e-03  1.821e-03   3.8e-06  5.6e-05  9.5e+03  2.1e+01
  1860 -4.13184e-02  3.222e-03  1.699e-03   3.6e-06  5.6e-05  9.5e+03  2.6e+01
  1870 -4.13147e-02  3.084e-03  1.602e-03   3.5e-06  5.5e-05  9.5e+03  1.2e+01
  1880 -4.13121e-02  2.987e-03  1.529e-03   3.4e-06  5.4e-05  9.5e+03  1.9e+01
  1890 -4.13098e-02  2.903e-03  1.461e-03   3.3e-06  5.3e-05  9.6e+03  1.6e+01
  1900 -4.13081e-02  2.836e-03  1.405e-03   3.2e-06  5.2e-05  9.6e+03  2.7e+01
  1910 -4.13069e-02  2.783e-03  1.360e-03   3.1e-06  5.1e-05  9.6e+03  2.0e+01
 
   itn      x(1)       norm r    norm Ar  compatible   LS      norm A   cond A
  1920 -4.13061e-02  2.744e-03  1.329e-03   3.1e-06  5.0e-05  9.6e+03  3.2e+01
  1930 -4.13053e-02  2.702e-03  1.296e-03   3.0e-06  5.0e-05  9.7e+03  1.6e+01
  1940 -4.13049e-02  2.673e-03  1.275e-03   3.0e-06  4.9e-05  9.7e+03  3.2e+01
  1950 -4.13046e-02  2.645e-03  1.257e-03   3.0e-06  4.9e-05  9.7e+03  3.2e+01
  1960 -4.13044e-02  2.621e-03  1.243e-03   2.9e-06  4.9e-05  9.7e+03  4.5e+01
  1970 -4.13043e-02  2.596e-03  1.229e-03   2.9e-06  4.8e-05  9.8e+03  3.8e+01
  1980 -4.13042e-02  2.568e-03  1.216e-03   2.9e-06  4.8e-05  9.8e+03  4.2e+01
  1990 -4.13042e-02  2.538e-03  1.203e-03   2.9e-06  4.8e-05  9.8e+03  5.6e+01
  2000 -4.13042e-02  2.507e-03  1.191e-03   2.8e-06  4.8e-05  9.8e+03  3.9e+01
  2010 -4.13043e-02  2.468e-03  1.177e-03   2.8e-06  4.8e-05  9.9e+03  2.7e+01
  2020 -4.13044e-02  2.428e-03  1.163e-03   2.7e-06  4.8e-05  9.9e+03  4.1e+01
  2030 -4.13047e-02  2.376e-03  1.146e-03   2.7e-06  4.9e-05  9.9e+03  3.6e+01
  2040 -4.13050e-02  2.304e-03  1.124e-03   2.6e-06  4.9e-05  9.9e+03  2.0e+01
  2050 -4.13054e-02  2.226e-03  1.100e-03   2.5e-06  5.0e-05  1.0e+04  3.2e+01
  2060 -4.13059e-02  2.136e-03  1.072e-03   2.4e-06  5.0e-05  1.0e+04  2.8e+01
  2070 -4.13066e-02  2.026e-03  1.038e-03   2.3e-06  5.1e-05  1.0e+04  2.9e+01
  2080 -4.13073e-02  1.901e-03  9.986e-04   2.1e-06  5.2e-05  1.0e+04  2.9e+01
  2090 -4.13083e-02  1.742e-03  9.467e-04   2.0e-06  5.4e-05  1.0e+04  1.6e+01
  2100 -4.13093e-02  1.596e-03  8.961e-04   1.8e-06  5.6e-05  1.0e+04  1.4e+01
  2110 -4.13102e-02  1.449e-03  8.420e-04   1.6e-06  5.7e-05  1.0e+04  2.0e+01
 
   itn      x(1)       norm r    norm Ar  compatible   LS      norm A   cond A
  2120 -4.13112e-02  1.311e-03  7.878e-04   1.5e-06  5.9e-05  1.0e+04  1.0e+01
  2130 -4.13121e-02  1.178e-03  7.299e-04   1.3e-06  6.1e-05  1.0e+04  1.3e+01
  2140 -4.13130e-02  1.059e-03  6.731e-04   1.2e-06  6.2e-05  1.0e+04  1.3e+01
  2150 -4.13136e-02  9.749e-04  6.278e-04   1.1e-06  6.3e-05  1.0e+04  1.5e+01
  2160 -4.13143e-02  9.027e-04  5.849e-04   1.0e-06  6.3e-05  1.0e+04  1.5e+01
  2170 -4.13149e-02  8.379e-04  5.417e-04   9.4e-07  6.3e-05  1.0e+04  2.5e+01
  2180 -4.13154e-02  7.876e-04  5.042e-04   8.9e-07  6.2e-05  1.0e+04  1.3e+01
  2190 -4.13158e-02  7.474e-04  4.708e-04   8.4e-07  6.1e-05  1.0e+04  2.1e+01
  2200 -4.13162e-02  7.195e-04  4.457e-04   8.1e-07  6.0e-05  1.0e+04  2.1e+01
  2210 -4.13165e-02  6.949e-04  4.222e-04   7.8e-07  5.9e-05  1.0e+04  2.1e+01
  2220 -4.13168e-02  6.775e-04  4.051e-04   7.6e-07  5.8e-05  1.0e+04  1.6e+01
  2230 -4.13170e-02  6.642e-04  3.922e-04   7.5e-07  5.7e-05  1.0e+04  2.3e+01
  2240 -4.13171e-02  6.519e-04  3.805e-04   7.3e-07  5.6e-05  1.0e+04  2.3e+01
  2250 -4.13173e-02  6.412e-04  3.709e-04   7.2e-07  5.5e-05  1.0e+04  2.8e+01
  2260 -4.13175e-02  6.312e-04  3.627e-04   7.1e-07  5.5e-05  1.0e+04  4.1e+01
  2270 -4.13176e-02  6.222e-04  3.559e-04   7.0e-07  5.5e-05  1.0e+04  3.3e+01
  2280 -4.13177e-02  6.137e-04  3.502e-04   6.9e-07  5.4e-05  1.1e+04  2.4e+01
  2290 -4.13178e-02  6.044e-04  3.446e-04   6.8e-07  5.4e-05  1.1e+04  2.2e+01
  2300 -4.13179e-02  5.957e-04  3.398e-04   6.7e-07  5.4e-05  1.1e+04  4.0e+01
  2310 -4.13180e-02  5.853e-04  3.346e-04   6.6e-07  5.4e-05  1.1e+04  3.3e+01
 
   itn      x(1)       norm r    norm Ar  compatible   LS      norm A   cond A
  2320 -4.13181e-02  5.729e-04  3.289e-04   6.4e-07  5.4e-05  1.1e+04  3.3e+01
  2330 -4.13183e-02  5.591e-04  3.230e-04   6.3e-07  5.4e-05  1.1e+04  2.1e+01
  2340 -4.13184e-02  5.455e-04  3.175e-04   6.1e-07  5.5e-05  1.1e+04  2.7e+01
  2350 -4.13185e-02  5.272e-04  3.103e-04   5.9e-07  5.5e-05  1.1e+04  2.3e+01
  2360 -4.13186e-02  5.056e-04  3.021e-04   5.7e-07  5.6e-05  1.1e+04  1.7e+01
  2370 -4.13188e-02  4.817e-04  2.930e-04   5.4e-07  5.7e-05  1.1e+04  2.0e+01
  2380 -4.13189e-02  4.522e-04  2.816e-04   5.1e-07  5.8e-05  1.1e+04  2.0e+01
  2390 -4.13191e-02  4.151e-04  2.670e-04   4.7e-07  6.0e-05  1.1e+04  9.6e+00
  2400 -4.13193e-02  3.804e-04  2.527e-04   4.3e-07  6.2e-05  1.1e+04  2.7e+01
  2410 -4.13194e-02  3.451e-04  2.372e-04   3.9e-07  6.4e-05  1.1e+04  1.4e+01
  2420 -4.13196e-02  3.090e-04  2.203e-04   3.5e-07  6.6e-05  1.1e+04  1.2e+01
  2430 -4.13197e-02  2.805e-04  2.057e-04   3.2e-07  6.8e-05  1.1e+04  1.8e+01
  2440 -4.13198e-02  2.465e-04  1.862e-04   2.8e-07  6.9e-05  1.1e+04  1.4e+01
  2450 -4.13199e-02  2.217e-04  1.700e-04   2.5e-07  7.0e-05  1.1e+04  1.5e+01
  2460 -4.13200e-02  2.009e-04  1.543e-04   2.3e-07  7.0e-05  1.1e+04  1.3e+01
  2470 -4.13200e-02  1.846e-04  1.398e-04   2.1e-07  6.9e-05  1.1e+04  1.9e+01
  2480 -4.13200e-02  1.738e-04  1.287e-04   2.0e-07  6.8e-05  1.1e+04  1.5e+01
  2490 -4.13201e-02  1.638e-04  1.166e-04   1.8e-07  6.5e-05  1.1e+04  1.2e+01
  2500 -4.13201e-02  1.576e-04  1.078e-04   1.8e-07  6.2e-05  1.1e+04  1.4e+01
  2510 -4.13201e-02  1.523e-04  9.924e-05   1.7e-07  5.9e-05  1.1e+04  1.7e+01
 
   itn      x(1)       norm r    norm Ar  compatible   LS      norm A   cond A
  2520 -4.13201e-02  1.484e-04  9.242e-05   1.7e-07  5.6e-05  1.1e+04  2.0e+01
  2530 -4.13201e-02  1.457e-04  8.719e-05   1.6e-07  5.4e-05  1.1e+04  2.5e+01
  2540 -4.13200e-02  1.432e-04  8.246e-05   1.6e-07  5.2e-05  1.1e+04  1.5e+01
  2550 -4.13200e-02  1.414e-04  7.899e-05   1.6e-07  5.0e-05  1.1e+04  2.3e+01
  2560 -4.13200e-02  1.400e-04  7.648e-05   1.6e-07  4.9e-05  1.1e+04  2.6e+01
  2570 -4.13200e-02  1.387e-04  7.435e-05   1.6e-07  4.8e-05  1.1e+04  2.9e+01
  2580 -4.13200e-02  1.375e-04  7.264e-05   1.5e-07  4.7e-05  1.1e+04  3.1e+01
  2590 -4.13200e-02  1.363e-04  7.115e-05   1.5e-07  4.7e-05  1.1e+04  3.0e+01
  2600 -4.13199e-02  1.351e-04  6.996e-05   1.5e-07  4.6e-05  1.1e+04  3.0e+01
  2610 -4.13199e-02  1.340e-04  6.891e-05   1.5e-07  4.6e-05  1.1e+04  6.2e+01
  2620 -4.13199e-02  1.327e-04  6.790e-05   1.5e-07  4.5e-05  1.1e+04  3.3e+01
  2630 -4.13199e-02  1.315e-04  6.711e-05   1.5e-07  4.5e-05  1.1e+04  4.2e+01
  2640 -4.13199e-02  1.300e-04  6.625e-05   1.5e-07  4.5e-05  1.1e+04  4.5e+01
  2650 -4.13198e-02  1.284e-04  6.537e-05   1.4e-07  4.5e-05  1.1e+04  3.5e+01
  2660 -4.13198e-02  1.266e-04  6.451e-05   1.4e-07  4.5e-05  1.1e+04  3.4e+01
  2670 -4.13198e-02  1.245e-04  6.356e-05   1.4e-07  4.5e-05  1.1e+04  2.9e+01
  2680 -4.13197e-02  1.220e-04  6.247e-05   1.4e-07  4.5e-05  1.1e+04  4.3e+01
  2690 -4.13196e-02  1.188e-04  6.117e-05   1.3e-07  4.5e-05  1.1e+04  3.6e+01
  2700 -4.13196e-02  1.147e-04  5.951e-05   1.3e-07  4.5e-05  1.1e+04  1.4e+01
  2710 -4.13195e-02  1.105e-04  5.778e-05   1.2e-07  4.6e-05  1.1e+04  1.6e+01
 
   itn      x(1)       norm r    norm Ar  compatible   LS      norm A   cond A
  2720 -4.13194e-02  1.057e-04  5.581e-05   1.2e-07  4.6e-05  1.1e+04  1.6e+01
  2730 -4.13193e-02  1.008e-04  5.370e-05   1.1e-07  4.6e-05  1.2e+04  1.5e+01
  2740 -4.13191e-02  9.485e-05  5.105e-05   1.1e-07  4.7e-05  1.2e+04  1.2e+01
  2750 -4.13190e-02  8.963e-05  4.857e-05   1.0e-07  4.7e-05  1.2e+04  1.6e+01
  2760 -4.13188e-02  8.380e-05  4.559e-05   9.4e-08  4.7e-05  1.2e+04  1.7e+01
  2770 -4.13187e-02  7.966e-05  4.327e-05   9.0e-08  4.7e-05  1.2e+04  2.4e+01
  2780 -4.13186e-02  7.516e-05  4.052e-05   8.5e-08  4.6e-05  1.2e+04  1.9e+01
  2790 -4.13184e-02  7.202e-05  3.840e-05   8.1e-08  4.6e-05  1.2e+04  1.9e+01
  2800 -4.13183e-02  6.888e-05  3.608e-05   7.7e-08  4.5e-05  1.2e+04  1.5e+01
  2810 -4.13182e-02  6.653e-05  3.418e-05   7.5e-08  4.4e-05  1.2e+04  1.9e+01
  2820 -4.13182e-02  6.452e-05  3.242e-05   7.3e-08  4.3e-05  1.2e+04  1.8e+01
  2830 -4.13181e-02  6.309e-05  3.110e-05   7.1e-08  4.2e-05  1.2e+04  2.5e+01
  2840 -4.13180e-02  6.170e-05  2.976e-05   6.9e-08  4.1e-05  1.2e+04  2.4e+01
  2850 -4.13180e-02  6.075e-05  2.885e-05   6.8e-08  4.0e-05  1.2e+04  2.1e+01
  2860 -4.13179e-02  6.000e-05  2.814e-05   6.7e-08  4.0e-05  1.2e+04  3.0e+01
  2870 -4.13179e-02  5.930e-05  2.750e-05   6.7e-08  3.9e-05  1.2e+04  2.6e+01
  2880 -4.13179e-02  5.875e-05  2.703e-05   6.6e-08  3.9e-05  1.2e+04  5.0e+01
  2890 -4.13179e-02  5.811e-05  2.653e-05   6.5e-08  3.9e-05  1.2e+04  3.0e+01
  2900 -4.13178e-02  5.753e-05  2.612e-05   6.5e-08  3.8e-05  1.2e+04  3.6e+01
  2910 -4.13178e-02  5.703e-05  2.582e-05   6.4e-08  3.8e-05  1.2e+04  2.9e+01
 
   itn      x(1)       norm r    norm Ar  compatible   LS      norm A   cond A
  2920 -4.13178e-02  5.647e-05  2.551e-05   6.4e-08  3.8e-05  1.2e+04  4.6e+01
  2930 -4.13178e-02  5.588e-05  2.523e-05   6.3e-08  3.8e-05  1.2e+04  3.3e+01
  2940 -4.13178e-02  5.540e-05  2.502e-05   6.2e-08  3.8e-05  1.2e+04  4.9e+01
  2950 -4.13178e-02  5.480e-05  2.478e-05   6.2e-08  3.8e-05  1.2e+04  6.5e+01
  2960 -4.13177e-02  5.404e-05  2.450e-05   6.1e-08  3.8e-05  1.2e+04  4.8e+01
  2970 -4.13177e-02  5.305e-05  2.416e-05   6.0e-08  3.8e-05  1.2e+04  2.6e+01
  2980 -4.13177e-02  5.194e-05  2.381e-05   5.8e-08  3.8e-05  1.2e+04  5.7e+01
  2990 -4.13177e-02  5.079e-05  2.344e-05   5.7e-08  3.8e-05  1.2e+04  4.3e+01
  3000 -4.13177e-02  4.909e-05  2.292e-05   5.5e-08  3.9e-05  1.2e+04  2.2e+01
  3010 -4.13176e-02  4.725e-05  2.235e-05   5.3e-08  3.9e-05  1.2e+04  1.8e+01
  3020 -4.13176e-02  4.515e-05  2.170e-05   5.1e-08  4.0e-05  1.2e+04  2.6e+01
  3030 -4.13176e-02  4.254e-05  2.087e-05   4.8e-08  4.0e-05  1.2e+04  1.6e+01
  3040 -4.13175e-02  3.996e-05  2.002e-05   4.5e-08  4.1e-05  1.2e+04  4.1e+01
  3050 -4.13175e-02  3.728e-05  1.910e-05   4.2e-08  4.2e-05  1.2e+04  3.1e+01
  3060 -4.13175e-02  3.423e-05  1.798e-05   3.9e-08  4.3e-05  1.2e+04  2.1e+01
  3070 -4.13174e-02  3.153e-05  1.692e-05   3.5e-08  4.4e-05  1.2e+04  2.8e+01
  3080 -4.13174e-02  2.906e-05  1.585e-05   3.3e-08  4.5e-05  1.2e+04  2.1e+01
  3090 -4.13174e-02  2.677e-05  1.477e-05   3.0e-08  4.5e-05  1.2e+04  2.3e+01
  3100 -4.13173e-02  2.514e-05  1.391e-05   2.8e-08  4.5e-05  1.2e+04  2.3e+01
  3110 -4.13173e-02  2.371e-05  1.309e-05   2.7e-08  4.5e-05  1.2e+04  2.1e+01
 
   itn      x(1)       norm r    norm Ar  compatible   LS      norm A   cond A
  3120 -4.13173e-02  2.257e-05  1.238e-05   2.5e-08  4.5e-05  1.2e+04  1.6e+01
  3130 -4.13173e-02  2.168e-05  1.177e-05   2.4e-08  4.4e-05  1.2e+04  2.4e+01
  3140 -4.13173e-02  2.096e-05  1.126e-05   2.4e-08  4.4e-05  1.2e+04  2.6e+01
  3150 -4.13173e-02  2.038e-05  1.083e-05   2.3e-08  4.3e-05  1.2e+04  2.9e+01
  3160 -4.13172e-02  1.996e-05  1.052e-05   2.2e-08  4.3e-05  1.2e+04  3.1e+01
  3170 -4.13172e-02  1.959e-05  1.026e-05   2.2e-08  4.2e-05  1.2e+04  5.1e+01
  3180 -4.13172e-02  1.925e-05  1.002e-05   2.2e-08  4.2e-05  1.2e+04  3.0e+01
  3190 -4.13172e-02  1.897e-05  9.833e-06   2.1e-08  4.2e-05  1.2e+04  5.6e+01
  3200 -4.13172e-02  1.867e-05  9.654e-06   2.1e-08  4.2e-05  1.2e+04  4.8e+01
  3210 -4.13172e-02  1.842e-05  9.517e-06   2.1e-08  4.1e-05  1.2e+04  3.7e+01
  3220 -4.13172e-02  1.818e-05  9.398e-06   2.0e-08  4.1e-05  1.2e+04  5.4e+01
  3230 -4.13172e-02  1.790e-05  9.266e-06   2.0e-08  4.1e-05  1.3e+04  3.5e+01
  3240 -4.13172e-02  1.759e-05  9.139e-06   2.0e-08  4.1e-05  1.3e+04  4.3e+01
  3250 -4.13172e-02  1.725e-05  9.006e-06   1.9e-08  4.2e-05  1.3e+04  3.5e+01
  3260 -4.13172e-02  1.689e-05  8.872e-06   1.9e-08  4.2e-05  1.3e+04  3.1e+01
  3270 -4.13173e-02  1.645e-05  8.715e-06   1.8e-08  4.2e-05  1.3e+04  2.8e+01
  3280 -4.13173e-02  1.591e-05  8.532e-06   1.8e-08  4.3e-05  1.3e+04  2.0e+01
  3290 -4.13173e-02  1.528e-05  8.320e-06   1.7e-08  4.3e-05  1.3e+04  2.5e+01
  3300 -4.13173e-02  1.461e-05  8.095e-06   1.6e-08  4.4e-05  1.3e+04  3.0e+01
  3310 -4.13173e-02  1.363e-05  7.763e-06   1.5e-08  4.5e-05  1.3e+04  1.4e+01
 
   itn      x(1)       norm r    norm Ar  compatible   LS      norm A   cond A
  3320 -4.13173e-02  1.274e-05  7.454e-06   1.4e-08  4.6e-05  1.3e+04  1.6e+01
  3330 -4.13173e-02  1.174e-05  7.094e-06   1.3e-08  4.8e-05  1.3e+04  2.8e+01
  3340 -4.13174e-02  1.051e-05  6.625e-06   1.2e-08  5.0e-05  1.3e+04  1.7e+01
  3350 -4.13174e-02  9.387e-06  6.162e-06   1.1e-08  5.2e-05  1.3e+04  1.3e+01
  3360 -4.13174e-02  8.359e-06  5.702e-06   9.4e-09  5.3e-05  1.3e+04  1.1e+01
  3370 -4.13174e-02  7.436e-06  5.245e-06   8.4e-09  5.5e-05  1.3e+04  1.1e+01
  3380 -4.13175e-02  6.644e-06  4.804e-06   7.5e-09  5.6e-05  1.3e+04  2.2e+01
  3390 -4.13175e-02  5.934e-06  4.349e-06   6.7e-09  5.7e-05  1.3e+04  2.1e+01
  3400 -4.13175e-02  5.435e-06  3.980e-06   6.1e-09  5.7e-05  1.3e+04  1.9e+01
  3410 -4.13175e-02  5.065e-06  3.664e-06   5.7e-09  5.6e-05  1.3e+04  1.8e+01
  3420 -4.13175e-02  4.729e-06  3.331e-06   5.3e-09  5.5e-05  1.3e+04  1.3e+01
  3430 -4.13175e-02  4.536e-06  3.114e-06   5.1e-09  5.3e-05  1.3e+04  1.9e+01
  3440 -4.13175e-02  4.374e-06  2.914e-06   4.9e-09  5.2e-05  1.3e+04  2.4e+01
  3450 -4.13175e-02  4.261e-06  2.766e-06   4.8e-09  5.0e-05  1.3e+04  1.9e+01
  3460 -4.13176e-02  4.172e-06  2.648e-06   4.7e-09  4.9e-05  1.3e+04  3.4e+01
  3470 -4.13176e-02  4.093e-06  2.544e-06   4.6e-09  4.8e-05  1.3e+04  2.0e+01
  3480 -4.13176e-02  4.030e-06  2.464e-06   4.5e-09  4.7e-05  1.3e+04  2.6e+01
  3490 -4.13176e-02  3.972e-06  2.396e-06   4.5e-09  4.6e-05  1.3e+04  2.1e+01
  3500 -4.13176e-02  3.913e-06  2.335e-06   4.4e-09  4.6e-05  1.3e+04  1.8e+01
  3510 -4.13176e-02  3.869e-06  2.294e-06   4.4e-09  4.5e-05  1.3e+04  3.5e+01
 
   itn      x(1)       norm r    norm Ar  compatible   LS      norm A   cond A
  3520 -4.13176e-02  3.821e-06  2.255e-06   4.3e-09  4.5e-05  1.3e+04  5.5e+01
  3530 -4.13176e-02  3.767e-06  2.216e-06   4.2e-09  4.5e-05  1.3e+04  4.3e+01
  3540 -4.13176e-02  3.712e-06  2.180e-06   4.2e-09  4.5e-05  1.3e+04  2.7e+01
  3550 -4.13176e-02  3.656e-06  2.148e-06   4.1e-09  4.5e-05  1.3e+04  4.0e+01
  3560 -4.13176e-02  3.583e-06  2.109e-06   4.0e-09  4.5e-05  1.3e+04  3.8e+01
  3570 -4.13176e-02  3.503e-06  2.069e-06   3.9e-09  4.5e-05  1.3e+04  5.0e+01
  3580 -4.13176e-02  3.400e-06  2.021e-06   3.8e-09  4.5e-05  1.3e+04  2.6e+01
  3590 -4.13176e-02  3.293e-06  1.972e-06   3.7e-09  4.5e-05  1.3e+04  3.1e+01
  3600 -4.13176e-02  3.169e-06  1.918e-06   3.6e-09  4.6e-05  1.3e+04  2.2e+01
  3610 -4.13176e-02  3.036e-06  1.859e-06   3.4e-09  4.6e-05  1.3e+04  2.4e+01
  3620 -4.13176e-02  2.862e-06  1.782e-06   3.2e-09  4.7e-05  1.3e+04  1.8e+01
  3630 -4.13176e-02  2.692e-06  1.704e-06   3.0e-09  4.8e-05  1.3e+04  2.2e+01
  3640 -4.13176e-02  2.501e-06  1.612e-06   2.8e-09  4.9e-05  1.3e+04  2.2e+01
  3650 -4.13176e-02  2.301e-06  1.510e-06   2.6e-09  4.9e-05  1.3e+04  1.6e+01
  3660 -4.13176e-02  2.129e-06  1.414e-06   2.4e-09  5.0e-05  1.3e+04  1.2e+01
  3670 -4.13177e-02  1.952e-06  1.305e-06   2.2e-09  5.0e-05  1.3e+04  1.0e+01
  3680 -4.13177e-02  1.807e-06  1.203e-06   2.0e-09  5.0e-05  1.3e+04  1.6e+01
  3690 -4.13177e-02  1.695e-06  1.113e-06   1.9e-09  4.9e-05  1.3e+04  1.4e+01
  3700 -4.13177e-02  1.598e-06  1.025e-06   1.8e-09  4.8e-05  1.3e+04  2.5e+01
  3710 -4.13177e-02  1.529e-06  9.529e-07   1.7e-09  4.6e-05  1.3e+04  2.1e+01
 
   itn      x(1)       norm r    norm Ar  compatible   LS      norm A   cond A
  3720 -4.13177e-02  1.472e-06  8.853e-07   1.7e-09  4.5e-05  1.3e+04  1.5e+01
  3730 -4.13177e-02  1.433e-06  8.339e-07   1.6e-09  4.3e-05  1.3e+04  2.7e+01
  3740 -4.13177e-02  1.396e-06  7.818e-07   1.6e-09  4.2e-05  1.3e+04  1.3e+01
  3750 -4.13177e-02  1.373e-06  7.491e-07   1.5e-09  4.0e-05  1.3e+04  1.8e+01
  3760 -4.13177e-02  1.353e-06  7.188e-07   1.5e-09  3.9e-05  1.4e+04  4.9e+01
  3770 -4.13177e-02  1.336e-06  6.954e-07   1.5e-09  3.9e-05  1.4e+04  3.7e+01
  3780 -4.13177e-02  1.321e-06  6.759e-07   1.5e-09  3.8e-05  1.4e+04  2.6e+01
  3790 -4.13177e-02  1.308e-06  6.614e-07   1.5e-09  3.7e-05  1.4e+04  2.4e+01
  3800 -4.13177e-02  1.297e-06  6.496e-07   1.5e-09  3.7e-05  1.4e+04  3.1e+01
  3810 -4.13177e-02  1.287e-06  6.402e-07   1.4e-09  3.7e-05  1.4e+04  3.2e+01
  3820 -4.13177e-02  1.275e-06  6.308e-07   1.4e-09  3.6e-05  1.4e+04  3.0e+01
  3830 -4.13177e-02  1.264e-06  6.230e-07   1.4e-09  3.6e-05  1.4e+04  4.1e+01
  3840 -4.13177e-02  1.252e-06  6.158e-07   1.4e-09  3.6e-05  1.4e+04  5.4e+01
  3850 -4.13177e-02  1.238e-06  6.083e-07   1.4e-09  3.6e-05  1.4e+04  4.7e+01
  3860 -4.13177e-02  1.226e-06  6.026e-07   1.4e-09  3.6e-05  1.4e+04  4.8e+01
  3870 -4.13177e-02  1.208e-06  5.949e-07   1.4e-09  3.6e-05  1.4e+04  2.4e+01
  3880 -4.13177e-02  1.189e-06  5.867e-07   1.3e-09  3.6e-05  1.4e+04  3.4e+01
  3890 -4.13177e-02  1.164e-06  5.771e-07   1.3e-09  3.6e-05  1.4e+04  4.0e+01
  3900 -4.13177e-02  1.135e-06  5.665e-07   1.3e-09  3.6e-05  1.4e+04  4.3e+01
  3910 -4.13177e-02  1.099e-06  5.533e-07   1.2e-09  3.7e-05  1.4e+04  2.3e+01
 
   itn      x(1)       norm r    norm Ar  compatible   LS      norm A   cond A
  3920 -4.13177e-02  1.057e-06  5.383e-07   1.2e-09  3.7e-05  1.4e+04  2.2e+01
  3930 -4.13177e-02  1.015e-06  5.227e-07   1.1e-09  3.7e-05  1.4e+04  2.2e+01
  3940 -4.13177e-02  9.622e-07  5.030e-07   1.1e-09  3.8e-05  1.4e+04  2.4e+01
  3950 -4.13177e-02  9.069e-07  4.816e-07   1.0e-09  3.8e-05  1.4e+04  1.9e+01
  3960 -4.13177e-02  8.396e-07  4.539e-07   9.4e-10  3.9e-05  1.4e+04  2.1e+01
  3970 -4.13177e-02  7.894e-07  4.317e-07   8.9e-10  3.9e-05  1.4e+04  2.3e+01
  3980 -4.13177e-02  7.210e-07  3.986e-07   8.1e-10  4.0e-05  1.4e+04  2.4e+01
  3990 -4.13177e-02  6.668e-07  3.689e-07   7.5e-10  4.0e-05  1.4e+04  2.3e+01
  4000 -4.13177e-02  6.235e-07  3.420e-07   7.0e-10  3.9e-05  1.4e+04  9.6e+00
  4010 -4.13177e-02  5.891e-07  3.177e-07   6.6e-10  3.9e-05  1.4e+04  1.1e+01
  4020 -4.13177e-02  5.675e-07  3.006e-07   6.4e-10  3.8e-05  1.4e+04  2.3e+01
  4030 -4.13177e-02  5.469e-07  2.827e-07   6.2e-10  3.7e-05  1.4e+04  3.4e+01
  4040 -4.13177e-02  5.318e-07  2.685e-07   6.0e-10  3.6e-05  1.4e+04  2.1e+01
  4050 -4.13177e-02  5.202e-07  2.569e-07   5.9e-10  3.5e-05  1.4e+04  2.9e+01
  4060 -4.13177e-02  5.110e-07  2.475e-07   5.7e-10  3.5e-05  1.4e+04  1.6e+01
  4070 -4.13177e-02  5.043e-07  2.408e-07   5.7e-10  3.4e-05  1.4e+04  3.0e+01
  4080 -4.13177e-02  4.982e-07  2.351e-07   5.6e-10  3.4e-05  1.4e+04  2.3e+01
  4090 -4.13177e-02  4.930e-07  2.304e-07   5.5e-10  3.3e-05  1.4e+04  2.5e+01
  4100 -4.13177e-02  4.888e-07  2.271e-07   5.5e-10  3.3e-05  1.4e+04  4.1e+01
  4110 -4.13177e-02  4.846e-07  2.241e-07   5.5e-10  3.3e-05  1.4e+04  3.0e+01
 
   itn      x(1)       norm r    norm Ar  compatible   LS      norm A   cond A
  4120 -4.13177e-02  4.805e-07  2.215e-07   5.4e-10  3.3e-05  1.4e+04  4.3e+01
  4130 -4.13177e-02  4.762e-07  2.192e-07   5.4e-10  3.3e-05  1.4e+04  5.8e+01
  4140 -4.13177e-02  4.723e-07  2.174e-07   5.3e-10  3.2e-05  1.4e+04  3.5e+01
  4150 -4.13177e-02  4.674e-07  2.153e-07   5.3e-10  3.2e-05  1.4e+04  4.5e+01
  4160 -4.13177e-02  4.619e-07  2.132e-07   5.2e-10  3.3e-05  1.4e+04  5.3e+01
  4170 -4.13177e-02  4.559e-07  2.111e-07   5.1e-10  3.3e-05  1.4e+04  7.1e+01
  4180 -4.13177e-02  4.481e-07  2.085e-07   5.0e-10  3.3e-05  1.4e+04  5.7e+01
  4190 -4.13177e-02  4.389e-07  2.057e-07   4.9e-10  3.3e-05  1.4e+04  5.1e+01
  4200 -4.13177e-02  4.282e-07  2.024e-07   4.8e-10  3.3e-05  1.4e+04  3.2e+01
  4210 -4.13177e-02  4.134e-07  1.980e-07   4.6e-10  3.4e-05  1.4e+04  2.3e+01
  4220 -4.13177e-02  3.961e-07  1.930e-07   4.5e-10  3.4e-05  1.4e+04  3.6e+01
  4230 -4.13177e-02  3.760e-07  1.870e-07   4.2e-10  3.5e-05  1.4e+04  3.1e+01
  4240 -4.13177e-02  3.510e-07  1.794e-07   3.9e-10  3.6e-05  1.4e+04  2.0e+01
  4250 -4.13177e-02  3.233e-07  1.707e-07   3.6e-10  3.7e-05  1.4e+04  3.1e+01
  4260 -4.13177e-02  2.952e-07  1.613e-07   3.3e-10  3.8e-05  1.4e+04  2.1e+01
  4270 -4.13177e-02  2.648e-07  1.505e-07   3.0e-10  4.0e-05  1.4e+04  2.2e+01
  4280 -4.13177e-02  2.353e-07  1.390e-07   2.6e-10  4.1e-05  1.4e+04  1.1e+01
  4290 -4.13177e-02  2.115e-07  1.288e-07   2.4e-10  4.2e-05  1.4e+04  1.2e+01
  4300 -4.13177e-02  1.918e-07  1.193e-07   2.2e-10  4.3e-05  1.4e+04  1.5e+01
  4310 -4.13177e-02  1.740e-07  1.097e-07   2.0e-10  4.4e-05  1.4e+04  1.4e+01
 
   itn      x(1)       norm r    norm Ar  compatible   LS      norm A   cond A
  4320 -4.13177e-02  1.594e-07  1.006e-07   1.8e-10  4.4e-05  1.4e+04  1.3e+01
  4330 -4.13177e-02  1.495e-07  9.357e-08   1.7e-10  4.3e-05  1.4e+04  1.8e+01
  4340 -4.13177e-02  1.419e-07  8.758e-08   1.6e-10  4.3e-05  1.5e+04  2.3e+01
  4350 -4.13177e-02  1.353e-07  8.178e-08   1.5e-10  4.2e-05  1.5e+04  1.7e+01
  4360 -4.13177e-02  1.308e-07  7.757e-08   1.5e-10  4.1e-05  1.5e+04  3.2e+01
  4370 -4.13177e-02  1.278e-07  7.460e-08   1.4e-10  4.0e-05  1.5e+04  2.2e+01
  4380 -4.13177e-02  1.253e-07  7.209e-08   1.4e-10  3.9e-05  1.5e+04  2.5e+01
  4390 -4.13177e-02  1.233e-07  7.019e-08   1.4e-10  3.9e-05  1.5e+04  3.7e+01
  4400 -4.13177e-02  1.216e-07  6.863e-08   1.4e-10  3.9e-05  1.5e+04  3.2e+01
  4410 -4.13177e-02  1.198e-07  6.715e-08   1.3e-10  3.8e-05  1.5e+04  3.5e+01
  4420 -4.13177e-02  1.184e-07  6.604e-08   1.3e-10  3.8e-05  1.5e+04  4.3e+01
  4430 -4.13177e-02  1.167e-07  6.491e-08   1.3e-10  3.8e-05  1.5e+04  4.9e+01
  4440 -4.13177e-02  1.151e-07  6.395e-08   1.3e-10  3.8e-05  1.5e+04  4.1e+01
  4450 -4.13177e-02  1.134e-07  6.304e-08   1.3e-10  3.8e-05  1.5e+04  3.2e+01
  4460 -4.13177e-02  1.114e-07  6.206e-08   1.3e-10  3.8e-05  1.5e+04  2.3e+01
  4470 -4.13177e-02  1.095e-07  6.122e-08   1.2e-10  3.8e-05  1.5e+04  4.2e+01
  4480 -4.13177e-02  1.071e-07  6.019e-08   1.2e-10  3.8e-05  1.5e+04  4.3e+01
  4490 -4.13177e-02  1.041e-07  5.900e-08   1.2e-10  3.8e-05  1.5e+04  4.3e+01
  4500 -4.13177e-02  1.006e-07  5.768e-08   1.1e-10  3.9e-05  1.5e+04  3.9e+01
  4510 -4.13177e-02  9.615e-08  5.598e-08   1.1e-10  3.9e-05  1.5e+04  2.1e+01
 
   itn      x(1)       norm r    norm Ar  compatible   LS      norm A   cond A
  4520 -4.13177e-02  9.155e-08  5.424e-08   1.0e-10  4.0e-05  1.5e+04  2.9e+01
  4530 -4.13177e-02  8.598e-08  5.210e-08   9.7e-11  4.1e-05  1.5e+04  2.6e+01
  4540 -4.13177e-02  7.947e-08  4.953e-08   8.9e-11  4.2e-05  1.5e+04  1.7e+01
  4550 -4.13177e-02  7.280e-08  4.676e-08   8.2e-11  4.3e-05  1.5e+04  1.5e+01
  4560 -4.13177e-02  6.651e-08  4.399e-08   7.5e-11  4.4e-05  1.5e+04  1.2e+01
  4570 -4.13177e-02  6.042e-08  4.109e-08   6.8e-11  4.6e-05  1.5e+04  1.7e+01
  4580 -4.13177e-02  5.484e-08  3.819e-08   6.2e-11  4.7e-05  1.5e+04  1.7e+01
  4590 -4.13177e-02  4.879e-08  3.465e-08   5.5e-11  4.8e-05  1.5e+04  1.6e+01
  4600 -4.13177e-02  4.468e-08  3.189e-08   5.0e-11  4.8e-05  1.5e+04  1.3e+01
  4610 -4.13177e-02  4.105e-08  2.910e-08   4.6e-11  4.7e-05  1.5e+04  1.3e+01
  4620 -4.13177e-02  3.816e-08  2.651e-08   4.3e-11  4.6e-05  1.5e+04  1.1e+01
  4630 -4.13177e-02  3.632e-08  2.460e-08   4.1e-11  4.5e-05  1.5e+04  1.7e+01
  4640 -4.13177e-02  3.482e-08  2.285e-08   3.9e-11  4.4e-05  1.5e+04  1.6e+01
  4650 -4.13177e-02  3.370e-08  2.140e-08   3.8e-11  4.2e-05  1.5e+04  1.9e+01
  4660 -4.13177e-02  3.272e-08  2.002e-08   3.7e-11  4.1e-05  1.5e+04  1.6e+01
  4670 -4.13177e-02  3.202e-08  1.900e-08   3.6e-11  3.9e-05  1.5e+04  1.1e+01
  4680 -4.13177e-02  3.150e-08  1.824e-08   3.5e-11  3.8e-05  1.5e+04  3.4e+01
  4690 -4.13177e-02  3.102e-08  1.757e-08   3.5e-11  3.8e-05  1.5e+04  1.3e+01
  4700 -4.13177e-02  3.064e-08  1.709e-08   3.4e-11  3.7e-05  1.5e+04  2.5e+01
  4710 -4.13177e-02  3.032e-08  1.672e-08   3.4e-11  3.6e-05  1.5e+04  2.7e+01
 
   itn      x(1)       norm r    norm Ar  compatible   LS      norm A   cond A
  4720 -4.13177e-02  3.003e-08  1.642e-08   3.4e-11  3.6e-05  1.5e+04  3.9e+01
  4730 -4.13177e-02  2.972e-08  1.614e-08   3.3e-11  3.6e-05  1.5e+04  3.6e+01
  4740 -4.13177e-02  2.941e-08  1.589e-08   3.3e-11  3.6e-05  1.5e+04  3.1e+01
  4750 -4.13177e-02  2.910e-08  1.568e-08   3.3e-11  3.6e-05  1.5e+04  3.9e+01
  4760 -4.13177e-02  2.880e-08  1.549e-08   3.2e-11  3.5e-05  1.5e+04  4.0e+01
  4770 -4.13177e-02  2.843e-08  1.528e-08   3.2e-11  3.5e-05  1.5e+04  3.8e+01
  4780 -4.13177e-02  2.801e-08  1.507e-08   3.2e-11  3.5e-05  1.5e+04  4.5e+01
  4790 -4.13177e-02  2.740e-08  1.478e-08   3.1e-11  3.5e-05  1.5e+04  4.9e+01
  4800 -4.13177e-02  2.670e-08  1.447e-08   3.0e-11  3.6e-05  1.5e+04  2.1e+01
  4810 -4.13177e-02  2.595e-08  1.415e-08   2.9e-11  3.6e-05  1.5e+04  2.2e+01
  4820 -4.13177e-02  2.509e-08  1.379e-08   2.8e-11  3.6e-05  1.5e+04  3.3e+01
  4830 -4.13177e-02  2.381e-08  1.325e-08   2.7e-11  3.6e-05  1.5e+04  1.7e+01
  4840 -4.13177e-02  2.255e-08  1.271e-08   2.5e-11  3.7e-05  1.5e+04  1.2e+01
  4850 -4.13177e-02  2.124e-08  1.211e-08   2.4e-11  3.7e-05  1.5e+04  1.6e+01
  4860 -4.13177e-02  1.980e-08  1.142e-08   2.2e-11  3.8e-05  1.5e+04  1.3e+01
  4870 -4.13177e-02  1.836e-08  1.066e-08   2.1e-11  3.8e-05  1.5e+04  1.1e+01
  4880 -4.13177e-02  1.718e-08  9.970e-09   1.9e-11  3.8e-05  1.5e+04  2.2e+01
  4890 -4.13177e-02  1.596e-08  9.158e-09   1.8e-11  3.7e-05  1.5e+04  1.7e+01
  4900 -4.13177e-02  1.506e-08  8.464e-09   1.7e-11  3.6e-05  1.5e+04  1.6e+01
  4910 -4.13177e-02  1.435e-08  7.820e-09   1.6e-11  3.5e-05  1.5e+04  1.9e+01
 
   itn      x(1)       norm r    norm Ar  compatible   LS      norm A   cond A
  4920 -4.13177e-02  1.378e-08  7.218e-09   1.5e-11  3.4e-05  1.5e+04  1.4e+01
  4930 -4.13177e-02  1.330e-08  6.634e-09   1.5e-11  3.2e-05  1.5e+04  1.0e+01
  4940 -4.13177e-02  1.299e-08  6.178e-09   1.5e-11  3.1e-05  1.5e+04  1.9e+01
  4950 -4.13177e-02  1.272e-08  5.746e-09   1.4e-11  2.9e-05  1.5e+04  1.3e+01
  4960 -4.13177e-02  1.254e-08  5.427e-09   1.4e-11  2.8e-05  1.6e+04  1.5e+01
  4970 -4.13177e-02  1.242e-08  5.187e-09   1.4e-11  2.7e-05  1.6e+04  1.7e+01
  4980 -4.13177e-02  1.231e-08  4.979e-09   1.4e-11  2.6e-05  1.6e+04  2.0e+01
  4990 -4.13177e-02  1.221e-08  4.792e-09   1.4e-11  2.5e-05  1.6e+04  2.1e+01
  5000 -4.13177e-02  1.214e-08  4.649e-09   1.4e-11  2.5e-05  1.6e+04  2.9e+01
  5010 -4.13177e-02  1.207e-08  4.531e-09   1.4e-11  2.4e-05  1.6e+04  3.2e+01
  5020 -4.13177e-02  1.200e-08  4.430e-09   1.4e-11  2.4e-05  1.6e+04  2.6e+01
  5030 -4.13177e-02  1.195e-08  4.357e-09   1.3e-11  2.3e-05  1.6e+04  5.0e+01
  5040 -4.13177e-02  1.190e-08  4.293e-09   1.3e-11  2.3e-05  1.6e+04  3.9e+01
  5050 -4.13177e-02  1.184e-08  4.236e-09   1.3e-11  2.3e-05  1.6e+04  2.8e+01
  5060 -4.13177e-02  1.179e-08  4.192e-09   1.3e-11  2.3e-05  1.6e+04  5.8e+01
  5070 -4.13177e-02  1.174e-08  4.152e-09   1.3e-11  2.3e-05  1.6e+04  4.7e+01
  5080 -4.13177e-02  1.168e-08  4.110e-09   1.3e-11  2.2e-05  1.6e+04  3.0e+01
  5090 -4.13177e-02  1.162e-08  4.073e-09   1.3e-11  2.2e-05  1.6e+04  4.7e+01
  5100 -4.13177e-02  1.154e-08  4.030e-09   1.3e-11  2.2e-05  1.6e+04  4.5e+01
  5110 -4.13177e-02  1.143e-08  3.977e-09   1.3e-11  2.2e-05  1.6e+04  4.8e+01
 
   itn      x(1)       norm r    norm Ar  compatible   LS      norm A   cond A
  5120 -4.13177e-02  1.133e-08  3.926e-09   1.3e-11  2.2e-05  1.6e+04  3.4e+01
  5130 -4.13177e-02  1.120e-08  3.865e-09   1.3e-11  2.2e-05  1.6e+04  4.4e+01
  5140 -4.13177e-02  1.104e-08  3.794e-09   1.2e-11  2.2e-05  1.6e+04  3.4e+01
  5150 -4.13177e-02  1.084e-08  3.704e-09   1.2e-11  2.2e-05  1.6e+04  2.2e+01
  5160 -4.13177e-02  1.061e-08  3.595e-09   1.2e-11  2.1e-05  1.6e+04  2.4e+01
  5170 -4.13177e-02  1.037e-08  3.481e-09   1.2e-11  2.1e-05  1.6e+04  3.5e+01
  5180 -4.13177e-02  1.007e-08  3.328e-09   1.1e-11  2.1e-05  1.6e+04  2.3e+01
  5190 -4.13177e-02  9.798e-09  3.174e-09   1.1e-11  2.0e-05  1.6e+04  2.2e+01
  5200 -4.13177e-02  9.511e-09  2.994e-09   1.1e-11  2.0e-05  1.6e+04  2.3e+01
  5210 -4.13177e-02  9.268e-09  2.821e-09   1.0e-11  1.9e-05  1.6e+04  1.5e+01
  5220 -4.13177e-02  9.045e-09  2.637e-09   1.0e-11  1.8e-05  1.6e+04  2.4e+01
  5230 -4.13177e-02  8.872e-09  2.471e-09   1.0e-11  1.7e-05  1.6e+04  1.9e+01
  5240 -4.13177e-02  8.689e-09  2.260e-09   9.8e-12  1.6e-05  1.6e+04  1.5e+01
  5250 -4.13177e-02  8.588e-09  2.119e-09   9.7e-12  1.5e-05  1.6e+04  2.9e+01
  5260 -4.13177e-02  8.501e-09  1.978e-09   9.6e-12  1.5e-05  1.6e+04  1.2e+01
  5270 -4.13177e-02  8.451e-09  1.886e-09   9.5e-12  1.4e-05  1.6e+04  2.5e+01
  5280 -4.13177e-02  8.402e-09  1.786e-09   9.5e-12  1.3e-05  1.6e+04  1.8e+01
  5290 -4.13177e-02  8.367e-09  1.710e-09   9.4e-12  1.3e-05  1.6e+04  1.6e+01
  5300 -4.13177e-02  8.343e-09  1.656e-09   9.4e-12  1.2e-05  1.6e+04  3.0e+01
  5310 -4.13177e-02  8.322e-09  1.609e-09   9.4e-12  1.2e-05  1.6e+04  3.1e+01
 
   itn      x(1)       norm r    norm Ar  compatible   LS      norm A   cond A
  5320 -4.13177e-02  8.305e-09  1.569e-09   9.3e-12  1.2e-05  1.6e+04  3.2e+01
  5330 -4.13177e-02  8.290e-09  1.537e-09   9.3e-12  1.2e-05  1.6e+04  3.0e+01
  5340 -4.13177e-02  8.276e-09  1.509e-09   9.3e-12  1.1e-05  1.6e+04  2.7e+01
  5350 -4.13177e-02  8.264e-09  1.489e-09   9.3e-12  1.1e-05  1.6e+04  3.1e+01
  5360 -4.13177e-02  8.252e-09  1.469e-09   9.3e-12  1.1e-05  1.6e+04  4.9e+01
  5370 -4.13177e-02  8.240e-09  1.451e-09   9.3e-12  1.1e-05  1.6e+04  4.8e+01
  5380 -4.13177e-02  8.226e-09  1.431e-09   9.3e-12  1.1e-05  1.6e+04  3.2e+01
  5390 -4.13177e-02  8.212e-09  1.415e-09   9.2e-12  1.1e-05  1.6e+04  5.5e+01
  5400 -4.13177e-02  8.197e-09  1.397e-09   9.2e-12  1.1e-05  1.6e+04  5.5e+01
  5410 -4.13177e-02  8.176e-09  1.373e-09   9.2e-12  1.0e-05  1.6e+04  3.0e+01
  5420 -4.13177e-02  8.154e-09  1.350e-09   9.2e-12  1.0e-05  1.6e+04  3.1e+01
  5430 -4.13177e-02  8.127e-09  1.320e-09   9.1e-12  1.0e-05  1.6e+04  3.3e+01
  5440 -4.13177e-02  8.098e-09  1.288e-09   9.1e-12  9.8e-06  1.6e+04  1.9e+01
  5450 -4.13177e-02  8.066e-09  1.252e-09   9.1e-12  9.5e-06  1.6e+04  2.9e+01
  5460 -4.13177e-02  8.025e-09  1.202e-09   9.0e-12  9.2e-06  1.6e+04  1.6e+01
  5470 -4.13177e-02  7.988e-09  1.152e-09   9.0e-12  8.9e-06  1.6e+04  1.5e+01
  5480 -4.13177e-02  7.944e-09  1.086e-09   8.9e-12  8.4e-06  1.6e+04  1.6e+01
  5490 -4.13177e-02  7.907e-09  1.021e-09   8.9e-12  7.9e-06  1.6e+04  1.6e+01
  5500 -4.13177e-02  7.874e-09  9.519e-10   8.9e-12  7.4e-06  1.6e+04  1.9e+01
  5510 -4.13177e-02  7.843e-09  8.730e-10   8.8e-12  6.8e-06  1.6e+04  1.5e+01
 
   itn      x(1)       norm r    norm Ar  compatible   LS      norm A   cond A
  5520 -4.13177e-02  7.819e-09  7.968e-10   8.8e-12  6.2e-06  1.6e+04  1.3e+01
  5530 -4.13177e-02  7.803e-09  7.313e-10   8.8e-12  5.7e-06  1.6e+04  1.2e+01
  5540 -4.13177e-02  7.792e-09  6.751e-10   8.8e-12  5.3e-06  1.6e+04  1.6e+01
  5550 -4.13177e-02  7.784e-09  6.241e-10   8.8e-12  4.9e-06  1.6e+04  2.1e+01
  5560 -4.13177e-02  7.778e-09  5.743e-10   8.7e-12  4.5e-06  1.6e+04  1.5e+01
  5570 -4.13177e-02  7.774e-09  5.415e-10   8.7e-12  4.2e-06  1.6e+04  2.0e+01
  5580 -4.13177e-02  7.771e-09  5.142e-10   8.7e-12  4.0e-06  1.6e+04  2.0e+01
  5590 -4.13177e-02  7.769e-09  4.927e-10   8.7e-12  3.9e-06  1.6e+04  2.5e+01
  5600 -4.13177e-02  7.767e-09  4.744e-10   8.7e-12  3.7e-06  1.6e+04  1.8e+01
  5610 -4.13177e-02  7.766e-09  4.598e-10   8.7e-12  3.6e-06  1.6e+04  2.8e+01
  5620 -4.13177e-02  7.765e-09  4.496e-10   8.7e-12  3.5e-06  1.7e+04  3.3e+01
  5630 -4.13177e-02  7.764e-09  4.404e-10   8.7e-12  3.4e-06  1.7e+04  3.5e+01
  5640 -4.13177e-02  7.763e-09  4.318e-10   8.7e-12  3.4e-06  1.7e+04  3.6e+01
  5650 -4.13177e-02  7.762e-09  4.249e-10   8.7e-12  3.3e-06  1.7e+04  5.1e+01
  5660 -4.13177e-02  7.761e-09  4.185e-10   8.7e-12  3.3e-06  1.7e+04  3.4e+01
  5670 -4.13177e-02  7.760e-09  4.127e-10   8.7e-12  3.2e-06  1.7e+04  4.6e+01
  5680 -4.13177e-02  7.759e-09  4.078e-10   8.7e-12  3.2e-06  1.7e+04  6.5e+01
  5690 -4.13177e-02  7.758e-09  4.014e-10   8.7e-12  3.1e-06  1.7e+04  3.6e+01
  5700 -4.13177e-02  7.757e-09  3.948e-10   8.7e-12  3.1e-06  1.7e+04  3.1e+01
  5710 -4.13177e-02  7.755e-09  3.878e-10   8.7e-12  3.0e-06  1.7e+04  2.8e+01
 
   itn      x(1)       norm r    norm Ar  compatible   LS      norm A   cond A
  5720 -4.13177e-02  7.753e-09  3.801e-10   8.7e-12  2.9e-06  1.7e+04  3.9e+01
  5730 -4.13177e-02  7.751e-09  3.707e-10   8.7e-12  2.9e-06  1.7e+04  4.3e+01
  5740 -4.13177e-02  7.749e-09  3.601e-10   8.7e-12  2.8e-06  1.7e+04  2.6e+01
  5750 -4.13177e-02  7.747e-09  3.482e-10   8.7e-12  2.7e-06  1.7e+04  2.2e+01
  5760 -4.13177e-02  7.744e-09  3.345e-10   8.7e-12  2.6e-06  1.7e+04  1.6e+01
  5770 -4.13177e-02  7.742e-09  3.190e-10   8.7e-12  2.5e-06  1.7e+04  1.6e+01
  5780 -4.13177e-02  7.739e-09  3.021e-10   8.7e-12  2.3e-06  1.7e+04  2.4e+01
  5790 -4.13177e-02  7.736e-09  2.819e-10   8.7e-12  2.2e-06  1.7e+04  1.6e+01
  5800 -4.13177e-02  7.734e-09  2.624e-10   8.7e-12  2.0e-06  1.7e+04  2.0e+01
  5810 -4.13177e-02  7.733e-09  2.441e-10   8.7e-12  1.9e-06  1.7e+04  2.2e+01
  5820 -4.13177e-02  7.731e-09  2.225e-10   8.7e-12  1.7e-06  1.7e+04  2.3e+01
  5830 -4.13177e-02  7.730e-09  2.055e-10   8.7e-12  1.6e-06  1.7e+04  1.7e+01
  5840 -4.13177e-02  7.729e-09  1.891e-10   8.7e-12  1.5e-06  1.7e+04  1.8e+01
  5850 -4.13177e-02  7.729e-09  1.752e-10   8.7e-12  1.3e-06  1.7e+04  1.9e+01
  5860 -4.13177e-02  7.728e-09  1.631e-10   8.7e-12  1.3e-06  1.7e+04  1.9e+01
  5870 -4.13177e-02  7.728e-09  1.516e-10   8.7e-12  1.2e-06  1.7e+04  2.0e+01
  5880 -4.13177e-02  7.728e-09  1.421e-10   8.7e-12  1.1e-06  1.7e+04  1.6e+01
  5890 -4.13177e-02  7.728e-09  1.351e-10   8.7e-12  1.0e-06  1.7e+04  2.7e+01
  5900 -4.13177e-02  7.727e-09  1.293e-10   8.7e-12  9.9e-07  1.7e+04  1.8e+01
  5910 -4.13177e-02  7.727e-09  1.247e-10   8.7e-12  9.5e-07  1.7e+04  2.5e+01
 
   itn      x(1)       norm r    norm Ar  compatible   LS      norm A   cond A
  5920 -4.13177e-02  7.727e-09  1.206e-10   8.7e-12  9.2e-07  1.7e+04  2.9e+01
  5930 -4.13177e-02  7.727e-09  1.179e-10   8.7e-12  9.0e-07  1.7e+04  3.4e+01
  5940 -4.13177e-02  7.727e-09  1.155e-10   8.7e-12  8.8e-07  1.7e+04  2.8e+01
  5950 -4.13177e-02  7.727e-09  1.134e-10   8.7e-12  8.6e-07  1.7e+04  3.8e+01
  5960 -4.13177e-02  7.727e-09  1.117e-10   8.7e-12  8.5e-07  1.7e+04  4.0e+01
  5970 -4.13177e-02  7.727e-09  1.104e-10   8.7e-12  8.4e-07  1.7e+04  5.1e+01
  5980 -4.13177e-02  7.727e-09  1.092e-10   8.7e-12  8.3e-07  1.7e+04  5.3e+01
  5990 -4.13177e-02  7.727e-09  1.079e-10   8.7e-12  8.2e-07  1.7e+04  3.4e+01
  6000 -4.13177e-02  7.727e-09  1.068e-10   8.7e-12  8.1e-07  1.7e+04  5.9e+01
  6010 -4.13177e-02  7.727e-09  1.058e-10   8.7e-12  8.0e-07  1.7e+04  6.4e+01
  6020 -4.13177e-02  7.727e-09  1.044e-10   8.7e-12  7.9e-07  1.7e+04  4.7e+01
  6030 -4.13177e-02  7.727e-09  1.029e-10   8.7e-12  7.8e-07  1.7e+04  3.0e+01
  6040 -4.13177e-02  7.726e-09  1.013e-10   8.7e-12  7.7e-07  1.7e+04  2.8e+01
  6050 -4.13177e-02  7.726e-09  9.942e-11   8.7e-12  7.5e-07  1.7e+04  2.2e+01
  6060 -4.13177e-02  7.726e-09  9.729e-11   8.7e-12  7.3e-07  1.7e+04  3.2e+01
  6070 -4.13177e-02  7.726e-09  9.471e-11   8.7e-12  7.1e-07  1.7e+04  2.6e+01
  6080 -4.13177e-02  7.726e-09  9.178e-11   8.7e-12  6.9e-07  1.7e+04  2.6e+01
  6090 -4.13177e-02  7.726e-09  8.797e-11   8.7e-12  6.6e-07  1.7e+04  2.3e+01
  6100 -4.13177e-02  7.725e-09  8.363e-11   8.7e-12  6.3e-07  1.7e+04  3.6e+01
  6110 -4.13177e-02  7.725e-09  7.938e-11   8.7e-12  6.0e-07  1.7e+04  2.1e+01
 
   itn      x(1)       norm r    norm Ar  compatible   LS      norm A   cond A
  6120 -4.13177e-02  7.725e-09  7.377e-11   8.7e-12  5.5e-07  1.7e+04  1.9e+01
  6130 -4.13177e-02  7.725e-09  6.952e-11   8.7e-12  5.2e-07  1.7e+04  3.1e+01
  6140 -4.13177e-02  7.725e-09  6.395e-11   8.7e-12  4.8e-07  1.7e+04  1.3e+01
  6150 -4.13177e-02  7.724e-09  5.983e-11   8.7e-12  4.5e-07  1.7e+04  2.3e+01
  6160 -4.13177e-02  7.724e-09  5.545e-11   8.7e-12  4.2e-07  1.7e+04  1.7e+01
  6170 -4.13177e-02  7.724e-09  5.238e-11   8.7e-12  3.9e-07  1.7e+04  1.9e+01
  6180 -4.13177e-02  7.724e-09  4.996e-11   8.7e-12  3.7e-07  1.7e+04  2.5e+01
  6190 -4.13177e-02  7.724e-09  4.766e-11   8.7e-12  3.6e-07  1.7e+04  1.6e+01
  6200 -4.13177e-02  7.724e-09  4.558e-11   8.7e-12  3.4e-07  1.7e+04  1.7e+01
  6210 -4.13177e-02  7.724e-09  4.425e-11   8.7e-12  3.3e-07  1.7e+04  2.5e+01
  6220 -4.13177e-02  7.724e-09  4.315e-11   8.7e-12  3.2e-07  1.7e+04  2.6e+01
  6230 -4.13177e-02  7.724e-09  4.214e-11   8.7e-12  3.1e-07  1.7e+04  2.4e+01
  6240 -4.13177e-02  7.724e-09  4.132e-11   8.7e-12  3.1e-07  1.7e+04  6.2e+01
  6250 -4.13177e-02  7.724e-09  4.059e-11   8.7e-12  3.0e-07  1.7e+04  3.1e+01
  6260 -4.13177e-02  7.724e-09  3.998e-11   8.7e-12  3.0e-07  1.7e+04  3.0e+01
  6270 -4.13177e-02  7.724e-09  3.953e-11   8.7e-12  2.9e-07  1.7e+04  5.5e+01
  6280 -4.13177e-02  7.724e-09  3.906e-11   8.7e-12  2.9e-07  1.7e+04  7.7e+01
  6290 -4.13177e-02  7.724e-09  3.859e-11   8.7e-12  2.9e-07  1.7e+04  5.1e+01
  6300 -4.13177e-02  7.724e-09  3.813e-11   8.7e-12  2.8e-07  1.7e+04  3.3e+01
  6310 -4.13177e-02  7.724e-09  3.773e-11   8.7e-12  2.8e-07  1.7e+04  3.8e+01
 
   itn      x(1)       norm r    norm Ar  compatible   LS      norm A   cond A
  6320 -4.13177e-02  7.724e-09  3.720e-11   8.7e-12  2.8e-07  1.8e+04  3.3e+01
  6330 -4.13177e-02  7.724e-09  3.665e-11   8.7e-12  2.7e-07  1.8e+04  3.6e+01
  6340 -4.13177e-02  7.724e-09  3.605e-11   8.7e-12  2.7e-07  1.8e+04  2.8e+01
  6350 -4.13177e-02  7.724e-09  3.520e-11   8.7e-12  2.6e-07  1.8e+04  2.0e+01
  6360 -4.13177e-02  7.724e-09  3.429e-11   8.7e-12  2.5e-07  1.8e+04  1.9e+01
  6370 -4.13177e-02  7.724e-09  3.320e-11   8.7e-12  2.4e-07  1.8e+04  3.0e+01
  6380 -4.13177e-02  7.724e-09  3.186e-11   8.7e-12  2.3e-07  1.8e+04  3.3e+01
  6390 -4.13177e-02  7.724e-09  3.014e-11   8.7e-12  2.2e-07  1.8e+04  1.6e+01
  6400 -4.13177e-02  7.724e-09  2.844e-11   8.7e-12  2.1e-07  1.8e+04  2.1e+01
  6410 -4.13177e-02  7.724e-09  2.646e-11   8.7e-12  1.9e-07  1.8e+04  1.1e+01
  6420 -4.13177e-02  7.724e-09  2.443e-11   8.7e-12  1.8e-07  1.8e+04  9.7e+00
  6430 -4.13177e-02  7.724e-09  2.261e-11   8.7e-12  1.7e-07  1.8e+04  1.2e+01
  6440 -4.13177e-02  7.724e-09  2.068e-11   8.7e-12  1.5e-07  1.8e+04  1.4e+01
  6450 -4.13177e-02  7.724e-09  1.901e-11   8.7e-12  1.4e-07  1.8e+04  1.5e+01
  6460 -4.13177e-02  7.724e-09  1.754e-11   8.7e-12  1.3e-07  1.8e+04  1.3e+01
  6470 -4.13177e-02  7.724e-09  1.620e-11   8.7e-12  1.2e-07  1.8e+04  1.9e+01
  6480 -4.13177e-02  7.724e-09  1.515e-11   8.7e-12  1.1e-07  1.8e+04  1.7e+01
  6490 -4.13177e-02  7.724e-09  1.434e-11   8.7e-12  1.0e-07  1.8e+04  1.9e+01
  6500 -4.13177e-02  7.724e-09  1.361e-11   8.7e-12  9.9e-08  1.8e+04  1.4e+01
  6510 -4.13177e-02  7.724e-09  1.311e-11   8.7e-12  9.6e-08  1.8e+04  2.1e+01
 
   itn      x(1)       norm r    norm Ar  compatible   LS      norm A   cond A
  6520 -4.13177e-02  7.724e-09  1.266e-11   8.7e-12  9.2e-08  1.8e+04  4.0e+01
  6530 -4.13177e-02  7.724e-09  1.232e-11   8.7e-12  9.0e-08  1.8e+04  3.5e+01
  6540 -4.13177e-02  7.724e-09  1.202e-11   8.7e-12  8.7e-08  1.8e+04  2.7e+01
  6550 -4.13177e-02  7.724e-09  1.182e-11   8.7e-12  8.6e-08  1.8e+04  4.4e+01
  6560 -4.13177e-02  7.724e-09  1.156e-11   8.7e-12  8.4e-08  1.8e+04  3.8e+01
  6570 -4.13177e-02  7.724e-09  1.140e-11   8.7e-12  8.3e-08  1.8e+04  6.1e+01
  6580 -4.13177e-02  7.724e-09  1.124e-11   8.7e-12  8.1e-08  1.8e+04  3.9e+01
  6590 -4.13177e-02  7.724e-09  1.107e-11   8.7e-12  8.0e-08  1.8e+04  3.4e+01
  6600 -4.13177e-02  7.724e-09  1.092e-11   8.7e-12  7.9e-08  1.8e+04  2.9e+01
  6610 -4.13177e-02  7.724e-09  1.076e-11   8.7e-12  7.8e-08  1.8e+04  5.5e+01
  6620 -4.13177e-02  7.724e-09  1.056e-11   8.7e-12  7.6e-08  1.8e+04  2.8e+01
  6630 -4.13177e-02  7.724e-09  1.036e-11   8.7e-12  7.5e-08  1.8e+04  2.7e+01
  6640 -4.13177e-02  7.724e-09  1.013e-11   8.7e-12  7.3e-08  1.8e+04  3.0e+01
  6650 -4.13177e-02  7.724e-09  9.876e-12   8.7e-12  7.1e-08  1.8e+04  3.5e+01
  6660 -4.13177e-02  7.724e-09  9.561e-12   8.7e-12  6.9e-08  1.8e+04  2.3e+01
  6670 -4.13177e-02  7.724e-09  9.194e-12   8.7e-12  6.6e-08  1.8e+04  2.1e+01
  6680 -4.13177e-02  7.724e-09  8.815e-12   8.7e-12  6.3e-08  1.8e+04  2.3e+01
  6690 -4.13177e-02  7.724e-09  8.314e-12   8.7e-12  6.0e-08  1.8e+04  1.6e+01
  6700 -4.13177e-02  7.724e-09  7.804e-12   8.7e-12  5.6e-08  1.8e+04  1.4e+01
  6710 -4.13177e-02  7.724e-09  7.296e-12   8.7e-12  5.2e-08  1.8e+04  1.5e+01
 
   itn      x(1)       norm r    norm Ar  compatible   LS      norm A   cond A
  6720 -4.13177e-02  7.724e-09  6.694e-12   8.7e-12  4.8e-08  1.8e+04  1.2e+01
  6730 -4.13177e-02  7.724e-09  6.174e-12   8.7e-12  4.4e-08  1.8e+04  1.1e+01
  6740 -4.13177e-02  7.724e-09  5.638e-12   8.7e-12  4.0e-08  1.8e+04  1.6e+01
  6750 -4.13177e-02  7.724e-09  5.152e-12   8.7e-12  3.7e-08  1.8e+04  1.8e+01
  6760 -4.13177e-02  7.724e-09  4.686e-12   8.7e-12  3.4e-08  1.8e+04  1.1e+01
  6770 -4.13177e-02  7.724e-09  4.306e-12   8.7e-12  3.1e-08  1.8e+04  2.1e+01
  6780 -4.13177e-02  7.724e-09  3.965e-12   8.7e-12  2.8e-08  1.8e+04  1.6e+01
  6790 -4.13177e-02  7.724e-09  3.722e-12   8.7e-12  2.7e-08  1.8e+04  1.6e+01
  6800 -4.13177e-02  7.724e-09  3.520e-12   8.7e-12  2.5e-08  1.8e+04  2.5e+01
  6810 -4.13177e-02  7.724e-09  3.332e-12   8.7e-12  2.4e-08  1.8e+04  3.1e+01
  6820 -4.13177e-02  7.724e-09  3.162e-12   8.7e-12  2.3e-08  1.8e+04  2.5e+01
  6830 -4.13177e-02  7.724e-09  3.049e-12   8.7e-12  2.2e-08  1.8e+04  4.2e+01
  6840 -4.13177e-02  7.724e-09  2.951e-12   8.7e-12  2.1e-08  1.8e+04  1.7e+01
  6850 -4.13177e-02  7.724e-09  2.883e-12   8.7e-12  2.0e-08  1.8e+04  2.4e+01
  6860 -4.13177e-02  7.724e-09  2.828e-12   8.7e-12  2.0e-08  1.8e+04  4.9e+01
  6870 -4.13177e-02  7.724e-09  2.780e-12   8.7e-12  2.0e-08  1.8e+04  2.8e+01
  6880 -4.13177e-02  7.724e-09  2.738e-12   8.7e-12  1.9e-08  1.8e+04  3.0e+01
  6890 -4.13177e-02  7.724e-09  2.700e-12   8.7e-12  1.9e-08  1.8e+04  2.6e+01
  6900 -4.13177e-02  7.724e-09  2.667e-12   8.7e-12  1.9e-08  1.8e+04  3.3e+01
  6910 -4.13177e-02  7.724e-09  2.635e-12   8.7e-12  1.9e-08  1.8e+04  3.5e+01
 
   itn      x(1)       norm r    norm Ar  compatible   LS      norm A   cond A
  6920 -4.13177e-02  7.724e-09  2.604e-12   8.7e-12  1.8e-08  1.8e+04  3.2e+01
  6930 -4.13177e-02  7.724e-09  2.569e-12   8.7e-12  1.8e-08  1.8e+04  4.1e+01
  6940 -4.13177e-02  7.724e-09  2.536e-12   8.7e-12  1.8e-08  1.8e+04  5.8e+01
  6950 -4.13177e-02  7.724e-09  2.490e-12   8.7e-12  1.8e-08  1.8e+04  2.0e+01
  6960 -4.13177e-02  7.724e-09  2.435e-12   8.7e-12  1.7e-08  1.8e+04  2.1e+01
  6970 -4.13177e-02  7.724e-09  2.383e-12   8.7e-12  1.7e-08  1.8e+04  3.3e+01
  6980 -4.13177e-02  7.724e-09  2.321e-12   8.7e-12  1.6e-08  1.8e+04  5.1e+01
  6990 -4.13177e-02  7.724e-09  2.244e-12   8.7e-12  1.6e-08  1.8e+04  3.3e+01
  7000 -4.13177e-02  7.724e-09  2.148e-12   8.7e-12  1.5e-08  1.8e+04  1.8e+01
  7010 -4.13177e-02  7.724e-09  2.046e-12   8.7e-12  1.4e-08  1.8e+04  1.9e+01
  7020 -4.13177e-02  7.724e-09  1.941e-12   8.7e-12  1.4e-08  1.8e+04  1.6e+01
  7030 -4.13177e-02  7.724e-09  1.829e-12   8.7e-12  1.3e-08  1.8e+04  2.1e+01
  7040 -4.13177e-02  7.724e-09  1.698e-12   8.7e-12  1.2e-08  1.8e+04  1.3e+01
  7050 -4.13177e-02  7.724e-09  1.580e-12   8.7e-12  1.1e-08  1.8e+04  1.6e+01
  7060 -4.13177e-02  7.724e-09  1.472e-12   8.7e-12  1.0e-08  1.9e+04  1.4e+01
  7070 -4.13177e-02  7.724e-09  1.367e-12   8.7e-12  9.6e-09  1.9e+04  1.6e+01
  7080 -4.13177e-02  7.724e-09  1.279e-12   8.7e-12  8.9e-09  1.9e+04  1.8e+01
  7090 -4.13177e-02  7.724e-09  1.203e-12   8.7e-12  8.4e-09  1.9e+04  1.3e+01
  7100 -4.13177e-02  7.724e-09  1.149e-12   8.7e-12  8.0e-09  1.9e+04  2.4e+01
  7110 -4.13177e-02  7.724e-09  1.103e-12   8.7e-12  7.7e-09  1.9e+04  2.5e+01
 
   itn      x(1)       norm r    norm Ar  compatible   LS      norm A   cond A
  7120 -4.13177e-02  7.724e-09  1.063e-12   8.7e-12  7.4e-09  1.9e+04  1.9e+01
  7130 -4.13177e-02  7.724e-09  1.037e-12   8.7e-12  7.2e-09  1.9e+04  3.2e+01
  7140 -4.13177e-02  7.724e-09  1.015e-12   8.7e-12  7.1e-09  1.9e+04  3.0e+01
  7150 -4.13177e-02  7.724e-09  9.976e-13   8.7e-12  6.9e-09  1.9e+04  4.8e+01
  7160 -4.13177e-02  7.724e-09  9.824e-13   8.7e-12  6.8e-09  1.9e+04  2.5e+01
  7170 -4.13177e-02  7.724e-09  9.707e-13   8.7e-12  6.7e-09  1.9e+04  5.2e+01
  7180 -4.13177e-02  7.724e-09  9.602e-13   8.7e-12  6.7e-09  1.9e+04  3.7e+01
  7190 -4.13177e-02  7.724e-09  9.501e-13   8.7e-12  6.6e-09  1.9e+04  4.4e+01
  7200 -4.13177e-02  7.724e-09  9.409e-13   8.7e-12  6.5e-09  1.9e+04  5.4e+01
  7210 -4.13177e-02  7.724e-09  9.302e-13   8.7e-12  6.4e-09  1.9e+04  4.1e+01
  7220 -4.13177e-02  7.724e-09  9.207e-13   8.7e-12  6.4e-09  1.9e+04  3.7e+01
  7230 -4.13177e-02  7.724e-09  9.090e-13   8.7e-12  6.3e-09  1.9e+04  3.3e+01
  7240 -4.13177e-02  7.724e-09  8.954e-13   8.7e-12  6.2e-09  1.9e+04  5.3e+01
  7250 -4.13177e-02  7.724e-09  8.775e-13   8.7e-12  6.1e-09  1.9e+04  2.2e+01
  7260 -4.13177e-02  7.724e-09  8.590e-13   8.7e-12  5.9e-09  1.9e+04  3.2e+01
  7270 -4.13177e-02  7.724e-09  8.379e-13   8.7e-12  5.8e-09  1.9e+04  4.7e+01
  7280 -4.13177e-02  7.724e-09  8.034e-13   8.7e-12  5.5e-09  1.9e+04  2.4e+01
  7290 -4.13177e-02  7.724e-09  7.748e-13   8.7e-12  5.3e-09  1.9e+04  3.0e+01
  7300 -4.13177e-02  7.724e-09  7.374e-13   8.7e-12  5.1e-09  1.9e+04  2.6e+01
  7310 -4.13177e-02  7.724e-09  6.946e-13   8.7e-12  4.8e-09  1.9e+04  1.4e+01
 
   itn      x(1)       norm r    norm Ar  compatible   LS      norm A   cond A
  7320 -4.13177e-02  7.724e-09  6.516e-13   8.7e-12  4.5e-09  1.9e+04  1.9e+01
  7330 -4.13177e-02  7.724e-09  6.102e-13   8.7e-12  4.2e-09  1.9e+04  1.8e+01
  7340 -4.13177e-02  7.724e-09  5.653e-13   8.7e-12  3.9e-09  1.9e+04  1.0e+01
  7350 -4.13177e-02  7.724e-09  5.271e-13   8.7e-12  3.6e-09  1.9e+04  1.9e+01
  7360 -4.13177e-02  7.724e-09  4.868e-13   8.7e-12  3.3e-09  1.9e+04  1.2e+01
  7370 -4.13177e-02  7.724e-09  4.550e-13   8.7e-12  3.1e-09  1.9e+04  2.1e+01
  7380 -4.13177e-02  7.724e-09  4.294e-13   8.7e-12  2.9e-09  1.9e+04  3.0e+01
  7390 -4.13177e-02  7.724e-09  4.048e-13   8.7e-12  2.8e-09  1.9e+04  1.2e+01
  7400 -4.13177e-02  7.724e-09  3.870e-13   8.7e-12  2.6e-09  1.9e+04  1.7e+01
  7410 -4.13177e-02  7.724e-09  3.715e-13   8.7e-12  2.5e-09  1.9e+04  1.7e+01
  7420 -4.13177e-02  7.724e-09  3.595e-13   8.7e-12  2.5e-09  1.9e+04  2.2e+01
  7430 -4.13177e-02  7.724e-09  3.491e-13   8.7e-12  2.4e-09  1.9e+04  1.9e+01
  7440 -4.13177e-02  7.724e-09  3.410e-13   8.7e-12  2.3e-09  1.9e+04  4.1e+01
  7450 -4.13177e-02  7.724e-09  3.334e-13   8.7e-12  2.3e-09  1.9e+04  2.5e+01
  7460 -4.13177e-02  7.724e-09  3.285e-13   8.7e-12  2.2e-09  1.9e+04  2.4e+01
  7470 -4.13177e-02  7.724e-09  3.239e-13   8.7e-12  2.2e-09  1.9e+04  3.3e+01
  7480 -4.13177e-02  7.724e-09  3.190e-13   8.7e-12  2.2e-09  1.9e+04  4.1e+01
  7490 -4.13177e-02  7.724e-09  3.150e-13   8.7e-12  2.1e-09  1.9e+04  3.7e+01
  7500 -4.13177e-02  7.724e-09  3.108e-13   8.7e-12  2.1e-09  1.9e+04  6.1e+01
  7510 -4.13177e-02  7.724e-09  3.062e-13   8.7e-12  2.1e-09  1.9e+04  3.4e+01
 
   itn      x(1)       norm r    norm Ar  compatible   LS      norm A   cond A
  7520 -4.13177e-02  7.724e-09  3.016e-13   8.7e-12  2.0e-09  1.9e+04  2.3e+01
  7530 -4.13177e-02  7.724e-09  2.962e-13   8.7e-12  2.0e-09  1.9e+04  2.2e+01
  7540 -4.13177e-02  7.724e-09  2.909e-13   8.7e-12  2.0e-09  1.9e+04  3.4e+01
  7550 -4.13177e-02  7.724e-09  2.854e-13   8.7e-12  1.9e-09  1.9e+04  3.0e+01
  7560 -4.13177e-02  7.724e-09  2.774e-13   8.7e-12  1.9e-09  1.9e+04  2.5e+01
  7570 -4.13177e-02  7.724e-09  2.686e-13   8.7e-12  1.8e-09  1.9e+04  2.4e+01
  7580 -4.13177e-02  7.724e-09  2.578e-13   8.7e-12  1.7e-09  1.9e+04  2.7e+01
  7590 -4.13177e-02  7.724e-09  2.452e-13   8.7e-12  1.7e-09  1.9e+04  1.6e+01
  7600 -4.13177e-02  7.724e-09  2.314e-13   8.7e-12  1.6e-09  1.9e+04  2.1e+01
  7610 -4.13177e-02  7.724e-09  2.138e-13   8.7e-12  1.4e-09  1.9e+04  2.0e+01
  7620 -4.13177e-02  7.724e-09  1.968e-13   8.7e-12  1.3e-09  1.9e+04  9.7e+00
  7630 -4.13177e-02  7.724e-09  1.833e-13   8.7e-12  1.2e-09  1.9e+04  1.4e+01
  7640 -4.13177e-02  7.724e-09  1.674e-13   8.7e-12  1.1e-09  1.9e+04  1.1e+01
  7650 -4.13177e-02  7.724e-09  1.522e-13   8.7e-12  1.0e-09  1.9e+04  1.1e+01
  7660 -4.13177e-02  7.724e-09  1.401e-13   8.7e-12  9.4e-10  1.9e+04  1.3e+01
  7670 -4.13177e-02  7.724e-09  1.281e-13   8.7e-12  8.6e-10  1.9e+04  1.4e+01
  7680 -4.13177e-02  7.724e-09  1.169e-13   8.7e-12  7.8e-10  1.9e+04  1.0e+01
  7690 -4.13177e-02  7.724e-09  1.091e-13   8.7e-12  7.3e-10  1.9e+04  2.8e+01
  7700 -4.13177e-02  7.724e-09  1.022e-13   8.7e-12  6.8e-10  1.9e+04  1.6e+01
  7710 -4.13177e-02  7.724e-09  9.709e-14   8.7e-12  6.5e-10  1.9e+04  2.2e+01
 
   itn      x(1)       norm r    norm Ar  compatible   LS      norm A   cond A
  7720 -4.13177e-02  7.724e-09  9.265e-14   8.7e-12  6.2e-10  1.9e+04  1.8e+01
  7730 -4.13177e-02  7.724e-09  8.955e-14   8.7e-12  6.0e-10  1.9e+04  3.1e+01
  7740 -4.13177e-02  7.724e-09  8.692e-14   8.7e-12  5.8e-10  1.9e+04  2.3e+01
  7750 -4.13177e-02  7.724e-09  8.457e-14   8.7e-12  5.6e-10  1.9e+04  1.9e+01
  7760 -4.13177e-02  7.724e-09  8.289e-14   8.7e-12  5.5e-10  1.9e+04  3.5e+01
  7770 -4.13177e-02  7.724e-09  8.164e-14   8.7e-12  5.4e-10  1.9e+04  4.1e+01
  7780 -4.13177e-02  7.724e-09  8.043e-14   8.7e-12  5.4e-10  1.9e+04  2.9e+01
  7790 -4.13177e-02  7.724e-09  7.934e-14   8.7e-12  5.3e-10  1.9e+04  3.0e+01
  7800 -4.13177e-02  7.724e-09  7.827e-14   8.7e-12  5.2e-10  1.9e+04  3.9e+01
  7810 -4.13177e-02  7.724e-09  7.738e-14   8.7e-12  5.1e-10  1.9e+04  5.2e+01
  7820 -4.13177e-02  7.724e-09  7.637e-14   8.7e-12  5.1e-10  1.9e+04  6.9e+01
  7830 -4.13177e-02  7.724e-09  7.520e-14   8.7e-12  5.0e-10  1.9e+04  2.5e+01
  7840 -4.13177e-02  7.724e-09  7.407e-14   8.7e-12  4.9e-10  2.0e+04  6.3e+01
  7850 -4.13177e-02  7.724e-09  7.296e-14   8.7e-12  4.8e-10  2.0e+04  4.7e+01
  7860 -4.13177e-02  7.724e-09  7.140e-14   8.7e-12  4.7e-10  2.0e+04  3.2e+01
  7870 -4.13177e-02  7.724e-09  6.937e-14   8.7e-12  4.6e-10  2.0e+04  3.4e+01
  7880 -4.13177e-02  7.724e-09  6.743e-14   8.7e-12  4.5e-10  2.0e+04  2.0e+01
  7890 -4.13177e-02  7.724e-09  6.520e-14   8.7e-12  4.3e-10  2.0e+04  4.0e+01
  7900 -4.13177e-02  7.724e-09  6.274e-14   8.7e-12  4.1e-10  2.0e+04  2.7e+01
  7910 -4.13177e-02  7.724e-09  5.956e-14   8.7e-12  3.9e-10  2.0e+04  1.3e+01
 
   itn      x(1)       norm r    norm Ar  compatible   LS      norm A   cond A
  7920 -4.13177e-02  7.724e-09  5.655e-14   8.7e-12  3.7e-10  2.0e+04  1.2e+01
  7930 -4.13177e-02  7.724e-09  5.327e-14   8.7e-12  3.5e-10  2.0e+04  2.6e+01
  7940 -4.13177e-02  7.724e-09  4.959e-14   8.7e-12  3.3e-10  2.0e+04  1.8e+01
  7950 -4.13177e-02  7.724e-09  4.597e-14   8.7e-12  3.0e-10  2.0e+04  2.2e+01
  7960 -4.13177e-02  7.724e-09  4.240e-14   8.7e-12  2.8e-10  2.0e+04  1.3e+01
  7970 -4.13177e-02  7.724e-09  3.908e-14   8.7e-12  2.6e-10  2.0e+04  1.2e+01
  7980 -4.13177e-02  7.724e-09  3.677e-14   8.7e-12  2.4e-10  2.0e+04  2.5e+01
  7990 -4.13177e-02  7.724e-09  3.391e-14   8.7e-12  2.2e-10  2.0e+04  1.1e+01
  8000 -4.13177e-02  7.724e-09  3.203e-14   8.7e-12  2.1e-10  2.0e+04  1.3e+01
  8010 -4.13177e-02  7.724e-09  3.045e-14   8.7e-12  2.0e-10  2.0e+04  3.0e+01
  8020 -4.13177e-02  7.724e-09  2.912e-14   8.7e-12  1.9e-10  2.0e+04  2.0e+01
  8030 -4.13177e-02  7.724e-09  2.814e-14   8.7e-12  1.8e-10  2.0e+04  2.7e+01
  8040 -4.13177e-02  7.724e-09  2.740e-14   8.7e-12  1.8e-10  2.0e+04  3.2e+01
  8050 -4.13177e-02  7.724e-09  2.670e-14   8.7e-12  1.7e-10  2.0e+04  5.9e+01
  8060 -4.13177e-02  7.724e-09  2.613e-14   8.7e-12  1.7e-10  2.0e+04  2.3e+01
  8070 -4.13177e-02  7.724e-09  2.576e-14   8.7e-12  1.7e-10  2.0e+04  3.2e+01
  8080 -4.13177e-02  7.724e-09  2.542e-14   8.7e-12  1.7e-10  2.0e+04  6.6e+01
  8090 -4.13177e-02  7.724e-09  2.511e-14   8.7e-12  1.6e-10  2.0e+04  3.6e+01
  8100 -4.13177e-02  7.724e-09  2.482e-14   8.7e-12  1.6e-10  2.0e+04  3.0e+01
  8110 -4.13177e-02  7.724e-09  2.453e-14   8.7e-12  1.6e-10  2.0e+04  2.4e+01
 
   itn      x(1)       norm r    norm Ar  compatible   LS      norm A   cond A
  8120 -4.13177e-02  7.724e-09  2.425e-14   8.7e-12  1.6e-10  2.0e+04  3.0e+01
  8130 -4.13177e-02  7.724e-09  2.398e-14   8.7e-12  1.6e-10  2.0e+04  2.7e+01
  8140 -4.13177e-02  7.724e-09  2.366e-14   8.7e-12  1.5e-10  2.0e+04  4.0e+01
  8150 -4.13177e-02  7.724e-09  2.329e-14   8.7e-12  1.5e-10  2.0e+04  5.0e+01
  8160 -4.13177e-02  7.724e-09  2.289e-14   8.7e-12  1.5e-10  2.0e+04  4.2e+01
  8170 -4.13177e-02  7.724e-09  2.234e-14   8.7e-12  1.5e-10  2.0e+04  2.8e+01
  8180 -4.13177e-02  7.724e-09  2.180e-14   8.7e-12  1.4e-10  2.0e+04  3.4e+01
  8190 -4.13177e-02  7.724e-09  2.102e-14   8.7e-12  1.4e-10  2.0e+04  2.4e+01
  8200 -4.13177e-02  7.724e-09  2.030e-14   8.7e-12  1.3e-10  2.0e+04  2.9e+01
  8210 -4.13177e-02  7.724e-09  1.945e-14   8.7e-12  1.3e-10  2.0e+04  2.3e+01
  8220 -4.13177e-02  7.724e-09  1.847e-14   8.7e-12  1.2e-10  2.0e+04  1.7e+01
  8230 -4.13177e-02  7.724e-09  1.745e-14   8.7e-12  1.1e-10  2.0e+04  1.4e+01
  8240 -4.13177e-02  7.724e-09  1.646e-14   8.7e-12  1.1e-10  2.0e+04  2.1e+01
  8250 -4.13177e-02  7.724e-09  1.541e-14   8.7e-12  1.0e-10  2.0e+04  1.5e+01
  8260 -4.13177e-02  7.724e-09  1.441e-14   8.7e-12  9.3e-11  2.0e+04  1.5e+01
  8270 -4.13177e-02  7.724e-09  1.351e-14   8.7e-12  8.7e-11  2.0e+04  2.1e+01
  8280 -4.13177e-02  7.724e-09  1.273e-14   8.7e-12  8.2e-11  2.0e+04  2.2e+01
  8290 -4.13177e-02  7.724e-09  1.202e-14   8.7e-12  7.8e-11  2.0e+04  2.0e+01
  8300 -4.13177e-02  7.724e-09  1.135e-14   8.7e-12  7.3e-11  2.0e+04  1.7e+01
  8310 -4.13177e-02  7.724e-09  1.083e-14   8.7e-12  7.0e-11  2.0e+04  1.6e+01
 
   itn      x(1)       norm r    norm Ar  compatible   LS      norm A   cond A
  8320 -4.13177e-02  7.724e-09  1.042e-14   8.7e-12  6.7e-11  2.0e+04  2.3e+01
  8330 -4.13177e-02  7.724e-09  1.006e-14   8.7e-12  6.5e-11  2.0e+04  2.6e+01
  8340 -4.13177e-02  7.724e-09  9.774e-15   8.7e-12  6.3e-11  2.0e+04  4.8e+01
  8350 -4.13177e-02  7.724e-09  9.561e-15   8.7e-12  6.2e-11  2.0e+04  4.1e+01
  8360 -4.13177e-02  7.724e-09  9.371e-15   8.7e-12  6.0e-11  2.0e+04  2.8e+01
  8370 -4.13177e-02  7.724e-09  9.227e-15   8.7e-12  5.9e-11  2.0e+04  4.9e+01
  8380 -4.13177e-02  7.724e-09  9.101e-15   8.7e-12  5.8e-11  2.0e+04  6.5e+01
  8390 -4.13177e-02  7.724e-09  8.986e-15   8.7e-12  5.8e-11  2.0e+04  4.1e+01
  8400 -4.13177e-02  7.724e-09  8.886e-15   8.7e-12  5.7e-11  2.0e+04  7.6e+01
  8410 -4.13177e-02  7.724e-09  8.765e-15   8.7e-12  5.6e-11  2.0e+04  4.0e+01
  8420 -4.13177e-02  7.724e-09  8.648e-15   8.7e-12  5.5e-11  2.0e+04  4.3e+01
  8430 -4.13177e-02  7.724e-09  8.537e-15   8.7e-12  5.5e-11  2.0e+04  4.6e+01
  8440 -4.13177e-02  7.724e-09  8.397e-15   8.7e-12  5.4e-11  2.0e+04  2.6e+01
  8450 -4.13177e-02  7.724e-09  8.245e-15   8.7e-12  5.3e-11  2.0e+04  2.2e+01
  8460 -4.13177e-02  7.724e-09  8.055e-15   8.7e-12  5.1e-11  2.0e+04  2.0e+01
  8470 -4.13177e-02  7.724e-09  7.840e-15   8.7e-12  5.0e-11  2.0e+04  2.3e+01
  8480 -4.13177e-02  7.724e-09  7.597e-15   8.7e-12  4.8e-11  2.0e+04  2.9e+01
  8490 -4.13177e-02  7.724e-09  7.325e-15   8.7e-12  4.7e-11  2.0e+04  2.5e+01
  8500 -4.13177e-02  7.724e-09  6.930e-15   8.7e-12  4.4e-11  2.0e+04  1.3e+01
  8510 -4.13177e-02  7.724e-09  6.596e-15   8.7e-12  4.2e-11  2.0e+04  1.6e+01
 
   itn      x(1)       norm r    norm Ar  compatible   LS      norm A   cond A
  8520 -4.13177e-02  7.724e-09  6.180e-15   8.7e-12  3.9e-11  2.0e+04  1.9e+01
  8530 -4.13177e-02  7.724e-09  5.738e-15   8.7e-12  3.7e-11  2.0e+04  1.5e+01
  8540 -4.13177e-02  7.724e-09  5.336e-15   8.7e-12  3.4e-11  2.0e+04  1.9e+01
  8550 -4.13177e-02  7.724e-09  4.834e-15   8.7e-12  3.1e-11  2.0e+04  1.2e+01
  8560 -4.13177e-02  7.724e-09  4.462e-15   8.7e-12  2.8e-11  2.0e+04  1.2e+01
  8570 -4.13177e-02  7.724e-09  4.051e-15   8.7e-12  2.6e-11  2.0e+04  1.7e+01
  8580 -4.13177e-02  7.724e-09  3.741e-15   8.7e-12  2.4e-11  2.0e+04  1.5e+01
  8590 -4.13177e-02  7.724e-09  3.494e-15   8.7e-12  2.2e-11  2.0e+04  1.6e+01
  8600 -4.13177e-02  7.724e-09  3.259e-15   8.7e-12  2.1e-11  2.0e+04  1.9e+01
  8610 -4.13177e-02  7.724e-09  3.058e-15   8.7e-12  1.9e-11  2.0e+04  2.2e+01
  8620 -4.13177e-02  7.724e-09  2.923e-15   8.7e-12  1.9e-11  2.0e+04  3.0e+01
  8630 -4.13177e-02  7.724e-09  2.813e-15   8.7e-12  1.8e-11  2.0e+04  2.3e+01
  8640 -4.13177e-02  7.724e-09  2.723e-15   8.7e-12  1.7e-11  2.0e+04  3.4e+01
  8650 -4.13177e-02  7.724e-09  2.633e-15   8.7e-12  1.7e-11  2.0e+04  2.0e+01
  8660 -4.13177e-02  7.724e-09  2.571e-15   8.7e-12  1.6e-11  2.0e+04  2.4e+01
  8670 -4.13177e-02  7.724e-09  2.529e-15   8.7e-12  1.6e-11  2.1e+04  2.5e+01
  8680 -4.13177e-02  7.724e-09  2.488e-15   8.7e-12  1.6e-11  2.1e+04  3.3e+01
  8690 -4.13177e-02  7.724e-09  2.452e-15   8.7e-12  1.5e-11  2.1e+04  3.2e+01
  8700 -4.13177e-02  7.724e-09  2.417e-15   8.7e-12  1.5e-11  2.1e+04  6.2e+01
  8710 -4.13177e-02  7.724e-09  2.384e-15   8.7e-12  1.5e-11  2.1e+04  4.9e+01
 
   itn      x(1)       norm r    norm Ar  compatible   LS      norm A   cond A
  8720 -4.13177e-02  7.724e-09  2.356e-15   8.7e-12  1.5e-11  2.1e+04  4.7e+01
  8730 -4.13177e-02  7.724e-09  2.321e-15   8.7e-12  1.5e-11  2.1e+04  3.7e+01
  8740 -4.13177e-02  7.724e-09  2.288e-15   8.7e-12  1.4e-11  2.1e+04  4.8e+01
  8750 -4.13177e-02  7.724e-09  2.250e-15   8.7e-12  1.4e-11  2.1e+04  2.2e+01
  8760 -4.13177e-02  7.724e-09  2.209e-15   8.7e-12  1.4e-11  2.1e+04  3.0e+01
  8770 -4.13177e-02  7.724e-09  2.164e-15   8.7e-12  1.4e-11  2.1e+04  3.8e+01
  8780 -4.13177e-02  7.724e-09  2.096e-15   8.7e-12  1.3e-11  2.1e+04  1.7e+01
  8790 -4.13177e-02  7.724e-09  2.021e-15   8.7e-12  1.3e-11  2.1e+04  1.8e+01
  8800 -4.13177e-02  7.724e-09  1.935e-15   8.7e-12  1.2e-11  2.1e+04  1.5e+01
  8810 -4.13177e-02  7.724e-09  1.833e-15   8.7e-12  1.1e-11  2.1e+04  1.7e+01
  8820 -4.13177e-02  7.724e-09  1.737e-15   8.7e-12  1.1e-11  2.1e+04  1.9e+01
  8830 -4.13177e-02  7.724e-09  1.621e-15   8.7e-12  1.0e-11  2.1e+04  1.6e+01
  8840 -4.13177e-02  7.724e-09  1.482e-15   8.7e-12  9.3e-12  2.1e+04  1.7e+01
  8850 -4.13177e-02  7.724e-09  1.358e-15   8.7e-12  8.5e-12  2.1e+04  1.3e+01
  8860 -4.13177e-02  7.724e-09  1.240e-15   8.7e-12  7.7e-12  2.1e+04  1.1e+01
  8870 -4.13177e-02  7.724e-09  1.137e-15   8.7e-12  7.1e-12  2.1e+04  2.0e+01
  8880 -4.13177e-02  7.724e-09  1.028e-15   8.7e-12  6.4e-12  2.1e+04  2.1e+01
  8890 -4.13177e-02  7.724e-09  9.617e-16   8.7e-12  6.0e-12  2.1e+04  1.9e+01
  8900 -4.13177e-02  7.724e-09  8.907e-16   8.7e-12  5.5e-12  2.1e+04  1.5e+01
  8910 -4.13177e-02  7.724e-09  8.370e-16   8.7e-12  5.2e-12  2.1e+04  2.0e+01
 
   itn      x(1)       norm r    norm Ar  compatible   LS      norm A   cond A
  8920 -4.13177e-02  7.724e-09  7.986e-16   8.7e-12  5.0e-12  2.1e+04  2.7e+01
  8930 -4.13177e-02  7.724e-09  7.577e-16   8.7e-12  4.7e-12  2.1e+04  2.2e+01
  8940 -4.13177e-02  7.724e-09  7.331e-16   8.7e-12  4.6e-12  2.1e+04  3.1e+01
  8950 -4.13177e-02  7.724e-09  7.108e-16   8.7e-12  4.4e-12  2.1e+04  2.7e+01
  8960 -4.13177e-02  7.724e-09  6.919e-16   8.7e-12  4.3e-12  2.1e+04  2.2e+01
  8970 -4.13177e-02  7.724e-09  6.794e-16   8.7e-12  4.2e-12  2.1e+04  4.2e+01
  8980 -4.13177e-02  7.724e-09  6.683e-16   8.7e-12  4.1e-12  2.1e+04  3.1e+01
  8990 -4.13177e-02  7.724e-09  6.598e-16   8.7e-12  4.1e-12  2.1e+04  3.5e+01
  9000 -4.13177e-02  7.724e-09  6.507e-16   8.7e-12  4.0e-12  2.1e+04  3.9e+01
  9010 -4.13177e-02  7.724e-09  6.428e-16   8.7e-12  4.0e-12  2.1e+04  3.4e+01
  9020 -4.13177e-02  7.724e-09  6.351e-16   8.7e-12  3.9e-12  2.1e+04  6.4e+01
  9030 -4.13177e-02  7.724e-09  6.281e-16   8.7e-12  3.9e-12  2.1e+04  4.6e+01
  9040 -4.13177e-02  7.724e-09  6.201e-16   8.7e-12  3.8e-12  2.1e+04  2.7e+01
  9050 -4.13177e-02  7.724e-09  6.122e-16   8.7e-12  3.8e-12  2.1e+04  4.7e+01
  9060 -4.13177e-02  7.724e-09  6.040e-16   8.7e-12  3.7e-12  2.1e+04  3.6e+01
  9070 -4.13177e-02  7.724e-09  5.937e-16   8.7e-12  3.7e-12  2.1e+04  3.7e+01
  9080 -4.13177e-02  7.724e-09  5.824e-16   8.7e-12  3.6e-12  2.1e+04  2.3e+01
  9090 -4.13177e-02  7.724e-09  5.688e-16   8.7e-12  3.5e-12  2.1e+04  2.2e+01
  9100 -4.13177e-02  7.724e-09  5.512e-16   8.7e-12  3.4e-12  2.1e+04  1.8e+01
  9110 -4.13177e-02  7.724e-09  5.346e-16   8.7e-12  3.3e-12  2.1e+04  3.0e+01
 
   itn      x(1)       norm r    norm Ar  compatible   LS      norm A   cond A
  9120 -4.13177e-02  7.724e-09  5.140e-16   8.7e-12  3.2e-12  2.1e+04  1.8e+01
  9130 -4.13177e-02  7.724e-09  4.913e-16   8.7e-12  3.0e-12  2.1e+04  2.0e+01
  9140 -4.13177e-02  7.724e-09  4.667e-16   8.7e-12  2.9e-12  2.1e+04  1.9e+01
  9150 -4.13177e-02  7.724e-09  4.406e-16   8.7e-12  2.7e-12  2.1e+04  2.8e+01
  9160 -4.13177e-02  7.724e-09  4.102e-16   8.7e-12  2.5e-12  2.1e+04  3.2e+01
  9170 -4.13177e-02  7.724e-09  3.792e-16   8.7e-12  2.3e-12  2.1e+04  1.8e+01
  9180 -4.13177e-02  7.724e-09  3.544e-16   8.7e-12  2.2e-12  2.1e+04  2.2e+01
  9190 -4.13177e-02  7.724e-09  3.321e-16   8.7e-12  2.0e-12  2.1e+04  1.9e+01
  9200 -4.13177e-02  7.724e-09  3.089e-16   8.7e-12  1.9e-12  2.1e+04  1.3e+01
  9210 -4.13177e-02  7.724e-09  2.890e-16   8.7e-12  1.8e-12  2.1e+04  1.9e+01
  9220 -4.13177e-02  7.724e-09  2.725e-16   8.7e-12  1.7e-12  2.1e+04  1.8e+01
  9230 -4.13177e-02  7.724e-09  2.586e-16   8.7e-12  1.6e-12  2.1e+04  2.3e+01
  9240 -4.13177e-02  7.724e-09  2.468e-16   8.7e-12  1.5e-12  2.1e+04  2.0e+01
  9250 -4.13177e-02  7.724e-09  2.370e-16   8.7e-12  1.4e-12  2.1e+04  3.0e+01
  9260 -4.13177e-02  7.724e-09  2.297e-16   8.7e-12  1.4e-12  2.1e+04  2.1e+01
  9270 -4.13177e-02  7.724e-09  2.253e-16   8.7e-12  1.4e-12  2.1e+04  3.0e+01
  9280 -4.13177e-02  7.724e-09  2.210e-16   8.7e-12  1.3e-12  2.1e+04  4.9e+01
  9290 -4.13177e-02  7.724e-09  2.171e-16   8.7e-12  1.3e-12  2.1e+04  2.6e+01
  9300 -4.13177e-02  7.724e-09  2.144e-16   8.7e-12  1.3e-12  2.1e+04  3.3e+01
  9310 -4.13177e-02  7.724e-09  2.117e-16   8.7e-12  1.3e-12  2.1e+04  6.8e+01
 
   itn      x(1)       norm r    norm Ar  compatible   LS      norm A   cond A
  9320 -4.13177e-02  7.724e-09  2.093e-16   8.7e-12  1.3e-12  2.1e+04  3.4e+01
  9330 -4.13177e-02  7.724e-09  2.069e-16   8.7e-12  1.3e-12  2.1e+04  3.0e+01
  9340 -4.13177e-02  7.724e-09  2.045e-16   8.7e-12  1.2e-12  2.1e+04  3.2e+01
  9350 -4.13177e-02  7.724e-09  2.022e-16   8.7e-12  1.2e-12  2.1e+04  4.6e+01
  9360 -4.13177e-02  7.724e-09  1.997e-16   8.7e-12  1.2e-12  2.1e+04  3.8e+01
  9370 -4.13177e-02  7.724e-09  1.966e-16   8.7e-12  1.2e-12  2.1e+04  2.6e+01
  9380 -4.13177e-02  7.724e-09  1.931e-16   8.7e-12  1.2e-12  2.1e+04  2.5e+01
  9390 -4.13177e-02  7.724e-09  1.890e-16   8.7e-12  1.1e-12  2.1e+04  2.3e+01
  9400 -4.13177e-02  7.724e-09  1.835e-16   8.7e-12  1.1e-12  2.1e+04  2.7e+01
  9410 -4.13177e-02  7.724e-09  1.780e-16   8.7e-12  1.1e-12  2.1e+04  2.0e+01
  9420 -4.13177e-02  7.724e-09  1.708e-16   8.7e-12  1.0e-12  2.1e+04  3.1e+01
  9430 -4.13177e-02  7.724e-09  1.626e-16   8.7e-12  9.8e-13  2.1e+04  1.9e+01
  9440 -4.13177e-02  7.724e-09  1.541e-16   8.7e-12  9.3e-13  2.1e+04  2.5e+01
  9450 -4.13177e-02  7.724e-09  1.447e-16   8.7e-12  8.8e-13  2.1e+04  1.9e+01
  9460 -4.13177e-02  7.724e-09  1.349e-16   8.7e-12  8.2e-13  2.1e+04  1.9e+01
  9470 -4.13177e-02  7.724e-09  1.245e-16   8.7e-12  7.5e-13  2.1e+04  2.2e+01
  9480 -4.13177e-02  7.724e-09  1.154e-16   8.7e-12  7.0e-13  2.1e+04  2.9e+01
  9490 -4.13177e-02  7.724e-09  1.049e-16   8.7e-12  6.3e-13  2.1e+04  1.4e+01
  9500 -4.13177e-02  7.724e-09  9.509e-17   8.7e-12  5.7e-13  2.1e+04  9.1e+00
  9510 -4.13177e-02  7.724e-09  8.767e-17   8.7e-12  5.3e-13  2.1e+04  1.3e+01
 
   itn      x(1)       norm r    norm Ar  compatible   LS      norm A   cond A
  9520 -4.13177e-02  7.724e-09  8.123e-17   8.7e-12  4.9e-13  2.1e+04  3.2e+01
  9530 -4.13177e-02  7.724e-09  7.623e-17   8.7e-12  4.6e-13  2.2e+04  2.7e+01
  9540 -4.13177e-02  7.724e-09  7.127e-17   8.7e-12  4.3e-13  2.2e+04  1.0e+01
  9550 -4.13177e-02  7.724e-09  6.800e-17   8.7e-12  4.1e-13  2.2e+04  1.9e+01
  9560 -4.13177e-02  7.724e-09  6.497e-17   8.7e-12  3.9e-13  2.2e+04  1.9e+01
  9570 -4.13177e-02  7.724e-09  6.281e-17   8.7e-12  3.8e-13  2.2e+04  2.2e+01
  9580 -4.13177e-02  7.724e-09  6.109e-17   8.7e-12  3.7e-13  2.2e+04  2.2e+01
  9590 -4.13177e-02  7.724e-09  5.949e-17   8.7e-12  3.6e-13  2.2e+04  3.1e+01
  9600 -4.13177e-02  7.724e-09  5.843e-17   8.7e-12  3.5e-13  2.2e+04  3.4e+01
  9610 -4.13177e-02  7.724e-09  5.743e-17   8.7e-12  3.4e-13  2.2e+04  2.9e+01
  9620 -4.13177e-02  7.724e-09  5.669e-17   8.7e-12  3.4e-13  2.2e+04  4.5e+01
  9630 -4.13177e-02  7.724e-09  5.586e-17   8.7e-12  3.3e-13  2.2e+04  4.9e+01
  9640 -4.13177e-02  7.724e-09  5.505e-17   8.7e-12  3.3e-13  2.2e+04  4.5e+01
  9650 -4.13177e-02  7.724e-09  5.424e-17   8.7e-12  3.2e-13  2.2e+04  3.8e+01
  9660 -4.13177e-02  7.724e-09  5.342e-17   8.7e-12  3.2e-13  2.2e+04  4.1e+01
  9670 -4.13177e-02  7.724e-09  5.250e-17   8.7e-12  3.1e-13  2.2e+04  4.6e+01
  9680 -4.13177e-02  7.724e-09  5.143e-17   8.7e-12  3.1e-13  2.2e+04  4.4e+01
  9690 -4.13177e-02  7.724e-09  5.016e-17   8.7e-12  3.0e-13  2.2e+04  2.1e+01
  9700 -4.13177e-02  7.724e-09  4.866e-17   8.7e-12  2.9e-13  2.2e+04  1.5e+01
  9710 -4.13177e-02  7.724e-09  4.717e-17   8.7e-12  2.8e-13  2.2e+04  2.5e+01
 
   itn      x(1)       norm r    norm Ar  compatible   LS      norm A   cond A
  9720 -4.13177e-02  7.724e-09  4.521e-17   8.7e-12  2.7e-13  2.2e+04  2.8e+01
  9730 -4.13177e-02  7.724e-09  4.284e-17   8.7e-12  2.6e-13  2.2e+04  1.5e+01
  9740 -4.13177e-02  7.724e-09  4.057e-17   8.7e-12  2.4e-13  2.2e+04  1.4e+01
  9750 -4.13177e-02  7.724e-09  3.801e-17   8.7e-12  2.3e-13  2.2e+04  1.5e+01
  9760 -4.13177e-02  7.724e-09  3.503e-17   8.7e-12  2.1e-13  2.2e+04  1.2e+01
  9770 -4.13177e-02  7.724e-09  3.235e-17   8.7e-12  1.9e-13  2.2e+04  1.1e+01
  9780 -4.13177e-02  7.724e-09  2.964e-17   8.7e-12  1.8e-13  2.2e+04  2.0e+01
  9790 -4.13177e-02  7.724e-09  2.645e-17   8.7e-12  1.6e-13  2.2e+04  1.2e+01
  9800 -4.13177e-02  7.724e-09  2.458e-17   8.7e-12  1.5e-13  2.2e+04  1.4e+01
  9810 -4.13177e-02  7.724e-09  2.250e-17   8.7e-12  1.3e-13  2.2e+04  1.6e+01
  9820 -4.13177e-02  7.724e-09  2.090e-17   8.7e-12  1.2e-13  2.2e+04  1.5e+01
  9830 -4.13177e-02  7.724e-09  1.947e-17   8.7e-12  1.2e-13  2.2e+04  1.8e+01
  9840 -4.13177e-02  7.724e-09  1.821e-17   8.7e-12  1.1e-13  2.2e+04  2.8e+01
  9850 -4.13177e-02  7.724e-09  1.731e-17   8.7e-12  1.0e-13  2.2e+04  1.5e+01
  9860 -4.13177e-02  7.724e-09  1.663e-17   8.7e-12  9.8e-14  2.2e+04  2.6e+01
  9870 -4.13177e-02  7.724e-09  1.601e-17   8.7e-12  9.5e-14  2.2e+04  2.2e+01
  9880 -4.13177e-02  7.724e-09  1.552e-17   8.7e-12  9.2e-14  2.2e+04  1.9e+01
  9890 -4.13177e-02  7.724e-09  1.520e-17   8.7e-12  9.0e-14  2.2e+04  2.4e+01
  9900 -4.13177e-02  7.724e-09  1.491e-17   8.7e-12  8.8e-14  2.2e+04  4.3e+01
  9910 -4.13177e-02  7.724e-09  1.465e-17   8.7e-12  8.6e-14  2.2e+04  3.6e+01
 
   itn      x(1)       norm r    norm Ar  compatible   LS      norm A   cond A
  9920 -4.13177e-02  7.724e-09  1.444e-17   8.7e-12  8.5e-14  2.2e+04  4.0e+01
  9930 -4.13177e-02  7.724e-09  1.425e-17   8.7e-12  8.4e-14  2.2e+04  3.4e+01
  9940 -4.13177e-02  7.724e-09  1.406e-17   8.7e-12  8.3e-14  2.2e+04  2.5e+01
  9950 -4.13177e-02  7.724e-09  1.389e-17   8.7e-12  8.2e-14  2.2e+04  4.1e+01
  9960 -4.13177e-02  7.724e-09  1.373e-17   8.7e-12  8.1e-14  2.2e+04  6.2e+01
  9970 -4.13177e-02  7.724e-09  1.356e-17   8.7e-12  8.0e-14  2.2e+04  4.5e+01
  9980 -4.13177e-02  7.724e-09  1.338e-17   8.7e-12  7.9e-14  2.2e+04  3.4e+01
  9990 -4.13177e-02  7.724e-09  1.318e-17   8.7e-12  7.8e-14  2.2e+04  4.2e+01
 10000 -4.13177e-02  7.724e-09  1.294e-17   8.7e-12  7.6e-14  2.2e+04  2.0e+01
 10010 -4.13177e-02  7.724e-09  1.269e-17   8.7e-12  7.5e-14  2.2e+04  3.4e+01
 10020 -4.13177e-02  7.724e-09  1.238e-17   8.7e-12  7.3e-14  2.2e+04  5.1e+01
 10030 -4.13177e-02  7.724e-09  1.198e-17   8.7e-12  7.0e-14  2.2e+04  2.6e+01
 10040 -4.13177e-02  7.724e-09  1.156e-17   8.7e-12  6.8e-14  2.2e+04  2.3e+01
 10050 -4.13177e-02  7.724e-09  1.095e-17   8.7e-12  6.4e-14  2.2e+04  3.1e+01
 10060 -4.13177e-02  7.724e-09  1.030e-17   8.7e-12  6.0e-14  2.2e+04  2.1e+01
 10070 -4.13177e-02  7.724e-09  9.704e-18   8.7e-12  5.7e-14  2.2e+04  1.5e+01
 10080 -4.13177e-02  7.724e-09  9.161e-18   8.7e-12  5.4e-14  2.2e+04  2.8e+01
 10090 -4.13177e-02  7.724e-09  8.540e-18   8.7e-12  5.0e-14  2.2e+04  1.6e+01
 10100 -4.13177e-02  7.724e-09  7.948e-18   8.7e-12  4.6e-14  2.2e+04  1.4e+01
 10110 -4.13177e-02  7.724e-09  7.410e-18   8.7e-12  4.3e-14  2.2e+04  2.2e+01
 
   itn      x(1)       norm r    norm Ar  compatible   LS      norm A   cond A
 10120 -4.13177e-02  7.724e-09  6.963e-18   8.7e-12  4.1e-14  2.2e+04  1.7e+01
 10130 -4.13177e-02  7.724e-09  6.568e-18   8.7e-12  3.8e-14  2.2e+04  2.1e+01
 10140 -4.13177e-02  7.724e-09  6.203e-18   8.7e-12  3.6e-14  2.2e+04  1.3e+01
 10150 -4.13177e-02  7.724e-09  5.989e-18   8.7e-12  3.5e-14  2.2e+04  2.0e+01
 10160 -4.13177e-02  7.724e-09  5.775e-18   8.7e-12  3.4e-14  2.2e+04  1.8e+01
 10170 -4.13177e-02  7.724e-09  5.598e-18   8.7e-12  3.3e-14  2.2e+04  3.5e+01
 10180 -4.13177e-02  7.724e-09  5.474e-18   8.7e-12  3.2e-14  2.2e+04  5.5e+01
 10190 -4.13177e-02  7.724e-09  5.371e-18   8.7e-12  3.1e-14  2.2e+04  3.5e+01
 10200 -4.13177e-02  7.724e-09  5.290e-18   8.7e-12  3.1e-14  2.2e+04  4.9e+01
 10210 -4.13177e-02  7.724e-09  5.217e-18   8.7e-12  3.0e-14  2.2e+04  5.7e+01
 10220 -4.13177e-02  7.724e-09  5.152e-18   8.7e-12  3.0e-14  2.2e+04  6.1e+01
 10230 -4.13177e-02  7.724e-09  5.102e-18   8.7e-12  3.0e-14  2.2e+04  5.5e+01
 10240 -4.13177e-02  7.724e-09  5.049e-18   8.7e-12  2.9e-14  2.2e+04  4.6e+01
 10250 -4.13177e-02  7.724e-09  4.995e-18   8.7e-12  2.9e-14  2.2e+04  4.3e+01
 10260 -4.13177e-02  7.724e-09  4.943e-18   8.7e-12  2.9e-14  2.2e+04  3.9e+01
 10270 -4.13177e-02  7.724e-09  4.888e-18   8.7e-12  2.8e-14  2.2e+04  5.3e+01
 10280 -4.13177e-02  7.724e-09  4.820e-18   8.7e-12  2.8e-14  2.2e+04  2.5e+01
 10290 -4.13177e-02  7.724e-09  4.744e-18   8.7e-12  2.7e-14  2.2e+04  2.9e+01
 10300 -4.13177e-02  7.724e-09  4.662e-18   8.7e-12  2.7e-14  2.2e+04  2.9e+01
 10310 -4.13177e-02  7.724e-09  4.562e-18   8.7e-12  2.6e-14  2.2e+04  2.6e+01
 
   itn      x(1)       norm r    norm Ar  compatible   LS      norm A   cond A
 10320 -4.13177e-02  7.724e-09  4.426e-18   8.7e-12  2.6e-14  2.2e+04  2.5e+01
 10330 -4.13177e-02  7.724e-09  4.289e-18   8.7e-12  2.5e-14  2.2e+04  1.7e+01
 10340 -4.13177e-02  7.724e-09  4.112e-18   8.7e-12  2.4e-14  2.2e+04  2.4e+01
 10350 -4.13177e-02  7.724e-09  3.896e-18   8.7e-12  2.3e-14  2.2e+04  2.5e+01
 10360 -4.13177e-02  7.724e-09  3.672e-18   8.7e-12  2.1e-14  2.2e+04  2.2e+01
 10370 -4.13177e-02  7.724e-09  3.386e-18   8.7e-12  2.0e-14  2.2e+04  1.7e+01
 10380 -4.13177e-02  7.724e-09  3.133e-18   8.7e-12  1.8e-14  2.2e+04  2.6e+01
 10390 -4.13177e-02  7.724e-09  2.829e-18   8.7e-12  1.6e-14  2.2e+04  1.2e+01
 10400 -4.13177e-02  7.724e-09  2.602e-18   8.7e-12  1.5e-14  2.2e+04  1.3e+01
 10410 -4.13177e-02  7.724e-09  2.392e-18   8.7e-12  1.4e-14  2.2e+04  1.6e+01
 10420 -4.13177e-02  7.724e-09  2.217e-18   8.7e-12  1.3e-14  2.2e+04  2.1e+01
 10430 -4.13177e-02  7.724e-09  2.031e-18   8.7e-12  1.2e-14  2.2e+04  1.5e+01
 10440 -4.13177e-02  7.724e-09  1.890e-18   8.7e-12  1.1e-14  2.3e+04  2.0e+01
 10450 -4.13177e-02  7.724e-09  1.781e-18   8.7e-12  1.0e-14  2.3e+04  2.0e+01
 10460 -4.13177e-02  7.724e-09  1.683e-18   8.7e-12  9.7e-15  2.3e+04  1.6e+01
 10470 -4.13177e-02  7.724e-09  1.603e-18   8.7e-12  9.2e-15  2.3e+04  3.6e+01
 10480 -4.13177e-02  7.724e-09  1.539e-18   8.7e-12  8.8e-15  2.3e+04  3.2e+01
 10490 -4.13177e-02  7.724e-09  1.490e-18   8.7e-12  8.5e-15  2.3e+04  1.8e+01
 10500 -4.13177e-02  7.724e-09  1.454e-18   8.7e-12  8.3e-15  2.3e+04  4.1e+01
 10510 -4.13177e-02  7.724e-09  1.423e-18   8.7e-12  8.2e-15  2.3e+04  4.3e+01
 
   itn      x(1)       norm r    norm Ar  compatible   LS      norm A   cond A
 10520 -4.13177e-02  7.724e-09  1.396e-18   8.7e-12  8.0e-15  2.3e+04  3.6e+01
 10530 -4.13177e-02  7.724e-09  1.374e-18   8.7e-12  7.9e-15  2.3e+04  2.0e+01
 10540 -4.13177e-02  7.724e-09  1.355e-18   8.7e-12  7.8e-15  2.3e+04  4.7e+01
 10550 -4.13177e-02  7.724e-09  1.337e-18   8.7e-12  7.6e-15  2.3e+04  2.8e+01
 10560 -4.13177e-02  7.724e-09  1.320e-18   8.7e-12  7.6e-15  2.3e+04  3.9e+01
 10570 -4.13177e-02  7.724e-09  1.302e-18   8.7e-12  7.4e-15  2.3e+04  4.6e+01
 10580 -4.13177e-02  7.724e-09  1.281e-18   8.7e-12  7.3e-15  2.3e+04  3.3e+01
 10590 -4.13177e-02  7.724e-09  1.259e-18   8.7e-12  7.2e-15  2.3e+04  3.5e+01
 10600 -4.13177e-02  7.724e-09  1.232e-18   8.7e-12  7.0e-15  2.3e+04  3.1e+01
 10610 -4.13177e-02  7.724e-09  1.198e-18   8.7e-12  6.8e-15  2.3e+04  2.6e+01
 10620 -4.13177e-02  7.724e-09  1.164e-18   8.7e-12  6.6e-15  2.3e+04  2.4e+01
 10630 -4.13177e-02  7.724e-09  1.113e-18   8.7e-12  6.3e-15  2.3e+04  2.6e+01
 10640 -4.13177e-02  7.724e-09  1.066e-18   8.7e-12  6.1e-15  2.3e+04  2.3e+01
 10650 -4.13177e-02  7.724e-09  1.005e-18   8.7e-12  5.7e-15  2.3e+04  1.4e+01
 10660 -4.13177e-02  7.724e-09  9.348e-19   8.7e-12  5.3e-15  2.3e+04  1.9e+01
 10670 -4.13177e-02  7.724e-09  8.709e-19   8.7e-12  5.0e-15  2.3e+04  2.4e+01
 10680 -4.13177e-02  7.724e-09  8.074e-19   8.7e-12  4.6e-15  2.3e+04  1.8e+01
 10690 -4.13177e-02  7.724e-09  7.303e-19   8.7e-12  4.2e-15  2.3e+04  1.6e+01
 10700 -4.13177e-02  7.724e-09  6.707e-19   8.7e-12  3.8e-15  2.3e+04  1.3e+01
 10710 -4.13177e-02  7.724e-09  6.079e-19   8.7e-12  3.5e-15  2.3e+04  1.1e+01
 
   itn      x(1)       norm r    norm Ar  compatible   LS      norm A   cond A
 10720 -4.13177e-02  7.724e-09  5.535e-19   8.7e-12  3.1e-15  2.3e+04  1.7e+01
 10730 -4.13177e-02  7.724e-09  5.061e-19   8.7e-12  2.9e-15  2.3e+04  1.8e+01
 10740 -4.13177e-02  7.724e-09  4.673e-19   8.7e-12  2.7e-15  2.3e+04  1.6e+01
 10750 -4.13177e-02  7.724e-09  4.342e-19   8.7e-12  2.5e-15  2.3e+04  2.7e+01
 10760 -4.13177e-02  7.724e-09  4.092e-19   8.7e-12  2.3e-15  2.3e+04  1.7e+01
 10770 -4.13177e-02  7.724e-09  3.882e-19   8.7e-12  2.2e-15  2.3e+04  1.8e+01
 10780 -4.13177e-02  7.724e-09  3.706e-19   8.7e-12  2.1e-15  2.3e+04  4.1e+01
 10790 -4.13177e-02  7.724e-09  3.557e-19   8.7e-12  2.0e-15  2.3e+04  2.2e+01
 10800 -4.13177e-02  7.724e-09  3.443e-19   8.7e-12  1.9e-15  2.3e+04  2.4e+01
 10810 -4.13177e-02  7.724e-09  3.360e-19   8.7e-12  1.9e-15  2.3e+04  3.2e+01
 10820 -4.13177e-02  7.724e-09  3.282e-19   8.7e-12  1.9e-15  2.3e+04  3.2e+01
 10830 -4.13177e-02  7.724e-09  3.225e-19   8.7e-12  1.8e-15  2.3e+04  4.4e+01
 10840 -4.13177e-02  7.724e-09  3.172e-19   8.7e-12  1.8e-15  2.3e+04  3.5e+01
 10850 -4.13177e-02  7.724e-09  3.128e-19   8.7e-12  1.8e-15  2.3e+04  3.3e+01
 10860 -4.13177e-02  7.724e-09  3.085e-19   8.7e-12  1.7e-15  2.3e+04  3.3e+01
 10870 -4.13177e-02  7.724e-09  3.036e-19   8.7e-12  1.7e-15  2.3e+04  5.5e+01
 10880 -4.13177e-02  7.724e-09  2.991e-19   8.7e-12  1.7e-15  2.3e+04  2.7e+01
 10890 -4.13177e-02  7.724e-09  2.949e-19   8.7e-12  1.7e-15  2.3e+04  3.2e+01
 10900 -4.13177e-02  7.724e-09  2.898e-19   8.7e-12  1.6e-15  2.3e+04  2.6e+01
 10910 -4.13177e-02  7.724e-09  2.841e-19   8.7e-12  1.6e-15  2.3e+04  3.8e+01
 
   itn      x(1)       norm r    norm Ar  compatible   LS      norm A   cond A
 10920 -4.13177e-02  7.724e-09  2.769e-19   8.7e-12  1.6e-15  2.3e+04  3.2e+01
 10930 -4.13177e-02  7.724e-09  2.691e-19   8.7e-12  1.5e-15  2.3e+04  2.4e+01
 10940 -4.13177e-02  7.724e-09  2.601e-19   8.7e-12  1.5e-15  2.3e+04  1.7e+01
 10950 -4.13177e-02  7.724e-09  2.506e-19   8.7e-12  1.4e-15  2.3e+04  4.3e+01
 10960 -4.13177e-02  7.724e-09  2.381e-19   8.7e-12  1.3e-15  2.3e+04  2.5e+01
 10970 -4.13177e-02  7.724e-09  2.237e-19   8.7e-12  1.3e-15  2.3e+04  1.4e+01
 10980 -4.13177e-02  7.724e-09  2.118e-19   8.7e-12  1.2e-15  2.3e+04  2.1e+01
 10990 -4.13177e-02  7.724e-09  1.962e-19   8.7e-12  1.1e-15  2.3e+04  1.4e+01
 11000 -4.13177e-02  7.724e-09  1.836e-19   8.7e-12  1.0e-15  2.3e+04  2.0e+01
 11010 -4.13177e-02  7.724e-09  1.713e-19   8.7e-12  9.6e-16  2.3e+04  1.6e+01
 11020 -4.13177e-02  7.724e-09  1.582e-19   8.7e-12  8.9e-16  2.3e+04  2.2e+01
 11030 -4.13177e-02  7.724e-09  1.476e-19   8.7e-12  8.3e-16  2.3e+04  1.6e+01
 11040 -4.13177e-02  7.724e-09  1.379e-19   8.7e-12  7.7e-16  2.3e+04  1.2e+01
 11050 -4.13177e-02  7.724e-09  1.306e-19   8.7e-12  7.3e-16  2.3e+04  2.3e+01
 11060 -4.13177e-02  7.724e-09  1.236e-19   8.7e-12  6.9e-16  2.3e+04  1.9e+01
 11070 -4.13177e-02  7.724e-09  1.183e-19   8.7e-12  6.6e-16  2.3e+04  2.4e+01
 11080 -4.13177e-02  7.724e-09  1.138e-19   8.7e-12  6.4e-16  2.3e+04  2.5e+01
 11090 -4.13177e-02  7.724e-09  1.098e-19   8.7e-12  6.1e-16  2.3e+04  3.0e+01
 11100 -4.13177e-02  7.724e-09  1.071e-19   8.7e-12  6.0e-16  2.3e+04  2.6e+01
 11110 -4.13177e-02  7.724e-09  1.046e-19   8.7e-12  5.8e-16  2.3e+04  3.3e+01
 
   itn      x(1)       norm r    norm Ar  compatible   LS      norm A   cond A
 11120 -4.13177e-02  7.724e-09  1.029e-19   8.7e-12  5.7e-16  2.3e+04  2.2e+01
 11130 -4.13177e-02  7.724e-09  1.015e-19   8.7e-12  5.7e-16  2.3e+04  3.1e+01
 11140 -4.13177e-02  7.724e-09  1.003e-19   8.7e-12  5.6e-16  2.3e+04  4.8e+01
 11150 -4.13177e-02  7.724e-09  9.876e-20   8.7e-12  5.5e-16  2.3e+04  3.0e+01
 11160 -4.13177e-02  7.724e-09  9.770e-20   8.7e-12  5.4e-16  2.3e+04  2.8e+01
 11170 -4.13177e-02  7.724e-09  9.675e-20   8.7e-12  5.4e-16  2.3e+04  2.8e+01
 11180 -4.13177e-02  7.724e-09  9.590e-20   8.7e-12  5.3e-16  2.3e+04  6.6e+01
 11190 -4.13177e-02  7.724e-09  9.501e-20   8.7e-12  5.3e-16  2.3e+04  5.4e+01
 11200 -4.13177e-02  7.724e-09  9.393e-20   8.7e-12  5.2e-16  2.3e+04  6.2e+01
 11210 -4.13177e-02  7.724e-09  9.279e-20   8.7e-12  5.2e-16  2.3e+04  6.3e+01
 11220 -4.13177e-02  7.724e-09  9.143e-20   8.7e-12  5.1e-16  2.3e+04  4.3e+01
 11230 -4.13177e-02  7.724e-09  8.978e-20   8.7e-12  5.0e-16  2.3e+04  4.0e+01
 11240 -4.13177e-02  7.724e-09  8.808e-20   8.7e-12  4.9e-16  2.3e+04  3.6e+01
 11250 -4.13177e-02  7.724e-09  8.555e-20   8.7e-12  4.7e-16  2.3e+04  2.1e+01
 11260 -4.13177e-02  7.724e-09  8.316e-20   8.7e-12  4.6e-16  2.3e+04  2.1e+01
 11270 -4.13177e-02  7.724e-09  8.006e-20   8.7e-12  4.4e-16  2.3e+04  1.8e+01
 11280 -4.13177e-02  7.724e-09  7.646e-20   8.7e-12  4.2e-16  2.3e+04  2.0e+01
 11290 -4.13177e-02  7.724e-09  7.237e-20   8.7e-12  4.0e-16  2.3e+04  2.4e+01
 11300 -4.13177e-02  7.724e-09  6.745e-20   8.7e-12  3.7e-16  2.3e+04  1.6e+01
 11310 -4.13177e-02  7.724e-09  6.282e-20   8.7e-12  3.5e-16  2.3e+04  9.8e+00
 
   itn      x(1)       norm r    norm Ar  compatible   LS      norm A   cond A
 11320 -4.13177e-02  7.724e-09  5.830e-20   8.7e-12  3.2e-16  2.3e+04  2.1e+01
 11330 -4.13177e-02  7.724e-09  5.357e-20   8.7e-12  3.0e-16  2.3e+04  1.5e+01
 11340 -4.13177e-02  7.724e-09  4.987e-20   8.7e-12  2.8e-16  2.3e+04  1.9e+01
 11350 -4.13177e-02  7.724e-09  4.666e-20   8.7e-12  2.6e-16  2.3e+04  2.5e+01
 11360 -4.13177e-02  7.724e-09  4.358e-20   8.7e-12  2.4e-16  2.3e+04  2.2e+01
 11370 -4.13177e-02  7.724e-09  4.121e-20   8.7e-12  2.3e-16  2.3e+04  2.8e+01
 11380 -4.13177e-02  7.724e-09  3.931e-20   8.7e-12  2.2e-16  2.3e+04  2.5e+01
 11390 -4.13177e-02  7.724e-09  3.796e-20   8.7e-12  2.1e-16  2.4e+04  2.9e+01
 11400 -4.13177e-02  7.724e-09  3.683e-20   8.7e-12  2.0e-16  2.4e+04  2.8e+01
 11410 -4.13177e-02  7.724e-09  3.596e-20   8.7e-12  2.0e-16  2.4e+04  2.5e+01
 11420 -4.13177e-02  7.724e-09  3.525e-20   8.7e-12  1.9e-16  2.4e+04  3.1e+01
 11430 -4.13177e-02  7.724e-09  3.459e-20   8.7e-12  1.9e-16  2.4e+04  5.0e+01
 11440 -4.13177e-02  7.724e-09  3.401e-20   8.7e-12  1.9e-16  2.4e+04  2.9e+01
 11450 -4.13177e-02  7.724e-09  3.354e-20   8.7e-12  1.8e-16  2.4e+04  4.5e+01
 11460 -4.13177e-02  7.724e-09  3.311e-20   8.7e-12  1.8e-16  2.4e+04  6.7e+01
 11470 -4.13177e-02  7.724e-09  3.271e-20   8.7e-12  1.8e-16  2.4e+04  3.7e+01
 11480 -4.13177e-02  7.724e-09  3.234e-20   8.7e-12  1.8e-16  2.4e+04  3.8e+01
 11490 -4.13177e-02  7.724e-09  3.190e-20   8.7e-12  1.7e-16  2.4e+04  2.4e+01
 11500 -4.13177e-02  7.724e-09  3.145e-20   8.7e-12  1.7e-16  2.4e+04  3.5e+01
 11510 -4.13177e-02  7.724e-09  3.084e-20   8.7e-12  1.7e-16  2.4e+04  2.6e+01
 
   itn      x(1)       norm r    norm Ar  compatible   LS      norm A   cond A
 11520 -4.13177e-02  7.724e-09  3.024e-20   8.7e-12  1.7e-16  2.4e+04  4.0e+01
 11530 -4.13177e-02  7.724e-09  2.947e-20   8.7e-12  1.6e-16  2.4e+04  1.9e+01
 11540 -4.13177e-02  7.724e-09  2.861e-20   8.7e-12  1.6e-16  2.4e+04  2.9e+01
 11550 -4.13177e-02  7.724e-09  2.749e-20   8.7e-12  1.5e-16  2.4e+04  2.4e+01
 11560 -4.13177e-02  7.724e-09  2.629e-20   8.7e-12  1.4e-16  2.4e+04  2.3e+01
 11570 -4.13177e-02  7.724e-09  2.503e-20   8.7e-12  1.4e-16  2.4e+04  2.3e+01
 11580 -4.13177e-02  7.724e-09  2.318e-20   8.7e-12  1.3e-16  2.4e+04  1.9e+01
 11590 -4.13177e-02  7.724e-09  2.174e-20   8.7e-12  1.2e-16  2.4e+04  1.6e+01
 11598 -4.13177e-02  7.724e-09  2.017e-20   8.7e-12  1.1e-16  2.4e+04  2.2e+01
 
LSMR finished
The least-squares solution is good enough for this machine
istop =       5    normr = 7.7e-09
    normA = 2.4e+04    normAr = 2.0e-20
itn   =   11598    condA = 2.2e+01
    normx = 6.9e+00
 11598 -4.13177e-02   7.724e-09  2.017e-20
   8.7e-12  1.1e-16   2.4e+04  2.2e+01
loss = 5.965518994648317e-17
