OS                           : Linux-5.14.21-150400.24.81_12.0.86-cray_shasta_c-x86_64-with-glibc2.31
Python Version               : 3.9.15
CuPy Version                 : 12.1.0
CuPy Platform                : NVIDIA CUDA
NumPy Version                : 1.23.5
SciPy Version                : 1.9.3
Cython Build Version         : 0.29.32
Cython Runtime Version       : None
CUDA Root                    : /opt/nvidia/hpc_sdk/Linux_x86_64/22.7/cuda/11.7
nvcc PATH                    : /opt/nvidia/hpc_sdk/Linux_x86_64/22.7/cuda/11.7/bin/nvcc
CUDA Build Version           : 11080
CUDA Driver Version          : 12000
CUDA Runtime Version         : 11070
cuBLAS Version               : (available)
cuFFT Version                : 10702
cuRAND Version               : 10210
cuSOLVER Version             : (11, 3, 5)
cuSPARSE Version             : (available)
NVRTC Version                : (11, 7)
Thrust Version               : 101501
CUB Build Version            : 101501
Jitify Build Version         : 4a37de0
cuDNN Build Version          : 8801
cuDNN Version                : 8302
NCCL Build Version           : 21602
NCCL Runtime Version         : 21505
cuTENSOR Version             : 10500
cuSPARSELt Build Version     : None
Device 0 Name                : NVIDIA A100-SXM4-80GB
Device 0 Compute Capability  : 80
Device 0 PCI Bus ID          : 0000:82:00.0
None
nprime = 435
npripri = 406
Sizes of ptrain and pdot:
[(40000, 29, 29), (40000, 29, 29)]
Loss at truetheta:
64208691.77830083
len(theta) = 707281
len(jac) = 33640000
 
LSMR            Least-squares solution of  Ax = b

The matrix A has 67280000 rows and 707281 columns
damp = 0.00000000000000e+00

atol = 1.00e-08                 conlim = 1.00e+08

btol = 1.00e-08             maxiter =   100000

 
   itn      x(1)       norm r    norm Ar  compatible   LS      norm A   cond A
     0  0.00000e+00  8.552e+03  1.899e+06   1.0e+00  2.6e-02
     1  6.48924e-01  2.589e+03  4.340e+05   3.0e-01  7.2e-01  2.3e+02  1.0e+00
     2  1.16294e+00  9.468e+02  9.890e+04   1.1e-01  3.4e-01  3.0e+02  1.3e+00
     3  1.19874e+00  8.427e+02  3.726e+04   9.9e-02  1.1e-01  3.9e+02  1.3e+00
     4  1.19230e+00  8.119e+02  3.139e+04   9.5e-02  9.1e-02  4.2e+02  2.2e+00
     5  1.17579e+00  7.387e+02  2.365e+04   8.6e-02  6.5e-02  4.9e+02  2.8e+00
     6  1.17799e+00  6.957e+02  1.880e+04   8.1e-02  5.1e-02  5.3e+02  2.4e+00
     7  1.18660e+00  6.625e+02  1.467e+04   7.7e-02  3.8e-02  5.8e+02  2.4e+00
     8  1.18545e+00  6.395e+02  1.215e+04   7.5e-02  3.1e-02  6.1e+02  3.0e+00
     9  1.17913e+00  6.205e+02  9.506e+03   7.3e-02  2.4e-02  6.5e+02  2.3e+00
    10  1.17561e+00  6.143e+02  8.867e+03   7.2e-02  2.1e-02  6.8e+02  3.5e+00
    20  1.09596e+00  5.056e+02  4.681e+03   5.9e-02  9.7e-03  9.5e+02  6.9e+00
    30  8.60171e-01  3.848e+02  2.442e+03   4.5e-02  5.4e-03  1.2e+03  5.5e+00
    40  7.11759e-01  3.508e+02  1.442e+03   4.1e-02  3.1e-03  1.3e+03  5.7e+00
    50  5.55463e-01  3.318e+02  9.304e+02   3.9e-02  1.9e-03  1.5e+03  5.7e+00
    60  4.30079e-01  3.233e+02  6.216e+02   3.8e-02  1.2e-03  1.6e+03  1.1e+01
    70  2.85740e-01  3.176e+02  4.390e+02   3.7e-02  7.8e-04  1.8e+03  1.1e+01
    80  1.45853e-01  3.144e+02  3.451e+02   3.7e-02  5.8e-04  1.9e+03  1.3e+01
    90  1.46335e-02  3.122e+02  2.999e+02   3.7e-02  4.8e-04  2.0e+03  1.0e+01
   100 -1.52917e-01  3.099e+02  2.742e+02   3.6e-02  4.2e-04  2.1e+03  9.0e+00
   110 -3.01380e-01  3.081e+02  2.622e+02   3.6e-02  3.9e-04  2.2e+03  2.1e+01
 
   itn      x(1)       norm r    norm Ar  compatible   LS      norm A   cond A
   120 -4.88452e-01  3.058e+02  2.534e+02   3.6e-02  3.6e-04  2.3e+03  2.9e+01
   130 -7.64662e-01  3.025e+02  2.448e+02   3.5e-02  3.4e-04  2.4e+03  3.7e+01
   140 -1.16880e+00  2.978e+02  2.359e+02   3.5e-02  3.2e-04  2.5e+03  1.5e+01
   150 -1.69986e+00  2.917e+02  2.259e+02   3.4e-02  3.0e-04  2.6e+03  2.4e+01
   160 -2.52490e+00  2.828e+02  2.115e+02   3.3e-02  2.8e-04  2.6e+03  2.4e+01
   170 -3.61775e+00  2.720e+02  1.923e+02   3.2e-02  2.6e-04  2.7e+03  1.5e+01
   180 -5.14739e+00  2.594e+02  1.630e+02   3.0e-02  2.3e-04  2.8e+03  1.1e+01
   190 -6.71128e+00  2.500e+02  1.274e+02   2.9e-02  1.8e-04  2.9e+03  1.4e+01
   200 -7.77116e+00  2.459e+02  9.677e+01   2.9e-02  1.3e-04  2.9e+03  1.1e+01
   210 -8.39539e+00  2.444e+02  7.337e+01   2.9e-02  1.0e-04  3.0e+03  1.5e+01
   220 -8.72933e+00  2.438e+02  5.741e+01   2.9e-02  7.6e-05  3.1e+03  9.2e+00
   230 -8.86570e+00  2.436e+02  4.968e+01   2.8e-02  6.5e-05  3.2e+03  1.8e+01
   240 -8.92470e+00  2.435e+02  4.610e+01   2.8e-02  5.9e-05  3.2e+03  2.1e+01
   250 -8.95689e+00  2.434e+02  4.418e+01   2.8e-02  5.5e-05  3.3e+03  2.1e+01
   260 -8.97523e+00  2.433e+02  4.318e+01   2.8e-02  5.3e-05  3.4e+03  2.9e+01
   270 -8.99304e+00  2.432e+02  4.233e+01   2.8e-02  5.1e-05  3.4e+03  2.1e+01
   280 -9.01434e+00  2.430e+02  4.142e+01   2.8e-02  4.9e-05  3.5e+03  3.5e+01
   290 -9.04463e+00  2.427e+02  4.016e+01   2.8e-02  4.7e-05  3.5e+03  3.0e+01
   300 -9.09593e+00  2.422e+02  3.797e+01   2.8e-02  4.3e-05  3.6e+03  1.6e+01
   310 -9.16276e+00  2.416e+02  3.489e+01   2.8e-02  3.9e-05  3.7e+03  1.9e+01
 
   itn      x(1)       norm r    norm Ar  compatible   LS      norm A   cond A
   320 -9.23430e+00  2.410e+02  3.116e+01   2.8e-02  3.5e-05  3.7e+03  9.5e+00
   330 -9.28511e+00  2.407e+02  2.804e+01   2.8e-02  3.1e-05  3.8e+03  1.7e+01
   340 -9.31168e+00  2.405e+02  2.607e+01   2.8e-02  2.8e-05  3.8e+03  1.9e+01
   350 -9.32386e+00  2.404e+02  2.490e+01   2.8e-02  2.7e-05  3.9e+03  2.2e+01
   360 -9.32795e+00  2.403e+02  2.421e+01   2.8e-02  2.6e-05  3.9e+03  1.8e+01
   370 -9.32747e+00  2.402e+02  2.382e+01   2.8e-02  2.5e-05  4.0e+03  2.9e+01
   380 -9.32424e+00  2.402e+02  2.353e+01   2.8e-02  2.4e-05  4.1e+03  3.9e+01
   390 -9.31778e+00  2.401e+02  2.326e+01   2.8e-02  2.4e-05  4.1e+03  3.9e+01
   400 -9.30531e+00  2.400e+02  2.290e+01   2.8e-02  2.3e-05  4.2e+03  4.3e+01
   410 -9.27875e+00  2.399e+02  2.224e+01   2.8e-02  2.2e-05  4.2e+03  1.9e+01
   420 -9.22948e+00  2.396e+02  2.108e+01   2.8e-02  2.1e-05  4.3e+03  1.3e+01
   430 -9.15665e+00  2.392e+02  1.930e+01   2.8e-02  1.9e-05  4.3e+03  1.1e+01
   440 -9.06275e+00  2.387e+02  1.676e+01   2.8e-02  1.6e-05  4.4e+03  1.0e+01
   450 -8.96232e+00  2.384e+02  1.355e+01   2.8e-02  1.3e-05  4.4e+03  9.1e+00
   460 -8.89974e+00  2.383e+02  1.110e+01   2.8e-02  1.0e-05  4.5e+03  8.5e+00
   470 -8.86494e+00  2.382e+02  9.477e+00   2.8e-02  8.8e-06  4.5e+03  8.3e+00
   480 -8.84392e+00  2.382e+02  8.353e+00   2.8e-02  7.7e-06  4.6e+03  1.1e+01
   490 -8.83539e+00  2.382e+02  7.858e+00   2.8e-02  7.2e-06  4.6e+03  2.5e+01
   500 -8.83019e+00  2.382e+02  7.550e+00   2.8e-02  6.8e-06  4.6e+03  1.7e+01
   510 -8.82629e+00  2.382e+02  7.325e+00   2.8e-02  6.6e-06  4.7e+03  1.8e+01
 
   itn      x(1)       norm r    norm Ar  compatible   LS      norm A   cond A
   520 -8.82241e+00  2.382e+02  7.114e+00   2.8e-02  6.3e-06  4.7e+03  1.9e+01
   530 -8.81794e+00  2.382e+02  6.881e+00   2.8e-02  6.0e-06  4.8e+03  2.5e+01
   540 -8.80886e+00  2.382e+02  6.413e+00   2.8e-02  5.6e-06  4.8e+03  1.3e+01
   550 -8.79410e+00  2.381e+02  5.610e+00   2.8e-02  4.8e-06  4.9e+03  1.1e+01
   560 -8.78014e+00  2.381e+02  4.755e+00   2.8e-02  4.1e-06  4.9e+03  1.2e+01
   570 -8.76439e+00  2.381e+02  3.584e+00   2.8e-02  3.0e-06  5.0e+03  5.4e+00
   580 -8.75426e+00  2.381e+02  2.589e+00   2.8e-02  2.2e-06  5.0e+03  9.4e+00
   590 -8.74856e+00  2.381e+02  1.823e+00   2.8e-02  1.5e-06  5.0e+03  9.2e+00
   600 -8.74639e+00  2.381e+02  1.439e+00   2.8e-02  1.2e-06  5.1e+03  1.1e+01
   610 -8.74526e+00  2.381e+02  1.204e+00   2.8e-02  9.9e-07  5.1e+03  8.3e+00
   620 -8.74480e+00  2.381e+02  1.102e+00   2.8e-02  9.0e-07  5.2e+03  1.6e+01
   630 -8.74452e+00  2.381e+02  1.046e+00   2.8e-02  8.4e-07  5.2e+03  2.6e+01
   640 -8.74432e+00  2.381e+02  1.012e+00   2.8e-02  8.1e-07  5.3e+03  2.0e+01
   650 -8.74412e+00  2.381e+02  9.884e-01   2.8e-02  7.8e-07  5.3e+03  2.6e+01
   660 -8.74386e+00  2.381e+02  9.659e-01   2.8e-02  7.6e-07  5.3e+03  2.8e+01
   670 -8.74349e+00  2.381e+02  9.400e-01   2.8e-02  7.3e-07  5.4e+03  3.5e+01
   680 -8.74287e+00  2.381e+02  9.022e-01   2.8e-02  7.0e-07  5.4e+03  1.8e+01
   690 -8.74194e+00  2.381e+02  8.481e-01   2.8e-02  6.5e-07  5.5e+03  2.1e+01
   700 -8.74024e+00  2.381e+02  7.477e-01   2.8e-02  5.7e-07  5.5e+03  2.2e+01
   710 -8.73847e+00  2.381e+02  6.347e-01   2.8e-02  4.8e-07  5.5e+03  9.2e+00
 
   itn      x(1)       norm r    norm Ar  compatible   LS      norm A   cond A
   720 -8.73721e+00  2.381e+02  5.461e-01   2.8e-02  4.1e-07  5.6e+03  1.2e+01
   730 -8.73632e+00  2.381e+02  4.790e-01   2.8e-02  3.6e-07  5.6e+03  1.8e+01
   740 -8.73578e+00  2.381e+02  4.387e-01   2.8e-02  3.3e-07  5.6e+03  1.1e+01
   750 -8.73552e+00  2.381e+02  4.224e-01   2.8e-02  3.1e-07  5.7e+03  2.8e+01
   760 -8.73532e+00  2.381e+02  4.130e-01   2.8e-02  3.0e-07  5.7e+03  4.0e+01
   770 -8.73513e+00  2.381e+02  4.063e-01   2.8e-02  3.0e-07  5.8e+03  2.8e+01
   780 -8.73490e+00  2.381e+02  4.005e-01   2.8e-02  2.9e-07  5.8e+03  2.4e+01
   790 -8.73453e+00  2.381e+02  3.929e-01   2.8e-02  2.8e-07  5.8e+03  2.1e+01
   800 -8.73396e+00  2.381e+02  3.825e-01   2.8e-02  2.7e-07  5.9e+03  1.8e+01
   810 -8.73254e+00  2.381e+02  3.567e-01   2.8e-02  2.5e-07  5.9e+03  2.8e+01
   820 -8.73081e+00  2.381e+02  3.238e-01   2.8e-02  2.3e-07  5.9e+03  1.7e+01
   830 -8.72876e+00  2.381e+02  2.806e-01   2.8e-02  2.0e-07  6.0e+03  9.3e+00
   840 -8.72744e+00  2.381e+02  2.495e-01   2.8e-02  1.7e-07  6.0e+03  1.9e+01
   850 -8.72654e+00  2.381e+02  2.261e-01   2.8e-02  1.6e-07  6.1e+03  1.7e+01
   860 -8.72613e+00  2.381e+02  2.150e-01   2.8e-02  1.5e-07  6.1e+03  3.6e+01
   870 -8.72587e+00  2.381e+02  2.082e-01   2.8e-02  1.4e-07  6.1e+03  2.0e+01
   880 -8.72572e+00  2.381e+02  2.043e-01   2.8e-02  1.4e-07  6.2e+03  4.6e+01
   890 -8.72557e+00  2.381e+02  2.009e-01   2.8e-02  1.4e-07  6.2e+03  2.5e+01
   900 -8.72538e+00  2.381e+02  1.972e-01   2.8e-02  1.3e-07  6.2e+03  2.3e+01
   910 -8.72507e+00  2.381e+02  1.912e-01   2.8e-02  1.3e-07  6.3e+03  2.2e+01
 
   itn      x(1)       norm r    norm Ar  compatible   LS      norm A   cond A
   920 -8.72458e+00  2.381e+02  1.818e-01   2.8e-02  1.2e-07  6.3e+03  1.7e+01
   930 -8.72380e+00  2.381e+02  1.663e-01   2.8e-02  1.1e-07  6.3e+03  2.1e+01
   940 -8.72259e+00  2.381e+02  1.389e-01   2.8e-02  9.2e-08  6.4e+03  1.1e+01
   950 -8.72158e+00  2.381e+02  1.117e-01   2.8e-02  7.3e-08  6.4e+03  1.1e+01
   960 -8.72098e+00  2.381e+02  9.173e-02   2.8e-02  6.0e-08  6.4e+03  1.0e+01
   970 -8.72062e+00  2.381e+02  7.721e-02   2.8e-02  5.0e-08  6.5e+03  1.1e+01
   980 -8.72047e+00  2.381e+02  7.044e-02   2.8e-02  4.6e-08  6.5e+03  1.5e+01
   990 -8.72039e+00  2.381e+02  6.637e-02   2.8e-02  4.3e-08  6.5e+03  2.0e+01
  1000 -8.72034e+00  2.381e+02  6.360e-02   2.8e-02  4.1e-08  6.6e+03  2.0e+01
  1010 -8.72033e+00  2.381e+02  6.224e-02   2.8e-02  4.0e-08  6.6e+03  2.9e+01
  1020 -8.72032e+00  2.381e+02  6.063e-02   2.8e-02  3.8e-08  6.6e+03  2.6e+01
  1030 -8.72032e+00  2.381e+02  5.860e-02   2.8e-02  3.7e-08  6.7e+03  1.7e+01
  1040 -8.72033e+00  2.381e+02  5.540e-02   2.8e-02  3.5e-08  6.7e+03  2.5e+01
  1050 -8.72034e+00  2.381e+02  5.068e-02   2.8e-02  3.2e-08  6.7e+03  1.4e+01
  1060 -8.72038e+00  2.381e+02  4.277e-02   2.8e-02  2.7e-08  6.8e+03  1.0e+01
  1070 -8.72041e+00  2.381e+02  3.310e-02   2.8e-02  2.0e-08  6.8e+03  6.7e+00
  1080 -8.72043e+00  2.381e+02  2.501e-02   2.8e-02  1.5e-08  6.8e+03  8.3e+00
  1090 -8.72044e+00  2.381e+02  1.904e-02   2.8e-02  1.2e-08  6.9e+03  5.1e+00
  1093 -8.72045e+00  2.381e+02  1.768e-02   2.8e-02  1.1e-08  6.9e+03  1.3e+01
  1094 -8.72045e+00  2.381e+02  1.722e-02   2.8e-02  1.1e-08  6.9e+03  6.5e+00
 
   itn      x(1)       norm r    norm Ar  compatible   LS      norm A   cond A
  1095 -8.72045e+00  2.381e+02  1.701e-02   2.8e-02  1.0e-08  6.9e+03  8.3e+00
  1096 -8.72045e+00  2.381e+02  1.685e-02   2.8e-02  1.0e-08  6.9e+03  1.3e+01
  1097 -8.72045e+00  2.381e+02  1.584e-02   2.8e-02  9.7e-09  6.9e+03  9.8e+00
 
LSMR finished
The least-squares solution is good enough, given atol     
istop =       2    normr = 2.4e+02
    normA = 6.9e+03    normAr = 1.6e-02
itn   =    1097    condA = 9.8e+00
    normx = 1.9e+02
  1097 -8.72045e+00   2.381e+02  1.584e-02
   2.8e-02  9.7e-09   6.9e+03  9.8e+00
loss = 56690.82290671166
