OS                           : Linux-5.14.21-150400.24.69_12.0.74-cray_shasta_c-x86_64-with-glibc2.31
Python Version               : 3.9.15
CuPy Version                 : 12.1.0
CuPy Platform                : NVIDIA CUDA
NumPy Version                : 1.23.5
SciPy Version                : 1.9.3
Cython Build Version         : 0.29.32
Cython Runtime Version       : None
CUDA Root                    : /opt/nvidia/hpc_sdk/Linux_x86_64/22.7/cuda/11.7
nvcc PATH                    : /opt/nvidia/hpc_sdk/Linux_x86_64/22.7/cuda/11.7/bin/nvcc
CUDA Build Version           : 11080
CUDA Driver Version          : 12000
CUDA Runtime Version         : 11070
cuBLAS Version               : (available)
cuFFT Version                : 10702
cuRAND Version               : 10210
cuSOLVER Version             : (11, 3, 5)
cuSPARSE Version             : (available)
NVRTC Version                : (11, 7)
Thrust Version               : 101501
CUB Build Version            : 101501
Jitify Build Version         : 4a37de0
cuDNN Build Version          : 8801
cuDNN Version                : 8302
NCCL Build Version           : 21602
NCCL Runtime Version         : 21505
cuTENSOR Version             : 10500
cuSPARSELt Build Version     : None
Device 0 Name                : NVIDIA A100-PCIE-40GB
Device 0 Compute Capability  : 80
Device 0 PCI Bus ID          : 0000:C3:00.0
None
nprime = 66
npripri = 55
Sizes of ptrain and pdot:
[(79920, 11, 11), (79920, 11, 11)]
Loss at truetheta:
172649.9795064502
len(theta) = 14641
len(jac) = 9670320
 
LSMR            Least-squares solution of  Ax = b

The matrix A has 19340640 rows and 14641 columns
damp = 0.00000000000000e+00

atol = 1.00e-08                 conlim = 1.00e+08

btol = 1.00e-08             maxiter =    20000

 
   itn      x(1)       norm r    norm Ar  compatible   LS      norm A   cond A
     0  0.00000e+00  5.000e+02  8.157e+04   1.0e+00  3.3e-01
     1  3.91296e-02  1.895e+02  1.372e+04   3.8e-01  4.1e-01  1.8e+02  1.0e+00
     2  6.48259e-02  1.659e+02  6.659e+03   3.3e-01  1.7e-01  2.3e+02  1.2e+00
     3  1.06475e-01  1.516e+02  4.000e+03   3.0e-01  9.7e-02  2.7e+02  1.8e+00
     4  1.36558e-01  1.454e+02  2.716e+03   2.9e-01  6.1e-02  3.1e+02  1.8e+00
     5  1.56878e-01  1.419e+02  2.038e+03   2.8e-01  4.2e-02  3.4e+02  2.0e+00
     6  1.75125e-01  1.390e+02  1.518e+03   2.8e-01  2.9e-02  3.7e+02  2.4e+00
     7  1.86984e-01  1.371e+02  1.174e+03   2.7e-01  2.2e-02  4.0e+02  2.5e+00
     8  1.93839e-01  1.360e+02  9.683e+02   2.7e-01  1.7e-02  4.2e+02  2.7e+00
     9  2.00463e-01  1.349e+02  7.910e+02   2.7e-01  1.3e-02  4.5e+02  2.9e+00
    10  2.05179e-01  1.343e+02  6.963e+02   2.7e-01  1.1e-02  4.7e+02  3.0e+00
    20  2.58787e-01  1.300e+02  2.682e+02   2.6e-01  3.2e-03  6.4e+02  4.9e+00
    30  2.94510e-01  1.281e+02  1.381e+02   2.6e-01  1.4e-03  7.7e+02  5.3e+00
    40  3.10625e-01  1.274e+02  7.557e+01   2.5e-01  6.7e-04  8.8e+02  5.2e+00
    50  3.19648e-01  1.272e+02  4.495e+01   2.5e-01  3.7e-04  9.7e+02  7.1e+00
    60  3.21135e-01  1.270e+02  3.237e+01   2.5e-01  2.4e-04  1.1e+03  7.7e+00
    70  3.24993e-01  1.269e+02  2.276e+01   2.5e-01  1.6e-04  1.1e+03  7.9e+00
    80  3.28157e-01  1.269e+02  1.569e+01   2.5e-01  1.0e-04  1.2e+03  6.4e+00
    90  3.29429e-01  1.269e+02  1.223e+01   2.5e-01  7.4e-05  1.3e+03  8.3e+00
   100  3.29084e-01  1.269e+02  1.027e+01   2.5e-01  5.9e-05  1.4e+03  1.1e+01
   110  3.27093e-01  1.268e+02  8.624e+00   2.5e-01  4.7e-05  1.4e+03  1.3e+01
 
   itn      x(1)       norm r    norm Ar  compatible   LS      norm A   cond A
   120  3.24166e-01  1.268e+02  7.129e+00   2.5e-01  3.7e-05  1.5e+03  9.4e+00
   130  3.22210e-01  1.268e+02  5.866e+00   2.5e-01  2.9e-05  1.6e+03  1.1e+01
   140  3.21637e-01  1.268e+02  5.026e+00   2.5e-01  2.4e-05  1.6e+03  1.2e+01
   150  3.22094e-01  1.268e+02  4.468e+00   2.5e-01  2.1e-05  1.7e+03  1.3e+01
   160  3.22694e-01  1.268e+02  4.017e+00   2.5e-01  1.8e-05  1.7e+03  1.3e+01
   170  3.23028e-01  1.268e+02  3.596e+00   2.5e-01  1.6e-05  1.8e+03  1.2e+01
   180  3.22865e-01  1.268e+02  3.099e+00   2.5e-01  1.3e-05  1.8e+03  1.1e+01
   190  3.22259e-01  1.268e+02  2.599e+00   2.5e-01  1.1e-05  1.9e+03  8.0e+00
   200  3.21527e-01  1.268e+02  2.113e+00   2.5e-01  8.6e-06  1.9e+03  1.0e+01
   210  3.20883e-01  1.268e+02  1.768e+00   2.5e-01  7.0e-06  2.0e+03  1.3e+01
   220  3.20339e-01  1.268e+02  1.503e+00   2.5e-01  5.8e-06  2.0e+03  9.6e+00
   230  3.19828e-01  1.268e+02  1.273e+00   2.5e-01  4.8e-06  2.1e+03  1.0e+01
   240  3.19591e-01  1.268e+02  1.113e+00   2.5e-01  4.1e-06  2.1e+03  1.6e+01
   250  3.19549e-01  1.268e+02  9.884e-01   2.5e-01  3.6e-06  2.2e+03  1.6e+01
   260  3.19513e-01  1.268e+02  8.785e-01   2.5e-01  3.1e-06  2.2e+03  1.2e+01
   270  3.19413e-01  1.268e+02  7.714e-01   2.5e-01  2.7e-06  2.3e+03  1.1e+01
   280  3.19275e-01  1.268e+02  6.675e-01   2.5e-01  2.3e-06  2.3e+03  1.1e+01
   290  3.19201e-01  1.268e+02  5.954e-01   2.5e-01  2.0e-06  2.3e+03  1.4e+01
   300  3.19147e-01  1.268e+02  5.292e-01   2.5e-01  1.8e-06  2.4e+03  1.6e+01
   310  3.19046e-01  1.268e+02  4.757e-01   2.5e-01  1.6e-06  2.4e+03  1.6e+01
 
   itn      x(1)       norm r    norm Ar  compatible   LS      norm A   cond A
   320  3.18921e-01  1.268e+02  4.343e-01   2.5e-01  1.4e-06  2.5e+03  1.7e+01
   330  3.18830e-01  1.268e+02  3.986e-01   2.5e-01  1.3e-06  2.5e+03  1.3e+01
   340  3.18734e-01  1.268e+02  3.576e-01   2.5e-01  1.1e-06  2.5e+03  1.2e+01
   350  3.18625e-01  1.268e+02  3.018e-01   2.5e-01  9.3e-07  2.6e+03  1.0e+01
   360  3.18572e-01  1.268e+02  2.592e-01   2.5e-01  7.8e-07  2.6e+03  1.1e+01
   370  3.18519e-01  1.268e+02  2.232e-01   2.5e-01  6.7e-07  2.6e+03  1.3e+01
   380  3.18487e-01  1.268e+02  1.888e-01   2.5e-01  5.6e-07  2.7e+03  9.7e+00
   390  3.18481e-01  1.268e+02  1.464e-01   2.5e-01  4.3e-07  2.7e+03  8.2e+00
   400  3.18476e-01  1.268e+02  1.125e-01   2.5e-01  3.2e-07  2.7e+03  1.0e+01
   410  3.18463e-01  1.268e+02  8.568e-02   2.5e-01  2.4e-07  2.8e+03  9.8e+00
   420  3.18463e-01  1.268e+02  6.757e-02   2.5e-01  1.9e-07  2.8e+03  1.2e+01
   430  3.18477e-01  1.268e+02  5.547e-02   2.5e-01  1.5e-07  2.8e+03  1.0e+01
   440  3.18486e-01  1.268e+02  4.822e-02   2.5e-01  1.3e-07  2.9e+03  1.1e+01
   450  3.18492e-01  1.268e+02  4.303e-02   2.5e-01  1.2e-07  2.9e+03  1.2e+01
   460  3.18497e-01  1.268e+02  3.829e-02   2.5e-01  1.0e-07  2.9e+03  1.1e+01
   470  3.18497e-01  1.268e+02  3.309e-02   2.5e-01  8.8e-08  3.0e+03  1.1e+01
   480  3.18499e-01  1.268e+02  2.803e-02   2.5e-01  7.4e-08  3.0e+03  9.2e+00
   490  3.18501e-01  1.268e+02  2.389e-02   2.5e-01  6.2e-08  3.0e+03  9.6e+00
   500  3.18501e-01  1.268e+02  2.071e-02   2.5e-01  5.3e-08  3.1e+03  1.0e+01
   510  3.18500e-01  1.268e+02  1.806e-02   2.5e-01  4.6e-08  3.1e+03  1.1e+01
 
   itn      x(1)       norm r    norm Ar  compatible   LS      norm A   cond A
   520  3.18499e-01  1.268e+02  1.589e-02   2.5e-01  4.0e-08  3.1e+03  1.1e+01
   530  3.18499e-01  1.268e+02  1.416e-02   2.5e-01  3.5e-08  3.2e+03  1.3e+01
   540  3.18501e-01  1.268e+02  1.217e-02   2.5e-01  3.0e-08  3.2e+03  1.1e+01
   550  3.18503e-01  1.268e+02  1.037e-02   2.5e-01  2.5e-08  3.2e+03  1.1e+01
   560  3.18504e-01  1.268e+02  8.600e-03   2.5e-01  2.1e-08  3.2e+03  9.2e+00
   570  3.18504e-01  1.268e+02  7.150e-03   2.5e-01  1.7e-08  3.3e+03  1.2e+01
   580  3.18505e-01  1.268e+02  6.207e-03   2.5e-01  1.5e-08  3.3e+03  1.3e+01
   590  3.18505e-01  1.268e+02  5.440e-03   2.5e-01  1.3e-08  3.3e+03  1.1e+01
   600  3.18505e-01  1.268e+02  4.757e-03   2.5e-01  1.1e-08  3.4e+03  8.1e+00
   602  3.18506e-01  1.268e+02  4.637e-03   2.5e-01  1.1e-08  3.4e+03  1.0e+01
   603  3.18506e-01  1.268e+02  4.551e-03   2.5e-01  1.1e-08  3.4e+03  1.2e+01
   604  3.18506e-01  1.268e+02  4.494e-03   2.5e-01  1.1e-08  3.4e+03  1.1e+01
   605  3.18506e-01  1.268e+02  4.427e-03   2.5e-01  1.0e-08  3.4e+03  9.5e+00
   606  3.18506e-01  1.268e+02  4.347e-03   2.5e-01  1.0e-08  3.4e+03  1.4e+01
   607  3.18506e-01  1.268e+02  4.252e-03   2.5e-01  9.9e-09  3.4e+03  8.0e+00
 
LSMR finished
The least-squares solution is good enough, given atol     
istop =       2    normr = 1.3e+02
    normA = 3.4e+03    normAr = 4.3e-03
itn   =     607    condA = 8.0e+00
    normx = 7.2e+00
   607  3.18506e-01   1.268e+02  4.252e-03
   2.5e-01  9.9e-09   3.4e+03  8.0e+00
loss = 16076.616957850925
