OS                           : Linux-5.14.21-150400.24.81_12.0.87-cray_shasta_c-x86_64-with-glibc2.31
Python Version               : 3.9.15
CuPy Version                 : 13.0.0
CuPy Platform                : NVIDIA CUDA
NumPy Version                : 1.23.5
SciPy Version                : 1.9.3
Cython Build Version         : 0.29.36
Cython Runtime Version       : None
CUDA Root                    : /opt/nvidia/hpc_sdk/Linux_x86_64/23.9/cuda/12.2
nvcc PATH                    : /opt/nvidia/hpc_sdk/Linux_x86_64/23.9/cuda/12.2/bin/nvcc
CUDA Build Version           : 12020
CUDA Driver Version          : 12020
CUDA Runtime Version         : 12020 (linked to CuPy) / 12020 (locally installed)
cuBLAS Version               : (available)
cuFFT Version                : 11008
cuRAND Version               : 10303
cuSOLVER Version             : (11, 5, 0)
cuSPARSE Version             : (available)
NVRTC Version                : (12, 2)
Thrust Version               : 200200
CUB Build Version            : 200200
Jitify Build Version         : <unknown>
cuDNN Build Version          : 8801
cuDNN Version                : 8903
NCCL Build Version           : None
NCCL Runtime Version         : None
cuTENSOR Version             : None
cuSPARSELt Build Version     : None
Device 0 Name                : NVIDIA A100-SXM4-40GB
Device 0 Compute Capability  : 80
Device 0 PCI Bus ID          : 0000:C1:00.0
None
nprime = 66
npripri = 55
Sizes of ptrain and pdot:
[(80000, 11, 11), (80000, 11, 11)]
Loss at truetheta:
1.0782232299022057e-18
len(theta) = 14641
len(jac) = 9680000
 
LSMR            Least-squares solution of  Ax = b

The matrix A has 19360000 rows and 14641 columns
damp = 0.00000000000000e+00

atol = 1.00e-08                 conlim = 1.00e+08

btol = 1.00e-08             maxiter =   100000

 
   itn      x(1)       norm r    norm Ar  compatible   LS      norm A   cond A
     0  0.00000e+00  3.349e+02  8.916e+04   1.0e+00  7.9e-01
     1  8.56196e-03  1.359e+02  3.054e+04   4.1e-01  7.8e-01  2.9e+02  1.0e+00
     2  1.37596e-02  6.409e+01  1.161e+04   1.9e-01  4.3e-01  4.2e+02  1.2e+00
     3  1.54466e-02  4.390e+01  3.983e+03   1.3e-01  1.8e-01  5.2e+02  1.2e+00
     4  1.51151e-02  4.075e+01  2.701e+03   1.2e-01  1.1e-01  5.8e+02  1.4e+00
     5  1.38760e-02  3.737e+01  2.073e+03   1.1e-01  8.6e-02  6.5e+02  2.1e+00
     6  1.16357e-02  3.370e+01  1.614e+03   1.0e-01  6.8e-02  7.0e+02  2.5e+00
     7  9.23309e-03  3.083e+01  1.257e+03   9.2e-02  5.4e-02  7.5e+02  2.3e+00
     8  7.42374e-03  2.906e+01  1.032e+03   8.7e-02  4.4e-02  8.0e+02  2.3e+00
     9  6.20529e-03  2.785e+01  9.185e+02   8.3e-02  3.9e-02  8.4e+02  3.0e+00
    10  4.92726e-03  2.657e+01  8.309e+02   7.9e-02  3.5e-02  8.9e+02  3.3e+00
    20 -2.54901e-03  1.226e+01  2.916e+02   3.7e-02  1.9e-02  1.2e+03  3.5e+00
    30 -7.09019e-04  6.638e+00  1.301e+02   2.0e-02  1.3e-02  1.5e+03  4.8e+00
    40 -1.63519e-03  3.825e+00  6.173e+01   1.1e-02  9.3e-03  1.7e+03  3.8e+00
    50 -5.09433e-04  2.380e+00  3.106e+01   7.1e-03  6.8e-03  1.9e+03  5.5e+00
    60  6.34983e-04  1.650e+00  1.610e+01   4.9e-03  4.7e-03  2.1e+03  5.6e+00
    70  1.72124e-03  1.340e+00  8.549e+00   4.0e-03  2.9e-03  2.2e+03  6.3e+00
    80  2.28745e-03  1.236e+00  5.475e+00   3.7e-03  1.9e-03  2.4e+03  6.9e+00
    90  2.81362e-03  1.172e+00  4.106e+00   3.5e-03  1.4e-03  2.5e+03  1.3e+01
   100  3.24404e-03  1.131e+00  3.696e+00   3.4e-03  1.2e-03  2.7e+03  1.5e+01
   110  3.87758e-03  1.068e+00  3.407e+00   3.2e-03  1.2e-03  2.8e+03  1.4e+01
 
   itn      x(1)       norm r    norm Ar  compatible   LS      norm A   cond A
   120  4.99833e-03  9.572e-01  3.117e+00   2.9e-03  1.1e-03  2.9e+03  1.1e+01
   130  6.94001e-03  7.764e-01  2.711e+00   2.3e-03  1.2e-03  3.0e+03  1.3e+01
   140  9.88304e-03  5.216e-01  2.070e+00   1.6e-03  1.3e-03  3.1e+03  9.2e+00
   150  1.23329e-02  3.427e-01  1.420e+00   1.0e-03  1.3e-03  3.2e+03  5.4e+00
   160  1.35646e-02  2.760e-01  9.921e-01   8.2e-04  1.1e-03  3.3e+03  6.5e+00
   170  1.41734e-02  2.501e-01  7.507e-01   7.5e-04  8.8e-04  3.4e+03  9.0e+00
   180  1.44112e-02  2.387e-01  6.831e-01   7.1e-04  8.2e-04  3.5e+03  2.5e+01
   190  1.46309e-02  2.264e-01  6.485e-01   6.8e-04  8.0e-04  3.6e+03  2.9e+01
   200  1.50958e-02  1.996e-01  5.962e-01   6.0e-04  8.1e-04  3.7e+03  1.5e+01
   210  1.61815e-02  1.366e-01  4.769e-01   4.1e-04  9.2e-04  3.8e+03  1.0e+01
   220  1.73466e-02  7.252e-02  3.163e-01   2.2e-04  1.1e-03  3.9e+03  5.0e+00
   230  1.79452e-02  4.552e-02  1.958e-01   1.4e-04  1.1e-03  4.0e+03  6.8e+00
   240  1.81533e-02  3.857e-02  1.361e-01   1.2e-04  8.7e-04  4.0e+03  5.5e+00
   250  1.82127e-02  3.618e-02  1.151e-01   1.1e-04  7.7e-04  4.1e+03  9.0e+00
   260  1.82313e-02  3.422e-02  1.061e-01   1.0e-04  7.3e-04  4.2e+03  8.9e+00
   270  1.82365e-02  3.149e-02  9.913e-02   9.4e-05  7.3e-04  4.3e+03  2.3e+01
   280  1.82356e-02  2.653e-02  8.877e-02   7.9e-05  7.6e-04  4.4e+03  1.5e+01
   290  1.82227e-02  1.684e-02  6.684e-02   5.0e-05  8.9e-04  4.5e+03  9.9e+00
   300  1.82053e-02  9.583e-03  4.257e-02   2.9e-05  9.8e-04  4.5e+03  6.3e+00
   310  1.81967e-02  7.359e-03  2.827e-02   2.2e-05  8.4e-04  4.6e+03  8.1e+00
 
   itn      x(1)       norm r    norm Ar  compatible   LS      norm A   cond A
   320  1.81939e-02  6.751e-03  2.192e-02   2.0e-05  7.0e-04  4.7e+03  1.0e+01
   330  1.81932e-02  6.419e-03  1.891e-02   1.9e-05  6.2e-04  4.8e+03  1.6e+01
   340  1.81929e-02  6.134e-03  1.760e-02   1.8e-05  6.0e-04  4.8e+03  1.1e+01
   350  1.81921e-02  5.598e-03  1.633e-02   1.7e-05  6.0e-04  4.9e+03  1.4e+01
   360  1.81911e-02  4.543e-03  1.433e-02   1.4e-05  6.4e-04  5.0e+03  6.9e+00
   370  1.81897e-02  3.144e-03  1.140e-02   9.4e-06  7.2e-04  5.0e+03  8.4e+00
   380  1.81886e-02  1.727e-03  7.070e-03   5.2e-06  8.0e-04  5.1e+03  6.1e+00
   390  1.81889e-02  1.330e-03  4.720e-03   4.0e-06  6.9e-04  5.2e+03  8.9e+00
   400  1.81897e-02  1.224e-03  3.947e-03   3.7e-06  6.2e-04  5.2e+03  1.2e+01
   410  1.81909e-02  1.143e-03  3.569e-03   3.4e-06  5.9e-04  5.3e+03  1.2e+01
   420  1.81925e-02  1.056e-03  3.336e-03   3.2e-06  5.9e-04  5.3e+03  1.7e+01
   430  1.81964e-02  8.652e-04  2.932e-03   2.6e-06  6.3e-04  5.4e+03  1.4e+01
   440  1.82018e-02  6.158e-04  2.387e-03   1.8e-06  7.1e-04  5.5e+03  8.2e+00
   450  1.82093e-02  3.050e-04  1.464e-03   9.1e-07  8.7e-04  5.5e+03  1.2e+01
   460  1.82125e-02  2.064e-04  8.877e-04   6.2e-07  7.7e-04  5.6e+03  8.9e+00
   470  1.82135e-02  1.841e-04  6.560e-04   5.5e-07  6.3e-04  5.7e+03  9.3e+00
   480  1.82140e-02  1.728e-04  5.565e-04   5.2e-07  5.6e-04  5.7e+03  1.6e+01
   490  1.82144e-02  1.620e-04  5.120e-04   4.8e-07  5.5e-04  5.8e+03  1.4e+01
   500  1.82152e-02  1.400e-04  4.604e-04   4.2e-07  5.6e-04  5.8e+03  1.1e+01
   503  1.82156e-02  1.278e-04  4.348e-04   3.8e-07  5.8e-04  5.9e+03  1.1e+01
 
   itn      x(1)       norm r    norm Ar  compatible   LS      norm A   cond A
   504  1.82156e-02  1.260e-04  4.309e-04   3.8e-07  5.8e-04  5.9e+03  8.8e+00
   505  1.82157e-02  1.238e-04  4.261e-04   3.7e-07  5.9e-04  5.9e+03  1.6e+01
   506  1.82158e-02  1.217e-04  4.217e-04   3.6e-07  5.9e-04  5.9e+03  1.1e+01
   507  1.82161e-02  1.129e-04  4.029e-04   3.4e-07  6.1e-04  5.9e+03  1.0e+01
 
LSMR finished
Ax - b is small enough, given atol, btol                  
istop =       1    normr = 1.1e-04
    normA = 5.9e+03    normAr = 4.0e-04
itn   =     507    condA = 1.0e+01
    normx = 2.0e+00
   507  1.82161e-02   1.129e-04  4.029e-04
   3.4e-07  6.1e-04   5.9e+03  1.0e+01
loss = 1.2751870580225136e-08
