OS                           : Linux-5.14.21-150400.24.81_12.0.86-cray_shasta_c-x86_64-with-glibc2.31
Python Version               : 3.9.15
CuPy Version                 : 12.1.0
CuPy Platform                : NVIDIA CUDA
NumPy Version                : 1.23.5
SciPy Version                : 1.9.3
Cython Build Version         : 0.29.32
Cython Runtime Version       : None
CUDA Root                    : /opt/nvidia/hpc_sdk/Linux_x86_64/22.7/cuda/11.7
nvcc PATH                    : /opt/nvidia/hpc_sdk/Linux_x86_64/22.7/cuda/11.7/bin/nvcc
CUDA Build Version           : 11080
CUDA Driver Version          : 12000
CUDA Runtime Version         : 11070
cuBLAS Version               : (available)
cuFFT Version                : 10702
cuRAND Version               : 10210
cuSOLVER Version             : (11, 3, 5)
cuSPARSE Version             : (available)
NVRTC Version                : (11, 7)
Thrust Version               : 101501
CUB Build Version            : 101501
Jitify Build Version         : 4a37de0
cuDNN Build Version          : 8801
cuDNN Version                : 8302
NCCL Build Version           : 21602
NCCL Runtime Version         : 21505
cuTENSOR Version             : 10500
cuSPARSELt Build Version     : None
Device 0 Name                : NVIDIA A100-SXM4-40GB
Device 0 Compute Capability  : 80
Device 0 PCI Bus ID          : 0000:82:00.0
None
nprime = 435
npripri = 406
Sizes of ptrain and pdot:
[(40000, 29, 29), (40000, 29, 29)]
Loss at truetheta:
267559.2903615105
len(theta) = 707281
len(jac) = 33640000
 
LSMR            Least-squares solution of  Ax = b

The matrix A has 67280000 rows and 707281 columns
damp = 0.00000000000000e+00

atol = 1.00e-08                 conlim = 1.00e+08

btol = 1.00e-08             maxiter =   100000

 
   itn      x(1)       norm r    norm Ar  compatible   LS      norm A   cond A
     0  0.00000e+00  8.712e+02  1.997e+05   1.0e+00  2.6e-01
     1  7.98285e-02  2.800e+02  5.293e+04   3.2e-01  7.8e-01  2.4e+02  1.0e+00
     2  1.25588e-01  1.382e+02  2.439e+04   1.6e-01  5.2e-01  3.4e+02  1.1e+00
     3  1.56932e-01  6.663e+01  5.259e+03   7.6e-02  1.8e-01  4.4e+02  1.1e+00
     4  1.58488e-01  6.232e+01  2.508e+03   7.2e-02  8.1e-02  5.0e+02  1.1e+00
     5  1.57962e-01  5.997e+01  1.893e+03   6.9e-02  6.0e-02  5.3e+02  2.0e+00
     6  1.57407e-01  5.802e+01  1.502e+03   6.7e-02  4.5e-02  5.8e+02  2.1e+00
     7  1.57224e-01  5.633e+01  1.275e+03   6.5e-02  3.6e-02  6.2e+02  2.7e+00
     8  1.57208e-01  5.498e+01  1.156e+03   6.3e-02  3.2e-02  6.6e+02  3.2e+00
     9  1.56963e-01  5.309e+01  1.056e+03   6.1e-02  2.9e-02  6.9e+02  4.2e+00
    10  1.56265e-01  5.083e+01  9.426e+02   5.8e-02  2.5e-02  7.3e+02  3.2e+00
    20  1.42660e-01  3.459e+01  4.545e+02   4.0e-02  1.3e-02  1.0e+03  5.1e+00
    30  1.28255e-01  2.371e+01  2.481e+02   2.7e-02  8.4e-03  1.2e+03  5.2e+00
    40  1.19595e-01  1.813e+01  1.535e+02   2.1e-02  5.9e-03  1.4e+03  5.6e+00
    50  1.12514e-01  1.419e+01  9.981e+01   1.6e-02  4.4e-03  1.6e+03  6.1e+00
    60  1.09037e-01  1.162e+01  6.839e+01   1.3e-02  3.4e-03  1.7e+03  5.8e+00
    70  1.07779e-01  9.807e+00  4.916e+01   1.1e-02  2.7e-03  1.9e+03  8.8e+00
    80  1.07329e-01  8.577e+00  3.673e+01   9.8e-03  2.1e-03  2.0e+03  1.1e+01
    90  1.07155e-01  7.627e+00  2.809e+01   8.8e-03  1.7e-03  2.1e+03  1.2e+01
   100  1.06801e-01  6.911e+00  2.194e+01   7.9e-03  1.4e-03  2.2e+03  8.9e+00
   110  1.06146e-01  6.393e+00  1.753e+01   7.3e-03  1.2e-03  2.3e+03  7.2e+00
 
   itn      x(1)       norm r    norm Ar  compatible   LS      norm A   cond A
   120  1.05288e-01  5.982e+00  1.410e+01   6.9e-03  9.7e-04  2.4e+03  6.6e+00
   130  1.04213e-01  5.674e+00  1.141e+01   6.5e-03  8.0e-04  2.5e+03  7.1e+00
   140  1.03066e-01  5.457e+00  9.489e+00   6.3e-03  6.7e-04  2.6e+03  9.3e+00
   150  1.01705e-01  5.280e+00  7.866e+00   6.1e-03  5.5e-04  2.7e+03  7.6e+00
   160  1.00352e-01  5.156e+00  6.698e+00   5.9e-03  4.7e-04  2.8e+03  1.1e+01
   170  9.87370e-02  5.048e+00  5.656e+00   5.8e-03  3.9e-04  2.9e+03  7.9e+00
   180  9.73264e-02  4.975e+00  4.952e+00   5.7e-03  3.4e-04  3.0e+03  9.0e+00
   190  9.57789e-02  4.912e+00  4.335e+00   5.6e-03  2.9e-04  3.0e+03  1.2e+01
   200  9.42510e-02  4.861e+00  3.835e+00   5.6e-03  2.5e-04  3.1e+03  8.5e+00
   210  9.27611e-02  4.819e+00  3.434e+00   5.5e-03  2.2e-04  3.2e+03  1.2e+01
   220  9.12412e-02  4.783e+00  3.099e+00   5.5e-03  2.0e-04  3.3e+03  1.7e+01
   230  8.98222e-02  4.753e+00  2.844e+00   5.5e-03  1.8e-04  3.4e+03  1.3e+01
   240  8.84469e-02  4.726e+00  2.641e+00   5.4e-03  1.6e-04  3.4e+03  2.0e+01
   250  8.68755e-02  4.699e+00  2.455e+00   5.4e-03  1.5e-04  3.5e+03  1.3e+01
   260  8.55577e-02  4.677e+00  2.333e+00   5.4e-03  1.4e-04  3.6e+03  1.6e+01
   270  8.42950e-02  4.658e+00  2.238e+00   5.3e-03  1.3e-04  3.6e+03  2.2e+01
   280  8.29244e-02  4.636e+00  2.157e+00   5.3e-03  1.3e-04  3.7e+03  2.4e+01
   290  8.17398e-02  4.618e+00  2.101e+00   5.3e-03  1.2e-04  3.8e+03  2.7e+01
   300  8.04384e-02  4.597e+00  2.054e+00   5.3e-03  1.2e-04  3.8e+03  3.0e+01
   310  7.93280e-02  4.579e+00  2.022e+00   5.3e-03  1.1e-04  3.9e+03  2.9e+01
 
   itn      x(1)       norm r    norm Ar  compatible   LS      norm A   cond A
   320  7.82581e-02  4.562e+00  1.998e+00   5.2e-03  1.1e-04  3.9e+03  3.1e+01
   330  7.69800e-02  4.540e+00  1.975e+00   5.2e-03  1.1e-04  4.0e+03  6.7e+01
   340  7.57999e-02  4.520e+00  1.958e+00   5.2e-03  1.1e-04  4.1e+03  4.7e+01
   350  7.45010e-02  4.498e+00  1.942e+00   5.2e-03  1.0e-04  4.1e+03  2.7e+01
   360  7.32128e-02  4.475e+00  1.929e+00   5.1e-03  1.0e-04  4.2e+03  5.5e+01
   370  7.16094e-02  4.446e+00  1.916e+00   5.1e-03  1.0e-04  4.2e+03  4.5e+01
   380  6.97565e-02  4.412e+00  1.902e+00   5.1e-03  1.0e-04  4.3e+03  5.1e+01
   390  6.78419e-02  4.376e+00  1.889e+00   5.0e-03  9.9e-05  4.4e+03  7.1e+01
   400  6.52158e-02  4.326e+00  1.873e+00   5.0e-03  9.8e-05  4.4e+03  4.3e+01
   410  6.20949e-02  4.266e+00  1.855e+00   4.9e-03  9.7e-05  4.5e+03  4.0e+01
   420  5.87695e-02  4.201e+00  1.836e+00   4.8e-03  9.7e-05  4.5e+03  4.6e+01
   430  5.38050e-02  4.104e+00  1.810e+00   4.7e-03  9.6e-05  4.6e+03  2.5e+01
   440  4.78529e-02  3.986e+00  1.779e+00   4.6e-03  9.7e-05  4.6e+03  2.1e+01
   450  4.08872e-02  3.847e+00  1.742e+00   4.4e-03  9.7e-05  4.7e+03  3.8e+01
   460  3.21488e-02  3.672e+00  1.697e+00   4.2e-03  9.8e-05  4.7e+03  2.3e+01
   470  2.15399e-02  3.459e+00  1.640e+00   4.0e-03  9.9e-05  4.8e+03  2.4e+01
   480  9.32538e-03  3.213e+00  1.573e+00   3.7e-03  1.0e-04  4.8e+03  2.4e+01
   490 -5.21246e-03  2.919e+00  1.490e+00   3.4e-03  1.0e-04  4.9e+03  2.1e+01
   500 -2.04844e-02  2.612e+00  1.398e+00   3.0e-03  1.1e-04  4.9e+03  1.8e+01
   510 -3.71696e-02  2.278e+00  1.290e+00   2.6e-03  1.1e-04  5.0e+03  8.9e+00
 
   itn      x(1)       norm r    norm Ar  compatible   LS      norm A   cond A
   520 -5.05937e-02  2.012e+00  1.196e+00   2.3e-03  1.2e-04  5.0e+03  1.3e+01
   530 -6.73396e-02  1.687e+00  1.066e+00   1.9e-03  1.2e-04  5.1e+03  1.1e+01
   540 -7.85341e-02  1.476e+00  9.694e-01   1.7e-03  1.3e-04  5.1e+03  1.2e+01
   550 -8.70676e-02  1.321e+00  8.877e-01   1.5e-03  1.3e-04  5.2e+03  1.5e+01
   560 -9.46747e-02  1.188e+00  8.070e-01   1.4e-03  1.3e-04  5.2e+03  1.1e+01
   570 -1.00564e-01  1.090e+00  7.371e-01   1.3e-03  1.3e-04  5.3e+03  1.9e+01
   580 -1.05299e-01  1.013e+00  6.739e-01   1.2e-03  1.3e-04  5.3e+03  1.1e+01
   590 -1.08625e-01  9.605e-01  6.235e-01   1.1e-03  1.2e-04  5.4e+03  1.4e+01
   600 -1.10833e-01  9.243e-01  5.853e-01   1.1e-03  1.2e-04  5.4e+03  1.7e+01
   610 -1.12429e-01  8.960e-01  5.533e-01   1.0e-03  1.1e-04  5.4e+03  1.5e+01
   620 -1.13347e-01  8.769e-01  5.312e-01   1.0e-03  1.1e-04  5.5e+03  1.6e+01
   630 -1.13994e-01  8.596e-01  5.115e-01   9.9e-04  1.1e-04  5.5e+03  3.0e+01
   640 -1.14336e-01  8.459e-01  4.963e-01   9.7e-04  1.1e-04  5.6e+03  2.6e+01
   650 -1.14472e-01  8.337e-01  4.839e-01   9.6e-04  1.0e-04  5.6e+03  3.6e+01
   660 -1.14448e-01  8.231e-01  4.740e-01   9.4e-04  1.0e-04  5.7e+03  3.4e+01
   670 -1.14295e-01  8.125e-01  4.651e-01   9.3e-04  1.0e-04  5.7e+03  2.9e+01
   680 -1.14026e-01  8.022e-01  4.573e-01   9.2e-04  9.9e-05  5.7e+03  4.6e+01
   690 -1.13592e-01  7.903e-01  4.494e-01   9.1e-04  9.8e-05  5.8e+03  3.9e+01
   700 -1.13059e-01  7.786e-01  4.424e-01   8.9e-04  9.8e-05  5.8e+03  4.3e+01
   710 -1.12357e-01  7.653e-01  4.353e-01   8.8e-04  9.7e-05  5.9e+03  3.1e+01
 
   itn      x(1)       norm r    norm Ar  compatible   LS      norm A   cond A
   720 -1.11496e-01  7.506e-01  4.281e-01   8.6e-04  9.6e-05  5.9e+03  2.7e+01
   730 -1.10515e-01  7.351e-01  4.211e-01   8.4e-04  9.6e-05  6.0e+03  2.7e+01
   740 -1.09139e-01  7.148e-01  4.123e-01   8.2e-04  9.6e-05  6.0e+03  2.0e+01
   750 -1.07608e-01  6.932e-01  4.034e-01   8.0e-04  9.6e-05  6.0e+03  1.8e+01
   760 -1.05961e-01  6.709e-01  3.945e-01   7.7e-04  9.7e-05  6.1e+03  2.4e+01
   770 -1.03712e-01  6.415e-01  3.829e-01   7.4e-04  9.8e-05  6.1e+03  3.2e+01
   780 -1.01208e-01  6.098e-01  3.704e-01   7.0e-04  9.9e-05  6.2e+03  2.4e+01
   790 -9.85696e-02  5.773e-01  3.574e-01   6.6e-04  1.0e-04  6.2e+03  3.2e+01
   800 -9.56797e-02  5.426e-01  3.434e-01   6.2e-04  1.0e-04  6.2e+03  2.6e+01
   810 -9.21379e-02  5.012e-01  3.260e-01   5.8e-04  1.0e-04  6.3e+03  1.6e+01
   820 -8.86739e-02  4.618e-01  3.088e-01   5.3e-04  1.1e-04  6.3e+03  1.1e+01
   830 -8.46434e-02  4.174e-01  2.881e-01   4.8e-04  1.1e-04  6.3e+03  2.2e+01
   840 -8.16068e-02  3.851e-01  2.720e-01   4.4e-04  1.1e-04  6.4e+03  2.2e+01
   850 -7.82501e-02  3.507e-01  2.535e-01   4.0e-04  1.1e-04  6.4e+03  1.8e+01
   860 -7.44087e-02  3.132e-01  2.310e-01   3.6e-04  1.1e-04  6.5e+03  9.9e+00
   870 -7.17411e-02  2.887e-01  2.145e-01   3.3e-04  1.1e-04  6.5e+03  2.6e+01
   880 -6.88418e-02  2.637e-01  1.953e-01   3.0e-04  1.1e-04  6.5e+03  1.5e+01
   890 -6.63876e-02  2.441e-01  1.781e-01   2.8e-04  1.1e-04  6.6e+03  1.4e+01
   900 -6.47638e-02  2.320e-01  1.660e-01   2.7e-04  1.1e-04  6.6e+03  1.8e+01
   910 -6.32288e-02  2.213e-01  1.540e-01   2.5e-04  1.0e-04  6.6e+03  2.0e+01
 
   itn      x(1)       norm r    norm Ar  compatible   LS      norm A   cond A
   920 -6.21273e-02  2.140e-01  1.451e-01   2.5e-04  1.0e-04  6.7e+03  2.0e+01
   930 -6.12447e-02  2.084e-01  1.378e-01   2.4e-04  9.8e-05  6.7e+03  2.9e+01
   940 -6.04344e-02  2.033e-01  1.311e-01   2.3e-04  9.5e-05  6.8e+03  2.0e+01
   950 -5.97861e-02  1.992e-01  1.257e-01   2.3e-04  9.3e-05  6.8e+03  2.0e+01
   960 -5.93362e-02  1.963e-01  1.221e-01   2.3e-04  9.1e-05  6.8e+03  2.2e+01
   970 -5.88619e-02  1.931e-01  1.184e-01   2.2e-04  8.9e-05  6.9e+03  2.8e+01
   980 -5.84257e-02  1.902e-01  1.151e-01   2.2e-04  8.8e-05  6.9e+03  2.0e+01
   990 -5.81059e-02  1.879e-01  1.129e-01   2.2e-04  8.7e-05  6.9e+03  3.0e+01
  1000 -5.77259e-02  1.851e-01  1.104e-01   2.1e-04  8.6e-05  7.0e+03  3.1e+01
  1010 -5.74132e-02  1.827e-01  1.085e-01   2.1e-04  8.5e-05  7.0e+03  2.4e+01
  1020 -5.70283e-02  1.796e-01  1.063e-01   2.1e-04  8.4e-05  7.0e+03  2.5e+01
  1030 -5.66811e-02  1.768e-01  1.045e-01   2.0e-04  8.4e-05  7.1e+03  2.5e+01
  1040 -5.62746e-02  1.734e-01  1.025e-01   2.0e-04  8.3e-05  7.1e+03  3.1e+01
  1050 -5.58186e-02  1.696e-01  1.003e-01   1.9e-04  8.3e-05  7.1e+03  2.9e+01
  1060 -5.53428e-02  1.655e-01  9.818e-02   1.9e-04  8.3e-05  7.2e+03  3.4e+01
  1070 -5.47458e-02  1.604e-01  9.556e-02   1.8e-04  8.3e-05  7.2e+03  2.1e+01
  1080 -5.41366e-02  1.552e-01  9.293e-02   1.8e-04  8.3e-05  7.2e+03  2.5e+01
  1090 -5.33949e-02  1.489e-01  8.977e-02   1.7e-04  8.3e-05  7.3e+03  2.0e+01
  1100 -5.26720e-02  1.428e-01  8.669e-02   1.6e-04  8.3e-05  7.3e+03  2.3e+01
  1110 -5.18559e-02  1.360e-01  8.317e-02   1.6e-04  8.3e-05  7.3e+03  2.8e+01
 
   itn      x(1)       norm r    norm Ar  compatible   LS      norm A   cond A
  1120 -5.07774e-02  1.272e-01  7.842e-02   1.5e-04  8.4e-05  7.4e+03  1.0e+01
  1130 -4.98584e-02  1.199e-01  7.425e-02   1.4e-04  8.4e-05  7.4e+03  2.1e+01
  1140 -4.89081e-02  1.127e-01  6.975e-02   1.3e-04  8.3e-05  7.4e+03  1.3e+01
  1150 -4.79558e-02  1.058e-01  6.503e-02   1.2e-04  8.2e-05  7.5e+03  1.9e+01
  1160 -4.71934e-02  1.005e-01  6.105e-02   1.2e-04  8.1e-05  7.5e+03  2.2e+01
  1170 -4.64744e-02  9.585e-02  5.711e-02   1.1e-04  7.9e-05  7.5e+03  1.5e+01
  1180 -4.57152e-02  9.123e-02  5.270e-02   1.0e-04  7.6e-05  7.6e+03  1.1e+01
  1190 -4.51834e-02  8.820e-02  4.943e-02   1.0e-04  7.4e-05  7.6e+03  1.6e+01
  1200 -4.47326e-02  8.577e-02  4.653e-02   9.8e-05  7.1e-05  7.6e+03  2.1e+01
  1210 -4.43728e-02  8.390e-02  4.412e-02   9.6e-05  6.9e-05  7.7e+03  2.4e+01
  1220 -4.40311e-02  8.217e-02  4.175e-02   9.4e-05  6.6e-05  7.7e+03  1.5e+01
  1230 -4.37499e-02  8.075e-02  3.973e-02   9.3e-05  6.4e-05  7.7e+03  1.9e+01
  1240 -4.35844e-02  7.989e-02  3.852e-02   9.2e-05  6.2e-05  7.8e+03  2.9e+01
  1250 -4.34456e-02  7.913e-02  3.751e-02   9.1e-05  6.1e-05  7.8e+03  1.9e+01
  1260 -4.33472e-02  7.855e-02  3.678e-02   9.0e-05  6.0e-05  7.8e+03  3.5e+01
  1270 -4.32430e-02  7.788e-02  3.603e-02   8.9e-05  5.9e-05  7.8e+03  2.7e+01
  1280 -4.31674e-02  7.733e-02  3.549e-02   8.9e-05  5.8e-05  7.9e+03  3.5e+01
  1290 -4.31066e-02  7.682e-02  3.507e-02   8.8e-05  5.8e-05  7.9e+03  4.7e+01
  1300 -4.30464e-02  7.625e-02  3.467e-02   8.8e-05  5.7e-05  7.9e+03  3.6e+01
  1310 -4.29971e-02  7.573e-02  3.435e-02   8.7e-05  5.7e-05  8.0e+03  5.0e+01
 
   itn      x(1)       norm r    norm Ar  compatible   LS      norm A   cond A
  1320 -4.29478e-02  7.513e-02  3.404e-02   8.6e-05  5.7e-05  8.0e+03  4.8e+01
  1330 -4.28988e-02  7.448e-02  3.373e-02   8.5e-05  5.6e-05  8.0e+03  6.5e+01
  1340 -4.28459e-02  7.371e-02  3.342e-02   8.5e-05  5.6e-05  8.1e+03  4.0e+01
  1350 -4.27923e-02  7.286e-02  3.310e-02   8.4e-05  5.6e-05  8.1e+03  3.6e+01
  1360 -4.27145e-02  7.155e-02  3.264e-02   8.2e-05  5.6e-05  8.1e+03  2.5e+01
  1370 -4.26381e-02  7.020e-02  3.219e-02   8.1e-05  5.6e-05  8.1e+03  2.9e+01
  1380 -4.25535e-02  6.864e-02  3.169e-02   7.9e-05  5.6e-05  8.2e+03  4.3e+01
  1390 -4.24455e-02  6.658e-02  3.105e-02   7.6e-05  5.7e-05  8.2e+03  3.2e+01
  1400 -4.22981e-02  6.371e-02  3.016e-02   7.3e-05  5.7e-05  8.2e+03  2.3e+01
  1410 -4.21575e-02  6.091e-02  2.929e-02   7.0e-05  5.8e-05  8.3e+03  1.3e+01
  1420 -4.20123e-02  5.799e-02  2.836e-02   6.7e-05  5.9e-05  8.3e+03  2.0e+01
  1430 -4.18500e-02  5.470e-02  2.729e-02   6.3e-05  6.0e-05  8.3e+03  1.9e+01
  1440 -4.16726e-02  5.109e-02  2.606e-02   5.9e-05  6.1e-05  8.4e+03  1.4e+01
  1450 -4.14726e-02  4.704e-02  2.461e-02   5.4e-05  6.2e-05  8.4e+03  1.4e+01
  1460 -4.13081e-02  4.373e-02  2.334e-02   5.0e-05  6.3e-05  8.4e+03  2.2e+01
  1470 -4.11355e-02  4.030e-02  2.193e-02   4.6e-05  6.4e-05  8.4e+03  1.2e+01
  1480 -4.09900e-02  3.745e-02  2.066e-02   4.3e-05  6.5e-05  8.5e+03  1.7e+01
  1490 -4.08697e-02  3.514e-02  1.953e-02   4.0e-05  6.5e-05  8.5e+03  3.0e+01
  1500 -4.07421e-02  3.272e-02  1.825e-02   3.8e-05  6.5e-05  8.5e+03  2.4e+01
  1510 -4.06446e-02  3.091e-02  1.719e-02   3.5e-05  6.5e-05  8.6e+03  2.1e+01
 
   itn      x(1)       norm r    norm Ar  compatible   LS      norm A   cond A
  1520 -4.05627e-02  2.940e-02  1.622e-02   3.4e-05  6.4e-05  8.6e+03  1.6e+01
  1530 -4.04981e-02  2.820e-02  1.540e-02   3.2e-05  6.3e-05  8.6e+03  2.5e+01
  1540 -4.04408e-02  2.712e-02  1.460e-02   3.1e-05  6.2e-05  8.6e+03  1.5e+01
  1550 -4.04033e-02  2.638e-02  1.403e-02   3.0e-05  6.1e-05  8.7e+03  1.6e+01
  1560 -4.03785e-02  2.586e-02  1.361e-02   3.0e-05  6.1e-05  8.7e+03  2.8e+01
  1570 -4.03543e-02  2.529e-02  1.316e-02   2.9e-05  6.0e-05  8.7e+03  1.7e+01
  1580 -4.03404e-02  2.489e-02  1.286e-02   2.9e-05  5.9e-05  8.8e+03  2.6e+01
  1590 -4.03296e-02  2.450e-02  1.257e-02   2.8e-05  5.8e-05  8.8e+03  2.3e+01
  1600 -4.03235e-02  2.420e-02  1.236e-02   2.8e-05  5.8e-05  8.8e+03  3.4e+01
  1610 -4.03198e-02  2.387e-02  1.215e-02   2.7e-05  5.8e-05  8.8e+03  4.2e+01
  1620 -4.03189e-02  2.354e-02  1.196e-02   2.7e-05  5.7e-05  8.9e+03  6.1e+01
  1630 -4.03205e-02  2.324e-02  1.181e-02   2.7e-05  5.7e-05  8.9e+03  4.3e+01
  1640 -4.03243e-02  2.291e-02  1.166e-02   2.6e-05  5.7e-05  8.9e+03  2.5e+01
  1650 -4.03305e-02  2.256e-02  1.150e-02   2.6e-05  5.7e-05  8.9e+03  3.8e+01
  1660 -4.03386e-02  2.220e-02  1.136e-02   2.5e-05  5.7e-05  9.0e+03  4.0e+01
  1670 -4.03492e-02  2.178e-02  1.121e-02   2.5e-05  5.7e-05  9.0e+03  3.7e+01
  1680 -4.03649e-02  2.124e-02  1.102e-02   2.4e-05  5.8e-05  9.0e+03  2.6e+01
  1690 -4.03840e-02  2.064e-02  1.082e-02   2.4e-05  5.8e-05  9.0e+03  2.4e+01
  1700 -4.04075e-02  1.994e-02  1.059e-02   2.3e-05  5.9e-05  9.1e+03  4.1e+01
  1710 -4.04367e-02  1.911e-02  1.032e-02   2.2e-05  5.9e-05  9.1e+03  2.6e+01
 
   itn      x(1)       norm r    norm Ar  compatible   LS      norm A   cond A
  1720 -4.04781e-02  1.798e-02  9.958e-03   2.1e-05  6.1e-05  9.1e+03  1.9e+01
  1730 -4.05275e-02  1.669e-02  9.529e-03   1.9e-05  6.2e-05  9.2e+03  1.6e+01
  1740 -4.05901e-02  1.511e-02  8.985e-03   1.7e-05  6.5e-05  9.2e+03  1.8e+01
  1750 -4.06491e-02  1.367e-02  8.462e-03   1.6e-05  6.7e-05  9.2e+03  1.4e+01
  1760 -4.07089e-02  1.226e-02  7.914e-03   1.4e-05  7.0e-05  9.2e+03  1.9e+01
  1770 -4.07750e-02  1.076e-02  7.280e-03   1.2e-05  7.3e-05  9.3e+03  1.3e+01
  1780 -4.08385e-02  9.380e-03  6.633e-03   1.1e-05  7.6e-05  9.3e+03  1.3e+01
  1790 -4.08954e-02  8.219e-03  6.012e-03   9.4e-06  7.9e-05  9.3e+03  1.1e+01
  1800 -4.09405e-02  7.357e-03  5.483e-03   8.4e-06  8.0e-05  9.3e+03  1.6e+01
  1810 -4.09851e-02  6.576e-03  4.921e-03   7.5e-06  8.0e-05  9.4e+03  8.2e+00
  1820 -4.10183e-02  6.047e-03  4.469e-03   6.9e-06  7.9e-05  9.4e+03  1.0e+01
  1830 -4.10448e-02  5.664e-03  4.082e-03   6.5e-06  7.7e-05  9.4e+03  1.3e+01
  1840 -4.10676e-02  5.365e-03  3.729e-03   6.2e-06  7.4e-05  9.4e+03  1.5e+01
  1850 -4.10854e-02  5.152e-03  3.438e-03   5.9e-06  7.0e-05  9.5e+03  1.2e+01
  1860 -4.10985e-02  5.006e-03  3.217e-03   5.7e-06  6.8e-05  9.5e+03  1.2e+01
  1870 -4.11082e-02  4.902e-03  3.050e-03   5.6e-06  6.5e-05  9.5e+03  1.5e+01
  1880 -4.11165e-02  4.815e-03  2.906e-03   5.5e-06  6.3e-05  9.5e+03  1.2e+01
  1890 -4.11233e-02  4.742e-03  2.790e-03   5.4e-06  6.1e-05  9.6e+03  3.0e+01
  1900 -4.11292e-02  4.678e-03  2.692e-03   5.4e-06  6.0e-05  9.6e+03  3.4e+01
  1910 -4.11334e-02  4.630e-03  2.626e-03   5.3e-06  5.9e-05  9.6e+03  2.3e+01
 
   itn      x(1)       norm r    norm Ar  compatible   LS      norm A   cond A
  1920 -4.11372e-02  4.584e-03  2.568e-03   5.3e-06  5.8e-05  9.6e+03  4.4e+01
  1930 -4.11416e-02  4.526e-03  2.507e-03   5.2e-06  5.7e-05  9.7e+03  1.9e+01
  1940 -4.11450e-02  4.479e-03  2.464e-03   5.1e-06  5.7e-05  9.7e+03  5.7e+01
  1950 -4.11482e-02  4.432e-03  2.426e-03   5.1e-06  5.6e-05  9.7e+03  2.6e+01
  1960 -4.11510e-02  4.387e-03  2.396e-03   5.0e-06  5.6e-05  9.7e+03  3.7e+01
  1970 -4.11548e-02  4.325e-03  2.359e-03   5.0e-06  5.6e-05  9.8e+03  1.8e+01
  1980 -4.11585e-02  4.262e-03  2.325e-03   4.9e-06  5.6e-05  9.8e+03  2.0e+01
  1990 -4.11627e-02  4.188e-03  2.289e-03   4.8e-06  5.6e-05  9.8e+03  2.8e+01
  2000 -4.11669e-02  4.113e-03  2.254e-03   4.7e-06  5.6e-05  9.8e+03  2.4e+01
  2010 -4.11726e-02  4.011e-03  2.210e-03   4.6e-06  5.6e-05  9.9e+03  3.8e+01
  2020 -4.11787e-02  3.899e-03  2.162e-03   4.5e-06  5.6e-05  9.9e+03  2.4e+01
  2030 -4.11865e-02  3.757e-03  2.103e-03   4.3e-06  5.6e-05  9.9e+03  2.3e+01
  2040 -4.11952e-02  3.597e-03  2.036e-03   4.1e-06  5.7e-05  9.9e+03  2.6e+01
  2050 -4.12048e-02  3.422e-03  1.961e-03   3.9e-06  5.7e-05  1.0e+04  2.1e+01
  2060 -4.12164e-02  3.213e-03  1.868e-03   3.7e-06  5.8e-05  1.0e+04  1.8e+01
  2070 -4.12277e-02  3.015e-03  1.775e-03   3.5e-06  5.9e-05  1.0e+04  1.9e+01
  2080 -4.12390e-02  2.819e-03  1.677e-03   3.2e-06  5.9e-05  1.0e+04  1.7e+01
  2090 -4.12502e-02  2.632e-03  1.575e-03   3.0e-06  5.9e-05  1.0e+04  2.3e+01
  2100 -4.12613e-02  2.453e-03  1.467e-03   2.8e-06  5.9e-05  1.0e+04  1.9e+01
  2110 -4.12719e-02  2.292e-03  1.358e-03   2.6e-06  5.9e-05  1.0e+04  1.5e+01
 
   itn      x(1)       norm r    norm Ar  compatible   LS      norm A   cond A
  2120 -4.12804e-02  2.169e-03  1.264e-03   2.5e-06  5.7e-05  1.0e+04  1.2e+01
  2130 -4.12879e-02  2.067e-03  1.175e-03   2.4e-06  5.6e-05  1.0e+04  1.2e+01
  2140 -4.12931e-02  1.998e-03  1.108e-03   2.3e-06  5.4e-05  1.0e+04  1.1e+01
  2150 -4.12977e-02  1.941e-03  1.049e-03   2.2e-06  5.3e-05  1.0e+04  2.5e+01
  2160 -4.13016e-02  1.893e-03  9.939e-04   2.2e-06  5.1e-05  1.0e+04  1.4e+01
  2170 -4.13043e-02  1.860e-03  9.551e-04   2.1e-06  5.0e-05  1.0e+04  3.2e+01
  2180 -4.13068e-02  1.828e-03  9.173e-04   2.1e-06  4.9e-05  1.0e+04  1.7e+01
  2190 -4.13087e-02  1.804e-03  8.894e-04   2.1e-06  4.8e-05  1.0e+04  3.0e+01
  2200 -4.13101e-02  1.783e-03  8.666e-04   2.0e-06  4.7e-05  1.0e+04  3.7e+01
  2210 -4.13115e-02  1.762e-03  8.457e-04   2.0e-06  4.6e-05  1.0e+04  2.4e+01
  2220 -4.13124e-02  1.747e-03  8.312e-04   2.0e-06  4.6e-05  1.0e+04  5.1e+01
  2230 -4.13131e-02  1.731e-03  8.186e-04   2.0e-06  4.5e-05  1.0e+04  4.3e+01
  2240 -4.13137e-02  1.717e-03  8.084e-04   2.0e-06  4.5e-05  1.0e+04  3.4e+01
  2250 -4.13143e-02  1.703e-03  7.992e-04   2.0e-06  4.5e-05  1.0e+04  4.9e+01
  2260 -4.13148e-02  1.686e-03  7.895e-04   1.9e-06  4.5e-05  1.0e+04  4.5e+01
  2270 -4.13153e-02  1.669e-03  7.810e-04   1.9e-06  4.5e-05  1.0e+04  4.6e+01
  2280 -4.13158e-02  1.648e-03  7.717e-04   1.9e-06  4.5e-05  1.1e+04  6.7e+01
  2290 -4.13162e-02  1.628e-03  7.635e-04   1.9e-06  4.5e-05  1.1e+04  6.3e+01
  2300 -4.13166e-02  1.602e-03  7.538e-04   1.8e-06  4.5e-05  1.1e+04  3.2e+01
  2310 -4.13171e-02  1.572e-03  7.429e-04   1.8e-06  4.5e-05  1.1e+04  3.5e+01
 
   itn      x(1)       norm r    norm Ar  compatible   LS      norm A   cond A
  2315 -4.13173e-02  1.558e-03  7.382e-04   1.8e-06  4.5e-05  1.1e+04  4.1e+01
  2316 -4.13173e-02  1.552e-03  7.359e-04   1.8e-06  4.5e-05  1.1e+04  4.1e+01
  2317 -4.13174e-02  1.549e-03  7.349e-04   1.8e-06  4.5e-05  1.1e+04  2.1e+01
  2318 -4.13174e-02  1.546e-03  7.339e-04   1.8e-06  4.5e-05  1.1e+04  4.1e+01
  2319 -4.13175e-02  1.540e-03  7.320e-04   1.8e-06  4.5e-05  1.1e+04  2.5e+01
  2320 -4.13175e-02  1.539e-03  7.315e-04   1.8e-06  4.5e-05  1.1e+04  3.8e+01
  2321 -4.13175e-02  1.536e-03  7.304e-04   1.8e-06  4.5e-05  1.1e+04  3.1e+01
  2322 -4.13176e-02  1.532e-03  7.291e-04   1.8e-06  4.5e-05  1.1e+04  3.5e+01
  2323 -4.13177e-02  1.527e-03  7.275e-04   1.8e-06  4.5e-05  1.1e+04  2.3e+01
  2324 -4.13177e-02  1.524e-03  7.266e-04   1.7e-06  4.5e-05  1.1e+04  2.8e+01
  2325 -4.13177e-02  1.520e-03  7.253e-04   1.7e-06  4.5e-05  1.1e+04  3.1e+01
  2326 -4.13178e-02  1.517e-03  7.243e-04   1.7e-06  4.5e-05  1.1e+04  3.3e+01
  2327 -4.13178e-02  1.515e-03  7.235e-04   1.7e-06  4.5e-05  1.1e+04  3.1e+01
  2328 -4.13178e-02  1.514e-03  7.231e-04   1.7e-06  4.5e-05  1.1e+04  3.9e+01
  2329 -4.13180e-02  1.500e-03  7.186e-04   1.7e-06  4.5e-05  1.1e+04  3.3e+01
  2330 -4.13180e-02  1.497e-03  7.175e-04   1.7e-06  4.5e-05  1.1e+04  2.2e+01
  2331 -4.13180e-02  1.495e-03  7.168e-04   1.7e-06  4.5e-05  1.1e+04  3.3e+01
  2332 -4.13181e-02  1.491e-03  7.155e-04   1.7e-06  4.5e-05  1.1e+04  3.1e+01
  2333 -4.13181e-02  1.483e-03  7.128e-04   1.7e-06  4.5e-05  1.1e+04  2.7e+01
  2334 -4.13182e-02  1.480e-03  7.118e-04   1.7e-06  4.5e-05  1.1e+04  2.4e+01
 
   itn      x(1)       norm r    norm Ar  compatible   LS      norm A   cond A
  2335 -4.13182e-02  1.477e-03  7.111e-04   1.7e-06  4.5e-05  1.1e+04  3.0e+01
  2336 -4.13182e-02  1.475e-03  7.103e-04   1.7e-06  4.5e-05  1.1e+04  3.9e+01
  2337 -4.13183e-02  1.467e-03  7.076e-04   1.7e-06  4.5e-05  1.1e+04  3.1e+01
  2338 -4.13184e-02  1.460e-03  7.055e-04   1.7e-06  4.5e-05  1.1e+04  2.5e+01
  2339 -4.13184e-02  1.457e-03  7.045e-04   1.7e-06  4.5e-05  1.1e+04  2.7e+01
  2340 -4.13184e-02  1.453e-03  7.032e-04   1.7e-06  4.5e-05  1.1e+04  3.1e+01
  2341 -4.13185e-02  1.445e-03  7.005e-04   1.7e-06  4.5e-05  1.1e+04  1.9e+01
  2342 -4.13186e-02  1.438e-03  6.981e-04   1.7e-06  4.6e-05  1.1e+04  3.0e+01
  2343 -4.13186e-02  1.434e-03  6.967e-04   1.6e-06  4.6e-05  1.1e+04  2.2e+01
  2344 -4.13187e-02  1.429e-03  6.952e-04   1.6e-06  4.6e-05  1.1e+04  4.2e+01
  2345 -4.13188e-02  1.422e-03  6.927e-04   1.6e-06  4.6e-05  1.1e+04  2.0e+01
 
LSMR finished
Ax - b is small enough, given atol, btol                  
istop =       1    normr = 1.4e-03
    normA = 1.1e+04    normAr = 6.9e-04
itn   =    2345    condA = 2.0e+01
    normx = 1.3e+01
  2345 -4.13188e-02   1.422e-03  6.927e-04
   1.6e-06  4.6e-05   1.1e+04  2.0e+01
loss = 2.020673402342379e-06
