OS                           : Linux-5.14.21-150400.24.69_12.0.74-cray_shasta_c-x86_64-with-glibc2.31
Python Version               : 3.9.15
CuPy Version                 : 12.1.0
CuPy Platform                : NVIDIA CUDA
NumPy Version                : 1.23.5
SciPy Version                : 1.9.3
Cython Build Version         : 0.29.32
Cython Runtime Version       : None
CUDA Root                    : /opt/nvidia/hpc_sdk/Linux_x86_64/22.7/cuda/11.7
nvcc PATH                    : /opt/nvidia/hpc_sdk/Linux_x86_64/22.7/cuda/11.7/bin/nvcc
CUDA Build Version           : 11080
CUDA Driver Version          : 12000
CUDA Runtime Version         : 11070
cuBLAS Version               : (available)
cuFFT Version                : 10702
cuRAND Version               : 10210
cuSOLVER Version             : (11, 3, 5)
cuSPARSE Version             : (available)
NVRTC Version                : (11, 7)
Thrust Version               : 101501
CUB Build Version            : 101501
Jitify Build Version         : 4a37de0
cuDNN Build Version          : 8801
cuDNN Version                : 8302
NCCL Build Version           : 21602
NCCL Runtime Version         : 21505
cuTENSOR Version             : 10500
cuSPARSELt Build Version     : None
Device 0 Name                : NVIDIA A100-PCIE-40GB
Device 0 Compute Capability  : 80
Device 0 PCI Bus ID          : 0000:C3:00.0
None
Sizes of ptrain and pdot:
[(79920, 4, 4), (79920, 4, 4)]
len(theta) = 256
len(jac) = 1278720
 
LSMR            Least-squares solution of  Ax = b

The matrix A has 2557440 rows and 256 columns
damp = 0.00000000000000e+00

atol = 1.00e-08                 conlim = 1.00e+08

btol = 1.00e-08             maxiter =    20000

 
   itn      x(1)       norm r    norm Ar  compatible   LS      norm A   cond A
     0  0.00000e+00  8.338e+01  9.248e+03   1.0e+00  1.3e+00
     1  8.68515e-02  3.276e+01  2.143e+03   3.9e-01  5.4e-01  1.2e+02  1.0e+00
     2  1.18785e-01  2.055e+01  9.544e+02   2.5e-01  3.1e-01  1.5e+02  1.5e+00
     3  1.13971e-01  1.637e+01  5.588e+02   2.0e-01  1.9e-01  1.8e+02  1.6e+00
     4  1.09630e-01  1.249e+01  3.842e+02   1.5e-01  1.6e-01  2.0e+02  2.5e+00
     5  1.08767e-01  1.009e+01  2.676e+02   1.2e-01  1.2e-01  2.2e+02  2.0e+00
     6  1.14919e-01  8.173e+00  1.989e+02   9.8e-02  1.0e-01  2.4e+02  2.7e+00
     7  1.23907e-01  6.882e+00  1.505e+02   8.3e-02  8.6e-02  2.6e+02  2.3e+00
     8  1.31613e-01  5.615e+00  1.096e+02   6.7e-02  7.2e-02  2.7e+02  2.9e+00
     9  1.34330e-01  4.962e+00  9.278e+01   6.0e-02  6.7e-02  2.8e+02  3.2e+00
    10  1.36590e-01  4.221e+00  7.549e+01   5.1e-02  6.0e-02  3.0e+02  2.9e+00
    20  1.30173e-01  1.479e+00  1.390e+01   1.8e-02  2.3e-02  4.1e+02  4.8e+00
    30  1.29229e-01  5.301e-01  2.701e+00   6.4e-03  1.1e-02  4.4e+02  8.7e+00
    40  1.31014e-01  3.291e-01  1.130e+00   3.9e-03  6.7e-03  5.1e+02  5.3e+00
    50  1.31756e-01  2.502e-01  7.099e-01   3.0e-03  4.9e-03  5.7e+02  7.7e+00
    60  1.32559e-01  1.900e-01  4.458e-01   2.3e-03  3.8e-03  6.2e+02  1.4e+01
    70  1.33887e-01  1.365e-01  2.799e-01   1.6e-03  3.1e-03  6.7e+02  5.5e+00
    80  1.34326e-01  9.702e-02  2.040e-01   1.2e-03  2.9e-03  7.1e+02  1.4e+01
    90  1.34775e-01  5.437e-02  1.280e-01   6.5e-04  3.1e-03  7.6e+02  1.1e+01
   100  1.35223e-01  3.528e-02  6.665e-02   4.2e-04  2.4e-03  7.9e+02  1.5e+01
   110  1.35444e-01  2.947e-02  4.550e-02   3.5e-04  1.9e-03  8.3e+02  1.6e+01
 
   itn      x(1)       norm r    norm Ar  compatible   LS      norm A   cond A
   120  1.35611e-01  2.423e-02  3.711e-02   2.9e-04  1.8e-03  8.7e+02  1.2e+01
   130  1.35798e-01  1.717e-02  2.877e-02   2.1e-04  1.9e-03  9.0e+02  9.3e+00
   140  1.35996e-01  9.879e-03  1.935e-02   1.2e-04  2.1e-03  9.4e+02  1.2e+01
   150  1.36114e-01  5.036e-03  1.196e-02   6.0e-05  2.5e-03  9.6e+02  9.7e+00
   160  1.36169e-01  2.457e-03  6.338e-03   2.9e-05  2.6e-03  1.0e+03  9.7e+00
   170  1.36193e-01  9.615e-04  2.639e-03   1.2e-05  2.7e-03  1.0e+03  1.3e+01
   180  1.36190e-01  4.846e-04  1.427e-03   5.8e-06  2.8e-03  1.1e+03  1.3e+01
   190  1.36186e-01  2.218e-04  5.825e-04   2.7e-06  2.4e-03  1.1e+03  1.3e+01
   200  1.36184e-01  1.658e-04  3.497e-04   2.0e-06  1.9e-03  1.1e+03  1.4e+01
   210  1.36183e-01  1.236e-04  2.445e-04   1.5e-06  1.7e-03  1.1e+03  1.3e+01
   220  1.36181e-01  7.388e-05  8.738e-05   8.9e-07  1.0e-03  1.2e+03  1.3e+01
   230  1.36181e-01  7.111e-05  1.406e-05   8.5e-07  1.7e-04  1.2e+03  1.3e+01
   240  1.36181e-01  7.108e-05  1.782e-06   8.5e-07  2.0e-05  1.2e+03  1.3e+01
   250  1.36181e-01  7.108e-05  3.705e-09   8.5e-07  4.2e-08  1.3e+03  1.3e+01
   254  1.36181e-01  7.108e-05  7.046e-10   8.5e-07  7.8e-09  1.3e+03  1.3e+01
 
LSMR finished
The least-squares solution is good enough, given atol     
istop =       2    normr = 7.1e-05
    normA = 1.3e+03    normAr = 7.0e-10
itn   =     254    condA = 1.3e+01
    normx = 1.2e+00
   254  1.36181e-01   7.108e-05  7.046e-10
   8.5e-07  7.8e-09   1.3e+03  1.3e+01
loss = 5.051666032311759e-09
