OS                           : Linux-5.14.21-150400.24.81_12.0.87-cray_shasta_c-x86_64-with-glibc2.31
Python Version               : 3.9.15
CuPy Version                 : 13.0.0
CuPy Platform                : NVIDIA CUDA
NumPy Version                : 1.23.5
SciPy Version                : 1.9.3
Cython Build Version         : 0.29.36
Cython Runtime Version       : None
CUDA Root                    : /opt/nvidia/hpc_sdk/Linux_x86_64/23.9/cuda/12.2
nvcc PATH                    : /opt/nvidia/hpc_sdk/Linux_x86_64/23.9/cuda/12.2/bin/nvcc
CUDA Build Version           : 12020
CUDA Driver Version          : 12020
CUDA Runtime Version         : 12020 (linked to CuPy) / 12020 (locally installed)
cuBLAS Version               : (available)
cuFFT Version                : 11008
cuRAND Version               : 10303
cuSOLVER Version             : (11, 5, 0)
cuSPARSE Version             : (available)
NVRTC Version                : (12, 2)
Thrust Version               : 200200
CUB Build Version            : 200200
Jitify Build Version         : <unknown>
cuDNN Build Version          : 8801
cuDNN Version                : 8903
NCCL Build Version           : None
NCCL Runtime Version         : None
cuTENSOR Version             : None
cuSPARSELt Build Version     : None
Device 0 Name                : NVIDIA A100-SXM4-40GB
Device 0 Compute Capability  : 80
Device 0 PCI Bus ID          : 0000:41:00.0
None
Sizes of ptrain and pdot:
[(40000, 46, 46), (40000, 46, 46)]
Loss at truetheta:
6.091615083257977e-13
len(theta) = 584821
len(jac) = 84640000
 
LSMR            Least-squares solution of  Ax = b

The matrix A has 169280000 rows and 584821 columns
damp = 0.00000000000000e+00

atol = 1.00e-16                 conlim = 1.00e+08

btol = 1.00e-16             maxiter =   100000

 
   itn      x(1)       norm r    norm Ar  compatible   LS      norm A   cond A
     0  0.00000e+00  2.094e+03  1.566e+06   1.0e+00  3.6e-01
     1 -1.18274e-02  1.083e+03  6.337e+05   5.2e-01  6.8e-01  8.6e+02  1.0e+00
     2 -2.70431e-02  5.205e+02  2.671e+05   2.5e-01  4.3e-01  1.2e+03  1.4e+00
     3 -3.64968e-02  2.960e+02  1.404e+05   1.4e-01  3.3e-01  1.4e+03  1.5e+00
     4 -4.29598e-02  1.739e+02  6.138e+04   8.3e-02  2.1e-01  1.7e+03  1.4e+00
     5 -4.47839e-02  1.443e+02  3.225e+04   6.9e-02  1.2e-01  1.9e+03  1.4e+00
     6 -4.53037e-02  1.301e+02  2.171e+04   6.2e-02  8.3e-02  2.0e+03  1.9e+00
     7 -4.54595e-02  1.217e+02  1.583e+04   5.8e-02  6.0e-02  2.2e+03  1.9e+00
     8 -4.54640e-02  1.153e+02  1.194e+04   5.5e-02  4.5e-02  2.3e+03  2.2e+00
     9 -4.54815e-02  1.110e+02  9.495e+03   5.3e-02  3.5e-02  2.4e+03  2.4e+00
    10 -4.55756e-02  1.077e+02  7.920e+03   5.1e-02  2.9e-02  2.6e+03  2.7e+00
    20 -4.63206e-02  7.994e+01  3.614e+03   3.8e-02  1.3e-02  3.6e+03  4.9e+00
    30 -4.61488e-02  6.012e+01  1.941e+03   2.9e-02  7.4e-03  4.4e+03  4.8e+00
    40 -4.61720e-02  5.008e+01  1.248e+03   2.4e-02  5.0e-03  5.0e+03  6.1e+00
    50 -4.59462e-02  4.314e+01  8.701e+02   2.1e-02  3.6e-03  5.6e+03  6.3e+00
    60 -4.56297e-02  3.842e+01  6.652e+02   1.8e-02  2.8e-03  6.1e+03  7.3e+00
    70 -4.53580e-02  3.438e+01  5.259e+02   1.6e-02  2.3e-03  6.6e+03  8.0e+00
    80 -4.50269e-02  3.106e+01  4.317e+02   1.5e-02  2.0e-03  7.1e+03  9.2e+00
    90 -4.46495e-02  2.809e+01  3.593e+02   1.3e-02  1.7e-03  7.5e+03  8.9e+00
   100 -4.43165e-02  2.555e+01  3.040e+02   1.2e-02  1.5e-03  7.9e+03  9.7e+00
   110 -4.40549e-02  2.331e+01  2.599e+02   1.1e-02  1.3e-03  8.3e+03  1.0e+01
 
   itn      x(1)       norm r    norm Ar  compatible   LS      norm A   cond A
   120 -4.39252e-02  2.133e+01  2.239e+02   1.0e-02  1.2e-03  8.7e+03  1.1e+01
   130 -4.39970e-02  1.959e+01  1.947e+02   9.4e-03  1.1e-03  9.0e+03  9.8e+00
   140 -4.42481e-02  1.806e+01  1.707e+02   8.6e-03  1.0e-03  9.4e+03  1.1e+01
   150 -4.46987e-02  1.672e+01  1.512e+02   8.0e-03  9.3e-04  9.7e+03  1.1e+01
   160 -4.53833e-02  1.549e+01  1.343e+02   7.4e-03  8.7e-04  1.0e+04  1.2e+01
   170 -4.62873e-02  1.438e+01  1.202e+02   6.9e-03  8.1e-04  1.0e+04  1.0e+01
   180 -4.73815e-02  1.339e+01  1.085e+02   6.4e-03  7.6e-04  1.1e+04  1.3e+01
   190 -4.87076e-02  1.245e+01  9.804e+01   5.9e-03  7.2e-04  1.1e+04  1.2e+01
   200 -5.02028e-02  1.159e+01  8.894e+01   5.5e-03  6.9e-04  1.1e+04  1.3e+01
   210 -5.18803e-02  1.079e+01  8.089e+01   5.2e-03  6.6e-04  1.1e+04  1.2e+01
   220 -5.37079e-02  1.004e+01  7.383e+01   4.8e-03  6.3e-04  1.2e+04  1.3e+01
   230 -5.56908e-02  9.346e+00  6.751e+01   4.5e-03  6.0e-04  1.2e+04  1.3e+01
   240 -5.78160e-02  8.689e+00  6.184e+01   4.1e-03  5.8e-04  1.2e+04  1.4e+01
   250 -6.01101e-02  8.059e+00  5.661e+01   3.8e-03  5.6e-04  1.2e+04  1.3e+01
   260 -6.25301e-02  7.468e+00  5.187e+01   3.6e-03  5.5e-04  1.3e+04  1.4e+01
   270 -6.50882e-02  6.907e+00  4.749e+01   3.3e-03  5.3e-04  1.3e+04  1.3e+01
   280 -6.77030e-02  6.390e+00  4.353e+01   3.1e-03  5.2e-04  1.3e+04  1.2e+01
   290 -7.03926e-02  5.908e+00  3.989e+01   2.8e-03  5.0e-04  1.3e+04  1.4e+01
   300 -7.31760e-02  5.456e+00  3.652e+01   2.6e-03  4.9e-04  1.4e+04  1.4e+01
   310 -7.58943e-02  5.053e+00  3.355e+01   2.4e-03  4.8e-04  1.4e+04  1.4e+01
 
   itn      x(1)       norm r    norm Ar  compatible   LS      norm A   cond A
   320 -7.88333e-02  4.657e+00  3.063e+01   2.2e-03  4.7e-04  1.4e+04  1.2e+01
   330 -8.16211e-02  4.314e+00  2.812e+01   2.1e-03  4.6e-04  1.4e+04  1.3e+01
   340 -8.45424e-02  3.985e+00  2.570e+01   1.9e-03  4.4e-04  1.5e+04  1.2e+01
   350 -8.72679e-02  3.704e+00  2.364e+01   1.8e-03  4.3e-04  1.5e+04  1.3e+01
   360 -9.01332e-02  3.432e+00  2.166e+01   1.6e-03  4.2e-04  1.5e+04  1.2e+01
   370 -9.28150e-02  3.198e+00  1.995e+01   1.5e-03  4.1e-04  1.5e+04  1.3e+01
   380 -9.55857e-02  2.975e+00  1.834e+01   1.4e-03  4.0e-04  1.5e+04  1.3e+01
   390 -9.82416e-02  2.777e+00  1.692e+01   1.3e-03  3.9e-04  1.6e+04  1.4e+01
   400 -1.00885e-01  2.594e+00  1.562e+01   1.2e-03  3.8e-04  1.6e+04  1.3e+01
   410 -1.03512e-01  2.424e+00  1.442e+01   1.2e-03  3.7e-04  1.6e+04  1.4e+01
   420 -1.06127e-01  2.267e+00  1.332e+01   1.1e-03  3.6e-04  1.6e+04  1.4e+01
   430 -1.08694e-01  2.123e+00  1.232e+01   1.0e-03  3.6e-04  1.6e+04  1.3e+01
   440 -1.11204e-01  1.992e+00  1.141e+01   9.5e-04  3.5e-04  1.6e+04  1.3e+01
   450 -1.13639e-01  1.871e+00  1.059e+01   8.9e-04  3.4e-04  1.7e+04  1.4e+01
   460 -1.16054e-01  1.759e+00  9.837e+00   8.4e-04  3.3e-04  1.7e+04  1.3e+01
   470 -1.18433e-01  1.655e+00  9.142e+00   7.9e-04  3.2e-04  1.7e+04  1.4e+01
   480 -1.20780e-01  1.558e+00  8.502e+00   7.4e-04  3.2e-04  1.7e+04  1.5e+01
   490 -1.23026e-01  1.469e+00  7.929e+00   7.0e-04  3.1e-04  1.7e+04  1.4e+01
   500 -1.25229e-01  1.387e+00  7.401e+00   6.6e-04  3.0e-04  1.8e+04  1.4e+01
   510 -1.27392e-01  1.310e+00  6.914e+00   6.3e-04  3.0e-04  1.8e+04  1.5e+01
 
   itn      x(1)       norm r    norm Ar  compatible   LS      norm A   cond A
   520 -1.29552e-01  1.236e+00  6.457e+00   5.9e-04  2.9e-04  1.8e+04  1.4e+01
   530 -1.31619e-01  1.169e+00  6.044e+00   5.6e-04  2.9e-04  1.8e+04  1.6e+01
   540 -1.33712e-01  1.104e+00  5.650e+00   5.3e-04  2.8e-04  1.8e+04  1.4e+01
   550 -1.35756e-01  1.042e+00  5.286e+00   5.0e-04  2.7e-04  1.8e+04  1.6e+01
   560 -1.37706e-01  9.862e-01  4.956e+00   4.7e-04  2.7e-04  1.9e+04  1.4e+01
   570 -1.39685e-01  9.312e-01  4.636e+00   4.4e-04  2.7e-04  1.9e+04  1.3e+01
   580 -1.41597e-01  8.799e-01  4.342e+00   4.2e-04  2.6e-04  1.9e+04  1.5e+01
   590 -1.43450e-01  8.320e-01  4.068e+00   4.0e-04  2.6e-04  1.9e+04  1.3e+01
   600 -1.45261e-01  7.868e-01  3.811e+00   3.8e-04  2.5e-04  1.9e+04  1.4e+01
   610 -1.46969e-01  7.454e-01  3.578e+00   3.6e-04  2.5e-04  1.9e+04  1.7e+01
   620 -1.48673e-01  7.054e-01  3.354e+00   3.4e-04  2.4e-04  2.0e+04  1.3e+01
   630 -1.50272e-01  6.689e-01  3.152e+00   3.2e-04  2.4e-04  2.0e+04  1.6e+01
   640 -1.51811e-01  6.347e-01  2.963e+00   3.0e-04  2.3e-04  2.0e+04  1.6e+01
   650 -1.53347e-01  6.014e-01  2.782e+00   2.9e-04  2.3e-04  2.0e+04  1.6e+01
   660 -1.54757e-01  5.716e-01  2.620e+00   2.7e-04  2.3e-04  2.0e+04  1.5e+01
   670 -1.56117e-01  5.435e-01  2.469e+00   2.6e-04  2.2e-04  2.0e+04  1.6e+01
   680 -1.57407e-01  5.173e-01  2.331e+00   2.5e-04  2.2e-04  2.0e+04  1.7e+01
   690 -1.58695e-01  4.917e-01  2.197e+00   2.3e-04  2.2e-04  2.1e+04  1.6e+01
   700 -1.59872e-01  4.686e-01  2.078e+00   2.2e-04  2.1e-04  2.1e+04  1.7e+01
   710 -1.61054e-01  4.457e-01  1.962e+00   2.1e-04  2.1e-04  2.1e+04  1.7e+01
 
   itn      x(1)       norm r    norm Ar  compatible   LS      norm A   cond A
   720 -1.62150e-01  4.247e-01  1.858e+00   2.0e-04  2.1e-04  2.1e+04  1.6e+01
   730 -1.63256e-01  4.037e-01  1.755e+00   1.9e-04  2.0e-04  2.1e+04  1.6e+01
   740 -1.64247e-01  3.851e-01  1.666e+00   1.8e-04  2.0e-04  2.1e+04  1.7e+01
   750 -1.65267e-01  3.660e-01  1.576e+00   1.7e-04  2.0e-04  2.2e+04  1.5e+01
   760 -1.66185e-01  3.489e-01  1.497e+00   1.7e-04  2.0e-04  2.2e+04  1.6e+01
   770 -1.67132e-01  3.313e-01  1.417e+00   1.6e-04  2.0e-04  2.2e+04  1.5e+01
   780 -1.67972e-01  3.156e-01  1.347e+00   1.5e-04  1.9e-04  2.2e+04  1.7e+01
   790 -1.68812e-01  3.000e-01  1.279e+00   1.4e-04  1.9e-04  2.2e+04  1.7e+01
   800 -1.69623e-01  2.849e-01  1.214e+00   1.4e-04  1.9e-04  2.2e+04  1.8e+01
   810 -1.70393e-01  2.704e-01  1.153e+00   1.3e-04  1.9e-04  2.2e+04  1.6e+01
   820 -1.71146e-01  2.562e-01  1.094e+00   1.2e-04  1.9e-04  2.2e+04  1.8e+01
   830 -1.71849e-01  2.428e-01  1.040e+00   1.2e-04  1.9e-04  2.3e+04  1.8e+01
   840 -1.72537e-01  2.296e-01  9.865e-01   1.1e-04  1.9e-04  2.3e+04  1.6e+01
   850 -1.73176e-01  2.173e-01  9.369e-01   1.0e-04  1.9e-04  2.3e+04  1.7e+01
   860 -1.73829e-01  2.045e-01  8.860e-01   9.8e-05  1.9e-04  2.3e+04  1.8e+01
   870 -1.74436e-01  1.925e-01  8.383e-01   9.2e-05  1.9e-04  2.3e+04  1.8e+01
   880 -1.75004e-01  1.811e-01  7.932e-01   8.6e-05  1.9e-04  2.3e+04  1.6e+01
   890 -1.75557e-01  1.699e-01  7.484e-01   8.1e-05  1.9e-04  2.3e+04  1.7e+01
   900 -1.76073e-01  1.593e-01  7.057e-01   7.6e-05  1.9e-04  2.4e+04  1.8e+01
   910 -1.76554e-01  1.493e-01  6.650e-01   7.1e-05  1.9e-04  2.4e+04  1.6e+01
 
   itn      x(1)       norm r    norm Ar  compatible   LS      norm A   cond A
   920 -1.77000e-01  1.398e-01  6.261e-01   6.7e-05  1.9e-04  2.4e+04  1.5e+01
   930 -1.77411e-01  1.310e-01  5.892e-01   6.3e-05  1.9e-04  2.4e+04  1.9e+01
   940 -1.77808e-01  1.222e-01  5.521e-01   5.8e-05  1.9e-04  2.4e+04  1.5e+01
   950 -1.78156e-01  1.144e-01  5.183e-01   5.5e-05  1.9e-04  2.4e+04  1.7e+01
   960 -1.78478e-01  1.070e-01  4.855e-01   5.1e-05  1.9e-04  2.4e+04  1.4e+01
   970 -1.78770e-01  1.001e-01  4.544e-01   4.8e-05  1.9e-04  2.4e+04  1.5e+01
   980 -1.79026e-01  9.383e-02  4.257e-01   4.5e-05  1.8e-04  2.5e+04  1.3e+01
   990 -1.79246e-01  8.823e-02  3.995e-01   4.2e-05  1.8e-04  2.5e+04  1.4e+01
  1000 -1.79442e-01  8.302e-02  3.747e-01   4.0e-05  1.8e-04  2.5e+04  1.5e+01
  1010 -1.79621e-01  7.801e-02  3.504e-01   3.7e-05  1.8e-04  2.5e+04  1.2e+01
  1020 -1.79765e-01  7.378e-02  3.297e-01   3.5e-05  1.8e-04  2.5e+04  1.8e+01
  1030 -1.79894e-01  6.971e-02  3.093e-01   3.3e-05  1.8e-04  2.5e+04  1.4e+01
  1040 -1.80004e-01  6.599e-02  2.906e-01   3.2e-05  1.7e-04  2.5e+04  1.5e+01
  1050 -1.80095e-01  6.265e-02  2.736e-01   3.0e-05  1.7e-04  2.5e+04  1.7e+01
  1060 -1.80172e-01  5.950e-02  2.575e-01   2.8e-05  1.7e-04  2.6e+04  1.7e+01
  1070 -1.80235e-01  5.661e-02  2.427e-01   2.7e-05  1.7e-04  2.6e+04  1.6e+01
  1080 -1.80284e-01  5.401e-02  2.294e-01   2.6e-05  1.6e-04  2.6e+04  1.8e+01
  1090 -1.80324e-01  5.147e-02  2.164e-01   2.5e-05  1.6e-04  2.6e+04  1.6e+01
  1100 -1.80354e-01  4.916e-02  2.047e-01   2.3e-05  1.6e-04  2.6e+04  1.8e+01
  1110 -1.80374e-01  4.700e-02  1.939e-01   2.2e-05  1.6e-04  2.6e+04  1.6e+01
 
   itn      x(1)       norm r    norm Ar  compatible   LS      norm A   cond A
  1120 -1.80387e-01  4.495e-02  1.838e-01   2.1e-05  1.6e-04  2.6e+04  1.9e+01
  1130 -1.80393e-01  4.304e-02  1.746e-01   2.1e-05  1.5e-04  2.6e+04  1.4e+01
  1140 -1.80393e-01  4.121e-02  1.660e-01   2.0e-05  1.5e-04  2.6e+04  1.6e+01
  1150 -1.80388e-01  3.950e-02  1.581e-01   1.9e-05  1.5e-04  2.7e+04  1.7e+01
  1160 -1.80377e-01  3.783e-02  1.506e-01   1.8e-05  1.5e-04  2.7e+04  1.7e+01
  1170 -1.80363e-01  3.625e-02  1.437e-01   1.7e-05  1.5e-04  2.7e+04  1.7e+01
  1180 -1.80345e-01  3.474e-02  1.372e-01   1.7e-05  1.5e-04  2.7e+04  1.7e+01
  1190 -1.80323e-01  3.324e-02  1.310e-01   1.6e-05  1.5e-04  2.7e+04  1.7e+01
  1200 -1.80298e-01  3.175e-02  1.250e-01   1.5e-05  1.4e-04  2.7e+04  1.6e+01
  1210 -1.80271e-01  3.034e-02  1.195e-01   1.4e-05  1.4e-04  2.7e+04  1.7e+01
  1220 -1.80241e-01  2.894e-02  1.140e-01   1.4e-05  1.4e-04  2.7e+04  1.8e+01
  1230 -1.80208e-01  2.754e-02  1.087e-01   1.3e-05  1.4e-04  2.8e+04  1.6e+01
  1240 -1.80174e-01  2.620e-02  1.037e-01   1.3e-05  1.4e-04  2.8e+04  1.7e+01
  1250 -1.80138e-01  2.488e-02  9.890e-02   1.2e-05  1.4e-04  2.8e+04  1.7e+01
  1260 -1.80102e-01  2.360e-02  9.427e-02   1.1e-05  1.4e-04  2.8e+04  1.7e+01
  1270 -1.80063e-01  2.232e-02  8.966e-02   1.1e-05  1.4e-04  2.8e+04  1.6e+01
  1280 -1.80025e-01  2.111e-02  8.533e-02   1.0e-05  1.4e-04  2.8e+04  1.7e+01
  1290 -1.79985e-01  1.990e-02  8.100e-02   9.5e-06  1.4e-04  2.8e+04  1.6e+01
  1300 -1.79946e-01  1.876e-02  7.695e-02   9.0e-06  1.5e-04  2.8e+04  1.9e+01
  1310 -1.79908e-01  1.768e-02  7.309e-02   8.4e-06  1.5e-04  2.8e+04  1.6e+01
 
   itn      x(1)       norm r    norm Ar  compatible   LS      norm A   cond A
  1320 -1.79870e-01  1.661e-02  6.927e-02   7.9e-06  1.5e-04  2.9e+04  1.5e+01
  1330 -1.79829e-01  1.551e-02  6.531e-02   7.4e-06  1.5e-04  2.9e+04  1.8e+01
  1340 -1.79792e-01  1.453e-02  6.173e-02   6.9e-06  1.5e-04  2.9e+04  1.5e+01
  1350 -1.79757e-01  1.361e-02  5.834e-02   6.5e-06  1.5e-04  2.9e+04  1.6e+01
  1360 -1.79722e-01  1.271e-02  5.498e-02   6.1e-06  1.5e-04  2.9e+04  1.7e+01
  1370 -1.79689e-01  1.187e-02  5.181e-02   5.7e-06  1.5e-04  2.9e+04  1.7e+01
  1380 -1.79657e-01  1.105e-02  4.862e-02   5.3e-06  1.5e-04  2.9e+04  1.7e+01
  1390 -1.79626e-01  1.030e-02  4.565e-02   4.9e-06  1.5e-04  2.9e+04  1.5e+01
  1400 -1.79599e-01  9.620e-03  4.289e-02   4.6e-06  1.5e-04  2.9e+04  1.6e+01
  1410 -1.79572e-01  8.949e-03  4.010e-02   4.3e-06  1.5e-04  2.9e+04  1.4e+01
  1420 -1.79549e-01  8.384e-03  3.770e-02   4.0e-06  1.5e-04  3.0e+04  1.5e+01
  1430 -1.79526e-01  7.836e-03  3.531e-02   3.7e-06  1.5e-04  3.0e+04  1.5e+01
  1440 -1.79505e-01  7.325e-03  3.303e-02   3.5e-06  1.5e-04  3.0e+04  1.8e+01
  1450 -1.79487e-01  6.865e-03  3.093e-02   3.3e-06  1.5e-04  3.0e+04  1.6e+01
  1460 -1.79470e-01  6.452e-03  2.900e-02   3.1e-06  1.5e-04  3.0e+04  1.5e+01
  1470 -1.79455e-01  6.069e-03  2.718e-02   2.9e-06  1.5e-04  3.0e+04  1.7e+01
  1480 -1.79442e-01  5.717e-03  2.547e-02   2.7e-06  1.5e-04  3.0e+04  1.6e+01
  1490 -1.79430e-01  5.397e-03  2.391e-02   2.6e-06  1.5e-04  3.0e+04  1.7e+01
  1500 -1.79419e-01  5.107e-03  2.246e-02   2.4e-06  1.4e-04  3.0e+04  1.4e+01
  1510 -1.79410e-01  4.842e-03  2.114e-02   2.3e-06  1.4e-04  3.0e+04  1.4e+01
 
   itn      x(1)       norm r    norm Ar  compatible   LS      norm A   cond A
  1520 -1.79401e-01  4.597e-03  1.992e-02   2.2e-06  1.4e-04  3.1e+04  1.7e+01
  1530 -1.79394e-01  4.370e-03  1.878e-02   2.1e-06  1.4e-04  3.1e+04  1.6e+01
  1540 -1.79388e-01  4.165e-03  1.776e-02   2.0e-06  1.4e-04  3.1e+04  1.6e+01
  1550 -1.79382e-01  3.969e-03  1.679e-02   1.9e-06  1.4e-04  3.1e+04  1.7e+01
  1560 -1.79377e-01  3.781e-03  1.587e-02   1.8e-06  1.4e-04  3.1e+04  1.6e+01
  1570 -1.79372e-01  3.606e-03  1.503e-02   1.7e-06  1.3e-04  3.1e+04  1.6e+01
  1580 -1.79369e-01  3.447e-03  1.428e-02   1.6e-06  1.3e-04  3.1e+04  1.7e+01
  1590 -1.79365e-01  3.288e-03  1.354e-02   1.6e-06  1.3e-04  3.1e+04  1.7e+01
  1600 -1.79362e-01  3.141e-03  1.287e-02   1.5e-06  1.3e-04  3.1e+04  1.5e+01
  1610 -1.79360e-01  3.006e-03  1.227e-02   1.4e-06  1.3e-04  3.1e+04  1.7e+01
  1620 -1.79358e-01  2.870e-03  1.168e-02   1.4e-06  1.3e-04  3.2e+04  1.9e+01
  1630 -1.79356e-01  2.741e-03  1.114e-02   1.3e-06  1.3e-04  3.2e+04  1.7e+01
  1640 -1.79355e-01  2.618e-03  1.063e-02   1.2e-06  1.3e-04  3.2e+04  1.8e+01
  1650 -1.79354e-01  2.490e-03  1.012e-02   1.2e-06  1.3e-04  3.2e+04  1.7e+01
  1660 -1.79353e-01  2.370e-03  9.652e-03   1.1e-06  1.3e-04  3.2e+04  1.7e+01
  1670 -1.79352e-01  2.253e-03  9.201e-03   1.1e-06  1.3e-04  3.2e+04  1.8e+01
  1680 -1.79351e-01  2.141e-03  8.777e-03   1.0e-06  1.3e-04  3.2e+04  1.9e+01
  1690 -1.79351e-01  2.028e-03  8.358e-03   9.7e-07  1.3e-04  3.2e+04  1.7e+01
  1700 -1.79351e-01  1.914e-03  7.940e-03   9.1e-07  1.3e-04  3.2e+04  1.8e+01
  1710 -1.79351e-01  1.803e-03  7.536e-03   8.6e-07  1.3e-04  3.2e+04  1.8e+01
 
   itn      x(1)       norm r    norm Ar  compatible   LS      norm A   cond A
  1720 -1.79351e-01  1.700e-03  7.160e-03   8.1e-07  1.3e-04  3.3e+04  1.7e+01
  1730 -1.79351e-01  1.594e-03  6.775e-03   7.6e-07  1.3e-04  3.3e+04  1.4e+01
  1740 -1.79352e-01  1.495e-03  6.413e-03   7.1e-07  1.3e-04  3.3e+04  1.6e+01
  1750 -1.79352e-01  1.398e-03  6.058e-03   6.7e-07  1.3e-04  3.3e+04  1.5e+01
  1760 -1.79353e-01  1.307e-03  5.721e-03   6.2e-07  1.3e-04  3.3e+04  1.9e+01
  1770 -1.79354e-01  1.217e-03  5.385e-03   5.8e-07  1.3e-04  3.3e+04  1.5e+01
  1780 -1.79354e-01  1.136e-03  5.076e-03   5.4e-07  1.4e-04  3.3e+04  1.7e+01
  1790 -1.79355e-01  1.055e-03  4.759e-03   5.0e-07  1.4e-04  3.3e+04  1.6e+01
  1800 -1.79356e-01  9.806e-04  4.466e-03   4.7e-07  1.4e-04  3.3e+04  1.6e+01
  1810 -1.79357e-01  9.105e-04  4.182e-03   4.3e-07  1.4e-04  3.3e+04  1.3e+01
  1820 -1.79358e-01  8.475e-04  3.921e-03   4.0e-07  1.4e-04  3.3e+04  1.4e+01
  1830 -1.79359e-01  7.888e-04  3.672e-03   3.8e-07  1.4e-04  3.4e+04  1.4e+01
  1840 -1.79360e-01  7.351e-04  3.439e-03   3.5e-07  1.4e-04  3.4e+04  1.4e+01
  1850 -1.79361e-01  6.823e-04  3.204e-03   3.3e-07  1.4e-04  3.4e+04  1.1e+01
  1860 -1.79362e-01  6.367e-04  2.997e-03   3.0e-07  1.4e-04  3.4e+04  1.4e+01
  1870 -1.79363e-01  5.954e-04  2.805e-03   2.8e-07  1.4e-04  3.4e+04  1.5e+01
  1880 -1.79364e-01  5.563e-04  2.621e-03   2.7e-07  1.4e-04  3.4e+04  1.3e+01
  1890 -1.79364e-01  5.225e-04  2.459e-03   2.5e-07  1.4e-04  3.4e+04  1.6e+01
  1900 -1.79365e-01  4.897e-04  2.299e-03   2.3e-07  1.4e-04  3.4e+04  1.3e+01
  1910 -1.79366e-01  4.617e-04  2.162e-03   2.2e-07  1.4e-04  3.4e+04  1.9e+01
 
   itn      x(1)       norm r    norm Ar  compatible   LS      norm A   cond A
  1920 -1.79367e-01  4.343e-04  2.027e-03   2.1e-07  1.4e-04  3.4e+04  1.4e+01
  1930 -1.79367e-01  4.106e-04  1.910e-03   2.0e-07  1.4e-04  3.4e+04  2.0e+01
  1940 -1.79368e-01  3.870e-04  1.794e-03   1.8e-07  1.3e-04  3.5e+04  1.6e+01
  1950 -1.79369e-01  3.653e-04  1.688e-03   1.7e-07  1.3e-04  3.5e+04  1.8e+01
  1960 -1.79369e-01  3.454e-04  1.591e-03   1.6e-07  1.3e-04  3.5e+04  1.6e+01
  1970 -1.79370e-01  3.273e-04  1.505e-03   1.6e-07  1.3e-04  3.5e+04  1.8e+01
  1980 -1.79371e-01  3.089e-04  1.417e-03   1.5e-07  1.3e-04  3.5e+04  1.6e+01
  1990 -1.79371e-01  2.924e-04  1.341e-03   1.4e-07  1.3e-04  3.5e+04  2.0e+01
  2000 -1.79372e-01  2.762e-04  1.266e-03   1.3e-07  1.3e-04  3.5e+04  2.0e+01
  2010 -1.79372e-01  2.606e-04  1.196e-03   1.2e-07  1.3e-04  3.5e+04  1.6e+01
  2020 -1.79373e-01  2.460e-04  1.131e-03   1.2e-07  1.3e-04  3.5e+04  1.7e+01
  2030 -1.79374e-01  2.313e-04  1.067e-03   1.1e-07  1.3e-04  3.5e+04  1.5e+01
  2040 -1.79374e-01  2.177e-04  1.008e-03   1.0e-07  1.3e-04  3.5e+04  1.7e+01
  2050 -1.79375e-01  2.047e-04  9.522e-04   9.8e-08  1.3e-04  3.5e+04  1.5e+01
  2060 -1.79375e-01  1.918e-04  8.975e-04   9.2e-08  1.3e-04  3.6e+04  1.4e+01
  2070 -1.79375e-01  1.798e-04  8.467e-04   8.6e-08  1.3e-04  3.6e+04  1.4e+01
  2080 -1.79376e-01  1.681e-04  7.976e-04   8.0e-08  1.3e-04  3.6e+04  1.8e+01
  2090 -1.79376e-01  1.564e-04  7.489e-04   7.5e-08  1.3e-04  3.6e+04  1.9e+01
  2100 -1.79377e-01  1.457e-04  7.038e-04   7.0e-08  1.3e-04  3.6e+04  1.4e+01
  2110 -1.79377e-01  1.353e-04  6.600e-04   6.5e-08  1.4e-04  3.6e+04  1.7e+01
 
   itn      x(1)       norm r    norm Ar  compatible   LS      norm A   cond A
  2120 -1.79378e-01  1.254e-04  6.182e-04   6.0e-08  1.4e-04  3.6e+04  1.3e+01
  2130 -1.79378e-01  1.163e-04  5.792e-04   5.6e-08  1.4e-04  3.6e+04  1.3e+01
  2140 -1.79378e-01  1.076e-04  5.414e-04   5.1e-08  1.4e-04  3.6e+04  1.6e+01
  2150 -1.79378e-01  9.945e-05  5.057e-04   4.7e-08  1.4e-04  3.6e+04  1.4e+01
  2160 -1.79379e-01  9.185e-05  4.717e-04   4.4e-08  1.4e-04  3.6e+04  1.5e+01
  2170 -1.79379e-01  8.472e-05  4.393e-04   4.0e-08  1.4e-04  3.7e+04  1.7e+01
  2180 -1.79379e-01  7.814e-05  4.088e-04   3.7e-08  1.4e-04  3.7e+04  1.7e+01
  2190 -1.79379e-01  7.210e-05  3.802e-04   3.4e-08  1.4e-04  3.7e+04  1.4e+01
  2200 -1.79380e-01  6.637e-05  3.525e-04   3.2e-08  1.4e-04  3.7e+04  1.6e+01
  2210 -1.79380e-01  6.103e-05  3.262e-04   2.9e-08  1.5e-04  3.7e+04  1.4e+01
  2220 -1.79380e-01  5.644e-05  3.030e-04   2.7e-08  1.5e-04  3.7e+04  1.4e+01
  2230 -1.79380e-01  5.214e-05  2.809e-04   2.5e-08  1.5e-04  3.7e+04  1.3e+01
  2240 -1.79380e-01  4.819e-05  2.601e-04   2.3e-08  1.5e-04  3.7e+04  1.3e+01
  2250 -1.79380e-01  4.476e-05  2.417e-04   2.1e-08  1.5e-04  3.7e+04  1.6e+01
  2260 -1.79380e-01  4.151e-05  2.241e-04   2.0e-08  1.4e-04  3.7e+04  1.4e+01
  2270 -1.79380e-01  3.860e-05  2.079e-04   1.8e-08  1.4e-04  3.7e+04  1.4e+01
  2280 -1.79381e-01  3.590e-05  1.927e-04   1.7e-08  1.4e-04  3.7e+04  1.2e+01
  2290 -1.79381e-01  3.348e-05  1.788e-04   1.6e-08  1.4e-04  3.8e+04  1.4e+01
  2300 -1.79381e-01  3.130e-05  1.662e-04   1.5e-08  1.4e-04  3.8e+04  1.4e+01
  2310 -1.79381e-01  2.923e-05  1.540e-04   1.4e-08  1.4e-04  3.8e+04  1.2e+01
 
   itn      x(1)       norm r    norm Ar  compatible   LS      norm A   cond A
  2320 -1.79381e-01  2.743e-05  1.433e-04   1.3e-08  1.4e-04  3.8e+04  1.6e+01
  2330 -1.79381e-01  2.571e-05  1.330e-04   1.2e-08  1.4e-04  3.8e+04  1.5e+01
  2340 -1.79381e-01  2.421e-05  1.240e-04   1.2e-08  1.4e-04  3.8e+04  1.4e+01
  2350 -1.79381e-01  2.283e-05  1.156e-04   1.1e-08  1.3e-04  3.8e+04  1.6e+01
  2360 -1.79381e-01  2.152e-05  1.076e-04   1.0e-08  1.3e-04  3.8e+04  1.8e+01
  2370 -1.79381e-01  2.035e-05  1.005e-04   9.7e-09  1.3e-04  3.8e+04  1.5e+01
  2380 -1.79381e-01  1.927e-05  9.402e-05   9.2e-09  1.3e-04  3.8e+04  1.6e+01
  2390 -1.79381e-01  1.825e-05  8.790e-05   8.7e-09  1.3e-04  3.8e+04  1.7e+01
  2400 -1.79381e-01  1.731e-05  8.229e-05   8.3e-09  1.2e-04  3.8e+04  1.3e+01
  2410 -1.79381e-01  1.650e-05  7.749e-05   7.9e-09  1.2e-04  3.8e+04  1.8e+01
  2420 -1.79381e-01  1.569e-05  7.278e-05   7.5e-09  1.2e-04  3.9e+04  1.6e+01
  2430 -1.79381e-01  1.494e-05  6.852e-05   7.1e-09  1.2e-04  3.9e+04  1.5e+01
  2440 -1.79381e-01  1.424e-05  6.460e-05   6.8e-09  1.2e-04  3.9e+04  1.7e+01
  2450 -1.79381e-01  1.356e-05  6.082e-05   6.5e-09  1.2e-04  3.9e+04  1.6e+01
  2460 -1.79381e-01  1.294e-05  5.748e-05   6.2e-09  1.1e-04  3.9e+04  1.5e+01
  2470 -1.79381e-01  1.234e-05  5.426e-05   5.9e-09  1.1e-04  3.9e+04  1.5e+01
  2480 -1.79381e-01  1.179e-05  5.142e-05   5.6e-09  1.1e-04  3.9e+04  1.8e+01
  2490 -1.79381e-01  1.122e-05  4.851e-05   5.4e-09  1.1e-04  3.9e+04  1.4e+01
  2500 -1.79381e-01  1.073e-05  4.606e-05   5.1e-09  1.1e-04  3.9e+04  1.9e+01
  2510 -1.79381e-01  1.024e-05  4.366e-05   4.9e-09  1.1e-04  3.9e+04  1.7e+01
 
   itn      x(1)       norm r    norm Ar  compatible   LS      norm A   cond A
  2520 -1.79381e-01  9.768e-06  4.141e-05   4.7e-09  1.1e-04  3.9e+04  1.6e+01
  2530 -1.79381e-01  9.327e-06  3.935e-05   4.5e-09  1.1e-04  3.9e+04  1.7e+01
  2540 -1.79381e-01  8.899e-06  3.739e-05   4.2e-09  1.1e-04  4.0e+04  1.7e+01
  2550 -1.79381e-01  8.461e-06  3.544e-05   4.0e-09  1.1e-04  4.0e+04  1.5e+01
  2560 -1.79381e-01  8.060e-06  3.368e-05   3.8e-09  1.1e-04  4.0e+04  1.6e+01
  2570 -1.79381e-01  7.690e-06  3.209e-05   3.7e-09  1.1e-04  4.0e+04  1.7e+01
  2580 -1.79381e-01  7.300e-06  3.045e-05   3.5e-09  1.0e-04  4.0e+04  1.9e+01
  2590 -1.79381e-01  6.914e-06  2.884e-05   3.3e-09  1.0e-04  4.0e+04  1.3e+01
  2600 -1.79381e-01  6.581e-06  2.748e-05   3.1e-09  1.0e-04  4.0e+04  1.8e+01
  2610 -1.79381e-01  6.223e-06  2.603e-05   3.0e-09  1.0e-04  4.0e+04  1.5e+01
  2620 -1.79381e-01  5.891e-06  2.470e-05   2.8e-09  1.0e-04  4.0e+04  1.4e+01
  2630 -1.79381e-01  5.582e-06  2.347e-05   2.7e-09  1.0e-04  4.0e+04  1.8e+01
  2640 -1.79381e-01  5.272e-06  2.224e-05   2.5e-09  1.0e-04  4.0e+04  1.7e+01
  2650 -1.79381e-01  4.967e-06  2.104e-05   2.4e-09  1.0e-04  4.0e+04  1.4e+01
  2660 -1.79381e-01  4.697e-06  1.997e-05   2.2e-09  1.1e-04  4.0e+04  1.7e+01
  2670 -1.79381e-01  4.419e-06  1.888e-05   2.1e-09  1.1e-04  4.1e+04  1.4e+01
  2680 -1.79381e-01  4.162e-06  1.787e-05   2.0e-09  1.1e-04  4.1e+04  1.7e+01
  2690 -1.79381e-01  3.920e-06  1.692e-05   1.9e-09  1.1e-04  4.1e+04  1.6e+01
  2700 -1.79381e-01  3.677e-06  1.596e-05   1.8e-09  1.1e-04  4.1e+04  1.3e+01
  2710 -1.79381e-01  3.455e-06  1.508e-05   1.6e-09  1.1e-04  4.1e+04  1.7e+01
 
   itn      x(1)       norm r    norm Ar  compatible   LS      norm A   cond A
  2720 -1.79381e-01  3.235e-06  1.421e-05   1.5e-09  1.1e-04  4.1e+04  1.3e+01
  2730 -1.79381e-01  3.041e-06  1.342e-05   1.5e-09  1.1e-04  4.1e+04  2.0e+01
  2740 -1.79381e-01  2.845e-06  1.263e-05   1.4e-09  1.1e-04  4.1e+04  1.7e+01
  2750 -1.79381e-01  2.665e-06  1.190e-05   1.3e-09  1.1e-04  4.1e+04  1.7e+01
  2760 -1.79381e-01  2.497e-06  1.120e-05   1.2e-09  1.1e-04  4.1e+04  1.5e+01
  2770 -1.79381e-01  2.336e-06  1.053e-05   1.1e-09  1.1e-04  4.1e+04  1.6e+01
  2780 -1.79381e-01  2.188e-06  9.906e-06   1.0e-09  1.1e-04  4.1e+04  1.4e+01
  2790 -1.79381e-01  2.049e-06  9.312e-06   9.8e-10  1.1e-04  4.1e+04  1.6e+01
  2800 -1.79381e-01  1.921e-06  8.757e-06   9.2e-10  1.1e-04  4.1e+04  1.5e+01
  2810 -1.79381e-01  1.801e-06  8.235e-06   8.6e-10  1.1e-04  4.2e+04  1.4e+01
  2820 -1.79381e-01  1.687e-06  7.735e-06   8.1e-10  1.1e-04  4.2e+04  1.7e+01
  2830 -1.79381e-01  1.584e-06  7.274e-06   7.6e-10  1.1e-04  4.2e+04  1.7e+01
  2840 -1.79381e-01  1.488e-06  6.843e-06   7.1e-10  1.1e-04  4.2e+04  1.8e+01
  2850 -1.79381e-01  1.396e-06  6.426e-06   6.7e-10  1.1e-04  4.2e+04  1.8e+01
  2860 -1.79381e-01  1.308e-06  6.026e-06   6.2e-10  1.1e-04  4.2e+04  1.4e+01
  2870 -1.79381e-01  1.228e-06  5.659e-06   5.9e-10  1.1e-04  4.2e+04  1.8e+01
  2880 -1.79381e-01  1.153e-06  5.310e-06   5.5e-10  1.1e-04  4.2e+04  1.9e+01
  2890 -1.79381e-01  1.080e-06  4.966e-06   5.2e-10  1.1e-04  4.2e+04  1.4e+01
  2900 -1.79381e-01  1.020e-06  4.681e-06   4.9e-10  1.1e-04  4.2e+04  1.9e+01
  2910 -1.79381e-01  9.560e-07  4.374e-06   4.6e-10  1.1e-04  4.2e+04  1.6e+01
 
   itn      x(1)       norm r    norm Ar  compatible   LS      norm A   cond A
  2920 -1.79381e-01  8.997e-07  4.101e-06   4.3e-10  1.1e-04  4.2e+04  1.6e+01
  2930 -1.79381e-01  8.472e-07  3.844e-06   4.0e-10  1.1e-04  4.2e+04  1.4e+01
  2940 -1.79381e-01  7.990e-07  3.605e-06   3.8e-10  1.1e-04  4.3e+04  1.7e+01
  2950 -1.79381e-01  7.529e-07  3.372e-06   3.6e-10  1.1e-04  4.3e+04  1.3e+01
  2960 -1.79381e-01  7.124e-07  3.165e-06   3.4e-10  1.0e-04  4.3e+04  1.3e+01
  2970 -1.79381e-01  6.742e-07  2.965e-06   3.2e-10  1.0e-04  4.3e+04  1.5e+01
  2980 -1.79381e-01  6.391e-07  2.779e-06   3.1e-10  1.0e-04  4.3e+04  1.5e+01
  2990 -1.79381e-01  6.057e-07  2.597e-06   2.9e-10  1.0e-04  4.3e+04  1.3e+01
  3000 -1.79381e-01  5.762e-07  2.433e-06   2.8e-10  9.8e-05  4.3e+04  1.6e+01
  3010 -1.79381e-01  5.480e-07  2.272e-06   2.6e-10  9.6e-05  4.3e+04  1.4e+01
  3020 -1.79381e-01  5.228e-07  2.124e-06   2.5e-10  9.4e-05  4.3e+04  1.6e+01
  3030 -1.79381e-01  5.000e-07  1.985e-06   2.4e-10  9.2e-05  4.3e+04  1.3e+01
  3040 -1.79381e-01  4.790e-07  1.854e-06   2.3e-10  9.0e-05  4.3e+04  1.8e+01
  3050 -1.79381e-01  4.594e-07  1.726e-06   2.2e-10  8.7e-05  4.3e+04  1.6e+01
  3060 -1.79381e-01  4.427e-07  1.612e-06   2.1e-10  8.4e-05  4.3e+04  1.7e+01
  3070 -1.79381e-01  4.279e-07  1.506e-06   2.0e-10  8.1e-05  4.3e+04  1.9e+01
  3080 -1.79381e-01  4.130e-07  1.396e-06   2.0e-10  7.8e-05  4.4e+04  1.2e+01
  3090 -1.79381e-01  4.014e-07  1.304e-06   1.9e-10  7.5e-05  4.4e+04  1.6e+01
  3100 -1.79381e-01  3.908e-07  1.217e-06   1.9e-10  7.1e-05  4.4e+04  1.8e+01
  3110 -1.79381e-01  3.811e-07  1.132e-06   1.8e-10  6.8e-05  4.4e+04  1.3e+01
 
   itn      x(1)       norm r    norm Ar  compatible   LS      norm A   cond A
  3120 -1.79381e-01  3.730e-07  1.058e-06   1.8e-10  6.5e-05  4.4e+04  1.6e+01
  3130 -1.79381e-01  3.654e-07  9.830e-07   1.7e-10  6.1e-05  4.4e+04  1.4e+01
  3140 -1.79381e-01  3.591e-07  9.178e-07   1.7e-10  5.8e-05  4.4e+04  1.6e+01
  3150 -1.79381e-01  3.534e-07  8.555e-07   1.7e-10  5.5e-05  4.4e+04  1.3e+01
  3160 -1.79381e-01  3.485e-07  7.973e-07   1.7e-10  5.2e-05  4.4e+04  1.4e+01
  3170 -1.79381e-01  3.440e-07  7.420e-07   1.6e-10  4.9e-05  4.4e+04  1.3e+01
  3180 -1.79381e-01  3.403e-07  6.915e-07   1.6e-10  4.6e-05  4.4e+04  1.3e+01
  3190 -1.79381e-01  3.369e-07  6.433e-07   1.6e-10  4.3e-05  4.4e+04  1.5e+01
  3200 -1.79381e-01  3.340e-07  5.990e-07   1.6e-10  4.0e-05  4.4e+04  1.3e+01
  3210 -1.79381e-01  3.315e-07  5.574e-07   1.6e-10  3.8e-05  4.4e+04  1.6e+01
  3220 -1.79381e-01  3.293e-07  5.188e-07   1.6e-10  3.5e-05  4.4e+04  1.6e+01
  3230 -1.79381e-01  3.274e-07  4.822e-07   1.6e-10  3.3e-05  4.5e+04  1.5e+01
  3240 -1.79381e-01  3.258e-07  4.500e-07   1.6e-10  3.1e-05  4.5e+04  1.5e+01
  3250 -1.79381e-01  3.243e-07  4.180e-07   1.5e-10  2.9e-05  4.5e+04  1.2e+01
  3260 -1.79381e-01  3.230e-07  3.879e-07   1.5e-10  2.7e-05  4.5e+04  1.3e+01
  3270 -1.79381e-01  3.220e-07  3.616e-07   1.5e-10  2.5e-05  4.5e+04  1.4e+01
  3280 -1.79381e-01  3.211e-07  3.366e-07   1.5e-10  2.3e-05  4.5e+04  1.6e+01
  3290 -1.79381e-01  3.203e-07  3.134e-07   1.5e-10  2.2e-05  4.5e+04  1.3e+01
  3300 -1.79381e-01  3.196e-07  2.924e-07   1.5e-10  2.0e-05  4.5e+04  1.6e+01
  3310 -1.79381e-01  3.190e-07  2.718e-07   1.5e-10  1.9e-05  4.5e+04  1.4e+01
 
   itn      x(1)       norm r    norm Ar  compatible   LS      norm A   cond A
  3320 -1.79381e-01  3.185e-07  2.533e-07   1.5e-10  1.8e-05  4.5e+04  1.6e+01
  3330 -1.79381e-01  3.180e-07  2.355e-07   1.5e-10  1.6e-05  4.5e+04  1.4e+01
  3340 -1.79381e-01  3.176e-07  2.186e-07   1.5e-10  1.5e-05  4.5e+04  1.2e+01
  3350 -1.79381e-01  3.172e-07  2.039e-07   1.5e-10  1.4e-05  4.5e+04  1.7e+01
  3360 -1.79381e-01  3.170e-07  1.904e-07   1.5e-10  1.3e-05  4.5e+04  1.5e+01
  3370 -1.79381e-01  3.167e-07  1.775e-07   1.5e-10  1.2e-05  4.5e+04  1.5e+01
  3380 -1.79381e-01  3.165e-07  1.656e-07   1.5e-10  1.1e-05  4.6e+04  1.5e+01
  3390 -1.79381e-01  3.163e-07  1.543e-07   1.5e-10  1.1e-05  4.6e+04  1.8e+01
  3400 -1.79381e-01  3.161e-07  1.442e-07   1.5e-10  1.0e-05  4.6e+04  1.5e+01
  3410 -1.79381e-01  3.160e-07  1.343e-07   1.5e-10  9.3e-06  4.6e+04  1.5e+01
  3420 -1.79381e-01  3.158e-07  1.255e-07   1.5e-10  8.7e-06  4.6e+04  1.7e+01
  3430 -1.79381e-01  3.157e-07  1.168e-07   1.5e-10  8.1e-06  4.6e+04  1.5e+01
  3440 -1.79381e-01  3.156e-07  1.092e-07   1.5e-10  7.5e-06  4.6e+04  1.6e+01
  3450 -1.79381e-01  3.155e-07  1.019e-07   1.5e-10  7.0e-06  4.6e+04  1.3e+01
  3460 -1.79381e-01  3.155e-07  9.531e-08   1.5e-10  6.6e-06  4.6e+04  1.2e+01
  3470 -1.79381e-01  3.154e-07  8.923e-08   1.5e-10  6.1e-06  4.6e+04  1.6e+01
  3480 -1.79381e-01  3.153e-07  8.319e-08   1.5e-10  5.7e-06  4.6e+04  1.3e+01
  3490 -1.79381e-01  3.153e-07  7.778e-08   1.5e-10  5.3e-06  4.6e+04  1.6e+01
  3500 -1.79381e-01  3.153e-07  7.286e-08   1.5e-10  5.0e-06  4.6e+04  1.6e+01
  3510 -1.79381e-01  3.152e-07  6.806e-08   1.5e-10  4.6e-06  4.6e+04  1.4e+01
 
   itn      x(1)       norm r    norm Ar  compatible   LS      norm A   cond A
  3520 -1.79381e-01  3.152e-07  6.373e-08   1.5e-10  4.3e-06  4.7e+04  1.5e+01
  3530 -1.79381e-01  3.151e-07  5.951e-08   1.5e-10  4.1e-06  4.7e+04  1.4e+01
  3540 -1.79381e-01  3.151e-07  5.575e-08   1.5e-10  3.8e-06  4.7e+04  1.7e+01
  3550 -1.79381e-01  3.151e-07  5.214e-08   1.5e-10  3.5e-06  4.7e+04  1.5e+01
  3560 -1.79381e-01  3.151e-07  4.873e-08   1.5e-10  3.3e-06  4.7e+04  1.4e+01
  3570 -1.79381e-01  3.151e-07  4.576e-08   1.5e-10  3.1e-06  4.7e+04  1.6e+01
  3580 -1.79381e-01  3.150e-07  4.280e-08   1.5e-10  2.9e-06  4.7e+04  1.4e+01
  3590 -1.79381e-01  3.150e-07  4.018e-08   1.5e-10  2.7e-06  4.7e+04  1.7e+01
  3600 -1.79381e-01  3.150e-07  3.750e-08   1.5e-10  2.5e-06  4.7e+04  1.4e+01
  3610 -1.79381e-01  3.150e-07  3.513e-08   1.5e-10  2.4e-06  4.7e+04  1.4e+01
  3620 -1.79381e-01  3.150e-07  3.288e-08   1.5e-10  2.2e-06  4.7e+04  1.5e+01
  3630 -1.79381e-01  3.150e-07  3.078e-08   1.5e-10  2.1e-06  4.7e+04  1.8e+01
  3640 -1.79381e-01  3.150e-07  2.867e-08   1.5e-10  1.9e-06  4.7e+04  1.2e+01
  3650 -1.79381e-01  3.150e-07  2.682e-08   1.5e-10  1.8e-06  4.7e+04  1.8e+01
  3660 -1.79381e-01  3.150e-07  2.504e-08   1.5e-10  1.7e-06  4.7e+04  1.6e+01
  3670 -1.79381e-01  3.150e-07  2.337e-08   1.5e-10  1.6e-06  4.7e+04  1.7e+01
  3680 -1.79381e-01  3.150e-07  2.170e-08   1.5e-10  1.4e-06  4.8e+04  1.3e+01
  3690 -1.79381e-01  3.150e-07  2.022e-08   1.5e-10  1.3e-06  4.8e+04  1.7e+01
  3700 -1.79381e-01  3.150e-07  1.879e-08   1.5e-10  1.3e-06  4.8e+04  1.3e+01
  3710 -1.79381e-01  3.150e-07  1.748e-08   1.5e-10  1.2e-06  4.8e+04  1.6e+01
 
   itn      x(1)       norm r    norm Ar  compatible   LS      norm A   cond A
  3720 -1.79381e-01  3.150e-07  1.620e-08   1.5e-10  1.1e-06  4.8e+04  1.5e+01
  3730 -1.79381e-01  3.149e-07  1.503e-08   1.5e-10  1.0e-06  4.8e+04  1.6e+01
  3740 -1.79381e-01  3.149e-07  1.394e-08   1.5e-10  9.2e-07  4.8e+04  1.6e+01
  3750 -1.79381e-01  3.149e-07  1.286e-08   1.5e-10  8.5e-07  4.8e+04  1.4e+01
  3760 -1.79381e-01  3.149e-07  1.193e-08   1.5e-10  7.9e-07  4.8e+04  1.5e+01
  3770 -1.79381e-01  3.149e-07  1.105e-08   1.5e-10  7.3e-07  4.8e+04  1.5e+01
  3780 -1.79381e-01  3.149e-07  1.021e-08   1.5e-10  6.7e-07  4.8e+04  1.5e+01
  3790 -1.79381e-01  3.149e-07  9.438e-09   1.5e-10  6.2e-07  4.8e+04  1.4e+01
  3800 -1.79381e-01  3.149e-07  8.709e-09   1.5e-10  5.7e-07  4.8e+04  1.2e+01
  3810 -1.79381e-01  3.149e-07  8.084e-09   1.5e-10  5.3e-07  4.8e+04  1.4e+01
  3820 -1.79381e-01  3.149e-07  7.441e-09   1.5e-10  4.9e-07  4.8e+04  1.5e+01
  3830 -1.79381e-01  3.149e-07  6.862e-09   1.5e-10  4.5e-07  4.9e+04  1.2e+01
  3840 -1.79381e-01  3.149e-07  6.354e-09   1.5e-10  4.2e-07  4.9e+04  1.3e+01
  3850 -1.79381e-01  3.149e-07  5.874e-09   1.5e-10  3.8e-07  4.9e+04  1.3e+01
  3860 -1.79381e-01  3.149e-07  5.421e-09   1.5e-10  3.5e-07  4.9e+04  1.2e+01
  3870 -1.79381e-01  3.149e-07  5.014e-09   1.5e-10  3.3e-07  4.9e+04  1.3e+01
  3880 -1.79381e-01  3.149e-07  4.651e-09   1.5e-10  3.0e-07  4.9e+04  1.5e+01
  3890 -1.79381e-01  3.149e-07  4.277e-09   1.5e-10  2.8e-07  4.9e+04  1.2e+01
  3900 -1.79381e-01  3.149e-07  3.959e-09   1.5e-10  2.6e-07  4.9e+04  1.5e+01
  3910 -1.79381e-01  3.149e-07  3.667e-09   1.5e-10  2.4e-07  4.9e+04  1.4e+01
 
   itn      x(1)       norm r    norm Ar  compatible   LS      norm A   cond A
  3920 -1.79381e-01  3.149e-07  3.396e-09   1.5e-10  2.2e-07  4.9e+04  1.4e+01
  3930 -1.79381e-01  3.149e-07  3.150e-09   1.5e-10  2.0e-07  4.9e+04  1.5e+01
  3940 -1.79381e-01  3.149e-07  2.916e-09   1.5e-10  1.9e-07  4.9e+04  1.3e+01
  3950 -1.79381e-01  3.149e-07  2.699e-09   1.5e-10  1.7e-07  4.9e+04  1.4e+01
  3960 -1.79381e-01  3.149e-07  2.505e-09   1.5e-10  1.6e-07  4.9e+04  1.3e+01
  3970 -1.79381e-01  3.149e-07  2.324e-09   1.5e-10  1.5e-07  4.9e+04  1.5e+01
  3980 -1.79381e-01  3.149e-07  2.161e-09   1.5e-10  1.4e-07  4.9e+04  1.3e+01
  3990 -1.79381e-01  3.149e-07  2.011e-09   1.5e-10  1.3e-07  5.0e+04  1.6e+01
  4000 -1.79381e-01  3.149e-07  1.871e-09   1.5e-10  1.2e-07  5.0e+04  1.5e+01
  4010 -1.79381e-01  3.149e-07  1.739e-09   1.5e-10  1.1e-07  5.0e+04  1.7e+01
  4020 -1.79381e-01  3.149e-07  1.614e-09   1.5e-10  1.0e-07  5.0e+04  1.3e+01
  4030 -1.79381e-01  3.149e-07  1.500e-09   1.5e-10  9.6e-08  5.0e+04  1.7e+01
  4040 -1.79381e-01  3.149e-07  1.396e-09   1.5e-10  8.9e-08  5.0e+04  1.5e+01
  4050 -1.79381e-01  3.149e-07  1.296e-09   1.5e-10  8.3e-08  5.0e+04  1.2e+01
  4060 -1.79381e-01  3.149e-07  1.206e-09   1.5e-10  7.7e-08  5.0e+04  1.3e+01
  4070 -1.79381e-01  3.149e-07  1.128e-09   1.5e-10  7.2e-08  5.0e+04  1.6e+01
  4080 -1.79381e-01  3.149e-07  1.050e-09   1.5e-10  6.7e-08  5.0e+04  1.4e+01
  4090 -1.79381e-01  3.149e-07  9.801e-10   1.5e-10  6.2e-08  5.0e+04  1.5e+01
  4100 -1.79381e-01  3.149e-07  9.148e-10   1.5e-10  5.8e-08  5.0e+04  1.7e+01
  4110 -1.79381e-01  3.149e-07  8.513e-10   1.5e-10  5.4e-08  5.0e+04  1.4e+01
 
   itn      x(1)       norm r    norm Ar  compatible   LS      norm A   cond A
  4120 -1.79381e-01  3.149e-07  7.955e-10   1.5e-10  5.0e-08  5.0e+04  1.6e+01
  4130 -1.79381e-01  3.149e-07  7.409e-10   1.5e-10  4.7e-08  5.0e+04  1.5e+01
  4140 -1.79381e-01  3.149e-07  6.899e-10   1.5e-10  4.3e-08  5.0e+04  1.1e+01
  4150 -1.79381e-01  3.149e-07  6.433e-10   1.5e-10  4.0e-08  5.0e+04  1.4e+01
  4160 -1.79381e-01  3.149e-07  6.003e-10   1.5e-10  3.8e-08  5.1e+04  1.3e+01
  4170 -1.79381e-01  3.149e-07  5.589e-10   1.5e-10  3.5e-08  5.1e+04  1.3e+01
  4180 -1.79381e-01  3.149e-07  5.210e-10   1.5e-10  3.3e-08  5.1e+04  1.3e+01
  4190 -1.79381e-01  3.149e-07  4.873e-10   1.5e-10  3.0e-08  5.1e+04  1.6e+01
  4200 -1.79381e-01  3.149e-07  4.540e-10   1.5e-10  2.8e-08  5.1e+04  1.5e+01
  4210 -1.79381e-01  3.149e-07  4.230e-10   1.5e-10  2.6e-08  5.1e+04  1.4e+01
  4220 -1.79381e-01  3.149e-07  3.946e-10   1.5e-10  2.5e-08  5.1e+04  1.4e+01
  4230 -1.79381e-01  3.149e-07  3.683e-10   1.5e-10  2.3e-08  5.1e+04  1.5e+01
  4240 -1.79381e-01  3.149e-07  3.423e-10   1.5e-10  2.1e-08  5.1e+04  1.5e+01
  4250 -1.79381e-01  3.149e-07  3.192e-10   1.5e-10  2.0e-08  5.1e+04  1.3e+01
  4260 -1.79381e-01  3.149e-07  2.977e-10   1.5e-10  1.8e-08  5.1e+04  1.5e+01
  4270 -1.79381e-01  3.149e-07  2.768e-10   1.5e-10  1.7e-08  5.1e+04  1.2e+01
  4280 -1.79381e-01  3.149e-07  2.580e-10   1.5e-10  1.6e-08  5.1e+04  1.4e+01
  4290 -1.79381e-01  3.149e-07  2.405e-10   1.5e-10  1.5e-08  5.1e+04  1.5e+01
  4300 -1.79381e-01  3.149e-07  2.240e-10   1.5e-10  1.4e-08  5.1e+04  1.6e+01
  4310 -1.79381e-01  3.149e-07  2.086e-10   1.5e-10  1.3e-08  5.1e+04  1.2e+01
 
   itn      x(1)       norm r    norm Ar  compatible   LS      norm A   cond A
  4320 -1.79381e-01  3.149e-07  1.940e-10   1.5e-10  1.2e-08  5.2e+04  1.4e+01
  4330 -1.79381e-01  3.149e-07  1.809e-10   1.5e-10  1.1e-08  5.2e+04  1.4e+01
  4340 -1.79381e-01  3.149e-07  1.683e-10   1.5e-10  1.0e-08  5.2e+04  1.2e+01
  4350 -1.79381e-01  3.149e-07  1.569e-10   1.5e-10  9.6e-09  5.2e+04  1.6e+01
  4360 -1.79381e-01  3.149e-07  1.459e-10   1.5e-10  9.0e-09  5.2e+04  1.3e+01
  4370 -1.79381e-01  3.149e-07  1.363e-10   1.5e-10  8.4e-09  5.2e+04  1.7e+01
  4380 -1.79381e-01  3.149e-07  1.267e-10   1.5e-10  7.8e-09  5.2e+04  1.4e+01
  4390 -1.79381e-01  3.149e-07  1.178e-10   1.5e-10  7.2e-09  5.2e+04  1.4e+01
  4400 -1.79381e-01  3.149e-07  1.098e-10   1.5e-10  6.7e-09  5.2e+04  1.2e+01
  4410 -1.79381e-01  3.149e-07  1.025e-10   1.5e-10  6.3e-09  5.2e+04  1.4e+01
  4420 -1.79381e-01  3.149e-07  9.543e-11   1.5e-10  5.8e-09  5.2e+04  1.3e+01
  4430 -1.79381e-01  3.149e-07  8.901e-11   1.5e-10  5.4e-09  5.2e+04  1.5e+01
  4440 -1.79381e-01  3.149e-07  8.295e-11   1.5e-10  5.0e-09  5.2e+04  1.7e+01
  4450 -1.79381e-01  3.149e-07  7.735e-11   1.5e-10  4.7e-09  5.2e+04  1.5e+01
  4460 -1.79381e-01  3.149e-07  7.218e-11   1.5e-10  4.4e-09  5.2e+04  1.6e+01
  4470 -1.79381e-01  3.149e-07  6.738e-11   1.5e-10  4.1e-09  5.2e+04  1.7e+01
  4480 -1.79381e-01  3.149e-07  6.260e-11   1.5e-10  3.8e-09  5.2e+04  1.3e+01
  4490 -1.79381e-01  3.149e-07  5.863e-11   1.5e-10  3.5e-09  5.3e+04  1.6e+01
  4500 -1.79381e-01  3.149e-07  5.464e-11   1.5e-10  3.3e-09  5.3e+04  1.3e+01
  4510 -1.79381e-01  3.149e-07  5.096e-11   1.5e-10  3.1e-09  5.3e+04  1.5e+01
 
   itn      x(1)       norm r    norm Ar  compatible   LS      norm A   cond A
  4520 -1.79381e-01  3.149e-07  4.750e-11   1.5e-10  2.9e-09  5.3e+04  1.3e+01
  4530 -1.79381e-01  3.149e-07  4.427e-11   1.5e-10  2.7e-09  5.3e+04  1.4e+01
  4540 -1.79381e-01  3.149e-07  4.135e-11   1.5e-10  2.5e-09  5.3e+04  1.6e+01
  4550 -1.79381e-01  3.149e-07  3.853e-11   1.5e-10  2.3e-09  5.3e+04  1.5e+01
  4560 -1.79381e-01  3.149e-07  3.599e-11   1.5e-10  2.2e-09  5.3e+04  1.6e+01
  4570 -1.79381e-01  3.149e-07  3.361e-11   1.5e-10  2.0e-09  5.3e+04  1.5e+01
  4580 -1.79381e-01  3.149e-07  3.125e-11   1.5e-10  1.9e-09  5.3e+04  1.2e+01
  4590 -1.79381e-01  3.149e-07  2.917e-11   1.5e-10  1.7e-09  5.3e+04  1.6e+01
  4600 -1.79381e-01  3.149e-07  2.713e-11   1.5e-10  1.6e-09  5.3e+04  1.6e+01
  4610 -1.79381e-01  3.149e-07  2.530e-11   1.5e-10  1.5e-09  5.3e+04  1.5e+01
  4620 -1.79381e-01  3.149e-07  2.352e-11   1.5e-10  1.4e-09  5.3e+04  1.6e+01
  4630 -1.79381e-01  3.149e-07  2.187e-11   1.5e-10  1.3e-09  5.3e+04  1.5e+01
  4640 -1.79381e-01  3.149e-07  2.033e-11   1.5e-10  1.2e-09  5.3e+04  1.7e+01
  4650 -1.79381e-01  3.149e-07  1.890e-11   1.5e-10  1.1e-09  5.3e+04  1.5e+01
  4660 -1.79381e-01  3.149e-07  1.755e-11   1.5e-10  1.0e-09  5.4e+04  1.5e+01
  4670 -1.79381e-01  3.149e-07  1.628e-11   1.5e-10  9.7e-10  5.4e+04  1.6e+01
  4680 -1.79381e-01  3.149e-07  1.511e-11   1.5e-10  8.9e-10  5.4e+04  1.2e+01
  4690 -1.79381e-01  3.149e-07  1.402e-11   1.5e-10  8.3e-10  5.4e+04  1.2e+01
  4700 -1.79381e-01  3.149e-07  1.297e-11   1.5e-10  7.7e-10  5.4e+04  1.4e+01
  4710 -1.79381e-01  3.149e-07  1.204e-11   1.5e-10  7.1e-10  5.4e+04  1.5e+01
 
   itn      x(1)       norm r    norm Ar  compatible   LS      norm A   cond A
  4720 -1.79381e-01  3.149e-07  1.113e-11   1.5e-10  6.6e-10  5.4e+04  1.6e+01
  4730 -1.79381e-01  3.149e-07  1.031e-11   1.5e-10  6.1e-10  5.4e+04  1.3e+01
  4740 -1.79381e-01  3.149e-07  9.553e-12   1.5e-10  5.6e-10  5.4e+04  1.5e+01
  4750 -1.79381e-01  3.149e-07  8.857e-12   1.5e-10  5.2e-10  5.4e+04  1.4e+01
  4760 -1.79381e-01  3.149e-07  8.187e-12   1.5e-10  4.8e-10  5.4e+04  1.2e+01
  4770 -1.79381e-01  3.149e-07  7.588e-12   1.5e-10  4.5e-10  5.4e+04  1.4e+01
  4780 -1.79381e-01  3.149e-07  7.033e-12   1.5e-10  4.1e-10  5.4e+04  1.4e+01
  4790 -1.79381e-01  3.149e-07  6.524e-12   1.5e-10  3.8e-10  5.4e+04  1.4e+01
  4800 -1.79381e-01  3.149e-07  6.063e-12   1.5e-10  3.5e-10  5.4e+04  1.2e+01
  4810 -1.79381e-01  3.149e-07  5.628e-12   1.5e-10  3.3e-10  5.4e+04  1.7e+01
  4820 -1.79381e-01  3.149e-07  5.226e-12   1.5e-10  3.0e-10  5.4e+04  1.6e+01
  4830 -1.79381e-01  3.149e-07  4.860e-12   1.5e-10  2.8e-10  5.4e+04  1.4e+01
  4840 -1.79381e-01  3.149e-07  4.522e-12   1.5e-10  2.6e-10  5.5e+04  1.5e+01
  4850 -1.79381e-01  3.149e-07  4.226e-12   1.5e-10  2.5e-10  5.5e+04  1.7e+01
  4860 -1.79381e-01  3.149e-07  3.929e-12   1.5e-10  2.3e-10  5.5e+04  1.4e+01
  4870 -1.79381e-01  3.149e-07  3.674e-12   1.5e-10  2.1e-10  5.5e+04  1.7e+01
  4880 -1.79381e-01  3.149e-07  3.431e-12   1.5e-10  2.0e-10  5.5e+04  1.3e+01
  4890 -1.79381e-01  3.149e-07  3.219e-12   1.5e-10  1.9e-10  5.5e+04  1.7e+01
  4900 -1.79381e-01  3.149e-07  3.019e-12   1.5e-10  1.7e-10  5.5e+04  1.5e+01
  4910 -1.79381e-01  3.149e-07  2.827e-12   1.5e-10  1.6e-10  5.5e+04  1.4e+01
 
   itn      x(1)       norm r    norm Ar  compatible   LS      norm A   cond A
  4920 -1.79381e-01  3.149e-07  2.660e-12   1.5e-10  1.5e-10  5.5e+04  1.8e+01
  4930 -1.79381e-01  3.149e-07  2.501e-12   1.5e-10  1.4e-10  5.5e+04  1.6e+01
  4940 -1.79381e-01  3.149e-07  2.351e-12   1.5e-10  1.4e-10  5.5e+04  1.4e+01
  4950 -1.79381e-01  3.149e-07  2.216e-12   1.5e-10  1.3e-10  5.5e+04  1.7e+01
  4960 -1.79381e-01  3.149e-07  2.089e-12   1.5e-10  1.2e-10  5.5e+04  1.7e+01
  4970 -1.79381e-01  3.149e-07  1.971e-12   1.5e-10  1.1e-10  5.5e+04  1.4e+01
  4980 -1.79381e-01  3.149e-07  1.864e-12   1.5e-10  1.1e-10  5.5e+04  1.5e+01
  4990 -1.79381e-01  3.149e-07  1.765e-12   1.5e-10  1.0e-10  5.5e+04  1.7e+01
  5000 -1.79381e-01  3.149e-07  1.666e-12   1.5e-10  9.5e-11  5.5e+04  1.4e+01
  5010 -1.79381e-01  3.149e-07  1.580e-12   1.5e-10  9.0e-11  5.5e+04  1.9e+01
  5020 -1.79381e-01  3.149e-07  1.494e-12   1.5e-10  8.5e-11  5.6e+04  1.8e+01
  5030 -1.79381e-01  3.149e-07  1.418e-12   1.5e-10  8.1e-11  5.6e+04  1.8e+01
  5040 -1.79381e-01  3.149e-07  1.343e-12   1.5e-10  7.7e-11  5.6e+04  1.7e+01
  5050 -1.79381e-01  3.149e-07  1.274e-12   1.5e-10  7.3e-11  5.6e+04  2.1e+01
  5060 -1.79381e-01  3.149e-07  1.209e-12   1.5e-10  6.9e-11  5.6e+04  1.5e+01
  5070 -1.79381e-01  3.149e-07  1.147e-12   1.5e-10  6.5e-11  5.6e+04  2.0e+01
  5080 -1.79381e-01  3.149e-07  1.087e-12   1.5e-10  6.2e-11  5.6e+04  1.4e+01
  5090 -1.79381e-01  3.149e-07  1.032e-12   1.5e-10  5.9e-11  5.6e+04  1.6e+01
  5100 -1.79381e-01  3.149e-07  9.807e-13   1.5e-10  5.6e-11  5.6e+04  1.7e+01
  5110 -1.79381e-01  3.149e-07  9.288e-13   1.5e-10  5.3e-11  5.6e+04  1.6e+01
 
   itn      x(1)       norm r    norm Ar  compatible   LS      norm A   cond A
  5120 -1.79381e-01  3.149e-07  8.811e-13   1.5e-10  5.0e-11  5.6e+04  1.5e+01
  5130 -1.79381e-01  3.149e-07  8.338e-13   1.5e-10  4.7e-11  5.6e+04  1.9e+01
  5140 -1.79381e-01  3.149e-07  7.890e-13   1.5e-10  4.5e-11  5.6e+04  2.1e+01
  5150 -1.79381e-01  3.149e-07  7.451e-13   1.5e-10  4.2e-11  5.6e+04  1.7e+01
  5160 -1.79381e-01  3.149e-07  7.045e-13   1.5e-10  4.0e-11  5.6e+04  1.9e+01
  5170 -1.79381e-01  3.149e-07  6.632e-13   1.5e-10  3.7e-11  5.6e+04  1.7e+01
  5180 -1.79381e-01  3.149e-07  6.258e-13   1.5e-10  3.5e-11  5.6e+04  1.6e+01
  5190 -1.79381e-01  3.149e-07  5.888e-13   1.5e-10  3.3e-11  5.6e+04  1.4e+01
  5200 -1.79381e-01  3.149e-07  5.538e-13   1.5e-10  3.1e-11  5.7e+04  1.6e+01
  5210 -1.79381e-01  3.149e-07  5.203e-13   1.5e-10  2.9e-11  5.7e+04  1.3e+01
  5220 -1.79381e-01  3.149e-07  4.875e-13   1.5e-10  2.7e-11  5.7e+04  1.6e+01
  5230 -1.79381e-01  3.149e-07  4.577e-13   1.5e-10  2.6e-11  5.7e+04  1.7e+01
  5240 -1.79381e-01  3.149e-07  4.284e-13   1.5e-10  2.4e-11  5.7e+04  1.5e+01
  5250 -1.79381e-01  3.149e-07  3.992e-13   1.5e-10  2.2e-11  5.7e+04  1.5e+01
  5260 -1.79381e-01  3.149e-07  3.729e-13   1.5e-10  2.1e-11  5.7e+04  1.5e+01
  5270 -1.79381e-01  3.149e-07  3.476e-13   1.5e-10  1.9e-11  5.7e+04  1.4e+01
  5280 -1.79381e-01  3.149e-07  3.237e-13   1.5e-10  1.8e-11  5.7e+04  1.7e+01
  5290 -1.79381e-01  3.149e-07  3.008e-13   1.5e-10  1.7e-11  5.7e+04  1.3e+01
  5300 -1.79381e-01  3.149e-07  2.809e-13   1.5e-10  1.6e-11  5.7e+04  1.6e+01
  5310 -1.79381e-01  3.149e-07  2.602e-13   1.5e-10  1.4e-11  5.7e+04  1.7e+01
 
   itn      x(1)       norm r    norm Ar  compatible   LS      norm A   cond A
  5320 -1.79381e-01  3.149e-07  2.416e-13   1.5e-10  1.3e-11  5.7e+04  1.7e+01
  5330 -1.79381e-01  3.149e-07  2.239e-13   1.5e-10  1.2e-11  5.7e+04  1.3e+01
  5340 -1.79381e-01  3.149e-07  2.087e-13   1.5e-10  1.2e-11  5.7e+04  1.5e+01
  5350 -1.79381e-01  3.149e-07  1.930e-13   1.5e-10  1.1e-11  5.7e+04  1.4e+01
  5360 -1.79381e-01  3.149e-07  1.794e-13   1.5e-10  9.9e-12  5.7e+04  1.2e+01
  5370 -1.79381e-01  3.149e-07  1.665e-13   1.5e-10  9.2e-12  5.7e+04  1.7e+01
  5380 -1.79381e-01  3.149e-07  1.540e-13   1.5e-10  8.5e-12  5.7e+04  1.3e+01
  5390 -1.79381e-01  3.149e-07  1.433e-13   1.5e-10  7.9e-12  5.8e+04  1.6e+01
  5400 -1.79381e-01  3.149e-07  1.327e-13   1.5e-10  7.3e-12  5.8e+04  1.4e+01
  5410 -1.79381e-01  3.149e-07  1.232e-13   1.5e-10  6.8e-12  5.8e+04  1.3e+01
  5420 -1.79381e-01  3.149e-07  1.143e-13   1.5e-10  6.3e-12  5.8e+04  1.5e+01
  5430 -1.79381e-01  3.149e-07  1.059e-13   1.5e-10  5.8e-12  5.8e+04  1.1e+01
  5440 -1.79381e-01  3.149e-07  9.827e-14   1.5e-10  5.4e-12  5.8e+04  1.5e+01
  5450 -1.79381e-01  3.149e-07  9.120e-14   1.5e-10  5.0e-12  5.8e+04  1.3e+01
  5460 -1.79381e-01  3.149e-07  8.448e-14   1.5e-10  4.6e-12  5.8e+04  1.5e+01
  5470 -1.79381e-01  3.149e-07  7.840e-14   1.5e-10  4.3e-12  5.8e+04  1.4e+01
  5480 -1.79381e-01  3.149e-07  7.300e-14   1.5e-10  4.0e-12  5.8e+04  1.6e+01
  5490 -1.79381e-01  3.149e-07  6.798e-14   1.5e-10  3.7e-12  5.8e+04  1.4e+01
  5500 -1.79381e-01  3.149e-07  6.332e-14   1.5e-10  3.5e-12  5.8e+04  1.5e+01
  5510 -1.79381e-01  3.149e-07  5.897e-14   1.5e-10  3.2e-12  5.8e+04  1.5e+01
 
   itn      x(1)       norm r    norm Ar  compatible   LS      norm A   cond A
  5520 -1.79381e-01  3.149e-07  5.497e-14   1.5e-10  3.0e-12  5.8e+04  1.4e+01
  5530 -1.79381e-01  3.149e-07  5.117e-14   1.5e-10  2.8e-12  5.8e+04  1.3e+01
  5540 -1.79381e-01  3.149e-07  4.779e-14   1.5e-10  2.6e-12  5.8e+04  1.6e+01
  5550 -1.79381e-01  3.149e-07  4.456e-14   1.5e-10  2.4e-12  5.8e+04  1.6e+01
  5560 -1.79381e-01  3.149e-07  4.158e-14   1.5e-10  2.3e-12  5.8e+04  1.5e+01
  5570 -1.79381e-01  3.149e-07  3.882e-14   1.5e-10  2.1e-12  5.8e+04  1.6e+01
  5580 -1.79381e-01  3.149e-07  3.627e-14   1.5e-10  2.0e-12  5.9e+04  1.5e+01
  5590 -1.79381e-01  3.149e-07  3.393e-14   1.5e-10  1.8e-12  5.9e+04  1.8e+01
  5600 -1.79381e-01  3.149e-07  3.167e-14   1.5e-10  1.7e-12  5.9e+04  1.7e+01
  5610 -1.79381e-01  3.149e-07  2.960e-14   1.5e-10  1.6e-12  5.9e+04  1.6e+01
  5620 -1.79381e-01  3.149e-07  2.766e-14   1.5e-10  1.5e-12  5.9e+04  1.5e+01
  5630 -1.79381e-01  3.149e-07  2.595e-14   1.5e-10  1.4e-12  5.9e+04  1.6e+01
  5640 -1.79381e-01  3.149e-07  2.433e-14   1.5e-10  1.3e-12  5.9e+04  1.8e+01
  5650 -1.79381e-01  3.149e-07  2.273e-14   1.5e-10  1.2e-12  5.9e+04  1.7e+01
  5660 -1.79381e-01  3.149e-07  2.126e-14   1.5e-10  1.1e-12  5.9e+04  1.5e+01
  5670 -1.79381e-01  3.149e-07  1.989e-14   1.5e-10  1.1e-12  5.9e+04  1.7e+01
  5680 -1.79381e-01  3.149e-07  1.866e-14   1.5e-10  1.0e-12  5.9e+04  1.4e+01
  5690 -1.79381e-01  3.149e-07  1.746e-14   1.5e-10  9.4e-13  5.9e+04  1.5e+01
  5700 -1.79381e-01  3.149e-07  1.642e-14   1.5e-10  8.8e-13  5.9e+04  1.6e+01
  5710 -1.79381e-01  3.149e-07  1.535e-14   1.5e-10  8.2e-13  5.9e+04  1.5e+01
 
   itn      x(1)       norm r    norm Ar  compatible   LS      norm A   cond A
  5720 -1.79381e-01  3.149e-07  1.440e-14   1.5e-10  7.7e-13  5.9e+04  1.5e+01
  5730 -1.79381e-01  3.149e-07  1.349e-14   1.5e-10  7.2e-13  5.9e+04  1.6e+01
  5740 -1.79381e-01  3.149e-07  1.263e-14   1.5e-10  6.8e-13  5.9e+04  1.6e+01
  5750 -1.79381e-01  3.149e-07  1.185e-14   1.5e-10  6.3e-13  5.9e+04  1.5e+01
  5760 -1.79381e-01  3.149e-07  1.108e-14   1.5e-10  5.9e-13  5.9e+04  1.9e+01
  5770 -1.79381e-01  3.149e-07  1.037e-14   1.5e-10  5.5e-13  6.0e+04  1.7e+01
  5780 -1.79381e-01  3.149e-07  9.689e-15   1.5e-10  5.2e-13  6.0e+04  1.5e+01
  5790 -1.79381e-01  3.149e-07  9.061e-15   1.5e-10  4.8e-13  6.0e+04  1.5e+01
  5800 -1.79381e-01  3.149e-07  8.471e-15   1.5e-10  4.5e-13  6.0e+04  1.3e+01
  5810 -1.79381e-01  3.149e-07  7.924e-15   1.5e-10  4.2e-13  6.0e+04  1.6e+01
  5820 -1.79381e-01  3.149e-07  7.420e-15   1.5e-10  3.9e-13  6.0e+04  1.5e+01
  5830 -1.79381e-01  3.149e-07  6.935e-15   1.5e-10  3.7e-13  6.0e+04  1.6e+01
  5840 -1.79381e-01  3.149e-07  6.482e-15   1.5e-10  3.4e-13  6.0e+04  1.7e+01
  5850 -1.79381e-01  3.149e-07  6.047e-15   1.5e-10  3.2e-13  6.0e+04  1.9e+01
  5860 -1.79381e-01  3.149e-07  5.636e-15   1.5e-10  3.0e-13  6.0e+04  1.5e+01
  5870 -1.79381e-01  3.149e-07  5.251e-15   1.5e-10  2.8e-13  6.0e+04  1.6e+01
  5880 -1.79381e-01  3.149e-07  4.891e-15   1.5e-10  2.6e-13  6.0e+04  1.4e+01
  5890 -1.79381e-01  3.149e-07  4.558e-15   1.5e-10  2.4e-13  6.0e+04  1.7e+01
  5900 -1.79381e-01  3.149e-07  4.256e-15   1.5e-10  2.2e-13  6.0e+04  1.5e+01
  5910 -1.79381e-01  3.149e-07  3.951e-15   1.5e-10  2.1e-13  6.0e+04  1.3e+01
 
   itn      x(1)       norm r    norm Ar  compatible   LS      norm A   cond A
  5920 -1.79381e-01  3.149e-07  3.688e-15   1.5e-10  1.9e-13  6.0e+04  1.4e+01
  5930 -1.79381e-01  3.149e-07  3.429e-15   1.5e-10  1.8e-13  6.0e+04  1.5e+01
  5940 -1.79381e-01  3.149e-07  3.186e-15   1.5e-10  1.7e-13  6.0e+04  1.4e+01
  5950 -1.79381e-01  3.149e-07  2.965e-15   1.5e-10  1.6e-13  6.0e+04  1.3e+01
  5960 -1.79381e-01  3.149e-07  2.752e-15   1.5e-10  1.4e-13  6.1e+04  1.3e+01
  5970 -1.79381e-01  3.149e-07  2.560e-15   1.5e-10  1.3e-13  6.1e+04  1.2e+01
  5980 -1.79381e-01  3.149e-07  2.375e-15   1.5e-10  1.2e-13  6.1e+04  1.3e+01
  5990 -1.79381e-01  3.149e-07  2.206e-15   1.5e-10  1.2e-13  6.1e+04  1.6e+01
  6000 -1.79381e-01  3.149e-07  2.053e-15   1.5e-10  1.1e-13  6.1e+04  1.4e+01
  6010 -1.79381e-01  3.149e-07  1.901e-15   1.5e-10  9.9e-14  6.1e+04  1.3e+01
  6020 -1.79381e-01  3.149e-07  1.770e-15   1.5e-10  9.2e-14  6.1e+04  1.4e+01
  6030 -1.79381e-01  3.149e-07  1.639e-15   1.5e-10  8.5e-14  6.1e+04  1.3e+01
  6040 -1.79381e-01  3.149e-07  1.523e-15   1.5e-10  7.9e-14  6.1e+04  1.6e+01
  6050 -1.79381e-01  3.149e-07  1.414e-15   1.5e-10  7.4e-14  6.1e+04  1.4e+01
  6060 -1.79381e-01  3.149e-07  1.310e-15   1.5e-10  6.8e-14  6.1e+04  1.4e+01
  6070 -1.79381e-01  3.149e-07  1.215e-15   1.5e-10  6.3e-14  6.1e+04  1.6e+01
  6080 -1.79381e-01  3.149e-07  1.125e-15   1.5e-10  5.8e-14  6.1e+04  1.6e+01
  6090 -1.79381e-01  3.149e-07  1.038e-15   1.5e-10  5.4e-14  6.1e+04  1.5e+01
  6100 -1.79381e-01  3.149e-07  9.620e-16   1.5e-10  5.0e-14  6.1e+04  1.5e+01
  6110 -1.79381e-01  3.149e-07  8.881e-16   1.5e-10  4.6e-14  6.1e+04  1.2e+01
 
   itn      x(1)       norm r    norm Ar  compatible   LS      norm A   cond A
  6120 -1.79381e-01  3.149e-07  8.215e-16   1.5e-10  4.3e-14  6.1e+04  1.4e+01
  6130 -1.79381e-01  3.149e-07  7.588e-16   1.5e-10  3.9e-14  6.1e+04  1.4e+01
  6140 -1.79381e-01  3.149e-07  7.005e-16   1.5e-10  3.6e-14  6.1e+04  1.2e+01
  6150 -1.79381e-01  3.149e-07  6.482e-16   1.5e-10  3.3e-14  6.1e+04  1.5e+01
  6160 -1.79381e-01  3.149e-07  5.965e-16   1.5e-10  3.1e-14  6.2e+04  1.4e+01
  6170 -1.79381e-01  3.149e-07  5.515e-16   1.5e-10  2.8e-14  6.2e+04  1.4e+01
  6180 -1.79381e-01  3.149e-07  5.090e-16   1.5e-10  2.6e-14  6.2e+04  1.2e+01
  6190 -1.79381e-01  3.149e-07  4.697e-16   1.5e-10  2.4e-14  6.2e+04  1.8e+01
  6200 -1.79381e-01  3.149e-07  4.323e-16   1.5e-10  2.2e-14  6.2e+04  1.4e+01
  6210 -1.79381e-01  3.149e-07  3.980e-16   1.5e-10  2.0e-14  6.2e+04  1.2e+01
  6220 -1.79381e-01  3.149e-07  3.689e-16   1.5e-10  1.9e-14  6.2e+04  1.3e+01
  6230 -1.79381e-01  3.149e-07  3.396e-16   1.5e-10  1.7e-14  6.2e+04  1.2e+01
  6240 -1.79381e-01  3.149e-07  3.141e-16   1.5e-10  1.6e-14  6.2e+04  1.7e+01
  6250 -1.79381e-01  3.149e-07  2.901e-16   1.5e-10  1.5e-14  6.2e+04  1.4e+01
  6260 -1.79381e-01  3.149e-07  2.676e-16   1.5e-10  1.4e-14  6.2e+04  1.4e+01
  6270 -1.79381e-01  3.149e-07  2.478e-16   1.5e-10  1.3e-14  6.2e+04  1.4e+01
  6280 -1.79381e-01  3.149e-07  2.293e-16   1.5e-10  1.2e-14  6.2e+04  1.3e+01
  6290 -1.79381e-01  3.149e-07  2.124e-16   1.5e-10  1.1e-14  6.2e+04  1.7e+01
  6300 -1.79381e-01  3.149e-07  1.962e-16   1.5e-10  1.0e-14  6.2e+04  1.3e+01
  6310 -1.79381e-01  3.149e-07  1.817e-16   1.5e-10  9.3e-15  6.2e+04  1.4e+01
 
   itn      x(1)       norm r    norm Ar  compatible   LS      norm A   cond A
  6320 -1.79381e-01  3.149e-07  1.685e-16   1.5e-10  8.6e-15  6.2e+04  1.4e+01
  6330 -1.79381e-01  3.149e-07  1.557e-16   1.5e-10  7.9e-15  6.2e+04  1.4e+01
  6340 -1.79381e-01  3.149e-07  1.443e-16   1.5e-10  7.3e-15  6.2e+04  1.3e+01
  6350 -1.79381e-01  3.149e-07  1.341e-16   1.5e-10  6.8e-15  6.2e+04  1.7e+01
  6360 -1.79381e-01  3.149e-07  1.241e-16   1.5e-10  6.3e-15  6.3e+04  1.2e+01
  6370 -1.79381e-01  3.149e-07  1.153e-16   1.5e-10  5.9e-15  6.3e+04  1.5e+01
  6380 -1.79381e-01  3.149e-07  1.072e-16   1.5e-10  5.4e-15  6.3e+04  1.6e+01
  6390 -1.79381e-01  3.149e-07  9.939e-17   1.5e-10  5.0e-15  6.3e+04  1.3e+01
  6400 -1.79381e-01  3.149e-07  9.218e-17   1.5e-10  4.7e-15  6.3e+04  1.6e+01
  6410 -1.79381e-01  3.149e-07  8.569e-17   1.5e-10  4.3e-15  6.3e+04  1.4e+01
  6420 -1.79381e-01  3.149e-07  7.936e-17   1.5e-10  4.0e-15  6.3e+04  1.7e+01
  6430 -1.79381e-01  3.149e-07  7.380e-17   1.5e-10  3.7e-15  6.3e+04  1.6e+01
  6440 -1.79381e-01  3.149e-07  6.843e-17   1.5e-10  3.5e-15  6.3e+04  1.6e+01
  6450 -1.79381e-01  3.149e-07  6.366e-17   1.5e-10  3.2e-15  6.3e+04  1.4e+01
  6460 -1.79381e-01  3.149e-07  5.943e-17   1.5e-10  3.0e-15  6.3e+04  1.3e+01
  6470 -1.79381e-01  3.149e-07  5.511e-17   1.5e-10  2.8e-15  6.3e+04  1.4e+01
  6480 -1.79381e-01  3.149e-07  5.124e-17   1.5e-10  2.6e-15  6.3e+04  1.2e+01
  6490 -1.79381e-01  3.149e-07  4.774e-17   1.5e-10  2.4e-15  6.3e+04  1.5e+01
  6500 -1.79381e-01  3.149e-07  4.449e-17   1.5e-10  2.2e-15  6.3e+04  1.5e+01
  6510 -1.79381e-01  3.149e-07  4.146e-17   1.5e-10  2.1e-15  6.3e+04  1.7e+01
 
   itn      x(1)       norm r    norm Ar  compatible   LS      norm A   cond A
  6520 -1.79381e-01  3.149e-07  3.853e-17   1.5e-10  1.9e-15  6.3e+04  1.3e+01
  6530 -1.79381e-01  3.149e-07  3.592e-17   1.5e-10  1.8e-15  6.3e+04  1.5e+01
  6540 -1.79381e-01  3.149e-07  3.339e-17   1.5e-10  1.7e-15  6.3e+04  1.3e+01
  6550 -1.79381e-01  3.149e-07  3.100e-17   1.5e-10  1.6e-15  6.3e+04  1.4e+01
  6560 -1.79381e-01  3.149e-07  2.893e-17   1.5e-10  1.4e-15  6.3e+04  1.6e+01
  6570 -1.79381e-01  3.149e-07  2.684e-17   1.5e-10  1.3e-15  6.4e+04  1.4e+01
  6580 -1.79381e-01  3.149e-07  2.495e-17   1.5e-10  1.2e-15  6.4e+04  1.5e+01
  6590 -1.79381e-01  3.149e-07  2.318e-17   1.5e-10  1.2e-15  6.4e+04  1.4e+01
  6600 -1.79381e-01  3.149e-07  2.152e-17   1.5e-10  1.1e-15  6.4e+04  1.3e+01
  6610 -1.79381e-01  3.149e-07  1.999e-17   1.5e-10  1.0e-15  6.4e+04  1.5e+01
  6620 -1.79381e-01  3.149e-07  1.857e-17   1.5e-10  9.2e-16  6.4e+04  1.4e+01
  6630 -1.79381e-01  3.149e-07  1.724e-17   1.5e-10  8.6e-16  6.4e+04  1.3e+01
  6640 -1.79381e-01  3.149e-07  1.605e-17   1.5e-10  8.0e-16  6.4e+04  1.6e+01
  6650 -1.79381e-01  3.149e-07  1.488e-17   1.5e-10  7.4e-16  6.4e+04  1.5e+01
  6660 -1.79381e-01  3.149e-07  1.382e-17   1.5e-10  6.9e-16  6.4e+04  1.4e+01
  6670 -1.79381e-01  3.149e-07  1.281e-17   1.5e-10  6.4e-16  6.4e+04  1.3e+01
  6680 -1.79381e-01  3.149e-07  1.190e-17   1.5e-10  5.9e-16  6.4e+04  1.1e+01
  6690 -1.79381e-01  3.149e-07  1.106e-17   1.5e-10  5.5e-16  6.4e+04  1.4e+01
  6700 -1.79381e-01  3.149e-07  1.026e-17   1.5e-10  5.1e-16  6.4e+04  1.2e+01
  6710 -1.79381e-01  3.149e-07  9.555e-18   1.5e-10  4.7e-16  6.4e+04  1.7e+01
 
   itn      x(1)       norm r    norm Ar  compatible   LS      norm A   cond A
  6720 -1.79381e-01  3.149e-07  8.863e-18   1.5e-10  4.4e-16  6.4e+04  1.5e+01
  6730 -1.79381e-01  3.149e-07  8.241e-18   1.5e-10  4.1e-16  6.4e+04  1.4e+01
  6740 -1.79381e-01  3.149e-07  7.663e-18   1.5e-10  3.8e-16  6.4e+04  1.6e+01
  6750 -1.79381e-01  3.149e-07  7.103e-18   1.5e-10  3.5e-16  6.4e+04  1.2e+01
  6760 -1.79381e-01  3.149e-07  6.612e-18   1.5e-10  3.3e-16  6.4e+04  1.4e+01
  6770 -1.79381e-01  3.149e-07  6.139e-18   1.5e-10  3.0e-16  6.4e+04  1.6e+01
  6780 -1.79381e-01  3.149e-07  5.728e-18   1.5e-10  2.8e-16  6.5e+04  1.6e+01
  6790 -1.79381e-01  3.149e-07  5.320e-18   1.5e-10  2.6e-16  6.5e+04  1.3e+01
  6800 -1.79381e-01  3.149e-07  4.966e-18   1.5e-10  2.4e-16  6.5e+04  1.4e+01
  6810 -1.79381e-01  3.149e-07  4.622e-18   1.5e-10  2.3e-16  6.5e+04  1.3e+01
  6820 -1.79381e-01  3.149e-07  4.312e-18   1.5e-10  2.1e-16  6.5e+04  1.3e+01
  6830 -1.79381e-01  3.149e-07  4.022e-18   1.5e-10  2.0e-16  6.5e+04  1.5e+01
  6840 -1.79381e-01  3.149e-07  3.744e-18   1.5e-10  1.8e-16  6.5e+04  1.3e+01
  6850 -1.79381e-01  3.149e-07  3.493e-18   1.5e-10  1.7e-16  6.5e+04  1.4e+01
  6860 -1.79381e-01  3.149e-07  3.259e-18   1.5e-10  1.6e-16  6.5e+04  1.7e+01
  6870 -1.79381e-01  3.149e-07  3.035e-18   1.5e-10  1.5e-16  6.5e+04  1.5e+01
  6880 -1.79381e-01  3.149e-07  2.836e-18   1.5e-10  1.4e-16  6.5e+04  1.4e+01
  6890 -1.79381e-01  3.149e-07  2.649e-18   1.5e-10  1.3e-16  6.5e+04  1.6e+01
  6900 -1.79381e-01  3.149e-07  2.472e-18   1.5e-10  1.2e-16  6.5e+04  1.4e+01
  6910 -1.79381e-01  3.149e-07  2.306e-18   1.5e-10  1.1e-16  6.5e+04  1.6e+01
 
   itn      x(1)       norm r    norm Ar  compatible   LS      norm A   cond A
  6912 -1.79381e-01  3.149e-07  2.271e-18   1.5e-10  1.1e-16  6.5e+04  1.4e+01
 
LSMR finished
The least-squares solution is good enough for this machine
istop =       5    normr = 3.1e-07
    normA = 6.5e+04    normAr = 2.3e-18
itn   =    6912    condA = 1.4e+01
    normx = 5.8e+00
  6912 -1.79381e-01   3.149e-07  2.271e-18
   1.5e-10  1.1e-16   6.5e+04  1.4e+01
loss = 9.918586055156338e-14
