OS                           : Linux-5.14.21-150400.24.81_12.0.87-cray_shasta_c-x86_64-with-glibc2.31
Python Version               : 3.9.15
CuPy Version                 : 13.0.0
CuPy Platform                : NVIDIA CUDA
NumPy Version                : 1.23.5
SciPy Version                : 1.9.3
Cython Build Version         : 0.29.36
Cython Runtime Version       : None
CUDA Root                    : /opt/nvidia/hpc_sdk/Linux_x86_64/23.9/cuda/12.2
nvcc PATH                    : /opt/nvidia/hpc_sdk/Linux_x86_64/23.9/cuda/12.2/bin/nvcc
CUDA Build Version           : 12020
CUDA Driver Version          : 12020
CUDA Runtime Version         : 12020 (linked to CuPy) / 12020 (locally installed)
cuBLAS Version               : (available)
cuFFT Version                : 11008
cuRAND Version               : 10303
cuSOLVER Version             : (11, 5, 0)
cuSPARSE Version             : (available)
NVRTC Version                : (12, 2)
Thrust Version               : 200200
CUB Build Version            : 200200
Jitify Build Version         : <unknown>
cuDNN Build Version          : 8801
cuDNN Version                : 8903
NCCL Build Version           : None
NCCL Runtime Version         : None
cuTENSOR Version             : None
cuSPARSELt Build Version     : None
Device 0 Name                : NVIDIA A100-SXM4-40GB
Device 0 Compute Capability  : 80
Device 0 PCI Bus ID          : 0000:C1:00.0
None
Sizes of ptrain and pdot:
[(40000, 60, 60), (40000, 60, 60)]
Loss at truetheta:
1.4620239170238652e-10
len(theta) = 1675365
len(jac) = 144000000
 
LSMR            Least-squares solution of  Ax = b

The matrix A has 288000000 rows and 1675365 columns
damp = 0.00000000000000e+00

atol = 1.00e-08                 conlim = 1.00e+08

btol = 1.00e-08             maxiter =   100000

 
   itn      x(1)       norm r    norm Ar  compatible   LS      norm A   cond A
     0  0.00000e+00  2.421e+03  5.170e+06   1.0e+00  8.8e-01
     1  5.67594e-04  1.362e+03  1.760e+06   5.6e-01  5.0e-01  2.6e+03  1.0e+00
     2  1.78576e-03  6.574e+02  7.649e+05   2.7e-01  3.7e-01  3.1e+03  1.8e+00
     3  2.39878e-03  4.762e+02  4.552e+05   2.0e-01  2.5e-01  3.8e+03  1.7e+00
     4  3.37074e-03  3.023e+02  2.417e+05   1.2e-01  1.8e-01  4.3e+03  2.1e+00
     5  3.87456e-03  2.467e+02  1.424e+05   1.0e-01  1.2e-01  4.8e+03  1.7e+00
     6  4.23488e-03  2.217e+02  8.189e+04   9.2e-02  7.0e-02  5.3e+03  1.8e+00
     7  4.38764e-03  2.132e+02  6.550e+04   8.8e-02  5.5e-02  5.6e+03  2.3e+00
     8  4.55619e-03  2.038e+02  5.522e+04   8.4e-02  4.5e-02  6.0e+03  3.0e+00
     9  4.79294e-03  1.912e+02  4.586e+04   7.9e-02  3.8e-02  6.3e+03  3.7e+00
    10  5.01860e-03  1.812e+02  3.727e+04   7.5e-02  3.1e-02  6.6e+03  2.7e+00
    20  6.83047e-03  1.451e+02  1.177e+04   6.0e-02  8.8e-03  9.2e+03  5.2e+00
    30  8.92375e-03  1.273e+02  6.793e+03   5.3e-02  4.7e-03  1.1e+04  6.6e+00
    40  9.30203e-03  1.171e+02  5.428e+03   4.8e-02  3.6e-03  1.3e+04  1.1e+01
    50  9.06350e-03  9.953e+01  4.069e+03   4.1e-02  2.8e-03  1.4e+04  8.6e+00
    60  9.54025e-03  8.632e+01  2.927e+03   3.6e-02  2.1e-03  1.6e+04  8.3e+00
    70  1.00250e-02  7.936e+01  2.325e+03   3.3e-02  1.7e-03  1.7e+04  9.2e+00
    80  1.02223e-02  7.445e+01  1.965e+03   3.1e-02  1.4e-03  1.8e+04  1.1e+01
    90  1.06091e-02  6.883e+01  1.609e+03   2.8e-02  1.2e-03  1.9e+04  1.1e+01
   100  1.10932e-02  6.492e+01  1.373e+03   2.7e-02  1.0e-03  2.0e+04  1.3e+01
   110  1.14982e-02  6.120e+01  1.187e+03   2.5e-02  9.1e-04  2.1e+04  1.0e+01
 
   itn      x(1)       norm r    norm Ar  compatible   LS      norm A   cond A
   120  1.18512e-02  5.836e+01  1.052e+03   2.4e-02  8.1e-04  2.2e+04  1.4e+01
   130  1.23048e-02  5.556e+01  9.321e+02   2.3e-02  7.2e-04  2.3e+04  1.5e+01
   140  1.27020e-02  5.318e+01  8.401e+02   2.2e-02  6.6e-04  2.4e+04  1.8e+01
   150  1.31213e-02  5.062e+01  7.555e+02   2.1e-02  6.0e-04  2.5e+04  1.3e+01
   160  1.35971e-02  4.843e+01  6.877e+02   2.0e-02  5.5e-04  2.6e+04  1.1e+01
   170  1.40319e-02  4.657e+01  6.338e+02   1.9e-02  5.1e-04  2.7e+04  1.4e+01
   180  1.44723e-02  4.469e+01  5.833e+02   1.8e-02  4.8e-04  2.7e+04  2.3e+01
   190  1.49925e-02  4.279e+01  5.359e+02   1.8e-02  4.5e-04  2.8e+04  2.4e+01
   200  1.55421e-02  4.095e+01  4.927e+02   1.7e-02  4.2e-04  2.9e+04  1.3e+01
   210  1.60850e-02  3.922e+01  4.533e+02   1.6e-02  3.9e-04  2.9e+04  1.4e+01
   220  1.65924e-02  3.778e+01  4.217e+02   1.6e-02  3.7e-04  3.0e+04  1.5e+01
   230  1.71122e-02  3.643e+01  3.928e+02   1.5e-02  3.5e-04  3.1e+04  2.3e+01
   240  1.76482e-02  3.511e+01  3.651e+02   1.5e-02  3.3e-04  3.1e+04  2.2e+01
   250  1.82307e-02  3.378e+01  3.378e+02   1.4e-02  3.1e-04  3.2e+04  1.6e+01
   260  1.88036e-02  3.262e+01  3.143e+02   1.3e-02  2.9e-04  3.3e+04  1.4e+01
   270  1.92947e-02  3.168e+01  2.955e+02   1.3e-02  2.8e-04  3.3e+04  1.6e+01
   280  1.97754e-02  3.080e+01  2.784e+02   1.3e-02  2.7e-04  3.4e+04  1.8e+01
   290  2.03666e-02  2.982e+01  2.598e+02   1.2e-02  2.5e-04  3.5e+04  2.6e+01
   300  2.08625e-02  2.906e+01  2.457e+02   1.2e-02  2.4e-04  3.5e+04  3.5e+01
   310  2.14426e-02  2.821e+01  2.306e+02   1.2e-02  2.3e-04  3.6e+04  2.1e+01
 
   itn      x(1)       norm r    norm Ar  compatible   LS      norm A   cond A
   320  2.19511e-02  2.751e+01  2.186e+02   1.1e-02  2.2e-04  3.6e+04  1.7e+01
   330  2.24410e-02  2.688e+01  2.083e+02   1.1e-02  2.1e-04  3.7e+04  1.9e+01
   340  2.29621e-02  2.624e+01  1.980e+02   1.1e-02  2.0e-04  3.7e+04  2.5e+01
   350  2.35070e-02  2.560e+01  1.882e+02   1.1e-02  1.9e-04  3.8e+04  2.6e+01
   360  2.40534e-02  2.501e+01  1.794e+02   1.0e-02  1.9e-04  3.9e+04  3.2e+01
   370  2.46567e-02  2.438e+01  1.703e+02   1.0e-02  1.8e-04  3.9e+04  2.0e+01
   380  2.51851e-02  2.386e+01  1.631e+02   9.9e-03  1.7e-04  4.0e+04  2.1e+01
   390  2.57922e-02  2.329e+01  1.556e+02   9.6e-03  1.7e-04  4.0e+04  1.5e+01
   400  2.63495e-02  2.279e+01  1.492e+02   9.4e-03  1.6e-04  4.1e+04  1.5e+01
   410  2.69130e-02  2.231e+01  1.431e+02   9.2e-03  1.6e-04  4.1e+04  2.0e+01
   420  2.74958e-02  2.183e+01  1.373e+02   9.0e-03  1.5e-04  4.2e+04  2.5e+01
   430  2.80818e-02  2.138e+01  1.318e+02   8.8e-03  1.5e-04  4.2e+04  2.4e+01
   440  2.86911e-02  2.092e+01  1.265e+02   8.6e-03  1.4e-04  4.3e+04  3.3e+01
   450  2.93221e-02  2.047e+01  1.214e+02   8.5e-03  1.4e-04  4.3e+04  3.2e+01
   460  2.99062e-02  2.006e+01  1.170e+02   8.3e-03  1.3e-04  4.4e+04  2.5e+01
   470  3.05153e-02  1.966e+01  1.127e+02   8.1e-03  1.3e-04  4.4e+04  1.7e+01
   480  3.10711e-02  1.930e+01  1.090e+02   8.0e-03  1.3e-04  4.5e+04  1.7e+01
   490  3.16252e-02  1.896e+01  1.055e+02   7.8e-03  1.2e-04  4.5e+04  4.1e+01
   500  3.22104e-02  1.861e+01  1.020e+02   7.7e-03  1.2e-04  4.5e+04  3.2e+01
   510  3.28633e-02  1.823e+01  9.838e+01   7.5e-03  1.2e-04  4.6e+04  1.6e+01
 
   itn      x(1)       norm r    norm Ar  compatible   LS      norm A   cond A
   520  3.34358e-02  1.791e+01  9.538e+01   7.4e-03  1.1e-04  4.6e+04  2.7e+01
   530  3.41045e-02  1.754e+01  9.209e+01   7.2e-03  1.1e-04  4.7e+04  1.9e+01
   540  3.47093e-02  1.722e+01  8.929e+01   7.1e-03  1.1e-04  4.7e+04  1.7e+01
   550  3.53452e-02  1.690e+01  8.652e+01   7.0e-03  1.1e-04  4.8e+04  2.4e+01
   560  3.58790e-02  1.663e+01  8.432e+01   6.9e-03  1.1e-04  4.8e+04  2.7e+01
   570  3.65045e-02  1.632e+01  8.185e+01   6.7e-03  1.0e-04  4.8e+04  3.8e+01
   580  3.70891e-02  1.604e+01  7.966e+01   6.6e-03  1.0e-04  4.9e+04  3.8e+01
   590  3.77321e-02  1.575e+01  7.738e+01   6.5e-03  1.0e-04  4.9e+04  2.5e+01
   600  3.83875e-02  1.545e+01  7.516e+01   6.4e-03  9.8e-05  5.0e+04  2.2e+01
   610  3.89981e-02  1.518e+01  7.319e+01   6.3e-03  9.6e-05  5.0e+04  1.9e+01
   620  3.97645e-02  1.485e+01  7.084e+01   6.1e-03  9.4e-05  5.1e+04  2.0e+01
   630  4.03480e-02  1.460e+01  6.913e+01   6.0e-03  9.3e-05  5.1e+04  3.0e+01
   640  4.10486e-02  1.431e+01  6.716e+01   5.9e-03  9.1e-05  5.1e+04  1.8e+01
   650  4.17733e-02  1.402e+01  6.521e+01   5.8e-03  9.0e-05  5.2e+04  2.0e+01
   660  4.24152e-02  1.376e+01  6.356e+01   5.7e-03  8.8e-05  5.2e+04  3.1e+01
   670  4.31078e-02  1.349e+01  6.184e+01   5.6e-03  8.7e-05  5.3e+04  2.8e+01
   680  4.37801e-02  1.324e+01  6.025e+01   5.5e-03  8.6e-05  5.3e+04  2.8e+01
   690  4.43790e-02  1.301e+01  5.887e+01   5.4e-03  8.5e-05  5.3e+04  3.9e+01
   700  4.50621e-02  1.276e+01  5.736e+01   5.3e-03  8.4e-05  5.4e+04  4.0e+01
   710  4.57060e-02  1.253e+01  5.599e+01   5.2e-03  8.3e-05  5.4e+04  5.6e+01
 
   itn      x(1)       norm r    norm Ar  compatible   LS      norm A   cond A
   720  4.64200e-02  1.227e+01  5.453e+01   5.1e-03  8.2e-05  5.5e+04  4.4e+01
   730  4.70805e-02  1.204e+01  5.322e+01   5.0e-03  8.1e-05  5.5e+04  3.1e+01
   740  4.78010e-02  1.179e+01  5.184e+01   4.9e-03  8.0e-05  5.5e+04  4.1e+01
   750  4.84703e-02  1.156e+01  5.060e+01   4.8e-03  7.9e-05  5.6e+04  3.0e+01
   760  4.91216e-02  1.134e+01  4.943e+01   4.7e-03  7.8e-05  5.6e+04  2.5e+01
   770  4.97707e-02  1.112e+01  4.829e+01   4.6e-03  7.7e-05  5.6e+04  2.8e+01
   780  5.04287e-02  1.090e+01  4.717e+01   4.5e-03  7.6e-05  5.7e+04  3.0e+01
   790  5.10641e-02  1.070e+01  4.611e+01   4.4e-03  7.5e-05  5.7e+04  2.9e+01
   800  5.17970e-02  1.046e+01  4.492e+01   4.3e-03  7.5e-05  5.7e+04  2.7e+01
   810  5.24830e-02  1.024e+01  4.384e+01   4.2e-03  7.4e-05  5.8e+04  3.5e+01
   820  5.31254e-02  1.004e+01  4.284e+01   4.1e-03  7.3e-05  5.8e+04  2.4e+01
   830  5.37980e-02  9.829e+00  4.182e+01   4.1e-03  7.3e-05  5.9e+04  3.3e+01
   840  5.44372e-02  9.631e+00  4.087e+01   4.0e-03  7.2e-05  5.9e+04  4.4e+01
   850  5.50485e-02  9.445e+00  3.998e+01   3.9e-03  7.1e-05  5.9e+04  4.2e+01
   860  5.57860e-02  9.221e+00  3.893e+01   3.8e-03  7.1e-05  6.0e+04  1.9e+01
   870  5.64396e-02  9.026e+00  3.802e+01   3.7e-03  7.0e-05  6.0e+04  2.3e+01
   880  5.70885e-02  8.833e+00  3.713e+01   3.6e-03  7.0e-05  6.0e+04  3.0e+01
   890  5.76407e-02  8.670e+00  3.639e+01   3.6e-03  6.9e-05  6.1e+04  3.6e+01
   900  5.82940e-02  8.480e+00  3.552e+01   3.5e-03  6.9e-05  6.1e+04  3.9e+01
   910  5.88872e-02  8.308e+00  3.475e+01   3.4e-03  6.8e-05  6.1e+04  3.6e+01
 
   itn      x(1)       norm r    norm Ar  compatible   LS      norm A   cond A
   920  5.95875e-02  8.107e+00  3.386e+01   3.3e-03  6.8e-05  6.2e+04  3.3e+01
   930  6.01853e-02  7.937e+00  3.310e+01   3.3e-03  6.7e-05  6.2e+04  3.0e+01
   940  6.08394e-02  7.753e+00  3.229e+01   3.2e-03  6.7e-05  6.2e+04  2.5e+01
   950  6.14280e-02  7.588e+00  3.158e+01   3.1e-03  6.6e-05  6.3e+04  2.9e+01
   960  6.19875e-02  7.433e+00  3.090e+01   3.1e-03  6.6e-05  6.3e+04  3.8e+01
   970  6.25754e-02  7.271e+00  3.021e+01   3.0e-03  6.6e-05  6.3e+04  3.7e+01
   980  6.32595e-02  7.084e+00  2.940e+01   2.9e-03  6.5e-05  6.4e+04  3.1e+01
   990  6.38356e-02  6.929e+00  2.874e+01   2.9e-03  6.5e-05  6.4e+04  2.3e+01
  1000  6.44586e-02  6.761e+00  2.803e+01   2.8e-03  6.5e-05  6.4e+04  2.9e+01
  1010  6.50186e-02  6.612e+00  2.740e+01   2.7e-03  6.4e-05  6.5e+04  2.9e+01
  1020  6.55456e-02  6.473e+00  2.681e+01   2.7e-03  6.4e-05  6.5e+04  3.7e+01
  1030  6.60991e-02  6.328e+00  2.621e+01   2.6e-03  6.4e-05  6.5e+04  3.1e+01
  1040  6.67094e-02  6.169e+00  2.554e+01   2.5e-03  6.3e-05  6.6e+04  2.5e+01
  1050  6.72078e-02  6.041e+00  2.501e+01   2.5e-03  6.3e-05  6.6e+04  2.3e+01
  1060  6.77461e-02  5.903e+00  2.444e+01   2.4e-03  6.3e-05  6.6e+04  2.4e+01
  1070  6.82890e-02  5.765e+00  2.387e+01   2.4e-03  6.2e-05  6.6e+04  3.3e+01
  1080  6.88091e-02  5.634e+00  2.333e+01   2.3e-03  6.2e-05  6.7e+04  3.5e+01
  1090  6.93364e-02  5.502e+00  2.278e+01   2.3e-03  6.2e-05  6.7e+04  3.6e+01
  1100  6.98481e-02  5.374e+00  2.226e+01   2.2e-03  6.1e-05  6.7e+04  4.0e+01
  1110  7.03677e-02  5.246e+00  2.174e+01   2.2e-03  6.1e-05  6.8e+04  2.8e+01
 
   itn      x(1)       norm r    norm Ar  compatible   LS      norm A   cond A
  1120  7.08966e-02  5.116e+00  2.121e+01   2.1e-03  6.1e-05  6.8e+04  3.1e+01
  1130  7.14232e-02  4.988e+00  2.069e+01   2.1e-03  6.1e-05  6.8e+04  2.5e+01
  1140  7.19238e-02  4.868e+00  2.020e+01   2.0e-03  6.1e-05  6.9e+04  2.8e+01
  1150  7.24638e-02  4.738e+00  1.968e+01   2.0e-03  6.0e-05  6.9e+04  2.3e+01
  1160  7.29135e-02  4.632e+00  1.924e+01   1.9e-03  6.0e-05  6.9e+04  3.3e+01
  1170  7.33972e-02  4.518e+00  1.878e+01   1.9e-03  6.0e-05  6.9e+04  3.7e+01
  1180  7.38731e-02  4.407e+00  1.833e+01   1.8e-03  6.0e-05  7.0e+04  3.1e+01
  1190  7.44151e-02  4.281e+00  1.782e+01   1.8e-03  5.9e-05  7.0e+04  3.7e+01
  1200  7.48376e-02  4.184e+00  1.743e+01   1.7e-03  5.9e-05  7.0e+04  3.0e+01
  1210  7.53100e-02  4.076e+00  1.699e+01   1.7e-03  5.9e-05  7.1e+04  2.0e+01
  1220  7.57416e-02  3.979e+00  1.660e+01   1.6e-03  5.9e-05  7.1e+04  2.4e+01
  1230  7.61826e-02  3.880e+00  1.620e+01   1.6e-03  5.9e-05  7.1e+04  3.8e+01
  1240  7.66110e-02  3.785e+00  1.581e+01   1.6e-03  5.8e-05  7.2e+04  2.7e+01
  1250  7.71063e-02  3.676e+00  1.537e+01   1.5e-03  5.8e-05  7.2e+04  2.3e+01
  1260  7.74841e-02  3.593e+00  1.503e+01   1.5e-03  5.8e-05  7.2e+04  2.5e+01
  1270  7.79175e-02  3.499e+00  1.465e+01   1.4e-03  5.8e-05  7.2e+04  2.1e+01
  1280  7.82985e-02  3.417e+00  1.432e+01   1.4e-03  5.8e-05  7.3e+04  3.7e+01
  1290  7.87107e-02  3.330e+00  1.396e+01   1.4e-03  5.7e-05  7.3e+04  5.0e+01
  1300  7.91181e-02  3.244e+00  1.361e+01   1.3e-03  5.7e-05  7.3e+04  3.3e+01
  1310  7.95452e-02  3.155e+00  1.324e+01   1.3e-03  5.7e-05  7.4e+04  3.4e+01
 
   itn      x(1)       norm r    norm Ar  compatible   LS      norm A   cond A
  1320  7.99458e-02  3.072e+00  1.291e+01   1.3e-03  5.7e-05  7.4e+04  3.4e+01
  1330  8.03315e-02  2.993e+00  1.258e+01   1.2e-03  5.7e-05  7.4e+04  3.2e+01
  1340  8.07578e-02  2.907e+00  1.223e+01   1.2e-03  5.7e-05  7.4e+04  3.1e+01
  1350  8.11221e-02  2.834e+00  1.193e+01   1.2e-03  5.6e-05  7.5e+04  2.8e+01
  1360  8.15321e-02  2.753e+00  1.159e+01   1.1e-03  5.6e-05  7.5e+04  2.5e+01
  1370  8.18877e-02  2.683e+00  1.130e+01   1.1e-03  5.6e-05  7.5e+04  3.0e+01
  1380  8.22569e-02  2.611e+00  1.101e+01   1.1e-03  5.6e-05  7.5e+04  2.4e+01
  1390  8.26294e-02  2.540e+00  1.071e+01   1.0e-03  5.6e-05  7.6e+04  2.2e+01
  1400  8.29659e-02  2.476e+00  1.045e+01   1.0e-03  5.5e-05  7.6e+04  2.9e+01
  1410  8.32995e-02  2.414e+00  1.018e+01   1.0e-03  5.5e-05  7.6e+04  2.9e+01
  1420  8.36205e-02  2.354e+00  9.936e+00   9.7e-04  5.5e-05  7.7e+04  4.0e+01
  1430  8.39328e-02  2.297e+00  9.696e+00   9.5e-04  5.5e-05  7.7e+04  4.2e+01
  1440  8.42760e-02  2.235e+00  9.436e+00   9.2e-04  5.5e-05  7.7e+04  2.1e+01
  1450  8.46101e-02  2.175e+00  9.184e+00   9.0e-04  5.5e-05  7.7e+04  2.3e+01
  1460  8.49209e-02  2.120e+00  8.953e+00   8.8e-04  5.4e-05  7.8e+04  2.4e+01
  1470  8.52465e-02  2.064e+00  8.713e+00   8.5e-04  5.4e-05  7.8e+04  2.2e+01
  1480  8.55144e-02  2.017e+00  8.517e+00   8.3e-04  5.4e-05  7.8e+04  3.2e+01
  1490  8.57891e-02  1.971e+00  8.319e+00   8.1e-04  5.4e-05  7.8e+04  3.2e+01
  1500  8.61129e-02  1.916e+00  8.087e+00   7.9e-04  5.4e-05  7.9e+04  4.1e+01
  1510  8.63901e-02  1.870e+00  7.891e+00   7.7e-04  5.3e-05  7.9e+04  3.4e+01
 
   itn      x(1)       norm r    norm Ar  compatible   LS      norm A   cond A
  1520  8.67018e-02  1.819e+00  7.672e+00   7.5e-04  5.3e-05  7.9e+04  2.5e+01
  1530  8.69802e-02  1.774e+00  7.480e+00   7.3e-04  5.3e-05  7.9e+04  2.7e+01
  1540  8.72262e-02  1.735e+00  7.311e+00   7.2e-04  5.3e-05  8.0e+04  3.3e+01
  1550  8.75244e-02  1.688e+00  7.109e+00   7.0e-04  5.3e-05  8.0e+04  2.8e+01
  1560  8.78090e-02  1.644e+00  6.918e+00   6.8e-04  5.2e-05  8.0e+04  4.5e+01
  1570  8.80574e-02  1.606e+00  6.753e+00   6.6e-04  5.2e-05  8.0e+04  4.8e+01
  1580  8.83163e-02  1.567e+00  6.583e+00   6.5e-04  5.2e-05  8.1e+04  3.3e+01
  1590  8.85957e-02  1.525e+00  6.402e+00   6.3e-04  5.2e-05  8.1e+04  2.9e+01
  1600  8.88403e-02  1.489e+00  6.245e+00   6.2e-04  5.2e-05  8.1e+04  2.2e+01
  1610  8.90960e-02  1.452e+00  6.083e+00   6.0e-04  5.1e-05  8.1e+04  1.8e+01
  1620  8.93340e-02  1.418e+00  5.934e+00   5.9e-04  5.1e-05  8.2e+04  2.5e+01
  1630  8.95673e-02  1.386e+00  5.790e+00   5.7e-04  5.1e-05  8.2e+04  3.8e+01
  1640  8.98101e-02  1.352e+00  5.641e+00   5.6e-04  5.1e-05  8.2e+04  2.8e+01
  1650  9.00621e-02  1.317e+00  5.489e+00   5.4e-04  5.1e-05  8.3e+04  3.1e+01
  1660  9.03005e-02  1.285e+00  5.347e+00   5.3e-04  5.0e-05  8.3e+04  4.2e+01
  1670  9.05442e-02  1.253e+00  5.204e+00   5.2e-04  5.0e-05  8.3e+04  3.8e+01
  1680  9.07815e-02  1.222e+00  5.066e+00   5.0e-04  5.0e-05  8.3e+04  2.3e+01
  1690  9.10019e-02  1.194e+00  4.940e+00   4.9e-04  5.0e-05  8.3e+04  2.5e+01
  1700  9.12009e-02  1.168e+00  4.828e+00   4.8e-04  4.9e-05  8.4e+04  3.3e+01
  1710  9.14159e-02  1.141e+00  4.708e+00   4.7e-04  4.9e-05  8.4e+04  4.4e+01
 
   itn      x(1)       norm r    norm Ar  compatible   LS      norm A   cond A
  1720  9.16204e-02  1.116e+00  4.595e+00   4.6e-04  4.9e-05  8.4e+04  4.1e+01
  1730  9.18282e-02  1.091e+00  4.482e+00   4.5e-04  4.9e-05  8.4e+04  2.2e+01
  1740  9.20324e-02  1.066e+00  4.372e+00   4.4e-04  4.8e-05  8.5e+04  3.3e+01
  1750  9.22270e-02  1.043e+00  4.269e+00   4.3e-04  4.8e-05  8.5e+04  4.2e+01
  1760  9.24183e-02  1.021e+00  4.169e+00   4.2e-04  4.8e-05  8.5e+04  3.5e+01
  1770  9.26437e-02  9.950e-01  4.053e+00   4.1e-04  4.8e-05  8.5e+04  2.6e+01
  1780  9.28281e-02  9.741e-01  3.959e+00   4.0e-04  4.7e-05  8.6e+04  2.5e+01
  1790  9.30401e-02  9.505e-01  3.853e+00   3.9e-04  4.7e-05  8.6e+04  2.4e+01
  1800  9.32099e-02  9.318e-01  3.769e+00   3.8e-04  4.7e-05  8.6e+04  2.7e+01
  1810  9.33872e-02  9.126e-01  3.683e+00   3.8e-04  4.7e-05  8.6e+04  4.4e+01
  1820  9.35760e-02  8.925e-01  3.592e+00   3.7e-04  4.6e-05  8.7e+04  4.0e+01
  1830  9.37773e-02  8.713e-01  3.497e+00   3.6e-04  4.6e-05  8.7e+04  3.6e+01
  1840  9.39527e-02  8.531e-01  3.415e+00   3.5e-04  4.6e-05  8.7e+04  2.8e+01
  1850  9.41396e-02  8.340e-01  3.330e+00   3.4e-04  4.6e-05  8.7e+04  2.1e+01
  1860  9.43177e-02  8.161e-01  3.250e+00   3.4e-04  4.5e-05  8.8e+04  1.9e+01
  1870  9.44925e-02  7.988e-01  3.172e+00   3.3e-04  4.5e-05  8.8e+04  2.9e+01
  1880  9.46570e-02  7.828e-01  3.100e+00   3.2e-04  4.5e-05  8.8e+04  3.3e+01
  1890  9.48242e-02  7.667e-01  3.028e+00   3.2e-04  4.5e-05  8.8e+04  3.6e+01
  1900  9.50101e-02  7.491e-01  2.950e+00   3.1e-04  4.4e-05  8.9e+04  4.1e+01
  1910  9.51754e-02  7.338e-01  2.881e+00   3.0e-04  4.4e-05  8.9e+04  3.7e+01
 
   itn      x(1)       norm r    norm Ar  compatible   LS      norm A   cond A
  1920  9.53410e-02  7.186e-01  2.814e+00   3.0e-04  4.4e-05  8.9e+04  2.7e+01
  1930  9.54971e-02  7.044e-01  2.751e+00   2.9e-04  4.4e-05  8.9e+04  2.1e+01
  1940  9.56693e-02  6.891e-01  2.683e+00   2.8e-04  4.4e-05  8.9e+04  2.6e+01
  1950  9.58197e-02  6.759e-01  2.624e+00   2.8e-04  4.3e-05  9.0e+04  4.1e+01
  1960  9.59614e-02  6.636e-01  2.570e+00   2.7e-04  4.3e-05  9.0e+04  4.2e+01
  1970  9.61274e-02  6.495e-01  2.508e+00   2.7e-04  4.3e-05  9.0e+04  2.9e+01
  1980  9.62857e-02  6.361e-01  2.450e+00   2.6e-04  4.3e-05  9.0e+04  3.5e+01
  1990  9.64523e-02  6.224e-01  2.389e+00   2.6e-04  4.2e-05  9.1e+04  2.8e+01
  2000  9.65999e-02  6.103e-01  2.337e+00   2.5e-04  4.2e-05  9.1e+04  2.0e+01
  2010  9.67647e-02  5.971e-01  2.280e+00   2.5e-04  4.2e-05  9.1e+04  2.9e+01
  2020  9.69078e-02  5.858e-01  2.230e+00   2.4e-04  4.2e-05  9.1e+04  2.3e+01
  2030  9.70671e-02  5.733e-01  2.177e+00   2.4e-04  4.1e-05  9.2e+04  2.4e+01
  2040  9.72055e-02  5.627e-01  2.131e+00   2.3e-04  4.1e-05  9.2e+04  3.6e+01
  2050  9.73532e-02  5.515e-01  2.083e+00   2.3e-04  4.1e-05  9.2e+04  3.6e+01
  2060  9.74923e-02  5.411e-01  2.039e+00   2.2e-04  4.1e-05  9.2e+04  3.5e+01
  2070  9.76374e-02  5.304e-01  1.993e+00   2.2e-04  4.1e-05  9.2e+04  4.3e+01
  2080  9.77855e-02  5.196e-01  1.948e+00   2.1e-04  4.0e-05  9.3e+04  5.0e+01
  2090  9.79228e-02  5.098e-01  1.906e+00   2.1e-04  4.0e-05  9.3e+04  3.2e+01
  2100  9.80808e-02  4.986e-01  1.859e+00   2.1e-04  4.0e-05  9.3e+04  1.9e+01
  2110  9.82108e-02  4.895e-01  1.822e+00   2.0e-04  4.0e-05  9.3e+04  2.1e+01
 
   itn      x(1)       norm r    norm Ar  compatible   LS      norm A   cond A
  2120  9.83564e-02  4.795e-01  1.780e+00   2.0e-04  4.0e-05  9.4e+04  2.8e+01
  2130  9.84767e-02  4.713e-01  1.746e+00   1.9e-04  4.0e-05  9.4e+04  3.0e+01
  2140  9.86039e-02  4.627e-01  1.710e+00   1.9e-04  3.9e-05  9.4e+04  4.4e+01
  2150  9.87406e-02  4.537e-01  1.673e+00   1.9e-04  3.9e-05  9.4e+04  4.9e+01
  2160  9.88840e-02  4.443e-01  1.635e+00   1.8e-04  3.9e-05  9.4e+04  4.9e+01
  2170  9.90145e-02  4.358e-01  1.600e+00   1.8e-04  3.9e-05  9.5e+04  2.5e+01
  2180  9.91438e-02  4.275e-01  1.567e+00   1.8e-04  3.9e-05  9.5e+04  2.9e+01
  2190  9.92856e-02  4.186e-01  1.531e+00   1.7e-04  3.8e-05  9.5e+04  2.7e+01
  2200  9.93952e-02  4.117e-01  1.503e+00   1.7e-04  3.8e-05  9.5e+04  3.6e+01
  2210  9.95204e-02  4.040e-01  1.472e+00   1.7e-04  3.8e-05  9.5e+04  3.7e+01
  2220  9.96502e-02  3.960e-01  1.441e+00   1.6e-04  3.8e-05  9.6e+04  3.9e+01
  2230  9.97727e-02  3.886e-01  1.411e+00   1.6e-04  3.8e-05  9.6e+04  3.4e+01
  2240  9.99088e-02  3.805e-01  1.379e+00   1.6e-04  3.8e-05  9.6e+04  2.7e+01
  2250  1.00032e-01  3.732e-01  1.350e+00   1.5e-04  3.8e-05  9.6e+04  2.9e+01
  2260  1.00150e-01  3.663e-01  1.324e+00   1.5e-04  3.7e-05  9.7e+04  2.5e+01
  2270  1.00271e-01  3.592e-01  1.296e+00   1.5e-04  3.7e-05  9.7e+04  3.9e+01
  2280  1.00392e-01  3.523e-01  1.269e+00   1.5e-04  3.7e-05  9.7e+04  5.1e+01
  2290  1.00505e-01  3.458e-01  1.245e+00   1.4e-04  3.7e-05  9.7e+04  3.8e+01
  2300  1.00643e-01  3.381e-01  1.215e+00   1.4e-04  3.7e-05  9.7e+04  4.2e+01
  2310  1.00755e-01  3.318e-01  1.191e+00   1.4e-04  3.7e-05  9.8e+04  2.9e+01
 
   itn      x(1)       norm r    norm Ar  compatible   LS      norm A   cond A
  2320  1.00874e-01  3.252e-01  1.166e+00   1.3e-04  3.7e-05  9.8e+04  2.5e+01
  2330  1.00982e-01  3.193e-01  1.143e+00   1.3e-04  3.7e-05  9.8e+04  2.6e+01
  2340  1.01095e-01  3.131e-01  1.120e+00   1.3e-04  3.6e-05  9.8e+04  4.4e+01
  2350  1.01205e-01  3.072e-01  1.098e+00   1.3e-04  3.6e-05  9.8e+04  4.4e+01
  2360  1.01321e-01  3.010e-01  1.075e+00   1.2e-04  3.6e-05  9.9e+04  3.3e+01
  2370  1.01431e-01  2.951e-01  1.053e+00   1.2e-04  3.6e-05  9.9e+04  3.4e+01
  2380  1.01549e-01  2.889e-01  1.030e+00   1.2e-04  3.6e-05  9.9e+04  5.0e+01
  2390  1.01661e-01  2.830e-01  1.009e+00   1.2e-04  3.6e-05  9.9e+04  5.0e+01
  2400  1.01766e-01  2.776e-01  9.887e-01   1.1e-04  3.6e-05  9.9e+04  3.6e+01
  2410  1.01873e-01  2.721e-01  9.685e-01   1.1e-04  3.6e-05  1.0e+05  2.4e+01
  2420  1.01971e-01  2.671e-01  9.503e-01   1.1e-04  3.6e-05  1.0e+05  3.2e+01
  2430  1.02067e-01  2.622e-01  9.326e-01   1.1e-04  3.6e-05  1.0e+05  5.5e+01
  2440  1.02175e-01  2.567e-01  9.128e-01   1.1e-04  3.5e-05  1.0e+05  4.2e+01
  2450  1.02285e-01  2.512e-01  8.930e-01   1.0e-04  3.5e-05  1.0e+05  3.1e+01
  2460  1.02384e-01  2.462e-01  8.752e-01   1.0e-04  3.5e-05  1.0e+05  3.1e+01
  2470  1.02495e-01  2.407e-01  8.555e-01   9.9e-05  3.5e-05  1.0e+05  2.7e+01
  2480  1.02595e-01  2.357e-01  8.380e-01   9.7e-05  3.5e-05  1.0e+05  2.0e+01
  2490  1.02684e-01  2.314e-01  8.225e-01   9.6e-05  3.5e-05  1.0e+05  2.9e+01
  2500  1.02772e-01  2.271e-01  8.074e-01   9.4e-05  3.5e-05  1.0e+05  4.9e+01
  2510  1.02873e-01  2.222e-01  7.900e-01   9.2e-05  3.5e-05  1.0e+05  3.4e+01
 
   itn      x(1)       norm r    norm Ar  compatible   LS      norm A   cond A
  2520  1.02968e-01  2.175e-01  7.739e-01   9.0e-05  3.5e-05  1.0e+05  4.7e+01
  2530  1.03058e-01  2.132e-01  7.587e-01   8.8e-05  3.5e-05  1.0e+05  4.1e+01
  2540  1.03158e-01  2.084e-01  7.420e-01   8.6e-05  3.5e-05  1.0e+05  2.3e+01
  2550  1.03248e-01  2.041e-01  7.271e-01   8.4e-05  3.5e-05  1.0e+05  2.3e+01
  2560  1.03332e-01  2.001e-01  7.133e-01   8.3e-05  3.5e-05  1.0e+05  3.3e+01
  2570  1.03409e-01  1.964e-01  7.005e-01   8.1e-05  3.5e-05  1.0e+05  2.9e+01
  2580  1.03505e-01  1.920e-01  6.850e-01   7.9e-05  3.5e-05  1.0e+05  3.8e+01
  2590  1.03590e-01  1.879e-01  6.711e-01   7.8e-05  3.5e-05  1.0e+05  4.1e+01
  2600  1.03681e-01  1.837e-01  6.565e-01   7.6e-05  3.5e-05  1.0e+05  5.0e+01
  2610  1.03763e-01  1.798e-01  6.433e-01   7.4e-05  3.4e-05  1.0e+05  3.5e+01
  2620  1.03848e-01  1.759e-01  6.297e-01   7.3e-05  3.4e-05  1.0e+05  2.7e+01
  2630  1.03923e-01  1.724e-01  6.178e-01   7.1e-05  3.4e-05  1.0e+05  2.4e+01
  2640  1.03999e-01  1.689e-01  6.057e-01   7.0e-05  3.4e-05  1.0e+05  4.2e+01
  2650  1.04079e-01  1.652e-01  5.931e-01   6.8e-05  3.4e-05  1.0e+05  4.7e+01
  2660  1.04158e-01  1.616e-01  5.808e-01   6.7e-05  3.4e-05  1.0e+05  2.5e+01
  2670  1.04240e-01  1.578e-01  5.680e-01   6.5e-05  3.4e-05  1.0e+05  2.7e+01
  2680  1.04309e-01  1.547e-01  5.572e-01   6.4e-05  3.4e-05  1.1e+05  2.5e+01
  2690  1.04382e-01  1.513e-01  5.458e-01   6.2e-05  3.4e-05  1.1e+05  2.6e+01
  2700  1.04456e-01  1.479e-01  5.343e-01   6.1e-05  3.4e-05  1.1e+05  3.6e+01
  2710  1.04525e-01  1.448e-01  5.237e-01   6.0e-05  3.4e-05  1.1e+05  5.3e+01
 
   itn      x(1)       norm r    norm Ar  compatible   LS      norm A   cond A
  2720  1.04597e-01  1.415e-01  5.126e-01   5.8e-05  3.4e-05  1.1e+05  4.4e+01
  2730  1.04675e-01  1.380e-01  5.006e-01   5.7e-05  3.4e-05  1.1e+05  2.0e+01
  2740  1.04743e-01  1.349e-01  4.900e-01   5.6e-05  3.4e-05  1.1e+05  3.0e+01
  2750  1.04816e-01  1.316e-01  4.788e-01   5.4e-05  3.4e-05  1.1e+05  2.7e+01
  2760  1.04877e-01  1.289e-01  4.694e-01   5.3e-05  3.4e-05  1.1e+05  2.6e+01
  2770  1.04939e-01  1.261e-01  4.600e-01   5.2e-05  3.4e-05  1.1e+05  3.1e+01
  2780  1.05010e-01  1.229e-01  4.490e-01   5.1e-05  3.4e-05  1.1e+05  2.8e+01
  2790  1.05069e-01  1.203e-01  4.400e-01   5.0e-05  3.4e-05  1.1e+05  3.5e+01
  2800  1.05132e-01  1.175e-01  4.303e-01   4.9e-05  3.4e-05  1.1e+05  4.0e+01
  2810  1.05192e-01  1.148e-01  4.211e-01   4.7e-05  3.4e-05  1.1e+05  3.7e+01
  2820  1.05255e-01  1.120e-01  4.115e-01   4.6e-05  3.4e-05  1.1e+05  2.0e+01
  2830  1.05318e-01  1.092e-01  4.019e-01   4.5e-05  3.4e-05  1.1e+05  2.6e+01
  2840  1.05377e-01  1.066e-01  3.929e-01   4.4e-05  3.4e-05  1.1e+05  3.1e+01
  2850  1.05436e-01  1.039e-01  3.837e-01   4.3e-05  3.4e-05  1.1e+05  1.9e+01
  2860  1.05485e-01  1.018e-01  3.762e-01   4.2e-05  3.4e-05  1.1e+05  3.1e+01
  2870  1.05537e-01  9.946e-02  3.681e-01   4.1e-05  3.4e-05  1.1e+05  3.4e+01
  2880  1.05589e-01  9.716e-02  3.601e-01   4.0e-05  3.4e-05  1.1e+05  3.4e+01
  2890  1.05643e-01  9.480e-02  3.518e-01   3.9e-05  3.4e-05  1.1e+05  3.3e+01
  2900  1.05693e-01  9.258e-02  3.441e-01   3.8e-05  3.4e-05  1.1e+05  2.4e+01
  2910  1.05745e-01  9.029e-02  3.360e-01   3.7e-05  3.4e-05  1.1e+05  2.3e+01
 
   itn      x(1)       norm r    norm Ar  compatible   LS      norm A   cond A
  2920  1.05789e-01  8.837e-02  3.292e-01   3.6e-05  3.4e-05  1.1e+05  3.6e+01
  2930  1.05838e-01  8.621e-02  3.216e-01   3.6e-05  3.4e-05  1.1e+05  2.9e+01
  2940  1.05884e-01  8.416e-02  3.143e-01   3.5e-05  3.4e-05  1.1e+05  3.1e+01
  2950  1.05933e-01  8.204e-02  3.067e-01   3.4e-05  3.4e-05  1.1e+05  3.5e+01
  2960  1.05977e-01  8.010e-02  2.998e-01   3.3e-05  3.4e-05  1.1e+05  2.9e+01
  2970  1.06022e-01  7.812e-02  2.927e-01   3.2e-05  3.4e-05  1.1e+05  1.8e+01
  2980  1.06066e-01  7.620e-02  2.857e-01   3.1e-05  3.4e-05  1.1e+05  2.6e+01
  2990  1.06108e-01  7.436e-02  2.791e-01   3.1e-05  3.4e-05  1.1e+05  2.0e+01
  3000  1.06148e-01  7.259e-02  2.726e-01   3.0e-05  3.4e-05  1.1e+05  2.4e+01
  3010  1.06186e-01  7.092e-02  2.665e-01   2.9e-05  3.4e-05  1.1e+05  2.8e+01
  3020  1.06221e-01  6.939e-02  2.609e-01   2.9e-05  3.4e-05  1.1e+05  3.9e+01
  3030  1.06256e-01  6.786e-02  2.553e-01   2.8e-05  3.4e-05  1.1e+05  4.6e+01
  3040  1.06293e-01  6.624e-02  2.493e-01   2.7e-05  3.4e-05  1.1e+05  3.6e+01
  3050  1.06333e-01  6.453e-02  2.429e-01   2.7e-05  3.4e-05  1.1e+05  3.6e+01
  3060  1.06367e-01  6.304e-02  2.374e-01   2.6e-05  3.4e-05  1.1e+05  3.3e+01
  3070  1.06402e-01  6.152e-02  2.316e-01   2.5e-05  3.3e-05  1.1e+05  1.8e+01
  3080  1.06436e-01  6.004e-02  2.261e-01   2.5e-05  3.3e-05  1.1e+05  3.0e+01
  3090  1.06464e-01  5.880e-02  2.214e-01   2.4e-05  3.3e-05  1.1e+05  5.0e+01
  3100  1.06496e-01  5.743e-02  2.162e-01   2.4e-05  3.3e-05  1.1e+05  4.5e+01
  3110  1.06529e-01  5.598e-02  2.106e-01   2.3e-05  3.3e-05  1.1e+05  3.6e+01
 
   itn      x(1)       norm r    norm Ar  compatible   LS      norm A   cond A
  3120  1.06557e-01  5.476e-02  2.059e-01   2.3e-05  3.3e-05  1.1e+05  2.2e+01
  3130  1.06585e-01  5.356e-02  2.013e-01   2.2e-05  3.3e-05  1.1e+05  3.3e+01
  3140  1.06613e-01  5.235e-02  1.966e-01   2.2e-05  3.3e-05  1.1e+05  2.9e+01
  3150  1.06640e-01  5.116e-02  1.920e-01   2.1e-05  3.3e-05  1.1e+05  3.8e+01
  3160  1.06669e-01  4.991e-02  1.871e-01   2.1e-05  3.3e-05  1.1e+05  4.8e+01
  3170  1.06695e-01  4.877e-02  1.826e-01   2.0e-05  3.3e-05  1.1e+05  4.3e+01
  3180  1.06720e-01  4.770e-02  1.784e-01   2.0e-05  3.3e-05  1.1e+05  2.7e+01
  3190  1.06748e-01  4.649e-02  1.736e-01   1.9e-05  3.3e-05  1.1e+05  2.7e+01
  3200  1.06770e-01  4.555e-02  1.698e-01   1.9e-05  3.2e-05  1.1e+05  2.8e+01
  3210  1.06794e-01  4.450e-02  1.656e-01   1.8e-05  3.2e-05  1.2e+05  2.2e+01
  3220  1.06814e-01  4.364e-02  1.622e-01   1.8e-05  3.2e-05  1.2e+05  2.8e+01
  3230  1.06836e-01  4.270e-02  1.584e-01   1.8e-05  3.2e-05  1.2e+05  2.9e+01
  3240  1.06856e-01  4.181e-02  1.548e-01   1.7e-05  3.2e-05  1.2e+05  3.0e+01
  3250  1.06878e-01  4.087e-02  1.510e-01   1.7e-05  3.2e-05  1.2e+05  3.7e+01
  3260  1.06897e-01  4.004e-02  1.476e-01   1.7e-05  3.2e-05  1.2e+05  2.5e+01
  3270  1.06918e-01  3.915e-02  1.440e-01   1.6e-05  3.2e-05  1.2e+05  2.1e+01
  3280  1.06935e-01  3.840e-02  1.409e-01   1.6e-05  3.2e-05  1.2e+05  3.5e+01
  3290  1.06953e-01  3.764e-02  1.378e-01   1.6e-05  3.1e-05  1.2e+05  4.6e+01
  3300  1.06970e-01  3.691e-02  1.348e-01   1.5e-05  3.1e-05  1.2e+05  3.7e+01
  3310  1.06988e-01  3.611e-02  1.315e-01   1.5e-05  3.1e-05  1.2e+05  3.5e+01
 
   itn      x(1)       norm r    norm Ar  compatible   LS      norm A   cond A
  3320  1.07005e-01  3.540e-02  1.286e-01   1.5e-05  3.1e-05  1.2e+05  2.4e+01
  3330  1.07023e-01  3.462e-02  1.254e-01   1.4e-05  3.1e-05  1.2e+05  2.5e+01
  3340  1.07037e-01  3.403e-02  1.229e-01   1.4e-05  3.1e-05  1.2e+05  3.3e+01
  3350  1.07051e-01  3.342e-02  1.204e-01   1.4e-05  3.1e-05  1.2e+05  3.7e+01
  3360  1.07066e-01  3.276e-02  1.177e-01   1.4e-05  3.1e-05  1.2e+05  3.9e+01
  3370  1.07082e-01  3.206e-02  1.148e-01   1.3e-05  3.0e-05  1.2e+05  4.1e+01
  3380  1.07096e-01  3.146e-02  1.123e-01   1.3e-05  3.0e-05  1.2e+05  2.3e+01
  3390  1.07110e-01  3.086e-02  1.098e-01   1.3e-05  3.0e-05  1.2e+05  2.1e+01
  3400  1.07123e-01  3.031e-02  1.075e-01   1.3e-05  3.0e-05  1.2e+05  3.4e+01
  3410  1.07135e-01  2.976e-02  1.052e-01   1.2e-05  3.0e-05  1.2e+05  4.7e+01
  3420  1.07148e-01  2.923e-02  1.030e-01   1.2e-05  3.0e-05  1.2e+05  3.6e+01
  3430  1.07161e-01  2.866e-02  1.006e-01   1.2e-05  3.0e-05  1.2e+05  2.0e+01
  3440  1.07173e-01  2.815e-02  9.849e-02   1.2e-05  2.9e-05  1.2e+05  2.6e+01
  3450  1.07185e-01  2.764e-02  9.634e-02   1.1e-05  2.9e-05  1.2e+05  3.1e+01
  3460  1.07197e-01  2.709e-02  9.405e-02   1.1e-05  2.9e-05  1.2e+05  3.4e+01
  3470  1.07208e-01  2.662e-02  9.210e-02   1.1e-05  2.9e-05  1.2e+05  2.5e+01
  3480  1.07219e-01  2.613e-02  9.008e-02   1.1e-05  2.9e-05  1.2e+05  2.5e+01
  3490  1.07229e-01  2.570e-02  8.828e-02   1.1e-05  2.9e-05  1.2e+05  3.4e+01
  3500  1.07239e-01  2.527e-02  8.651e-02   1.0e-05  2.8e-05  1.2e+05  3.3e+01
  3510  1.07250e-01  2.482e-02  8.465e-02   1.0e-05  2.8e-05  1.2e+05  2.6e+01
 
   itn      x(1)       norm r    norm Ar  compatible   LS      norm A   cond A
  3520  1.07258e-01  2.443e-02  8.305e-02   1.0e-05  2.8e-05  1.2e+05  5.0e+01
  3530  1.07269e-01  2.399e-02  8.123e-02   9.9e-06  2.8e-05  1.2e+05  5.2e+01
  3540  1.07278e-01  2.358e-02  7.952e-02   9.7e-06  2.8e-05  1.2e+05  3.7e+01
  3550  1.07287e-01  2.317e-02  7.785e-02   9.6e-06  2.8e-05  1.2e+05  3.4e+01
  3560  1.07297e-01  2.276e-02  7.619e-02   9.4e-06  2.8e-05  1.2e+05  2.9e+01
  3570  1.07305e-01  2.240e-02  7.472e-02   9.3e-06  2.7e-05  1.2e+05  2.9e+01
  3580  1.07312e-01  2.208e-02  7.341e-02   9.1e-06  2.7e-05  1.2e+05  3.2e+01
  3590  1.07321e-01  2.171e-02  7.194e-02   9.0e-06  2.7e-05  1.2e+05  3.6e+01
  3600  1.07329e-01  2.133e-02  7.039e-02   8.8e-06  2.7e-05  1.2e+05  4.0e+01
  3610  1.07337e-01  2.100e-02  6.907e-02   8.7e-06  2.7e-05  1.2e+05  5.0e+01
  3620  1.07345e-01  2.065e-02  6.766e-02   8.5e-06  2.7e-05  1.2e+05  3.1e+01
  3630  1.07352e-01  2.032e-02  6.635e-02   8.4e-06  2.7e-05  1.2e+05  2.4e+01
  3640  1.07359e-01  2.000e-02  6.509e-02   8.3e-06  2.7e-05  1.2e+05  3.2e+01
  3650  1.07366e-01  1.969e-02  6.390e-02   8.1e-06  2.6e-05  1.2e+05  4.5e+01
  3660  1.07373e-01  1.938e-02  6.268e-02   8.0e-06  2.6e-05  1.2e+05  4.1e+01
  3670  1.07380e-01  1.908e-02  6.152e-02   7.9e-06  2.6e-05  1.2e+05  4.6e+01
  3680  1.07387e-01  1.876e-02  6.025e-02   7.7e-06  2.6e-05  1.2e+05  3.7e+01
  3690  1.07393e-01  1.847e-02  5.917e-02   7.6e-06  2.6e-05  1.2e+05  3.0e+01
  3700  1.07400e-01  1.816e-02  5.798e-02   7.5e-06  2.6e-05  1.2e+05  2.6e+01
  3710  1.07406e-01  1.789e-02  5.694e-02   7.4e-06  2.6e-05  1.2e+05  3.0e+01
 
   itn      x(1)       norm r    norm Ar  compatible   LS      norm A   cond A
  3720  1.07412e-01  1.764e-02  5.602e-02   7.3e-06  2.6e-05  1.2e+05  4.1e+01
  3730  1.07417e-01  1.739e-02  5.509e-02   7.2e-06  2.6e-05  1.2e+05  4.6e+01
  3740  1.07424e-01  1.708e-02  5.394e-02   7.1e-06  2.5e-05  1.2e+05  4.2e+01
  3750  1.07429e-01  1.683e-02  5.302e-02   7.0e-06  2.5e-05  1.2e+05  3.8e+01
  3760  1.07436e-01  1.654e-02  5.196e-02   6.8e-06  2.5e-05  1.2e+05  3.2e+01
  3770  1.07441e-01  1.630e-02  5.106e-02   6.7e-06  2.5e-05  1.2e+05  3.0e+01
  3780  1.07446e-01  1.606e-02  5.019e-02   6.6e-06  2.5e-05  1.2e+05  3.4e+01
  3790  1.07451e-01  1.582e-02  4.934e-02   6.5e-06  2.5e-05  1.2e+05  3.0e+01
  3800  1.07456e-01  1.558e-02  4.850e-02   6.4e-06  2.5e-05  1.3e+05  5.3e+01
  3810  1.07461e-01  1.536e-02  4.770e-02   6.3e-06  2.5e-05  1.3e+05  4.6e+01
  3820  1.07466e-01  1.509e-02  4.678e-02   6.2e-06  2.5e-05  1.3e+05  2.7e+01
  3830  1.07471e-01  1.489e-02  4.606e-02   6.1e-06  2.5e-05  1.3e+05  2.8e+01
  3840  1.07476e-01  1.465e-02  4.523e-02   6.1e-06  2.5e-05  1.3e+05  3.2e+01
  3850  1.07480e-01  1.442e-02  4.444e-02   6.0e-06  2.4e-05  1.3e+05  3.3e+01
  3860  1.07485e-01  1.419e-02  4.366e-02   5.9e-06  2.4e-05  1.3e+05  4.9e+01
  3870  1.07490e-01  1.396e-02  4.290e-02   5.8e-06  2.4e-05  1.3e+05  5.1e+01
  3880  1.07494e-01  1.373e-02  4.212e-02   5.7e-06  2.4e-05  1.3e+05  5.6e+01
  3890  1.07499e-01  1.352e-02  4.141e-02   5.6e-06  2.4e-05  1.3e+05  4.4e+01
  3900  1.07503e-01  1.330e-02  4.070e-02   5.5e-06  2.4e-05  1.3e+05  3.7e+01
  3910  1.07508e-01  1.308e-02  3.997e-02   5.4e-06  2.4e-05  1.3e+05  2.9e+01
 
   itn      x(1)       norm r    norm Ar  compatible   LS      norm A   cond A
  3920  1.07511e-01  1.290e-02  3.938e-02   5.3e-06  2.4e-05  1.3e+05  3.8e+01
  3930  1.07515e-01  1.271e-02  3.874e-02   5.2e-06  2.4e-05  1.3e+05  4.3e+01
  3940  1.07519e-01  1.249e-02  3.805e-02   5.2e-06  2.4e-05  1.3e+05  3.8e+01
  3950  1.07523e-01  1.229e-02  3.740e-02   5.1e-06  2.4e-05  1.3e+05  4.9e+01
  3960  1.07527e-01  1.209e-02  3.675e-02   5.0e-06  2.4e-05  1.3e+05  5.7e+01
  3970  1.07531e-01  1.188e-02  3.609e-02   4.9e-06  2.4e-05  1.3e+05  4.4e+01
  3980  1.07535e-01  1.168e-02  3.547e-02   4.8e-06  2.4e-05  1.3e+05  4.2e+01
  3986  1.07537e-01  1.158e-02  3.514e-02   4.8e-06  2.4e-05  1.3e+05  5.0e+01
  3987  1.07537e-01  1.156e-02  3.507e-02   4.8e-06  2.4e-05  1.3e+05  3.5e+01
  3988  1.07538e-01  1.153e-02  3.500e-02   4.8e-06  2.4e-05  1.3e+05  3.5e+01
  3989  1.07538e-01  1.151e-02  3.492e-02   4.8e-06  2.4e-05  1.3e+05  2.5e+01
  3990  1.07539e-01  1.150e-02  3.488e-02   4.7e-06  2.4e-05  1.3e+05  4.3e+01
  3991  1.07539e-01  1.149e-02  3.486e-02   4.7e-06  2.4e-05  1.3e+05  4.3e+01
  3992  1.07539e-01  1.146e-02  3.479e-02   4.7e-06  2.4e-05  1.3e+05  5.3e+01
  3993  1.07540e-01  1.144e-02  3.471e-02   4.7e-06  2.4e-05  1.3e+05  2.7e+01
  3994  1.07540e-01  1.140e-02  3.458e-02   4.7e-06  2.4e-05  1.3e+05  2.3e+01
  3995  1.07540e-01  1.139e-02  3.456e-02   4.7e-06  2.4e-05  1.3e+05  4.6e+01
  3996  1.07541e-01  1.138e-02  3.453e-02   4.7e-06  2.4e-05  1.3e+05  4.9e+01
  3997  1.07541e-01  1.137e-02  3.448e-02   4.7e-06  2.4e-05  1.3e+05  5.3e+01
  3998  1.07541e-01  1.134e-02  3.441e-02   4.7e-06  2.4e-05  1.3e+05  2.8e+01
 
   itn      x(1)       norm r    norm Ar  compatible   LS      norm A   cond A
  3999  1.07542e-01  1.131e-02  3.432e-02   4.7e-06  2.4e-05  1.3e+05  3.1e+01
  4000  1.07542e-01  1.130e-02  3.428e-02   4.7e-06  2.4e-05  1.3e+05  3.1e+01
  4001  1.07542e-01  1.129e-02  3.423e-02   4.7e-06  2.4e-05  1.3e+05  3.7e+01
  4002  1.07543e-01  1.128e-02  3.421e-02   4.7e-06  2.4e-05  1.3e+05  4.6e+01
  4003  1.07543e-01  1.126e-02  3.415e-02   4.7e-06  2.4e-05  1.3e+05  4.3e+01
  4004  1.07543e-01  1.124e-02  3.409e-02   4.6e-06  2.4e-05  1.3e+05  3.6e+01
  4005  1.07544e-01  1.121e-02  3.400e-02   4.6e-06  2.4e-05  1.3e+05  2.6e+01
  4006  1.07544e-01  1.119e-02  3.394e-02   4.6e-06  2.4e-05  1.3e+05  3.6e+01
  4007  1.07544e-01  1.119e-02  3.392e-02   4.6e-06  2.4e-05  1.3e+05  3.8e+01
  4008  1.07545e-01  1.117e-02  3.386e-02   4.6e-06  2.4e-05  1.3e+05  4.9e+01
  4009  1.07545e-01  1.115e-02  3.380e-02   4.6e-06  2.4e-05  1.3e+05  3.3e+01
  4010  1.07546e-01  1.113e-02  3.373e-02   4.6e-06  2.4e-05  1.3e+05  2.6e+01
  4011  1.07546e-01  1.111e-02  3.367e-02   4.6e-06  2.4e-05  1.3e+05  4.0e+01
  4012  1.07546e-01  1.110e-02  3.365e-02   4.6e-06  2.4e-05  1.3e+05  3.7e+01
  4013  1.07546e-01  1.108e-02  3.360e-02   4.6e-06  2.4e-05  1.3e+05  4.5e+01
  4014  1.07546e-01  1.108e-02  3.358e-02   4.6e-06  2.4e-05  1.3e+05  4.8e+01
  4015  1.07547e-01  1.106e-02  3.351e-02   4.6e-06  2.4e-05  1.3e+05  3.8e+01
  4016  1.07547e-01  1.102e-02  3.341e-02   4.6e-06  2.4e-05  1.3e+05  3.2e+01
  4017  1.07548e-01  1.100e-02  3.333e-02   4.5e-06  2.4e-05  1.3e+05  2.1e+01
  4018  1.07548e-01  1.099e-02  3.330e-02   4.5e-06  2.4e-05  1.3e+05  4.3e+01
 
   itn      x(1)       norm r    norm Ar  compatible   LS      norm A   cond A
  4019  1.07548e-01  1.098e-02  3.328e-02   4.5e-06  2.4e-05  1.3e+05  5.1e+01
  4020  1.07549e-01  1.097e-02  3.323e-02   4.5e-06  2.4e-05  1.3e+05  4.5e+01
  4021  1.07549e-01  1.093e-02  3.313e-02   4.5e-06  2.4e-05  1.3e+05  3.4e+01
  4022  1.07550e-01  1.091e-02  3.307e-02   4.5e-06  2.4e-05  1.3e+05  2.5e+01
  4023  1.07550e-01  1.089e-02  3.299e-02   4.5e-06  2.4e-05  1.3e+05  3.1e+01
  4024  1.07550e-01  1.088e-02  3.296e-02   4.5e-06  2.4e-05  1.3e+05  3.9e+01
  4025  1.07550e-01  1.087e-02  3.294e-02   4.5e-06  2.4e-05  1.3e+05  3.9e+01
  4026  1.07551e-01  1.085e-02  3.288e-02   4.5e-06  2.4e-05  1.3e+05  5.7e+01
  4027  1.07551e-01  1.083e-02  3.282e-02   4.5e-06  2.4e-05  1.3e+05  2.8e+01
  4028  1.07552e-01  1.080e-02  3.272e-02   4.5e-06  2.4e-05  1.3e+05  3.0e+01
  4029  1.07552e-01  1.079e-02  3.270e-02   4.5e-06  2.4e-05  1.3e+05  3.8e+01
  4030  1.07552e-01  1.078e-02  3.265e-02   4.5e-06  2.4e-05  1.3e+05  4.5e+01
  4031  1.07552e-01  1.076e-02  3.261e-02   4.4e-06  2.4e-05  1.3e+05  4.4e+01
  4032  1.07553e-01  1.074e-02  3.253e-02   4.4e-06  2.4e-05  1.3e+05  2.9e+01
  4033  1.07553e-01  1.071e-02  3.246e-02   4.4e-06  2.4e-05  1.3e+05  3.3e+01
  4034  1.07553e-01  1.070e-02  3.242e-02   4.4e-06  2.3e-05  1.3e+05  2.9e+01
  4035  1.07554e-01  1.069e-02  3.240e-02   4.4e-06  2.3e-05  1.3e+05  6.2e+01
  4036  1.07554e-01  1.068e-02  3.236e-02   4.4e-06  2.3e-05  1.3e+05  4.3e+01
  4037  1.07555e-01  1.064e-02  3.224e-02   4.4e-06  2.3e-05  1.3e+05  3.2e+01
  4038  1.07555e-01  1.062e-02  3.216e-02   4.4e-06  2.3e-05  1.3e+05  2.7e+01
 
   itn      x(1)       norm r    norm Ar  compatible   LS      norm A   cond A
  4039  1.07555e-01  1.060e-02  3.211e-02   4.4e-06  2.3e-05  1.3e+05  2.5e+01
  4040  1.07556e-01  1.059e-02  3.208e-02   4.4e-06  2.3e-05  1.3e+05  5.1e+01
 
LSMR finished
Ax - b is small enough, given atol, btol                  
istop =       1    normr = 1.1e-02
    normA = 1.3e+05    normAr = 3.2e-02
itn   =    4040    condA = 5.1e+01
    normx = 8.2e+00
  4040  1.07556e-01   1.059e-02  3.208e-02
   4.4e-06  2.3e-05   1.3e+05  5.1e+01
loss = 0.00011212392572678288
