OS                           : Linux-5.14.21-150400.24.81_12.0.87-cray_shasta_c-x86_64-with-glibc2.31
Python Version               : 3.9.15
CuPy Version                 : 13.0.0
CuPy Platform                : NVIDIA CUDA
NumPy Version                : 1.23.5
SciPy Version                : 1.9.3
Cython Build Version         : 0.29.36
Cython Runtime Version       : None
CUDA Root                    : /opt/nvidia/hpc_sdk/Linux_x86_64/23.9/cuda/12.2
nvcc PATH                    : /opt/nvidia/hpc_sdk/Linux_x86_64/23.9/cuda/12.2/bin/nvcc
CUDA Build Version           : 12020
CUDA Driver Version          : 12020
CUDA Runtime Version         : 12020 (linked to CuPy) / 12020 (locally installed)
cuBLAS Version               : (available)
cuFFT Version                : 11008
cuRAND Version               : 10303
cuSOLVER Version             : (11, 5, 0)
cuSPARSE Version             : (available)
NVRTC Version                : (12, 2)
Thrust Version               : 200200
CUB Build Version            : 200200
Jitify Build Version         : <unknown>
cuDNN Build Version          : 8801
cuDNN Version                : 8903
NCCL Build Version           : None
NCCL Runtime Version         : None
cuTENSOR Version             : None
cuSPARSELt Build Version     : None
Device 0 Name                : NVIDIA A100-SXM4-40GB
Device 0 Compute Capability  : 80
Device 0 PCI Bus ID          : 0000:C1:00.0
None
Sizes of ptrain and pdot:
[(40000, 29, 29), (40000, 29, 29)]
Loss at truetheta:
1.5362815708488712e-16
len(theta) = 94830
len(jac) = 33640000
 
LSMR            Least-squares solution of  Ax = b

The matrix A has 67280000 rows and 94830 columns
damp = 0.00000000000000e+00

atol = 1.00e-08                 conlim = 1.00e+08

btol = 1.00e-08             maxiter =   100000

 
   itn      x(1)       norm r    norm Ar  compatible   LS      norm A   cond A
     0  0.00000e+00  8.890e+02  4.347e+05   1.0e+00  5.5e-01
     1 -1.79010e-02  2.765e+02  1.030e+05   3.1e-01  7.2e-01  5.1e+02  1.0e+00
     2 -3.13848e-02  1.123e+02  3.653e+04   1.3e-01  4.8e-01  6.8e+02  1.3e+00
     3 -3.50149e-02  7.836e+01  9.876e+03   8.8e-02  1.4e-01  8.7e+02  1.2e+00
     4 -3.49350e-02  7.345e+01  7.111e+03   8.3e-02  1.0e-01  9.4e+02  1.7e+00
     5 -3.46466e-02  6.749e+01  4.607e+03   7.6e-02  6.4e-02  1.1e+03  2.0e+00
     6 -3.47224e-02  6.539e+01  4.003e+03   7.4e-02  5.4e-02  1.1e+03  2.5e+00
     7 -3.48999e-02  6.228e+01  3.606e+03   7.0e-02  4.8e-02  1.2e+03  3.7e+00
     8 -3.49564e-02  5.643e+01  3.093e+03   6.3e-02  4.2e-02  1.3e+03  4.0e+00
     9 -3.48899e-02  5.167e+01  2.611e+03   5.8e-02  3.7e-02  1.4e+03  2.6e+00
    10 -3.47885e-02  4.859e+01  2.355e+03   5.5e-02  3.4e-02  1.4e+03  4.0e+00
    20 -3.37165e-02  2.851e+01  7.827e+02   3.2e-02  1.4e-02  2.0e+03  3.5e+00
    30 -3.29750e-02  2.147e+01  4.139e+02   2.4e-02  7.9e-03  2.5e+03  4.7e+00
    40 -3.24642e-02  1.678e+01  2.785e+02   1.9e-02  5.9e-03  2.8e+03  7.1e+00
    50 -3.23642e-02  1.258e+01  1.830e+02   1.4e-02  4.6e-03  3.1e+03  6.5e+00
    60 -3.30220e-02  9.855e+00  1.265e+02   1.1e-02  3.7e-03  3.4e+03  7.1e+00
    70 -3.45189e-02  7.920e+00  9.126e+01   8.9e-03  3.1e-03  3.7e+03  8.9e+00
    80 -3.66697e-02  6.546e+00  6.921e+01   7.4e-03  2.7e-03  4.0e+03  8.3e+00
    90 -3.98507e-02  5.357e+00  5.184e+01   6.0e-03  2.3e-03  4.2e+03  6.9e+00
   100 -4.34414e-02  4.521e+00  4.018e+01   5.1e-03  2.0e-03  4.4e+03  7.0e+00
   110 -4.75612e-02  3.869e+00  3.231e+01   4.4e-03  1.8e-03  4.6e+03  9.0e+00
 
   itn      x(1)       norm r    norm Ar  compatible   LS      norm A   cond A
   120 -5.25295e-02  3.286e+00  2.602e+01   3.7e-03  1.6e-03  4.8e+03  1.1e+01
   130 -5.73519e-02  2.842e+00  2.173e+01   3.2e-03  1.5e-03  5.0e+03  1.0e+01
   140 -6.30425e-02  2.403e+00  1.817e+01   2.7e-03  1.5e-03  5.2e+03  9.2e+00
   150 -6.90276e-02  1.999e+00  1.519e+01   2.2e-03  1.4e-03  5.4e+03  1.2e+01
   160 -7.52127e-02  1.622e+00  1.260e+01   1.8e-03  1.4e-03  5.5e+03  8.3e+00
   170 -8.16168e-02  1.258e+00  1.020e+01   1.4e-03  1.4e-03  5.7e+03  9.2e+00
   180 -8.75555e-02  9.369e-01  8.025e+00   1.1e-03  1.5e-03  5.9e+03  8.6e+00
   190 -9.20938e-02  6.999e-01  6.290e+00   7.9e-04  1.5e-03  6.0e+03  6.2e+00
   200 -9.58525e-02  5.045e-01  4.727e+00   5.7e-04  1.5e-03  6.2e+03  5.8e+00
   210 -9.84589e-02  3.678e-01  3.481e+00   4.1e-04  1.5e-03  6.3e+03  6.0e+00
   220 -1.00010e-01  2.815e-01  2.609e+00   3.2e-04  1.4e-03  6.5e+03  8.2e+00
   230 -1.00931e-01  2.240e-01  1.995e+00   2.5e-04  1.3e-03  6.6e+03  8.1e+00
   240 -1.01536e-01  1.794e-01  1.502e+00   2.0e-04  1.2e-03  6.8e+03  5.1e+00
   250 -1.01808e-01  1.535e-01  1.224e+00   1.7e-04  1.2e-03  6.9e+03  1.1e+01
   260 -1.01988e-01  1.301e-01  9.820e-01   1.5e-04  1.1e-03  7.0e+03  1.3e+01
   270 -1.02078e-01  1.104e-01  7.950e-01   1.2e-04  1.0e-03  7.2e+03  9.1e+00
   280 -1.02103e-01  9.485e-02  6.635e-01   1.1e-04  9.6e-04  7.3e+03  9.4e+00
   290 -1.02095e-01  8.210e-02  5.670e-01   9.2e-05  9.3e-04  7.4e+03  1.1e+01
   300 -1.02064e-01  6.900e-02  4.779e-01   7.8e-05  9.1e-04  7.6e+03  1.2e+01
   310 -1.02021e-01  5.756e-02  4.060e-01   6.5e-05  9.2e-04  7.7e+03  1.0e+01
 
   itn      x(1)       norm r    norm Ar  compatible   LS      norm A   cond A
   320 -1.01967e-01  4.616e-02  3.368e-01   5.2e-05  9.3e-04  7.8e+03  1.4e+01
   330 -1.01909e-01  3.553e-02  2.713e-01   4.0e-05  9.6e-04  7.9e+03  9.0e+00
   340 -1.01858e-01  2.693e-02  2.153e-01   3.0e-05  9.9e-04  8.1e+03  7.8e+00
   350 -1.01817e-01  2.053e-02  1.696e-01   2.3e-05  1.0e-03  8.2e+03  5.7e+00
   360 -1.01785e-01  1.576e-02  1.323e-01   1.8e-05  1.0e-03  8.3e+03  8.7e+00
   370 -1.01762e-01  1.236e-02  1.028e-01   1.4e-05  9.9e-04  8.4e+03  1.3e+01
   380 -1.01746e-01  9.927e-03  8.014e-02   1.1e-05  9.5e-04  8.5e+03  8.1e+00
   390 -1.01734e-01  8.182e-03  6.327e-02   9.2e-06  9.0e-04  8.6e+03  6.0e+00
   400 -1.01727e-01  6.967e-03  5.169e-02   7.8e-06  8.5e-04  8.7e+03  8.2e+00
   410 -1.01721e-01  5.919e-03  4.225e-02   6.7e-06  8.1e-04  8.8e+03  1.2e+01
   420 -1.01717e-01  5.103e-03  3.560e-02   5.7e-06  7.8e-04  8.9e+03  9.8e+00
   430 -1.01715e-01  4.343e-03  3.000e-02   4.9e-06  7.6e-04  9.0e+03  1.4e+01
   440 -1.01713e-01  3.697e-03  2.563e-02   4.2e-06  7.6e-04  9.1e+03  9.9e+00
   450 -1.01712e-01  3.072e-03  2.165e-02   3.5e-06  7.6e-04  9.2e+03  8.0e+00
   460 -1.01711e-01  2.435e-03  1.764e-02   2.7e-06  7.7e-04  9.4e+03  7.6e+00
   470 -1.01711e-01  1.929e-03  1.438e-02   2.2e-06  7.9e-04  9.5e+03  6.9e+00
   480 -1.01711e-01  1.534e-03  1.174e-02   1.7e-06  8.0e-04  9.6e+03  9.6e+00
   490 -1.01712e-01  1.194e-03  9.334e-03   1.3e-06  8.1e-04  9.6e+03  1.0e+01
   500 -1.01713e-01  9.355e-04  7.438e-03   1.1e-06  8.2e-04  9.7e+03  1.1e+01
   510 -1.01714e-01  7.317e-04  5.899e-03   8.2e-07  8.2e-04  9.8e+03  1.2e+01
 
   itn      x(1)       norm r    norm Ar  compatible   LS      norm A   cond A
   520 -1.01715e-01  5.849e-04  4.782e-03   6.6e-07  8.2e-04  9.9e+03  9.6e+00
   530 -1.01716e-01  4.567e-04  3.810e-03   5.1e-07  8.3e-04  1.0e+04  7.9e+00
   540 -1.01717e-01  3.576e-04  3.058e-03   4.0e-07  8.5e-04  1.0e+04  9.5e+00
   541 -1.01717e-01  3.530e-04  3.024e-03   4.0e-07  8.5e-04  1.0e+04  1.1e+01
   542 -1.01717e-01  3.326e-04  2.869e-03   3.7e-07  8.5e-04  1.0e+04  8.7e+00
   543 -1.01718e-01  3.281e-04  2.834e-03   3.7e-07  8.5e-04  1.0e+04  7.2e+00
   544 -1.01718e-01  3.233e-04  2.798e-03   3.6e-07  8.5e-04  1.0e+04  1.3e+01
   545 -1.01718e-01  3.138e-04  2.728e-03   3.5e-07  8.5e-04  1.0e+04  9.3e+00
 
LSMR finished
Ax - b is small enough, given atol, btol                  
istop =       1    normr = 3.1e-04
    normA = 1.0e+04    normAr = 2.7e-03
itn   =     545    condA = 9.3e+00
    normx = 3.1e+00
   545 -1.01718e-01   3.138e-04  2.728e-03
   3.5e-07  8.5e-04   1.0e+04  9.3e+00
loss = 9.84818353905544e-08
