OS                           : Linux-5.14.21-150400.24.81_12.0.87-cray_shasta_c-x86_64-with-glibc2.31
Python Version               : 3.9.19
CuPy Version                 : 13.0.0
CuPy Platform                : NVIDIA CUDA
NumPy Version                : 1.26.4
SciPy Version                : 1.13.0
Cython Build Version         : 0.29.36
Cython Runtime Version       : None
CUDA Root                    : /opt/nvidia/hpc_sdk/Linux_x86_64/23.9/cuda/12.2
nvcc PATH                    : /opt/nvidia/hpc_sdk/Linux_x86_64/23.9/cuda/12.2/bin/nvcc
CUDA Build Version           : 12020
CUDA Driver Version          : 12020
CUDA Runtime Version         : 12020 (linked to CuPy) / 12020 (locally installed)
cuBLAS Version               : (available)
cuFFT Version                : 11008
cuRAND Version               : 10303
cuSOLVER Version             : (11, 5, 0)
cuSPARSE Version             : (available)
NVRTC Version                : (12, 2)
Thrust Version               : 200200
CUB Build Version            : 200200
Jitify Build Version         : <unknown>
cuDNN Build Version          : 8801
cuDNN Version                : 8903
NCCL Build Version           : None
NCCL Runtime Version         : None
cuTENSOR Version             : None
cuSPARSELt Build Version     : None
Device 0 Name                : NVIDIA A100-SXM4-40GB
Device 0 Compute Capability  : 80
Device 0 PCI Bus ID          : 0000:82:00.0
None
Sizes of ptrain and pdot:
[(80000, 14, 14), (80000, 14, 14)]
Loss at truetheta:
8.169623026733685e-16
len(theta) = 5565
len(jac) = 15680000
 
LSMR            Least-squares solution of  Ax = b

The matrix A has 31360000 rows and 5565 columns
damp = 0.00000000000000e+00

atol = 1.00e-16                 conlim = 1.00e+08

btol = 1.00e-16             maxiter =   200000

 
   itn      x(1)       norm r    norm Ar  compatible   LS      norm A   cond A
     0  0.00000e+00  4.670e+02  1.569e+05   1.0e+00  7.2e-01
     1 -2.82396e-02  1.374e+02  3.160e+04   2.9e-01  6.6e-01  3.5e+02  1.0e+00
     2 -4.75395e-02  8.301e+01  1.327e+04   1.8e-01  3.4e-01  4.6e+02  1.2e+00
     3 -5.82220e-02  6.577e+01  5.474e+03   1.4e-01  1.5e-01  5.7e+02  1.3e+00
     4 -5.95630e-02  6.160e+01  4.522e+03   1.3e-01  1.2e-01  6.2e+02  2.0e+00
     5 -6.14915e-02  4.883e+01  3.172e+03   1.0e-01  9.2e-02  7.1e+02  3.0e+00
     6 -6.27195e-02  4.275e+01  2.267e+03   9.2e-02  7.0e-02  7.6e+02  2.1e+00
     7 -6.36996e-02  3.959e+01  1.836e+03   8.5e-02  5.7e-02  8.1e+02  2.6e+00
     8 -6.45625e-02  3.700e+01  1.564e+03   7.9e-02  4.9e-02  8.6e+02  2.9e+00
     9 -6.54074e-02  3.423e+01  1.289e+03   7.3e-02  4.1e-02  9.1e+02  2.8e+00
    10 -6.58040e-02  3.259e+01  1.136e+03   7.0e-02  3.6e-02  9.6e+02  2.9e+00
    20 -7.21893e-02  1.463e+01  3.677e+02   3.1e-02  1.9e-02  1.3e+03  3.9e+00
    30 -8.44167e-02  8.138e+00  1.570e+02   1.7e-02  1.2e-02  1.6e+03  5.2e+00
    40 -1.02783e-01  5.029e+00  7.818e+01   1.1e-02  8.4e-03  1.9e+03  4.8e+00
    50 -1.24587e-01  3.402e+00  4.594e+01   7.3e-03  6.6e-03  2.1e+03  6.9e+00
    60 -1.51338e-01  2.015e+00  2.948e+01   4.3e-03  6.5e-03  2.2e+03  7.1e+00
    70 -1.77743e-01  8.513e-01  1.433e+01   1.8e-03  7.0e-03  2.4e+03  5.5e+00
    80 -1.89002e-01  4.225e-01  6.649e+00   9.0e-04  6.2e-03  2.6e+03  4.8e+00
    90 -1.93628e-01  2.474e-01  3.708e+00   5.3e-04  5.6e-03  2.7e+03  4.5e+00
   100 -1.96717e-01  1.232e-01  1.957e+00   2.6e-04  5.6e-03  2.8e+03  5.4e+00
   110 -1.98185e-01  6.100e-02  9.606e-01   1.3e-04  5.3e-03  3.0e+03  5.2e+00
 
   itn      x(1)       norm r    norm Ar  compatible   LS      norm A   cond A
   120 -1.98698e-01  3.505e-02  4.746e-01   7.5e-05  4.3e-03  3.1e+03  6.3e+00
   130 -1.98831e-01  2.279e-02  2.952e-01   4.9e-05  4.0e-03  3.2e+03  6.9e+00
   140 -1.98871e-01  1.150e-02  1.724e-01   2.5e-05  4.5e-03  3.4e+03  7.9e+00
   150 -1.98864e-01  4.522e-03  7.935e-02   9.7e-06  5.0e-03  3.5e+03  6.0e+00
   160 -1.98846e-01  2.273e-03  3.561e-02   4.9e-06  4.4e-03  3.6e+03  6.1e+00
   170 -1.98831e-01  1.448e-03  1.860e-02   3.1e-06  3.5e-03  3.7e+03  1.0e+01
   180 -1.98817e-01  8.788e-04  1.188e-02   1.9e-06  3.6e-03  3.8e+03  6.1e+00
   190 -1.98806e-01  3.866e-04  6.288e-03   8.3e-07  4.2e-03  3.9e+03  6.1e+00
   200 -1.98801e-01  1.580e-04  2.604e-03   3.4e-07  4.1e-03  4.0e+03  6.5e+00
   210 -1.98801e-01  1.010e-04  1.370e-03   2.2e-07  3.3e-03  4.1e+03  7.2e+00
   220 -1.98802e-01  6.671e-05  8.645e-04   1.4e-07  3.1e-03  4.2e+03  6.0e+00
   230 -1.98802e-01  3.384e-05  4.971e-04   7.2e-08  3.4e-03  4.3e+03  5.1e+00
   240 -1.98803e-01  1.362e-05  2.363e-04   2.9e-08  4.0e-03  4.4e+03  3.9e+00
   250 -1.98803e-01  6.588e-06  1.092e-04   1.4e-08  3.7e-03  4.5e+03  5.1e+00
   260 -1.98803e-01  3.975e-06  5.346e-05   8.5e-09  3.0e-03  4.5e+03  5.7e+00
   270 -1.98803e-01  2.491e-06  3.362e-05   5.3e-09  2.9e-03  4.6e+03  7.1e+00
   280 -1.98803e-01  1.023e-06  1.720e-05   2.2e-09  3.6e-03  4.7e+03  5.6e+00
   290 -1.98803e-01  3.660e-07  6.852e-06   7.8e-10  3.9e-03  4.8e+03  4.7e+00
   300 -1.98803e-01  2.038e-07  3.012e-06   4.4e-10  3.0e-03  4.9e+03  5.7e+00
   310 -1.98803e-01  1.413e-07  1.789e-06   3.0e-10  2.6e-03  5.0e+03  8.8e+00
 
   itn      x(1)       norm r    norm Ar  compatible   LS      norm A   cond A
   320 -1.98803e-01  8.604e-08  1.138e-06   1.8e-10  2.6e-03  5.0e+03  7.5e+00
   330 -1.98803e-01  3.792e-08  5.733e-07   8.1e-11  3.0e-03  5.1e+03  4.8e+00
   340 -1.98803e-01  2.227e-08  2.515e-07   4.8e-11  2.2e-03  5.2e+03  5.3e+00
   350 -1.98803e-01  1.938e-08  1.090e-07   4.2e-11  1.1e-03  5.3e+03  5.6e+00
   360 -1.98803e-01  1.880e-08  4.917e-08   4.0e-11  4.9e-04  5.3e+03  6.5e+00
   370 -1.98803e-01  1.863e-08  2.951e-08   4.0e-11  2.9e-04  5.4e+03  4.4e+00
   380 -1.98803e-01  1.853e-08  1.782e-08   4.0e-11  1.8e-04  5.5e+03  8.1e+00
   390 -1.98803e-01  1.849e-08  7.324e-09   4.0e-11  7.2e-05  5.5e+03  3.9e+00
   400 -1.98803e-01  1.849e-08  2.515e-09   4.0e-11  2.4e-05  5.6e+03  4.3e+00
   410 -1.98803e-01  1.849e-08  1.006e-09   4.0e-11  9.6e-06  5.7e+03  4.4e+00
   420 -1.98803e-01  1.849e-08  5.852e-10   4.0e-11  5.5e-06  5.8e+03  6.2e+00
   430 -1.98803e-01  1.849e-08  3.605e-10   4.0e-11  3.4e-06  5.8e+03  7.5e+00
   440 -1.98803e-01  1.849e-08  1.713e-10   4.0e-11  1.6e-06  5.9e+03  5.1e+00
   450 -1.98803e-01  1.849e-08  5.813e-11   4.0e-11  5.3e-07  6.0e+03  4.1e+00
   460 -1.98803e-01  1.849e-08  1.867e-11   4.0e-11  1.7e-07  6.0e+03  3.9e+00
   470 -1.98803e-01  1.849e-08  6.688e-12   4.0e-11  6.0e-08  6.1e+03  3.9e+00
   480 -1.98803e-01  1.849e-08  3.294e-12   4.0e-11  2.9e-08  6.1e+03  4.6e+00
   490 -1.98803e-01  1.849e-08  2.119e-12   4.0e-11  1.8e-08  6.2e+03  9.1e+00
   500 -1.98803e-01  1.849e-08  1.241e-12   4.0e-11  1.1e-08  6.3e+03  6.3e+00
   510 -1.98803e-01  1.849e-08  5.157e-13   4.0e-11  4.4e-09  6.3e+03  5.3e+00
 
   itn      x(1)       norm r    norm Ar  compatible   LS      norm A   cond A
   520 -1.98803e-01  1.849e-08  1.738e-13   4.0e-11  1.5e-09  6.4e+03  4.6e+00
   530 -1.98803e-01  1.849e-08  6.889e-14   4.0e-11  5.8e-10  6.5e+03  4.5e+00
   540 -1.98803e-01  1.849e-08  4.084e-14   4.0e-11  3.4e-10  6.5e+03  6.8e+00
   550 -1.98803e-01  1.849e-08  2.815e-14   4.0e-11  2.3e-10  6.6e+03  7.5e+00
   560 -1.98803e-01  1.849e-08  1.395e-14   4.0e-11  1.1e-10  6.6e+03  4.3e+00
   570 -1.98803e-01  1.849e-08  5.008e-15   4.0e-11  4.0e-11  6.7e+03  3.9e+00
   580 -1.98803e-01  1.849e-08  1.689e-15   4.0e-11  1.4e-11  6.8e+03  6.1e+00
   590 -1.98803e-01  1.849e-08  8.285e-16   4.0e-11  6.6e-12  6.8e+03  5.5e+00
   600 -1.98803e-01  1.849e-08  5.414e-16   4.0e-11  4.3e-12  6.9e+03  9.4e+00
   610 -1.98803e-01  1.849e-08  3.217e-16   4.0e-11  2.5e-12  6.9e+03  6.0e+00
   620 -1.98803e-01  1.849e-08  1.201e-16   4.0e-11  9.3e-13  7.0e+03  6.3e+00
   630 -1.98803e-01  1.849e-08  4.380e-17   4.0e-11  3.4e-13  7.0e+03  5.1e+00
   640 -1.98803e-01  1.849e-08  1.336e-17   4.0e-11  1.0e-13  7.1e+03  3.9e+00
   650 -1.98803e-01  1.849e-08  4.620e-18   4.0e-11  3.5e-14  7.1e+03  5.5e+00
   660 -1.98803e-01  1.849e-08  1.435e-18   4.0e-11  1.1e-14  7.2e+03  5.2e+00
   670 -1.98803e-01  1.849e-08  5.542e-19   4.0e-11  4.1e-15  7.3e+03  3.9e+00
   680 -1.98803e-01  1.849e-08  3.020e-19   4.0e-11  2.2e-15  7.3e+03  8.1e+00
   690 -1.98803e-01  1.849e-08  1.903e-19   4.0e-11  1.4e-15  7.4e+03  7.6e+00
   700 -1.98803e-01  1.849e-08  8.893e-20   4.0e-11  6.5e-16  7.4e+03  5.8e+00
   710 -1.98803e-01  1.849e-08  3.205e-20   4.0e-11  2.3e-16  7.5e+03  6.3e+00
 
   itn      x(1)       norm r    norm Ar  compatible   LS      norm A   cond A
   717 -1.98803e-01  1.849e-08  1.234e-20   4.0e-11  8.9e-17  7.5e+03  5.7e+00
 
LSMR finished
The least-squares solution is good enough, given atol     
istop =       2    normr = 1.8e-08
    normA = 7.5e+03    normAr = 1.2e-20
itn   =     717    condA = 5.7e+00
    normx = 2.3e+00
   717 -1.98803e-01   1.849e-08  1.234e-20
   4.0e-11  8.9e-17   7.5e+03  5.7e+00
loss = 3.418177644877162e-16
