OS                           : Linux-5.14.21-150400.24.81_12.0.87-cray_shasta_c-x86_64-with-glibc2.31
Python Version               : 3.9.19
CuPy Version                 : 13.0.0
CuPy Platform                : NVIDIA CUDA
NumPy Version                : 1.26.4
SciPy Version                : 1.13.0
Cython Build Version         : 0.29.36
Cython Runtime Version       : None
CUDA Root                    : /opt/nvidia/hpc_sdk/Linux_x86_64/23.9/cuda/12.2
nvcc PATH                    : /opt/nvidia/hpc_sdk/Linux_x86_64/23.9/cuda/12.2/bin/nvcc
CUDA Build Version           : 12020
CUDA Driver Version          : 12020
CUDA Runtime Version         : 12020 (linked to CuPy) / 12020 (locally installed)
cuBLAS Version               : (available)
cuFFT Version                : 11008
cuRAND Version               : 10303
cuSOLVER Version             : (11, 5, 0)
cuSPARSE Version             : (available)
NVRTC Version                : (12, 2)
Thrust Version               : 200200
CUB Build Version            : 200200
Jitify Build Version         : <unknown>
cuDNN Build Version          : 8801
cuDNN Version                : 8903
NCCL Build Version           : None
NCCL Runtime Version         : None
cuTENSOR Version             : None
cuSPARSELt Build Version     : None
Device 0 Name                : NVIDIA A100-SXM4-40GB
Device 0 Compute Capability  : 80
Device 0 PCI Bus ID          : 0000:82:00.0
None
./trajdata100/train_heh+_6-31g.npy
Sizes of ptrain and pdot:
[(199996, 4, 4), (199996, 4, 4)]
Loss at truetheta:
2.642658523250777e-19
len(theta) = 55
len(jac) = 3199936
 
LSMR            Least-squares solution of  Ax = b

The matrix A has 6399872 rows and 55 columns
damp = 0.00000000000000e+00

atol = 1.00e-16                 conlim = 1.00e+08

btol = 1.00e-16             maxiter =   200000

 
   itn      x(1)       norm r    norm Ar  compatible   LS      norm A   cond A
     0  0.00000e+00  1.857e+02  1.007e+05   1.0e+00  2.9e+00
     1 -9.43603e-05  5.946e+01  2.439e+04   3.2e-01  7.2e-01  5.7e+02  1.0e+00
     2 -1.04017e-04  3.391e+01  7.569e+03   1.8e-01  2.8e-01  7.9e+02  1.2e+00
     3 -1.24801e-04  2.602e+01  5.497e+03   1.4e-01  2.4e-01  8.7e+02  2.0e+00
     4 -1.69064e-04  1.118e+01  1.448e+03   6.0e-02  1.3e-01  1.0e+03  2.1e+00
     5 -1.68414e-04  9.152e+00  9.656e+02   4.9e-02  1.0e-01  1.0e+03  2.8e+00
     6 -1.72295e-04  6.350e+00  3.398e+02   3.4e-02  5.0e-02  1.1e+03  3.6e+00
     7 -1.72008e-04  5.926e+00  2.902e+02   3.2e-02  4.5e-02  1.1e+03  5.6e+00
     8 -1.49070e-04  4.175e+00  1.797e+02   2.2e-02  3.9e-02  1.1e+03  7.8e+00
     9 -1.03744e-04  2.547e+00  6.826e+01   1.4e-02  2.4e-02  1.1e+03  9.3e+00
    10 -1.18704e-04  1.902e+00  3.177e+01   1.0e-02  1.5e-02  1.1e+03  1.4e+01
    20 -4.63901e-04  2.393e-01  7.326e-01   1.3e-03  2.0e-03  1.5e+03  1.0e+02
    30 -5.87549e-04  1.200e-01  1.398e-01   6.5e-04  6.2e-04  1.9e+03  1.3e+02
    40 -3.16704e-04  8.293e-02  5.413e-02   4.5e-04  3.0e-04  2.2e+03  5.1e+02
    50 -1.47068e-04  6.145e-02  3.627e-02   3.3e-04  2.4e-04  2.4e+03  5.8e+02
    60  4.08166e-04  2.853e-02  1.075e-02   1.5e-04  1.4e-04  2.7e+03  6.4e+02
    70  8.22945e-04  2.266e-02  7.969e-03   1.2e-04  1.2e-04  2.9e+03  3.2e+02
    80  1.33941e-03  1.772e-02  4.710e-03   9.5e-05  8.6e-05  3.1e+03  3.2e+02
    90  1.57104e-03  1.615e-02  3.568e-03   8.7e-05  6.7e-05  3.3e+03  3.2e+02
   100  2.14695e-03  1.245e-02  2.131e-03   6.7e-05  5.0e-05  3.4e+03  7.1e+02
   110  2.44661e-03  1.138e-02  9.767e-04   6.1e-05  2.4e-05  3.6e+03  3.2e+02
 
   itn      x(1)       norm r    norm Ar  compatible   LS      norm A   cond A
   120  2.41695e-03  1.071e-02  6.429e-04   5.8e-05  1.6e-05  3.8e+03  1.3e+03
   130  2.30748e-03  1.026e-02  5.864e-04   5.5e-05  1.5e-05  3.9e+03  4.4e+03
   140  2.24662e-03  8.857e-03  5.125e-04   4.8e-05  1.4e-05  4.1e+03  1.5e+03
   150  2.45568e-03  5.586e-03  1.978e-04   3.0e-05  8.4e-06  4.2e+03  1.3e+03
   160  2.46476e-03  5.542e-03  1.699e-04   3.0e-05  7.1e-06  4.3e+03  1.3e+03
   170  2.13262e-03  5.149e-03  1.606e-04   2.8e-05  7.0e-06  4.5e+03  1.3e+03
   180  5.49490e-05  3.306e-03  8.156e-05   1.8e-05  5.3e-06  4.6e+03  1.4e+03
   190  2.34203e-05  3.291e-03  7.980e-05   1.8e-05  5.1e-06  4.7e+03  1.4e+03
   200 -6.48712e-06  3.271e-03  7.928e-05   1.8e-05  5.0e-06  4.9e+03  1.4e+03
   210 -1.50668e-03  2.477e-03  4.699e-05   1.3e-05  3.8e-06  5.0e+03  1.4e+03
   220 -1.55633e-03  2.460e-03  4.554e-05   1.3e-05  3.6e-06  5.1e+03  1.4e+03
   230 -1.93102e-03  2.220e-03  3.486e-05   1.2e-05  3.0e-06  5.2e+03  1.4e+03
   240 -2.12797e-03  2.138e-03  2.764e-05   1.2e-05  2.4e-06  5.3e+03  1.4e+03
   250 -2.13893e-03  2.135e-03  2.718e-05   1.1e-05  2.3e-06  5.5e+03  4.6e+03
   260 -2.16717e-03  2.073e-03  2.620e-05   1.1e-05  2.3e-06  5.6e+03  1.4e+03
   270 -2.21434e-03  1.977e-03  2.447e-05   1.1e-05  2.2e-06  5.7e+03  1.4e+03
   280 -2.33639e-03  1.773e-03  1.935e-05   9.5e-06  1.9e-06  5.8e+03  1.4e+03
   290 -2.34167e-03  1.770e-03  1.929e-05   9.5e-06  1.9e-06  5.9e+03  1.0e+04
   300 -2.34243e-03  1.769e-03  1.928e-05   9.5e-06  1.8e-06  6.0e+03  1.0e+04
   310 -3.09808e-03  1.423e-03  1.386e-05   7.7e-06  1.6e-06  6.1e+03  2.2e+04
 
   itn      x(1)       norm r    norm Ar  compatible   LS      norm A   cond A
   320 -3.11013e-03  1.421e-03  1.384e-05   7.7e-06  1.6e-06  6.2e+03  4.4e+03
   330 -3.22826e-03  1.400e-03  1.363e-05   7.5e-06  1.6e-06  6.3e+03  1.4e+03
   340 -3.57429e-03  1.341e-03  1.302e-05   7.2e-06  1.5e-06  6.4e+03  1.4e+03
   350 -5.08365e-03  1.122e-03  9.968e-06   6.0e-06  1.4e-06  6.5e+03  1.4e+03
   360 -5.10673e-03  1.120e-03  9.920e-06   6.0e-06  1.4e-06  6.5e+03  1.9e+03
   370 -5.14762e-03  1.115e-03  9.840e-06   6.0e-06  1.3e-06  6.6e+03  1.4e+03
   380 -5.26857e-03  1.103e-03  9.742e-06   5.9e-06  1.3e-06  6.7e+03  1.4e+03
   390 -5.35878e-03  1.094e-03  9.669e-06   5.9e-06  1.3e-06  6.8e+03  1.4e+03
   400 -5.39100e-03  1.090e-03  9.643e-06   5.9e-06  1.3e-06  6.9e+03  6.5e+03
   410 -8.79346e-03  8.045e-04  6.457e-06   4.3e-06  1.1e-06  7.0e+03  1.4e+03
   420 -8.88360e-03  7.991e-04  6.351e-06   4.3e-06  1.1e-06  7.1e+03  1.4e+03
   430 -9.08589e-03  7.870e-04  6.116e-06   4.2e-06  1.1e-06  7.2e+03  1.4e+03
   440 -9.08673e-03  7.869e-04  6.116e-06   4.2e-06  1.1e-06  7.2e+03  1.1e+04
   450 -9.15828e-03  7.804e-04  6.077e-06   4.2e-06  1.1e-06  7.3e+03  1.7e+03
   460 -1.17265e-02  5.728e-04  4.485e-06   3.1e-06  1.1e-06  7.4e+03  1.4e+03
   470 -1.17632e-02  5.703e-04  4.458e-06   3.1e-06  1.0e-06  7.5e+03  2.9e+04
   480 -1.17966e-02  5.669e-04  4.442e-06   3.1e-06  1.0e-06  7.6e+03  1.4e+03
   490 -1.48606e-02  3.052e-04  2.462e-06   1.6e-06  1.1e-06  7.7e+03  1.4e+03
   500 -1.48617e-02  3.051e-04  2.461e-06   1.6e-06  1.0e-06  7.7e+03  2.6e+03
   510 -1.48655e-02  3.046e-04  2.458e-06   1.6e-06  1.0e-06  7.8e+03  1.4e+04
 
   itn      x(1)       norm r    norm Ar  compatible   LS      norm A   cond A
   520 -1.49242e-02  2.969e-04  2.416e-06   1.6e-06  1.0e-06  7.9e+03  1.4e+03
   530 -1.62891e-02  1.593e-04  1.029e-06   8.6e-07  8.1e-07  8.0e+03  1.4e+03
   540 -1.63645e-02  1.563e-04  8.915e-07   8.4e-07  7.1e-07  8.0e+03  1.4e+03
   550 -1.63806e-02  1.558e-04  8.595e-07   8.4e-07  6.8e-07  8.1e+03  1.4e+03
   560 -1.63814e-02  1.557e-04  8.584e-07   8.4e-07  6.7e-07  8.2e+03  4.9e+03
   570 -1.63858e-02  1.553e-04  8.535e-07   8.4e-07  6.7e-07  8.3e+03  1.4e+03
   580 -1.66411e-02  1.388e-04  5.040e-07   7.5e-07  4.4e-07  8.3e+03  1.4e+03
   590 -1.66659e-02  1.380e-04  4.560e-07   7.4e-07  3.9e-07  8.4e+03  1.4e+03
   600 -1.66665e-02  1.379e-04  4.541e-07   7.4e-07  3.9e-07  8.5e+03  1.4e+03
   610 -1.66665e-02  1.379e-04  4.540e-07   7.4e-07  3.8e-07  8.6e+03  4.6e+03
   620 -1.66663e-02  1.351e-04  3.847e-07   7.3e-07  3.3e-07  8.6e+03  4.0e+03
   630 -1.66663e-02  1.347e-04  3.686e-07   7.3e-07  3.2e-07  8.7e+03  4.0e+03
   640 -1.66661e-02  1.337e-04  3.296e-07   7.2e-07  2.8e-07  8.8e+03  4.0e+03
   650 -1.66661e-02  1.337e-04  3.279e-07   7.2e-07  2.8e-07  8.8e+03  4.0e+03
   660 -1.66658e-02  1.334e-04  3.149e-07   7.2e-07  2.7e-07  8.9e+03  4.0e+03
   670 -1.66633e-02  1.320e-04  1.553e-07   7.1e-07  1.3e-07  9.0e+03  4.0e+03
   680 -1.66633e-02  1.320e-04  1.552e-07   7.1e-07  1.3e-07  9.0e+03  7.8e+03
   690 -1.66636e-02  1.320e-04  1.548e-07   7.1e-07  1.3e-07  9.1e+03  4.0e+03
   700 -1.66636e-02  1.320e-04  1.547e-07   7.1e-07  1.3e-07  9.2e+03  4.0e+03
   710 -1.66638e-02  1.320e-04  1.546e-07   7.1e-07  1.3e-07  9.2e+03  4.0e+03
 
   itn      x(1)       norm r    norm Ar  compatible   LS      norm A   cond A
   720 -1.66968e-02  1.315e-04  1.327e-07   7.1e-07  1.1e-07  9.3e+03  4.0e+03
   730 -1.67548e-02  1.310e-04  8.083e-08   7.1e-07  6.6e-08  9.3e+03  4.0e+03
   740 -1.67596e-02  1.309e-04  7.495e-08   7.1e-07  6.1e-08  9.4e+03  4.0e+03
   750 -1.67597e-02  1.309e-04  7.482e-08   7.1e-07  6.0e-08  9.5e+03  1.0e+04
   760 -1.67752e-02  1.309e-04  5.520e-08   7.0e-07  4.4e-08  9.5e+03  4.0e+03
   770 -1.67752e-02  1.309e-04  5.520e-08   7.0e-07  4.4e-08  9.6e+03  2.6e+04
   780 -1.67779e-02  1.309e-04  5.518e-08   7.0e-07  4.4e-08  9.7e+03  1.8e+04
   790 -1.67952e-02  1.308e-04  5.502e-08   7.0e-07  4.3e-08  9.7e+03  4.0e+03
   800 -1.68467e-02  1.307e-04  5.454e-08   7.0e-07  4.3e-08  9.8e+03  4.0e+03
   810 -1.68960e-02  1.305e-04  5.408e-08   7.0e-07  4.2e-08  9.8e+03  7.1e+03
   820 -1.69105e-02  1.305e-04  5.394e-08   7.0e-07  4.2e-08  9.9e+03  4.0e+03
   830 -1.69137e-02  1.305e-04  5.391e-08   7.0e-07  4.1e-08  1.0e+04  4.0e+03
   840 -1.69286e-02  1.304e-04  5.379e-08   7.0e-07  4.1e-08  1.0e+04  4.0e+03
   850 -1.69286e-02  1.304e-04  5.379e-08   7.0e-07  4.1e-08  1.0e+04  2.1e+04
   860 -1.69288e-02  1.304e-04  5.379e-08   7.0e-07  4.1e-08  1.0e+04  7.2e+03
   870 -1.69289e-02  1.304e-04  5.379e-08   7.0e-07  4.0e-08  1.0e+04  1.5e+05
   880 -1.69289e-02  1.304e-04  5.379e-08   7.0e-07  4.0e-08  1.0e+04  5.4e+04
   890 -1.70264e-02  1.300e-04  5.368e-08   7.0e-07  4.0e-08  1.0e+04  4.0e+03
   900 -1.77155e-02  1.271e-04  5.291e-08   6.8e-07  4.0e-08  1.0e+04  4.0e+03
   910 -1.77190e-02  1.271e-04  5.290e-08   6.8e-07  4.0e-08  1.0e+04  5.0e+03
 
   itn      x(1)       norm r    norm Ar  compatible   LS      norm A   cond A
   920 -1.77872e-02  1.268e-04  5.283e-08   6.8e-07  4.0e-08  1.1e+04  7.1e+03
   930 -1.89286e-02  1.220e-04  5.152e-08   6.6e-07  4.0e-08  1.1e+04  4.0e+03
   940 -3.54271e-02  6.555e-05  2.627e-08   3.5e-07  3.8e-08  1.1e+04  4.0e+03
   950 -3.59109e-02  6.461e-05  2.515e-08   3.5e-07  3.6e-08  1.1e+04  4.0e+03
   960 -3.85051e-02  6.082e-05  1.798e-08   3.3e-07  2.8e-08  1.1e+04  4.0e+03
   970 -3.85379e-02  6.078e-05  1.787e-08   3.3e-07  2.7e-08  1.1e+04  7.1e+03
   980 -3.85390e-02  6.078e-05  1.787e-08   3.3e-07  2.7e-08  1.1e+04  4.0e+03
   990 -3.85391e-02  6.078e-05  1.787e-08   3.3e-07  2.7e-08  1.1e+04  4.9e+04
  1000 -3.85416e-02  6.078e-05  1.787e-08   3.3e-07  2.7e-08  1.1e+04  1.2e+04
  1010 -3.85532e-02  6.077e-05  1.784e-08   3.3e-07  2.7e-08  1.1e+04  4.0e+03
  1020 -3.85545e-02  6.077e-05  1.784e-08   3.3e-07  2.7e-08  1.1e+04  8.3e+03
  1030 -3.85546e-02  6.077e-05  1.784e-08   3.3e-07  2.6e-08  1.1e+04  6.3e+03
  1040 -3.85546e-02  6.077e-05  1.784e-08   3.3e-07  2.6e-08  1.1e+04  9.4e+04
  1050 -3.86461e-02  6.068e-05  1.782e-08   3.3e-07  2.6e-08  1.1e+04  4.0e+03
  1060 -3.88077e-02  6.053e-05  1.780e-08   3.3e-07  2.6e-08  1.1e+04  1.7e+05
  1070 -3.89251e-02  6.042e-05  1.778e-08   3.3e-07  2.6e-08  1.1e+04  4.0e+03
  1080 -3.89844e-02  6.037e-05  1.777e-08   3.3e-07  2.6e-08  1.1e+04  1.4e+04
  1090 -3.89905e-02  6.036e-05  1.777e-08   3.3e-07  2.6e-08  1.1e+04  5.1e+03
  1100 -3.90816e-02  6.028e-05  1.776e-08   3.2e-07  2.6e-08  1.2e+04  4.0e+03
  1110 -3.90824e-02  6.028e-05  1.776e-08   3.2e-07  2.5e-08  1.2e+04  6.8e+04
 
   itn      x(1)       norm r    norm Ar  compatible   LS      norm A   cond A
  1120 -4.01917e-02  5.924e-05  1.760e-08   3.2e-07  2.6e-08  1.2e+04  4.0e+03
  1130 -9.02831e-02  1.668e-05  7.184e-09   9.0e-08  3.7e-08  1.2e+04  4.0e+03
  1140 -9.50391e-02  1.454e-05  5.207e-09   7.8e-08  3.1e-08  1.2e+04  4.0e+03
  1150 -9.79149e-02  1.383e-05  3.507e-09   7.4e-08  2.2e-08  1.2e+04  4.0e+03
  1160 -9.79162e-02  1.383e-05  3.506e-09   7.4e-08  2.1e-08  1.2e+04  4.0e+03
  1170 -9.79167e-02  1.383e-05  3.506e-09   7.4e-08  2.1e-08  1.2e+04  3.4e+04
  1180 -9.79247e-02  1.383e-05  3.500e-09   7.4e-08  2.1e-08  1.2e+04  4.0e+03
  1190 -9.79279e-02  1.383e-05  3.497e-09   7.4e-08  2.1e-08  1.2e+04  4.8e+03
  1200 -9.79282e-02  1.383e-05  3.497e-09   7.4e-08  2.1e-08  1.2e+04  1.6e+04
  1210 -9.79288e-02  1.383e-05  3.497e-09   7.4e-08  2.1e-08  1.2e+04  4.6e+05
  1220 -9.79288e-02  1.383e-05  3.497e-09   7.4e-08  2.1e-08  1.2e+04  3.9e+05
  1230 -9.79290e-02  1.383e-05  3.497e-09   7.4e-08  2.1e-08  1.2e+04  2.5e+05
  1240 -9.79295e-02  1.383e-05  3.497e-09   7.4e-08  2.1e-08  1.2e+04  2.1e+04
  1250 -9.79348e-02  1.382e-05  3.494e-09   7.4e-08  2.1e-08  1.2e+04  7.0e+04
  1260 -9.79349e-02  1.382e-05  3.494e-09   7.4e-08  2.1e-08  1.2e+04  9.6e+04
  1270 -9.79349e-02  1.382e-05  3.494e-09   7.4e-08  2.0e-08  1.2e+04  4.9e+04
  1280 -9.79365e-02  1.382e-05  3.494e-09   7.4e-08  2.0e-08  1.2e+04  7.4e+03
  1290 -9.80760e-02  1.374e-05  3.469e-09   7.4e-08  2.0e-08  1.2e+04  4.0e+03
  1300 -9.84850e-02  1.351e-05  3.396e-09   7.3e-08  2.0e-08  1.3e+04  3.5e+04
  1310 -9.84986e-02  1.350e-05  3.394e-09   7.3e-08  2.0e-08  1.3e+04  4.0e+03
 
   itn      x(1)       norm r    norm Ar  compatible   LS      norm A   cond A
  1320 -9.85923e-02  1.345e-05  3.377e-09   7.2e-08  2.0e-08  1.3e+04  4.0e+03
  1330 -9.86746e-02  1.340e-05  3.362e-09   7.2e-08  2.0e-08  1.3e+04  4.0e+03
  1340 -9.95084e-02  1.295e-05  3.207e-09   7.0e-08  1.9e-08  1.3e+04  4.0e+03
  1350 -9.95392e-02  1.293e-05  3.201e-09   7.0e-08  1.9e-08  1.3e+04  1.5e+04
  1360 -1.00051e-01  1.267e-05  3.101e-09   6.8e-08  1.9e-08  1.3e+04  4.0e+03
  1370 -1.04530e-01  1.093e-05  2.035e-09   5.9e-08  1.4e-08  1.3e+04  4.0e+03
  1380 -1.05000e-01  1.082e-05  1.889e-09   5.8e-08  1.4e-08  1.3e+04  4.0e+03
  1390 -1.05069e-01  1.081e-05  1.866e-09   5.8e-08  1.3e-08  1.3e+04  4.0e+03
  1400 -1.05120e-01  1.080e-05  1.849e-09   5.8e-08  1.3e-08  1.3e+04  4.0e+03
  1410 -1.05126e-01  1.080e-05  1.848e-09   5.8e-08  1.3e-08  1.3e+04  4.0e+03
  1420 -1.05159e-01  1.079e-05  1.838e-09   5.8e-08  1.3e-08  1.3e+04  2.6e+04
  1430 -1.05159e-01  1.079e-05  1.838e-09   5.8e-08  1.3e-08  1.3e+04  1.5e+04
  1440 -1.05159e-01  1.079e-05  1.838e-09   5.8e-08  1.3e-08  1.3e+04  5.4e+03
  1450 -1.05159e-01  1.079e-05  1.838e-09   5.8e-08  1.3e-08  1.3e+04  4.8e+05
  1460 -1.05161e-01  1.079e-05  1.837e-09   5.8e-08  1.3e-08  1.3e+04  6.4e+03
  1470 -1.05163e-01  1.079e-05  1.837e-09   5.8e-08  1.3e-08  1.3e+04  6.4e+03
  1480 -1.05167e-01  1.079e-05  1.837e-09   5.8e-08  1.3e-08  1.3e+04  6.4e+03
  1490 -1.05169e-01  1.079e-05  1.836e-09   5.8e-08  1.3e-08  1.3e+04  2.2e+05
  1500 -1.05169e-01  1.079e-05  1.836e-09   5.8e-08  1.3e-08  1.3e+04  3.0e+04
  1510 -1.05169e-01  1.079e-05  1.836e-09   5.8e-08  1.3e-08  1.3e+04  1.2e+06
 
   itn      x(1)       norm r    norm Ar  compatible   LS      norm A   cond A
  1520 -1.05169e-01  1.079e-05  1.836e-09   5.8e-08  1.3e-08  1.4e+04  3.9e+04
  1530 -1.05169e-01  1.079e-05  1.836e-09   5.8e-08  1.3e-08  1.4e+04  1.6e+04
  1540 -1.05174e-01  1.079e-05  1.836e-09   5.8e-08  1.2e-08  1.4e+04  6.4e+03
  1550 -1.05176e-01  1.078e-05  1.836e-09   5.8e-08  1.2e-08  1.4e+04  3.1e+04
  1560 -1.05177e-01  1.078e-05  1.836e-09   5.8e-08  1.2e-08  1.4e+04  1.8e+04
  1570 -1.05188e-01  1.078e-05  1.835e-09   5.8e-08  1.2e-08  1.4e+04  4.8e+04
  1580 -1.05189e-01  1.078e-05  1.835e-09   5.8e-08  1.2e-08  1.4e+04  6.4e+03
  1590 -1.05190e-01  1.078e-05  1.835e-09   5.8e-08  1.2e-08  1.4e+04  4.8e+04
  1600 -1.05190e-01  1.078e-05  1.835e-09   5.8e-08  1.2e-08  1.4e+04  2.7e+04
  1610 -1.05901e-01  1.057e-05  1.790e-09   5.7e-08  1.2e-08  1.4e+04  6.4e+03
  1620 -1.05919e-01  1.057e-05  1.789e-09   5.7e-08  1.2e-08  1.4e+04  1.5e+04
  1630 -1.05920e-01  1.057e-05  1.789e-09   5.7e-08  1.2e-08  1.4e+04  6.6e+04
  1640 -1.05921e-01  1.057e-05  1.789e-09   5.7e-08  1.2e-08  1.4e+04  6.4e+03
  1650 -1.10386e-01  9.420e-06  1.483e-09   5.1e-08  1.1e-08  1.4e+04  6.4e+03
  1660 -1.11361e-01  9.212e-06  1.407e-09   5.0e-08  1.1e-08  1.4e+04  6.4e+03
  1670 -1.11375e-01  9.209e-06  1.406e-09   5.0e-08  1.1e-08  1.4e+04  6.4e+03
  1680 -1.13162e-01  8.875e-06  1.255e-09   4.8e-08  9.9e-09  1.4e+04  6.4e+03
  1690 -1.13181e-01  8.872e-06  1.253e-09   4.8e-08  9.9e-09  1.4e+04  4.1e+04
  1700 -1.13187e-01  8.871e-06  1.253e-09   4.8e-08  9.8e-09  1.4e+04  6.4e+03
  1710 -1.13666e-01  8.793e-06  1.209e-09   4.7e-08  9.6e-09  1.4e+04  6.4e+03
 
   itn      x(1)       norm r    norm Ar  compatible   LS      norm A   cond A
  1720 -1.14016e-01  8.738e-06  1.176e-09   4.7e-08  9.3e-09  1.4e+04  2.7e+04
  1730 -1.14062e-01  8.732e-06  1.172e-09   4.7e-08  9.3e-09  1.4e+04  1.3e+04
  1740 -1.14066e-01  8.731e-06  1.171e-09   4.7e-08  9.3e-09  1.5e+04  3.5e+04
  1750 -1.14092e-01  8.727e-06  1.169e-09   4.7e-08  9.2e-09  1.5e+04  1.2e+04
  1760 -1.14776e-01  8.630e-06  1.101e-09   4.6e-08  8.8e-09  1.5e+04  6.4e+03
  1770 -1.14970e-01  8.605e-06  1.081e-09   4.6e-08  8.6e-09  1.5e+04  6.4e+03
  1780 -1.15236e-01  8.571e-06  1.053e-09   4.6e-08  8.4e-09  1.5e+04  6.4e+03
  1790 -1.15302e-01  8.563e-06  1.046e-09   4.6e-08  8.3e-09  1.5e+04  6.4e+03
  1800 -1.15972e-01  8.487e-06  9.721e-10   4.6e-08  7.8e-09  1.5e+04  6.4e+03
  1810 -1.15993e-01  8.484e-06  9.697e-10   4.6e-08  7.7e-09  1.5e+04  2.1e+04
  1820 -1.16001e-01  8.483e-06  9.687e-10   4.6e-08  7.7e-09  1.5e+04  6.4e+03
  1830 -1.16002e-01  8.483e-06  9.687e-10   4.6e-08  7.7e-09  1.5e+04  6.4e+03
  1840 -1.16071e-01  8.476e-06  9.607e-10   4.6e-08  7.6e-09  1.5e+04  6.4e+03
  1850 -1.16596e-01  8.424e-06  8.981e-10   4.5e-08  7.1e-09  1.5e+04  6.4e+03
  1860 -1.16600e-01  8.424e-06  8.976e-10   4.5e-08  7.1e-09  1.5e+04  4.4e+04
  1870 -1.16600e-01  8.424e-06  8.976e-10   4.5e-08  7.1e-09  1.5e+04  6.4e+03
  1880 -1.16634e-01  8.420e-06  8.937e-10   4.5e-08  7.0e-09  1.5e+04  6.4e+03
  1890 -1.16635e-01  8.420e-06  8.937e-10   4.5e-08  7.0e-09  1.5e+04  6.4e+03
  1900 -1.16638e-01  8.420e-06  8.933e-10   4.5e-08  7.0e-09  1.5e+04  6.4e+03
  1910 -1.16661e-01  8.418e-06  8.908e-10   4.5e-08  7.0e-09  1.5e+04  4.2e+04
 
   itn      x(1)       norm r    norm Ar  compatible   LS      norm A   cond A
  1920 -1.16661e-01  8.418e-06  8.908e-10   4.5e-08  6.9e-09  1.5e+04  1.7e+05
  1930 -1.16661e-01  8.418e-06  8.908e-10   4.5e-08  6.9e-09  1.5e+04  6.4e+03
  1940 -1.16668e-01  8.417e-06  8.900e-10   4.5e-08  6.9e-09  1.5e+04  6.4e+03
  1950 -1.16676e-01  8.416e-06  8.892e-10   4.5e-08  6.9e-09  1.5e+04  6.4e+03
  1960 -1.16681e-01  8.416e-06  8.886e-10   4.5e-08  6.9e-09  1.5e+04  6.4e+03
  1970 -1.16682e-01  8.416e-06  8.886e-10   4.5e-08  6.8e-09  1.5e+04  3.1e+04
  1980 -1.16682e-01  8.416e-06  8.886e-10   4.5e-08  6.8e-09  1.5e+04  7.1e+05
  1990 -1.16682e-01  8.416e-06  8.885e-10   4.5e-08  6.8e-09  1.6e+04  8.7e+04
  2000 -1.16682e-01  8.416e-06  8.885e-10   4.5e-08  6.8e-09  1.6e+04  3.8e+04
  2010 -1.16684e-01  8.415e-06  8.885e-10   4.5e-08  6.8e-09  1.6e+04  2.6e+05
  2020 -1.16684e-01  8.415e-06  8.885e-10   4.5e-08  6.8e-09  1.6e+04  6.4e+03
  2030 -1.16687e-01  8.415e-06  8.885e-10   4.5e-08  6.7e-09  1.6e+04  5.4e+05
  2040 -1.16701e-01  8.412e-06  8.882e-10   4.5e-08  6.7e-09  1.6e+04  6.4e+03
  2050 -1.16720e-01  8.409e-06  8.879e-10   4.5e-08  6.7e-09  1.6e+04  6.4e+03
  2060 -1.16816e-01  8.393e-06  8.863e-10   4.5e-08  6.7e-09  1.6e+04  6.4e+03
  2070 -1.17229e-01  8.322e-06  8.792e-10   4.5e-08  6.7e-09  1.6e+04  6.4e+03
  2080 -1.24994e-01  7.117e-06  7.334e-10   3.8e-08  6.5e-09  1.6e+04  6.4e+03
  2090 -1.27945e-01  6.732e-06  6.697e-10   3.6e-08  6.3e-09  1.6e+04  6.4e+03
  2100 -1.28544e-01  6.660e-06  6.561e-10   3.6e-08  6.2e-09  1.6e+04  7.6e+03
  2110 -1.28567e-01  6.658e-06  6.555e-10   3.6e-08  6.2e-09  1.6e+04  6.4e+03
 
   itn      x(1)       norm r    norm Ar  compatible   LS      norm A   cond A
  2120 -1.28592e-01  6.655e-06  6.550e-10   3.6e-08  6.1e-09  1.6e+04  6.4e+03
  2130 -1.28675e-01  6.645e-06  6.530e-10   3.6e-08  6.1e-09  1.6e+04  6.4e+03
  2140 -1.28676e-01  6.645e-06  6.530e-10   3.6e-08  6.1e-09  1.6e+04  6.4e+03
  2150 -1.28676e-01  6.645e-06  6.530e-10   3.6e-08  6.1e-09  1.6e+04  1.1e+05
  2160 -1.28690e-01  6.643e-06  6.527e-10   3.6e-08  6.1e-09  1.6e+04  1.3e+05
  2170 -1.28690e-01  6.643e-06  6.527e-10   3.6e-08  6.1e-09  1.6e+04  6.4e+03
  2180 -1.28693e-01  6.643e-06  6.526e-10   3.6e-08  6.0e-09  1.6e+04  6.4e+03
  2190 -1.28753e-01  6.636e-06  6.513e-10   3.6e-08  6.0e-09  1.6e+04  6.4e+03
  2200 -1.28755e-01  6.636e-06  6.513e-10   3.6e-08  6.0e-09  1.6e+04  1.4e+04
  2210 -1.28762e-01  6.635e-06  6.511e-10   3.6e-08  6.0e-09  1.6e+04  1.7e+04
  2220 -1.28894e-01  6.619e-06  6.482e-10   3.6e-08  6.0e-09  1.6e+04  6.4e+03
  2230 -1.28899e-01  6.619e-06  6.481e-10   3.6e-08  6.0e-09  1.6e+04  7.3e+03
  2240 -1.28899e-01  6.619e-06  6.481e-10   3.6e-08  5.9e-09  1.6e+04  1.1e+05
  2250 -1.28899e-01  6.619e-06  6.481e-10   3.6e-08  5.9e-09  1.7e+04  2.8e+06
  2260 -1.28899e-01  6.619e-06  6.481e-10   3.6e-08  5.9e-09  1.7e+04  8.8e+03
  2270 -1.28899e-01  6.619e-06  6.481e-10   3.6e-08  5.9e-09  1.7e+04  1.2e+06
  2280 -1.28902e-01  6.618e-06  6.481e-10   3.6e-08  5.9e-09  1.7e+04  7.6e+03
  2290 -1.28904e-01  6.618e-06  6.481e-10   3.6e-08  5.9e-09  1.7e+04  2.0e+05
  2300 -1.28982e-01  6.609e-06  6.476e-10   3.6e-08  5.9e-09  1.7e+04  6.4e+03
  2310 -1.28987e-01  6.608e-06  6.476e-10   3.6e-08  5.9e-09  1.7e+04  2.9e+04
 
   itn      x(1)       norm r    norm Ar  compatible   LS      norm A   cond A
  2320 -1.28987e-01  6.608e-06  6.476e-10   3.6e-08  5.8e-09  1.7e+04  1.8e+05
  2330 -1.28989e-01  6.608e-06  6.476e-10   3.6e-08  5.8e-09  1.7e+04  1.4e+05
  2340 -1.28989e-01  6.608e-06  6.476e-10   3.6e-08  5.8e-09  1.7e+04  6.6e+04
  2350 -1.28994e-01  6.608e-06  6.475e-10   3.6e-08  5.8e-09  1.7e+04  2.4e+04
  2360 -1.30008e-01  6.487e-06  6.416e-10   3.5e-08  5.8e-09  1.7e+04  6.4e+03
  2370 -1.82092e-01  2.882e-07  1.352e-10   1.6e-09  2.8e-08  1.7e+04  6.4e+03
  2380 -1.83190e-01  1.576e-07  9.999e-11   8.5e-10  3.7e-08  1.7e+04  6.4e+03
  2390 -1.83218e-01  1.543e-07  9.893e-11   8.3e-10  3.8e-08  1.7e+04  6.4e+03
  2400 -1.83230e-01  1.528e-07  9.846e-11   8.2e-10  3.8e-08  1.7e+04  6.4e+03
  2410 -1.84382e-01  1.573e-08  3.157e-11   8.5e-11  1.2e-07  1.7e+04  6.4e+03
  2420 -1.84390e-01  1.479e-08  3.061e-11   8.0e-11  1.2e-07  1.7e+04  6.4e+03
  2430 -1.84397e-01  1.389e-08  2.966e-11   7.5e-11  1.2e-07  1.7e+04  6.4e+03
  2440 -1.84454e-01  7.104e-09  2.118e-11   3.8e-11  1.7e-07  1.7e+04  6.4e+03
  2450 -1.84496e-01  2.204e-09  1.159e-11   1.2e-11  3.0e-07  1.7e+04  6.4e+03
  2460 -1.84496e-01  2.198e-09  1.158e-11   1.2e-11  3.0e-07  1.7e+04  6.4e+03
  2470 -1.84512e-01  6.161e-10  4.137e-12   3.3e-12  3.9e-07  1.7e+04  6.4e+03
  2480 -1.84512e-01  6.160e-10  4.136e-12   3.3e-12  3.9e-07  1.7e+04  6.4e+03
  2490 -1.84512e-01  6.105e-10  4.072e-12   3.3e-12  3.8e-07  1.7e+04  6.4e+03
  2500 -1.84512e-01  6.085e-10  4.049e-12   3.3e-12  3.8e-07  1.7e+04  6.4e+03
  2510 -1.84513e-01  5.151e-10  1.521e-12   2.8e-12  1.7e-07  1.7e+04  6.4e+03
 
   itn      x(1)       norm r    norm Ar  compatible   LS      norm A   cond A
  2520 -1.84514e-01  5.131e-10  6.986e-13   2.8e-12  7.8e-08  1.7e+04  6.4e+03
  2530 -1.84514e-01  5.130e-10  3.430e-13   2.8e-12  3.8e-08  1.8e+04  6.4e+03
  2540 -1.84514e-01  5.130e-10  1.988e-13   2.8e-12  2.2e-08  1.8e+04  6.4e+03
  2550 -1.84514e-01  5.130e-10  5.789e-14   2.8e-12  6.4e-09  1.8e+04  6.4e+03
  2560 -1.84514e-01  5.130e-10  5.742e-14   2.8e-12  6.3e-09  1.8e+04  6.4e+03
  2570 -1.84514e-01  5.130e-10  5.468e-14   2.8e-12  6.0e-09  1.8e+04  6.4e+03
  2580 -1.84514e-01  5.130e-10  5.466e-14   2.8e-12  6.0e-09  1.8e+04  8.7e+03
  2590 -1.84514e-01  5.130e-10  5.226e-14   2.8e-12  5.7e-09  1.8e+04  6.4e+03
  2600 -1.84514e-01  5.130e-10  5.155e-14   2.8e-12  5.7e-09  1.8e+04  6.4e+03
  2610 -1.84514e-01  5.130e-10  5.020e-14   2.8e-12  5.5e-09  1.8e+04  6.4e+03
  2620 -1.84514e-01  5.130e-10  2.939e-14   2.8e-12  3.2e-09  1.8e+04  6.4e+03
  2630 -1.84514e-01  5.130e-10  2.805e-14   2.8e-12  3.1e-09  1.8e+04  6.4e+03
  2640 -1.84514e-01  5.130e-10  2.254e-14   2.8e-12  2.5e-09  1.8e+04  6.4e+03
  2650 -1.84514e-01  5.130e-10  2.251e-14   2.8e-12  2.4e-09  1.8e+04  6.4e+03
  2660 -1.84514e-01  5.130e-10  2.134e-14   2.8e-12  2.3e-09  1.8e+04  6.4e+03
  2670 -1.84514e-01  5.130e-10  1.663e-15   2.8e-12  1.8e-10  1.8e+04  6.4e+03
  2680 -1.84514e-01  5.130e-10  1.268e-15   2.8e-12  1.4e-10  1.8e+04  6.4e+03
  2690 -1.84514e-01  5.130e-10  1.257e-15   2.8e-12  1.4e-10  1.8e+04  6.4e+03
  2700 -1.84514e-01  5.130e-10  1.256e-15   2.8e-12  1.4e-10  1.8e+04  6.4e+03
  2710 -1.84514e-01  5.130e-10  1.142e-15   2.8e-12  1.2e-10  1.8e+04  6.4e+03
 
   itn      x(1)       norm r    norm Ar  compatible   LS      norm A   cond A
  2720 -1.84514e-01  5.130e-10  6.547e-16   2.8e-12  7.0e-11  1.8e+04  6.4e+03
  2730 -1.84514e-01  5.130e-10  3.495e-16   2.8e-12  3.7e-11  1.8e+04  6.4e+03
  2740 -1.84514e-01  5.130e-10  3.383e-16   2.8e-12  3.6e-11  1.8e+04  6.4e+03
  2750 -1.84514e-01  5.130e-10  3.324e-16   2.8e-12  3.5e-11  1.8e+04  6.4e+03
  2760 -1.84514e-01  5.130e-10  3.314e-16   2.8e-12  3.5e-11  1.8e+04  6.4e+03
  2770 -1.84514e-01  5.130e-10  1.837e-16   2.8e-12  2.0e-11  1.8e+04  7.1e+03
  2780 -1.84514e-01  5.130e-10  1.825e-16   2.8e-12  1.9e-11  1.8e+04  6.4e+03
  2790 -1.84514e-01  5.130e-10  1.820e-16   2.8e-12  1.9e-11  1.8e+04  6.4e+03
  2800 -1.84514e-01  5.130e-10  1.784e-16   2.8e-12  1.9e-11  1.8e+04  6.4e+03
  2810 -1.84514e-01  5.130e-10  1.073e-16   2.8e-12  1.1e-11  1.8e+04  6.4e+03
  2820 -1.84514e-01  5.130e-10  6.378e-17   2.8e-12  6.7e-12  1.9e+04  6.4e+03
  2830 -1.84514e-01  5.130e-10  5.027e-17   2.8e-12  5.3e-12  1.9e+04  6.4e+03
  2840 -1.84514e-01  5.130e-10  4.915e-17   2.8e-12  5.2e-12  1.9e+04  6.4e+03
  2850 -1.84514e-01  5.130e-10  4.904e-17   2.8e-12  5.1e-12  1.9e+04  6.4e+03
  2860 -1.84514e-01  5.130e-10  4.900e-17   2.8e-12  5.1e-12  1.9e+04  6.4e+03
  2870 -1.84514e-01  5.130e-10  4.900e-17   2.8e-12  5.1e-12  1.9e+04  1.8e+04
  2880 -1.84514e-01  5.130e-10  4.887e-17   2.8e-12  5.1e-12  1.9e+04  6.4e+03
  2890 -1.84514e-01  5.130e-10  4.699e-17   2.8e-12  4.9e-12  1.9e+04  6.4e+03
  2900 -1.84514e-01  5.130e-10  4.698e-17   2.8e-12  4.9e-12  1.9e+04  6.4e+03
  2910 -1.84514e-01  5.130e-10  4.262e-17   2.8e-12  4.4e-12  1.9e+04  6.4e+03
 
   itn      x(1)       norm r    norm Ar  compatible   LS      norm A   cond A
  2920 -1.84514e-01  5.130e-10  3.349e-17   2.8e-12  3.5e-12  1.9e+04  6.4e+03
  2930 -1.84514e-01  5.130e-10  1.586e-17   2.8e-12  1.6e-12  1.9e+04  6.4e+03
  2940 -1.84514e-01  5.130e-10  1.525e-17   2.8e-12  1.6e-12  1.9e+04  1.4e+04
  2950 -1.84514e-01  5.130e-10  1.334e-17   2.8e-12  1.4e-12  1.9e+04  6.4e+03
  2960 -1.84514e-01  5.130e-10  1.278e-17   2.8e-12  1.3e-12  1.9e+04  6.4e+03
  2970 -1.84514e-01  5.130e-10  1.277e-17   2.8e-12  1.3e-12  1.9e+04  6.4e+03
  2980 -1.84514e-01  5.130e-10  1.276e-17   2.8e-12  1.3e-12  1.9e+04  9.1e+03
  2990 -1.84514e-01  5.130e-10  1.252e-17   2.8e-12  1.3e-12  1.9e+04  6.4e+03
  3000 -1.84514e-01  5.130e-10  1.231e-17   2.8e-12  1.3e-12  1.9e+04  6.4e+03
  3010 -1.84514e-01  5.130e-10  1.133e-17   2.8e-12  1.2e-12  1.9e+04  6.4e+03
  3020 -1.84514e-01  5.130e-10  1.131e-17   2.8e-12  1.2e-12  1.9e+04  6.4e+03
  3030 -1.84514e-01  5.130e-10  1.113e-17   2.8e-12  1.1e-12  1.9e+04  6.4e+03
  3040 -1.84514e-01  5.130e-10  1.110e-17   2.8e-12  1.1e-12  1.9e+04  6.4e+03
  3050 -1.84514e-01  5.130e-10  9.829e-18   2.8e-12  9.9e-13  1.9e+04  6.4e+03
  3060 -1.84514e-01  5.130e-10  4.865e-18   2.8e-12  4.9e-13  1.9e+04  4.8e+04
  3070 -1.84514e-01  5.130e-10  4.865e-18   2.8e-12  4.9e-13  1.9e+04  1.1e+04
  3080 -1.84514e-01  5.130e-10  4.865e-18   2.8e-12  4.9e-13  1.9e+04  1.9e+05
  3090 -1.84514e-01  5.130e-10  4.865e-18   2.8e-12  4.9e-13  1.9e+04  2.0e+04
  3100 -1.84514e-01  5.130e-10  4.865e-18   2.8e-12  4.9e-13  1.9e+04  7.3e+04
  3110 -1.84514e-01  5.130e-10  4.865e-18   2.8e-12  4.9e-13  1.9e+04  6.4e+03
 
   itn      x(1)       norm r    norm Ar  compatible   LS      norm A   cond A
  3120 -1.84514e-01  5.130e-10  4.864e-18   2.8e-12  4.9e-13  1.9e+04  6.4e+03
  3130 -1.84514e-01  5.130e-10  4.864e-18   2.8e-12  4.9e-13  2.0e+04  8.5e+03
  3140 -1.84514e-01  5.130e-10  4.864e-18   2.8e-12  4.8e-13  2.0e+04  3.5e+04
  3150 -1.84514e-01  5.130e-10  4.864e-18   2.8e-12  4.8e-13  2.0e+04  8.7e+04
  3160 -1.84514e-01  5.130e-10  4.852e-18   2.8e-12  4.8e-13  2.0e+04  6.4e+03
  3170 -1.84514e-01  5.130e-10  4.851e-18   2.8e-12  4.8e-13  2.0e+04  9.2e+04
  3180 -1.84514e-01  5.130e-10  4.850e-18   2.8e-12  4.8e-13  2.0e+04  8.8e+03
  3190 -1.84514e-01  5.130e-10  4.760e-18   2.8e-12  4.7e-13  2.0e+04  6.4e+03
  3200 -1.84514e-01  5.130e-10  3.151e-18   2.8e-12  3.1e-13  2.0e+04  6.4e+03
  3210 -1.84514e-01  5.130e-10  3.150e-18   2.8e-12  3.1e-13  2.0e+04  6.4e+03
  3220 -1.84514e-01  5.130e-10  3.140e-18   2.8e-12  3.1e-13  2.0e+04  6.4e+03
  3230 -1.84514e-01  5.130e-10  1.025e-18   2.8e-12  1.0e-13  2.0e+04  6.4e+03
  3240 -1.84514e-01  5.130e-10  8.480e-19   2.8e-12  8.3e-14  2.0e+04  6.4e+03
  3250 -1.84514e-01  5.130e-10  6.164e-19   2.8e-12  6.0e-14  2.0e+04  6.4e+03
  3260 -1.84514e-01  5.130e-10  2.566e-19   2.8e-12  2.5e-14  2.0e+04  6.4e+03
  3270 -1.84514e-01  5.130e-10  2.479e-19   2.8e-12  2.4e-14  2.0e+04  6.4e+03
  3280 -1.84514e-01  5.130e-10  2.476e-19   2.8e-12  2.4e-14  2.0e+04  6.4e+03
  3290 -1.84514e-01  5.130e-10  2.476e-19   2.8e-12  2.4e-14  2.0e+04  2.5e+04
  3300 -1.84514e-01  5.130e-10  2.298e-19   2.8e-12  2.2e-14  2.0e+04  9.4e+03
  3310 -1.84514e-01  5.130e-10  2.193e-19   2.8e-12  2.1e-14  2.0e+04  6.4e+03
 
   itn      x(1)       norm r    norm Ar  compatible   LS      norm A   cond A
  3320 -1.84514e-01  5.130e-10  2.102e-19   2.8e-12  2.0e-14  2.0e+04  6.4e+03
  3330 -1.84514e-01  5.130e-10  1.927e-19   2.8e-12  1.9e-14  2.0e+04  6.4e+03
  3340 -1.84514e-01  5.130e-10  1.716e-19   2.8e-12  1.7e-14  2.0e+04  6.4e+03
  3350 -1.84514e-01  5.130e-10  1.483e-19   2.8e-12  1.4e-14  2.0e+04  6.4e+03
  3360 -1.84514e-01  5.130e-10  1.476e-19   2.8e-12  1.4e-14  2.0e+04  6.4e+03
  3370 -1.84514e-01  5.130e-10  1.472e-19   2.8e-12  1.4e-14  2.0e+04  6.4e+03
  3380 -1.84514e-01  5.130e-10  1.437e-19   2.8e-12  1.4e-14  2.0e+04  6.4e+03
  3390 -1.84514e-01  5.130e-10  1.431e-19   2.8e-12  1.4e-14  2.0e+04  6.4e+03
  3400 -1.84514e-01  5.130e-10  1.377e-19   2.8e-12  1.3e-14  2.0e+04  6.4e+03
  3410 -1.84514e-01  5.130e-10  1.372e-19   2.8e-12  1.3e-14  2.0e+04  7.0e+03
  3420 -1.84514e-01  5.130e-10  1.372e-19   2.8e-12  1.3e-14  2.0e+04  7.6e+03
  3430 -1.84514e-01  5.130e-10  1.359e-19   2.8e-12  1.3e-14  2.0e+04  6.4e+03
  3440 -1.84514e-01  5.130e-10  1.359e-19   2.8e-12  1.3e-14  2.0e+04  6.4e+03
  3450 -1.84514e-01  5.130e-10  1.359e-19   2.8e-12  1.3e-14  2.0e+04  2.8e+05
  3460 -1.84514e-01  5.130e-10  1.359e-19   2.8e-12  1.3e-14  2.1e+04  6.4e+03
  3470 -1.84514e-01  5.130e-10  1.359e-19   2.8e-12  1.3e-14  2.1e+04  2.4e+04
  3480 -1.84514e-01  5.130e-10  1.356e-19   2.8e-12  1.3e-14  2.1e+04  6.4e+03
  3490 -1.84514e-01  5.130e-10  1.356e-19   2.8e-12  1.3e-14  2.1e+04  2.0e+04
  3500 -1.84514e-01  5.130e-10  1.355e-19   2.8e-12  1.3e-14  2.1e+04  6.4e+03
  3510 -1.84514e-01  5.130e-10  1.355e-19   2.8e-12  1.3e-14  2.1e+04  7.9e+04
 
   itn      x(1)       norm r    norm Ar  compatible   LS      norm A   cond A
  3520 -1.84514e-01  5.130e-10  1.355e-19   2.8e-12  1.3e-14  2.1e+04  6.4e+03
  3530 -1.84514e-01  5.130e-10  1.355e-19   2.8e-12  1.3e-14  2.1e+04  6.4e+03
  3540 -1.84514e-01  5.130e-10  1.351e-19   2.8e-12  1.3e-14  2.1e+04  6.4e+03
  3550 -1.84514e-01  5.130e-10  1.306e-19   2.8e-12  1.2e-14  2.1e+04  6.4e+03
  3560 -1.84514e-01  5.130e-10  1.290e-19   2.8e-12  1.2e-14  2.1e+04  6.4e+03
  3570 -1.84514e-01  5.130e-10  1.276e-19   2.8e-12  1.2e-14  2.1e+04  1.3e+04
  3580 -1.84514e-01  5.130e-10  9.704e-20   2.8e-12  9.1e-15  2.1e+04  6.4e+03
  3590 -1.84514e-01  5.130e-10  9.622e-20   2.8e-12  9.0e-15  2.1e+04  6.4e+03
  3600 -1.84514e-01  5.130e-10  9.533e-20   2.8e-12  8.9e-15  2.1e+04  6.4e+03
  3610 -1.84514e-01  5.130e-10  8.991e-20   2.8e-12  8.4e-15  2.1e+04  6.4e+03
  3620 -1.84514e-01  5.130e-10  6.930e-20   2.8e-12  6.4e-15  2.1e+04  6.4e+03
  3630 -1.84514e-01  5.130e-10  6.930e-20   2.8e-12  6.4e-15  2.1e+04  1.5e+04
  3640 -1.84514e-01  5.130e-10  6.930e-20   2.8e-12  6.4e-15  2.1e+04  2.1e+05
  3650 -1.84514e-01  5.130e-10  6.930e-20   2.8e-12  6.4e-15  2.1e+04  6.4e+03
  3660 -1.84514e-01  5.130e-10  6.927e-20   2.8e-12  6.4e-15  2.1e+04  6.4e+03
  3670 -1.84514e-01  5.130e-10  6.920e-20   2.8e-12  6.4e-15  2.1e+04  6.4e+03
  3680 -1.84514e-01  5.130e-10  6.920e-20   2.8e-12  6.4e-15  2.1e+04  1.5e+04
  3690 -1.84514e-01  5.130e-10  6.908e-20   2.8e-12  6.4e-15  2.1e+04  6.4e+03
  3700 -1.84514e-01  5.130e-10  6.905e-20   2.8e-12  6.3e-15  2.1e+04  6.3e+04
  3710 -1.84514e-01  5.130e-10  6.905e-20   2.8e-12  6.3e-15  2.1e+04  6.4e+03
 
   itn      x(1)       norm r    norm Ar  compatible   LS      norm A   cond A
  3720 -1.84514e-01  5.130e-10  6.892e-20   2.8e-12  6.3e-15  2.1e+04  6.4e+03
  3730 -1.84514e-01  5.130e-10  6.878e-20   2.8e-12  6.3e-15  2.1e+04  6.4e+03
  3740 -1.84514e-01  5.130e-10  6.479e-20   2.8e-12  5.9e-15  2.1e+04  6.4e+03
  3750 -1.84514e-01  5.130e-10  6.446e-20   2.8e-12  5.9e-15  2.1e+04  6.4e+03
  3760 -1.84514e-01  5.130e-10  6.443e-20   2.8e-12  5.9e-15  2.1e+04  6.4e+03
  3770 -1.84514e-01  5.130e-10  6.437e-20   2.8e-12  5.9e-15  2.1e+04  6.4e+03
  3780 -1.84514e-01  5.130e-10  6.435e-20   2.8e-12  5.8e-15  2.1e+04  6.4e+03
  3790 -1.84514e-01  5.130e-10  6.411e-20   2.8e-12  5.8e-15  2.1e+04  6.4e+03
  3800 -1.84514e-01  5.130e-10  6.229e-20   2.8e-12  5.6e-15  2.2e+04  6.4e+03
  3810 -1.84514e-01  5.130e-10  6.219e-20   2.8e-12  5.6e-15  2.2e+04  6.4e+03
  3820 -1.84514e-01  5.130e-10  4.242e-20   2.8e-12  3.8e-15  2.2e+04  6.4e+03
  3830 -1.84514e-01  5.130e-10  4.228e-20   2.8e-12  3.8e-15  2.2e+04  6.4e+03
  3840 -1.84514e-01  5.130e-10  4.194e-20   2.8e-12  3.8e-15  2.2e+04  6.4e+03
  3850 -1.84514e-01  5.130e-10  3.431e-20   2.8e-12  3.1e-15  2.2e+04  6.4e+03
  3860 -1.84514e-01  5.130e-10  3.276e-20   2.8e-12  2.9e-15  2.2e+04  6.4e+03
  3870 -1.84514e-01  5.130e-10  3.225e-20   2.8e-12  2.9e-15  2.2e+04  6.4e+03
  3880 -1.84514e-01  5.130e-10  3.220e-20   2.8e-12  2.9e-15  2.2e+04  6.4e+03
  3890 -1.84514e-01  5.130e-10  3.181e-20   2.8e-12  2.8e-15  2.2e+04  6.4e+03
  3900 -1.84514e-01  5.130e-10  2.702e-20   2.8e-12  2.4e-15  2.2e+04  6.4e+03
  3910 -1.84514e-01  5.130e-10  2.698e-20   2.8e-12  2.4e-15  2.2e+04  6.4e+03
 
   itn      x(1)       norm r    norm Ar  compatible   LS      norm A   cond A
  3920 -1.84514e-01  5.130e-10  2.669e-20   2.8e-12  2.4e-15  2.2e+04  6.4e+03
  3930 -1.84514e-01  5.130e-10  2.651e-20   2.8e-12  2.4e-15  2.2e+04  3.1e+04
  3940 -1.84514e-01  5.130e-10  2.651e-20   2.8e-12  2.4e-15  2.2e+04  2.1e+05
  3950 -1.84514e-01  5.130e-10  2.651e-20   2.8e-12  2.4e-15  2.2e+04  6.7e+04
  3960 -1.84514e-01  5.130e-10  2.651e-20   2.8e-12  2.4e-15  2.2e+04  6.2e+04
  3970 -1.84514e-01  5.130e-10  2.651e-20   2.8e-12  2.3e-15  2.2e+04  6.4e+03
  3980 -1.84514e-01  5.130e-10  2.650e-20   2.8e-12  2.3e-15  2.2e+04  6.4e+03
  3990 -1.84514e-01  5.130e-10  2.650e-20   2.8e-12  2.3e-15  2.2e+04  1.4e+05
  4000 -1.84514e-01  5.130e-10  2.650e-20   2.8e-12  2.3e-15  2.2e+04  3.9e+04
  4010 -1.84514e-01  5.130e-10  2.649e-20   2.8e-12  2.3e-15  2.2e+04  2.8e+04
  4020 -1.84514e-01  5.130e-10  2.649e-20   2.8e-12  2.3e-15  2.2e+04  8.0e+03
  4030 -1.84514e-01  5.130e-10  2.649e-20   2.8e-12  2.3e-15  2.2e+04  8.0e+03
  4040 -1.84514e-01  5.130e-10  2.649e-20   2.8e-12  2.3e-15  2.2e+04  4.0e+05
  4050 -1.84514e-01  5.130e-10  2.649e-20   2.8e-12  2.3e-15  2.2e+04  6.5e+04
  4060 -1.84514e-01  5.130e-10  2.649e-20   2.8e-12  2.3e-15  2.2e+04  3.9e+04
  4070 -1.84514e-01  5.130e-10  2.649e-20   2.8e-12  2.3e-15  2.2e+04  8.0e+04
  4080 -1.84514e-01  5.130e-10  2.649e-20   2.8e-12  2.3e-15  2.2e+04  8.2e+03
  4090 -1.84514e-01  5.130e-10  2.649e-20   2.8e-12  2.3e-15  2.2e+04  5.0e+05
  4100 -1.84514e-01  5.130e-10  2.632e-20   2.8e-12  2.3e-15  2.2e+04  2.9e+04
  4110 -1.84514e-01  5.130e-10  2.632e-20   2.8e-12  2.3e-15  2.2e+04  8.6e+04
 
   itn      x(1)       norm r    norm Ar  compatible   LS      norm A   cond A
  4120 -1.84514e-01  5.130e-10  2.631e-20   2.8e-12  2.3e-15  2.2e+04  2.9e+04
  4130 -1.84514e-01  5.130e-10  2.629e-20   2.8e-12  2.3e-15  2.2e+04  2.9e+04
  4140 -1.84514e-01  5.130e-10  2.629e-20   2.8e-12  2.3e-15  2.2e+04  2.5e+05
  4150 -1.84514e-01  5.130e-10  2.628e-20   2.8e-12  2.3e-15  2.2e+04  2.9e+04
  4160 -1.84514e-01  5.130e-10  2.626e-20   2.8e-12  2.3e-15  2.3e+04  2.9e+04
  4170 -1.84514e-01  5.130e-10  2.615e-20   2.8e-12  2.3e-15  2.3e+04  2.9e+04
  4180 -1.84514e-01  5.130e-10  2.590e-20   2.8e-12  2.2e-15  2.3e+04  2.9e+04
  4190 -1.84514e-01  5.130e-10  2.582e-20   2.8e-12  2.2e-15  2.3e+04  2.9e+04
  4200 -1.84514e-01  5.130e-10  2.581e-20   2.8e-12  2.2e-15  2.3e+04  2.9e+04
  4210 -1.84514e-01  5.130e-10  2.580e-20   2.8e-12  2.2e-15  2.3e+04  2.9e+04
  4220 -1.84514e-01  5.130e-10  2.579e-20   2.8e-12  2.2e-15  2.3e+04  2.9e+04
  4230 -1.84514e-01  5.130e-10  2.576e-20   2.8e-12  2.2e-15  2.3e+04  2.9e+04
  4240 -1.84514e-01  5.130e-10  2.570e-20   2.8e-12  2.2e-15  2.3e+04  2.9e+04
  4250 -1.84514e-01  5.130e-10  2.568e-20   2.8e-12  2.2e-15  2.3e+04  2.9e+04
  4260 -1.84514e-01  5.130e-10  2.432e-20   2.8e-12  2.1e-15  2.3e+04  2.9e+04
  4270 -1.84514e-01  5.130e-10  2.345e-20   2.8e-12  2.0e-15  2.3e+04  2.9e+04
  4280 -1.84514e-01  5.130e-10  2.345e-20   2.8e-12  2.0e-15  2.3e+04  3.0e+04
  4290 -1.84514e-01  5.130e-10  2.259e-20   2.8e-12  1.9e-15  2.3e+04  2.9e+04
  4300 -1.84514e-01  5.130e-10  2.249e-20   2.8e-12  1.9e-15  2.3e+04  2.9e+04
  4310 -1.84514e-01  5.130e-10  2.246e-20   2.8e-12  1.9e-15  2.3e+04  2.9e+04
 
   itn      x(1)       norm r    norm Ar  compatible   LS      norm A   cond A
  4320 -1.84514e-01  5.130e-10  2.073e-20   2.8e-12  1.8e-15  2.3e+04  2.9e+04
  4330 -1.84514e-01  5.130e-10  1.945e-20   2.8e-12  1.6e-15  2.3e+04  2.9e+04
  4340 -1.84514e-01  5.130e-10  1.945e-20   2.8e-12  1.6e-15  2.3e+04  2.9e+04
  4350 -1.84514e-01  5.130e-10  1.945e-20   2.8e-12  1.6e-15  2.3e+04  2.9e+04
  4360 -1.84514e-01  5.130e-10  1.945e-20   2.8e-12  1.6e-15  2.3e+04  2.9e+04
  4370 -1.84514e-01  5.130e-10  1.882e-20   2.8e-12  1.6e-15  2.3e+04  2.9e+04
  4380 -1.84514e-01  5.130e-10  1.880e-20   2.8e-12  1.6e-15  2.3e+04  1.2e+05
  4390 -1.84514e-01  5.130e-10  1.880e-20   2.8e-12  1.6e-15  2.3e+04  4.2e+05
  4400 -1.84514e-01  5.130e-10  1.880e-20   2.8e-12  1.6e-15  2.3e+04  1.2e+06
  4410 -1.84514e-01  5.130e-10  1.880e-20   2.8e-12  1.6e-15  2.3e+04  4.7e+05
  4420 -1.84514e-01  5.130e-10  1.880e-20   2.8e-12  1.6e-15  2.3e+04  2.9e+04
  4430 -1.84514e-01  5.130e-10  1.879e-20   2.8e-12  1.6e-15  2.3e+04  2.9e+04
  4440 -1.84514e-01  5.130e-10  1.879e-20   2.8e-12  1.6e-15  2.3e+04  2.9e+04
  4450 -1.84514e-01  5.130e-10  1.876e-20   2.8e-12  1.6e-15  2.3e+04  2.9e+04
  4460 -1.84514e-01  5.130e-10  1.874e-20   2.8e-12  1.6e-15  2.3e+04  2.9e+04
  4470 -1.84514e-01  5.130e-10  1.630e-20   2.8e-12  1.4e-15  2.3e+04  2.9e+04
  4480 -1.84514e-01  5.130e-10  1.507e-20   2.8e-12  1.3e-15  2.3e+04  2.9e+04
  4490 -1.84514e-01  5.130e-10  1.495e-20   2.8e-12  1.2e-15  2.3e+04  2.9e+04
  4500 -1.84514e-01  5.130e-10  1.491e-20   2.8e-12  1.2e-15  2.3e+04  2.9e+04
  4510 -1.84514e-01  5.130e-10  1.457e-20   2.8e-12  1.2e-15  2.3e+04  2.9e+04
 
   itn      x(1)       norm r    norm Ar  compatible   LS      norm A   cond A
  4520 -1.84514e-01  5.130e-10  1.457e-20   2.8e-12  1.2e-15  2.3e+04  2.9e+04
  4530 -1.84514e-01  5.130e-10  1.457e-20   2.8e-12  1.2e-15  2.4e+04  2.9e+04
  4540 -1.84514e-01  5.130e-10  1.431e-20   2.8e-12  1.2e-15  2.4e+04  2.9e+04
  4550 -1.84514e-01  5.130e-10  1.349e-20   2.8e-12  1.1e-15  2.4e+04  2.9e+04
  4560 -1.84514e-01  5.130e-10  1.342e-20   2.8e-12  1.1e-15  2.4e+04  2.9e+04
  4570 -1.84514e-01  5.130e-10  1.339e-20   2.8e-12  1.1e-15  2.4e+04  2.9e+04
  4580 -1.84514e-01  5.130e-10  1.338e-20   2.8e-12  1.1e-15  2.4e+04  2.9e+04
  4590 -1.84514e-01  5.130e-10  1.337e-20   2.8e-12  1.1e-15  2.4e+04  2.9e+04
  4600 -1.84514e-01  5.130e-10  1.337e-20   2.8e-12  1.1e-15  2.4e+04  3.5e+04
  4610 -1.84514e-01  5.130e-10  1.337e-20   2.8e-12  1.1e-15  2.4e+04  2.9e+04
  4620 -1.84514e-01  5.130e-10  1.336e-20   2.8e-12  1.1e-15  2.4e+04  2.9e+04
  4630 -1.84514e-01  5.130e-10  1.336e-20   2.8e-12  1.1e-15  2.4e+04  2.9e+04
  4640 -1.84514e-01  5.130e-10  1.336e-20   2.8e-12  1.1e-15  2.4e+04  2.9e+04
  4650 -1.84514e-01  5.130e-10  1.336e-20   2.8e-12  1.1e-15  2.4e+04  3.7e+05
  4660 -1.84514e-01  5.130e-10  1.336e-20   2.8e-12  1.1e-15  2.4e+04  9.4e+04
  4670 -1.84514e-01  5.130e-10  1.336e-20   2.8e-12  1.1e-15  2.4e+04  2.9e+04
  4680 -1.84514e-01  5.130e-10  1.336e-20   2.8e-12  1.1e-15  2.4e+04  2.9e+04
  4690 -1.84514e-01  5.130e-10  1.336e-20   2.8e-12  1.1e-15  2.4e+04  8.5e+04
  4700 -1.84514e-01  5.130e-10  1.336e-20   2.8e-12  1.1e-15  2.4e+04  8.5e+05
  4710 -1.84514e-01  5.130e-10  1.336e-20   2.8e-12  1.1e-15  2.4e+04  2.9e+04
 
   itn      x(1)       norm r    norm Ar  compatible   LS      norm A   cond A
  4720 -1.84514e-01  5.130e-10  1.336e-20   2.8e-12  1.1e-15  2.4e+04  2.9e+04
  4730 -1.84514e-01  5.130e-10  1.336e-20   2.8e-12  1.1e-15  2.4e+04  5.6e+05
  4740 -1.84514e-01  5.130e-10  1.336e-20   2.8e-12  1.1e-15  2.4e+04  3.1e+04
  4750 -1.84514e-01  5.130e-10  1.336e-20   2.8e-12  1.1e-15  2.4e+04  2.9e+04
  4760 -1.84514e-01  5.130e-10  1.336e-20   2.8e-12  1.1e-15  2.4e+04  1.6e+05
  4770 -1.84514e-01  5.130e-10  1.336e-20   2.8e-12  1.1e-15  2.4e+04  2.9e+04
  4780 -1.84514e-01  5.130e-10  1.336e-20   2.8e-12  1.1e-15  2.4e+04  2.9e+04
  4790 -1.84514e-01  5.130e-10  1.336e-20   2.8e-12  1.1e-15  2.4e+04  2.9e+04
  4800 -1.84514e-01  5.130e-10  1.335e-20   2.8e-12  1.1e-15  2.4e+04  2.9e+04
  4810 -1.84514e-01  5.130e-10  1.329e-20   2.8e-12  1.1e-15  2.4e+04  2.9e+04
  4820 -1.84514e-01  5.130e-10  1.329e-20   2.8e-12  1.1e-15  2.4e+04  2.9e+04
  4830 -1.84514e-01  5.130e-10  1.329e-20   2.8e-12  1.1e-15  2.4e+04  5.0e+04
  4840 -1.84514e-01  5.130e-10  1.329e-20   2.8e-12  1.1e-15  2.4e+04  3.1e+04
  4850 -1.84514e-01  5.130e-10  1.329e-20   2.8e-12  1.1e-15  2.4e+04  2.9e+04
  4860 -1.84514e-01  5.130e-10  1.320e-20   2.8e-12  1.1e-15  2.4e+04  2.9e+04
  4870 -1.84514e-01  5.130e-10  1.309e-20   2.8e-12  1.0e-15  2.4e+04  2.9e+04
  4880 -1.84514e-01  5.130e-10  1.308e-20   2.8e-12  1.0e-15  2.4e+04  4.7e+04
  4890 -1.84514e-01  5.130e-10  1.308e-20   2.8e-12  1.0e-15  2.4e+04  2.9e+04
  4900 -1.84514e-01  5.130e-10  1.260e-20   2.8e-12  1.0e-15  2.4e+04  2.9e+04
  4910 -1.84514e-01  5.130e-10  1.827e-21   2.8e-12  1.5e-16  2.4e+04  2.9e+04
 
   itn      x(1)       norm r    norm Ar  compatible   LS      norm A   cond A
  4917 -1.84514e-01  5.130e-10  6.006e-22   2.8e-12  4.8e-17  2.4e+04  2.9e+04
 
LSMR finished
The least-squares solution is good enough, given atol     
istop =       2    normr = 5.1e-10
    normA = 2.4e+04    normAr = 6.0e-22
itn   =    4917    condA = 2.9e+04
    normx = 7.8e-01
  4917 -1.84514e-01   5.130e-10  6.006e-22
   2.8e-12  4.8e-17   2.4e+04  2.9e+04
loss = 2.6313474341169584e-19
