OS                           : Linux-5.14.21-150400.24.81_12.0.87-cray_shasta_c-x86_64-with-glibc2.31
Python Version               : 3.9.19
CuPy Version                 : 13.0.0
CuPy Platform                : NVIDIA CUDA
NumPy Version                : 1.26.4
SciPy Version                : 1.13.0
Cython Build Version         : 0.29.36
Cython Runtime Version       : None
CUDA Root                    : /opt/nvidia/hpc_sdk/Linux_x86_64/23.9/cuda/12.2
nvcc PATH                    : /opt/nvidia/hpc_sdk/Linux_x86_64/23.9/cuda/12.2/bin/nvcc
CUDA Build Version           : 12020
CUDA Driver Version          : 12020
CUDA Runtime Version         : 12020 (linked to CuPy) / 12020 (locally installed)
cuBLAS Version               : (available)
cuFFT Version                : 11008
cuRAND Version               : 10303
cuSOLVER Version             : (11, 5, 0)
cuSPARSE Version             : (available)
NVRTC Version                : (12, 2)
Thrust Version               : 200200
CUB Build Version            : 200200
Jitify Build Version         : <unknown>
cuDNN Build Version          : 8801
cuDNN Version                : 8903
NCCL Build Version           : None
NCCL Runtime Version         : None
cuTENSOR Version             : None
cuSPARSELt Build Version     : None
Device 0 Name                : NVIDIA A100-SXM4-40GB
Device 0 Compute Capability  : 80
Device 0 PCI Bus ID          : 0000:82:00.0
None
Sizes of ptrain and pdot:
[(80000, 11, 11), (80000, 11, 11)]
Loss at truetheta:
1.078193876769116e-18
len(theta) = 2211
len(jac) = 9680000
 
LSMR            Least-squares solution of  Ax = b

The matrix A has 19360000 rows and 2211 columns
damp = 0.00000000000000e+00

atol = 1.00e-16                 conlim = 1.00e+08

btol = 1.00e-16             maxiter =   200000

 
   itn      x(1)       norm r    norm Ar  compatible   LS      norm A   cond A
     0  0.00000e+00  3.349e+02  1.739e+05   1.0e+00  1.6e+00
     1 -2.17809e-03  1.479e+02  5.838e+04   4.4e-01  6.9e-01  5.8e+02  1.0e+00
     2 -3.66532e-03  8.150e+01  2.206e+04   2.4e-01  3.4e-01  8.0e+02  1.3e+00
     3 -4.18901e-03  6.662e+01  8.732e+03   2.0e-01  1.3e-01  9.9e+02  1.2e+00
     4 -4.12797e-03  6.158e+01  6.489e+03   1.8e-01  1.0e-01  1.1e+03  2.1e+00
     5 -3.85414e-03  5.676e+01  5.094e+03   1.7e-01  7.7e-02  1.2e+03  2.4e+00
     6 -3.42451e-03  5.259e+01  4.070e+03   1.6e-01  6.0e-02  1.3e+03  2.5e+00
     7 -3.04401e-03  4.958e+01  3.460e+03   1.5e-01  5.1e-02  1.4e+03  2.7e+00
     8 -2.69706e-03  4.640e+01  2.984e+03   1.4e-01  4.4e-02  1.5e+03  3.3e+00
     9 -2.46709e-03  4.385e+01  2.686e+03   1.3e-01  4.0e-02  1.5e+03  3.5e+00
    10 -2.05204e-03  3.986e+01  2.248e+03   1.2e-01  3.4e-02  1.6e+03  3.4e+00
    20  1.54557e-03  2.259e+01  8.282e+02   6.7e-02  1.6e-02  2.3e+03  3.8e+00
    30  2.87873e-03  1.402e+01  4.268e+02   4.2e-02  1.1e-02  2.8e+03  4.3e+00
    40  3.20130e-03  8.481e+00  2.394e+02   2.5e-02  8.9e-03  3.2e+03  6.4e+00
    50  3.05217e-03  4.563e+00  1.230e+02   1.4e-02  7.6e-03  3.5e+03  5.9e+00
    60  2.17045e-03  2.824e+00  6.896e+01   8.4e-03  6.3e-03  3.9e+03  4.5e+00
    70  2.76760e-05  1.809e+00  4.105e+01   5.4e-03  5.5e-03  4.1e+03  7.7e+00
    80 -2.90041e-03  1.166e+00  2.415e+01   3.5e-03  4.7e-03  4.4e+03  5.8e+00
    90 -6.18975e-03  7.583e-01  1.442e+01   2.3e-03  4.1e-03  4.6e+03  6.6e+00
   100 -8.76129e-03  5.166e-01  9.857e+00   1.5e-03  4.0e-03  4.8e+03  5.7e+00
   110 -1.12890e-02  2.814e-01  6.256e+00   8.4e-04  4.4e-03  5.1e+03  4.6e+00
 
   itn      x(1)       norm r    norm Ar  compatible   LS      norm A   cond A
   120 -1.28896e-02  1.198e-01  3.285e+00   3.6e-04  5.2e-03  5.3e+03  4.5e+00
   130 -1.33727e-02  5.441e-02  1.402e+00   1.6e-04  4.7e-03  5.5e+03  4.3e+00
   140 -1.33527e-02  3.888e-02  7.669e-01   1.2e-04  3.4e-03  5.7e+03  5.6e+00
   150 -1.32222e-02  3.016e-02  5.045e-01   9.0e-05  2.8e-03  5.9e+03  5.8e+00
   160 -1.30098e-02  2.092e-02  3.633e-01   6.2e-05  2.8e-03  6.1e+03  9.9e+00
   170 -1.27464e-02  1.037e-02  2.192e-01   3.1e-05  3.4e-03  6.3e+03  6.9e+00
   180 -1.25951e-02  4.133e-03  1.092e-01   1.2e-05  4.1e-03  6.5e+03  4.4e+00
   190 -1.25453e-02  1.776e-03  4.304e-02   5.3e-06  3.7e-03  6.6e+03  7.0e+00
   200 -1.25389e-02  1.253e-03  2.385e-02   3.7e-06  2.8e-03  6.8e+03  6.0e+00
   210 -1.25384e-02  9.324e-04  1.583e-02   2.8e-06  2.4e-03  6.9e+03  4.7e+00
   220 -1.25394e-02  6.188e-04  1.108e-02   1.8e-06  2.5e-03  7.1e+03  1.1e+01
   230 -1.25411e-02  2.937e-04  6.489e-03   8.8e-07  3.0e-03  7.3e+03  4.9e+00
   240 -1.25423e-02  1.185e-04  3.165e-03   3.5e-07  3.6e-03  7.4e+03  5.3e+00
   250 -1.25429e-02  5.903e-05  1.513e-03   1.8e-07  3.4e-03  7.6e+03  5.6e+00
   260 -1.25432e-02  3.749e-05  8.108e-04   1.1e-07  2.8e-03  7.7e+03  7.3e+00
   270 -1.25434e-02  2.637e-05  4.930e-04   7.9e-08  2.4e-03  7.9e+03  6.7e+00
   280 -1.25437e-02  1.792e-05  3.293e-04   5.4e-08  2.3e-03  8.0e+03  8.9e+00
   290 -1.25439e-02  1.039e-05  2.139e-04   3.1e-08  2.5e-03  8.2e+03  8.1e+00
   300 -1.25440e-02  4.400e-06  1.096e-04   1.3e-08  3.0e-03  8.3e+03  5.9e+00
   310 -1.25441e-02  2.115e-06  4.989e-05   6.3e-09  2.8e-03  8.4e+03  7.5e+00
 
   itn      x(1)       norm r    norm Ar  compatible   LS      norm A   cond A
   320 -1.25441e-02  1.453e-06  2.826e-05   4.3e-09  2.3e-03  8.6e+03  6.1e+00
   330 -1.25441e-02  1.116e-06  1.997e-05   3.3e-09  2.1e-03  8.7e+03  6.6e+00
   340 -1.25441e-02  7.309e-07  1.344e-05   2.2e-09  2.1e-03  8.8e+03  5.9e+00
   350 -1.25441e-02  3.737e-07  8.079e-06   1.1e-09  2.4e-03  9.0e+03  6.7e+00
   360 -1.25441e-02  1.632e-07  3.969e-06   4.9e-10  2.7e-03  9.1e+03  7.3e+00
   370 -1.25441e-02  9.244e-08  2.019e-06   2.8e-10  2.4e-03  9.2e+03  5.8e+00
   380 -1.25441e-02  6.435e-08  1.223e-06   1.9e-10  2.0e-03  9.3e+03  5.1e+00
   390 -1.25441e-02  4.499e-08  8.143e-07   1.3e-10  1.9e-03  9.4e+03  6.9e+00
   400 -1.25441e-02  2.909e-08  5.645e-07   8.7e-11  2.0e-03  9.6e+03  6.7e+00
   410 -1.25441e-02  1.363e-08  3.144e-07   4.1e-11  2.4e-03  9.7e+03  7.3e+00
   420 -1.25441e-02  6.829e-09  1.608e-07   2.0e-11  2.4e-03  9.8e+03  7.7e+00
   430 -1.25441e-02  4.373e-09  8.250e-08   1.3e-11  1.9e-03  9.9e+03  6.2e+00
   440 -1.25441e-02  3.312e-09  5.375e-08   9.9e-12  1.6e-03  1.0e+04  1.2e+01
   450 -1.25441e-02  2.332e-09  3.820e-08   7.0e-12  1.6e-03  1.0e+04  7.2e+00
   460 -1.25441e-02  1.397e-09  2.266e-08   4.2e-12  1.6e-03  1.0e+04  8.5e+00
   470 -1.25441e-02  1.037e-09  1.106e-08   3.1e-12  1.0e-03  1.0e+04  7.2e+00
   480 -1.25441e-02  9.752e-10  5.314e-09   2.9e-12  5.2e-04  1.0e+04  8.2e+00
   490 -1.25441e-02  9.615e-10  2.835e-09   2.9e-12  2.8e-04  1.1e+04  5.7e+00
   500 -1.25441e-02  9.561e-10  2.034e-09   2.9e-12  2.0e-04  1.1e+04  8.1e+00
   510 -1.25441e-02  9.512e-10  1.253e-09   2.8e-12  1.2e-04  1.1e+04  8.8e+00
 
   itn      x(1)       norm r    norm Ar  compatible   LS      norm A   cond A
   520 -1.25441e-02  9.496e-10  6.736e-10   2.8e-12  6.5e-05  1.1e+04  7.3e+00
   530 -1.25441e-02  9.493e-10  2.884e-10   2.8e-12  2.8e-05  1.1e+04  5.6e+00
   540 -1.25441e-02  9.492e-10  1.186e-10   2.8e-12  1.1e-05  1.1e+04  7.0e+00
   550 -1.25441e-02  9.492e-10  4.760e-11   2.8e-12  4.5e-06  1.1e+04  4.2e+00
   560 -1.25441e-02  9.492e-10  2.208e-11   2.8e-12  2.1e-06  1.1e+04  5.8e+00
   570 -1.25441e-02  9.492e-10  1.120e-11   2.8e-12  1.0e-06  1.1e+04  5.2e+00
   580 -1.25441e-02  9.492e-10  7.663e-12   2.8e-12  7.0e-07  1.2e+04  1.1e+01
   590 -1.25441e-02  9.492e-10  5.575e-12   2.8e-12  5.1e-07  1.2e+04  8.3e+00
   600 -1.25441e-02  9.492e-10  3.213e-12   2.8e-12  2.9e-07  1.2e+04  4.8e+00
   610 -1.25441e-02  9.492e-10  1.589e-12   2.8e-12  1.4e-07  1.2e+04  5.8e+00
   620 -1.25441e-02  9.492e-10  6.640e-13   2.8e-12  5.9e-08  1.2e+04  5.2e+00
   630 -1.25441e-02  9.492e-10  2.748e-13   2.8e-12  2.4e-08  1.2e+04  5.1e+00
   640 -1.25441e-02  9.492e-10  1.126e-13   2.8e-12  9.8e-09  1.2e+04  4.7e+00
   650 -1.25441e-02  9.492e-10  4.584e-14   2.8e-12  4.0e-09  1.2e+04  6.0e+00
   660 -1.25441e-02  9.492e-10  1.742e-14   2.8e-12  1.5e-09  1.2e+04  4.2e+00
   670 -1.25441e-02  9.492e-10  7.162e-15   2.8e-12  6.1e-10  1.2e+04  4.5e+00
   680 -1.25441e-02  9.492e-10  2.762e-15   2.8e-12  2.3e-10  1.2e+04  4.2e+00
   690 -1.25441e-02  9.492e-10  1.154e-15   2.8e-12  9.7e-11  1.3e+04  5.5e+00
   700 -1.25441e-02  9.492e-10  4.425e-16   2.8e-12  3.7e-11  1.3e+04  4.2e+00
   710 -1.25441e-02  9.492e-10  1.830e-16   2.8e-12  1.5e-11  1.3e+04  4.2e+00
 
   itn      x(1)       norm r    norm Ar  compatible   LS      norm A   cond A
   720 -1.25441e-02  9.492e-10  6.971e-17   2.8e-12  5.7e-12  1.3e+04  6.5e+00
   730 -1.25441e-02  9.492e-10  2.448e-17   2.8e-12  2.0e-12  1.3e+04  6.2e+00
   740 -1.25441e-02  9.492e-10  8.900e-18   2.8e-12  7.2e-13  1.3e+04  4.2e+00
   750 -1.25441e-02  9.492e-10  3.376e-18   2.8e-12  2.7e-13  1.3e+04  4.2e+00
   760 -1.25441e-02  9.492e-10  1.528e-18   2.8e-12  1.2e-13  1.3e+04  4.2e+00
   770 -1.25441e-02  9.492e-10  6.107e-19   2.8e-12  4.8e-14  1.3e+04  4.2e+00
   780 -1.25441e-02  9.492e-10  2.235e-19   2.8e-12  1.8e-14  1.3e+04  4.2e+00
   790 -1.25441e-02  9.492e-10  7.811e-20   2.8e-12  6.1e-15  1.3e+04  4.2e+00
   800 -1.25441e-02  9.492e-10  2.872e-20   2.8e-12  2.2e-15  1.4e+04  4.2e+00
   810 -1.25441e-02  9.492e-10  1.149e-20   2.8e-12  8.9e-16  1.4e+04  4.2e+00
   820 -1.25441e-02  9.492e-10  3.979e-21   2.8e-12  3.1e-16  1.4e+04  7.1e+00
   830 -1.25441e-02  9.492e-10  1.542e-21   2.8e-12  1.2e-16  1.4e+04  4.5e+00
   831 -1.25441e-02  9.492e-10  1.405e-21   2.8e-12  1.1e-16  1.4e+04  4.2e+00
 
LSMR finished
The least-squares solution is good enough for this machine
istop =       5    normr = 9.5e-10
    normA = 1.4e+04    normAr = 1.4e-21
itn   =     831    condA = 4.2e+00
    normx = 1.5e+00
   831 -1.25441e-02   9.492e-10  1.405e-21
   2.8e-12  1.1e-16   1.4e+04  4.2e+00
loss = 9.010085890331515e-19
